<?xml version="1.0" ?>
<!DOCTYPE coverage SYSTEM "http://cobertura.sourceforge.net/xml/coverage-04.dtd">
<coverage lines-valid="995" lines-covered="978" line-rate="0.9829000000000001" branches-valid="956" branches-covered="928" branch-rate="0.9706999999999999" timestamp="1619625000535" complexity="0" version="0.1">
  <sources>
    <source>/home/runner/work/ical-generator/ical-generator</source>
  </sources>
  <packages>
    <class name="alarm.ts" filename="src/alarm.ts" line-rate="0.9922" branch-rate="0.9926">
      <methods>
        <method name="(anonymous_0)" hits="1" signature="()V">
          <lines>
            <line number="16" hits="1"/>
          </lines>
        </method>
        <method name="(anonymous_1)" hits="59" signature="()V">
          <lines>
            <line number="90" hits="59"/>
          </lines>
        </method>
        <method name="(anonymous_2)" hits="30" signature="()V">
          <lines>
            <line number="130" hits="30"/>
          </lines>
        </method>
        <method name="(anonymous_3)" hits="71" signature="()V">
          <lines>
            <line number="178" hits="71"/>
          </lines>
        </method>
        <method name="(anonymous_4)" hits="12" signature="()V">
          <lines>
            <line number="239" hits="12"/>
          </lines>
        </method>
        <method name="(anonymous_5)" hits="16" signature="()V">
          <lines>
            <line number="280" hits="16"/>
          </lines>
        </method>
        <method name="(anonymous_6)" hits="15" signature="()V">
          <lines>
            <line number="312" hits="15"/>
          </lines>
        </method>
        <method name="(anonymous_7)" hits="15" signature="()V">
          <lines>
            <line number="353" hits="15"/>
          </lines>
        </method>
        <method name="(anonymous_8)" hits="16" signature="()V">
          <lines>
            <line number="402" hits="16"/>
          </lines>
        </method>
        <method name="(anonymous_9)" hits="10" signature="()V">
          <lines>
            <line number="458" hits="10"/>
          </lines>
        </method>
        <method name="(anonymous_10)" hits="4" signature="()V">
          <lines>
            <line number="516" hits="4"/>
          </lines>
        </method>
        <method name="(anonymous_11)" hits="2" signature="()V">
          <lines>
            <line number="542" hits="2"/>
          </lines>
        </method>
        <method name="(anonymous_12)" hits="22" signature="()V">
          <lines>
            <line number="559" hits="22"/>
          </lines>
        </method>
      </methods>
      <lines>
        <line number="4" hits="1" branch="false"/>
        <line number="16" hits="1" branch="true" condition-coverage="100% (2/2)"/>
        <line number="17" hits="1" branch="false"/>
        <line number="18" hits="1" branch="false"/>
        <line number="79" hits="1" branch="false"/>
        <line number="91" hits="59" branch="false"/>
        <line number="101" hits="59" branch="false"/>
        <line number="102" hits="59" branch="true" condition-coverage="100% (2/2)"/>
        <line number="103" hits="1" branch="false"/>
        <line number="106" hits="58" branch="true" condition-coverage="100% (2/2)"/>
        <line number="107" hits="58" branch="true" condition-coverage="100% (2/2)"/>
        <line number="108" hits="58" branch="true" condition-coverage="100% (2/2)"/>
        <line number="109" hits="58" branch="true" condition-coverage="100% (2/2)"/>
        <line number="110" hits="58" branch="true" condition-coverage="100% (2/2)"/>
        <line number="111" hits="58" branch="true" condition-coverage="100% (2/2)"/>
        <line number="112" hits="58" branch="true" condition-coverage="100% (2/2)"/>
        <line number="113" hits="58" branch="true" condition-coverage="100% (2/2)"/>
        <line number="114" hits="58" branch="true" condition-coverage="100% (2/2)"/>
        <line number="131" hits="30" branch="true" condition-coverage="100% (2/2)"/>
        <line number="132" hits="5" branch="false"/>
        <line number="134" hits="25" branch="true" condition-coverage="100% (2/2)"/>
        <line number="135" hits="3" branch="false"/>
        <line number="136" hits="3" branch="false"/>
        <line number="139" hits="22" branch="true" condition-coverage="100% (2/2)"/>
        <line number="140" hits="1" branch="false"/>
        <line number="143" hits="21" branch="false"/>
        <line number="144" hits="21" branch="false"/>
        <line number="181" hits="71" branch="true" condition-coverage="100% (4/4)"/>
        <line number="182" hits="7" branch="false"/>
        <line number="184" hits="64" branch="true" condition-coverage="100% (4/4)"/>
        <line number="185" hits="6" branch="false"/>
        <line number="187" hits="58" branch="true" condition-coverage="100% (2/2)"/>
        <line number="188" hits="7" branch="false"/>
        <line number="192" hits="51" branch="true" condition-coverage="100% (2/2)"/>
        <line number="193" hits="7" branch="false"/>
        <line number="195" hits="44" branch="true" condition-coverage="100% (4/4)"/>
        <line number="196" hits="26" branch="false"/>
        <line number="198" hits="18" branch="true" condition-coverage="100% (2/2)"/>
        <line number="199" hits="3" branch="false"/>
        <line number="202" hits="15" branch="false"/>
        <line number="205" hits="42" branch="false"/>
        <line number="240" hits="12" branch="true" condition-coverage="100% (2/2)"/>
        <line number="241" hits="4" branch="false"/>
        <line number="244" hits="8" branch="true" condition-coverage="100% (2/2)"/>
        <line number="281" hits="16" branch="true" condition-coverage="100% (2/2)"/>
        <line number="282" hits="4" branch="false"/>
        <line number="285" hits="12" branch="false"/>
        <line number="313" hits="15" branch="true" condition-coverage="100% (2/2)"/>
        <line number="314" hits="3" branch="false"/>
        <line number="316" hits="12" branch="true" condition-coverage="100% (2/2)"/>
        <line number="317" hits="3" branch="false"/>
        <line number="318" hits="3" branch="false"/>
        <line number="321" hits="9" branch="true" condition-coverage="100% (4/4)"/>
        <line number="322" hits="3" branch="false"/>
        <line number="325" hits="6" branch="false"/>
        <line number="326" hits="6" branch="false"/>
        <line number="354" hits="15" branch="true" condition-coverage="100% (2/2)"/>
        <line number="355" hits="3" branch="true" condition-coverage="100% (2/2)"/>
        <line number="357" hits="12" branch="true" condition-coverage="100% (2/2)"/>
        <line number="358" hits="3" branch="false"/>
        <line number="359" hits="3" branch="false"/>
        <line number="362" hits="9" branch="true" condition-coverage="100% (4/4)"/>
        <line number="363" hits="3" branch="false"/>
        <line number="366" hits="6" branch="false"/>
        <line number="367" hits="6" branch="false"/>
        <line number="403" hits="16" branch="true" condition-coverage="100% (2/2)"/>
        <line number="404" hits="5" branch="false"/>
        <line number="406" hits="11" branch="true" condition-coverage="100% (2/2)"/>
        <line number="407" hits="3" branch="false"/>
        <line number="408" hits="3" branch="false"/>
        <line number="411" hits="8" branch="false"/>
        <line number="412" hits="8" branch="true" condition-coverage="100% (2/2)"/>
        <line number="413" hits="3" branch="false"/>
        <line number="418" hits="5" branch="true" condition-coverage="100% (2/2)"/>
        <line number="419" hits="4" branch="false"/>
        <line number="425" hits="1" branch="false"/>
        <line number="431" hits="7" branch="true" condition-coverage="100% (2/2)"/>
        <line number="432" hits="1" branch="false"/>
        <line number="435" hits="6" branch="false"/>
        <line number="439" hits="6" branch="false"/>
        <line number="459" hits="10" branch="true" condition-coverage="100% (2/2)"/>
        <line number="460" hits="3" branch="false"/>
        <line number="462" hits="7" branch="true" condition-coverage="100% (2/2)"/>
        <line number="463" hits="3" branch="false"/>
        <line number="464" hits="3" branch="false"/>
        <line number="467" hits="4" branch="false"/>
        <line number="468" hits="4" branch="false"/>
        <line number="517" hits="4" branch="true" condition-coverage="100% (2/2)"/>
        <line number="518" hits="2" branch="false"/>
        <line number="521" hits="2" branch="true" condition-coverage="100% (4/4)"/>
        <line number="522" hits="1" branch="false"/>
        <line number="524" hits="1" branch="true" condition-coverage="50% (1/2)"/>
        <line number="525" hits="1" branch="false"/>
        <line number="528" hits="0" branch="false"/>
        <line number="531" hits="2" branch="false"/>
        <line number="543" hits="2" branch="false"/>
        <line number="544" hits="2" branch="false"/>
        <line number="560" hits="22" branch="false"/>
        <line number="562" hits="22" branch="true" condition-coverage="100% (2/2)"/>
        <line number="563" hits="1" branch="false"/>
        <line number="565" hits="21" branch="true" condition-coverage="100% (2/2)"/>
        <line number="566" hits="1" branch="false"/>
        <line number="570" hits="20" branch="false"/>
        <line number="572" hits="20" branch="true" condition-coverage="100% (4/4)"/>
        <line number="573" hits="1" branch="false"/>
        <line number="575" hits="19" branch="true" condition-coverage="100% (2/2)"/>
        <line number="576" hits="16" branch="false"/>
        <line number="579" hits="3" branch="false"/>
        <line number="583" hits="20" branch="true" condition-coverage="100% (4/4)"/>
        <line number="584" hits="1" branch="false"/>
        <line number="586" hits="19" branch="true" condition-coverage="100% (2/2)"/>
        <line number="587" hits="4" branch="false"/>
        <line number="591" hits="19" branch="true" condition-coverage="100% (4/4)"/>
        <line number="592" hits="1" branch="false"/>
        <line number="594" hits="18" branch="true" condition-coverage="100% (2/2)"/>
        <line number="595" hits="4" branch="false"/>
        <line number="599" hits="18" branch="true" condition-coverage="100% (5/5)"/>
        <line number="600" hits="1" branch="false"/>
        <line number="602" hits="17" branch="true" condition-coverage="100% (4/4)"/>
        <line number="603" hits="1" branch="false"/>
        <line number="605" hits="16" branch="true" condition-coverage="100% (2/2)"/>
        <line number="606" hits="1" branch="false"/>
        <line number="610" hits="18" branch="true" condition-coverage="100% (4/4)"/>
        <line number="611" hits="3" branch="false"/>
        <line number="613" hits="15" branch="true" condition-coverage="100% (2/2)"/>
        <line number="614" hits="12" branch="false"/>
        <line number="618" hits="18" branch="false"/>
        <line number="620" hits="18" branch="false"/>
        <line number="621" hits="18" branch="false"/>
      </lines>
    </class>
    <class name="attendee.ts" filename="src/attendee.ts" line-rate="0.9779000000000001" branch-rate="0.95">
      <methods>
        <method name="(anonymous_0)" hits="1" signature="()V">
          <lines>
            <line number="49" hits="1"/>
          </lines>
        </method>
        <method name="(anonymous_1)" hits="1" signature="()V">
          <lines>
            <line number="56" hits="1"/>
          </lines>
        </method>
        <method name="(anonymous_2)" hits="1" signature="()V">
          <lines>
            <line number="65" hits="1"/>
          </lines>
        </method>
        <method name="(anonymous_3)" hits="70" signature="()V">
          <lines>
            <line number="103" hits="70"/>
          </lines>
        </method>
        <method name="(anonymous_4)" hits="36" signature="()V">
          <lines>
            <line number="147" hits="36"/>
          </lines>
        </method>
        <method name="(anonymous_5)" hits="39" signature="()V">
          <lines>
            <line number="168" hits="39"/>
          </lines>
        </method>
        <method name="(anonymous_6)" hits="8" signature="()V">
          <lines>
            <line number="188" hits="8"/>
          </lines>
        </method>
        <method name="(anonymous_7)" hits="10" signature="()V">
          <lines>
            <line number="211" hits="10"/>
          </lines>
        </method>
        <method name="(anonymous_8)" hits="16" signature="()V">
          <lines>
            <line number="232" hits="16"/>
          </lines>
        </method>
        <method name="(anonymous_9)" hits="15" signature="()V">
          <lines>
            <line number="259" hits="15"/>
          </lines>
        </method>
        <method name="(anonymous_10)" hits="13" signature="()V">
          <lines>
            <line number="286" hits="13"/>
          </lines>
        </method>
        <method name="(anonymous_11)" hits="18" signature="()V">
          <lines>
            <line number="326" hits="18"/>
          </lines>
        </method>
        <method name="(anonymous_12)" hits="18" signature="()V">
          <lines>
            <line number="372" hits="18"/>
          </lines>
        </method>
        <method name="(anonymous_13)" hits="5" signature="()V">
          <lines>
            <line number="412" hits="5"/>
          </lines>
        </method>
        <method name="(anonymous_14)" hits="3" signature="()V">
          <lines>
            <line number="435" hits="3"/>
          </lines>
        </method>
        <method name="(anonymous_15)" hits="6" signature="()V">
          <lines>
            <line number="486" hits="6"/>
          </lines>
        </method>
        <method name="(anonymous_16)" hits="3" signature="()V">
          <lines>
            <line number="511" hits="3"/>
          </lines>
        </method>
        <method name="(anonymous_17)" hits="20" signature="()V">
          <lines>
            <line number="527" hits="20"/>
          </lines>
        </method>
        <method name="(anonymous_18)" hits="1" signature="()V">
          <lines>
            <line number="575" hits="1"/>
          </lines>
        </method>
      </methods>
      <lines>
        <line number="4" hits="1" branch="false"/>
        <line number="49" hits="1" branch="true" condition-coverage="100% (2/2)"/>
        <line number="50" hits="1" branch="false"/>
        <line number="51" hits="1" branch="false"/>
        <line number="52" hits="1" branch="false"/>
        <line number="53" hits="1" branch="false"/>
        <line number="56" hits="1" branch="true" condition-coverage="100% (2/2)"/>
        <line number="57" hits="1" branch="false"/>
        <line number="58" hits="1" branch="false"/>
        <line number="59" hits="1" branch="false"/>
        <line number="60" hits="1" branch="false"/>
        <line number="61" hits="1" branch="false"/>
        <line number="65" hits="1" branch="true" condition-coverage="100% (2/2)"/>
        <line number="66" hits="1" branch="false"/>
        <line number="67" hits="1" branch="false"/>
        <line number="68" hits="1" branch="false"/>
        <line number="69" hits="1" branch="false"/>
        <line number="70" hits="1" branch="false"/>
        <line number="92" hits="1" branch="false"/>
        <line number="104" hits="70" branch="false"/>
        <line number="116" hits="70" branch="false"/>
        <line number="117" hits="70" branch="true" condition-coverage="100% (2/2)"/>
        <line number="118" hits="1" branch="false"/>
        <line number="121" hits="69" branch="true" condition-coverage="100% (2/2)"/>
        <line number="122" hits="69" branch="true" condition-coverage="100% (2/2)"/>
        <line number="123" hits="69" branch="true" condition-coverage="100% (2/2)"/>
        <line number="124" hits="69" branch="true" condition-coverage="100% (2/2)"/>
        <line number="125" hits="69" branch="true" condition-coverage="100% (2/2)"/>
        <line number="126" hits="69" branch="true" condition-coverage="100% (2/2)"/>
        <line number="127" hits="69" branch="true" condition-coverage="100% (2/2)"/>
        <line number="128" hits="69" branch="true" condition-coverage="100% (2/2)"/>
        <line number="129" hits="69" branch="true" condition-coverage="100% (2/2)"/>
        <line number="130" hits="69" branch="true" condition-coverage="100% (2/2)"/>
        <line number="131" hits="69" branch="true" condition-coverage="50% (1/2)"/>
        <line number="132" hits="69" branch="true" condition-coverage="100% (2/2)"/>
        <line number="148" hits="36" branch="true" condition-coverage="100% (2/2)"/>
        <line number="149" hits="8" branch="false"/>
        <line number="152" hits="28" branch="true" condition-coverage="100% (2/2)"/>
        <line number="153" hits="28" branch="false"/>
        <line number="169" hits="39" branch="true" condition-coverage="100% (2/2)"/>
        <line number="170" hits="13" branch="false"/>
        <line number="173" hits="26" branch="false"/>
        <line number="174" hits="26" branch="false"/>
        <line number="189" hits="8" branch="true" condition-coverage="100% (2/2)"/>
        <line number="190" hits="2" branch="false"/>
        <line number="193" hits="6" branch="true" condition-coverage="100% (2/2)"/>
        <line number="194" hits="6" branch="false"/>
        <line number="212" hits="10" branch="true" condition-coverage="100% (2/2)"/>
        <line number="213" hits="1" branch="false"/>
        <line number="216" hits="9" branch="false"/>
        <line number="217" hits="7" branch="false"/>
        <line number="233" hits="16" branch="true" condition-coverage="100% (2/2)"/>
        <line number="234" hits="5" branch="false"/>
        <line number="236" hits="11" branch="true" condition-coverage="100% (2/2)"/>
        <line number="237" hits="3" branch="false"/>
        <line number="238" hits="3" branch="false"/>
        <line number="241" hits="8" branch="false"/>
        <line number="242" hits="8" branch="false"/>
        <line number="260" hits="15" branch="true" condition-coverage="100% (2/2)"/>
        <line number="261" hits="3" branch="false"/>
        <line number="263" hits="12" branch="true" condition-coverage="100% (2/2)"/>
        <line number="264" hits="3" branch="false"/>
        <line number="265" hits="3" branch="false"/>
        <line number="268" hits="9" branch="false"/>
        <line number="269" hits="8" branch="false"/>
        <line number="287" hits="13" branch="true" condition-coverage="100% (2/2)"/>
        <line number="288" hits="3" branch="false"/>
        <line number="290" hits="10" branch="true" condition-coverage="100% (2/2)"/>
        <line number="291" hits="3" branch="false"/>
        <line number="292" hits="3" branch="false"/>
        <line number="295" hits="7" branch="false"/>
        <line number="296" hits="6" branch="false"/>
        <line number="327" hits="18" branch="true" condition-coverage="100% (2/2)"/>
        <line number="328" hits="3" branch="false"/>
        <line number="330" hits="15" branch="true" condition-coverage="100% (2/2)"/>
        <line number="331" hits="4" branch="false"/>
        <line number="332" hits="4" branch="true" condition-coverage="100% (2/2)"/>
        <line number="333" hits="1" branch="false"/>
        <line number="335" hits="4" branch="false"/>
        <line number="338" hits="11" branch="true" condition-coverage="100% (2/2)"/>
        <line number="339" hits="3" branch="false"/>
        <line number="344" hits="8" branch="true" condition-coverage="50% (1/2)"/>
        <line number="345" hits="8" branch="false"/>
        <line number="348" hits="0" branch="false"/>
        <line number="351" hits="11" branch="false"/>
        <line number="352" hits="11" branch="false"/>
        <line number="373" hits="18" branch="true" condition-coverage="100% (2/2)"/>
        <line number="374" hits="3" branch="false"/>
        <line number="377" hits="15" branch="true" condition-coverage="100% (2/2)"/>
        <line number="378" hits="4" branch="false"/>
        <line number="380" hits="11" branch="true" condition-coverage="100% (2/2)"/>
        <line number="381" hits="3" branch="false"/>
        <line number="386" hits="8" branch="true" condition-coverage="50% (1/2)"/>
        <line number="387" hits="8" branch="false"/>
        <line number="390" hits="0" branch="false"/>
        <line number="393" hits="15" branch="false"/>
        <line number="413" hits="5" branch="true" condition-coverage="100% (2/2)"/>
        <line number="414" hits="5" branch="false"/>
        <line number="415" hits="5" branch="false"/>
        <line number="416" hits="5" branch="false"/>
        <line number="436" hits="3" branch="true" condition-coverage="100% (2/2)"/>
        <line number="437" hits="3" branch="false"/>
        <line number="438" hits="3" branch="false"/>
        <line number="439" hits="3" branch="false"/>
        <line number="487" hits="6" branch="true" condition-coverage="100% (2/2)"/>
        <line number="488" hits="3" branch="false"/>
        <line number="491" hits="3" branch="true" condition-coverage="100% (4/4)"/>
        <line number="492" hits="1" branch="false"/>
        <line number="494" hits="2" branch="true" condition-coverage="50% (1/2)"/>
        <line number="495" hits="2" branch="false"/>
        <line number="498" hits="0" branch="false"/>
        <line number="501" hits="3" branch="false"/>
        <line number="512" hits="3" branch="false"/>
        <line number="528" hits="20" branch="false"/>
        <line number="530" hits="20" branch="true" condition-coverage="100% (2/2)"/>
        <line number="531" hits="1" branch="false"/>
        <line number="535" hits="19" branch="false"/>
        <line number="538" hits="19" branch="true" condition-coverage="100% (2/2)"/>
        <line number="539" hits="5" branch="false"/>
        <line number="543" hits="19" branch="true" condition-coverage="100% (2/2)"/>
        <line number="544" hits="11" branch="false"/>
        <line number="548" hits="19" branch="true" condition-coverage="100% (2/2)"/>
        <line number="549" hits="5" branch="false"/>
        <line number="553" hits="19" branch="true" condition-coverage="100% (2/2)"/>
        <line number="554" hits="3" branch="false"/>
        <line number="558" hits="19" branch="true" condition-coverage="100% (2/2)"/>
        <line number="559" hits="3" branch="false"/>
        <line number="563" hits="19" branch="true" condition-coverage="100% (2/2)"/>
        <line number="564" hits="4" branch="false"/>
        <line number="568" hits="19" branch="true" condition-coverage="100% (4/4)"/>
        <line number="569" hits="2" branch="false"/>
        <line number="573" hits="19" branch="true" condition-coverage="100% (2/2)"/>
        <line number="574" hits="1" branch="false"/>
        <line number="575" hits="1" branch="false"/>
        <line number="579" hits="19" branch="true" condition-coverage="100% (2/2)"/>
        <line number="581" hits="19" branch="false"/>
      </lines>
    </class>
    <class name="calendar.ts" filename="src/calendar.ts" line-rate="0.9732" branch-rate="0.9688">
      <methods>
        <method name="(anonymous_1)" hits="1" signature="()V">
          <lines>
            <line number="64" hits="1"/>
          </lines>
        </method>
        <method name="(anonymous_2)" hits="355" signature="()V">
          <lines>
            <line number="111" hits="355"/>
          </lines>
        </method>
        <method name="(anonymous_3)" hits="37" signature="()V">
          <lines>
            <line number="161" hits="37"/>
          </lines>
        </method>
        <method name="(anonymous_4)" hits="29" signature="()V">
          <lines>
            <line number="217" hits="29"/>
          </lines>
        </method>
        <method name="(anonymous_5)" hits="21" signature="()V">
          <lines>
            <line number="244" hits="21"/>
          </lines>
        </method>
        <method name="(anonymous_6)" hits="21" signature="()V">
          <lines>
            <line number="265" hits="21"/>
          </lines>
        </method>
        <method name="(anonymous_7)" hits="230" signature="()V">
          <lines>
            <line number="323" hits="230"/>
          </lines>
        </method>
        <method name="(anonymous_8)" hits="20" signature="()V">
          <lines>
            <line number="358" hits="20"/>
          </lines>
        </method>
        <method name="(anonymous_9)" hits="19" signature="()V">
          <lines>
            <line number="390" hits="19"/>
          </lines>
        </method>
        <method name="(anonymous_10)" hits="20" signature="()V">
          <lines>
            <line number="427" hits="20"/>
          </lines>
        </method>
        <method name="(anonymous_11)" hits="54" signature="()V">
          <lines>
            <line number="461" hits="54"/>
          </lines>
        </method>
        <method name="(anonymous_12)" hits="29" signature="()V">
          <lines>
            <line number="513" hits="29"/>
          </lines>
        </method>
        <method name="(anonymous_13)" hits="31" signature="()V">
          <lines>
            <line number="518" hits="31"/>
          </lines>
        </method>
        <method name="(anonymous_14)" hits="1" signature="()V">
          <lines>
            <line number="529" hits="1"/>
          </lines>
        </method>
        <method name="(anonymous_15)" hits="4" signature="()V">
          <lines>
            <line number="556" hits="4"/>
          </lines>
        </method>
        <method name="(anonymous_16)" hits="3" signature="()V">
          <lines>
            <line number="575" hits="3"/>
          </lines>
        </method>
        <method name="(anonymous_17)" hits="2" signature="()V">
          <lines>
            <line number="588" hits="2"/>
          </lines>
        </method>
        <method name="(anonymous_18)" hits="0" signature="()V">
          <lines>
            <line number="608" hits="0"/>
          </lines>
        </method>
        <method name="(anonymous_19)" hits="0" signature="()V">
          <lines>
            <line number="622" hits="0"/>
          </lines>
        </method>
        <method name="(anonymous_20)" hits="54" signature="()V">
          <lines>
            <line number="671" hits="54"/>
          </lines>
        </method>
        <method name="(anonymous_21)" hits="15" signature="()V">
          <lines>
            <line number="705" hits="15"/>
          </lines>
        </method>
        <method name="(anonymous_22)" hits="15" signature="()V">
          <lines>
            <line number="708" hits="15"/>
          </lines>
        </method>
        <method name="(anonymous_23)" hits="4" signature="()V">
          <lines>
            <line number="717" hits="4"/>
          </lines>
        </method>
        <method name="(anonymous_24)" hits="55" signature="()V">
          <lines>
            <line number="730" hits="55"/>
          </lines>
        </method>
        <method name="(anonymous_25)" hits="6" signature="()V">
          <lines>
            <line number="769" hits="6"/>
          </lines>
        </method>
        <method name="(anonymous_26)" hits="10" signature="()V">
          <lines>
            <line number="770" hits="10"/>
          </lines>
        </method>
        <method name="(anonymous_27)" hits="8" signature="()V">
          <lines>
            <line number="772" hits="8"/>
          </lines>
        </method>
        <method name="(anonymous_28)" hits="49" signature="()V">
          <lines>
            <line number="799" hits="49"/>
          </lines>
        </method>
      </methods>
      <lines>
        <line number="4" hits="1" branch="false"/>
        <line number="12" hits="1" branch="false"/>
        <line number="13" hits="1" branch="false"/>
        <line number="14" hits="1" branch="false"/>
        <line number="64" hits="1" branch="true" condition-coverage="100% (2/2)"/>
        <line number="65" hits="1" branch="false"/>
        <line number="66" hits="1" branch="false"/>
        <line number="67" hits="1" branch="false"/>
        <line number="68" hits="1" branch="false"/>
        <line number="69" hits="1" branch="false"/>
        <line number="70" hits="1" branch="false"/>
        <line number="71" hits="1" branch="false"/>
        <line number="72" hits="1" branch="false"/>
        <line number="89" hits="1" branch="false"/>
        <line number="112" hits="355" branch="false"/>
        <line number="125" hits="355" branch="true" condition-coverage="100% (2/2)"/>
        <line number="126" hits="355" branch="true" condition-coverage="100% (2/2)"/>
        <line number="127" hits="355" branch="true" condition-coverage="100% (2/2)"/>
        <line number="128" hits="355" branch="true" condition-coverage="100% (2/2)"/>
        <line number="129" hits="355" branch="true" condition-coverage="100% (2/2)"/>
        <line number="130" hits="355" branch="true" condition-coverage="100% (2/2)"/>
        <line number="131" hits="355" branch="true" condition-coverage="100% (2/2)"/>
        <line number="132" hits="355" branch="true" condition-coverage="100% (2/2)"/>
        <line number="133" hits="355" branch="true" condition-coverage="100% (2/2)"/>
        <line number="134" hits="355" branch="true" condition-coverage="100% (2/2)"/>
        <line number="162" hits="37" branch="true" condition-coverage="100% (2/2)"/>
        <line number="163" hits="3" branch="false"/>
        <line number="166" hits="34" branch="false"/>
        <line number="168" hits="34" branch="true" condition-coverage="100% (4/4)"/>
        <line number="169" hits="28" branch="false"/>
        <line number="170" hits="28" branch="false"/>
        <line number="172" hits="6" branch="true" condition-coverage="100% (2/2)"/>
        <line number="173" hits="1" branch="false"/>
        <line number="179" hits="5" branch="true" condition-coverage="100% (2/2)"/>
        <line number="180" hits="1" branch="false"/>
        <line number="183" hits="4" branch="true" condition-coverage="100% (2/2)"/>
        <line number="184" hits="1" branch="false"/>
        <line number="186" hits="3" branch="true" condition-coverage="100% (2/2)"/>
        <line number="187" hits="1" branch="false"/>
        <line number="190" hits="2" branch="true" condition-coverage="100% (2/2)"/>
        <line number="191" hits="2" branch="false"/>
        <line number="192" hits="2" branch="false"/>
        <line number="218" hits="29" branch="true" condition-coverage="100% (2/2)"/>
        <line number="219" hits="6" branch="false"/>
        <line number="221" hits="23" branch="true" condition-coverage="100% (2/2)"/>
        <line number="222" hits="10" branch="false"/>
        <line number="223" hits="10" branch="false"/>
        <line number="226" hits="13" branch="false"/>
        <line number="227" hits="12" branch="false"/>
        <line number="245" hits="21" branch="true" condition-coverage="100% (2/2)"/>
        <line number="246" hits="4" branch="false"/>
        <line number="249" hits="17" branch="true" condition-coverage="100% (2/2)"/>
        <line number="250" hits="17" branch="false"/>
        <line number="266" hits="21" branch="true" condition-coverage="100% (2/2)"/>
        <line number="267" hits="4" branch="false"/>
        <line number="270" hits="17" branch="true" condition-coverage="100% (2/2)"/>
        <line number="271" hits="17" branch="false"/>
        <line number="324" hits="230" branch="true" condition-coverage="100% (2/2)"/>
        <line number="325" hits="198" branch="true" condition-coverage="100% (6/6)"/>
        <line number="328" hits="32" branch="true" condition-coverage="100% (2/2)"/>
        <line number="329" hits="11" branch="false"/>
        <line number="331" hits="21" branch="true" condition-coverage="100% (2/2)"/>
        <line number="332" hits="15" branch="false"/>
        <line number="335" hits="6" branch="false"/>
        <line number="338" hits="32" branch="false"/>
        <line number="359" hits="20" branch="true" condition-coverage="100% (2/2)"/>
        <line number="360" hits="4" branch="false"/>
        <line number="363" hits="16" branch="true" condition-coverage="100% (2/2)"/>
        <line number="364" hits="16" branch="false"/>
        <line number="391" hits="19" branch="true" condition-coverage="100% (2/2)"/>
        <line number="392" hits="4" branch="false"/>
        <line number="395" hits="15" branch="true" condition-coverage="100% (2/2)"/>
        <line number="396" hits="12" branch="false"/>
        <line number="399" hits="3" branch="false"/>
        <line number="402" hits="15" branch="false"/>
        <line number="428" hits="20" branch="true" condition-coverage="100% (2/2)"/>
        <line number="429" hits="3" branch="false"/>
        <line number="432" hits="17" branch="true" condition-coverage="100% (2/2)"/>
        <line number="433" hits="2" branch="false"/>
        <line number="435" hits="15" branch="true" condition-coverage="100% (4/4)"/>
        <line number="436" hits="3" branch="false"/>
        <line number="439" hits="12" branch="false"/>
        <line number="442" hits="17" branch="false"/>
        <line number="462" hits="54" branch="true" condition-coverage="50% (1/2)"/>
        <line number="463" hits="54" branch="false"/>
        <line number="464" hits="54" branch="false"/>
        <line number="514" hits="29" branch="true" condition-coverage="100% (2/2)"/>
        <line number="515" hits="5" branch="false"/>
        <line number="518" hits="31" branch="false"/>
        <line number="519" hits="24" branch="false"/>
        <line number="530" hits="1" branch="false"/>
        <line number="531" hits="1" branch="false"/>
        <line number="557" hits="4" branch="true" condition-coverage="100% (2/2)"/>
        <line number="558" hits="2" branch="false"/>
        <line number="559" hits="2" branch="false"/>
        <line number="562" hits="2" branch="false"/>
        <line number="576" hits="3" branch="false"/>
        <line number="577" hits="2" branch="false"/>
        <line number="589" hits="2" branch="false"/>
        <line number="594" hits="2" branch="false"/>
        <line number="595" hits="2" branch="false"/>
        <line number="609" hits="0" branch="false"/>
        <line number="623" hits="0" branch="false"/>
        <line number="672" hits="54" branch="true" condition-coverage="100% (2/2)"/>
        <line number="673" hits="24" branch="false"/>
        <line number="676" hits="30" branch="true" condition-coverage="100% (4/4)"/>
        <line number="677" hits="6" branch="false"/>
        <line number="679" hits="24" branch="true" condition-coverage="100% (2/2)"/>
        <line number="680" hits="22" branch="false"/>
        <line number="683" hits="2" branch="false"/>
        <line number="686" hits="21" branch="false"/>
        <line number="706" hits="15" branch="false"/>
        <line number="708" hits="15" branch="false"/>
        <line number="718" hits="4" branch="false"/>
        <line number="731" hits="55" branch="false"/>
        <line number="734" hits="55" branch="false"/>
        <line number="737" hits="55" branch="false"/>
        <line number="740" hits="55" branch="true" condition-coverage="100% (2/2)"/>
        <line number="741" hits="1" branch="false"/>
        <line number="745" hits="55" branch="true" condition-coverage="50% (1/2)"/>
        <line number="746" hits="0" branch="false"/>
        <line number="750" hits="55" branch="true" condition-coverage="100% (2/2)"/>
        <line number="751" hits="7" branch="false"/>
        <line number="755" hits="55" branch="true" condition-coverage="100% (2/2)"/>
        <line number="756" hits="2" branch="false"/>
        <line number="757" hits="2" branch="false"/>
        <line number="761" hits="55" branch="true" condition-coverage="100% (2/2)"/>
        <line number="762" hits="1" branch="false"/>
        <line number="766" hits="55" branch="true" condition-coverage="100% (6/6)"/>
        <line number="767" hits="6" branch="false"/>
        <line number="769" hits="6" branch="false"/>
        <line number="770" hits="10" branch="true" condition-coverage="100% (2/2)"/>
        <line number="772" hits="6" branch="false"/>
        <line number="773" hits="8" branch="true" condition-coverage="66.66666666666666% (4/6)"/>
        <line number="774" hits="0" branch="false"/>
        <line number="777" hits="8" branch="false"/>
        <line number="778" hits="8" branch="true" condition-coverage="100% (2/2)"/>
        <line number="779" hits="1" branch="false"/>
        <line number="782" hits="7" branch="false"/>
        <line number="787" hits="55" branch="true" condition-coverage="100% (6/6)"/>
        <line number="788" hits="14" branch="false"/>
        <line number="789" hits="14" branch="false"/>
        <line number="793" hits="55" branch="true" condition-coverage="100% (2/2)"/>
        <line number="794" hits="2" branch="false"/>
        <line number="795" hits="2" branch="false"/>
        <line number="799" hits="55" branch="false"/>
        <line number="802" hits="53" branch="false"/>
        <line number="804" hits="53" branch="false"/>
        <line number="806" hits="53" branch="false"/>
      </lines>
    </class>
    <class name="category.ts" filename="src/category.ts" line-rate="1" branch-rate="1">
      <methods>
        <method name="(anonymous_0)" hits="12" signature="()V">
          <lines>
            <line number="41" hits="12"/>
          </lines>
        </method>
        <method name="(anonymous_1)" hits="14" signature="()V">
          <lines>
            <line number="61" hits="14"/>
          </lines>
        </method>
        <method name="(anonymous_2)" hits="1" signature="()V">
          <lines>
            <line number="77" hits="1"/>
          </lines>
        </method>
        <method name="(anonymous_3)" hits="4" signature="()V">
          <lines>
            <line number="89" hits="4"/>
          </lines>
        </method>
      </methods>
      <lines>
        <line number="4" hits="1" branch="false"/>
        <line number="34" hits="1" branch="false"/>
        <line number="42" hits="12" branch="false"/>
        <line number="46" hits="12" branch="true" condition-coverage="100% (2/2)"/>
        <line number="62" hits="14" branch="true" condition-coverage="100% (2/2)"/>
        <line number="63" hits="4" branch="false"/>
        <line number="66" hits="10" branch="true" condition-coverage="100% (2/2)"/>
        <line number="67" hits="10" branch="false"/>
        <line number="78" hits="1" branch="false"/>
        <line number="92" hits="4" branch="true" condition-coverage="100% (2/2)"/>
        <line number="93" hits="1" branch="false"/>
        <line number="96" hits="3" branch="false"/>
      </lines>
    </class>
    <class name="event.ts" filename="src/event.ts" line-rate="0.9864" branch-rate="0.9704999999999999">
      <methods>
        <method name="(anonymous_1)" hits="1" signature="()V">
          <lines>
            <line number="32" hits="1"/>
          </lines>
        </method>
        <method name="(anonymous_2)" hits="1" signature="()V">
          <lines>
            <line number="38" hits="1"/>
          </lines>
        </method>
        <method name="(anonymous_3)" hits="1" signature="()V">
          <lines>
            <line number="45" hits="1"/>
          </lines>
        </method>
        <method name="(anonymous_4)" hits="320" signature="()V">
          <lines>
            <line number="167" hits="320"/>
          </lines>
        </method>
        <method name="(anonymous_5)" hits="41" signature="()V">
          <lines>
            <line number="241" hits="41"/>
          </lines>
        </method>
        <method name="(anonymous_6)" hits="4" signature="()V">
          <lines>
            <line number="265" hits="4"/>
          </lines>
        </method>
        <method name="(anonymous_7)" hits="24" signature="()V">
          <lines>
            <line number="285" hits="24"/>
          </lines>
        </method>
        <method name="(anonymous_8)" hits="110" signature="()V">
          <lines>
            <line number="316" hits="110"/>
          </lines>
        </method>
        <method name="(anonymous_9)" hits="65" signature="()V">
          <lines>
            <line number="347" hits="65"/>
          </lines>
        </method>
        <method name="(anonymous_10)" hits="30" signature="()V">
          <lines>
            <line number="380" hits="30"/>
          </lines>
        </method>
        <method name="(anonymous_11)" hits="146" signature="()V">
          <lines>
            <line number="417" hits="146"/>
          </lines>
        </method>
        <method name="(anonymous_12)" hits="52" signature="()V">
          <lines>
            <line number="447" hits="52"/>
          </lines>
        </method>
        <method name="(anonymous_13)" hits="9" signature="()V">
          <lines>
            <line number="472" hits="9"/>
          </lines>
        </method>
        <method name="(anonymous_14)" hits="27" signature="()V">
          <lines>
            <line number="496" hits="27"/>
          </lines>
        </method>
        <method name="(anonymous_15)" hits="29" signature="()V">
          <lines>
            <line number="519" hits="29"/>
          </lines>
        </method>
        <method name="(anonymous_16)" hits="91" signature="()V">
          <lines>
            <line number="577" hits="91"/>
          </lines>
        </method>
        <method name="(anonymous_17)" hits="23" signature="()V">
          <lines>
            <line number="616" hits="23"/>
          </lines>
        </method>
        <method name="(anonymous_18)" hits="14" signature="()V">
          <lines>
            <line number="621" hits="14"/>
          </lines>
        </method>
        <method name="(anonymous_19)" hits="9" signature="()V">
          <lines>
            <line number="634" hits="9"/>
          </lines>
        </method>
        <method name="(anonymous_20)" hits="12" signature="()V">
          <lines>
            <line number="657" hits="12"/>
          </lines>
        </method>
        <method name="(anonymous_21)" hits="93" signature="()V">
          <lines>
            <line number="682" hits="93"/>
          </lines>
        </method>
        <method name="(anonymous_22)" hits="36" signature="()V">
          <lines>
            <line number="718" hits="36"/>
          </lines>
        </method>
        <method name="(anonymous_23)" hits="29" signature="()V">
          <lines>
            <line number="765" hits="29"/>
          </lines>
        </method>
        <method name="(anonymous_24)" hits="43" signature="()V">
          <lines>
            <line number="817" hits="43"/>
          </lines>
        </method>
        <method name="(anonymous_25)" hits="21" signature="()V">
          <lines>
            <line number="856" hits="21"/>
          </lines>
        </method>
        <method name="(anonymous_26)" hits="27" signature="()V">
          <lines>
            <line number="894" hits="27"/>
          </lines>
        </method>
        <method name="(anonymous_27)" hits="9" signature="()V">
          <lines>
            <line number="899" hits="9"/>
          </lines>
        </method>
        <method name="(anonymous_28)" hits="9" signature="()V">
          <lines>
            <line number="923" hits="9"/>
          </lines>
        </method>
        <method name="(anonymous_29)" hits="22" signature="()V">
          <lines>
            <line number="953" hits="22"/>
          </lines>
        </method>
        <method name="(anonymous_30)" hits="6" signature="()V">
          <lines>
            <line number="958" hits="6"/>
          </lines>
        </method>
        <method name="(anonymous_31)" hits="7" signature="()V">
          <lines>
            <line number="980" hits="7"/>
          </lines>
        </method>
        <method name="(anonymous_32)" hits="22" signature="()V">
          <lines>
            <line number="1010" hits="22"/>
          </lines>
        </method>
        <method name="(anonymous_33)" hits="4" signature="()V">
          <lines>
            <line number="1015" hits="4"/>
          </lines>
        </method>
        <method name="(anonymous_34)" hits="35" signature="()V">
          <lines>
            <line number="1037" hits="35"/>
          </lines>
        </method>
        <method name="(anonymous_35)" hits="32" signature="()V">
          <lines>
            <line number="1070" hits="32"/>
          </lines>
        </method>
        <method name="(anonymous_36)" hits="23" signature="()V">
          <lines>
            <line number="1101" hits="23"/>
          </lines>
        </method>
        <method name="(anonymous_37)" hits="25" signature="()V">
          <lines>
            <line number="1130" hits="25"/>
          </lines>
        </method>
        <method name="(anonymous_38)" hits="31" signature="()V">
          <lines>
            <line number="1162" hits="31"/>
          </lines>
        </method>
        <method name="(anonymous_39)" hits="30" signature="()V">
          <lines>
            <line number="1187" hits="30"/>
          </lines>
        </method>
        <method name="(anonymous_40)" hits="30" signature="()V">
          <lines>
            <line number="1212" hits="30"/>
          </lines>
        </method>
        <method name="(anonymous_41)" hits="40" signature="()V">
          <lines>
            <line number="1270" hits="40"/>
          </lines>
        </method>
        <method name="(anonymous_42)" hits="22" signature="()V">
          <lines>
            <line number="1301" hits="22"/>
          </lines>
        </method>
        <method name="(anonymous_43)" hits="1" signature="()V">
          <lines>
            <line number="1309" hits="1"/>
          </lines>
        </method>
        <method name="(anonymous_44)" hits="60" signature="()V">
          <lines>
            <line number="1334" hits="60"/>
          </lines>
        </method>
        <method name="(anonymous_45)" hits="7" signature="()V">
          <lines>
            <line number="1371" hits="7"/>
          </lines>
        </method>
        <method name="(anonymous_46)" hits="0" signature="()V">
          <lines>
            <line number="1414" hits="0"/>
          </lines>
        </method>
        <method name="(anonymous_47)" hits="2" signature="()V">
          <lines>
            <line number="1421" hits="2"/>
          </lines>
        </method>
        <method name="(anonymous_48)" hits="3" signature="()V">
          <lines>
            <line number="1428" hits="3"/>
          </lines>
        </method>
        <method name="(anonymous_49)" hits="8" signature="()V">
          <lines>
            <line number="1496" hits="8"/>
          </lines>
        </method>
        <method name="(anonymous_50)" hits="4" signature="()V">
          <lines>
            <line number="1501" hits="4"/>
          </lines>
        </method>
        <method name="(anonymous_51)" hits="2" signature="()V">
          <lines>
            <line number="1507" hits="2"/>
          </lines>
        </method>
      </methods>
      <lines>
        <line number="4" hits="1" branch="false"/>
        <line number="5" hits="1" branch="false"/>
        <line number="17" hits="1" branch="false"/>
        <line number="18" hits="1" branch="false"/>
        <line number="19" hits="1" branch="false"/>
        <line number="21" hits="1" branch="false"/>
        <line number="32" hits="1" branch="true" condition-coverage="100% (2/2)"/>
        <line number="33" hits="1" branch="false"/>
        <line number="34" hits="1" branch="false"/>
        <line number="35" hits="1" branch="false"/>
        <line number="38" hits="1" branch="true" condition-coverage="100% (2/2)"/>
        <line number="39" hits="1" branch="false"/>
        <line number="40" hits="1" branch="false"/>
        <line number="41" hits="1" branch="false"/>
        <line number="42" hits="1" branch="false"/>
        <line number="45" hits="1" branch="true" condition-coverage="100% (2/2)"/>
        <line number="46" hits="1" branch="false"/>
        <line number="47" hits="1" branch="false"/>
        <line number="156" hits="1" branch="false"/>
        <line number="168" hits="320" branch="false"/>
        <line number="196" hits="320" branch="false"/>
        <line number="197" hits="320" branch="true" condition-coverage="100% (2/2)"/>
        <line number="198" hits="1" branch="false"/>
        <line number="201" hits="319" branch="true" condition-coverage="100% (2/2)"/>
        <line number="202" hits="319" branch="true" condition-coverage="100% (2/2)"/>
        <line number="203" hits="319" branch="true" condition-coverage="100% (2/2)"/>
        <line number="204" hits="319" branch="true" condition-coverage="100% (2/2)"/>
        <line number="205" hits="319" branch="true" condition-coverage="100% (2/2)"/>
        <line number="206" hits="319" branch="true" condition-coverage="100% (2/2)"/>
        <line number="207" hits="319" branch="true" condition-coverage="100% (2/2)"/>
        <line number="208" hits="319" branch="true" condition-coverage="100% (2/2)"/>
        <line number="209" hits="319" branch="true" condition-coverage="100% (2/2)"/>
        <line number="210" hits="319" branch="true" condition-coverage="100% (2/2)"/>
        <line number="211" hits="298" branch="true" condition-coverage="100% (2/2)"/>
        <line number="212" hits="298" branch="true" condition-coverage="100% (2/2)"/>
        <line number="213" hits="298" branch="true" condition-coverage="100% (2/2)"/>
        <line number="214" hits="298" branch="true" condition-coverage="100% (2/2)"/>
        <line number="215" hits="298" branch="true" condition-coverage="100% (2/2)"/>
        <line number="216" hits="298" branch="true" condition-coverage="100% (2/2)"/>
        <line number="217" hits="298" branch="true" condition-coverage="100% (2/2)"/>
        <line number="218" hits="298" branch="true" condition-coverage="100% (2/2)"/>
        <line number="219" hits="298" branch="true" condition-coverage="100% (2/2)"/>
        <line number="220" hits="298" branch="true" condition-coverage="100% (2/2)"/>
        <line number="221" hits="298" branch="true" condition-coverage="100% (2/2)"/>
        <line number="222" hits="298" branch="true" condition-coverage="100% (2/2)"/>
        <line number="223" hits="298" branch="true" condition-coverage="100% (2/2)"/>
        <line number="224" hits="298" branch="true" condition-coverage="100% (2/2)"/>
        <line number="225" hits="298" branch="true" condition-coverage="100% (2/2)"/>
        <line number="242" hits="41" branch="true" condition-coverage="100% (2/2)"/>
        <line number="243" hits="4" branch="false"/>
        <line number="246" hits="37" branch="false"/>
        <line number="247" hits="37" branch="false"/>
        <line number="266" hits="4" branch="true" condition-coverage="100% (2/2)"/>
        <line number="286" hits="24" branch="true" condition-coverage="100% (2/2)"/>
        <line number="287" hits="3" branch="false"/>
        <line number="290" hits="21" branch="false"/>
        <line number="291" hits="21" branch="true" condition-coverage="100% (2/2)"/>
        <line number="292" hits="1" branch="false"/>
        <line number="295" hits="20" branch="false"/>
        <line number="296" hits="20" branch="false"/>
        <line number="317" hits="110" branch="true" condition-coverage="100% (2/2)"/>
        <line number="318" hits="5" branch="false"/>
        <line number="321" hits="105" branch="false"/>
        <line number="322" hits="101" branch="true" condition-coverage="100% (5/5)"/>
        <line number="323" hits="1" branch="false"/>
        <line number="324" hits="1" branch="false"/>
        <line number="325" hits="1" branch="false"/>
        <line number="328" hits="101" branch="false"/>
        <line number="348" hits="65" branch="true" condition-coverage="100% (2/2)"/>
        <line number="349" hits="5" branch="false"/>
        <line number="351" hits="60" branch="true" condition-coverage="100% (2/2)"/>
        <line number="352" hits="4" branch="false"/>
        <line number="353" hits="4" branch="false"/>
        <line number="356" hits="56" branch="false"/>
        <line number="357" hits="53" branch="true" condition-coverage="100% (5/5)"/>
        <line number="358" hits="1" branch="false"/>
        <line number="359" hits="1" branch="false"/>
        <line number="360" hits="1" branch="false"/>
        <line number="363" hits="53" branch="false"/>
        <line number="381" hits="30" branch="true" condition-coverage="100% (2/2)"/>
        <line number="382" hits="3" branch="false"/>
        <line number="384" hits="27" branch="true" condition-coverage="100% (2/2)"/>
        <line number="385" hits="15" branch="false"/>
        <line number="386" hits="15" branch="false"/>
        <line number="389" hits="12" branch="false"/>
        <line number="390" hits="9" branch="false"/>
        <line number="418" hits="146" branch="true" condition-coverage="100% (4/4)"/>
        <line number="419" hits="27" branch="false"/>
        <line number="421" hits="119" branch="true" condition-coverage="100% (2/2)"/>
        <line number="422" hits="89" branch="false"/>
        <line number="425" hits="30" branch="true" condition-coverage="100% (2/2)"/>
        <line number="426" hits="30" branch="true" condition-coverage="100% (2/2)"/>
        <line number="427" hits="14" branch="false"/>
        <line number="430" hits="30" branch="false"/>
        <line number="448" hits="52" branch="true" condition-coverage="100% (2/2)"/>
        <line number="449" hits="6" branch="false"/>
        <line number="452" hits="46" branch="false"/>
        <line number="453" hits="38" branch="false"/>
        <line number="473" hits="9" branch="true" condition-coverage="100% (2/2)"/>
        <line number="474" hits="1" branch="false"/>
        <line number="477" hits="8" branch="false"/>
        <line number="497" hits="27" branch="true" condition-coverage="100% (2/2)"/>
        <line number="498" hits="2" branch="false"/>
        <line number="501" hits="25" branch="false"/>
        <line number="502" hits="25" branch="false"/>
        <line number="520" hits="29" branch="true" condition-coverage="100% (2/2)"/>
        <line number="521" hits="4" branch="false"/>
        <line number="524" hits="25" branch="false"/>
        <line number="525" hits="25" branch="true" condition-coverage="100% (2/2)"/>
        <line number="526" hits="8" branch="false"/>
        <line number="529" hits="25" branch="false"/>
        <line number="578" hits="91" branch="true" condition-coverage="100% (2/2)"/>
        <line number="579" hits="18" branch="false"/>
        <line number="581" hits="73" branch="true" condition-coverage="100% (2/2)"/>
        <line number="582" hits="12" branch="false"/>
        <line number="583" hits="12" branch="false"/>
        <line number="585" hits="61" branch="true" condition-coverage="100% (4/4)"/>
        <line number="586" hits="4" branch="false"/>
        <line number="587" hits="4" branch="false"/>
        <line number="590" hits="57" branch="false"/>
        <line number="594" hits="55" branch="true" condition-coverage="100% (2/2)"/>
        <line number="595" hits="12" branch="true" condition-coverage="100% (2/2)"/>
        <line number="596" hits="2" branch="false"/>
        <line number="599" hits="10" branch="false"/>
        <line number="602" hits="53" branch="true" condition-coverage="100% (2/2)"/>
        <line number="603" hits="24" branch="true" condition-coverage="100% (2/2)"/>
        <line number="604" hits="2" branch="false"/>
        <line number="607" hits="22" branch="false"/>
        <line number="610" hits="51" branch="true" condition-coverage="100% (2/2)"/>
        <line number="611" hits="11" branch="false"/>
        <line number="614" hits="46" branch="true" condition-coverage="100% (2/2)"/>
        <line number="615" hits="14" branch="true" condition-coverage="100% (2/2)"/>
        <line number="616" hits="23" branch="false"/>
        <line number="619" hits="43" branch="true" condition-coverage="100% (2/2)"/>
        <line number="620" hits="5" branch="true" condition-coverage="100% (2/2)"/>
        <line number="621" hits="5" branch="false"/>
        <line number="622" hits="14" branch="true" condition-coverage="100% (5/5)"/>
        <line number="623" hits="2" branch="false"/>
        <line number="626" hits="12" branch="false"/>
        <line number="630" hits="41" branch="true" condition-coverage="100% (2/2)"/>
        <line number="631" hits="5" branch="true" condition-coverage="100% (2/2)"/>
        <line number="634" hits="5" branch="false"/>
        <line number="635" hits="9" branch="true" condition-coverage="100% (5/5)"/>
        <line number="636" hits="2" branch="false"/>
        <line number="639" hits="7" branch="false"/>
        <line number="643" hits="39" branch="true" condition-coverage="100% (2/2)"/>
        <line number="644" hits="6" branch="true" condition-coverage="100% (2/2)"/>
        <line number="645" hits="1" branch="false"/>
        <line number="647" hits="5" branch="true" condition-coverage="100% (5/5)"/>
        <line number="648" hits="2" branch="false"/>
        <line number="651" hits="3" branch="false"/>
        <line number="652" hits="3" branch="false"/>
        <line number="655" hits="36" branch="true" condition-coverage="100% (2/2)"/>
        <line number="656" hits="9" branch="true" condition-coverage="100% (2/2)"/>
        <line number="657" hits="9" branch="false"/>
        <line number="658" hits="12" branch="false"/>
        <line number="662" hits="33" branch="true" condition-coverage="100% (2/2)"/>
        <line number="663" hits="3" branch="false"/>
        <line number="666" hits="32" branch="false"/>
        <line number="683" hits="93" branch="true" condition-coverage="100% (2/2)"/>
        <line number="684" hits="17" branch="false"/>
        <line number="687" hits="76" branch="true" condition-coverage="100% (2/2)"/>
        <line number="688" hits="76" branch="false"/>
        <line number="719" hits="36" branch="true" condition-coverage="100% (2/2)"/>
        <line number="720" hits="8" branch="false"/>
        <line number="722" hits="28" branch="true" condition-coverage="100% (2/2)"/>
        <line number="723" hits="4" branch="false"/>
        <line number="726" hits="4" branch="false"/>
        <line number="728" hits="24" branch="true" condition-coverage="100% (2/2)"/>
        <line number="732" hits="2" branch="false"/>
        <line number="738" hits="22" branch="true" condition-coverage="100% (2/2)"/>
        <line number="739" hits="22" branch="false"/>
        <line number="766" hits="29" branch="true" condition-coverage="100% (2/2)"/>
        <line number="767" hits="5" branch="false"/>
        <line number="769" hits="24" branch="true" condition-coverage="100% (2/2)"/>
        <line number="770" hits="17" branch="false"/>
        <line number="771" hits="17" branch="false"/>
        <line number="774" hits="7" branch="true" condition-coverage="100% (2/2)"/>
        <line number="775" hits="3" branch="false"/>
        <line number="778" hits="4" branch="false"/>
        <line number="780" hits="7" branch="false"/>
        <line number="818" hits="43" branch="true" condition-coverage="100% (2/2)"/>
        <line number="819" hits="11" branch="false"/>
        <line number="821" hits="32" branch="true" condition-coverage="100% (2/2)"/>
        <line number="822" hits="15" branch="false"/>
        <line number="823" hits="15" branch="false"/>
        <line number="826" hits="17" branch="false"/>
        <line number="827" hits="13" branch="false"/>
        <line number="857" hits="21" branch="true" condition-coverage="100% (2/2)"/>
        <line number="858" hits="5" branch="false"/>
        <line number="859" hits="5" branch="false"/>
        <line number="861" hits="16" branch="true" condition-coverage="100% (2/2)"/>
        <line number="862" hits="3" branch="false"/>
        <line number="865" hits="15" branch="false"/>
        <line number="866" hits="15" branch="false"/>
        <line number="867" hits="15" branch="false"/>
        <line number="895" hits="27" branch="true" condition-coverage="100% (2/2)"/>
        <line number="896" hits="7" branch="false"/>
        <line number="899" hits="20" branch="false"/>
        <line number="900" hits="20" branch="false"/>
        <line number="924" hits="9" branch="true" condition-coverage="100% (2/2)"/>
        <line number="925" hits="9" branch="false"/>
        <line number="926" hits="9" branch="false"/>
        <line number="954" hits="22" branch="true" condition-coverage="100% (2/2)"/>
        <line number="955" hits="4" branch="false"/>
        <line number="958" hits="18" branch="false"/>
        <line number="959" hits="18" branch="false"/>
        <line number="981" hits="7" branch="true" condition-coverage="100% (2/2)"/>
        <line number="982" hits="7" branch="false"/>
        <line number="983" hits="7" branch="false"/>
        <line number="1011" hits="22" branch="true" condition-coverage="100% (2/2)"/>
        <line number="1012" hits="4" branch="false"/>
        <line number="1015" hits="18" branch="false"/>
        <line number="1016" hits="18" branch="false"/>
        <line number="1038" hits="35" branch="true" condition-coverage="100% (2/2)"/>
        <line number="1039" hits="6" branch="false"/>
        <line number="1041" hits="29" branch="true" condition-coverage="100% (2/2)"/>
        <line number="1042" hits="17" branch="false"/>
        <line number="1043" hits="17" branch="false"/>
        <line number="1046" hits="12" branch="false"/>
        <line number="1047" hits="8" branch="false"/>
        <line number="1071" hits="32" branch="true" condition-coverage="100% (2/2)"/>
        <line number="1072" hits="5" branch="false"/>
        <line number="1074" hits="27" branch="true" condition-coverage="100% (2/2)"/>
        <line number="1075" hits="18" branch="false"/>
        <line number="1076" hits="18" branch="false"/>
        <line number="1079" hits="9" branch="false"/>
        <line number="1080" hits="5" branch="false"/>
        <line number="1102" hits="23" branch="true" condition-coverage="100% (2/2)"/>
        <line number="1103" hits="3" branch="false"/>
        <line number="1105" hits="20" branch="true" condition-coverage="100% (2/2)"/>
        <line number="1106" hits="16" branch="false"/>
        <line number="1107" hits="16" branch="false"/>
        <line number="1110" hits="4" branch="true" condition-coverage="75% (3/4)"/>
        <line number="1111" hits="0" branch="false"/>
        <line number="1114" hits="4" branch="false"/>
        <line number="1115" hits="4" branch="false"/>
        <line number="1131" hits="25" branch="true" condition-coverage="100% (2/2)"/>
        <line number="1132" hits="3" branch="false"/>
        <line number="1135" hits="22" branch="true" condition-coverage="100% (2/2)"/>
        <line number="1136" hits="22" branch="false"/>
        <line number="1163" hits="31" branch="true" condition-coverage="100% (2/2)"/>
        <line number="1164" hits="5" branch="false"/>
        <line number="1166" hits="26" branch="true" condition-coverage="100% (2/2)"/>
        <line number="1167" hits="18" branch="false"/>
        <line number="1168" hits="18" branch="false"/>
        <line number="1171" hits="8" branch="false"/>
        <line number="1172" hits="5" branch="false"/>
        <line number="1188" hits="30" branch="true" condition-coverage="100% (2/2)"/>
        <line number="1189" hits="5" branch="false"/>
        <line number="1191" hits="25" branch="true" condition-coverage="100% (2/2)"/>
        <line number="1192" hits="13" branch="false"/>
        <line number="1193" hits="13" branch="false"/>
        <line number="1196" hits="12" branch="false"/>
        <line number="1197" hits="11" branch="false"/>
        <line number="1213" hits="30" branch="true" condition-coverage="100% (2/2)"/>
        <line number="1214" hits="5" branch="false"/>
        <line number="1216" hits="25" branch="true" condition-coverage="100% (2/2)"/>
        <line number="1217" hits="13" branch="false"/>
        <line number="1218" hits="13" branch="false"/>
        <line number="1221" hits="12" branch="false"/>
        <line number="1222" hits="11" branch="false"/>
        <line number="1271" hits="40" branch="true" condition-coverage="100% (2/2)"/>
        <line number="1272" hits="22" branch="false"/>
        <line number="1275" hits="18" branch="true" condition-coverage="100% (4/4)"/>
        <line number="1276" hits="1" branch="false"/>
        <line number="1278" hits="18" branch="true" condition-coverage="100% (2/2)"/>
        <line number="1279" hits="17" branch="false"/>
        <line number="1282" hits="18" branch="false"/>
        <line number="1302" hits="22" branch="false"/>
        <line number="1303" hits="22" branch="true" condition-coverage="100% (4/4)"/>
        <line number="1304" hits="2" branch="false"/>
        <line number="1306" hits="20" branch="true" condition-coverage="100% (2/2)"/>
        <line number="1307" hits="6" branch="false"/>
        <line number="1309" hits="1" branch="true" condition-coverage="100% (4/4)"/>
        <line number="1313" hits="22" branch="false"/>
        <line number="1335" hits="60" branch="false"/>
        <line number="1337" hits="60" branch="true" condition-coverage="100% (2/2)"/>
        <line number="1338" hits="3" branch="false"/>
        <line number="1342" hits="57" branch="false"/>
        <line number="1343" hits="57" branch="false"/>
        <line number="1346" hits="57" branch="false"/>
        <line number="1348" hits="57" branch="false"/>
        <line number="1349" hits="57" branch="true" condition-coverage="100% (2/2)"/>
        <line number="1350" hits="8" branch="false"/>
        <line number="1351" hits="8" branch="true" condition-coverage="100% (2/2)"/>
        <line number="1352" hits="4" branch="false"/>
        <line number="1355" hits="8" branch="false"/>
        <line number="1356" hits="8" branch="false"/>
        <line number="1359" hits="49" branch="false"/>
        <line number="1360" hits="49" branch="true" condition-coverage="100% (2/2)"/>
        <line number="1361" hits="34" branch="false"/>
        <line number="1366" hits="57" branch="true" condition-coverage="100% (4/4)"/>
        <line number="1367" hits="4" branch="false"/>
        <line number="1371" hits="7" branch="true" condition-coverage="100% (2/2)"/>
        <line number="1374" hits="53" branch="true" condition-coverage="100% (2/2)"/>
        <line number="1375" hits="21" branch="false"/>
        <line number="1377" hits="21" branch="true" condition-coverage="100% (2/2)"/>
        <line number="1378" hits="9" branch="false"/>
        <line number="1381" hits="21" branch="true" condition-coverage="100% (2/2)"/>
        <line number="1382" hits="7" branch="false"/>
        <line number="1385" hits="21" branch="true" condition-coverage="100% (2/2)"/>
        <line number="1386" hits="3" branch="false"/>
        <line number="1389" hits="21" branch="true" condition-coverage="100% (2/2)"/>
        <line number="1390" hits="4" branch="false"/>
        <line number="1393" hits="21" branch="true" condition-coverage="100% (2/2)"/>
        <line number="1394" hits="2" branch="false"/>
        <line number="1397" hits="21" branch="true" condition-coverage="100% (2/2)"/>
        <line number="1398" hits="2" branch="false"/>
        <line number="1401" hits="21" branch="true" condition-coverage="100% (2/2)"/>
        <line number="1402" hits="2" branch="false"/>
        <line number="1405" hits="21" branch="true" condition-coverage="100% (2/2)"/>
        <line number="1406" hits="1" branch="false"/>
        <line number="1409" hits="21" branch="false"/>
        <line number="1412" hits="21" branch="true" condition-coverage="100% (2/2)"/>
        <line number="1413" hits="5" branch="true" condition-coverage="50% (1/2)"/>
        <line number="1414" hits="0" branch="false"/>
        <line number="1415" hits="0" branch="false"/>
        <line number="1419" hits="5" branch="false"/>
        <line number="1420" hits="5" branch="true" condition-coverage="100% (2/2)"/>
        <line number="1421" hits="2" branch="false"/>
        <line number="1424" hits="2" branch="false"/>
        <line number="1428" hits="3" branch="false"/>
        <line number="1429" hits="3" branch="false"/>
        <line number="1437" hits="57" branch="true" condition-coverage="100% (2/2)"/>
        <line number="1438" hits="3" branch="false"/>
        <line number="1442" hits="57" branch="false"/>
        <line number="1445" hits="57" branch="true" condition-coverage="50% (1/2)"/>
        <line number="1446" hits="0" branch="false"/>
        <line number="1450" hits="57" branch="true" condition-coverage="100% (6/6)"/>
        <line number="1451" hits="5" branch="true" condition-coverage="100% (4/4)"/>
        <line number="1452" hits="3" branch="false"/>
        <line number="1457" hits="3" branch="false"/>
        <line number="1464" hits="2" branch="false"/>
        <line number="1467" hits="5" branch="true" condition-coverage="100% (2/2)"/>
        <line number="1468" hits="3" branch="true" condition-coverage="75% (6/8)"/>
        <line number="1473" hits="57" branch="true" condition-coverage="100% (2/2)"/>
        <line number="1474" hits="3" branch="false"/>
        <line number="1477" hits="3" branch="true" condition-coverage="50% (1/2)"/>
        <line number="1478" hits="3" branch="false"/>
        <line number="1483" hits="57" branch="true" condition-coverage="100% (2/2)"/>
        <line number="1484" hits="6" branch="false"/>
        <line number="1486" hits="6" branch="true" condition-coverage="100% (4/4)"/>
        <line number="1487" hits="2" branch="false"/>
        <line number="1489" hits="6" branch="true" condition-coverage="50% (1/2)"/>
        <line number="1490" hits="6" branch="true" condition-coverage="100% (2/2)"/>
        <line number="1492" hits="6" branch="false"/>
        <line number="1496" hits="57" branch="false"/>
        <line number="1497" hits="8" branch="false"/>
        <line number="1501" hits="57" branch="false"/>
        <line number="1502" hits="4" branch="false"/>
        <line number="1506" hits="57" branch="true" condition-coverage="100% (2/2)"/>
        <line number="1507" hits="2" branch="false"/>
        <line number="1508" hits="2" branch="false"/>
        <line number="1513" hits="57" branch="true" condition-coverage="100% (2/2)"/>
        <line number="1514" hits="4" branch="false"/>
        <line number="1518" hits="57" branch="true" condition-coverage="100% (2/2)"/>
        <line number="1519" hits="4" branch="false"/>
        <line number="1523" hits="57" branch="true" condition-coverage="50% (1/2)"/>
        <line number="1524" hits="0" branch="false"/>
        <line number="1528" hits="57" branch="true" condition-coverage="100% (2/2)"/>
        <line number="1529" hits="1" branch="false"/>
        <line number="1533" hits="57" branch="false"/>
        <line number="1536" hits="57" branch="true" condition-coverage="100% (2/2)"/>
        <line number="1537" hits="4" branch="false"/>
        <line number="1541" hits="57" branch="true" condition-coverage="100% (2/2)"/>
        <line number="1542" hits="4" branch="false"/>
        <line number="1545" hits="57" branch="false"/>
        <line number="1546" hits="57" branch="false"/>
      </lines>
    </class>
    <class name="index.ts" filename="src/index.ts" line-rate="1" branch-rate="1">
      <methods>
        <method name="default_1" hits="29" signature="()V">
          <lines>
            <line number="36" hits="29"/>
          </lines>
        </method>
        <method name="(anonymous_2)" hits="1" signature="()V">
          <lines>
            <line number="41" hits="1"/>
          </lines>
        </method>
        <method name="(anonymous_3)" hits="1" signature="()V">
          <lines>
            <line number="43" hits="1"/>
          </lines>
        </method>
        <method name="(anonymous_4)" hits="1" signature="()V">
          <lines>
            <line number="50" hits="1"/>
          </lines>
        </method>
        <method name="(anonymous_5)" hits="1" signature="()V">
          <lines>
            <line number="52" hits="1"/>
          </lines>
        </method>
        <method name="(anonymous_6)" hits="1" signature="()V">
          <lines>
            <line number="53" hits="1"/>
          </lines>
        </method>
        <method name="(anonymous_7)" hits="1" signature="()V">
          <lines>
            <line number="54" hits="1"/>
          </lines>
        </method>
        <method name="(anonymous_8)" hits="2" signature="()V">
          <lines>
            <line number="59" hits="2"/>
          </lines>
        </method>
        <method name="(anonymous_9)" hits="1" signature="()V">
          <lines>
            <line number="62" hits="1"/>
          </lines>
        </method>
        <method name="(anonymous_10)" hits="1" signature="()V">
          <lines>
            <line number="67" hits="1"/>
          </lines>
        </method>
        <method name="(anonymous_11)" hits="1" signature="()V">
          <lines>
            <line number="72" hits="1"/>
          </lines>
        </method>
        <method name="(anonymous_12)" hits="1" signature="()V">
          <lines>
            <line number="73" hits="1"/>
          </lines>
        </method>
        <method name="(anonymous_13)" hits="1" signature="()V">
          <lines>
            <line number="74" hits="1"/>
          </lines>
        </method>
        <method name="(anonymous_14)" hits="1" signature="()V">
          <lines>
            <line number="75" hits="1"/>
          </lines>
        </method>
        <method name="(anonymous_15)" hits="1" signature="()V">
          <lines>
            <line number="87" hits="1"/>
          </lines>
        </method>
        <method name="(anonymous_16)" hits="1" signature="()V">
          <lines>
            <line number="88" hits="1"/>
          </lines>
        </method>
      </methods>
      <lines>
        <line number="7" hits="1" branch="false"/>
        <line number="36" hits="1" branch="false"/>
        <line number="37" hits="29" branch="false"/>
        <line number="40" hits="1" branch="false"/>
        <line number="41" hits="2" branch="false"/>
        <line number="43" hits="2" branch="false"/>
        <line number="49" hits="1" branch="false"/>
        <line number="50" hits="2" branch="false"/>
        <line number="52" hits="2" branch="false"/>
        <line number="53" hits="2" branch="false"/>
        <line number="54" hits="2" branch="false"/>
        <line number="58" hits="1" branch="false"/>
        <line number="59" hits="3" branch="false"/>
        <line number="62" hits="2" branch="false"/>
        <line number="66" hits="1" branch="false"/>
        <line number="67" hits="2" branch="false"/>
        <line number="71" hits="1" branch="false"/>
        <line number="72" hits="2" branch="false"/>
        <line number="73" hits="2" branch="false"/>
        <line number="74" hits="2" branch="false"/>
        <line number="75" hits="2" branch="false"/>
        <line number="80" hits="1" branch="false"/>
        <line number="87" hits="2" branch="false"/>
        <line number="88" hits="2" branch="false"/>
      </lines>
    </class>
    <class name="tools.ts" filename="src/tools.ts" line-rate="0.975" branch-rate="0.9681000000000001">
      <methods>
        <method name="formatDate" hits="196" signature="()V">
          <lines>
            <line number="11" hits="196"/>
          </lines>
        </method>
        <method name="formatDateTZ" hits="89" signature="()V">
          <lines>
            <line number="93" hits="89"/>
          </lines>
        </method>
        <method name="escape" hits="157" signature="()V">
          <lines>
            <line number="108" hits="157"/>
          </lines>
        </method>
        <method name="(anonymous_3)" hits="39" signature="()V">
          <lines>
            <line number="109" hits="39"/>
          </lines>
        </method>
        <method name="foldLines" hits="55" signature="()V">
          <lines>
            <line number="114" hits="55"/>
          </lines>
        </method>
        <method name="(anonymous_5)" hits="871" signature="()V">
          <lines>
            <line number="115" hits="871"/>
          </lines>
        </method>
        <method name="addOrGetCustomAttributes" hits="102" signature="()V">
          <lines>
            <line number="142" hits="102"/>
          </lines>
        </method>
        <method name="(anonymous_7)" hits="7" signature="()V">
          <lines>
            <line number="144" hits="7"/>
          </lines>
        </method>
        <method name="(anonymous_8)" hits="5" signature="()V">
          <lines>
            <line number="159" hits="5"/>
          </lines>
        </method>
        <method name="(anonymous_9)" hits="12" signature="()V">
          <lines>
            <line number="178" hits="12"/>
          </lines>
        </method>
        <method name="generateCustomAttributes" hits="128" signature="()V">
          <lines>
            <line number="185" hits="128"/>
          </lines>
        </method>
        <method name="(anonymous_11)" hits="1" signature="()V">
          <lines>
            <line number="187" hits="1"/>
          </lines>
        </method>
        <method name="checkNameAndMail" hits="26" signature="()V">
          <lines>
            <line number="199" hits="26"/>
          </lines>
        </method>
        <method name="checkEnum" hits="150" signature="()V">
          <lines>
            <line number="249" hits="150"/>
          </lines>
        </method>
        <method name="checkDate" hits="291" signature="()V">
          <lines>
            <line number="264" hits="291"/>
          </lines>
        </method>
        <method name="toDate" hits="101" signature="()V">
          <lines>
            <line number="290" hits="101"/>
          </lines>
        </method>
        <method name="isMoment" hits="182" signature="()V">
          <lines>
            <line number="303" hits="182"/>
          </lines>
        </method>
        <method name="isMomentTZ" hits="17" signature="()V">
          <lines>
            <line number="308" hits="17"/>
          </lines>
        </method>
        <method name="isDayjs" hits="24" signature="()V">
          <lines>
            <line number="311" hits="24"/>
          </lines>
        </method>
        <method name="isLuxonDate" hits="171" signature="()V">
          <lines>
            <line number="318" hits="171"/>
          </lines>
        </method>
        <method name="isMomentDuration" hits="17" signature="()V">
          <lines>
            <line number="322" hits="17"/>
          </lines>
        </method>
        <method name="isRRule" hits="153" signature="()V">
          <lines>
            <line number="328" hits="153"/>
          </lines>
        </method>
        <method name="toJSON" hits="140" signature="()V">
          <lines>
            <line number="334" hits="140"/>
          </lines>
        </method>
        <method name="toDurationString" hits="25" signature="()V">
          <lines>
            <line number="345" hits="25"/>
          </lines>
        </method>
      </methods>
      <lines>
        <line number="11" hits="1" branch="false"/>
        <line number="12" hits="196" branch="true" condition-coverage="83.33333333333334% (5/6)"/>
        <line number="13" hits="0" branch="false"/>
        <line number="16" hits="196" branch="true" condition-coverage="100% (4/4)"/>
        <line number="17" hits="155" branch="false"/>
        <line number="20" hits="155" branch="false"/>
        <line number="25" hits="155" branch="true" condition-coverage="100% (2/2)"/>
        <line number="26" hits="23" branch="false"/>
        <line number="31" hits="155" branch="true" condition-coverage="100% (2/2)"/>
        <line number="32" hits="10" branch="false"/>
        <line number="35" hits="145" branch="true" condition-coverage="100% (2/2)"/>
        <line number="36" hits="21" branch="false"/>
        <line number="40" hits="21" branch="false"/>
        <line number="43" hits="124" branch="false"/>
        <line number="48" hits="124" branch="false"/>
        <line number="50" hits="41" branch="true" condition-coverage="100% (2/2)"/>
        <line number="52" hits="33" branch="true" condition-coverage="87.5% (7/8)"/>
        <line number="53" hits="33" branch="false"/>
        <line number="57" hits="8" branch="true" condition-coverage="100% (2/2)"/>
        <line number="58" hits="4" branch="true" condition-coverage="100% (4/4)"/>
        <line number="59" hits="4" branch="false"/>
        <line number="66" hits="4" branch="false"/>
        <line number="67" hits="4" branch="true" condition-coverage="100% (2/2)"/>
        <line number="70" hits="1" branch="true" condition-coverage="50% (1/2)"/>
        <line number="72" hits="3" branch="true" condition-coverage="100% (2/2)"/>
        <line number="77" hits="2" branch="true" condition-coverage="50% (1/2)"/>
        <line number="79" hits="2" branch="false"/>
        <line number="82" hits="0" branch="false"/>
        <line number="85" hits="4" branch="false"/>
        <line number="93" hits="1" branch="false"/>
        <line number="94" hits="89" branch="false"/>
        <line number="95" hits="89" branch="true" condition-coverage="100% (6/6)"/>
        <line number="97" hits="89" branch="true" condition-coverage="100% (6/6)"/>
        <line number="98" hits="19" branch="false"/>
        <line number="102" hits="19" branch="false"/>
        <line number="105" hits="89" branch="false"/>
        <line number="108" hits="1" branch="false"/>
        <line number="109" hits="157" branch="false"/>
        <line number="110" hits="39" branch="false"/>
        <line number="114" hits="1" branch="false"/>
        <line number="115" hits="55" branch="false"/>
        <line number="116" hits="871" branch="false"/>
        <line number="117" hits="871" branch="false"/>
        <line number="118" hits="871" branch="false"/>
        <line number="119" hits="20218" branch="false"/>
        <line number="122" hits="20218" branch="true" condition-coverage="100% (4/4)"/>
        <line number="123" hits="2" branch="false"/>
        <line number="126" hits="20218" branch="false"/>
        <line number="127" hits="20218" branch="false"/>
        <line number="128" hits="20218" branch="true" condition-coverage="100% (2/2)"/>
        <line number="129" hits="27" branch="false"/>
        <line number="130" hits="27" branch="false"/>
        <line number="133" hits="20218" branch="false"/>
        <line number="135" hits="871" branch="false"/>
        <line number="142" hits="1" branch="false"/>
        <line number="143" hits="102" branch="true" condition-coverage="100% (2/2)"/>
        <line number="144" hits="36" branch="false"/>
        <line number="145" hits="7" branch="true" condition-coverage="50% (1/2)"/>
        <line number="146" hits="0" branch="false"/>
        <line number="148" hits="7" branch="true" condition-coverage="100% (4/4)"/>
        <line number="149" hits="2" branch="false"/>
        <line number="151" hits="5" branch="true" condition-coverage="100% (2/2)"/>
        <line number="152" hits="1" branch="false"/>
        <line number="155" hits="4" branch="false"/>
        <line number="158" hits="66" branch="true" condition-coverage="100% (2/2)"/>
        <line number="159" hits="6" branch="false"/>
        <line number="160" hits="5" branch="true" condition-coverage="100% (4/4)"/>
        <line number="161" hits="1" branch="false"/>
        <line number="163" hits="4" branch="true" condition-coverage="100% (2/2)"/>
        <line number="164" hits="2" branch="false"/>
        <line number="167" hits="2" branch="false"/>
        <line number="170" hits="60" branch="true" condition-coverage="100% (4/4)"/>
        <line number="171" hits="9" branch="true" condition-coverage="100% (2/2)"/>
        <line number="172" hits="1" branch="false"/>
        <line number="175" hits="8" branch="false"/>
        <line number="178" hits="51" branch="false"/>
        <line number="185" hits="1" branch="false"/>
        <line number="186" hits="128" branch="false"/>
        <line number="187" hits="1" branch="false"/>
        <line number="189" hits="128" branch="true" condition-coverage="100% (2/2)"/>
        <line number="199" hits="1" branch="false"/>
        <line number="200" hits="26" branch="false"/>
        <line number="202" hits="26" branch="true" condition-coverage="100% (2/2)"/>
        <line number="203" hits="14" branch="false"/>
        <line number="204" hits="14" branch="true" condition-coverage="100% (2/2)"/>
        <line number="205" hits="6" branch="false"/>
        <line number="210" hits="8" branch="true" condition-coverage="100% (2/2)"/>
        <line number="211" hits="6" branch="false"/>
        <line number="217" hits="12" branch="true" condition-coverage="100% (2/2)"/>
        <line number="218" hits="10" branch="false"/>
        <line number="225" hits="26" branch="true" condition-coverage="100% (4/4)"/>
        <line number="226" hits="2" branch="false"/>
        <line number="231" hits="24" branch="true" condition-coverage="100% (2/2)"/>
        <line number="232" hits="2" branch="false"/>
        <line number="238" hits="22" branch="true" condition-coverage="100% (2/2)"/>
        <line number="239" hits="1" branch="false"/>
        <line number="242" hits="21" branch="false"/>
        <line number="249" hits="1" branch="false"/>
        <line number="250" hits="150" branch="false"/>
        <line number="251" hits="150" branch="false"/>
        <line number="253" hits="150" branch="true" condition-coverage="100% (4/4)"/>
        <line number="254" hits="22" branch="false"/>
        <line number="257" hits="128" branch="false"/>
        <line number="264" hits="1" branch="false"/>
        <line number="267" hits="291" branch="true" condition-coverage="100% (2/2)"/>
        <line number="271" hits="15" branch="false"/>
        <line number="273" hits="276" branch="true" condition-coverage="100% (4/4)"/>
        <line number="274" hits="154" branch="false"/>
        <line number="278" hits="122" branch="true" condition-coverage="100% (4/4)"/>
        <line number="279" hits="1" branch="false"/>
        <line number="283" hits="121" branch="true" condition-coverage="100% (5/5)"/>
        <line number="284" hits="97" branch="false"/>
        <line number="287" hits="24" branch="false"/>
        <line number="290" hits="1" branch="false"/>
        <line number="291" hits="101" branch="true" condition-coverage="100% (4/4)"/>
        <line number="292" hits="63" branch="false"/>
        <line number="296" hits="38" branch="true" condition-coverage="100% (2/2)"/>
        <line number="297" hits="1" branch="false"/>
        <line number="300" hits="37" branch="false"/>
        <line number="303" hits="1" branch="false"/>
        <line number="306" hits="182" branch="true" condition-coverage="100% (2/2)"/>
        <line number="308" hits="1" branch="false"/>
        <line number="309" hits="17" branch="true" condition-coverage="100% (2/2)"/>
        <line number="311" hits="1" branch="false"/>
        <line number="312" hits="24" branch="true" condition-coverage="100% (5/5)"/>
        <line number="318" hits="1" branch="false"/>
        <line number="319" hits="171" branch="true" condition-coverage="100% (3/3)"/>
        <line number="322" hits="1" branch="false"/>
        <line number="325" hits="17" branch="true" condition-coverage="100% (3/3)"/>
        <line number="328" hits="1" branch="false"/>
        <line number="331" hits="153" branch="true" condition-coverage="100% (4/4)"/>
        <line number="334" hits="1" branch="false"/>
        <line number="335" hits="140" branch="true" condition-coverage="100% (2/2)"/>
        <line number="336" hits="74" branch="false"/>
        <line number="338" hits="66" branch="true" condition-coverage="100% (2/2)"/>
        <line number="339" hits="6" branch="false"/>
        <line number="342" hits="60" branch="false"/>
        <line number="345" hits="1" branch="false"/>
        <line number="346" hits="25" branch="false"/>
        <line number="349" hits="25" branch="true" condition-coverage="100% (2/2)"/>
        <line number="350" hits="16" branch="false"/>
        <line number="351" hits="16" branch="false"/>
        <line number="354" hits="25" branch="false"/>
        <line number="357" hits="25" branch="true" condition-coverage="100% (2/2)"/>
        <line number="358" hits="4" branch="false"/>
        <line number="359" hits="4" branch="false"/>
        <line number="361" hits="25" branch="true" condition-coverage="100% (4/4)"/>
        <line number="362" hits="4" branch="false"/>
        <line number="365" hits="21" branch="false"/>
        <line number="368" hits="21" branch="true" condition-coverage="100% (2/2)"/>
        <line number="369" hits="2" branch="false"/>
        <line number="370" hits="2" branch="false"/>
        <line number="374" hits="21" branch="true" condition-coverage="100% (2/2)"/>
        <line number="375" hits="19" branch="false"/>
        <line number="376" hits="19" branch="false"/>
        <line number="380" hits="21" branch="true" condition-coverage="100% (2/2)"/>
        <line number="381" hits="1" branch="false"/>
        <line number="383" hits="20" branch="true" condition-coverage="50% (1/2)"/>
        <line number="384" hits="0" branch="false"/>
        <line number="387" hits="21" branch="false"/>
      </lines>
    </class>
    <class name="types.ts" filename="src/types.ts" line-rate="1" branch-rate="1">
      <methods>
        <method name="(anonymous_0)" hits="1" signature="()V">
          <lines>
            <line number="56" hits="1"/>
          </lines>
        </method>
        <method name="(anonymous_1)" hits="1" signature="()V">
          <lines>
            <line number="66" hits="1"/>
          </lines>
        </method>
      </methods>
      <lines>
        <line number="56" hits="1" branch="true" condition-coverage="100% (2/2)"/>
        <line number="57" hits="1" branch="false"/>
        <line number="58" hits="1" branch="false"/>
        <line number="59" hits="1" branch="false"/>
        <line number="60" hits="1" branch="false"/>
        <line number="61" hits="1" branch="false"/>
        <line number="62" hits="1" branch="false"/>
        <line number="63" hits="1" branch="false"/>
        <line number="66" hits="1" branch="true" condition-coverage="100% (2/2)"/>
        <line number="67" hits="1" branch="false"/>
        <line number="68" hits="1" branch="false"/>
        <line number="69" hits="1" branch="false"/>
        <line number="70" hits="1" branch="false"/>
        <line number="71" hits="1" branch="false"/>
        <line number="72" hits="1" branch="false"/>
        <line number="73" hits="1" branch="false"/>
      </lines>
    </class>
  </packages>
</coverage>
