{
  "stats": {
    "suites": 118,
    "tests": 401,
    "passes": 401,
    "pending": 0,
    "failures": 0,
    "start": "2021-04-02T14:40:58.332Z",
    "end": "2021-04-02T14:40:58.631Z",
    "duration": 299,
    "testsRegistered": 401,
    "passPercent": 100,
    "pendingPercent": 0,
    "other": 0,
    "hasOther": false,
    "skipped": 0,
    "hasSkipped": false
  },
  "results": [
    {
      "uuid": "858d312e-dd46-46e7-8875-3d2de33ee869",
      "title": "",
      "fullFile": "",
      "file": "",
      "beforeHooks": [],
      "afterHooks": [],
      "tests": [],
      "suites": [
        {
          "uuid": "090be856-b7c3-4768-b20f-10ad2142c92b",
          "title": "ical-generator Alarm",
          "fullFile": "/home/runner/work/ical-generator/ical-generator/test/alarm.ts",
          "file": "/test/alarm.ts",
          "beforeHooks": [],
          "afterHooks": [],
          "tests": [],
          "suites": [
            {
              "uuid": "82eae276-c7ab-4c22-9307-cc47339ffb9e",
              "title": "constructor()",
              "fullFile": "/home/runner/work/ical-generator/ical-generator/test/alarm.ts",
              "file": "/test/alarm.ts",
              "beforeHooks": [],
              "afterHooks": [],
              "tests": [
                {
                  "title": "shouldn't work without event reference",
                  "fullTitle": "ical-generator Alarm constructor() shouldn't work without event reference",
                  "timedOut": false,
                  "duration": 1,
                  "state": "passed",
                  "speed": "fast",
                  "pass": true,
                  "fail": false,
                  "pending": false,
                  "context": null,
                  "code": "assert_1.default.throws(function () {\n    // @ts-ignore\n    new alarm_1.default({ type: alarm_1.ICalAlarmType.display }, null);\n}, /`event`/);",
                  "err": {},
                  "uuid": "9c7f8a4f-0733-44a1-bcd0-71da295a70d2",
                  "parentUUID": "82eae276-c7ab-4c22-9307-cc47339ffb9e",
                  "isHook": false,
                  "skipped": false
                },
                {
                  "title": "should ignore unknown data attributes",
                  "fullTitle": "ical-generator Alarm constructor() should ignore unknown data attributes",
                  "timedOut": false,
                  "duration": 1,
                  "state": "passed",
                  "speed": "fast",
                  "pass": true,
                  "fail": false,
                  "pending": false,
                  "context": null,
                  "code": "const a = new alarm_1.default({\n    // @ts-ignore\n    unknown: true,\n    type: alarm_1.ICalAlarmType.display\n}, new event_1.default({}, new calendar_1.default()));\nassert_1.default.strictEqual(a.type(), 'display');",
                  "err": {},
                  "uuid": "b96146bc-a075-4d71-8291-f987b47e701c",
                  "parentUUID": "82eae276-c7ab-4c22-9307-cc47339ffb9e",
                  "isHook": false,
                  "skipped": false
                }
              ],
              "suites": [],
              "passes": [
                "9c7f8a4f-0733-44a1-bcd0-71da295a70d2",
                "b96146bc-a075-4d71-8291-f987b47e701c"
              ],
              "failures": [],
              "pending": [],
              "skipped": [],
              "duration": 2,
              "root": false,
              "rootEmpty": false,
              "_timeout": 2000
            },
            {
              "uuid": "80971eb0-b30a-44d3-a0b0-2988cd327b88",
              "title": "type()",
              "fullFile": "/home/runner/work/ical-generator/ical-generator/test/alarm.ts",
              "file": "/test/alarm.ts",
              "beforeHooks": [],
              "afterHooks": [],
              "tests": [
                {
                  "title": "setter should return this",
                  "fullTitle": "ical-generator Alarm type() setter should return this",
                  "timedOut": false,
                  "duration": 1,
                  "state": "passed",
                  "speed": "fast",
                  "pass": true,
                  "fail": false,
                  "pending": false,
                  "context": null,
                  "code": "const a = new alarm_1.default({}, new event_1.default({}, new calendar_1.default()));\nassert_1.default.deepStrictEqual(a, a.type(null));\nassert_1.default.deepStrictEqual(a, a.type(alarm_1.ICalAlarmType.display));",
                  "err": {},
                  "uuid": "e7127a99-9719-4cb7-86e7-5108b95334c6",
                  "parentUUID": "80971eb0-b30a-44d3-a0b0-2988cd327b88",
                  "isHook": false,
                  "skipped": false
                },
                {
                  "title": "getter should return value",
                  "fullTitle": "ical-generator Alarm type() getter should return value",
                  "timedOut": false,
                  "duration": 0,
                  "state": "passed",
                  "speed": "fast",
                  "pass": true,
                  "fail": false,
                  "pending": false,
                  "context": null,
                  "code": "const a = new alarm_1.default({}, new event_1.default({}, new calendar_1.default()));\nassert_1.default.strictEqual(a.type(), null);\na.type(alarm_1.ICalAlarmType.display);\nassert_1.default.strictEqual(a.type(), 'display');\na.type(null);\nassert_1.default.strictEqual(a.type(), null);",
                  "err": {},
                  "uuid": "20ead989-6ecb-437b-be0c-a7a203d566de",
                  "parentUUID": "80971eb0-b30a-44d3-a0b0-2988cd327b88",
                  "isHook": false,
                  "skipped": false
                },
                {
                  "title": "should throw error when type not allowed",
                  "fullTitle": "ical-generator Alarm type() should throw error when type not allowed",
                  "timedOut": false,
                  "duration": 0,
                  "state": "passed",
                  "speed": "fast",
                  "pass": true,
                  "fail": false,
                  "pending": false,
                  "context": null,
                  "code": "const a = new alarm_1.default({}, new event_1.default({}, new calendar_1.default()));\nassert_1.default.throws(function () {\n    // @ts-ignore\n    a.type('BANANA');\n}, /`type`/);",
                  "err": {},
                  "uuid": "ab08deb1-aece-493b-9503-453ef2682787",
                  "parentUUID": "80971eb0-b30a-44d3-a0b0-2988cd327b88",
                  "isHook": false,
                  "skipped": false
                },
                {
                  "title": "should change something",
                  "fullTitle": "ical-generator Alarm type() should change something",
                  "timedOut": false,
                  "duration": 1,
                  "state": "passed",
                  "speed": "fast",
                  "pass": true,
                  "fail": false,
                  "pending": false,
                  "context": null,
                  "code": "const a = new alarm_1.default({\n    type: alarm_1.ICalAlarmType.display,\n    trigger: 60 * 10\n}, new event_1.default({}, new calendar_1.default()));\nassert_1.default.ok(a.toString().indexOf('ACTION:DISPLAY') > -1);",
                  "err": {},
                  "uuid": "3bf5ca2f-93c9-45d7-b8db-9f05570d10e6",
                  "parentUUID": "80971eb0-b30a-44d3-a0b0-2988cd327b88",
                  "isHook": false,
                  "skipped": false
                }
              ],
              "suites": [],
              "passes": [
                "e7127a99-9719-4cb7-86e7-5108b95334c6",
                "20ead989-6ecb-437b-be0c-a7a203d566de",
                "ab08deb1-aece-493b-9503-453ef2682787",
                "3bf5ca2f-93c9-45d7-b8db-9f05570d10e6"
              ],
              "failures": [],
              "pending": [],
              "skipped": [],
              "duration": 2,
              "root": false,
              "rootEmpty": false,
              "_timeout": 2000
            },
            {
              "uuid": "63927301-a116-4a84-8e7c-46f3ef6b361e",
              "title": "trigger()",
              "fullFile": "/home/runner/work/ical-generator/ical-generator/test/alarm.ts",
              "file": "/test/alarm.ts",
              "beforeHooks": [],
              "afterHooks": [],
              "tests": [
                {
                  "title": "setter should return this",
                  "fullTitle": "ical-generator Alarm trigger() setter should return this",
                  "timedOut": false,
                  "duration": 0,
                  "state": "passed",
                  "speed": "fast",
                  "pass": true,
                  "fail": false,
                  "pending": false,
                  "context": null,
                  "code": "const a = new alarm_1.default({}, new event_1.default({}, new calendar_1.default()));\nassert_1.default.deepStrictEqual(a, a.trigger(null));\nassert_1.default.deepStrictEqual(a, a.trigger(60 * 10));",
                  "err": {},
                  "uuid": "ac972952-f8b0-496e-a968-e4afd56054e9",
                  "parentUUID": "63927301-a116-4a84-8e7c-46f3ef6b361e",
                  "isHook": false,
                  "skipped": false
                },
                {
                  "title": "getter should return value",
                  "fullTitle": "ical-generator Alarm trigger() getter should return value",
                  "timedOut": false,
                  "duration": 0,
                  "state": "passed",
                  "speed": "fast",
                  "pass": true,
                  "fail": false,
                  "pending": false,
                  "context": null,
                  "code": "const a = new alarm_1.default({}, new event_1.default({}, new calendar_1.default()));\nconst now = new Date();\nassert_1.default.strictEqual(a.trigger(), null);\nassert_1.default.strictEqual(a.triggerAfter(), null);\na.trigger(300);\nassert_1.default.strictEqual(a.trigger(), 300);\nassert_1.default.strictEqual(a.triggerAfter(), -300);\n// Date\na.trigger(now);\nconst dateResult = a.trigger();\nassert_1.default.deepStrictEqual(dateResult, now);\n// Null\na.trigger(null);\nassert_1.default.strictEqual(a.trigger(), null);\nassert_1.default.strictEqual(a.triggerAfter(), null);",
                  "err": {},
                  "uuid": "85727e3e-851c-464a-925e-9b28c16f6884",
                  "parentUUID": "63927301-a116-4a84-8e7c-46f3ef6b361e",
                  "isHook": false,
                  "skipped": false
                },
                {
                  "title": "should throw error when trigger not allowed",
                  "fullTitle": "ical-generator Alarm trigger() should throw error when trigger not allowed",
                  "timedOut": false,
                  "duration": 0,
                  "state": "passed",
                  "speed": "fast",
                  "pass": true,
                  "fail": false,
                  "pending": false,
                  "context": null,
                  "code": "const a = new alarm_1.default({}, new event_1.default({}, new calendar_1.default()));\nassert_1.default.throws(function () {\n    a.trigger(Infinity);\n}, /`trigger`/);\nassert_1.default.throws(function () {\n    // @ts-ignore\n    a.trigger('hi');\n}, /`trigger`/);\nassert_1.default.throws(function () {\n    // @ts-ignore\n    a.trigger(true);\n}, /`trigger`/);",
                  "err": {},
                  "uuid": "f902ef2f-e491-4011-800f-285b07fcffce",
                  "parentUUID": "63927301-a116-4a84-8e7c-46f3ef6b361e",
                  "isHook": false,
                  "skipped": false
                },
                {
                  "title": "setter should work with null",
                  "fullTitle": "ical-generator Alarm trigger() setter should work with null",
                  "timedOut": false,
                  "duration": 0,
                  "state": "passed",
                  "speed": "fast",
                  "pass": true,
                  "fail": false,
                  "pending": false,
                  "context": null,
                  "code": "const a = new alarm_1.default({}, new event_1.default({}, new calendar_1.default()));\na.trigger(60 * 10);\na.trigger(null);\nassert_1.default.strictEqual(a.trigger(), null);",
                  "err": {},
                  "uuid": "16472737-c821-4bf0-a637-5a2be22b4dc4",
                  "parentUUID": "63927301-a116-4a84-8e7c-46f3ef6b361e",
                  "isHook": false,
                  "skipped": false
                },
                {
                  "title": "setter should work with date",
                  "fullTitle": "ical-generator Alarm trigger() setter should work with date",
                  "timedOut": false,
                  "duration": 0,
                  "state": "passed",
                  "speed": "fast",
                  "pass": true,
                  "fail": false,
                  "pending": false,
                  "context": null,
                  "code": "const a = new alarm_1.default({}, new event_1.default({}, new calendar_1.default()));\na.trigger(new Date());\nassert_1.default.ok(a.trigger() instanceof Date);",
                  "err": {},
                  "uuid": "a75d0f64-b54b-446d-899e-2638cf1f82ce",
                  "parentUUID": "63927301-a116-4a84-8e7c-46f3ef6b361e",
                  "isHook": false,
                  "skipped": false
                },
                {
                  "title": "setter should work with moment instance",
                  "fullTitle": "ical-generator Alarm trigger() setter should work with moment instance",
                  "timedOut": false,
                  "duration": 1,
                  "state": "passed",
                  "speed": "fast",
                  "pass": true,
                  "fail": false,
                  "pending": false,
                  "context": null,
                  "code": "const a = new alarm_1.default({}, new event_1.default({}, new calendar_1.default()));\na.trigger(moment_timezone_1.default());\nassert_1.default.ok(moment_timezone_1.default.isMoment(a.trigger()));",
                  "err": {},
                  "uuid": "95d84ae4-b41b-4d56-a5c0-ca0d3ea0f0e2",
                  "parentUUID": "63927301-a116-4a84-8e7c-46f3ef6b361e",
                  "isHook": false,
                  "skipped": false
                },
                {
                  "title": "setter should work with number",
                  "fullTitle": "ical-generator Alarm trigger() setter should work with number",
                  "timedOut": false,
                  "duration": 1,
                  "state": "passed",
                  "speed": "fast",
                  "pass": true,
                  "fail": false,
                  "pending": false,
                  "context": null,
                  "code": "const a = new alarm_1.default({}, new event_1.default({}, new calendar_1.default()));\na.trigger(2 * 60);\nassert_1.default.strictEqual(a.trigger(), 120);",
                  "err": {},
                  "uuid": "324b5314-5a29-42cb-8b21-8223abd5f334",
                  "parentUUID": "63927301-a116-4a84-8e7c-46f3ef6b361e",
                  "isHook": false,
                  "skipped": false
                },
                {
                  "title": "should change something",
                  "fullTitle": "ical-generator Alarm trigger() should change something",
                  "timedOut": false,
                  "duration": 3,
                  "state": "passed",
                  "speed": "fast",
                  "pass": true,
                  "fail": false,
                  "pending": false,
                  "context": null,
                  "code": "const trigger = moment_timezone_1.default('2015-02-01T13:38:45.000Z');\nconst a = new alarm_1.default({ type: alarm_1.ICalAlarmType.display, trigger: 60 * 10 }, new event_1.default({}, new calendar_1.default()));\nassert_1.default.ok(a.toString().indexOf('TRIGGER:-PT10M') > -1);\na.trigger(trigger);\nassert_1.default.ok(a.toString().indexOf('TRIGGER;VALUE=DATE-TIME:20150201T133845Z') > -1);",
                  "err": {},
                  "uuid": "77bc2b59-73ce-40c6-98b5-b95d8232e3be",
                  "parentUUID": "63927301-a116-4a84-8e7c-46f3ef6b361e",
                  "isHook": false,
                  "skipped": false
                }
              ],
              "suites": [],
              "passes": [
                "ac972952-f8b0-496e-a968-e4afd56054e9",
                "85727e3e-851c-464a-925e-9b28c16f6884",
                "f902ef2f-e491-4011-800f-285b07fcffce",
                "16472737-c821-4bf0-a637-5a2be22b4dc4",
                "a75d0f64-b54b-446d-899e-2638cf1f82ce",
                "95d84ae4-b41b-4d56-a5c0-ca0d3ea0f0e2",
                "324b5314-5a29-42cb-8b21-8223abd5f334",
                "77bc2b59-73ce-40c6-98b5-b95d8232e3be"
              ],
              "failures": [],
              "pending": [],
              "skipped": [],
              "duration": 5,
              "root": false,
              "rootEmpty": false,
              "_timeout": 2000
            },
            {
              "uuid": "523748f5-f3e8-45e4-a609-60879ea971e1",
              "title": "triggerAfter()",
              "fullFile": "/home/runner/work/ical-generator/ical-generator/test/alarm.ts",
              "file": "/test/alarm.ts",
              "beforeHooks": [],
              "afterHooks": [],
              "tests": [
                {
                  "title": "setter should return this",
                  "fullTitle": "ical-generator Alarm triggerAfter() setter should return this",
                  "timedOut": false,
                  "duration": 0,
                  "state": "passed",
                  "speed": "fast",
                  "pass": true,
                  "fail": false,
                  "pending": false,
                  "context": null,
                  "code": "const a = new alarm_1.default({}, new event_1.default({}, new calendar_1.default()));\nassert_1.default.deepStrictEqual(a, a.triggerAfter(60 * 10));",
                  "err": {},
                  "uuid": "3d25dcb4-68bc-4a74-8a49-eb6fe2c33599",
                  "parentUUID": "523748f5-f3e8-45e4-a609-60879ea971e1",
                  "isHook": false,
                  "skipped": false
                },
                {
                  "title": "getter should return value",
                  "fullTitle": "ical-generator Alarm triggerAfter() getter should return value",
                  "timedOut": false,
                  "duration": 0,
                  "state": "passed",
                  "speed": "fast",
                  "pass": true,
                  "fail": false,
                  "pending": false,
                  "context": null,
                  "code": "const a = new alarm_1.default({}, new event_1.default({}, new calendar_1.default())).triggerAfter(300);\nassert_1.default.strictEqual(a.triggerAfter(), 300);\nassert_1.default.strictEqual(a.trigger(), -300);",
                  "err": {},
                  "uuid": "dfdd2405-79be-45aa-b984-03eee8a06a93",
                  "parentUUID": "523748f5-f3e8-45e4-a609-60879ea971e1",
                  "isHook": false,
                  "skipped": false
                },
                {
                  "title": "setter should work with number",
                  "fullTitle": "ical-generator Alarm triggerAfter() setter should work with number",
                  "timedOut": false,
                  "duration": 1,
                  "state": "passed",
                  "speed": "fast",
                  "pass": true,
                  "fail": false,
                  "pending": false,
                  "context": null,
                  "code": "const a = new alarm_1.default({}, new event_1.default({}, new calendar_1.default()));\na.triggerAfter(120);\nassert_1.default.strictEqual(a.trigger(), -120);",
                  "err": {},
                  "uuid": "f58820ef-356b-423a-beb9-ce0d310369a6",
                  "parentUUID": "523748f5-f3e8-45e4-a609-60879ea971e1",
                  "isHook": false,
                  "skipped": false
                },
                {
                  "title": "setter should throw error when trigger not allowed",
                  "fullTitle": "ical-generator Alarm triggerAfter() setter should throw error when trigger not allowed",
                  "timedOut": false,
                  "duration": 0,
                  "state": "passed",
                  "speed": "fast",
                  "pass": true,
                  "fail": false,
                  "pending": false,
                  "context": null,
                  "code": "const a = new alarm_1.default({}, new event_1.default({}, new calendar_1.default()));\nassert_1.default.throws(function () {\n    a.triggerAfter(Infinity);\n}, /`trigger`/);\nassert_1.default.throws(function () {\n    // @ts-ignore\n    a.triggerAfter('hi');\n}, /`trigger`/);\nassert_1.default.throws(function () {\n    // @ts-ignore\n    a.triggerAfter(true);\n}, /`trigger`/);",
                  "err": {},
                  "uuid": "ebe2450f-0753-4d6c-bd04-8cf94f4eab7e",
                  "parentUUID": "523748f5-f3e8-45e4-a609-60879ea971e1",
                  "isHook": false,
                  "skipped": false
                },
                {
                  "title": "should change something",
                  "fullTitle": "ical-generator Alarm triggerAfter() should change something",
                  "timedOut": false,
                  "duration": 1,
                  "state": "passed",
                  "speed": "fast",
                  "pass": true,
                  "fail": false,
                  "pending": false,
                  "context": null,
                  "code": "const trigger = moment_timezone_1.default('20150201T133845Z');\nconst a = new alarm_1.default({ type: alarm_1.ICalAlarmType.display, triggerAfter: 60 * 10 }, new event_1.default({}, new calendar_1.default()));\nassert_1.default.ok(a.toString().indexOf('TRIGGER;RELATED=END:PT10M') > -1);\na.triggerAfter(trigger);\nassert_1.default.ok(a.toString().indexOf('TRIGGER;VALUE=DATE-TIME:20150201T133845Z') > -1);",
                  "err": {},
                  "uuid": "03ba1a1e-4e7b-4860-a38e-7bc010bb4271",
                  "parentUUID": "523748f5-f3e8-45e4-a609-60879ea971e1",
                  "isHook": false,
                  "skipped": false
                }
              ],
              "suites": [],
              "passes": [
                "3d25dcb4-68bc-4a74-8a49-eb6fe2c33599",
                "dfdd2405-79be-45aa-b984-03eee8a06a93",
                "f58820ef-356b-423a-beb9-ce0d310369a6",
                "ebe2450f-0753-4d6c-bd04-8cf94f4eab7e",
                "03ba1a1e-4e7b-4860-a38e-7bc010bb4271"
              ],
              "failures": [],
              "pending": [],
              "skipped": [],
              "duration": 2,
              "root": false,
              "rootEmpty": false,
              "_timeout": 2000
            },
            {
              "uuid": "9fc81012-b8e5-4802-b5c2-d0a5b1e81a7d",
              "title": "triggerBefore()",
              "fullFile": "/home/runner/work/ical-generator/ical-generator/test/alarm.ts",
              "file": "/test/alarm.ts",
              "beforeHooks": [],
              "afterHooks": [],
              "tests": [
                {
                  "title": "setter should return this",
                  "fullTitle": "ical-generator Alarm triggerBefore() setter should return this",
                  "timedOut": false,
                  "duration": 0,
                  "state": "passed",
                  "speed": "fast",
                  "pass": true,
                  "fail": false,
                  "pending": false,
                  "context": null,
                  "code": "const a = new alarm_1.default({}, new event_1.default({}, new calendar_1.default()));\nassert_1.default.deepStrictEqual(a, a.triggerBefore(null));\nassert_1.default.deepStrictEqual(a, a.triggerBefore(60 * 10));",
                  "err": {},
                  "uuid": "e4497d64-03b8-4118-8d8b-4c9e9fe6f071",
                  "parentUUID": "9fc81012-b8e5-4802-b5c2-d0a5b1e81a7d",
                  "isHook": false,
                  "skipped": false
                },
                {
                  "title": "getter should return value",
                  "fullTitle": "ical-generator Alarm triggerBefore() getter should return value",
                  "timedOut": false,
                  "duration": 0,
                  "state": "passed",
                  "speed": "fast",
                  "pass": true,
                  "fail": false,
                  "pending": false,
                  "context": null,
                  "code": "const a = new alarm_1.default({}, new event_1.default({}, new calendar_1.default()));\nconst now = new Date();\nassert_1.default.strictEqual(a.triggerBefore(), null);\na.trigger(300);\nassert_1.default.strictEqual(a.triggerBefore(), 300);\n// Date\na.trigger(now);\nconst dateResult = a.triggerBefore();\nassert_1.default.deepStrictEqual(dateResult, now);\n// Null\na.trigger(null);\nassert_1.default.strictEqual(a.triggerBefore(), null);",
                  "err": {},
                  "uuid": "66b3be13-7d2d-4173-a453-c587e52936a2",
                  "parentUUID": "9fc81012-b8e5-4802-b5c2-d0a5b1e81a7d",
                  "isHook": false,
                  "skipped": false
                },
                {
                  "title": "should throw error when trigger not allowed",
                  "fullTitle": "ical-generator Alarm triggerBefore() should throw error when trigger not allowed",
                  "timedOut": false,
                  "duration": 1,
                  "state": "passed",
                  "speed": "fast",
                  "pass": true,
                  "fail": false,
                  "pending": false,
                  "context": null,
                  "code": "const a = new alarm_1.default({}, new event_1.default({}, new calendar_1.default()));\nassert_1.default.throws(function () {\n    a.triggerBefore(Infinity);\n}, /`trigger`/);\nassert_1.default.throws(function () {\n    // @ts-ignore\n    a.triggerBefore('hi');\n}, /`trigger`/);\nassert_1.default.throws(function () {\n    // @ts-ignore\n    a.triggerBefore(true);\n}, /`trigger`/);",
                  "err": {},
                  "uuid": "0c24cf22-6579-4834-a115-3e630cb5bbfa",
                  "parentUUID": "9fc81012-b8e5-4802-b5c2-d0a5b1e81a7d",
                  "isHook": false,
                  "skipped": false
                },
                {
                  "title": "setter should work with null",
                  "fullTitle": "ical-generator Alarm triggerBefore() setter should work with null",
                  "timedOut": false,
                  "duration": 0,
                  "state": "passed",
                  "speed": "fast",
                  "pass": true,
                  "fail": false,
                  "pending": false,
                  "context": null,
                  "code": "const a = new alarm_1.default({}, new event_1.default({}, new calendar_1.default()));\na.triggerBefore(60 * 10);\na.triggerBefore(null);\nassert_1.default.strictEqual(a.trigger(), null);",
                  "err": {},
                  "uuid": "674bf6f7-fd2b-492f-8fa2-b31651e09125",
                  "parentUUID": "9fc81012-b8e5-4802-b5c2-d0a5b1e81a7d",
                  "isHook": false,
                  "skipped": false
                },
                {
                  "title": "setter should work with date",
                  "fullTitle": "ical-generator Alarm triggerBefore() setter should work with date",
                  "timedOut": false,
                  "duration": 0,
                  "state": "passed",
                  "speed": "fast",
                  "pass": true,
                  "fail": false,
                  "pending": false,
                  "context": null,
                  "code": "const a = new alarm_1.default({}, new event_1.default({}, new calendar_1.default()));\nconst now = new Date();\na.triggerBefore(now);\nassert_1.default.deepStrictEqual(a.trigger(), now);",
                  "err": {},
                  "uuid": "5e420f76-9971-44e4-9b68-c4cb3a61923d",
                  "parentUUID": "9fc81012-b8e5-4802-b5c2-d0a5b1e81a7d",
                  "isHook": false,
                  "skipped": false
                },
                {
                  "title": "setter should work with moment instance",
                  "fullTitle": "ical-generator Alarm triggerBefore() setter should work with moment instance",
                  "timedOut": false,
                  "duration": 1,
                  "state": "passed",
                  "speed": "fast",
                  "pass": true,
                  "fail": false,
                  "pending": false,
                  "context": null,
                  "code": "const a = new alarm_1.default({}, new event_1.default({}, new calendar_1.default()));\na.triggerBefore(moment_timezone_1.default());\nassert_1.default.ok(moment_timezone_1.default.isMoment(a.trigger()));",
                  "err": {},
                  "uuid": "fffb8c1a-1238-4d0b-a667-09d1e8bb483b",
                  "parentUUID": "9fc81012-b8e5-4802-b5c2-d0a5b1e81a7d",
                  "isHook": false,
                  "skipped": false
                },
                {
                  "title": "setter should work with number",
                  "fullTitle": "ical-generator Alarm triggerBefore() setter should work with number",
                  "timedOut": false,
                  "duration": 0,
                  "state": "passed",
                  "speed": "fast",
                  "pass": true,
                  "fail": false,
                  "pending": false,
                  "context": null,
                  "code": "const a = new alarm_1.default({}, new event_1.default({}, new calendar_1.default()));\na.triggerBefore(2 * 60);\nassert_1.default.strictEqual(a.trigger(), 120);",
                  "err": {},
                  "uuid": "a5093ff7-335d-4df7-8678-cb77095eed59",
                  "parentUUID": "9fc81012-b8e5-4802-b5c2-d0a5b1e81a7d",
                  "isHook": false,
                  "skipped": false
                },
                {
                  "title": "should change something",
                  "fullTitle": "ical-generator Alarm triggerBefore() should change something",
                  "timedOut": false,
                  "duration": 1,
                  "state": "passed",
                  "speed": "fast",
                  "pass": true,
                  "fail": false,
                  "pending": false,
                  "context": null,
                  "code": "const trigger = moment_timezone_1.default('2015-02-01T13:38:45.000Z');\nconst a = new alarm_1.default({ type: alarm_1.ICalAlarmType.display, triggerBefore: 60 * 10 }, new event_1.default({}, new calendar_1.default()));\nassert_1.default.ok(a.toString().indexOf('TRIGGER:-PT10M') > -1);\na.triggerBefore(trigger);\nassert_1.default.ok(a.toString().indexOf('TRIGGER;VALUE=DATE-TIME:20150201T133845Z') > -1);",
                  "err": {},
                  "uuid": "2ad2ba21-a5ef-4d70-8c67-59bd825ce7d4",
                  "parentUUID": "9fc81012-b8e5-4802-b5c2-d0a5b1e81a7d",
                  "isHook": false,
                  "skipped": false
                }
              ],
              "suites": [],
              "passes": [
                "e4497d64-03b8-4118-8d8b-4c9e9fe6f071",
                "66b3be13-7d2d-4173-a453-c587e52936a2",
                "0c24cf22-6579-4834-a115-3e630cb5bbfa",
                "674bf6f7-fd2b-492f-8fa2-b31651e09125",
                "5e420f76-9971-44e4-9b68-c4cb3a61923d",
                "fffb8c1a-1238-4d0b-a667-09d1e8bb483b",
                "a5093ff7-335d-4df7-8678-cb77095eed59",
                "2ad2ba21-a5ef-4d70-8c67-59bd825ce7d4"
              ],
              "failures": [],
              "pending": [],
              "skipped": [],
              "duration": 3,
              "root": false,
              "rootEmpty": false,
              "_timeout": 2000
            },
            {
              "uuid": "78ed41ab-79ef-4e87-ba8b-e53a1d95358a",
              "title": "repeat()",
              "fullFile": "/home/runner/work/ical-generator/ical-generator/test/alarm.ts",
              "file": "/test/alarm.ts",
              "beforeHooks": [],
              "afterHooks": [],
              "tests": [
                {
                  "title": "setter should return this",
                  "fullTitle": "ical-generator Alarm repeat() setter should return this",
                  "timedOut": false,
                  "duration": 0,
                  "state": "passed",
                  "speed": "fast",
                  "pass": true,
                  "fail": false,
                  "pending": false,
                  "context": null,
                  "code": "const a = new alarm_1.default({}, new event_1.default({}, new calendar_1.default()));\nassert_1.default.deepStrictEqual(a, a.repeat(null));\nassert_1.default.deepStrictEqual(a, a.repeat(4));",
                  "err": {},
                  "uuid": "6839fc59-71ce-4e03-bd9b-98016f8f4207",
                  "parentUUID": "78ed41ab-79ef-4e87-ba8b-e53a1d95358a",
                  "isHook": false,
                  "skipped": false
                },
                {
                  "title": "getter should return value",
                  "fullTitle": "ical-generator Alarm repeat() getter should return value",
                  "timedOut": false,
                  "duration": 0,
                  "state": "passed",
                  "speed": "fast",
                  "pass": true,
                  "fail": false,
                  "pending": false,
                  "context": null,
                  "code": "const a = new alarm_1.default({}, new event_1.default({}, new calendar_1.default()));\nassert_1.default.strictEqual(a.repeat(), null);\na.repeat(100);\nassert_1.default.strictEqual(a.repeat(), 100);\na.repeat(null);\nassert_1.default.strictEqual(a.repeat(), null);",
                  "err": {},
                  "uuid": "17fa77eb-d6ec-46a9-b2ac-8998d0ebeebc",
                  "parentUUID": "78ed41ab-79ef-4e87-ba8b-e53a1d95358a",
                  "isHook": false,
                  "skipped": false
                },
                {
                  "title": "should throw error if repeat not allowed",
                  "fullTitle": "ical-generator Alarm repeat() should throw error if repeat not allowed",
                  "timedOut": false,
                  "duration": 0,
                  "state": "passed",
                  "speed": "fast",
                  "pass": true,
                  "fail": false,
                  "pending": false,
                  "context": null,
                  "code": "const a = new alarm_1.default({}, new event_1.default({}, new calendar_1.default()));\nassert_1.default.throws(function () {\n    a.repeat(Infinity);\n}, /`repeat`/);\nassert_1.default.throws(function () {\n    // @ts-ignore\n    a.repeat('hi');\n}, /`repeat`/);\nassert_1.default.throws(function () {\n    // @ts-ignore\n    a.repeat(true);\n}, /`repeat`/);",
                  "err": {},
                  "uuid": "60180308-585f-4fb5-856b-8ef45cb25992",
                  "parentUUID": "78ed41ab-79ef-4e87-ba8b-e53a1d95358a",
                  "isHook": false,
                  "skipped": false
                },
                {
                  "title": "should change something",
                  "fullTitle": "ical-generator Alarm repeat() should change something",
                  "timedOut": false,
                  "duration": 0,
                  "state": "passed",
                  "speed": "fast",
                  "pass": true,
                  "fail": false,
                  "pending": false,
                  "context": null,
                  "code": "const a = new alarm_1.default({\n    type: alarm_1.ICalAlarmType.display,\n    trigger: 300,\n    repeat: 42,\n    interval: 60\n}, new event_1.default({}, new calendar_1.default()));\nassert_1.default.ok(a.toString().indexOf('REPEAT:42') > -1);",
                  "err": {},
                  "uuid": "22e4dfc4-d8db-4f71-9277-e342ab326f78",
                  "parentUUID": "78ed41ab-79ef-4e87-ba8b-e53a1d95358a",
                  "isHook": false,
                  "skipped": false
                }
              ],
              "suites": [],
              "passes": [
                "6839fc59-71ce-4e03-bd9b-98016f8f4207",
                "17fa77eb-d6ec-46a9-b2ac-8998d0ebeebc",
                "60180308-585f-4fb5-856b-8ef45cb25992",
                "22e4dfc4-d8db-4f71-9277-e342ab326f78"
              ],
              "failures": [],
              "pending": [],
              "skipped": [],
              "duration": 0,
              "root": false,
              "rootEmpty": false,
              "_timeout": 2000
            },
            {
              "uuid": "8662c47d-6139-447f-bf4f-5efa6f2cd30b",
              "title": "interval()",
              "fullFile": "/home/runner/work/ical-generator/ical-generator/test/alarm.ts",
              "file": "/test/alarm.ts",
              "beforeHooks": [],
              "afterHooks": [],
              "tests": [
                {
                  "title": "setter should return this",
                  "fullTitle": "ical-generator Alarm interval() setter should return this",
                  "timedOut": false,
                  "duration": 0,
                  "state": "passed",
                  "speed": "fast",
                  "pass": true,
                  "fail": false,
                  "pending": false,
                  "context": null,
                  "code": "const a = new alarm_1.default({}, new event_1.default({}, new calendar_1.default()));\nassert_1.default.deepStrictEqual(a, a.interval(null));\nassert_1.default.deepStrictEqual(a, a.interval(60));",
                  "err": {},
                  "uuid": "442cd019-d0d5-41ae-bf53-d922edad09c8",
                  "parentUUID": "8662c47d-6139-447f-bf4f-5efa6f2cd30b",
                  "isHook": false,
                  "skipped": false
                },
                {
                  "title": "getter should return value",
                  "fullTitle": "ical-generator Alarm interval() getter should return value",
                  "timedOut": false,
                  "duration": 0,
                  "state": "passed",
                  "speed": "fast",
                  "pass": true,
                  "fail": false,
                  "pending": false,
                  "context": null,
                  "code": "const a = new alarm_1.default({}, new event_1.default({}, new calendar_1.default()));\nassert_1.default.strictEqual(a.interval(), null);\na.interval(30);\nassert_1.default.strictEqual(a.interval(), 30);\na.interval(null);\nassert_1.default.strictEqual(a.interval(), null);",
                  "err": {},
                  "uuid": "07cd60cb-f692-4e73-ad44-509569e408f2",
                  "parentUUID": "8662c47d-6139-447f-bf4f-5efa6f2cd30b",
                  "isHook": false,
                  "skipped": false
                },
                {
                  "title": "should throw error if repeat not allowed",
                  "fullTitle": "ical-generator Alarm interval() should throw error if repeat not allowed",
                  "timedOut": false,
                  "duration": 0,
                  "state": "passed",
                  "speed": "fast",
                  "pass": true,
                  "fail": false,
                  "pending": false,
                  "context": null,
                  "code": "const a = new alarm_1.default({}, new event_1.default({}, new calendar_1.default()));\nassert_1.default.throws(function () {\n    a.interval(Infinity);\n}, /`interval`/);\nassert_1.default.throws(function () {\n    // @ts-ignore\n    a.interval('hi');\n}, /`interval`/);\nassert_1.default.throws(function () {\n    // @ts-ignore\n    a.interval(true);\n}, /`interval`/);",
                  "err": {},
                  "uuid": "c38cbd19-75c4-4980-9ead-493b59aa5dc8",
                  "parentUUID": "8662c47d-6139-447f-bf4f-5efa6f2cd30b",
                  "isHook": false,
                  "skipped": false
                },
                {
                  "title": "should change something",
                  "fullTitle": "ical-generator Alarm interval() should change something",
                  "timedOut": false,
                  "duration": 0,
                  "state": "passed",
                  "speed": "fast",
                  "pass": true,
                  "fail": false,
                  "pending": false,
                  "context": null,
                  "code": "const a = new alarm_1.default({\n    type: alarm_1.ICalAlarmType.display,\n    trigger: 300,\n    repeat: 42,\n    interval: 90\n}, new event_1.default({}, new calendar_1.default()));\nassert_1.default.ok(a.toString().indexOf('DURATION:PT1M30S') > -1);",
                  "err": {},
                  "uuid": "ac8752c2-cf47-484a-8656-ee0952e8f488",
                  "parentUUID": "8662c47d-6139-447f-bf4f-5efa6f2cd30b",
                  "isHook": false,
                  "skipped": false
                }
              ],
              "suites": [],
              "passes": [
                "442cd019-d0d5-41ae-bf53-d922edad09c8",
                "07cd60cb-f692-4e73-ad44-509569e408f2",
                "c38cbd19-75c4-4980-9ead-493b59aa5dc8",
                "ac8752c2-cf47-484a-8656-ee0952e8f488"
              ],
              "failures": [],
              "pending": [],
              "skipped": [],
              "duration": 0,
              "root": false,
              "rootEmpty": false,
              "_timeout": 2000
            },
            {
              "uuid": "516088c4-b1d8-434b-9b9f-a82c2d6ecba7",
              "title": "attach()",
              "fullFile": "/home/runner/work/ical-generator/ical-generator/test/alarm.ts",
              "file": "/test/alarm.ts",
              "beforeHooks": [],
              "afterHooks": [],
              "tests": [
                {
                  "title": "setter should return this",
                  "fullTitle": "ical-generator Alarm attach() setter should return this",
                  "timedOut": false,
                  "duration": 0,
                  "state": "passed",
                  "speed": "fast",
                  "pass": true,
                  "fail": false,
                  "pending": false,
                  "context": null,
                  "code": "const a = new alarm_1.default({}, new event_1.default({}, new calendar_1.default()));\nassert_1.default.deepStrictEqual(a, a.attach(null));\nassert_1.default.deepStrictEqual(a, a.attach('https://sebbo.net/beep.aud'));",
                  "err": {},
                  "uuid": "d8d7af65-5b93-432c-b2c9-eb6091b836ac",
                  "parentUUID": "516088c4-b1d8-434b-9b9f-a82c2d6ecba7",
                  "isHook": false,
                  "skipped": false
                },
                {
                  "title": "getter should return value",
                  "fullTitle": "ical-generator Alarm attach() getter should return value",
                  "timedOut": false,
                  "duration": 1,
                  "state": "passed",
                  "speed": "fast",
                  "pass": true,
                  "fail": false,
                  "pending": false,
                  "context": null,
                  "code": "const t = { uri: 'https://example.com/alarm.aud', mime: 'audio/basic' };\nconst a = new alarm_1.default({}, new event_1.default({}, new calendar_1.default()));\nassert_1.default.strictEqual(a.attach(), null);\na.attach(t);\nassert_1.default.deepStrictEqual(a.attach(), t);\na.attach('https://www.example.com/beep.aud');\nassert_1.default.deepStrictEqual(a.attach(), {\n    uri: 'https://www.example.com/beep.aud',\n    mime: null\n});\na.attach({\n    uri: 'https://www.example.com/beep.aud'\n});\nassert_1.default.deepStrictEqual(a.attach(), {\n    uri: 'https://www.example.com/beep.aud',\n    mime: null\n});\na.attach(null);\nassert_1.default.strictEqual(a.attach(), null);",
                  "err": {},
                  "uuid": "1f161e21-6ddd-4507-8ef1-9e3b537e806c",
                  "parentUUID": "516088c4-b1d8-434b-9b9f-a82c2d6ecba7",
                  "isHook": false,
                  "skipped": false
                },
                {
                  "title": "should throw error withour uri",
                  "fullTitle": "ical-generator Alarm attach() should throw error withour uri",
                  "timedOut": false,
                  "duration": 0,
                  "state": "passed",
                  "speed": "fast",
                  "pass": true,
                  "fail": false,
                  "pending": false,
                  "context": null,
                  "code": "const a = new alarm_1.default({}, new event_1.default({}, new calendar_1.default()));\nassert_1.default.throws(function () {\n    // @ts-ignore\n    a.attach({ mime: 'audio/basic' });\n}, /`attach.uri`/);",
                  "err": {},
                  "uuid": "961c589c-949c-4c2c-91a0-8cb91db9ab6c",
                  "parentUUID": "516088c4-b1d8-434b-9b9f-a82c2d6ecba7",
                  "isHook": false,
                  "skipped": false
                },
                {
                  "title": "should throw error when unknown format",
                  "fullTitle": "ical-generator Alarm attach() should throw error when unknown format",
                  "timedOut": false,
                  "duration": 0,
                  "state": "passed",
                  "speed": "fast",
                  "pass": true,
                  "fail": false,
                  "pending": false,
                  "context": null,
                  "code": "const a = new alarm_1.default({}, new event_1.default({}, new calendar_1.default()));\nassert_1.default.throws(function () {\n    // @ts-ignore\n    a.attach(Infinity);\n}, /`attachment`/);",
                  "err": {},
                  "uuid": "5cdaa0e9-e849-4475-a2e8-8b565a57a642",
                  "parentUUID": "516088c4-b1d8-434b-9b9f-a82c2d6ecba7",
                  "isHook": false,
                  "skipped": false
                },
                {
                  "title": "should change something",
                  "fullTitle": "ical-generator Alarm attach() should change something",
                  "timedOut": false,
                  "duration": 1,
                  "state": "passed",
                  "speed": "fast",
                  "pass": true,
                  "fail": false,
                  "pending": false,
                  "context": null,
                  "code": "const a = new alarm_1.default({\n    type: alarm_1.ICalAlarmType.audio,\n    trigger: 300\n}, new event_1.default({}, new calendar_1.default()));\nassert_1.default.ok(a.toString().indexOf('\\r\\nATTACH;VALUE=URI:Basso') > -1);\na.attach('https://example.com/beep.aud');\nassert_1.default.ok(a.toString().indexOf('\\r\\nATTACH;VALUE=URI:https://example.com/beep.aud') > -1);\na.attach({\n    uri: 'https://example.com/beep.aud',\n    mime: 'audio/basic'\n});\nassert_1.default.ok(a.toString().indexOf('\\r\\nATTACH;FMTTYPE=audio/basic:https://example.com/beep.aud') > -1);",
                  "err": {},
                  "uuid": "86e0ca9a-d13d-4d1b-ad93-61caa1272e99",
                  "parentUUID": "516088c4-b1d8-434b-9b9f-a82c2d6ecba7",
                  "isHook": false,
                  "skipped": false
                }
              ],
              "suites": [],
              "passes": [
                "d8d7af65-5b93-432c-b2c9-eb6091b836ac",
                "1f161e21-6ddd-4507-8ef1-9e3b537e806c",
                "961c589c-949c-4c2c-91a0-8cb91db9ab6c",
                "5cdaa0e9-e849-4475-a2e8-8b565a57a642",
                "86e0ca9a-d13d-4d1b-ad93-61caa1272e99"
              ],
              "failures": [],
              "pending": [],
              "skipped": [],
              "duration": 2,
              "root": false,
              "rootEmpty": false,
              "_timeout": 2000
            },
            {
              "uuid": "a27613b5-7d59-4504-baeb-e00621492007",
              "title": "description()",
              "fullFile": "/home/runner/work/ical-generator/ical-generator/test/alarm.ts",
              "file": "/test/alarm.ts",
              "beforeHooks": [],
              "afterHooks": [],
              "tests": [
                {
                  "title": "setter should return this",
                  "fullTitle": "ical-generator Alarm description() setter should return this",
                  "timedOut": false,
                  "duration": 0,
                  "state": "passed",
                  "speed": "fast",
                  "pass": true,
                  "fail": false,
                  "pending": false,
                  "context": null,
                  "code": "const a = new alarm_1.default({}, new event_1.default({}, new calendar_1.default()));\nassert_1.default.deepStrictEqual(a, a.description(null));\nassert_1.default.deepStrictEqual(a, a.description('Hey Ho!'));",
                  "err": {},
                  "uuid": "c69aa96e-34ab-452f-8d71-24927cf94187",
                  "parentUUID": "a27613b5-7d59-4504-baeb-e00621492007",
                  "isHook": false,
                  "skipped": false
                },
                {
                  "title": "getter should return value",
                  "fullTitle": "ical-generator Alarm description() getter should return value",
                  "timedOut": false,
                  "duration": 0,
                  "state": "passed",
                  "speed": "fast",
                  "pass": true,
                  "fail": false,
                  "pending": false,
                  "context": null,
                  "code": "const a = new alarm_1.default({}, new event_1.default({}, new calendar_1.default()));\nassert_1.default.deepStrictEqual(a.description(), null);\na.description('blablabla');\nassert_1.default.deepStrictEqual(a.description(), 'blablabla');\na.description(null);\nassert_1.default.deepStrictEqual(a.description(), null);",
                  "err": {},
                  "uuid": "51d8c8c5-f786-44a5-a026-6a4862617c9f",
                  "parentUUID": "a27613b5-7d59-4504-baeb-e00621492007",
                  "isHook": false,
                  "skipped": false
                },
                {
                  "title": "should change something",
                  "fullTitle": "ical-generator Alarm description() should change something",
                  "timedOut": false,
                  "duration": 0,
                  "state": "passed",
                  "speed": "fast",
                  "pass": true,
                  "fail": false,
                  "pending": false,
                  "context": null,
                  "code": "const a = new alarm_1.default({\n    type: alarm_1.ICalAlarmType.display,\n    trigger: 300,\n    description: 'Huibuh!'\n}, new event_1.default({}, new calendar_1.default()));\nassert_1.default.ok(a.toString().indexOf('\\r\\nDESCRIPTION:Huibuh') > -1);",
                  "err": {},
                  "uuid": "4c7915ef-7732-4970-9bb2-45d0f210bbd9",
                  "parentUUID": "a27613b5-7d59-4504-baeb-e00621492007",
                  "isHook": false,
                  "skipped": false
                },
                {
                  "title": "should fallback to event summary",
                  "fullTitle": "ical-generator Alarm description() should fallback to event summary",
                  "timedOut": false,
                  "duration": 0,
                  "state": "passed",
                  "speed": "fast",
                  "pass": true,
                  "fail": false,
                  "pending": false,
                  "context": null,
                  "code": "const a = new alarm_1.default({\n    type: alarm_1.ICalAlarmType.display,\n    trigger: 300\n}, new event_1.default({\n    summary: 'Example Event'\n}, new calendar_1.default()));\nassert_1.default.ok(a.toString().indexOf('\\r\\nDESCRIPTION:Example Event') > -1);",
                  "err": {},
                  "uuid": "af916ca6-21fa-442d-8473-6213c616a553",
                  "parentUUID": "a27613b5-7d59-4504-baeb-e00621492007",
                  "isHook": false,
                  "skipped": false
                }
              ],
              "suites": [],
              "passes": [
                "c69aa96e-34ab-452f-8d71-24927cf94187",
                "51d8c8c5-f786-44a5-a026-6a4862617c9f",
                "4c7915ef-7732-4970-9bb2-45d0f210bbd9",
                "af916ca6-21fa-442d-8473-6213c616a553"
              ],
              "failures": [],
              "pending": [],
              "skipped": [],
              "duration": 0,
              "root": false,
              "rootEmpty": false,
              "_timeout": 2000
            },
            {
              "uuid": "c0b323c8-6e7f-471b-9259-285ab348e5d4",
              "title": "x()",
              "fullFile": "/home/runner/work/ical-generator/ical-generator/test/alarm.ts",
              "file": "/test/alarm.ts",
              "beforeHooks": [],
              "afterHooks": [],
              "tests": [
                {
                  "title": "is there",
                  "fullTitle": "ical-generator Alarm x() is there",
                  "timedOut": false,
                  "duration": 1,
                  "state": "passed",
                  "speed": "fast",
                  "pass": true,
                  "fail": false,
                  "pending": false,
                  "context": null,
                  "code": "const a = new alarm_1.default({}, new event_1.default({}, new calendar_1.default()));\nassert_1.default.deepStrictEqual(a, a.x('X-FOO', 'bar'));",
                  "err": {},
                  "uuid": "ddf62b6d-a3ce-4672-b60c-9ccc4ee394a4",
                  "parentUUID": "c0b323c8-6e7f-471b-9259-285ab348e5d4",
                  "isHook": false,
                  "skipped": false
                }
              ],
              "suites": [],
              "passes": [
                "ddf62b6d-a3ce-4672-b60c-9ccc4ee394a4"
              ],
              "failures": [],
              "pending": [],
              "skipped": [],
              "duration": 1,
              "root": false,
              "rootEmpty": false,
              "_timeout": 2000
            },
            {
              "uuid": "95bdf348-e380-4006-9c49-214da5da40a5",
              "title": "toJSON()",
              "fullFile": "/home/runner/work/ical-generator/ical-generator/test/alarm.ts",
              "file": "/test/alarm.ts",
              "beforeHooks": [],
              "afterHooks": [],
              "tests": [
                {
                  "title": "should work",
                  "fullTitle": "ical-generator Alarm toJSON() should work",
                  "timedOut": false,
                  "duration": 0,
                  "state": "passed",
                  "speed": "fast",
                  "pass": true,
                  "fail": false,
                  "pending": false,
                  "context": null,
                  "code": "const a = new alarm_1.default({}, new event_1.default({}, new calendar_1.default()));\na.type(alarm_1.ICalAlarmType.display);\na.trigger(120);\nassert_1.default.deepStrictEqual(a.toJSON(), {\n    attach: null,\n    description: null,\n    interval: null,\n    repeat: null,\n    trigger: 120,\n    type: 'display',\n    x: []\n});",
                  "err": {},
                  "uuid": "09fb5aee-739a-4d07-b69d-8e9ce1f669d6",
                  "parentUUID": "95bdf348-e380-4006-9c49-214da5da40a5",
                  "isHook": false,
                  "skipped": false
                },
                {
                  "title": "should be compatible with constructor (type check)",
                  "fullTitle": "ical-generator Alarm toJSON() should be compatible with constructor (type check)",
                  "timedOut": false,
                  "duration": 0,
                  "state": "passed",
                  "speed": "fast",
                  "pass": true,
                  "fail": false,
                  "pending": false,
                  "context": null,
                  "code": "const a = new alarm_1.default({}, new event_1.default({}, new calendar_1.default()));\nnew alarm_1.default(a.toJSON(), new event_1.default({}, new calendar_1.default()));",
                  "err": {},
                  "uuid": "02b042dd-a11f-47a6-8502-ee592cc8a46f",
                  "parentUUID": "95bdf348-e380-4006-9c49-214da5da40a5",
                  "isHook": false,
                  "skipped": false
                }
              ],
              "suites": [],
              "passes": [
                "09fb5aee-739a-4d07-b69d-8e9ce1f669d6",
                "02b042dd-a11f-47a6-8502-ee592cc8a46f"
              ],
              "failures": [],
              "pending": [],
              "skipped": [],
              "duration": 0,
              "root": false,
              "rootEmpty": false,
              "_timeout": 2000
            },
            {
              "uuid": "e4da4e21-7db4-47b2-b7fd-3fb13968e907",
              "title": "generate()",
              "fullFile": "/home/runner/work/ical-generator/ical-generator/test/alarm.ts",
              "file": "/test/alarm.ts",
              "beforeHooks": [],
              "afterHooks": [],
              "tests": [
                {
                  "title": "shoult throw an error without type",
                  "fullTitle": "ical-generator Alarm generate() shoult throw an error without type",
                  "timedOut": false,
                  "duration": 0,
                  "state": "passed",
                  "speed": "fast",
                  "pass": true,
                  "fail": false,
                  "pending": false,
                  "context": null,
                  "code": "const a = new alarm_1.default({ trigger: 300 }, new event_1.default({}, new calendar_1.default()));\nassert_1.default.throws(function () {\n    a.toString();\n}, /`type`/);",
                  "err": {},
                  "uuid": "c921361e-46d7-49fd-b619-fb432e908d24",
                  "parentUUID": "e4da4e21-7db4-47b2-b7fd-3fb13968e907",
                  "isHook": false,
                  "skipped": false
                },
                {
                  "title": "shoult throw an error without trigger",
                  "fullTitle": "ical-generator Alarm generate() shoult throw an error without trigger",
                  "timedOut": false,
                  "duration": 0,
                  "state": "passed",
                  "speed": "fast",
                  "pass": true,
                  "fail": false,
                  "pending": false,
                  "context": null,
                  "code": "const a = new alarm_1.default({ type: alarm_1.ICalAlarmType.display }, new event_1.default({}, new calendar_1.default()));\nassert_1.default.throws(function () {\n    a.toString();\n}, /`trigger`/);",
                  "err": {},
                  "uuid": "8a640eb4-0c1c-4bc0-9ee6-f9d4bdd74d1c",
                  "parentUUID": "e4da4e21-7db4-47b2-b7fd-3fb13968e907",
                  "isHook": false,
                  "skipped": false
                },
                {
                  "title": "shoult throw an error if repeat is set but interval isn't",
                  "fullTitle": "ical-generator Alarm generate() shoult throw an error if repeat is set but interval isn't",
                  "timedOut": false,
                  "duration": 0,
                  "state": "passed",
                  "speed": "fast",
                  "pass": true,
                  "fail": false,
                  "pending": false,
                  "context": null,
                  "code": "const a = new alarm_1.default({ type: alarm_1.ICalAlarmType.display, trigger: 300, repeat: 4 }, new event_1.default({}, new calendar_1.default()));\nassert_1.default.throws(function () {\n    a.toString();\n}, /for `interval`/);",
                  "err": {},
                  "uuid": "6795ba43-128d-4c05-a538-3f9c954a6c63",
                  "parentUUID": "e4da4e21-7db4-47b2-b7fd-3fb13968e907",
                  "isHook": false,
                  "skipped": false
                },
                {
                  "title": "shoult throw an error if interval is set but repeat isn't",
                  "fullTitle": "ical-generator Alarm generate() shoult throw an error if interval is set but repeat isn't",
                  "timedOut": false,
                  "duration": 0,
                  "state": "passed",
                  "speed": "fast",
                  "pass": true,
                  "fail": false,
                  "pending": false,
                  "context": null,
                  "code": "const a = new alarm_1.default({\n    type: alarm_1.ICalAlarmType.display,\n    trigger: 300,\n    interval: 60\n}, new event_1.default({}, new calendar_1.default()));\nassert_1.default.throws(function () {\n    a.toString();\n}, /for `repeat`/);",
                  "err": {},
                  "uuid": "b14e0386-d624-4c0e-b43d-c1f42b5b7297",
                  "parentUUID": "e4da4e21-7db4-47b2-b7fd-3fb13968e907",
                  "isHook": false,
                  "skipped": false
                }
              ],
              "suites": [],
              "passes": [
                "c921361e-46d7-49fd-b619-fb432e908d24",
                "8a640eb4-0c1c-4bc0-9ee6-f9d4bdd74d1c",
                "6795ba43-128d-4c05-a538-3f9c954a6c63",
                "b14e0386-d624-4c0e-b43d-c1f42b5b7297"
              ],
              "failures": [],
              "pending": [],
              "skipped": [],
              "duration": 0,
              "root": false,
              "rootEmpty": false,
              "_timeout": 2000
            }
          ],
          "passes": [],
          "failures": [],
          "pending": [],
          "skipped": [],
          "duration": 0,
          "root": false,
          "rootEmpty": false,
          "_timeout": 2000
        },
        {
          "uuid": "fcbff4b4-1bd6-41c2-8fd4-ff7dee810bc1",
          "title": "ical-generator Attendee",
          "fullFile": "/home/runner/work/ical-generator/ical-generator/test/attendee.ts",
          "file": "/test/attendee.ts",
          "beforeHooks": [],
          "afterHooks": [],
          "tests": [],
          "suites": [
            {
              "uuid": "7864f50f-cd80-4a6a-af2c-2b8b77f2bd0a",
              "title": "constructor()",
              "fullFile": "/home/runner/work/ical-generator/ical-generator/test/attendee.ts",
              "file": "/test/attendee.ts",
              "beforeHooks": [],
              "afterHooks": [],
              "tests": [
                {
                  "title": "shoud set data from constructor",
                  "fullTitle": "ical-generator Attendee constructor() shoud set data from constructor",
                  "timedOut": false,
                  "duration": 0,
                  "state": "passed",
                  "speed": "fast",
                  "pass": true,
                  "fail": false,
                  "pending": false,
                  "context": null,
                  "code": "const data = {\n    name: 'John Doe',\n    email: 'john@example.org',\n    mailto: 'john+calendar@example.org',\n    status: attendee_1.ICalAttendeeStatus.ACCEPTED,\n    role: attendee_1.ICalAttendeeRole.REQ,\n    rsvp: false,\n    type: attendee_1.ICalAttendeeType.INDIVIDUAL,\n    delegatedTo: null,\n    delegatedFrom: null,\n    x: []\n};\nconst event = new attendee_1.default(data, new event_1.default({}, new calendar_1.default()));\nassert_1.default.deepStrictEqual(event.toJSON(), data);",
                  "err": {},
                  "uuid": "b68833bc-899d-474e-be23-7e6a7c1f44b4",
                  "parentUUID": "7864f50f-cd80-4a6a-af2c-2b8b77f2bd0a",
                  "isHook": false,
                  "skipped": false
                },
                {
                  "title": "shouldn't work without event reference",
                  "fullTitle": "ical-generator Attendee constructor() shouldn't work without event reference",
                  "timedOut": false,
                  "duration": 0,
                  "state": "passed",
                  "speed": "fast",
                  "pass": true,
                  "fail": false,
                  "pending": false,
                  "context": null,
                  "code": "assert_1.default.throws(function () {\n    // @ts-ignore\n    new attendee_1.default({ email: 'foo@bar.com' });\n}, /`event`/);",
                  "err": {},
                  "uuid": "2ec704f8-187e-48d1-9a7d-83d8a3ee9c99",
                  "parentUUID": "7864f50f-cd80-4a6a-af2c-2b8b77f2bd0a",
                  "isHook": false,
                  "skipped": false
                }
              ],
              "suites": [],
              "passes": [
                "b68833bc-899d-474e-be23-7e6a7c1f44b4",
                "2ec704f8-187e-48d1-9a7d-83d8a3ee9c99"
              ],
              "failures": [],
              "pending": [],
              "skipped": [],
              "duration": 0,
              "root": false,
              "rootEmpty": false,
              "_timeout": 2000
            },
            {
              "uuid": "cac9176b-6377-4901-a173-901e899901ea",
              "title": "name()",
              "fullFile": "/home/runner/work/ical-generator/ical-generator/test/attendee.ts",
              "file": "/test/attendee.ts",
              "beforeHooks": [],
              "afterHooks": [],
              "tests": [
                {
                  "title": "getter should return value",
                  "fullTitle": "ical-generator Attendee name() getter should return value",
                  "timedOut": false,
                  "duration": 0,
                  "state": "passed",
                  "speed": "fast",
                  "pass": true,
                  "fail": false,
                  "pending": false,
                  "context": null,
                  "code": "const a = new attendee_1.default({}, new event_1.default({}, new calendar_1.default()));\nassert_1.default.strictEqual(a.name(), null);\na.name('Sebastian');\nassert_1.default.strictEqual(a.name(), 'Sebastian');",
                  "err": {},
                  "uuid": "4d3a233e-a0bd-4723-a86f-a473486f9fc6",
                  "parentUUID": "cac9176b-6377-4901-a173-901e899901ea",
                  "isHook": false,
                  "skipped": false
                },
                {
                  "title": "setter should return this",
                  "fullTitle": "ical-generator Attendee name() setter should return this",
                  "timedOut": false,
                  "duration": 0,
                  "state": "passed",
                  "speed": "fast",
                  "pass": true,
                  "fail": false,
                  "pending": false,
                  "context": null,
                  "code": "const a = new attendee_1.default({}, new event_1.default({}, new calendar_1.default()));\nassert_1.default.deepStrictEqual(a, a.name(null));\nassert_1.default.deepStrictEqual(a, a.name('Sebastian'));",
                  "err": {},
                  "uuid": "1f345fb7-03b7-49d8-9378-c897d49589b4",
                  "parentUUID": "cac9176b-6377-4901-a173-901e899901ea",
                  "isHook": false,
                  "skipped": false
                },
                {
                  "title": "setter should change something",
                  "fullTitle": "ical-generator Attendee name() setter should change something",
                  "timedOut": false,
                  "duration": 0,
                  "state": "passed",
                  "speed": "fast",
                  "pass": true,
                  "fail": false,
                  "pending": false,
                  "context": null,
                  "code": "const a = new attendee_1.default({}, new event_1.default({}, new calendar_1.default()));\na.name('Sebastian');\nassert_1.default.strictEqual(a.name(), 'Sebastian');\na.name(null);\nassert_1.default.strictEqual(a.name(), null);",
                  "err": {},
                  "uuid": "9ab0ffd3-f953-4c42-8b5a-64577da6f172",
                  "parentUUID": "cac9176b-6377-4901-a173-901e899901ea",
                  "isHook": false,
                  "skipped": false
                }
              ],
              "suites": [],
              "passes": [
                "4d3a233e-a0bd-4723-a86f-a473486f9fc6",
                "1f345fb7-03b7-49d8-9378-c897d49589b4",
                "9ab0ffd3-f953-4c42-8b5a-64577da6f172"
              ],
              "failures": [],
              "pending": [],
              "skipped": [],
              "duration": 0,
              "root": false,
              "rootEmpty": false,
              "_timeout": 2000
            },
            {
              "uuid": "02aa799e-cfe2-4484-a15f-3c27d169b436",
              "title": "email()",
              "fullFile": "/home/runner/work/ical-generator/ical-generator/test/attendee.ts",
              "file": "/test/attendee.ts",
              "beforeHooks": [],
              "afterHooks": [],
              "tests": [
                {
                  "title": "getter should return value",
                  "fullTitle": "ical-generator Attendee email() getter should return value",
                  "timedOut": false,
                  "duration": 0,
                  "state": "passed",
                  "speed": "fast",
                  "pass": true,
                  "fail": false,
                  "pending": false,
                  "context": null,
                  "code": "const a = new attendee_1.default({}, new event_1.default({}, new calendar_1.default())).email('foo@example.com');\nassert_1.default.strictEqual(a.email(), 'foo@example.com');",
                  "err": {},
                  "uuid": "fad5f623-12b0-402a-aee4-f1a6a84700c9",
                  "parentUUID": "02aa799e-cfe2-4484-a15f-3c27d169b436",
                  "isHook": false,
                  "skipped": false
                },
                {
                  "title": "setter should return this",
                  "fullTitle": "ical-generator Attendee email() setter should return this",
                  "timedOut": false,
                  "duration": 0,
                  "state": "passed",
                  "speed": "fast",
                  "pass": true,
                  "fail": false,
                  "pending": false,
                  "context": null,
                  "code": "const a = new attendee_1.default({}, new event_1.default({}, new calendar_1.default()));\nassert_1.default.deepStrictEqual(a, a.email('foo@example.com'));",
                  "err": {},
                  "uuid": "f23072fb-9c72-4d37-b120-0f7bc5e183d0",
                  "parentUUID": "02aa799e-cfe2-4484-a15f-3c27d169b436",
                  "isHook": false,
                  "skipped": false
                },
                {
                  "title": "should change something",
                  "fullTitle": "ical-generator Attendee email() should change something",
                  "timedOut": false,
                  "duration": 1,
                  "state": "passed",
                  "speed": "fast",
                  "pass": true,
                  "fail": false,
                  "pending": false,
                  "context": null,
                  "code": "const a = new attendee_1.default({ email: 'mail@example.com' }, new event_1.default({}, new calendar_1.default()));\nassert_1.default.ok(a.toString().indexOf('mail@example.com') > -1);",
                  "err": {},
                  "uuid": "4eec5491-07d5-4814-954d-0a7274ce0aff",
                  "parentUUID": "02aa799e-cfe2-4484-a15f-3c27d169b436",
                  "isHook": false,
                  "skipped": false
                }
              ],
              "suites": [],
              "passes": [
                "fad5f623-12b0-402a-aee4-f1a6a84700c9",
                "f23072fb-9c72-4d37-b120-0f7bc5e183d0",
                "4eec5491-07d5-4814-954d-0a7274ce0aff"
              ],
              "failures": [],
              "pending": [],
              "skipped": [],
              "duration": 1,
              "root": false,
              "rootEmpty": false,
              "_timeout": 2000
            },
            {
              "uuid": "1ef7c53c-75ce-4dfe-b2fa-060caebb5ed9",
              "title": "mailto()",
              "fullFile": "/home/runner/work/ical-generator/ical-generator/test/attendee.ts",
              "file": "/test/attendee.ts",
              "beforeHooks": [],
              "afterHooks": [],
              "tests": [
                {
                  "title": "getter should return value",
                  "fullTitle": "ical-generator Attendee mailto() getter should return value",
                  "timedOut": false,
                  "duration": 0,
                  "state": "passed",
                  "speed": "fast",
                  "pass": true,
                  "fail": false,
                  "pending": false,
                  "context": null,
                  "code": "const a = new attendee_1.default({}, new event_1.default({}, new calendar_1.default()));\nassert_1.default.strictEqual(a.mailto(), null);\na.mailto('foo@example.com');\nassert_1.default.strictEqual(a.mailto(), 'foo@example.com');",
                  "err": {},
                  "uuid": "9b3786fb-a5ef-4f32-b7ec-dc84b877d5c5",
                  "parentUUID": "1ef7c53c-75ce-4dfe-b2fa-060caebb5ed9",
                  "isHook": false,
                  "skipped": false
                },
                {
                  "title": "setter should return this",
                  "fullTitle": "ical-generator Attendee mailto() setter should return this",
                  "timedOut": false,
                  "duration": 0,
                  "state": "passed",
                  "speed": "fast",
                  "pass": true,
                  "fail": false,
                  "pending": false,
                  "context": null,
                  "code": "const a = new attendee_1.default({}, new event_1.default({}, new calendar_1.default()));\nassert_1.default.deepStrictEqual(a, a.mailto(null));\nassert_1.default.deepStrictEqual(a, a.mailto('foo@example.com'));",
                  "err": {},
                  "uuid": "7769839e-d4b6-4821-bc9d-d1b75ab70f1e",
                  "parentUUID": "1ef7c53c-75ce-4dfe-b2fa-060caebb5ed9",
                  "isHook": false,
                  "skipped": false
                },
                {
                  "title": "should change mailto and keep email if present",
                  "fullTitle": "ical-generator Attendee mailto() should change mailto and keep email if present",
                  "timedOut": false,
                  "duration": 1,
                  "state": "passed",
                  "speed": "fast",
                  "pass": true,
                  "fail": false,
                  "pending": false,
                  "context": null,
                  "code": "const a = new attendee_1.default({ email: 'mail@example.com' }, new event_1.default({}, new calendar_1.default()));\na.mailto('mail2@example2.com');\nassert_1.default.ok(a.toString().indexOf('EMAIL=mail@example.com') > -1 &&\n    a.toString().indexOf('MAILTO:mail2@example2.com') > -1);",
                  "err": {},
                  "uuid": "c0306000-5e3b-48ea-8cc2-d5f68425bcf1",
                  "parentUUID": "1ef7c53c-75ce-4dfe-b2fa-060caebb5ed9",
                  "isHook": false,
                  "skipped": false
                }
              ],
              "suites": [],
              "passes": [
                "9b3786fb-a5ef-4f32-b7ec-dc84b877d5c5",
                "7769839e-d4b6-4821-bc9d-d1b75ab70f1e",
                "c0306000-5e3b-48ea-8cc2-d5f68425bcf1"
              ],
              "failures": [],
              "pending": [],
              "skipped": [],
              "duration": 1,
              "root": false,
              "rootEmpty": false,
              "_timeout": 2000
            },
            {
              "uuid": "9a1477bf-6a58-43c4-ad47-e9d802df3179",
              "title": "role()",
              "fullFile": "/home/runner/work/ical-generator/ical-generator/test/attendee.ts",
              "file": "/test/attendee.ts",
              "beforeHooks": [],
              "afterHooks": [],
              "tests": [
                {
                  "title": "setter should return this",
                  "fullTitle": "ical-generator Attendee role() setter should return this",
                  "timedOut": false,
                  "duration": 0,
                  "state": "passed",
                  "speed": "fast",
                  "pass": true,
                  "fail": false,
                  "pending": false,
                  "context": null,
                  "code": "const a = new attendee_1.default({}, new event_1.default({}, new calendar_1.default()));\nassert_1.default.deepStrictEqual(a, a.role(attendee_1.ICalAttendeeRole.REQ));",
                  "err": {},
                  "uuid": "f16b3166-7625-4236-8d2e-c87dd8566d28",
                  "parentUUID": "9a1477bf-6a58-43c4-ad47-e9d802df3179",
                  "isHook": false,
                  "skipped": false
                },
                {
                  "title": "getter should return value",
                  "fullTitle": "ical-generator Attendee role() getter should return value",
                  "timedOut": false,
                  "duration": 0,
                  "state": "passed",
                  "speed": "fast",
                  "pass": true,
                  "fail": false,
                  "pending": false,
                  "context": null,
                  "code": "const a = new attendee_1.default({}, new event_1.default({}, new calendar_1.default())).role(attendee_1.ICalAttendeeRole.REQ);\nassert_1.default.strictEqual(a.role(), 'REQ-PARTICIPANT');",
                  "err": {},
                  "uuid": "c282e13e-0bb4-4200-b7b5-1523a7ed1b3b",
                  "parentUUID": "9a1477bf-6a58-43c4-ad47-e9d802df3179",
                  "isHook": false,
                  "skipped": false
                },
                {
                  "title": "should throw error when method empty",
                  "fullTitle": "ical-generator Attendee role() should throw error when method empty",
                  "timedOut": false,
                  "duration": 1,
                  "state": "passed",
                  "speed": "fast",
                  "pass": true,
                  "fail": false,
                  "pending": false,
                  "context": null,
[...]
              "fullFile": "/home/runner/work/ical-generator/ical-generator/test/tools.ts",
              "file": "/test/tools.ts",
              "beforeHooks": [],
              "afterHooks": [],
              "tests": [],
              "suites": [
                {
                  "uuid": "c0a2f147-b362-4626-8eca-8d00145da637",
                  "title": "Date",
                  "fullFile": "/home/runner/work/ical-generator/ical-generator/test/tools.ts",
                  "file": "/test/tools.ts",
                  "beforeHooks": [],
                  "afterHooks": [],
                  "tests": [
                    {
                      "title": "should work with valid Date",
                      "fullTitle": "ICalTools checkDate() Date should work with valid Date",
                      "timedOut": false,
                      "duration": 0,
                      "state": "passed",
                      "speed": "fast",
                      "pass": true,
                      "fail": false,
                      "pending": false,
                      "context": null,
                      "code": "const date = new Date();\nassert_1.default.equal(tools_1.checkDate(date, 'foo'), date);",
                      "err": {},
                      "uuid": "a92a7b27-1c93-4b8a-aa77-f547f7667f74",
                      "parentUUID": "c0a2f147-b362-4626-8eca-8d00145da637",
                      "isHook": false,
                      "skipped": false
                    },
                    {
                      "title": "should throw error for invalid Date",
                      "fullTitle": "ICalTools checkDate() Date should throw error for invalid Date",
                      "timedOut": false,
                      "duration": 0,
                      "state": "passed",
                      "speed": "fast",
                      "pass": true,
                      "fail": false,
                      "pending": false,
                      "context": null,
                      "code": "const date = new Date('foo');\nassert_1.default.throws(() => {\n    tools_1.checkDate(date, 'foo');\n}, /`foo` has to be a valid date!/);",
                      "err": {},
                      "uuid": "d70a2b9c-7aa1-4eba-9cec-f91d961f6e2e",
                      "parentUUID": "c0a2f147-b362-4626-8eca-8d00145da637",
                      "isHook": false,
                      "skipped": false
                    }
                  ],
                  "suites": [],
                  "passes": [
                    "a92a7b27-1c93-4b8a-aa77-f547f7667f74",
                    "d70a2b9c-7aa1-4eba-9cec-f91d961f6e2e"
                  ],
                  "failures": [],
                  "pending": [],
                  "skipped": [],
                  "duration": 0,
                  "root": false,
                  "rootEmpty": false,
                  "_timeout": 2000
                },
                {
                  "uuid": "340417ed-32a0-4d0a-a987-3cfefdb4e44b",
                  "title": "String",
                  "fullFile": "/home/runner/work/ical-generator/ical-generator/test/tools.ts",
                  "file": "/test/tools.ts",
                  "beforeHooks": [],
                  "afterHooks": [],
                  "tests": [
                    {
                      "title": "should work with valid String",
                      "fullTitle": "ICalTools checkDate() String should work with valid String",
                      "timedOut": false,
                      "duration": 0,
                      "state": "passed",
                      "speed": "fast",
                      "pass": true,
                      "fail": false,
                      "pending": false,
                      "context": null,
                      "code": "const date = '2021-03-28T13:15:23.587Z';\nassert_1.default.equal(tools_1.checkDate(date, 'foo'), date);",
                      "err": {},
                      "uuid": "eb621405-910f-41a3-9ea2-781d9eddd7e7",
                      "parentUUID": "340417ed-32a0-4d0a-a987-3cfefdb4e44b",
                      "isHook": false,
                      "skipped": false
                    },
                    {
                      "title": "should throw error for invalid String",
                      "fullTitle": "ICalTools checkDate() String should throw error for invalid String",
                      "timedOut": false,
                      "duration": 0,
                      "state": "passed",
                      "speed": "fast",
                      "pass": true,
                      "fail": false,
                      "pending": false,
                      "context": null,
                      "code": "const date = 'foo';\nassert_1.default.throws(() => {\n    tools_1.checkDate(date, 'foo');\n}, /`foo` has to be a valid date!/);",
                      "err": {},
                      "uuid": "80e6a1e6-5b12-48e9-a8d4-29f81511dd77",
                      "parentUUID": "340417ed-32a0-4d0a-a987-3cfefdb4e44b",
                      "isHook": false,
                      "skipped": false
                    }
                  ],
                  "suites": [],
                  "passes": [
                    "eb621405-910f-41a3-9ea2-781d9eddd7e7",
                    "80e6a1e6-5b12-48e9-a8d4-29f81511dd77"
                  ],
                  "failures": [],
                  "pending": [],
                  "skipped": [],
                  "duration": 0,
                  "root": false,
                  "rootEmpty": false,
                  "_timeout": 2000
                },
                {
                  "uuid": "aa959609-ef34-4d3b-ba58-171bd910b3a9",
                  "title": "Luxon",
                  "fullFile": "/home/runner/work/ical-generator/ical-generator/test/tools.ts",
                  "file": "/test/tools.ts",
                  "beforeHooks": [],
                  "afterHooks": [],
                  "tests": [
                    {
                      "title": "should work with valid Luxon",
                      "fullTitle": "ICalTools checkDate() Luxon should work with valid Luxon",
                      "timedOut": false,
                      "duration": 0,
                      "state": "passed",
                      "speed": "fast",
                      "pass": true,
                      "fail": false,
                      "pending": false,
                      "context": null,
                      "code": "const date = luxon_1.DateTime.now();\nassert_1.default.equal(tools_1.checkDate(date, 'foo'), date);",
                      "err": {},
                      "uuid": "34237b77-b5e0-4405-99dd-613565668b2d",
                      "parentUUID": "aa959609-ef34-4d3b-ba58-171bd910b3a9",
                      "isHook": false,
                      "skipped": false
                    },
                    {
                      "title": "should throw error for invalid Luxon",
                      "fullTitle": "ICalTools checkDate() Luxon should throw error for invalid Luxon",
                      "timedOut": false,
                      "duration": 2,
                      "state": "passed",
                      "speed": "fast",
                      "pass": true,
                      "fail": false,
                      "pending": false,
                      "context": null,
                      "code": "const date = luxon_1.DateTime.fromISO('foo');\nassert_1.default.throws(() => {\n    tools_1.checkDate(date, 'foo');\n}, /`foo` has to be a valid date!/);",
                      "err": {},
                      "uuid": "cfeff1a4-489f-4703-ba42-da605531f92a",
                      "parentUUID": "aa959609-ef34-4d3b-ba58-171bd910b3a9",
                      "isHook": false,
                      "skipped": false
                    }
                  ],
                  "suites": [],
                  "passes": [
                    "34237b77-b5e0-4405-99dd-613565668b2d",
                    "cfeff1a4-489f-4703-ba42-da605531f92a"
                  ],
                  "failures": [],
                  "pending": [],
                  "skipped": [],
                  "duration": 2,
                  "root": false,
                  "rootEmpty": false,
                  "_timeout": 2000
                },
                {
                  "uuid": "40ff9d1a-f99d-4b9d-ac2c-50687cf3c736",
                  "title": "Moment",
                  "fullFile": "/home/runner/work/ical-generator/ical-generator/test/tools.ts",
                  "file": "/test/tools.ts",
                  "beforeHooks": [],
                  "afterHooks": [],
                  "tests": [
                    {
                      "title": "should work with valid Moment",
                      "fullTitle": "ICalTools checkDate() Moment should work with valid Moment",
                      "timedOut": false,
                      "duration": 0,
                      "state": "passed",
                      "speed": "fast",
                      "pass": true,
                      "fail": false,
                      "pending": false,
                      "context": null,
                      "code": "const date = moment_timezone_1.default();\nassert_1.default.equal(tools_1.checkDate(date, 'foo'), date);",
                      "err": {},
                      "uuid": "4e8dd61c-5351-4d7e-a7a2-f1c0627ab044",
                      "parentUUID": "40ff9d1a-f99d-4b9d-ac2c-50687cf3c736",
                      "isHook": false,
                      "skipped": false
                    },
                    {
                      "title": "should throw error for invalid Moment",
                      "fullTitle": "ICalTools checkDate() Moment should throw error for invalid Moment",
                      "timedOut": false,
                      "duration": 0,
                      "state": "passed",
                      "speed": "fast",
                      "pass": true,
                      "fail": false,
                      "pending": false,
                      "context": null,
                      "code": "const date = moment_timezone_1.default('foo');\nassert_1.default.throws(() => {\n    tools_1.checkDate(date, 'foo');\n}, /`foo` has to be a valid date!/);",
                      "err": {},
                      "uuid": "61fb7d89-b82f-43fd-84e3-a062b755f4b2",
                      "parentUUID": "40ff9d1a-f99d-4b9d-ac2c-50687cf3c736",
                      "isHook": false,
                      "skipped": false
                    }
                  ],
                  "suites": [],
                  "passes": [
                    "4e8dd61c-5351-4d7e-a7a2-f1c0627ab044",
                    "61fb7d89-b82f-43fd-84e3-a062b755f4b2"
                  ],
                  "failures": [],
                  "pending": [],
                  "skipped": [],
                  "duration": 0,
                  "root": false,
                  "rootEmpty": false,
                  "_timeout": 2000
                },
                {
                  "uuid": "032ea21f-ca20-412d-90e5-78dfe4d44314",
                  "title": "Day.js",
                  "fullFile": "/home/runner/work/ical-generator/ical-generator/test/tools.ts",
                  "file": "/test/tools.ts",
                  "beforeHooks": [],
                  "afterHooks": [],
                  "tests": [
                    {
                      "title": "should work with valid Day.js",
                      "fullTitle": "ICalTools checkDate() Day.js should work with valid Day.js",
                      "timedOut": false,
                      "duration": 0,
                      "state": "passed",
                      "speed": "fast",
                      "pass": true,
                      "fail": false,
                      "pending": false,
                      "context": null,
                      "code": "const date = dayjs_1.default();\nassert_1.default.equal(tools_1.checkDate(date, 'foo'), date);",
                      "err": {},
                      "uuid": "cec3d137-40c6-4b5a-9827-824d03213a1c",
                      "parentUUID": "032ea21f-ca20-412d-90e5-78dfe4d44314",
                      "isHook": false,
                      "skipped": false
                    },
                    {
                      "title": "should throw error for invalid Day.js",
                      "fullTitle": "ICalTools checkDate() Day.js should throw error for invalid Day.js",
                      "timedOut": false,
                      "duration": 0,
                      "state": "passed",
                      "speed": "fast",
                      "pass": true,
                      "fail": false,
                      "pending": false,
                      "context": null,
                      "code": "const date = dayjs_1.default('foo');\nassert_1.default.throws(() => {\n    tools_1.checkDate(date, 'foo');\n}, /`foo` has to be a valid date!/);",
                      "err": {},
                      "uuid": "5de22238-db5f-4e8a-bfca-16a0b7e5780a",
                      "parentUUID": "032ea21f-ca20-412d-90e5-78dfe4d44314",
                      "isHook": false,
                      "skipped": false
                    }
                  ],
                  "suites": [],
                  "passes": [
                    "cec3d137-40c6-4b5a-9827-824d03213a1c",
                    "5de22238-db5f-4e8a-bfca-16a0b7e5780a"
                  ],
                  "failures": [],
                  "pending": [],
                  "skipped": [],
                  "duration": 0,
                  "root": false,
                  "rootEmpty": false,
                  "_timeout": 2000
                }
              ],
              "passes": [],
              "failures": [],
              "pending": [],
              "skipped": [],
              "duration": 0,
              "root": false,
              "rootEmpty": false,
              "_timeout": 2000
            },
            {
              "uuid": "46ca2125-0292-4345-90a2-14b93ff9bd25",
              "title": "toDate()",
              "fullFile": "/home/runner/work/ical-generator/ical-generator/test/tools.ts",
              "file": "/test/tools.ts",
              "beforeHooks": [],
              "afterHooks": [],
              "tests": [
                {
                  "title": "should work with strings",
                  "fullTitle": "ICalTools toDate() should work with strings",
                  "timedOut": false,
                  "duration": 0,
                  "state": "passed",
                  "speed": "fast",
                  "pass": true,
                  "fail": false,
                  "pending": false,
                  "context": null,
                  "code": "const date = new Date();\nassert_1.default.deepStrictEqual(tools_1.toDate(date.toJSON()), date);",
                  "err": {},
                  "uuid": "6b108f91-b168-4ec6-b00b-91a733aa4a6f",
                  "parentUUID": "46ca2125-0292-4345-90a2-14b93ff9bd25",
                  "isHook": false,
                  "skipped": false
                },
                {
                  "title": "should work with native Date",
                  "fullTitle": "ICalTools toDate() should work with native Date",
                  "timedOut": false,
                  "duration": 0,
                  "state": "passed",
                  "speed": "fast",
                  "pass": true,
                  "fail": false,
                  "pending": false,
                  "context": null,
                  "code": "const date = new Date();\nassert_1.default.deepStrictEqual(tools_1.toDate(date), date);",
                  "err": {},
                  "uuid": "8b6aab13-8a0e-439e-b62b-17fab1f2a32f",
                  "parentUUID": "46ca2125-0292-4345-90a2-14b93ff9bd25",
                  "isHook": false,
                  "skipped": false
                },
                {
                  "title": "should work with moment object",
                  "fullTitle": "ICalTools toDate() should work with moment object",
                  "timedOut": false,
                  "duration": 0,
                  "state": "passed",
                  "speed": "fast",
                  "pass": true,
                  "fail": false,
                  "pending": false,
                  "context": null,
                  "code": "const date = new Date();\nassert_1.default.deepStrictEqual(tools_1.toDate(moment_timezone_1.default(date)), date);",
                  "err": {},
                  "uuid": "23465d37-45ec-4c0a-a89f-481e9e66f40c",
                  "parentUUID": "46ca2125-0292-4345-90a2-14b93ff9bd25",
                  "isHook": false,
                  "skipped": false
                },
                {
                  "title": "should work with Day.js object",
                  "fullTitle": "ICalTools toDate() should work with Day.js object",
                  "timedOut": false,
                  "duration": 0,
                  "state": "passed",
                  "speed": "fast",
                  "pass": true,
                  "fail": false,
                  "pending": false,
                  "context": null,
                  "code": "const date = new Date();\nassert_1.default.deepStrictEqual(tools_1.toDate(dayjs_1.default(date)), date);",
                  "err": {},
                  "uuid": "05ecec2f-6e32-4fec-b600-43341ecc56aa",
                  "parentUUID": "46ca2125-0292-4345-90a2-14b93ff9bd25",
                  "isHook": false,
                  "skipped": false
                },
                {
                  "title": "should work with luxon DateTime object",
                  "fullTitle": "ICalTools toDate() should work with luxon DateTime object",
                  "timedOut": false,
                  "duration": 1,
                  "state": "passed",
                  "speed": "fast",
                  "pass": true,
                  "fail": false,
                  "pending": false,
                  "context": null,
                  "code": "const date = new Date();\nassert_1.default.deepStrictEqual(tools_1.toDate(luxon_1.DateTime.fromJSDate(date)), date);",
                  "err": {},
                  "uuid": "5a36bf83-fc27-4f75-bc2f-e52418cdef08",
                  "parentUUID": "46ca2125-0292-4345-90a2-14b93ff9bd25",
                  "isHook": false,
                  "skipped": false
                }
              ],
              "suites": [],
              "passes": [
                "6b108f91-b168-4ec6-b00b-91a733aa4a6f",
                "8b6aab13-8a0e-439e-b62b-17fab1f2a32f",
                "23465d37-45ec-4c0a-a89f-481e9e66f40c",
                "05ecec2f-6e32-4fec-b600-43341ecc56aa",
                "5a36bf83-fc27-4f75-bc2f-e52418cdef08"
              ],
              "failures": [],
              "pending": [],
              "skipped": [],
              "duration": 1,
              "root": false,
              "rootEmpty": false,
              "_timeout": 2000
            }
          ],
          "passes": [],
          "failures": [],
          "pending": [],
          "skipped": [],
          "duration": 0,
          "root": false,
          "rootEmpty": false,
          "_timeout": 2000
        }
      ],
      "passes": [],
      "failures": [],
      "pending": [],
      "skipped": [],
      "duration": 0,
      "root": true,
      "rootEmpty": true,
      "_timeout": 2000
    }
  ],
  "meta": {
    "mocha": {
      "version": "8.3.0"
    },
    "mochawesome": {
      "options": {
        "quiet": false,
        "reportFilename": "mochawesome",
        "saveHtml": true,
        "saveJson": true,
        "consoleReporter": "spec",
        "useInlineDiffs": false,
        "code": true
      },
      "version": "6.2.2"
    },
    "marge": {
      "options": null,
      "version": "5.2.0"
    }
  }
}