{
  "stats": {
    "suites": 130,
    "tests": 445,
    "passes": 443,
    "pending": 2,
    "failures": 0,
    "start": "2024-04-16T18:33:32.247Z",
    "end": "2024-04-16T18:33:32.414Z",
    "duration": 167,
    "testsRegistered": 445,
    "passPercent": 100,
    "pendingPercent": 0.44943820224719105,
    "other": 0,
    "hasOther": false,
    "skipped": 0,
    "hasSkipped": false
  },
  "results": [
    {
      "uuid": "5fee55a6-ef1e-4948-9580-d9e16ecac827",
      "title": "",
      "fullFile": "",
      "file": "",
      "beforeHooks": [],
      "afterHooks": [],
      "tests": [],
      "suites": [
        {
          "uuid": "e48d216d-99f9-4bc8-813f-e5941e847067",
          "title": "ical-generator Alarm",
          "fullFile": "/home/runner/work/ical-generator/ical-generator/test/alarm.ts",
          "file": "/test/alarm.ts",
          "beforeHooks": [],
          "afterHooks": [],
          "tests": [],
          "suites": [
            {
              "uuid": "5c76ef7f-47fb-46b5-a95d-35e0a9585485",
              "title": "constructor()",
              "fullFile": "/home/runner/work/ical-generator/ical-generator/test/alarm.ts",
              "file": "/test/alarm.ts",
              "beforeHooks": [],
              "afterHooks": [],
              "tests": [
                {
                  "title": "shouldn't work without event reference",
                  "fullTitle": "ical-generator Alarm constructor() shouldn't work without event reference",
                  "timedOut": false,
                  "duration": 1,
                  "state": "passed",
                  "speed": "fast",
                  "pass": true,
                  "fail": false,
                  "pending": false,
                  "context": null,
                  "code": "assert.throws(function () {\n    // @ts-ignore\n    new ICalAlarm({ type: ICalAlarmType.display }, null);\n}, /`event`/);",
                  "err": {},
                  "uuid": "6a46c7ce-4b1d-49a1-af69-56c4947e7e82",
                  "parentUUID": "5c76ef7f-47fb-46b5-a95d-35e0a9585485",
                  "isHook": false,
                  "skipped": false
                },
                {
                  "title": "should ignore unknown data attributes",
                  "fullTitle": "ical-generator Alarm constructor() should ignore unknown data attributes",
                  "timedOut": false,
                  "duration": 1,
                  "state": "passed",
                  "speed": "fast",
                  "pass": true,
                  "fail": false,
                  "pending": false,
                  "context": null,
                  "code": "const a = new ICalAlarm({\n    // @ts-ignore\n    unknown: true,\n    type: ICalAlarmType.display\n}, new ICalEvent({\n    start: new Date()\n}, new ICalCalendar()));\nassert.strictEqual(a.type(), 'display');",
                  "err": {},
                  "uuid": "76f8fb55-4bac-4337-9b56-982d3987d39f",
                  "parentUUID": "5c76ef7f-47fb-46b5-a95d-35e0a9585485",
                  "isHook": false,
                  "skipped": false
                }
              ],
              "suites": [],
              "passes": [
                "6a46c7ce-4b1d-49a1-af69-56c4947e7e82",
                "76f8fb55-4bac-4337-9b56-982d3987d39f"
              ],
              "failures": [],
              "pending": [],
              "skipped": [],
              "duration": 2,
              "root": false,
              "rootEmpty": false,
              "_timeout": 2000
            },
            {
              "uuid": "bd8adec4-ebe6-43e7-a287-eb5041865ba6",
              "title": "type()",
              "fullFile": "/home/runner/work/ical-generator/ical-generator/test/alarm.ts",
              "file": "/test/alarm.ts",
              "beforeHooks": [],
              "afterHooks": [],
              "tests": [
                {
                  "title": "setter should return this",
                  "fullTitle": "ical-generator Alarm type() setter should return this",
                  "timedOut": false,
                  "duration": 0,
                  "state": "passed",
                  "speed": "fast",
                  "pass": true,
                  "fail": false,
                  "pending": false,
                  "context": null,
                  "code": "const a = new ICalAlarm({}, new ICalEvent({\n    start: new Date()\n}, new ICalCalendar()));\nassert.deepStrictEqual(a, a.type(ICalAlarmType.display));",
                  "err": {},
                  "uuid": "2267d854-c605-493f-b9e0-3714d2971032",
                  "parentUUID": "bd8adec4-ebe6-43e7-a287-eb5041865ba6",
                  "isHook": false,
                  "skipped": false
                },
                {
                  "title": "getter should return value",
                  "fullTitle": "ical-generator Alarm type() getter should return value",
                  "timedOut": false,
                  "duration": 0,
                  "state": "passed",
                  "speed": "fast",
                  "pass": true,
                  "fail": false,
                  "pending": false,
                  "context": null,
                  "code": "const a = new ICalAlarm({}, new ICalEvent({\n    start: new Date()\n}, new ICalCalendar()));\nassert.strictEqual(a.type(), 'display');\na.type(ICalAlarmType.audio);\nassert.strictEqual(a.type(), 'audio');",
                  "err": {},
                  "uuid": "759356e9-698a-4eef-acc2-3547deb47981",
                  "parentUUID": "bd8adec4-ebe6-43e7-a287-eb5041865ba6",
                  "isHook": false,
                  "skipped": false
                },
                {
                  "title": "should throw error when type not allowed",
                  "fullTitle": "ical-generator Alarm type() should throw error when type not allowed",
                  "timedOut": false,
                  "duration": 0,
                  "state": "passed",
                  "speed": "fast",
                  "pass": true,
                  "fail": false,
                  "pending": false,
                  "context": null,
                  "code": "const a = new ICalAlarm({}, new ICalEvent({\n    start: new Date()\n}, new ICalCalendar()));\nassert.throws(function () {\n    // @ts-ignore\n    a.type('BANANA');\n}, /`type`/);\nassert.throws(function () {\n    // @ts-ignore\n    a.type(null);\n}, /`type`/);",
                  "err": {},
                  "uuid": "9e6390f6-5743-41b8-bd98-972b6304e3ef",
                  "parentUUID": "bd8adec4-ebe6-43e7-a287-eb5041865ba6",
                  "isHook": false,
                  "skipped": false
                },
                {
                  "title": "should change something",
                  "fullTitle": "ical-generator Alarm type() should change something",
                  "timedOut": false,
                  "duration": 1,
                  "state": "passed",
                  "speed": "fast",
                  "pass": true,
                  "fail": false,
                  "pending": false,
                  "context": null,
                  "code": "const a = new ICalAlarm({}, new ICalEvent({ start: new Date() }, new ICalCalendar()));\nassert.ok(a.toString().indexOf('ACTION:DISPLAY') > -1);",
                  "err": {},
                  "uuid": "67ba8921-20d9-4b78-8179-17e0f046f01d",
                  "parentUUID": "bd8adec4-ebe6-43e7-a287-eb5041865ba6",
                  "isHook": false,
                  "skipped": false
                }
              ],
              "suites": [],
              "passes": [
                "2267d854-c605-493f-b9e0-3714d2971032",
                "759356e9-698a-4eef-acc2-3547deb47981",
                "9e6390f6-5743-41b8-bd98-972b6304e3ef",
                "67ba8921-20d9-4b78-8179-17e0f046f01d"
              ],
              "failures": [],
              "pending": [],
              "skipped": [],
              "duration": 1,
              "root": false,
              "rootEmpty": false,
              "_timeout": 2000
            },
            {
              "uuid": "b16d01ff-2457-4e85-a25a-294ed67dce7c",
              "title": "trigger()",
              "fullFile": "/home/runner/work/ical-generator/ical-generator/test/alarm.ts",
              "file": "/test/alarm.ts",
              "beforeHooks": [],
              "afterHooks": [],
              "tests": [
                {
                  "title": "setter should return this",
                  "fullTitle": "ical-generator Alarm trigger() setter should return this",
                  "timedOut": false,
                  "duration": 0,
                  "state": "passed",
                  "speed": "fast",
                  "pass": true,
                  "fail": false,
                  "pending": false,
                  "context": null,
                  "code": "const a = new ICalAlarm({}, new ICalEvent({ start: new Date() }, new ICalCalendar()));\nassert.deepStrictEqual(a, a.trigger(60 * 10));",
                  "err": {},
                  "uuid": "0650eb85-f29f-402b-94cf-b2642ae6284a",
                  "parentUUID": "b16d01ff-2457-4e85-a25a-294ed67dce7c",
                  "isHook": false,
                  "skipped": false
                },
                {
                  "title": "getter should return value",
                  "fullTitle": "ical-generator Alarm trigger() getter should return value",
                  "timedOut": false,
                  "duration": 0,
                  "state": "passed",
                  "speed": "fast",
                  "pass": true,
                  "fail": false,
                  "pending": false,
                  "context": null,
                  "code": "const a = new ICalAlarm({}, new ICalEvent({ start: new Date() }, new ICalCalendar()));\nconst now = new Date();\nassert.strictEqual(a.trigger(), 600);\nassert.strictEqual(a.triggerAfter(), -600);\na.trigger(300);\nassert.strictEqual(a.trigger(), 300);\nassert.strictEqual(a.triggerAfter(), -300);\n// Date\na.trigger(now);\nconst dateResult = a.trigger();\nassert.deepStrictEqual(dateResult, now);",
                  "err": {},
                  "uuid": "09338848-13f7-47db-b4c4-cb62df99615d",
                  "parentUUID": "b16d01ff-2457-4e85-a25a-294ed67dce7c",
                  "isHook": false,
                  "skipped": false
                },
                {
                  "title": "should throw error when trigger not allowed",
                  "fullTitle": "ical-generator Alarm trigger() should throw error when trigger not allowed",
                  "timedOut": false,
                  "duration": 0,
                  "state": "passed",
                  "speed": "fast",
                  "pass": true,
                  "fail": false,
                  "pending": false,
                  "context": null,
                  "code": "const a = new ICalAlarm({}, new ICalEvent({ start: new Date() }, new ICalCalendar()));\nassert.throws(function () {\n    a.trigger(Infinity);\n}, /`trigger`/);\nassert.throws(function () {\n    // @ts-ignore\n    a.trigger('hi');\n}, /`trigger`/);\nassert.throws(function () {\n    // @ts-ignore\n    a.trigger(true);\n}, /`trigger`/);",
                  "err": {},
                  "uuid": "9f491535-98f8-4933-8284-8a24ce9a2dcc",
                  "parentUUID": "b16d01ff-2457-4e85-a25a-294ed67dce7c",
                  "isHook": false,
                  "skipped": false
                },
                {
                  "title": "setter should work with date",
                  "fullTitle": "ical-generator Alarm trigger() setter should work with date",
                  "timedOut": false,
                  "duration": 0,
                  "state": "passed",
                  "speed": "fast",
                  "pass": true,
                  "fail": false,
                  "pending": false,
                  "context": null,
                  "code": "const a = new ICalAlarm({}, new ICalEvent({ start: new Date() }, new ICalCalendar()));\na.trigger(new Date());\nassert.ok(a.trigger() instanceof Date);",
                  "err": {},
                  "uuid": "bc57bd2d-6d70-4993-af19-ff69a0d3fc9f",
                  "parentUUID": "b16d01ff-2457-4e85-a25a-294ed67dce7c",
                  "isHook": false,
                  "skipped": false
                },
                {
                  "title": "setter should work with moment instance",
                  "fullTitle": "ical-generator Alarm trigger() setter should work with moment instance",
                  "timedOut": false,
                  "duration": 0,
                  "state": "passed",
                  "speed": "fast",
                  "pass": true,
                  "fail": false,
                  "pending": false,
                  "context": null,
                  "code": "const a = new ICalAlarm({}, new ICalEvent({ start: new Date() }, new ICalCalendar()));\na.trigger(moment());\nassert.ok(moment.isMoment(a.trigger()));",
                  "err": {},
                  "uuid": "7b0a04ee-5543-4e2f-b669-6eb6170589b1",
                  "parentUUID": "b16d01ff-2457-4e85-a25a-294ed67dce7c",
                  "isHook": false,
                  "skipped": false
                },
                {
                  "title": "setter should work with number",
                  "fullTitle": "ical-generator Alarm trigger() setter should work with number",
                  "timedOut": false,
                  "duration": 0,
                  "state": "passed",
                  "speed": "fast",
                  "pass": true,
                  "fail": false,
                  "pending": false,
                  "context": null,
                  "code": "const a = new ICalAlarm({}, new ICalEvent({ start: new Date() }, new ICalCalendar()));\na.trigger(2 * 60);\nassert.strictEqual(a.trigger(), 120);",
                  "err": {},
                  "uuid": "5faa232e-8096-44a0-94e8-bb9a5d1ce9cf",
                  "parentUUID": "b16d01ff-2457-4e85-a25a-294ed67dce7c",
                  "isHook": false,
                  "skipped": false
                },
                {
                  "title": "should change something",
                  "fullTitle": "ical-generator Alarm trigger() should change something",
                  "timedOut": false,
                  "duration": 3,
                  "state": "passed",
                  "speed": "fast",
                  "pass": true,
                  "fail": false,
                  "pending": false,
                  "context": null,
                  "code": "const trigger = moment('2015-02-01T13:38:45.000Z');\nconst a = new ICalAlarm({}, new ICalEvent({ start: new Date() }, new ICalCalendar()));\nassert.ok(a.toString().includes('TRIGGER:-PT10M'));\na.trigger(trigger);\nassert.ok(a.toString().includes('TRIGGER;VALUE=DATE-TIME:20150201T133845Z'));",
                  "err": {},
                  "uuid": "106b017a-2e15-4259-ac47-6de4de94ff18",
                  "parentUUID": "b16d01ff-2457-4e85-a25a-294ed67dce7c",
                  "isHook": false,
                  "skipped": false
                }
              ],
              "suites": [],
              "passes": [
                "0650eb85-f29f-402b-94cf-b2642ae6284a",
                "09338848-13f7-47db-b4c4-cb62df99615d",
                "9f491535-98f8-4933-8284-8a24ce9a2dcc",
                "bc57bd2d-6d70-4993-af19-ff69a0d3fc9f",
                "7b0a04ee-5543-4e2f-b669-6eb6170589b1",
                "5faa232e-8096-44a0-94e8-bb9a5d1ce9cf",
                "106b017a-2e15-4259-ac47-6de4de94ff18"
              ],
              "failures": [],
              "pending": [],
              "skipped": [],
              "duration": 3,
              "root": false,
              "rootEmpty": false,
              "_timeout": 2000
            },
            {
              "uuid": "fab3b1e4-fa32-401d-a711-81cecb9a19b7",
              "title": "triggerAfter()",
              "fullFile": "/home/runner/work/ical-generator/ical-generator/test/alarm.ts",
              "file": "/test/alarm.ts",
              "beforeHooks": [],
              "afterHooks": [],
              "tests": [
                {
                  "title": "setter should return this",
                  "fullTitle": "ical-generator Alarm triggerAfter() setter should return this",
                  "timedOut": false,
                  "duration": 0,
                  "state": "passed",
                  "speed": "fast",
                  "pass": true,
                  "fail": false,
                  "pending": false,
                  "context": null,
                  "code": "const a = new ICalAlarm({}, new ICalEvent({ start: new Date() }, new ICalCalendar()));\nassert.deepStrictEqual(a, a.triggerAfter(60 * 10));",
                  "err": {},
                  "uuid": "fe75e477-7297-4caa-8b5d-5b3b85d2297a",
                  "parentUUID": "fab3b1e4-fa32-401d-a711-81cecb9a19b7",
                  "isHook": false,
                  "skipped": false
                },
                {
                  "title": "getter should return value",
                  "fullTitle": "ical-generator Alarm triggerAfter() getter should return value",
                  "timedOut": false,
                  "duration": 0,
                  "state": "passed",
                  "speed": "fast",
                  "pass": true,
                  "fail": false,
                  "pending": false,
                  "context": null,
                  "code": "const a = new ICalAlarm({}, new ICalEvent({ start: new Date() }, new ICalCalendar())).triggerAfter(300);\nassert.strictEqual(a.triggerAfter(), 300);\nassert.strictEqual(a.trigger(), -300);",
                  "err": {},
                  "uuid": "efc9a01a-68bb-43e5-9c72-0fb04e37b538",
                  "parentUUID": "fab3b1e4-fa32-401d-a711-81cecb9a19b7",
                  "isHook": false,
                  "skipped": false
                },
                {
                  "title": "setter should work with number",
                  "fullTitle": "ical-generator Alarm triggerAfter() setter should work with number",
                  "timedOut": false,
                  "duration": 0,
                  "state": "passed",
                  "speed": "fast",
                  "pass": true,
                  "fail": false,
                  "pending": false,
                  "context": null,
                  "code": "const a = new ICalAlarm({}, new ICalEvent({ start: new Date() }, new ICalCalendar()));\na.triggerAfter(120);\nassert.strictEqual(a.trigger(), -120);",
                  "err": {},
                  "uuid": "3679d238-3968-41bd-912a-079fcf691940",
                  "parentUUID": "fab3b1e4-fa32-401d-a711-81cecb9a19b7",
                  "isHook": false,
                  "skipped": false
                },
                {
                  "title": "setter should throw error when trigger not allowed",
                  "fullTitle": "ical-generator Alarm triggerAfter() setter should throw error when trigger not allowed",
                  "timedOut": false,
                  "duration": 0,
                  "state": "passed",
                  "speed": "fast",
                  "pass": true,
                  "fail": false,
                  "pending": false,
                  "context": null,
                  "code": "const a = new ICalAlarm({}, new ICalEvent({ start: new Date() }, new ICalCalendar()));\nassert.throws(function () {\n    a.triggerAfter(Infinity);\n}, /`trigger`/);\nassert.throws(function () {\n    // @ts-ignore\n    a.triggerAfter('hi');\n}, /`trigger`/);\nassert.throws(function () {\n    // @ts-ignore\n    a.triggerAfter(true);\n}, /`trigger`/);",
                  "err": {},
                  "uuid": "9838aee5-52ef-4bab-a63c-4a19725ecdb8",
                  "parentUUID": "fab3b1e4-fa32-401d-a711-81cecb9a19b7",
                  "isHook": false,
                  "skipped": false
                },
                {
                  "title": "should change something",
                  "fullTitle": "ical-generator Alarm triggerAfter() should change something",
                  "timedOut": false,
                  "duration": 1,
                  "state": "passed",
                  "speed": "fast",
                  "pass": true,
                  "fail": false,
                  "pending": false,
                  "context": null,
                  "code": "const trigger = moment('20150201T133845Z');\nconst a = new ICalAlarm({ triggerAfter: 600 }, new ICalEvent({ start: new Date() }, new ICalCalendar()));\nassert.ok(a.toString().indexOf('TRIGGER;RELATED=END:PT10M') > -1);\na.triggerAfter(trigger);\nassert.ok(a.toString().indexOf('TRIGGER;VALUE=DATE-TIME:20150201T133845Z') > -1);",
                  "err": {},
                  "uuid": "6527c9d1-ce92-4fd4-9d60-3924ba474bfd",
                  "parentUUID": "fab3b1e4-fa32-401d-a711-81cecb9a19b7",
                  "isHook": false,
                  "skipped": false
                }
              ],
              "suites": [],
              "passes": [
                "fe75e477-7297-4caa-8b5d-5b3b85d2297a",
                "efc9a01a-68bb-43e5-9c72-0fb04e37b538",
                "3679d238-3968-41bd-912a-079fcf691940",
                "9838aee5-52ef-4bab-a63c-4a19725ecdb8",
                "6527c9d1-ce92-4fd4-9d60-3924ba474bfd"
              ],
              "failures": [],
              "pending": [],
              "skipped": [],
              "duration": 1,
              "root": false,
              "rootEmpty": false,
              "_timeout": 2000
            },
            {
              "uuid": "7458d94b-1822-4ae5-8eeb-bc2efac3685a",
              "title": "triggerBefore()",
              "fullFile": "/home/runner/work/ical-generator/ical-generator/test/alarm.ts",
              "file": "/test/alarm.ts",
              "beforeHooks": [],
              "afterHooks": [],
              "tests": [
                {
                  "title": "setter should return this",
                  "fullTitle": "ical-generator Alarm triggerBefore() setter should return this",
                  "timedOut": false,
                  "duration": 0,
                  "state": "passed",
                  "speed": "fast",
                  "pass": true,
                  "fail": false,
                  "pending": false,
                  "context": null,
                  "code": "const a = new ICalAlarm({}, new ICalEvent({ start: new Date() }, new ICalCalendar()));\nassert.deepStrictEqual(a, a.triggerBefore(60 * 10));",
                  "err": {},
                  "uuid": "0d421ab0-6055-4e21-98f9-3bfae4e172f0",
                  "parentUUID": "7458d94b-1822-4ae5-8eeb-bc2efac3685a",
                  "isHook": false,
                  "skipped": false
                },
                {
                  "title": "getter should return value",
                  "fullTitle": "ical-generator Alarm triggerBefore() getter should return value",
                  "timedOut": false,
                  "duration": 1,
                  "state": "passed",
                  "speed": "fast",
                  "pass": true,
                  "fail": false,
                  "pending": false,
                  "context": null,
                  "code": "const a = new ICalAlarm({}, new ICalEvent({ start: new Date() }, new ICalCalendar()));\nconst now = new Date();\nassert.strictEqual(a.triggerBefore(), 600);\na.trigger(300);\nassert.strictEqual(a.triggerBefore(), 300);\n// Date\na.trigger(now);\nconst dateResult = a.triggerBefore();\nassert.deepStrictEqual(dateResult, now);",
                  "err": {},
                  "uuid": "8d17d991-d92c-4b45-b58e-c4f011e97bfa",
                  "parentUUID": "7458d94b-1822-4ae5-8eeb-bc2efac3685a",
                  "isHook": false,
                  "skipped": false
                },
                {
                  "title": "should throw error when trigger not allowed",
                  "fullTitle": "ical-generator Alarm triggerBefore() should throw error when trigger not allowed",
                  "timedOut": false,
                  "duration": 0,
                  "state": "passed",
                  "speed": "fast",
                  "pass": true,
                  "fail": false,
                  "pending": false,
                  "context": null,
                  "code": "const a = new ICalAlarm({}, new ICalEvent({ start: new Date() }, new ICalCalendar()));\nassert.throws(function () {\n    a.triggerBefore(Infinity);\n}, /`trigger`/);\nassert.throws(function () {\n    // @ts-ignore\n    a.triggerBefore('hi');\n}, /`trigger`/);\nassert.throws(function () {\n    // @ts-ignore\n    a.triggerBefore(true);\n}, /`trigger`/);",
                  "err": {},
                  "uuid": "8efb8733-4f8e-44c8-8953-55e67494369e",
                  "parentUUID": "7458d94b-1822-4ae5-8eeb-bc2efac3685a",
                  "isHook": false,
                  "skipped": false
                },
                {
                  "title": "setter should work with date",
                  "fullTitle": "ical-generator Alarm triggerBefore() setter should work with date",
                  "timedOut": false,
                  "duration": 0,
                  "state": "passed",
                  "speed": "fast",
                  "pass": true,
                  "fail": false,
                  "pending": false,
                  "context": null,
                  "code": "const a = new ICalAlarm({}, new ICalEvent({ start: new Date() }, new ICalCalendar()));\nconst now = new Date();\na.triggerBefore(now);\nassert.deepStrictEqual(a.trigger(), now);",
                  "err": {},
                  "uuid": "acede413-f4d9-447a-bcd5-b9037e8acc96",
                  "parentUUID": "7458d94b-1822-4ae5-8eeb-bc2efac3685a",
                  "isHook": false,
                  "skipped": false
                },
                {
                  "title": "setter should work with moment instance",
                  "fullTitle": "ical-generator Alarm triggerBefore() setter should work with moment instance",
                  "timedOut": false,
                  "duration": 1,
                  "state": "passed",
                  "speed": "fast",
                  "pass": true,
                  "fail": false,
                  "pending": false,
                  "context": null,
                  "code": "const a = new ICalAlarm({ triggerBefore: moment() }, new ICalEvent({ start: new Date() }, new ICalCalendar()));\nassert.ok(moment.isMoment(a.trigger()));",
                  "err": {},
                  "uuid": "0c093253-f51d-4149-a3be-c814740db272",
                  "parentUUID": "7458d94b-1822-4ae5-8eeb-bc2efac3685a",
                  "isHook": false,
                  "skipped": false
                },
                {
                  "title": "setter should work with number",
                  "fullTitle": "ical-generator Alarm triggerBefore() setter should work with number",
                  "timedOut": false,
                  "duration": 0,
                  "state": "passed",
                  "speed": "fast",
                  "pass": true,
                  "fail": false,
                  "pending": false,
                  "context": null,
                  "code": "const a = new ICalAlarm({}, new ICalEvent({ start: new Date() }, new ICalCalendar()));\na.triggerBefore(2 * 60);\nassert.strictEqual(a.trigger(), 120);",
                  "err": {},
                  "uuid": "49c680ec-b638-41d8-9be5-86d15d7473dc",
                  "parentUUID": "7458d94b-1822-4ae5-8eeb-bc2efac3685a",
                  "isHook": false,
                  "skipped": false
                },
                {
                  "title": "should change something",
                  "fullTitle": "ical-generator Alarm triggerBefore() should change something",
                  "timedOut": false,
                  "duration": 0,
                  "state": "passed",
                  "speed": "fast",
                  "pass": true,
                  "fail": false,
                  "pending": false,
                  "context": null,
                  "code": "const trigger = moment('2015-02-01T13:38:45.000Z');\nconst a = new ICalAlarm({}, new ICalEvent({ start: new Date() }, new ICalCalendar()));\nassert.ok(a.toString().indexOf('TRIGGER:-PT10M') > -1);\na.triggerBefore(trigger);\nassert.ok(a.toString().indexOf('TRIGGER;VALUE=DATE-TIME:20150201T133845Z') > -1);",
                  "err": {},
                  "uuid": "a2094cc1-3c31-4ae1-aca7-e1f407224527",
                  "parentUUID": "7458d94b-1822-4ae5-8eeb-bc2efac3685a",
                  "isHook": false,
                  "skipped": false
                }
              ],
              "suites": [],
              "passes": [
                "0d421ab0-6055-4e21-98f9-3bfae4e172f0",
                "8d17d991-d92c-4b45-b58e-c4f011e97bfa",
                "8efb8733-4f8e-44c8-8953-55e67494369e",
                "acede413-f4d9-447a-bcd5-b9037e8acc96",
                "0c093253-f51d-4149-a3be-c814740db272",
                "49c680ec-b638-41d8-9be5-86d15d7473dc",
                "a2094cc1-3c31-4ae1-aca7-e1f407224527"
              ],
              "failures": [],
              "pending": [],
              "skipped": [],
              "duration": 2,
              "root": false,
              "rootEmpty": false,
              "_timeout": 2000
            },
            {
              "uuid": "18a815d1-c68e-41a8-b9d9-61df89a789ed",
              "title": "relatesTo()",
              "fullFile": "/home/runner/work/ical-generator/ical-generator/test/alarm.ts",
              "file": "/test/alarm.ts",
              "beforeHooks": [],
              "afterHooks": [],
              "tests": [
                {
                  "title": "setter should return this",
                  "fullTitle": "ical-generator Alarm relatesTo() setter should return this",
                  "timedOut": false,
                  "duration": 0,
                  "state": "passed",
                  "speed": "fast",
                  "pass": true,
                  "fail": false,
                  "pending": false,
                  "context": null,
                  "code": "const a = new ICalAlarm({}, new ICalEvent({ start: new Date() }, new ICalCalendar()));\nassert.deepStrictEqual(a, a.relatesTo(null));\nassert.deepStrictEqual(a, a.relatesTo(ICalAlarmRelatesTo.end));",
                  "err": {},
                  "uuid": "9b52b107-bb15-4140-bbfa-c420acbff4e5",
                  "parentUUID": "18a815d1-c68e-41a8-b9d9-61df89a789ed",
                  "isHook": false,
                  "skipped": false
                },
                {
                  "title": "getter should return value",
                  "fullTitle": "ical-generator Alarm relatesTo() getter should return value",
                  "timedOut": false,
                  "duration": 0,
                  "state": "passed",
                  "speed": "fast",
                  "pass": true,
                  "fail": false,
                  "pending": false,
                  "context": null,
                  "code": "const a = new ICalAlarm({}, new ICalEvent({ start: new Date() }, new ICalCalendar()));\na.relatesTo(ICalAlarmRelatesTo.end);\nassert.strictEqual(a.relatesTo(), ICalAlarmRelatesTo.end);\na.relatesTo(null);\nassert.strictEqual(a.relatesTo(), null);",
                  "err": {},
                  "uuid": "416355e9-232a-4d52-b773-e823bf9734c4",
                  "parentUUID": "18a815d1-c68e-41a8-b9d9-61df89a789ed",
                  "isHook": false,
                  "skipped": false
                },
                {
                  "title": "should throw if value is not `null`, \"START\" or \"END\"",
                  "fullTitle": "ical-generator Alarm relatesTo() should throw if value is not `null`, \"START\" or \"END\"",
                  "timedOut": false,
                  "duration": 0,
                  "state": "passed",
                  "speed": "fast",
                  "pass": true,
                  "fail": false,
                  "pending": false,
                  "context": null,
                  "code": "const a = new ICalAlarm({}, new ICalEvent({ start: new Date() }, new ICalCalendar()));\nassert.throws(function () {\n    // @ts-ignore\n    a.relatesTo('hi');\n}, /`relatesTo`/);\nassert.throws(function () {\n    // @ts-ignore\n    a.relatesTo(true);\n}, /`relatesTo`/);\nassert.throws(function () {\n    // @ts-ignore\n    a.relatesTo(Infinity);\n}, /`relatesTo`/);",
                  "err": {},
                  "uuid": "f5a2beb3-a73e-4f80-8d02-056687ad6e5f",
                  "parentUUID": "18a815d1-c68e-41a8-b9d9-61df89a789ed",
                  "isHook": false,
                  "skipped": false
                },
                {
                  "title": "should change RELATED",
                  "fullTitle": "ical-generator Alarm relatesTo() should change RELATED",
                  "timedOut": false,
                  "duration": 1,
                  "state": "passed",
                  "speed": "fast",
                  "pass": true,
                  "fail": false,
                  "pending": false,
                  "context": null,
                  "code": "const a = new ICalAlarm({}, new ICalEvent({ start: new Date() }, new ICalCalendar()));\nassert.ok(a.toString().indexOf('RELATED=START') === -1);\na.relatesTo(ICalAlarmRelatesTo.start);\nassert.ok(a.toString().indexOf('RELATED=START') > -1);\na.relatesTo(ICalAlarmRelatesTo.end);\nassert.ok(a.toString().indexOf('RELATED=END') > -1);",
                  "err": {},
                  "uuid": "2054ab1d-739d-443f-8066-ef920b10527e",
                  "parentUUID": "18a815d1-c68e-41a8-b9d9-61df89a789ed",
                  "isHook": false,
                  "skipped": false
                }
              ],
              "suites": [],
              "passes": [
                "9b52b107-bb15-4140-bbfa-c420acbff4e5",
                "416355e9-232a-4d52-b773-e823bf9734c4",
                "f5a2beb3-a73e-4f80-8d02-056687ad6e5f",
                "2054ab1d-739d-443f-8066-ef920b10527e"
              ],
              "failures": [],
              "pending": [],
              "skipped": [],
              "duration": 1,
              "root": false,
              "rootEmpty": false,
              "_timeout": 2000
            },
            {
              "uuid": "74f161af-ad13-46c5-969a-1cc73bd20cec",
              "title": "repeat()",
              "fullFile": "/home/runner/work/ical-generator/ical-generator/test/alarm.ts",
              "file": "/test/alarm.ts",
              "beforeHooks": [],
              "afterHooks": [],
              "tests": [
                {
                  "title": "setter should return this",
                  "fullTitle": "ical-generator Alarm repeat() setter should return this",
                  "timedOut": false,
                  "duration": 0,
                  "state": "passed",
                  "speed": "fast",
                  "pass": true,
                  "fail": false,
                  "pending": false,
                  "context": null,
                  "code": "const a = new ICalAlarm({}, new ICalEvent({ start: new Date() }, new ICalCalendar()));\nassert.deepStrictEqual(a, a.repeat({\n    times: 4,\n    interval: 60\n}));",
                  "err": {},
                  "uuid": "5ed1bd2c-ebc0-408a-918f-40309bcca6f5",
                  "parentUUID": "74f161af-ad13-46c5-969a-1cc73bd20cec",
                  "isHook": false,
                  "skipped": false
                },
                {
                  "title": "getter should return value",
                  "fullTitle": "ical-generator Alarm repeat() getter should return value",
                  "timedOut": false,
                  "duration": 0,
                  "state": "passed",
                  "speed": "fast",
                  "pass": true,
                  "fail": false,
                  "pending": false,
                  "context": null,
                  "code": "const a = new ICalAlarm({}, new ICalEvent({ start: new Date() }, new ICalCalendar()));\nassert.strictEqual(a.repeat(), null);\na.repeat({ times: 4, interval: 60 });\nassert.deepStrictEqual(a.repeat(), { times: 4, interval: 60 });",
                  "err": {},
                  "uuid": "4a068f65-f986-4d10-abd9-3f16c6f2765e",
                  "parentUUID": "74f161af-ad13-46c5-969a-1cc73bd20cec",
                  "isHook": false,
                  "skipped": false
                },
                {
                  "title": "should throw error if repeat not allowed",
                  "fullTitle": "ical-generator Alarm repeat() should throw error if repeat not allowed",
                  "timedOut": false,
                  "duration": 0,
                  "state": "passed",
                  "speed": "fast",
                  "pass": true,
                  "fail": false,
                  "pending": false,
                  "context": null,
                  "code": "const a = new ICalAlarm({}, new ICalEvent({ start: new Date() }, new ICalCalendar()));\nassert.throws(function () {\n    a.repeat({\n        times: Infinity,\n        interval: 60\n    });\n}, /`repeat.times`/);\nassert.throws(function () {\n    a.repeat({\n        // @ts-ignore\n        times: 'hi',\n        interval: 60\n    });\n}, /`repeat.times`/);\nassert.throws(function () {\n    a.repeat({\n        // @ts-ignore\n        times: true,\n        interval: 60\n    });\n}, /`repeat.times`/);\nassert.throws(function () {\n    a.repeat({\n        times: 4,\n        interval: Infinity\n    });\n}, /`repeat.interval`/);\nassert.throws(function () {\n    a.repeat({\n        times: 4,\n        // @ts-ignore\n        interval: 'hi'\n    });\n}, /`repeat.interval`/);\nassert.throws(function () {\n    a.repeat({\n        times: 4,\n        // @ts-ignore\n        interval: true\n    });\n}, /`repeat.interval`/);",
                  "err": {},
                  "uuid": "c2c5f583-c9e8-4dbf-b24b-d632c7e8cbc2",
                  "parentUUID": "74f161af-ad13-46c5-969a-1cc73bd20cec",
                  "isHook": false,
                  "skipped": false
                },
                {
                  "title": "should change something",
                  "fullTitle": "ical-generator Alarm repeat() should change something",
                  "timedOut": false,
                  "duration": 0,
                  "state": "passed",
                  "speed": "fast",
                  "pass": true,
                  "fail": false,
                  "pending": false,
                  "context": null,
                  "code": "const a = new ICalAlarm({\n    trigger: 300,\n    repeat: {\n        times: 42,\n        interval: 90\n    }\n}, new ICalEvent({ start: new Date() }, new ICalCalendar()));\nassert.ok(a.toString().includes('REPEAT:42'));\nassert.ok(a.toString().includes('DURATION:PT1M30S'));\na.repeat(null);\nassert.ok(!a.toString().includes('REPEAT:42'));\nassert.ok(!a.toString().includes('DURATION:PT1M30S'));",
                  "err": {},
                  "uuid": "690d32ae-0461-4566-b394-6a249a3ce6fe",
                  "parentUUID": "74f161af-ad13-46c5-969a-1cc73bd20cec",
                  "isHook": false,
                  "skipped": false
                },
                {
                  "title": "should throw an error if repeat is set but interval isn't",
                  "fullTitle": "ical-generator Alarm repeat() should throw an error if repeat is set but interval isn't",
                  "timedOut": false,
                  "duration": 1,
                  "state": "passed",
                  "speed": "fast",
                  "pass": true,
                  "fail": false,
                  "pending": false,
                  "context": null,
                  "code": "assert.throws(function () {\n    new ICalAlarm({\n        trigger: 300,\n        repeat: {\n            times: 4,\n            // @ts-ignore\n            interval: null\n        }\n    }, new ICalEvent({ start: new Date() }, new ICalCalendar()));\n}, /`repeat.interval`/);",
                  "err": {},
                  "uuid": "ef276b37-261e-4546-8d26-362befad24de",
                  "parentUUID": "74f161af-ad13-46c5-969a-1cc73bd20cec",
                  "isHook": false,
                  "skipped": false
                },
                {
                  "title": "should throw an error if interval is set but repeat isn't",
                  "fullTitle": "ical-generator Alarm repeat() should throw an error if interval is set but repeat isn't",
                  "timedOut": false,
                  "duration": 0,
                  "state": "passed",
                  "speed": "fast",
                  "pass": true,
                  "fail": false,
                  "pending": false,
                  "context": null,
                  "code": "assert.throws(function () {\n    new ICalAlarm({\n        trigger: 300,\n        repeat: {\n            // @ts-ignore\n            times: null,\n            interval: 60\n        }\n    }, new ICalEvent({ start: new Date() }, new ICalCalendar()));\n}, /`repeat.times`/);",
                  "err": {},
                  "uuid": "c1b3073e-6ba2-4445-8604-456f5f40acd0",
                  "parentUUID": "74f161af-ad13-46c5-969a-1cc73bd20cec",
                  "isHook": false,
                  "skipped": false
                },
                {
                  "title": "should throw an error if interval is of wrong type",
                  "fullTitle": "ical-generator Alarm repeat() should throw an error if interval is of wrong type",
                  "timedOut": false,
                  "duration": 0,
                  "state": "passed",
                  "speed": "fast",
                  "pass": true,
                  "fail": false,
                  "pending": false,
                  "context": null,
                  "code": "assert.throws(function () {\n    new ICalAlarm({\n        trigger: 300,\n        // @ts-ignore\n        repeat: true\n    }, new ICalEvent({ start: new Date() }, new ICalCalendar()));\n}, /`repeat` is not correct, must be an object!/);",
                  "err": {},
                  "uuid": "6d919e75-de91-4aa0-89fe-9cde0886bd8b",
                  "parentUUID": "74f161af-ad13-46c5-969a-1cc73bd20cec",
                  "isHook": false,
                  "skipped": false
                }
              ],
              "suites": [],
              "passes": [
                "5ed1bd2c-ebc0-408a-918f-40309bcca6f5",
                "4a068f65-f986-4d10-abd9-3f16c6f2765e",
                "c2c5f583-c9e8-4dbf-b24b-d632c7e8cbc2",
                "690d32ae-0461-4566-b394-6a249a3ce6fe",
                "ef276b37-261e-4546-8d26-362befad24de",
                "c1b3073e-6ba2-4445-8604-456f5f40acd0",
                "6d919e75-de91-4aa0-89fe-9cde0886bd8b"
              ],
              "failures": [],
              "pending": [],
              "skipped": [],
              "duration": 1,
              "root": false,
              "rootEmpty": false,
              "_timeout": 2000
            },
            {
              "uuid": "b5e06f7c-0091-42f7-8f45-898db114d0c5",
              "title": "attach()",
              "fullFile": "/home/runner/work/ical-generator/ical-generator/test/alarm.ts",
              "file": "/test/alarm.ts",
              "beforeHooks": [],
              "afterHooks": [],
              "tests": [
                {
                  "title": "setter should return this",
                  "fullTitle": "ical-generator Alarm attach() setter should return this",
                  "timedOut": false,
                  "duration": 1,
                  "state": "passed",
                  "speed": "fast",
                  "pass": true,
                  "fail": false,
                  "pending": false,
                  "context": null,
                  "code": "const a = new ICalAlarm({}, new ICalEvent({ start: new Date() }, new ICalCalendar()));\nassert.deepStrictEqual(a, a.attach(null));\nassert.deepStrictEqual(a, a.attach('https://sebbo.net/beep.aud'));",
                  "err": {},
                  "uuid": "6cbedd79-87e6-4ddf-a468-08eead238bb1",
                  "parentUUID": "b5e06f7c-0091-42f7-8f45-898db114d0c5",
                  "isHook": false,
                  "skipped": false
                },
                {
                  "title": "getter should return value",
                  "fullTitle": "ical-generator Alarm attach() getter should return value",
                  "timedOut": false,
                  "duration": 0,
                  "state": "passed",
                  "speed": "fast",
                  "pass": true,
                  "fail": false,
                  "pending": false,
                  "context": null,
                  "code": "const t = { uri: 'https://example.com/alarm.aud', mime: 'audio/basic' };\nconst a = new ICalAlarm({}, new ICalEvent({ start: new Date() }, new ICalCalendar()));\nassert.strictEqual(a.attach(), null);\na.attach(t);\nassert.deepStrictEqual(a.attach(), t);\na.attach('https://www.example.com/beep.aud');\nassert.deepStrictEqual(a.attach(), {\n    uri: 'https://www.example.com/beep.aud',\n    mime: null\n});\na.attach({\n    uri: 'https://www.example.com/beep.aud'\n});\nassert.deepStrictEqual(a.attach(), {\n    uri: 'https://www.example.com/beep.aud',\n    mime: null\n});\na.attach(null);\nassert.strictEqual(a.attach(), null);",
                  "err": {},
                  "uuid": "251e6066-2de3-4db9-a649-9a6f752a5b63",
                  "parentUUID": "b5e06f7c-0091-42f7-8f45-898db114d0c5",
                  "isHook": false,
                  "skipped": false
                },
                {
                  "title": "should throw error withour uri",
                  "fullTitle": "ical-generator Alarm attach() should throw error withour uri",
                  "timedOut": false,
                  "duration": 0,
                  "state": "passed",
                  "speed": "fast",
                  "pass": true,
                  "fail": false,
                  "pending": false,
                  "context": null,
                  "code": "const a = new ICalAlarm({}, new ICalEvent({ start: new Date() }, new ICalCalendar()));\nassert.throws(function () {\n    // @ts-ignore\n    a.attach({ mime: 'audio/basic' });\n}, /`attach.uri`/);",
                  "err": {},
                  "uuid": "8e491fd5-24da-4e18-aa32-7ffa8d094b40",
                  "parentUUID": "b5e06f7c-0091-42f7-8f45-898db114d0c5",
                  "isHook": false,
                  "skipped": false
                },
                {
                  "title": "should throw error when unknown format",
                  "fullTitle": "ical-generator Alarm attach() should throw error when unknown format",
                  "timedOut": false,
                  "duration": 0,
                  "state": "passed",
                  "speed": "fast",
                  "pass": true,
                  "fail": false,
                  "pending": false,
                  "context": null,
                  "code": "const a = new ICalAlarm({}, new ICalEvent({ start: new Date() }, new ICalCalendar()));\nassert.throws(function () {\n    // @ts-ignore\n    a.attach(Infinity);\n}, /`attachment`/);",
                  "err": {},
                  "uuid": "e4fba5e0-0c2e-41a3-8189-dc9af076909f",
                  "parentUUID": "b5e06f7c-0091-42f7-8f45-898db114d0c5",
                  "isHook": false,
                  "skipped": false
                },
                {
                  "title": "should change something",
                  "fullTitle": "ical-generator Alarm attach() should change something",
                  "timedOut": false,
                  "duration": 0,
                  "state": "passed",
                  "speed": "fast",
                  "pass": true,
                  "fail": false,
                  "pending": false,
                  "context": null,
                  "code": "const a = new ICalAlarm({ type: ICalAlarmType.audio }, new ICalEvent({ start: new Date() }, new ICalCalendar()));\nassert.ok(a.toString().indexOf('\\r\\nATTACH;VALUE=URI:Basso') > -1);\na.attach('https://example.com/beep.aud');\nassert.ok(a.toString().indexOf('\\r\\nATTACH;VALUE=URI:https://example.com/beep.aud') > -1);\na.attach({\n    uri: 'https://example.com/beep.aud',\n    mime: 'audio/basic'\n});\nassert.ok(a.toString().indexOf('\\r\\nATTACH;FMTTYPE=audio/basic:https://example.com/beep.aud') > -1);",
                  "err": {},
                  "uuid": "1b2a42bf-97d2-4878-96fc-07e2a0af0d6a",
                  "parentUUID": "b5e06f7c-0091-42f7-8f45-898db114d0c5",
                  "isHook": false,
                  "skipped": false
                }
              ],
              "suites": [],
              "passes": [
                "6cbedd79-87e6-4ddf-a468-08eead238bb1",
                "251e6066-2de3-4db9-a649-9a6f752a5b63",
                "8e491fd5-24da-4e18-aa32-7ffa8d094b40",
                "e4fba5e0-0c2e-41a3-8189-dc9af076909f",
                "1b2a42bf-97d2-4878-96fc-07e2a0af0d6a"
              ],
              "failures": [],
              "pending": [],
              "skipped": [],
              "duration": 1,
              "root": false,
              "rootEmpty": false,
              "_timeout": 2000
            },
            {
              "uuid": "50730b22-6aad-49ba-99a9-7132464de4a7",
              "title": "description()",
              "fullFile": "/home/runner/work/ical-generator/ical-generator/test/alarm.ts",
              "file": "/test/alarm.ts",
              "beforeHooks": [],
              "afterHooks": [],
              "tests": [
                {
                  "title": "setter should return this",
                  "fullTitle": "ical-generator Alarm description() setter should return this",
                  "timedOut": false,
                  "duration": 0,
                  "state": "passed",
                  "speed": "fast",
                  "pass": true,
                  "fail": false,
                  "pending": false,
                  "context": null,
                  "code": "const a = new ICalAlarm({}, new ICalEvent({ start: new Date() }, new ICalCalendar()));\nassert.deepStrictEqual(a, a.description(null));\nassert.deepStrictEqual(a, a.description('Hey Ho!'));",
                  "err": {},
                  "uuid": "ace44b58-b6be-4094-ac2a-f13b4088b084",
                  "parentUUID": "50730b22-6aad-49ba-99a9-7132464de4a7",
                  "isHook": false,
                  "skipped": false
                },
                {
                  "title": "getter should return value",
                  "fullTitle": "ical-generator Alarm description() getter should return value",
                  "timedOut": false,
                  "duration": 0,
                  "state": "passed",
                  "speed": "fast",
                  "pass": true,
                  "fail": false,
                  "pending": false,
                  "context": null,
                  "code": "const a = new ICalAlarm({}, new ICalEvent({ start: new Date() }, new ICalCalendar()));\nassert.deepStrictEqual(a.description(), null);\na.description('blablabla');\nassert.deepStrictEqual(a.description(), 'blablabla');\na.description(null);\nassert.deepStrictEqual(a.description(), null);",
                  "err": {},
                  "uuid": "b9b8775d-3275-4150-b2b8-34165d770584",
                  "parentUUID": "50730b22-6aad-49ba-99a9-7132464de4a7",
                  "isHook": false,
                  "skipped": false
                },
                {
                  "title": "should change something",
                  "fullTitle": "ical-generator Alarm description() should change something",
                  "timedOut": false,
                  "duration": 1,
                  "state": "passed",
                  "speed": "fast",
                  "pass": true,
                  "fail": false,
                  "pending": false,
                  "context": null,
                  "code": "const a = new ICalAlarm({\n    description: 'Huibuh!'\n}, new ICalEvent({ start: new Date() }, new ICalCalendar()));\nassert.ok(a.toString().indexOf('\\r\\nDESCRIPTION:Huibuh') > -1);",
                  "err": {},
                  "uuid": "456afd22-0e8f-42f7-b35a-24ad58861853",
                  "parentUUID": "50730b22-6aad-49ba-99a9-7132464de4a7",
                  "isHook": false,
                  "skipped": false
                },
                {
                  "title": "should fallback to event summary",
                  "fullTitle": "ical-generator Alarm description() should fallback to event summary",
                  "timedOut": false,
                  "duration": 0,
                  "state": "passed",
                  "speed": "fast",
                  "pass": true,
                  "fail": false,
                  "pending": false,
                  "context": null,
                  "code": "const a = new ICalAlarm({ description: 'Example Event' }, new ICalEvent({ start: new Date() }, new ICalCalendar()));\nassert.ok(a.toString().indexOf('\\r\\nDESCRIPTION:Example Event') > -1);",
                  "err": {},
                  "uuid": "5d0ef59d-43aa-49a3-b145-85a54894f5cf",
                  "parentUUID": "50730b22-6aad-49ba-99a9-7132464de4a7",
                  "isHook": false,
                  "skipped": false
                }
              ],
              "suites": [],
              "passes": [
                "ace44b58-b6be-4094-ac2a-f13b4088b084",
                "b9b8775d-3275-4150-b2b8-34165d770584",
                "456afd22-0e8f-42f7-b35a-24ad58861853",
                "5d0ef59d-43aa-49a3-b145-85a54894f5cf"
              ],
              "failures": [],
              "pending": [],
              "skipped": [],
              "duration": 1,
              "root": false,
              "rootEmpty": false,
              "_timeout": 2000
            },
            {
              "uuid": "64a14d7a-1345-468b-99b7-6076b93047a4",
              "title": "summary()",
              "fullFile": "/home/runner/work/ical-generator/ical-generator/test/alarm.ts",
              "file": "/test/alarm.ts",
              "beforeHooks": [],
              "afterHooks": [],
              "tests": [
                {
                  "title": "setter should return this",
                  "fullTitle": "ical-generator Alarm summary() setter should return this",
                  "timedOut": false,
                  "duration": 0,
                  "state": "passed",
                  "speed": "fast",
                  "pass": true,
                  "fail": false,
                  "pending": false,
                  "context": null,
                  "code": "const a = new ICalAlarm({}, new ICalEvent({ start: new Date() }, new ICalCalendar()));\nassert.deepStrictEqual(a, a.summary(null));\nassert.deepStrictEqual(a, a.summary('Hey Ho!'));",
                  "err": {},
                  "uuid": "abcfe660-3bd3-439d-a993-3f397bb95deb",
                  "parentUUID": "64a14d7a-1345-468b-99b7-6076b93047a4",
                  "isHook": false,
                  "skipped": false
                },
                {
                  "title": "getter should return value",
                  "fullTitle": "ical-generator Alarm summary() getter should return value",
                  "timedOut": false,
                  "duration": 0,
                  "state": "passed",
                  "speed": "fast",
                  "pass": true,
                  "fail": false,
                  "pending": false,
                  "context": null,
                  "code": "const a = new ICalAlarm({}, new ICalEvent({ start: new Date() }, new ICalCalendar()));\nassert.deepStrictEqual(a.summary(), null);\na.summary('blablabla');\nassert.deepStrictEqual(a.summary(), 'blablabla');\na.summary(null);\nassert.deepStrictEqual(a.summary(), null);",
                  "err": {},
                  "uuid": "dcadd525-1c22-431b-9cf0-e1053b764c0a",
                  "parentUUID": "64a14d7a-1345-468b-99b7-6076b93047a4",
                  "isHook": false,
                  "skipped": false
                },
                {
                  "title": "should change something",
                  "fullTitle": "ical-generator Alarm summary() should change something",
                  "timedOut": false,
                  "duration": 1,
                  "state": "passed",
                  "speed": "fast",
                  "pass": true,
                  "fail": false,
                  "pending": false,
                  "context": null,
                  "code": "const a = new ICalAlarm({\n    type: ICalAlarmType.email,\n    summary: 'Huibuh!'\n}, new ICalEvent({ start: new Date() }, new ICalCalendar()));\nassert.ok(a.toString().indexOf('\\r\\nSUMMARY:Huibuh') > -1);",
                  "err": {},
                  "uuid": "baab27a5-1a0e-40a4-aeea-9778c0d7f29b",
                  "parentUUID": "64a14d7a-1345-468b-99b7-6076b93047a4",
                  "isHook": false,
                  "skipped": false
                },
                {
                  "title": "should fallback to event summary",
                  "fullTitle": "ical-generator Alarm summary() should fallback to event summary",
                  "timedOut": false,
                  "duration": 0,
                  "state": "passed",
                  "speed": "fast",
                  "pass": true,
                  "fail": false,
                  "pending": false,
                  "context": null,
                  "code": "const a = new ICalAlarm({ type: ICalAlarmType.email }, new ICalEvent({ start: new Date(), summary: 'Example Event' }, new ICalCalendar()));\nassert.ok(a.toString().indexOf('\\r\\nSUMMARY:Example Event') > -1);",
                  "err": {},
                  "uuid": "5463fe0f-4657-44eb-8587-f0c99a101cf4",
                  "parentUUID": "64a14d7a-1345-468b-99b7-6076b93047a4",
                  "isHook": false,
                  "skipped": false
                }
              ],
              "suites": [],
              "passes": [
                "abcfe660-3bd3-439d-a993-3f397bb95deb",
                "dcadd525-1c22-431b-9cf0-e1053b764c0a",
                "baab27a5-1a0e-40a4-aeea-9778c0d7f29b",
                "5463fe0f-4657-44eb-8587-f0c99a101cf4"
              ],
              "failures": [],
              "pending": [],
              "skipped": [],
              "duration": 1,
              "root": false,
              "rootEmpty": false,
              "_timeout": 2000
            },
            {
              "uuid": "14bbd41b-94c7-4e2a-aadf-fc51cf6d71f4",
              "title": "createAttendee()",
              "fullFile": "/home/runner/work/ical-generator/ical-generator/test/alarm.ts",
              "file": "/test/alarm.ts",
              "beforeHooks": [],
              "afterHooks": [],
              "tests": [
                {
                  "title": "if Attendee passed, it should add and return it",
                  "fullTitle": "ical-generator Alarm createAttendee() if Attendee passed, it should add and return it",
                  "timedOut": false,
                  "duration": 0,
                  "state": "passed",
                  "speed": "fast",
                  "pass": true,
                  "fail": false,
                  "pending": false,
                  "context": null,
                  "code": "const alarm = new ICalEvent({ start: new Date() }, new ICalCalendar()).createAlarm({\n    type: ICalAlarmType.email\n});\nconst attendee = new ICalAttendee({ email: 'mail@example.com' }, alarm);\nassert.strictEqual(alarm.createAttendee(attendee), attendee, 'createAttendee returns attendee');\nassert.deepStrictEqual(alarm.attendees()[0], attendee, 'attendee pushed');",
                  "err": {},
                  "uuid": "ff5273ec-d060-4c55-8fb6-7d63e4b6c1a7",
                  "parentUUID": "14bbd41b-94c7-4e2a-aadf-fc51cf6d71f4",
                  "isHook": false,
                  "skipped": false
                },
                {
                  "title": "should return a ICalAttendee instance",
                  "fullTitle": "ical-generator Alarm createAttendee() should return a ICalAttendee instance",
                  "timedOut": false,
                  "duration": 0,
                  "state": "passed",
                  "speed": "fast",
                  "pass": true,
                  "fail": false,
                  "pending": false,
                  "context": null,
                  "code": "const alarm = new ICalEvent({ start: new Date() }, new ICalCalendar()).createAlarm({\n    type: ICalAlarmType.email\n});\n;\nassert.ok(alarm.createAttendee({ email: 'mail@example.com' }) instanceof ICalAttendee);\nassert.strictEqual(alarm.attendees.length, 1, 'attendee pushed');",
                  "err": {},
                  "uuid": "65edb432-b024-497e-bac0-3da21681c2c1",
                  "parentUUID": "14bbd41b-94c7-4e2a-aadf-fc51cf6d71f4",
                  "isHook": false,
                  "skipped": false
                },
                {
                  "title": "should accept string",
                  "fullTitle": "ical-generator Alarm createAttendee() should accept string",
                  "timedOut": false,
                  "duration": 0,
                  "state": "passed",
                  "speed": "fast",
                  "pass": true,
                  "fail": false,
                  "pending": false,
                  "context": null,
                  "code": "const alarm = new ICalEvent({ start: new Date() }, new ICalCalendar()).createAlarm({\n    type: ICalAlarmType.email\n});\n;\nconst attendee = alarm.createAttendee('Zac <zac@example.com>');\nassert.strictEqual(attendee.name(), 'Zac');\nassert.strictEqual(attendee.email(), 'zac@example.com');\nassert.strictEqual(alarm.attendees().length, 1, 'attendee pushed');",
                  "err": {},
                  "uuid": "3a349f51-6be4-4a16-b3cb-182f068920fd",
                  "parentUUID": "14bbd41b-94c7-4e2a-aadf-fc51cf6d71f4",
                  "isHook": false,
                  "skipped": false
                },
                {
                  "title": "should throw error when string misformated",
                  "fullTitle": "ical-generator Alarm createAttendee() should throw error when string misformated",
                  "timedOut": false,
                  "duration": 0,
                  "state": "passed",
                  "speed": "fast",
                  "pass": true,
                  "fail": false,
                  "pending": false,
                  "context": null,
                  "code": "const alarm = new ICalEvent({ start: new Date() }, new ICalCalendar()).createAlarm({\n    type: ICalAlarmType.email\n});\n;\nassert.throws(function () {\n    alarm.createAttendee('foo bar');\n}, /isn't formated correctly/);",
                  "err": {},
                  "uuid": "813a2968-d2f8-47b4-9431-747ebf115933",
                  "parentUUID": "14bbd41b-94c7-4e2a-aadf-fc51cf6d71f4",
                  "isHook": false,
                  "skipped": false
                },
                {
                  "title": "should accept object",
                  "fullTitle": "ical-generator Alarm createAttendee() should accept object",
                  "timedOut": false,
                  "duration": 0,
                  "state": "passed",
                  "speed": "fast",
                  "pass": true,
                  "fail": false,
                  "pending": false,
                  "context": null,
                  "code": "const alarm = new ICalEvent({ start: new Date() }, new ICalCalendar()).createAlarm({\n    type: ICalAlarmType.email\n});\nconst attendee = alarm.createAttendee({ name: 'Zac', email: 'zac@example.com' });\nassert.strictEqual(attendee.name(), 'Zac');\nassert.strictEqual(attendee.email(), 'zac@example.com');\nassert.strictEqual(alarm.attendees().length, 1, 'attendee pushed');\nassert.ok(alarm.toString().includes('ATTENDEE;ROLE=REQ-PARTICIPANT;CN=\"Zac\":MAILTO:zac@example.com'));",
                  "err": {},
                  "uuid": "42c80bb2-a207-4502-9eae-70002bb27684",
                  "parentUUID": "14bbd41b-94c7-4e2a-aadf-fc51cf6d71f4",
                  "isHook": false,
                  "skipped": false
                }
              ],
              "suites": [],
              "passes": [
                "ff5273ec-d060-4c55-8fb6-7d63e4b6c1a7",
                "65edb432-b024-497e-bac0-3da21681c2c1",
                "3a349f51-6be4-4a16-b3cb-182f068920fd",
                "813a2968-d2f8-47b4-9431-747ebf115933",
                "42c80bb2-a207-4502-9eae-70002bb27684"
              ],
              "failures": [],
              "pending": [],
              "skipped": [],
              "duration": 0,
              "root": false,
              "rootEmpty": false,
              "_timeout": 2000
            },
            {
              "uuid": "319bd374-a13d-4169-9ee5-56d2af11738d",
              "title": "attendees()",
              "fullFile": "/home/runner/work/ical-generator/ical-generator/test/alarm.ts",
              "file": "/test/alarm.ts",
              "beforeHooks": [],
              "afterHooks": [],
              "tests": [
                {
                  "title": "getter should return an array of attendees…",
                  "fullTitle": "ical-generator Alarm attendees() getter should return an array of attendees…",
                  "timedOut": false,
                  "duration": 0,
                  "state": "passed",
                  "speed": "fast",
                  "pass": true,
                  "fail": false,
                  "pending": false,
                  "context": null,
                  "code": "const alarm = new ICalEvent({ start: new Date() }, new ICalCalendar()).createAlarm({\n    type: ICalAlarmType.email\n});\nassert.strictEqual(alarm.attendees().length, 0);\nconst attendee = alarm.createAttendee({ email: 'mail@example.com' });\nassert.strictEqual(alarm.attendees().length, 1);\nassert.deepStrictEqual(alarm.attendees()[0], attendee);",
                  "err": {},
                  "uuid": "e0f57313-684f-4280-ae75-0470c530761f",
                  "parentUUID": "319bd374-a13d-4169-9ee5-56d2af11738d",
                  "isHook": false,
                  "skipped": false
                },
                {
                  "title": "setter should add attendees and return this",
                  "fullTitle": "ical-generator Alarm attendees() setter should add attendees and return this",
                  "timedOut": false,
                  "duration": 0,
                  "state": "passed",
                  "speed": "fast",
                  "pass": true,
                  "fail": false,
                  "pending": false,
                  "context": null,
                  "code": "const alarm = new ICalEvent({ start: new Date() }, new ICalCalendar()).createAlarm({\n    type: ICalAlarmType.email\n});\nconst foo = alarm.attendees([\n    { name: 'Person A', email: 'a@example.com' },\n    { name: 'Person B', email: 'b@example.com' }\n]);\nassert.strictEqual(alarm.attendees().length, 2);\nassert.deepStrictEqual(foo, alarm);",
                  "err": {},
                  "uuid": "aeee778d-1cc0-4882-9cfb-9127100c4b01",
                  "parentUUID": "319bd374-a13d-4169-9ee5-56d2af11738d",
                  "isHook": false,
                  "skipped": false
                }
              ],
              "suites": [],
              "passes": [
                "e0f57313-684f-4280-ae75-0470c530761f",
                "aeee778d-1cc0-4882-9cfb-9127100c4b01"
              ],
              "failures": [],
              "pending": [],
              "skipped": [],
              "duration": 0,
              "root": false,
              "rootEmpty": false,
              "_timeout": 2000
            },
            {
              "uuid": "09e2c373-0603-47d3-baf8-7c00d307db76",
              "title": "x()",
              "fullFile": "/home/runner/work/ical-generator/ical-generator/test/alarm.ts",
              "file": "/test/alarm.ts",
              "beforeHooks": [],
              "afterHooks": [],
              "tests": [
                {
                  "title": "is there",
                  "fullTitle": "ical-generator Alarm x() is there",
                  "timedOut": false,
                  "duration": 0,
                  "state": "passed",
                  "speed": "fast",
                  "pass": true,
                  "fail": false,
                  "pending": false,
                  "context": null,
                  "code": "const a = new ICalAlarm({}, new ICalEvent({ start: new Date() }, new ICalCalendar()));\nassert.deepStrictEqual(a, a.x('X-FOO', 'bar'));",
                  "err": {},
                  "uuid": "76e2fba3-d815-4231-aa8e-50d4b408fcb0",
                  "parentUUID": "09e2c373-0603-47d3-baf8-7c00d307db76",
                  "isHook": false,
                  "skipped": false
                }
              ],
              "suites": [],
              "passes": [
                "76e2fba3-d815-4231-aa8e-50d4b408fcb0"
              ],
              "failures": [],
              "pending": [],
              "skipped": [],
              "duration": 0,
              "root": false,
              "rootEmpty": false,
              "_timeout": 2000
            },
            {
              "uuid": "ee70f87e-77fa-403e-8442-cc408871ce28",
              "title": "toJSON()",
              "fullFile": "/home/runner/work/ical-generator/ical-generator/test/alarm.ts",
              "file": "/test/alarm.ts",
              "beforeHooks": [],
              "afterHooks": [],
              "tests": [
                {
                  "title": "should work",
                  "fullTitle": "ical-generator Alarm toJSON() should work",
                  "timedOut": false,
                  "duration": 0,
                  "state": "passed",
                  "speed": "fast",
                  "pass": true,
                  "fail": false,
                  "pending": false,
                  "context": null,
                  "code": "const a = new ICalAlarm({}, new ICalEvent({ start: new Date() }, new ICalCalendar()));\na.type(ICalAlarmType.display);\na.trigger(120);\nassert.deepStrictEqual(a.toJSON(), {\n    attach: null,\n    attendees: [],\n    description: null,\n    relatesTo: null,\n    interval: null,\n    repeat: null,\n    summary: null,\n    trigger: 120,\n    type: 'display',\n    x: []\n});",
                  "err": {},
                  "uuid": "ff825fd7-3a6d-49fd-94e8-7884410d111e",
                  "parentUUID": "ee70f87e-77fa-403e-8442-cc408871ce28",
                  "isHook": false,
                  "skipped": false
                },
                {
                  "title": "should be compatible with constructor (type check)",
                  "fullTitle": "ical-generator Alarm toJSON() should be compatible with constructor (type check)",
                  "timedOut": false,
                  "duration": 0,
                  "state": "passed",
                  "speed": "fast",
                  "pass": true,
                  "fail": false,
                  "pending": false,
                  "context": null,
                  "code": "const a = new ICalAlarm({}, new ICalEvent({ start: new Date() }, new ICalCalendar()));\nnew ICalAlarm(a.toJSON(), new ICalEvent({ start: new Date() }, new ICalCalendar()));",
                  "err": {},
                  "uuid": "ae54c9ec-65bd-4f05-8aac-1f8b7a442812",
                  "parentUUID": "ee70f87e-77fa-403e-8442-cc408871ce28",
                  "isHook": false,
                  "skipped": false
                }
              ],
              "suites": [],
              "passes": [
                "ff825fd7-3a6d-49fd-94e8-7884410d111e",
                "ae54c9ec-65bd-4f05-8aac-1f8b7a442812"
              ],
              "failures": [],
              "pending": [],
              "skipped": [],
              "duration": 0,
              "root": false,
              "rootEmpty": false,
              "_timeout": 2000
            }
          ],
          "passes": [],
          "failures": [],
          "pending": [],
          "skipped": [],
          "duration": 0,
          "root": false,
          "rootEmpty": false,
          "_timeout": 2000
        },
        {
          "uuid": "e3267baf-1807-4c56-bbc0-19c0290279c4",
          "title": "ical-generator Attendee",
          "fullFile": "/home/runner/work/ical-generator/ical-generator/test/attendee.ts",
          "file": "/test/attendee.ts",
          "beforeHooks": [],
          "afterHooks": [],
          "tests": [],
          "suites": [
            {
              "uuid": "6ee2845b-5ffa-459f-b9b8-6069a98ac666",
              "title": "constructor()",
              "fullFile": "/home/runner/work/ical-generator/ical-generator/test/attendee.ts",
              "file": "/test/attendee.ts",
              "beforeHooks": [],
              "afterHooks": [],
              "tests": [
                {
                  "title": "shoud set data from constructor",
                  "fullTitle": "ical-generator Attendee constructor() shoud set data from constructor",
                  "timedOut": false,
                  "duration": 0,
                  "state": "passed",
                  "speed": "fast",
                  "pass": true,
                  "fail": false,
                  "pending": false,
                  "context": null,
                  "code": "const data = {\n    name: 'John Doe',\n    email: 'john@example.org',\n    mailto: 'john+calendar@example.org',\n    sentBy: null,\n    status: ICalAttendeeStatus.ACCEPTED,\n    role: ICalAttendeeRole.REQ,\n    rsvp: false,\n    type: ICalAttendeeType.INDIVIDUAL,\n    delegatedTo: null,\n    delegatedFrom: null,\n    x: []\n};\nconst event = new ICalAttendee(data, new ICalEvent({ start: new Date() }, new ICalCalendar()));\nassert.deepStrictEqual(event.toJSON(), data);",
                  "err": {},
                  "uuid": "17c54af7-8df7-4ee4-80ea-7f13362e43d8",
                  "parentUUID": "6ee2845b-5ffa-459f-b9b8-6069a98ac666",
                  "isHook": false,
                  "skipped": false
                },
                {
                  "title": "shouldn't work without event reference",
                  "fullTitle": "ical-generator Attendee constructor() shouldn't work without event reference",
                  "timedOut": false,
                  "duration": 1,
                  "state": "passed",
                  "speed": "fast",
                  "pass": true,
                  "fail": false,
                  "pending": false,
                  "context": null,
                  "code": "assert.throws(function () {\n    // @ts-ignore\n    new ICalAttendee({ email: 'foo@bar.com' });\n}, /`event`/);",
                  "err": {},
                  "uuid": "ad5706b2-75e1-44a4-9615-1bf835ea6454",
                  "parentUUID": "6ee2845b-5ffa-459f-b9b8-6069a98ac666",
                  "isHook": false,
                  "skipped": false
                },
                {
                  "title": "should throw an error without email",
                  "fullTitle": "ical-generator Attendee constructor() should throw an error without email",
                  "timedOut": false,
                  "duration": 0,
                  "state": "passed",
                  "speed": "fast",
                  "pass": true,
                  "fail": false,
                  "pending": false,
                  "context": null,
                  "code": "assert.throws(function () {\n    new ICalAttendee(\n    // @ts-ignore\n    { name: 'Testuser' }, new ICalEvent({ start: new Date() }, new ICalCalendar()));\n}, /`email`/);",
                  "err": {},
                  "uuid": "3162f4ec-9115-4f11-bfb2-2ad091fe2f00",
                  "parentUUID": "6ee2845b-5ffa-459f-b9b8-6069a98ac666",
                  "isHook": false,
                  "skipped": false
                }
              ],
              "suites": [],
              "passes": [
                "17c54af7-8df7-4ee4-80ea-7f13362e43d8",
                "ad5706b2-75e1-44a4-9615-1bf835ea6454",
                "3162f4ec-9115-4f11-bfb2-2ad091fe2f00"
              ],
              "failures": [],
              "pending": [],
              "skipped": [],
              "duration": 1,
              "root": false,
              "rootEmpty": false,
              "_timeout": 2000
            },
            {
              "uuid": "3bff65bc-5c2b-4207-94bd-b4f8b0e68a8a",
              "title": "name()",
              "fullFile": "/home/runner/work/ical-generator/ical-generator/test/attendee.ts",
              "file": "/test/attendee.ts",
              "beforeHooks": [],
              "afterHooks": [],
              "tests": [
                {
                  "title": "getter should return value",
                  "fullTitle": "ical-generator Attendee name() getter should return value",
                  "timedOut": false,
                  "duration": 0,
                  "state": "passed",
                  "speed": "fast",
                  "pass": true,
                  "fail": false,
                  "pending": false,
                  "context": null,
                  "code": "const a = new ICalAttendee({ email: 'foo@example.com' }, new ICalEvent({ start: new Date() }, new ICalCalendar()));\nassert.strictEqual(a.name(), null);\na.name('Sebastian');\nassert.strictEqual(a.name(), 'Sebastian');",
                  "err": {},
                  "uuid": "f4db0a5d-0ccd-4f60-bc05-ac9d12ff083e",
                  "parentUUID": "3bff65bc-5c2b-4207-94bd-b4f8b0e68a8a",
                  "isHook": false,
                  "skipped": false
                },
                {
                  "title": "setter should return this",
                  "fullTitle": "ical-generator Attendee name() setter should return this",
                  "timedOut": false,
                  "duration": 0,
                  "state": "passed",
                  "speed": "fast",
                  "pass": true,
                  "fail": false,
                  "pending": false,
                  "context": null,
                  "code": "const a = new ICalAttendee({ email: 'foo@example.com' }, new ICalEvent({ start: new Date() }, new ICalCalendar()));\nassert.deepStrictEqual(a, a.name(null));\nassert.deepStrictEqual(a, a.name('Sebastian'));",
                  "err": {},
                  "uuid": "ede98624-8955-4e84-aaf1-6fde8e7b5cf1",
                  "parentUUID": "3bff65bc-5c2b-4207-94bd-b4f8b0e68a8a",
                  "isHook": false,
                  "skipped": false
                },
                {
                  "title": "setter should change something",
                  "fullTitle": "ical-generator Attendee name() setter should change something",
                  "timedOut": false,
                  "duration": 0,
                  "state": "passed",
                  "speed": "fast",
                  "pass": true,
                  "fail": false,
                  "pending": false,
                  "context": null,
[...]
                      "isHook": false,
                      "skipped": false
                    }
                  ],
                  "suites": [],
                  "passes": [
                    "eb341c82-a48e-4e31-8062-dd53b7c5d735",
                    "a018924f-7ff6-4d70-b620-f3bbecde65e7"
                  ],
                  "failures": [],
                  "pending": [],
                  "skipped": [],
                  "duration": 0,
                  "root": false,
                  "rootEmpty": false,
                  "_timeout": 2000
                },
                {
                  "uuid": "11452c0e-4d63-4c94-9145-d2bd05f8b414",
                  "title": "Luxon",
                  "fullFile": "/home/runner/work/ical-generator/ical-generator/test/tools.ts",
                  "file": "/test/tools.ts",
                  "beforeHooks": [],
                  "afterHooks": [],
                  "tests": [
                    {
                      "title": "should work with valid Luxon",
                      "fullTitle": "ICalTools checkDate() Luxon should work with valid Luxon",
                      "timedOut": false,
                      "duration": 0,
                      "state": "passed",
                      "speed": "fast",
                      "pass": true,
                      "fail": false,
                      "pending": false,
                      "context": null,
                      "code": "const date = DateTime.now();\nassert.equal(checkDate(date, 'foo'), date);",
                      "err": {},
                      "uuid": "7e6dae75-1674-4701-8f47-fa33ccdf2289",
                      "parentUUID": "11452c0e-4d63-4c94-9145-d2bd05f8b414",
                      "isHook": false,
                      "skipped": false
                    },
                    {
                      "title": "should throw error for invalid Luxon",
                      "fullTitle": "ICalTools checkDate() Luxon should throw error for invalid Luxon",
                      "timedOut": false,
                      "duration": 1,
                      "state": "passed",
                      "speed": "fast",
                      "pass": true,
                      "fail": false,
                      "pending": false,
                      "context": null,
                      "code": "const date = DateTime.fromISO('foo');\nassert.throws(() => {\n    checkDate(date, 'foo');\n}, /`foo` has to be a valid date!/);",
                      "err": {},
                      "uuid": "eff281ca-c283-4c20-9aaa-a870e5a54a18",
                      "parentUUID": "11452c0e-4d63-4c94-9145-d2bd05f8b414",
                      "isHook": false,
                      "skipped": false
                    }
                  ],
                  "suites": [],
                  "passes": [
                    "7e6dae75-1674-4701-8f47-fa33ccdf2289",
                    "eff281ca-c283-4c20-9aaa-a870e5a54a18"
                  ],
                  "failures": [],
                  "pending": [],
                  "skipped": [],
                  "duration": 1,
                  "root": false,
                  "rootEmpty": false,
                  "_timeout": 2000
                },
                {
                  "uuid": "a34ea787-596b-4623-99d1-964c5a332aaa",
                  "title": "Moment",
                  "fullFile": "/home/runner/work/ical-generator/ical-generator/test/tools.ts",
                  "file": "/test/tools.ts",
                  "beforeHooks": [],
                  "afterHooks": [],
                  "tests": [
                    {
                      "title": "should work with valid Moment",
                      "fullTitle": "ICalTools checkDate() Moment should work with valid Moment",
                      "timedOut": false,
                      "duration": 0,
                      "state": "passed",
                      "speed": "fast",
                      "pass": true,
                      "fail": false,
                      "pending": false,
                      "context": null,
                      "code": "const date = moment();\nassert.equal(checkDate(date, 'foo'), date);",
                      "err": {},
                      "uuid": "b70cba13-33a3-457f-8ac7-4e1a43388b9b",
                      "parentUUID": "a34ea787-596b-4623-99d1-964c5a332aaa",
                      "isHook": false,
                      "skipped": false
                    },
                    {
                      "title": "should throw error for invalid Moment",
                      "fullTitle": "ICalTools checkDate() Moment should throw error for invalid Moment",
                      "timedOut": false,
                      "duration": 1,
                      "state": "passed",
                      "speed": "fast",
                      "pass": true,
                      "fail": false,
                      "pending": false,
                      "context": null,
                      "code": "const date = moment('foo', 'MM/DD/YYYY', true);\nassert.throws(() => {\n    checkDate(date, 'foo');\n}, /`foo` has to be a valid date!/);",
                      "err": {},
                      "uuid": "06fc67d1-3d93-4cc6-9945-7ce0a417bb7c",
                      "parentUUID": "a34ea787-596b-4623-99d1-964c5a332aaa",
                      "isHook": false,
                      "skipped": false
                    }
                  ],
                  "suites": [],
                  "passes": [
                    "b70cba13-33a3-457f-8ac7-4e1a43388b9b",
                    "06fc67d1-3d93-4cc6-9945-7ce0a417bb7c"
                  ],
                  "failures": [],
                  "pending": [],
                  "skipped": [],
                  "duration": 1,
                  "root": false,
                  "rootEmpty": false,
                  "_timeout": 2000
                },
                {
                  "uuid": "ed58237d-732c-4002-85c6-ce904f48afc4",
                  "title": "Day.js",
                  "fullFile": "/home/runner/work/ical-generator/ical-generator/test/tools.ts",
                  "file": "/test/tools.ts",
                  "beforeHooks": [],
                  "afterHooks": [],
                  "tests": [
                    {
                      "title": "should work with valid Day.js",
                      "fullTitle": "ICalTools checkDate() Day.js should work with valid Day.js",
                      "timedOut": false,
                      "duration": 0,
                      "state": "passed",
                      "speed": "fast",
                      "pass": true,
                      "fail": false,
                      "pending": false,
                      "context": null,
                      "code": "const date = dayjs();\nassert.equal(checkDate(date, 'foo'), date);",
                      "err": {},
                      "uuid": "976e643a-622a-4eee-9cc2-34d4e647b9b2",
                      "parentUUID": "ed58237d-732c-4002-85c6-ce904f48afc4",
                      "isHook": false,
                      "skipped": false
                    },
                    {
                      "title": "should throw error for invalid Day.js",
                      "fullTitle": "ICalTools checkDate() Day.js should throw error for invalid Day.js",
                      "timedOut": false,
                      "duration": 0,
                      "state": "passed",
                      "speed": "fast",
                      "pass": true,
                      "fail": false,
                      "pending": false,
                      "context": null,
                      "code": "const date = dayjs('foo');\nassert.throws(() => {\n    checkDate(date, 'foo');\n}, /`foo` has to be a valid date!/);",
                      "err": {},
                      "uuid": "35439b64-98dc-45e3-9aec-6b885287d365",
                      "parentUUID": "ed58237d-732c-4002-85c6-ce904f48afc4",
                      "isHook": false,
                      "skipped": false
                    }
                  ],
                  "suites": [],
                  "passes": [
                    "976e643a-622a-4eee-9cc2-34d4e647b9b2",
                    "35439b64-98dc-45e3-9aec-6b885287d365"
                  ],
                  "failures": [],
                  "pending": [],
                  "skipped": [],
                  "duration": 0,
                  "root": false,
                  "rootEmpty": false,
                  "_timeout": 2000
                }
              ],
              "passes": [],
              "failures": [],
              "pending": [],
              "skipped": [],
              "duration": 0,
              "root": false,
              "rootEmpty": false,
              "_timeout": 2000
            },
            {
              "uuid": "818b1c3d-52a4-48d2-beee-dcd9dc4473d0",
              "title": "toDate()",
              "fullFile": "/home/runner/work/ical-generator/ical-generator/test/tools.ts",
              "file": "/test/tools.ts",
              "beforeHooks": [],
              "afterHooks": [],
              "tests": [
                {
                  "title": "should work with strings",
                  "fullTitle": "ICalTools toDate() should work with strings",
                  "timedOut": false,
                  "duration": 0,
                  "state": "passed",
                  "speed": "fast",
                  "pass": true,
                  "fail": false,
                  "pending": false,
                  "context": null,
                  "code": "const date = new Date();\nassert.deepStrictEqual(toDate(date.toJSON()), date);",
                  "err": {},
                  "uuid": "aa3bdbbd-8014-43a1-b287-55f2d5de5fc4",
                  "parentUUID": "818b1c3d-52a4-48d2-beee-dcd9dc4473d0",
                  "isHook": false,
                  "skipped": false
                },
                {
                  "title": "should work with native Date",
                  "fullTitle": "ICalTools toDate() should work with native Date",
                  "timedOut": false,
                  "duration": 0,
                  "state": "passed",
                  "speed": "fast",
                  "pass": true,
                  "fail": false,
                  "pending": false,
                  "context": null,
                  "code": "const date = new Date();\nassert.deepStrictEqual(toDate(date), date);",
                  "err": {},
                  "uuid": "566a3394-5967-4ef7-9615-0c287951b449",
                  "parentUUID": "818b1c3d-52a4-48d2-beee-dcd9dc4473d0",
                  "isHook": false,
                  "skipped": false
                },
                {
                  "title": "should work with moment object",
                  "fullTitle": "ICalTools toDate() should work with moment object",
                  "timedOut": false,
                  "duration": 0,
                  "state": "passed",
                  "speed": "fast",
                  "pass": true,
                  "fail": false,
                  "pending": false,
                  "context": null,
                  "code": "const date = new Date();\nassert.deepStrictEqual(toDate(moment(date)), date);",
                  "err": {},
                  "uuid": "92f6a7e4-df02-42f4-aed6-dfaed61f62a7",
                  "parentUUID": "818b1c3d-52a4-48d2-beee-dcd9dc4473d0",
                  "isHook": false,
                  "skipped": false
                },
                {
                  "title": "should work with moment-timezone object",
                  "fullTitle": "ICalTools toDate() should work with moment-timezone object",
                  "timedOut": false,
                  "duration": 0,
                  "state": "passed",
                  "speed": "fast",
                  "pass": true,
                  "fail": false,
                  "pending": false,
                  "context": null,
                  "code": "const date = new Date();\nassert.deepStrictEqual(toDate(momentTz(date)), date);",
                  "err": {},
                  "uuid": "b46fae24-2337-40d1-b122-179471a37762",
                  "parentUUID": "818b1c3d-52a4-48d2-beee-dcd9dc4473d0",
                  "isHook": false,
                  "skipped": false
                },
                {
                  "title": "should work with Day.js object",
                  "fullTitle": "ICalTools toDate() should work with Day.js object",
                  "timedOut": false,
                  "duration": 0,
                  "state": "passed",
                  "speed": "fast",
                  "pass": true,
                  "fail": false,
                  "pending": false,
                  "context": null,
                  "code": "const date = new Date();\nassert.deepStrictEqual(toDate(dayjs(date)), date);",
                  "err": {},
                  "uuid": "5d44d2a3-ac5a-44c7-9456-8d9a5e14662b",
                  "parentUUID": "818b1c3d-52a4-48d2-beee-dcd9dc4473d0",
                  "isHook": false,
                  "skipped": false
                },
                {
                  "title": "should work with luxon DateTime object",
                  "fullTitle": "ICalTools toDate() should work with luxon DateTime object",
                  "timedOut": false,
                  "duration": 0,
                  "state": "passed",
                  "speed": "fast",
                  "pass": true,
                  "fail": false,
                  "pending": false,
                  "context": null,
                  "code": "const date = new Date();\nassert.deepStrictEqual(toDate(DateTime.fromJSDate(date)), date);",
                  "err": {},
                  "uuid": "d5b0766b-a6c0-4ba5-bcff-f984700f3fac",
                  "parentUUID": "818b1c3d-52a4-48d2-beee-dcd9dc4473d0",
                  "isHook": false,
                  "skipped": false
                }
              ],
              "suites": [],
              "passes": [
                "aa3bdbbd-8014-43a1-b287-55f2d5de5fc4",
                "566a3394-5967-4ef7-9615-0c287951b449",
                "92f6a7e4-df02-42f4-aed6-dfaed61f62a7",
                "b46fae24-2337-40d1-b122-179471a37762",
                "5d44d2a3-ac5a-44c7-9456-8d9a5e14662b",
                "d5b0766b-a6c0-4ba5-bcff-f984700f3fac"
              ],
              "failures": [],
              "pending": [],
              "skipped": [],
              "duration": 0,
              "root": false,
              "rootEmpty": false,
              "_timeout": 2000
            },
            {
              "uuid": "32af22b4-bfa4-47fc-83c0-01188cb307fd",
              "title": "toDurationString()",
              "fullFile": "/home/runner/work/ical-generator/ical-generator/test/tools.ts",
              "file": "/test/tools.ts",
              "beforeHooks": [],
              "afterHooks": [],
              "tests": [
                {
                  "title": "should work",
                  "fullTitle": "ICalTools toDurationString() should work",
                  "timedOut": false,
                  "duration": 1,
                  "state": "passed",
                  "speed": "fast",
                  "pass": true,
                  "fail": false,
                  "pending": false,
                  "context": null,
                  "code": "return __awaiter(this, void 0, void 0, function* () {\n    assert.strictEqual(toDurationString(0), 'PT0S');\n    assert.strictEqual(toDurationString(1), 'PT1S');\n    assert.strictEqual(toDurationString(60), 'PT1M');\n    assert.strictEqual(toDurationString(3600), 'PT1H');\n    assert.strictEqual(toDurationString(86400), 'P1D');\n    assert.strictEqual(toDurationString(-3600), '-PT1H');\n});",
                  "err": {},
                  "uuid": "e6c6a2bb-dbab-43ed-8854-b771d2124d1b",
                  "parentUUID": "32af22b4-bfa4-47fc-83c0-01188cb307fd",
                  "isHook": false,
                  "skipped": false
                }
              ],
              "suites": [],
              "passes": [
                "e6c6a2bb-dbab-43ed-8854-b771d2124d1b"
              ],
              "failures": [],
              "pending": [],
              "skipped": [],
              "duration": 1,
              "root": false,
              "rootEmpty": false,
              "_timeout": 2000
            }
          ],
          "passes": [],
          "failures": [],
          "pending": [],
          "skipped": [],
          "duration": 0,
          "root": false,
          "rootEmpty": false,
          "_timeout": 2000
        },
        {
          "uuid": "e88e4dd2-a052-424d-a247-8f5f6dc9375e",
          "title": "ical-generator Types",
          "fullFile": "/home/runner/work/ical-generator/ical-generator/test/types.ts",
          "file": "/test/types.ts",
          "beforeHooks": [],
          "afterHooks": [],
          "tests": [
            {
              "title": "stubs should be compatible with third party libraries",
              "fullTitle": "ical-generator Types stubs should be compatible with third party libraries",
              "timedOut": false,
              "duration": 0,
              "state": "passed",
              "speed": "fast",
              "pass": true,
              "fail": false,
              "pending": false,
              "context": null,
              "code": "assert.ok(dayJsTest, 'day.js stub should be compatible');\nassert.ok(luxonTest, 'luxon stub should be compatible');\nassert.ok(momentTest, 'moment stub should be compatible');\nassert.ok(momentTimezoneTest, 'moment-timezone stub should be compatible');\nassert.ok(rruleTest, 'rrule stub should be compatible');",
              "err": {},
              "uuid": "655ca60c-c72a-42df-8ef5-0660d59af1ee",
              "parentUUID": "e88e4dd2-a052-424d-a247-8f5f6dc9375e",
              "isHook": false,
              "skipped": false
            },
            {
              "title": "calendar data should be compatible with calendar json data",
              "fullTitle": "ical-generator Types calendar data should be compatible with calendar json data",
              "timedOut": false,
              "duration": 0,
              "state": "passed",
              "speed": "fast",
              "pass": true,
              "fail": false,
              "pending": false,
              "context": null,
              "code": "assert.ok(attendeeJson, 'attendee json data should be compatible');\nassert.ok(calendarJson, 'calendar json data should be compatible');\nassert.ok(categoryJson, 'category json data should be compatible');\nassert.ok(eventJson, 'event json data should be compatible');",
              "err": {},
              "uuid": "aef09d54-6b4e-4d18-823c-124cddba5c4e",
              "parentUUID": "e88e4dd2-a052-424d-a247-8f5f6dc9375e",
              "isHook": false,
              "skipped": false
            }
          ],
          "suites": [],
          "passes": [
            "655ca60c-c72a-42df-8ef5-0660d59af1ee",
            "aef09d54-6b4e-4d18-823c-124cddba5c4e"
          ],
          "failures": [],
          "pending": [],
          "skipped": [],
          "duration": 0,
          "root": false,
          "rootEmpty": false,
          "_timeout": 2000
        }
      ],
      "passes": [],
      "failures": [],
      "pending": [],
      "skipped": [],
      "duration": 0,
      "root": true,
      "rootEmpty": true,
      "_timeout": 2000
    }
  ],
  "meta": {
    "mocha": {
      "version": "10.4.0"
    },
    "mochawesome": {
      "options": {
        "quiet": false,
        "reportFilename": "mochawesome",
        "saveHtml": true,
        "saveJson": true,
        "consoleReporter": "spec",
        "useInlineDiffs": false,
        "code": true
      },
      "version": "7.1.3"
    },
    "marge": {
      "options": null,
      "version": "6.2.0"
    }
  }
}