{
  "stats": {
    "suites": 101,
    "tests": 363,
    "passes": 363,
    "pending": 0,
    "failures": 0,
    "start": "2021-02-27T15:37:28.332Z",
    "end": "2021-02-27T15:37:28.557Z",
    "duration": 225,
    "testsRegistered": 363,
    "passPercent": 100,
    "pendingPercent": 0,
    "other": 0,
    "hasOther": false,
    "skipped": 0,
    "hasSkipped": false
  },
  "results": [
    {
      "uuid": "26d37dfe-0464-4568-99c9-44f82753c74e",
      "title": "",
      "fullFile": "",
      "file": "",
      "beforeHooks": [],
      "afterHooks": [],
      "tests": [],
      "suites": [
        {
          "uuid": "ca9b9468-fe2a-4237-9242-94c6e81e9a8a",
          "title": "ical-generator Alarm",
          "fullFile": "/home/runner/work/ical-generator/ical-generator/test/alarm.ts",
          "file": "/test/alarm.ts",
          "beforeHooks": [],
          "afterHooks": [],
          "tests": [],
          "suites": [
            {
              "uuid": "2eeb4ae2-4fcb-40e2-9816-58e89ff2a40d",
              "title": "constructor()",
              "fullFile": "/home/runner/work/ical-generator/ical-generator/test/alarm.ts",
              "file": "/test/alarm.ts",
              "beforeHooks": [],
              "afterHooks": [],
              "tests": [
                {
                  "title": "shouldn't work without event reference",
                  "fullTitle": "ical-generator Alarm constructor() shouldn't work without event reference",
                  "timedOut": false,
                  "duration": 1,
                  "state": "passed",
                  "speed": "fast",
                  "pass": true,
                  "fail": false,
                  "pending": false,
                  "context": null,
                  "code": "assert_1.default.throws(function () {\n    // @ts-ignore\n    new alarm_1.default({ type: alarm_1.ICalAlarmType.display }, null);\n}, /`event`/);",
                  "err": {},
                  "uuid": "325a3598-398d-47d5-9a93-3831a66c258b",
                  "parentUUID": "2eeb4ae2-4fcb-40e2-9816-58e89ff2a40d",
                  "isHook": false,
                  "skipped": false
                },
                {
                  "title": "should ignore unknown data attributes",
                  "fullTitle": "ical-generator Alarm constructor() should ignore unknown data attributes",
                  "timedOut": false,
                  "duration": 1,
                  "state": "passed",
                  "speed": "fast",
                  "pass": true,
                  "fail": false,
                  "pending": false,
                  "context": null,
                  "code": "const a = new alarm_1.default({\n    // @ts-ignore\n    unknown: true,\n    type: alarm_1.ICalAlarmType.display\n}, new event_1.default({}, new calendar_1.default()));\nassert_1.default.strictEqual(a.type(), 'display');",
                  "err": {},
                  "uuid": "57793d67-5482-4c4a-95d7-9abbfbf3dd6d",
                  "parentUUID": "2eeb4ae2-4fcb-40e2-9816-58e89ff2a40d",
                  "isHook": false,
                  "skipped": false
                }
              ],
              "suites": [],
              "passes": [
                "325a3598-398d-47d5-9a93-3831a66c258b",
                "57793d67-5482-4c4a-95d7-9abbfbf3dd6d"
              ],
              "failures": [],
              "pending": [],
              "skipped": [],
              "duration": 2,
              "root": false,
              "rootEmpty": false,
              "_timeout": 2000
            },
            {
              "uuid": "c8737a01-0f82-4fd5-8a8a-cd1ef699cb7b",
              "title": "type()",
              "fullFile": "/home/runner/work/ical-generator/ical-generator/test/alarm.ts",
              "file": "/test/alarm.ts",
              "beforeHooks": [],
              "afterHooks": [],
              "tests": [
                {
                  "title": "setter should return this",
                  "fullTitle": "ical-generator Alarm type() setter should return this",
                  "timedOut": false,
                  "duration": 0,
                  "state": "passed",
                  "speed": "fast",
                  "pass": true,
                  "fail": false,
                  "pending": false,
                  "context": null,
                  "code": "const a = new alarm_1.default({}, new event_1.default({}, new calendar_1.default()));\nassert_1.default.deepStrictEqual(a, a.type(null));\nassert_1.default.deepStrictEqual(a, a.type(alarm_1.ICalAlarmType.display));",
                  "err": {},
                  "uuid": "49479cd2-b4a7-4a32-bc13-1d2b73a9d276",
                  "parentUUID": "c8737a01-0f82-4fd5-8a8a-cd1ef699cb7b",
                  "isHook": false,
                  "skipped": false
                },
                {
                  "title": "getter should return value",
                  "fullTitle": "ical-generator Alarm type() getter should return value",
                  "timedOut": false,
                  "duration": 1,
                  "state": "passed",
                  "speed": "fast",
                  "pass": true,
                  "fail": false,
                  "pending": false,
                  "context": null,
                  "code": "const a = new alarm_1.default({}, new event_1.default({}, new calendar_1.default()));\nassert_1.default.strictEqual(a.type(), null);\na.type(alarm_1.ICalAlarmType.display);\nassert_1.default.strictEqual(a.type(), 'display');\na.type(null);\nassert_1.default.strictEqual(a.type(), null);",
                  "err": {},
                  "uuid": "abbab1cc-1cdb-461a-94c5-73d0c1853fa0",
                  "parentUUID": "c8737a01-0f82-4fd5-8a8a-cd1ef699cb7b",
                  "isHook": false,
                  "skipped": false
                },
                {
                  "title": "should throw error when type not allowed",
                  "fullTitle": "ical-generator Alarm type() should throw error when type not allowed",
                  "timedOut": false,
                  "duration": 0,
                  "state": "passed",
                  "speed": "fast",
                  "pass": true,
                  "fail": false,
                  "pending": false,
                  "context": null,
                  "code": "const a = new alarm_1.default({}, new event_1.default({}, new calendar_1.default()));\nassert_1.default.throws(function () {\n    // @ts-ignore\n    a.type('BANANA');\n}, /`type`/);",
                  "err": {},
                  "uuid": "afddaa4e-a236-4ae1-900a-354c5917281d",
                  "parentUUID": "c8737a01-0f82-4fd5-8a8a-cd1ef699cb7b",
                  "isHook": false,
                  "skipped": false
                },
                {
                  "title": "should change something",
                  "fullTitle": "ical-generator Alarm type() should change something",
                  "timedOut": false,
                  "duration": 1,
                  "state": "passed",
                  "speed": "fast",
                  "pass": true,
                  "fail": false,
                  "pending": false,
                  "context": null,
                  "code": "const a = new alarm_1.default({\n    type: alarm_1.ICalAlarmType.display,\n    trigger: 60 * 10\n}, new event_1.default({}, new calendar_1.default()));\nassert_1.default.ok(a.toString().indexOf('ACTION:DISPLAY') > -1);",
                  "err": {},
                  "uuid": "7695f18a-a6c4-4da4-b9d7-d37723b140c0",
                  "parentUUID": "c8737a01-0f82-4fd5-8a8a-cd1ef699cb7b",
                  "isHook": false,
                  "skipped": false
                }
              ],
              "suites": [],
              "passes": [
                "49479cd2-b4a7-4a32-bc13-1d2b73a9d276",
                "abbab1cc-1cdb-461a-94c5-73d0c1853fa0",
                "afddaa4e-a236-4ae1-900a-354c5917281d",
                "7695f18a-a6c4-4da4-b9d7-d37723b140c0"
              ],
              "failures": [],
              "pending": [],
              "skipped": [],
              "duration": 2,
              "root": false,
              "rootEmpty": false,
              "_timeout": 2000
            },
            {
              "uuid": "ae8ca1d7-41c1-4006-a5ca-16ffcd9d37de",
              "title": "trigger()",
              "fullFile": "/home/runner/work/ical-generator/ical-generator/test/alarm.ts",
              "file": "/test/alarm.ts",
              "beforeHooks": [],
              "afterHooks": [],
              "tests": [
                {
                  "title": "setter should return this",
                  "fullTitle": "ical-generator Alarm trigger() setter should return this",
                  "timedOut": false,
                  "duration": 1,
                  "state": "passed",
                  "speed": "fast",
                  "pass": true,
                  "fail": false,
                  "pending": false,
                  "context": null,
                  "code": "const a = new alarm_1.default({}, new event_1.default({}, new calendar_1.default()));\nassert_1.default.deepStrictEqual(a, a.trigger(null));\nassert_1.default.deepStrictEqual(a, a.trigger(60 * 10));",
                  "err": {},
                  "uuid": "5f7306c4-45a1-4507-b1fb-b582f5e29e61",
                  "parentUUID": "ae8ca1d7-41c1-4006-a5ca-16ffcd9d37de",
                  "isHook": false,
                  "skipped": false
                },
                {
                  "title": "getter should return value",
                  "fullTitle": "ical-generator Alarm trigger() getter should return value",
                  "timedOut": false,
                  "duration": 0,
                  "state": "passed",
                  "speed": "fast",
                  "pass": true,
                  "fail": false,
                  "pending": false,
                  "context": null,
                  "code": "const a = new alarm_1.default({}, new event_1.default({}, new calendar_1.default()));\nconst now = new Date();\nassert_1.default.strictEqual(a.trigger(), null);\nassert_1.default.strictEqual(a.triggerAfter(), null);\na.trigger(300);\nassert_1.default.strictEqual(a.trigger(), 300);\nassert_1.default.strictEqual(a.triggerAfter(), -300);\n// Date\na.trigger(now);\nconst dateResult = a.trigger();\nassert_1.default.ok(moment_timezone_1.default.isMoment(dateResult));\nassert_1.default.ok(dateResult.isSame(now));\n// Null\na.trigger(null);\nassert_1.default.strictEqual(a.trigger(), null);\nassert_1.default.strictEqual(a.triggerAfter(), null);",
                  "err": {},
                  "uuid": "14e35049-073e-48c7-b29b-98f0c7a61a31",
                  "parentUUID": "ae8ca1d7-41c1-4006-a5ca-16ffcd9d37de",
                  "isHook": false,
                  "skipped": false
                },
                {
                  "title": "should throw error when trigger not allowed",
                  "fullTitle": "ical-generator Alarm trigger() should throw error when trigger not allowed",
                  "timedOut": false,
                  "duration": 0,
                  "state": "passed",
                  "speed": "fast",
                  "pass": true,
                  "fail": false,
                  "pending": false,
                  "context": null,
                  "code": "const a = new alarm_1.default({}, new event_1.default({}, new calendar_1.default()));\nassert_1.default.throws(function () {\n    a.trigger(Infinity);\n}, /`trigger`/);\nassert_1.default.throws(function () {\n    // @ts-ignore\n    a.trigger('hi');\n}, /`trigger`/);\nassert_1.default.throws(function () {\n    // @ts-ignore\n    a.trigger(true);\n}, /`trigger`/);",
                  "err": {},
                  "uuid": "d6d7d46b-6d03-47b7-8fe9-5d23339cac3a",
                  "parentUUID": "ae8ca1d7-41c1-4006-a5ca-16ffcd9d37de",
                  "isHook": false,
                  "skipped": false
                },
                {
                  "title": "setter should work with null",
                  "fullTitle": "ical-generator Alarm trigger() setter should work with null",
                  "timedOut": false,
                  "duration": 0,
                  "state": "passed",
                  "speed": "fast",
                  "pass": true,
                  "fail": false,
                  "pending": false,
                  "context": null,
                  "code": "const a = new alarm_1.default({}, new event_1.default({}, new calendar_1.default()));\na.trigger(60 * 10);\na.trigger(null);\nassert_1.default.strictEqual(a.trigger(), null);",
                  "err": {},
                  "uuid": "b0f0f890-ce8c-4bbb-a9c6-db563444def5",
                  "parentUUID": "ae8ca1d7-41c1-4006-a5ca-16ffcd9d37de",
                  "isHook": false,
                  "skipped": false
                },
                {
                  "title": "setter should work with date",
                  "fullTitle": "ical-generator Alarm trigger() setter should work with date",
                  "timedOut": false,
                  "duration": 0,
                  "state": "passed",
                  "speed": "fast",
                  "pass": true,
                  "fail": false,
                  "pending": false,
                  "context": null,
                  "code": "const a = new alarm_1.default({}, new event_1.default({}, new calendar_1.default()));\na.trigger(new Date());\nassert_1.default.ok(moment_timezone_1.default.isMoment(a.trigger()));",
                  "err": {},
                  "uuid": "971758bc-df2a-4d4b-926b-9fa790fee7f4",
                  "parentUUID": "ae8ca1d7-41c1-4006-a5ca-16ffcd9d37de",
                  "isHook": false,
                  "skipped": false
                },
                {
                  "title": "setter should work with moment instance",
                  "fullTitle": "ical-generator Alarm trigger() setter should work with moment instance",
                  "timedOut": false,
                  "duration": 0,
                  "state": "passed",
                  "speed": "fast",
                  "pass": true,
                  "fail": false,
                  "pending": false,
                  "context": null,
                  "code": "const a = new alarm_1.default({}, new event_1.default({}, new calendar_1.default()));\na.trigger(moment_timezone_1.default());\nassert_1.default.ok(moment_timezone_1.default.isMoment(a.trigger()));",
                  "err": {},
                  "uuid": "610583f7-e3f3-4a58-a68c-440694765ef5",
                  "parentUUID": "ae8ca1d7-41c1-4006-a5ca-16ffcd9d37de",
                  "isHook": false,
                  "skipped": false
                },
                {
                  "title": "setter should work with moment.duration",
                  "fullTitle": "ical-generator Alarm trigger() setter should work with moment.duration",
                  "timedOut": false,
                  "duration": 0,
                  "state": "passed",
                  "speed": "fast",
                  "pass": true,
                  "fail": false,
                  "pending": false,
                  "context": null,
                  "code": "const a = new alarm_1.default({}, new event_1.default({}, new calendar_1.default()));\na.trigger(moment_timezone_1.default.duration(2, 'minutes'));\nassert_1.default.strictEqual(a.trigger(), 120);",
                  "err": {},
                  "uuid": "d21aaa74-de9d-426e-aa06-ffa15ca67841",
                  "parentUUID": "ae8ca1d7-41c1-4006-a5ca-16ffcd9d37de",
                  "isHook": false,
                  "skipped": false
                },
                {
                  "title": "setter should work with number",
                  "fullTitle": "ical-generator Alarm trigger() setter should work with number",
                  "timedOut": false,
                  "duration": 0,
                  "state": "passed",
                  "speed": "fast",
                  "pass": true,
                  "fail": false,
                  "pending": false,
                  "context": null,
                  "code": "const a = new alarm_1.default({}, new event_1.default({}, new calendar_1.default()));\na.trigger(2 * 60);\nassert_1.default.strictEqual(a.trigger(), 120);",
                  "err": {},
                  "uuid": "d00fc993-061b-43b9-951b-b1a862ed0ea1",
                  "parentUUID": "ae8ca1d7-41c1-4006-a5ca-16ffcd9d37de",
                  "isHook": false,
                  "skipped": false
                },
                {
                  "title": "should change something",
                  "fullTitle": "ical-generator Alarm trigger() should change something",
                  "timedOut": false,
                  "duration": 3,
                  "state": "passed",
                  "speed": "fast",
                  "pass": true,
                  "fail": false,
                  "pending": false,
                  "context": null,
                  "code": "const trigger = moment_timezone_1.default('2015-02-01T13:38:45.000Z');\nconst a = new alarm_1.default({ type: alarm_1.ICalAlarmType.display, trigger: 60 * 10 }, new event_1.default({}, new calendar_1.default()));\nassert_1.default.ok(a.toString().indexOf('TRIGGER:-PT10M') > -1);\na.trigger(trigger);\nassert_1.default.ok(a.toString().indexOf('TRIGGER;VALUE=DATE-TIME:20150201T133845Z') > -1);",
                  "err": {},
                  "uuid": "32fa52e0-1390-4a30-990e-cfeea943a0d4",
                  "parentUUID": "ae8ca1d7-41c1-4006-a5ca-16ffcd9d37de",
                  "isHook": false,
                  "skipped": false
                }
              ],
              "suites": [],
              "passes": [
                "5f7306c4-45a1-4507-b1fb-b582f5e29e61",
                "14e35049-073e-48c7-b29b-98f0c7a61a31",
                "d6d7d46b-6d03-47b7-8fe9-5d23339cac3a",
                "b0f0f890-ce8c-4bbb-a9c6-db563444def5",
                "971758bc-df2a-4d4b-926b-9fa790fee7f4",
                "610583f7-e3f3-4a58-a68c-440694765ef5",
                "d21aaa74-de9d-426e-aa06-ffa15ca67841",
                "d00fc993-061b-43b9-951b-b1a862ed0ea1",
                "32fa52e0-1390-4a30-990e-cfeea943a0d4"
              ],
              "failures": [],
              "pending": [],
              "skipped": [],
              "duration": 4,
              "root": false,
              "rootEmpty": false,
              "_timeout": 2000
            },
            {
              "uuid": "1569a87f-d00e-434b-a31b-c2b1720a497e",
              "title": "triggerAfter()",
              "fullFile": "/home/runner/work/ical-generator/ical-generator/test/alarm.ts",
              "file": "/test/alarm.ts",
              "beforeHooks": [],
              "afterHooks": [],
              "tests": [
                {
                  "title": "setter should return this",
                  "fullTitle": "ical-generator Alarm triggerAfter() setter should return this",
                  "timedOut": false,
                  "duration": 0,
                  "state": "passed",
                  "speed": "fast",
                  "pass": true,
                  "fail": false,
                  "pending": false,
                  "context": null,
                  "code": "const a = new alarm_1.default({}, new event_1.default({}, new calendar_1.default()));\nassert_1.default.deepStrictEqual(a, a.triggerAfter(60 * 10));",
                  "err": {},
                  "uuid": "8cbfee4d-98aa-4367-8db6-458dbcc0b4d1",
                  "parentUUID": "1569a87f-d00e-434b-a31b-c2b1720a497e",
                  "isHook": false,
                  "skipped": false
                },
                {
                  "title": "getter should return value",
                  "fullTitle": "ical-generator Alarm triggerAfter() getter should return value",
                  "timedOut": false,
                  "duration": 0,
                  "state": "passed",
                  "speed": "fast",
                  "pass": true,
                  "fail": false,
                  "pending": false,
                  "context": null,
                  "code": "const a = new alarm_1.default({}, new event_1.default({}, new calendar_1.default())).triggerAfter(300);\nassert_1.default.strictEqual(a.triggerAfter(), 300);\nassert_1.default.strictEqual(a.trigger(), -300);",
                  "err": {},
                  "uuid": "7ba50665-4a37-4023-944b-170bde46eeae",
                  "parentUUID": "1569a87f-d00e-434b-a31b-c2b1720a497e",
                  "isHook": false,
                  "skipped": false
                },
                {
                  "title": "setter should work with moment.duration",
                  "fullTitle": "ical-generator Alarm triggerAfter() setter should work with moment.duration",
                  "timedOut": false,
                  "duration": 1,
                  "state": "passed",
                  "speed": "fast",
                  "pass": true,
                  "fail": false,
                  "pending": false,
                  "context": null,
                  "code": "const a = new alarm_1.default({}, new event_1.default({}, new calendar_1.default()));\na.triggerAfter(moment_timezone_1.default.duration(2, 'minutes'));\nassert_1.default.strictEqual(a.trigger(), 120);",
                  "err": {},
                  "uuid": "a00dacbe-bc0f-460d-8f1c-575c1049e738",
                  "parentUUID": "1569a87f-d00e-434b-a31b-c2b1720a497e",
                  "isHook": false,
                  "skipped": false
                },
                {
                  "title": "setter should work with number",
                  "fullTitle": "ical-generator Alarm triggerAfter() setter should work with number",
                  "timedOut": false,
                  "duration": 0,
                  "state": "passed",
                  "speed": "fast",
                  "pass": true,
                  "fail": false,
                  "pending": false,
                  "context": null,
                  "code": "const a = new alarm_1.default({}, new event_1.default({}, new calendar_1.default()));\na.triggerAfter(120);\nassert_1.default.strictEqual(a.trigger(), -120);",
                  "err": {},
                  "uuid": "202641c2-3ed1-43e2-8725-f6998df14165",
                  "parentUUID": "1569a87f-d00e-434b-a31b-c2b1720a497e",
                  "isHook": false,
                  "skipped": false
                },
                {
                  "title": "setter should throw error when trigger not allowed",
                  "fullTitle": "ical-generator Alarm triggerAfter() setter should throw error when trigger not allowed",
                  "timedOut": false,
                  "duration": 0,
                  "state": "passed",
                  "speed": "fast",
                  "pass": true,
                  "fail": false,
                  "pending": false,
                  "context": null,
                  "code": "const a = new alarm_1.default({}, new event_1.default({}, new calendar_1.default()));\nassert_1.default.throws(function () {\n    a.triggerAfter(Infinity);\n}, /`trigger`/);\nassert_1.default.throws(function () {\n    // @ts-ignore\n    a.triggerAfter('hi');\n}, /`trigger`/);\nassert_1.default.throws(function () {\n    // @ts-ignore\n    a.triggerAfter(true);\n}, /`trigger`/);",
                  "err": {},
                  "uuid": "8fc03563-74e4-4055-87df-88d02fcf8871",
                  "parentUUID": "1569a87f-d00e-434b-a31b-c2b1720a497e",
                  "isHook": false,
                  "skipped": false
                },
                {
                  "title": "should change something",
                  "fullTitle": "ical-generator Alarm triggerAfter() should change something",
                  "timedOut": false,
                  "duration": 1,
                  "state": "passed",
                  "speed": "fast",
                  "pass": true,
                  "fail": false,
                  "pending": false,
                  "context": null,
                  "code": "const trigger = moment_timezone_1.default('20150201T133845Z');\nconst a = new alarm_1.default({ type: alarm_1.ICalAlarmType.display, triggerAfter: 60 * 10 }, new event_1.default({}, new calendar_1.default()));\nassert_1.default.ok(a.toString().indexOf('TRIGGER;RELATED=END:PT10M') > -1);\na.triggerAfter(trigger);\nassert_1.default.ok(a.toString().indexOf('TRIGGER;VALUE=DATE-TIME:20150201T133845Z') > -1);",
                  "err": {},
                  "uuid": "422aa835-44d3-4fcb-b715-9d5b2096cbed",
                  "parentUUID": "1569a87f-d00e-434b-a31b-c2b1720a497e",
                  "isHook": false,
                  "skipped": false
                }
              ],
              "suites": [],
              "passes": [
                "8cbfee4d-98aa-4367-8db6-458dbcc0b4d1",
                "7ba50665-4a37-4023-944b-170bde46eeae",
                "a00dacbe-bc0f-460d-8f1c-575c1049e738",
                "202641c2-3ed1-43e2-8725-f6998df14165",
                "8fc03563-74e4-4055-87df-88d02fcf8871",
                "422aa835-44d3-4fcb-b715-9d5b2096cbed"
              ],
              "failures": [],
              "pending": [],
              "skipped": [],
              "duration": 2,
              "root": false,
              "rootEmpty": false,
              "_timeout": 2000
            },
            {
              "uuid": "afe42685-8021-4677-ab32-72e6437878ae",
              "title": "triggerBefore()",
              "fullFile": "/home/runner/work/ical-generator/ical-generator/test/alarm.ts",
              "file": "/test/alarm.ts",
              "beforeHooks": [],
              "afterHooks": [],
              "tests": [
                {
                  "title": "setter should return this",
                  "fullTitle": "ical-generator Alarm triggerBefore() setter should return this",
                  "timedOut": false,
                  "duration": 0,
                  "state": "passed",
                  "speed": "fast",
                  "pass": true,
                  "fail": false,
                  "pending": false,
                  "context": null,
                  "code": "const a = new alarm_1.default({}, new event_1.default({}, new calendar_1.default()));\nassert_1.default.deepStrictEqual(a, a.triggerBefore(null));\nassert_1.default.deepStrictEqual(a, a.triggerBefore(60 * 10));",
                  "err": {},
                  "uuid": "ce40c370-4028-4869-b856-a85cccfaf569",
                  "parentUUID": "afe42685-8021-4677-ab32-72e6437878ae",
                  "isHook": false,
                  "skipped": false
                },
                {
                  "title": "getter should return value",
                  "fullTitle": "ical-generator Alarm triggerBefore() getter should return value",
                  "timedOut": false,
                  "duration": 1,
                  "state": "passed",
                  "speed": "fast",
                  "pass": true,
                  "fail": false,
                  "pending": false,
                  "context": null,
                  "code": "const a = new alarm_1.default({}, new event_1.default({}, new calendar_1.default()));\nconst now = new Date();\nassert_1.default.strictEqual(a.triggerBefore(), null);\na.trigger(300);\nassert_1.default.strictEqual(a.triggerBefore(), 300);\n// Date\na.trigger(now);\nconst dateResult = a.triggerBefore();\nassert_1.default.ok(moment_timezone_1.default.isMoment(dateResult));\nassert_1.default.ok(dateResult.isSame(now));\n// Null\na.trigger(null);\nassert_1.default.strictEqual(a.triggerBefore(), null);",
                  "err": {},
                  "uuid": "41b778d1-c368-45ea-90bd-92b974c26839",
                  "parentUUID": "afe42685-8021-4677-ab32-72e6437878ae",
                  "isHook": false,
                  "skipped": false
                },
                {
                  "title": "should throw error when trigger not allowed",
                  "fullTitle": "ical-generator Alarm triggerBefore() should throw error when trigger not allowed",
                  "timedOut": false,
                  "duration": 0,
                  "state": "passed",
                  "speed": "fast",
                  "pass": true,
                  "fail": false,
                  "pending": false,
                  "context": null,
                  "code": "const a = new alarm_1.default({}, new event_1.default({}, new calendar_1.default()));\nassert_1.default.throws(function () {\n    a.triggerBefore(Infinity);\n}, /`trigger`/);\nassert_1.default.throws(function () {\n    // @ts-ignore\n    a.triggerBefore('hi');\n}, /`trigger`/);\nassert_1.default.throws(function () {\n    // @ts-ignore\n    a.triggerBefore(true);\n}, /`trigger`/);",
                  "err": {},
                  "uuid": "7e755896-cc1d-46df-bd10-491411100e1d",
                  "parentUUID": "afe42685-8021-4677-ab32-72e6437878ae",
                  "isHook": false,
                  "skipped": false
                },
                {
                  "title": "setter should work with null",
                  "fullTitle": "ical-generator Alarm triggerBefore() setter should work with null",
                  "timedOut": false,
                  "duration": 0,
                  "state": "passed",
                  "speed": "fast",
                  "pass": true,
                  "fail": false,
                  "pending": false,
                  "context": null,
                  "code": "const a = new alarm_1.default({}, new event_1.default({}, new calendar_1.default()));\na.triggerBefore(60 * 10);\na.triggerBefore(null);\nassert_1.default.strictEqual(a.trigger(), null);",
                  "err": {},
                  "uuid": "bbe0c556-9ed8-43d1-beb6-98703a268db4",
                  "parentUUID": "afe42685-8021-4677-ab32-72e6437878ae",
                  "isHook": false,
                  "skipped": false
                },
                {
                  "title": "setter should work with date",
                  "fullTitle": "ical-generator Alarm triggerBefore() setter should work with date",
                  "timedOut": false,
                  "duration": 0,
                  "state": "passed",
                  "speed": "fast",
                  "pass": true,
                  "fail": false,
                  "pending": false,
                  "context": null,
                  "code": "const a = new alarm_1.default({}, new event_1.default({}, new calendar_1.default()));\na.triggerBefore(new Date());\nassert_1.default.ok(moment_timezone_1.default.isMoment(a.trigger()));",
                  "err": {},
                  "uuid": "39cad311-0108-43ee-94d1-d9b639d2d4aa",
                  "parentUUID": "afe42685-8021-4677-ab32-72e6437878ae",
                  "isHook": false,
                  "skipped": false
                },
                {
                  "title": "setter should work with moment instance",
                  "fullTitle": "ical-generator Alarm triggerBefore() setter should work with moment instance",
                  "timedOut": false,
                  "duration": 0,
                  "state": "passed",
                  "speed": "fast",
                  "pass": true,
                  "fail": false,
                  "pending": false,
                  "context": null,
                  "code": "const a = new alarm_1.default({}, new event_1.default({}, new calendar_1.default()));\na.triggerBefore(moment_timezone_1.default());\nassert_1.default.ok(moment_timezone_1.default.isMoment(a.trigger()));",
                  "err": {},
                  "uuid": "5be93d24-a8ed-4b82-8620-6706d9fd3555",
                  "parentUUID": "afe42685-8021-4677-ab32-72e6437878ae",
                  "isHook": false,
                  "skipped": false
                },
                {
                  "title": "setter should work with moment.duration",
                  "fullTitle": "ical-generator Alarm triggerBefore() setter should work with moment.duration",
                  "timedOut": false,
                  "duration": 1,
                  "state": "passed",
                  "speed": "fast",
                  "pass": true,
                  "fail": false,
                  "pending": false,
                  "context": null,
                  "code": "const a = new alarm_1.default({}, new event_1.default({}, new calendar_1.default()));\na.triggerBefore(moment_timezone_1.default.duration(2, 'minutes'));\nassert_1.default.strictEqual(a.trigger(), 120);",
                  "err": {},
                  "uuid": "12bffde8-e061-4c4b-aba3-86247944daae",
                  "parentUUID": "afe42685-8021-4677-ab32-72e6437878ae",
                  "isHook": false,
                  "skipped": false
                },
                {
                  "title": "setter should work with number",
                  "fullTitle": "ical-generator Alarm triggerBefore() setter should work with number",
                  "timedOut": false,
                  "duration": 0,
                  "state": "passed",
                  "speed": "fast",
                  "pass": true,
                  "fail": false,
                  "pending": false,
                  "context": null,
                  "code": "const a = new alarm_1.default({}, new event_1.default({}, new calendar_1.default()));\na.triggerBefore(2 * 60);\nassert_1.default.strictEqual(a.trigger(), 120);",
                  "err": {},
                  "uuid": "ad63548a-21bb-45d8-80ae-b70346293c77",
                  "parentUUID": "afe42685-8021-4677-ab32-72e6437878ae",
                  "isHook": false,
                  "skipped": false
                },
                {
                  "title": "should change something",
                  "fullTitle": "ical-generator Alarm triggerBefore() should change something",
                  "timedOut": false,
                  "duration": 0,
                  "state": "passed",
                  "speed": "fast",
                  "pass": true,
                  "fail": false,
                  "pending": false,
                  "context": null,
                  "code": "const trigger = moment_timezone_1.default('2015-02-01T13:38:45.000Z');\nconst a = new alarm_1.default({ type: alarm_1.ICalAlarmType.display, triggerBefore: 60 * 10 }, new event_1.default({}, new calendar_1.default()));\nassert_1.default.ok(a.toString().indexOf('TRIGGER:-PT10M') > -1);\na.triggerBefore(trigger);\nassert_1.default.ok(a.toString().indexOf('TRIGGER;VALUE=DATE-TIME:20150201T133845Z') > -1);",
                  "err": {},
                  "uuid": "21d35650-60b7-44fe-802a-2eb55709466f",
                  "parentUUID": "afe42685-8021-4677-ab32-72e6437878ae",
                  "isHook": false,
                  "skipped": false
                }
              ],
              "suites": [],
              "passes": [
                "ce40c370-4028-4869-b856-a85cccfaf569",
                "41b778d1-c368-45ea-90bd-92b974c26839",
                "7e755896-cc1d-46df-bd10-491411100e1d",
                "bbe0c556-9ed8-43d1-beb6-98703a268db4",
                "39cad311-0108-43ee-94d1-d9b639d2d4aa",
                "5be93d24-a8ed-4b82-8620-6706d9fd3555",
                "12bffde8-e061-4c4b-aba3-86247944daae",
                "ad63548a-21bb-45d8-80ae-b70346293c77",
                "21d35650-60b7-44fe-802a-2eb55709466f"
              ],
              "failures": [],
              "pending": [],
              "skipped": [],
              "duration": 2,
              "root": false,
              "rootEmpty": false,
              "_timeout": 2000
            },
            {
              "uuid": "b3d18160-995b-4003-8324-191104eaddef",
              "title": "repeat()",
              "fullFile": "/home/runner/work/ical-generator/ical-generator/test/alarm.ts",
              "file": "/test/alarm.ts",
              "beforeHooks": [],
              "afterHooks": [],
              "tests": [
                {
                  "title": "setter should return this",
                  "fullTitle": "ical-generator Alarm repeat() setter should return this",
                  "timedOut": false,
                  "duration": 0,
                  "state": "passed",
                  "speed": "fast",
                  "pass": true,
                  "fail": false,
                  "pending": false,
                  "context": null,
                  "code": "const a = new alarm_1.default({}, new event_1.default({}, new calendar_1.default()));\nassert_1.default.deepStrictEqual(a, a.repeat(null));\nassert_1.default.deepStrictEqual(a, a.repeat(4));",
                  "err": {},
                  "uuid": "78929ebb-b6b8-47c3-9dad-85fe9637f742",
                  "parentUUID": "b3d18160-995b-4003-8324-191104eaddef",
                  "isHook": false,
                  "skipped": false
                },
                {
                  "title": "getter should return value",
                  "fullTitle": "ical-generator Alarm repeat() getter should return value",
                  "timedOut": false,
                  "duration": 0,
                  "state": "passed",
                  "speed": "fast",
                  "pass": true,
                  "fail": false,
                  "pending": false,
                  "context": null,
                  "code": "const a = new alarm_1.default({}, new event_1.default({}, new calendar_1.default()));\nassert_1.default.strictEqual(a.repeat(), null);\na.repeat(100);\nassert_1.default.strictEqual(a.repeat(), 100);\na.repeat(null);\nassert_1.default.strictEqual(a.repeat(), null);",
                  "err": {},
                  "uuid": "9a8e61df-0cfd-4b82-a4d2-922d0121a202",
                  "parentUUID": "b3d18160-995b-4003-8324-191104eaddef",
                  "isHook": false,
                  "skipped": false
                },
                {
                  "title": "should throw error if repeat not allowed",
                  "fullTitle": "ical-generator Alarm repeat() should throw error if repeat not allowed",
                  "timedOut": false,
                  "duration": 0,
                  "state": "passed",
                  "speed": "fast",
                  "pass": true,
                  "fail": false,
                  "pending": false,
                  "context": null,
                  "code": "const a = new alarm_1.default({}, new event_1.default({}, new calendar_1.default()));\nassert_1.default.throws(function () {\n    a.repeat(Infinity);\n}, /`repeat`/);\nassert_1.default.throws(function () {\n    // @ts-ignore\n    a.repeat('hi');\n}, /`repeat`/);\nassert_1.default.throws(function () {\n    // @ts-ignore\n    a.repeat(true);\n}, /`repeat`/);",
                  "err": {},
                  "uuid": "3c1e7ee3-02a3-4376-a8b4-e393e5cf7057",
                  "parentUUID": "b3d18160-995b-4003-8324-191104eaddef",
                  "isHook": false,
                  "skipped": false
                },
                {
                  "title": "should change something",
                  "fullTitle": "ical-generator Alarm repeat() should change something",
                  "timedOut": false,
                  "duration": 0,
                  "state": "passed",
                  "speed": "fast",
                  "pass": true,
                  "fail": false,
                  "pending": false,
                  "context": null,
                  "code": "const a = new alarm_1.default({\n    type: alarm_1.ICalAlarmType.display,\n    trigger: 300,\n    repeat: 42,\n    interval: 60\n}, new event_1.default({}, new calendar_1.default()));\nassert_1.default.ok(a.toString().indexOf('REPEAT:42') > -1);",
                  "err": {},
                  "uuid": "57f8c3fb-88c8-447e-a08e-b169ec0f2b4b",
                  "parentUUID": "b3d18160-995b-4003-8324-191104eaddef",
                  "isHook": false,
                  "skipped": false
                }
              ],
              "suites": [],
              "passes": [
                "78929ebb-b6b8-47c3-9dad-85fe9637f742",
                "9a8e61df-0cfd-4b82-a4d2-922d0121a202",
                "3c1e7ee3-02a3-4376-a8b4-e393e5cf7057",
                "57f8c3fb-88c8-447e-a08e-b169ec0f2b4b"
              ],
              "failures": [],
              "pending": [],
              "skipped": [],
              "duration": 0,
              "root": false,
              "rootEmpty": false,
              "_timeout": 2000
            },
            {
              "uuid": "e80174c9-cf9e-4115-8ca9-cfe182045d2f",
              "title": "interval()",
              "fullFile": "/home/runner/work/ical-generator/ical-generator/test/alarm.ts",
              "file": "/test/alarm.ts",
              "beforeHooks": [],
              "afterHooks": [],
              "tests": [
                {
                  "title": "setter should return this",
                  "fullTitle": "ical-generator Alarm interval() setter should return this",
                  "timedOut": false,
                  "duration": 0,
                  "state": "passed",
                  "speed": "fast",
                  "pass": true,
                  "fail": false,
                  "pending": false,
                  "context": null,
                  "code": "const a = new alarm_1.default({}, new event_1.default({}, new calendar_1.default()));\nassert_1.default.deepStrictEqual(a, a.interval(null));\nassert_1.default.deepStrictEqual(a, a.interval(60));",
                  "err": {},
                  "uuid": "a77f03c6-e4a5-4685-b26e-4a095b168a0d",
                  "parentUUID": "e80174c9-cf9e-4115-8ca9-cfe182045d2f",
                  "isHook": false,
                  "skipped": false
                },
                {
                  "title": "getter should return value",
                  "fullTitle": "ical-generator Alarm interval() getter should return value",
                  "timedOut": false,
                  "duration": 0,
                  "state": "passed",
                  "speed": "fast",
                  "pass": true,
                  "fail": false,
                  "pending": false,
                  "context": null,
                  "code": "const a = new alarm_1.default({}, new event_1.default({}, new calendar_1.default()));\nassert_1.default.strictEqual(a.interval(), null);\na.interval(30);\nassert_1.default.strictEqual(a.interval(), 30);\na.interval(null);\nassert_1.default.strictEqual(a.interval(), null);",
                  "err": {},
                  "uuid": "e82d4854-a016-40ff-af7d-ea9e3c914cf4",
                  "parentUUID": "e80174c9-cf9e-4115-8ca9-cfe182045d2f",
                  "isHook": false,
                  "skipped": false
                },
                {
                  "title": "should throw error if repeat not allowed",
                  "fullTitle": "ical-generator Alarm interval() should throw error if repeat not allowed",
                  "timedOut": false,
                  "duration": 1,
                  "state": "passed",
                  "speed": "fast",
                  "pass": true,
                  "fail": false,
                  "pending": false,
                  "context": null,
                  "code": "const a = new alarm_1.default({}, new event_1.default({}, new calendar_1.default()));\nassert_1.default.throws(function () {\n    a.interval(Infinity);\n}, /`interval`/);\nassert_1.default.throws(function () {\n    // @ts-ignore\n    a.interval('hi');\n}, /`interval`/);\nassert_1.default.throws(function () {\n    // @ts-ignore\n    a.interval(true);\n}, /`interval`/);",
                  "err": {},
                  "uuid": "6b787fb1-9b08-4981-9792-33eee526d792",
                  "parentUUID": "e80174c9-cf9e-4115-8ca9-cfe182045d2f",
                  "isHook": false,
                  "skipped": false
                },
                {
                  "title": "should change something",
                  "fullTitle": "ical-generator Alarm interval() should change something",
                  "timedOut": false,
                  "duration": 0,
                  "state": "passed",
                  "speed": "fast",
                  "pass": true,
                  "fail": false,
                  "pending": false,
                  "context": null,
                  "code": "const a = new alarm_1.default({\n    type: alarm_1.ICalAlarmType.display,\n    trigger: 300,\n    repeat: 42,\n    interval: 90\n}, new event_1.default({}, new calendar_1.default()));\nassert_1.default.ok(a.toString().indexOf('DURATION:PT1M30S') > -1);",
                  "err": {},
                  "uuid": "928f8ea9-dc19-4d78-94ce-b68527118f73",
                  "parentUUID": "e80174c9-cf9e-4115-8ca9-cfe182045d2f",
                  "isHook": false,
                  "skipped": false
                }
              ],
              "suites": [],
              "passes": [
                "a77f03c6-e4a5-4685-b26e-4a095b168a0d",
                "e82d4854-a016-40ff-af7d-ea9e3c914cf4",
                "6b787fb1-9b08-4981-9792-33eee526d792",
                "928f8ea9-dc19-4d78-94ce-b68527118f73"
              ],
              "failures": [],
              "pending": [],
              "skipped": [],
              "duration": 1,
              "root": false,
              "rootEmpty": false,
              "_timeout": 2000
            },
            {
              "uuid": "c86c5848-71cb-4d9f-b908-df48bf107c6d",
              "title": "attach()",
              "fullFile": "/home/runner/work/ical-generator/ical-generator/test/alarm.ts",
              "file": "/test/alarm.ts",
              "beforeHooks": [],
              "afterHooks": [],
              "tests": [
                {
                  "title": "setter should return this",
                  "fullTitle": "ical-generator Alarm attach() setter should return this",
                  "timedOut": false,
                  "duration": 0,
                  "state": "passed",
                  "speed": "fast",
                  "pass": true,
                  "fail": false,
                  "pending": false,
                  "context": null,
                  "code": "const a = new alarm_1.default({}, new event_1.default({}, new calendar_1.default()));\nassert_1.default.deepStrictEqual(a, a.attach(null));\nassert_1.default.deepStrictEqual(a, a.attach('https://sebbo.net/beep.aud'));",
                  "err": {},
                  "uuid": "a7b8dec1-02a9-47e4-b098-5d58c3512af1",
                  "parentUUID": "c86c5848-71cb-4d9f-b908-df48bf107c6d",
                  "isHook": false,
                  "skipped": false
                },
                {
                  "title": "getter should return value",
                  "fullTitle": "ical-generator Alarm attach() getter should return value",
                  "timedOut": false,
                  "duration": 1,
                  "state": "passed",
                  "speed": "fast",
                  "pass": true,
                  "fail": false,
                  "pending": false,
                  "context": null,
                  "code": "const t = { uri: 'https://example.com/alarm.aud', mime: 'audio/basic' };\nconst a = new alarm_1.default({}, new event_1.default({}, new calendar_1.default()));\nassert_1.default.strictEqual(a.attach(), null);\na.attach(t);\nassert_1.default.deepStrictEqual(a.attach(), t);\na.attach('https://www.example.com/beep.aud');\nassert_1.default.deepStrictEqual(a.attach(), {\n    uri: 'https://www.example.com/beep.aud',\n    mime: null\n});\na.attach({\n    uri: 'https://www.example.com/beep.aud'\n});\nassert_1.default.deepStrictEqual(a.attach(), {\n    uri: 'https://www.example.com/beep.aud',\n    mime: null\n});\na.attach(null);\nassert_1.default.strictEqual(a.attach(), null);",
                  "err": {},
                  "uuid": "5722dfa1-e72e-4838-9e02-ef9fbd5c617a",
                  "parentUUID": "c86c5848-71cb-4d9f-b908-df48bf107c6d",
                  "isHook": false,
                  "skipped": false
                },
                {
                  "title": "should throw error withour uri",
                  "fullTitle": "ical-generator Alarm attach() should throw error withour uri",
                  "timedOut": false,
                  "duration": 0,
                  "state": "passed",
                  "speed": "fast",
                  "pass": true,
                  "fail": false,
                  "pending": false,
                  "context": null,
                  "code": "const a = new alarm_1.default({}, new event_1.default({}, new calendar_1.default()));\nassert_1.default.throws(function () {\n    // @ts-ignore\n    a.attach({ mime: 'audio/basic' });\n}, /`attach.uri`/);",
                  "err": {},
                  "uuid": "536ee1d9-ced8-4378-9a3d-0a3d576c72cd",
                  "parentUUID": "c86c5848-71cb-4d9f-b908-df48bf107c6d",
                  "isHook": false,
                  "skipped": false
                },
                {
                  "title": "should throw error when unknown format",
                  "fullTitle": "ical-generator Alarm attach() should throw error when unknown format",
                  "timedOut": false,
                  "duration": 1,
                  "state": "passed",
                  "speed": "fast",
                  "pass": true,
                  "fail": false,
                  "pending": false,
                  "context": null,
                  "code": "const a = new alarm_1.default({}, new event_1.default({}, new calendar_1.default()));\nassert_1.default.throws(function () {\n    // @ts-ignore\n    a.attach(Infinity);\n}, /`attach`/);",
                  "err": {},
                  "uuid": "02f39ccb-572b-4ece-8c73-561d75ef65d6",
                  "parentUUID": "c86c5848-71cb-4d9f-b908-df48bf107c6d",
                  "isHook": false,
                  "skipped": false
                },
                {
                  "title": "should change something",
                  "fullTitle": "ical-generator Alarm attach() should change something",
                  "timedOut": false,
                  "duration": 0,
                  "state": "passed",
                  "speed": "fast",
                  "pass": true,
                  "fail": false,
                  "pending": false,
                  "context": null,
                  "code": "const a = new alarm_1.default({\n    type: alarm_1.ICalAlarmType.audio,\n    trigger: 300\n}, new event_1.default({}, new calendar_1.default()));\nassert_1.default.ok(a.toString().indexOf('\\r\\nATTACH;VALUE=URI:Basso') > -1);\na.attach('https://example.com/beep.aud');\nassert_1.default.ok(a.toString().indexOf('\\r\\nATTACH;VALUE=URI:https://example.com/beep.aud') > -1);\na.attach({\n    uri: 'https://example.com/beep.aud',\n    mime: 'audio/basic'\n});\nassert_1.default.ok(a.toString().indexOf('\\r\\nATTACH;FMTTYPE=audio/basic:https://example.com/beep.aud') > -1);",
                  "err": {},
                  "uuid": "7f43bd47-cbd2-4cf9-811d-b444f9759feb",
                  "parentUUID": "c86c5848-71cb-4d9f-b908-df48bf107c6d",
                  "isHook": false,
                  "skipped": false
                }
              ],
              "suites": [],
              "passes": [
                "a7b8dec1-02a9-47e4-b098-5d58c3512af1",
                "5722dfa1-e72e-4838-9e02-ef9fbd5c617a",
                "536ee1d9-ced8-4378-9a3d-0a3d576c72cd",
                "02f39ccb-572b-4ece-8c73-561d75ef65d6",
                "7f43bd47-cbd2-4cf9-811d-b444f9759feb"
              ],
              "failures": [],
              "pending": [],
              "skipped": [],
              "duration": 2,
              "root": false,
              "rootEmpty": false,
              "_timeout": 2000
            },
            {
              "uuid": "8253a66c-c548-4f07-9601-4bda19d5bdde",
              "title": "description()",
              "fullFile": "/home/runner/work/ical-generator/ical-generator/test/alarm.ts",
              "file": "/test/alarm.ts",
              "beforeHooks": [],
              "afterHooks": [],
              "tests": [
                {
                  "title": "setter should return this",
                  "fullTitle": "ical-generator Alarm description() setter should return this",
                  "timedOut": false,
                  "duration": 0,
                  "state": "passed",
                  "speed": "fast",
                  "pass": true,
                  "fail": false,
                  "pending": false,
                  "context": null,
                  "code": "const a = new alarm_1.default({}, new event_1.default({}, new calendar_1.default()));\nassert_1.default.deepStrictEqual(a, a.description(null));\nassert_1.default.deepStrictEqual(a, a.description('Hey Ho!'));",
                  "err": {},
                  "uuid": "53383c49-278d-4fab-b37b-480cbce2f064",
                  "parentUUID": "8253a66c-c548-4f07-9601-4bda19d5bdde",
                  "isHook": false,
                  "skipped": false
                },
                {
                  "title": "getter should return value",
                  "fullTitle": "ical-generator Alarm description() getter should return value",
                  "timedOut": false,
                  "duration": 0,
                  "state": "passed",
                  "speed": "fast",
                  "pass": true,
                  "fail": false,
                  "pending": false,
                  "context": null,
                  "code": "const a = new alarm_1.default({}, new event_1.default({}, new calendar_1.default()));\nassert_1.default.deepStrictEqual(a.description(), null);\na.description('blablabla');\nassert_1.default.deepStrictEqual(a.description(), 'blablabla');\na.description(null);\nassert_1.default.deepStrictEqual(a.description(), null);",
                  "err": {},
                  "uuid": "7f1bd8ae-dcb0-41fe-b615-e12330d456f8",
                  "parentUUID": "8253a66c-c548-4f07-9601-4bda19d5bdde",
                  "isHook": false,
                  "skipped": false
                },
                {
                  "title": "should change something",
                  "fullTitle": "ical-generator Alarm description() should change something",
                  "timedOut": false,
                  "duration": 0,
                  "state": "passed",
                  "speed": "fast",
                  "pass": true,
                  "fail": false,
                  "pending": false,
                  "context": null,
                  "code": "const a = new alarm_1.default({\n    type: alarm_1.ICalAlarmType.display,\n    trigger: 300,\n    description: 'Huibuh!'\n}, new event_1.default({}, new calendar_1.default()));\nassert_1.default.ok(a.toString().indexOf('\\r\\nDESCRIPTION:Huibuh') > -1);",
                  "err": {},
                  "uuid": "3ebd53ea-b60f-49a7-808c-d43e965a381c",
                  "parentUUID": "8253a66c-c548-4f07-9601-4bda19d5bdde",
                  "isHook": false,
                  "skipped": false
                },
                {
                  "title": "should fallback to event summary",
                  "fullTitle": "ical-generator Alarm description() should fallback to event summary",
                  "timedOut": false,
                  "duration": 0,
                  "state": "passed",
                  "speed": "fast",
                  "pass": true,
                  "fail": false,
                  "pending": false,
                  "context": null,
                  "code": "const a = new alarm_1.default({\n    type: alarm_1.ICalAlarmType.display,\n    trigger: 300\n}, new event_1.default({\n    summary: 'Example Event'\n}, new calendar_1.default()));\nassert_1.default.ok(a.toString().indexOf('\\r\\nDESCRIPTION:Example Event') > -1);",
                  "err": {},
                  "uuid": "7fa8b59b-7bf3-4a8e-83ce-63c2cca7d74b",
                  "parentUUID": "8253a66c-c548-4f07-9601-4bda19d5bdde",
                  "isHook": false,
                  "skipped": false
                }
              ],
              "suites": [],
              "passes": [
                "53383c49-278d-4fab-b37b-480cbce2f064",
                "7f1bd8ae-dcb0-41fe-b615-e12330d456f8",
                "3ebd53ea-b60f-49a7-808c-d43e965a381c",
                "7fa8b59b-7bf3-4a8e-83ce-63c2cca7d74b"
              ],
              "failures": [],
              "pending": [],
              "skipped": [],
              "duration": 0,
              "root": false,
              "rootEmpty": false,
              "_timeout": 2000
            },
            {
              "uuid": "ca0be92e-455a-4fe7-8949-95be9def0c47",
              "title": "x()",
              "fullFile": "/home/runner/work/ical-generator/ical-generator/test/alarm.ts",
              "file": "/test/alarm.ts",
              "beforeHooks": [],
              "afterHooks": [],
              "tests": [
                {
                  "title": "is there",
                  "fullTitle": "ical-generator Alarm x() is there",
                  "timedOut": false,
                  "duration": 1,
                  "state": "passed",
                  "speed": "fast",
                  "pass": true,
                  "fail": false,
                  "pending": false,
                  "context": null,
                  "code": "const a = new alarm_1.default({}, new event_1.default({}, new calendar_1.default()));\nassert_1.default.deepStrictEqual(a, a.x('X-FOO', 'bar'));",
                  "err": {},
                  "uuid": "246c5183-a747-4f8a-b899-9f1c219abb2d",
                  "parentUUID": "ca0be92e-455a-4fe7-8949-95be9def0c47",
                  "isHook": false,
                  "skipped": false
                }
              ],
              "suites": [],
              "passes": [
                "246c5183-a747-4f8a-b899-9f1c219abb2d"
              ],
              "failures": [],
              "pending": [],
              "skipped": [],
              "duration": 1,
              "root": false,
              "rootEmpty": false,
              "_timeout": 2000
            },
            {
              "uuid": "10a108dd-90a1-4b49-b840-cf79247e8622",
              "title": "toJSON()",
              "fullFile": "/home/runner/work/ical-generator/ical-generator/test/alarm.ts",
              "file": "/test/alarm.ts",
              "beforeHooks": [],
              "afterHooks": [],
              "tests": [
                {
                  "title": "should work",
                  "fullTitle": "ical-generator Alarm toJSON() should work",
                  "timedOut": false,
                  "duration": 0,
                  "state": "passed",
                  "speed": "fast",
                  "pass": true,
                  "fail": false,
                  "pending": false,
                  "context": null,
                  "code": "const a = new alarm_1.default({}, new event_1.default({}, new calendar_1.default()));\na.type(alarm_1.ICalAlarmType.display);\na.trigger(120);\nassert_1.default.deepStrictEqual(a.toJSON(), {\n    attach: null,\n    description: null,\n    interval: null,\n    repeat: null,\n    trigger: 120,\n    type: 'display',\n    x: []\n});",
                  "err": {},
                  "uuid": "ce428a88-1046-4260-b223-2af625f27177",
                  "parentUUID": "10a108dd-90a1-4b49-b840-cf79247e8622",
                  "isHook": false,
                  "skipped": false
                }
              ],
              "suites": [],
              "passes": [
                "ce428a88-1046-4260-b223-2af625f27177"
              ],
              "failures": [],
              "pending": [],
              "skipped": [],
              "duration": 0,
              "root": false,
              "rootEmpty": false,
              "_timeout": 2000
            },
            {
              "uuid": "15584009-cba1-4cc9-8669-849cb430c7d0",
              "title": "generate()",
              "fullFile": "/home/runner/work/ical-generator/ical-generator/test/alarm.ts",
              "file": "/test/alarm.ts",
              "beforeHooks": [],
              "afterHooks": [],
              "tests": [
                {
                  "title": "shoult throw an error without type",
                  "fullTitle": "ical-generator Alarm generate() shoult throw an error without type",
                  "timedOut": false,
                  "duration": 0,
                  "state": "passed",
                  "speed": "fast",
                  "pass": true,
                  "fail": false,
                  "pending": false,
                  "context": null,
                  "code": "const a = new alarm_1.default({ trigger: 300 }, new event_1.default({}, new calendar_1.default()));\nassert_1.default.throws(function () {\n    a.toString();\n}, /`type`/);",
                  "err": {},
                  "uuid": "910fc675-3e9c-4267-9348-6ce55917998d",
                  "parentUUID": "15584009-cba1-4cc9-8669-849cb430c7d0",
                  "isHook": false,
                  "skipped": false
                },
                {
                  "title": "shoult throw an error without trigger",
                  "fullTitle": "ical-generator Alarm generate() shoult throw an error without trigger",
                  "timedOut": false,
                  "duration": 0,
                  "state": "passed",
                  "speed": "fast",
                  "pass": true,
                  "fail": false,
                  "pending": false,
                  "context": null,
                  "code": "const a = new alarm_1.default({ type: alarm_1.ICalAlarmType.display }, new event_1.default({}, new calendar_1.default()));\nassert_1.default.throws(function () {\n    a.toString();\n}, /`trigger`/);",
                  "err": {},
                  "uuid": "b397a55b-e995-43eb-8fe4-37515033a607",
                  "parentUUID": "15584009-cba1-4cc9-8669-849cb430c7d0",
                  "isHook": false,
                  "skipped": false
                },
                {
                  "title": "shoult throw an error if repeat is set but interval isn't",
                  "fullTitle": "ical-generator Alarm generate() shoult throw an error if repeat is set but interval isn't",
                  "timedOut": false,
                  "duration": 0,
                  "state": "passed",
                  "speed": "fast",
                  "pass": true,
                  "fail": false,
                  "pending": false,
                  "context": null,
                  "code": "const a = new alarm_1.default({ type: alarm_1.ICalAlarmType.display, trigger: 300, repeat: 4 }, new event_1.default({}, new calendar_1.default()));\nassert_1.default.throws(function () {\n    a.toString();\n}, /for `interval`/);",
                  "err": {},
                  "uuid": "9a78f9fe-80a4-4bf2-a20a-4cce424586f3",
                  "parentUUID": "15584009-cba1-4cc9-8669-849cb430c7d0",
                  "isHook": false,
                  "skipped": false
                },
                {
                  "title": "shoult throw an error if interval is set but repeat isn't",
                  "fullTitle": "ical-generator Alarm generate() shoult throw an error if interval is set but repeat isn't",
                  "timedOut": false,
                  "duration": 0,
                  "state": "passed",
                  "speed": "fast",
                  "pass": true,
                  "fail": false,
                  "pending": false,
                  "context": null,
                  "code": "const a = new alarm_1.default({\n    type: alarm_1.ICalAlarmType.display,\n    trigger: 300,\n    interval: 60\n}, new event_1.default({}, new calendar_1.default()));\nassert_1.default.throws(function () {\n    a.toString();\n}, /for `repeat`/);",
                  "err": {},
                  "uuid": "20e3d336-66ec-48fb-87bb-45fb3161869e",
                  "parentUUID": "15584009-cba1-4cc9-8669-849cb430c7d0",
                  "isHook": false,
                  "skipped": false
                }
              ],
              "suites": [],
              "passes": [
                "910fc675-3e9c-4267-9348-6ce55917998d",
                "b397a55b-e995-43eb-8fe4-37515033a607",
                "9a78f9fe-80a4-4bf2-a20a-4cce424586f3",
                "20e3d336-66ec-48fb-87bb-45fb3161869e"
              ],
              "failures": [],
              "pending": [],
              "skipped": [],
              "duration": 0,
              "root": false,
              "rootEmpty": false,
              "_timeout": 2000
            }
          ],
          "passes": [],
          "failures": [],
          "pending": [],
          "skipped": [],
          "duration": 0,
          "root": false,
          "rootEmpty": false,
          "_timeout": 2000
        },
        {
          "uuid": "0b0df2a3-6921-482f-841e-e307fac921f1",
          "title": "ical-generator Attendee",
          "fullFile": "/home/runner/work/ical-generator/ical-generator/test/attendee.ts",
          "file": "/test/attendee.ts",
          "beforeHooks": [],
          "afterHooks": [],
          "tests": [],
          "suites": [
            {
              "uuid": "aea946d6-2bfc-46ae-93d6-17b0e0796caf",
              "title": "constructor()",
              "fullFile": "/home/runner/work/ical-generator/ical-generator/test/attendee.ts",
              "file": "/test/attendee.ts",
              "beforeHooks": [],
              "afterHooks": [],
              "tests": [
                {
                  "title": "shouldn't work without event reference",
                  "fullTitle": "ical-generator Attendee constructor() shouldn't work without event reference",
                  "timedOut": false,
                  "duration": 0,
                  "state": "passed",
                  "speed": "fast",
                  "pass": true,
                  "fail": false,
                  "pending": false,
                  "context": null,
                  "code": "assert_1.default.throws(function () {\n    // @ts-ignore\n    new attendee_1.default({ email: 'foo@bar.com' });\n}, /`event`/);",
                  "err": {},
                  "uuid": "19453301-87f4-4042-beb8-142da1eb98cd",
                  "parentUUID": "aea946d6-2bfc-46ae-93d6-17b0e0796caf",
                  "isHook": false,
                  "skipped": false
                }
              ],
              "suites": [],
              "passes": [
                "19453301-87f4-4042-beb8-142da1eb98cd"
              ],
              "failures": [],
              "pending": [],
              "skipped": [],
              "duration": 0,
              "root": false,
              "rootEmpty": false,
              "_timeout": 2000
            },
            {
              "uuid": "46ecd22e-952d-492f-bf1a-f2ee8e984bac",
              "title": "name()",
              "fullFile": "/home/runner/work/ical-generator/ical-generator/test/attendee.ts",
              "file": "/test/attendee.ts",
              "beforeHooks": [],
              "afterHooks": [],
              "tests": [
                {
                  "title": "getter should return value",
                  "fullTitle": "ical-generator Attendee name() getter should return value",
                  "timedOut": false,
                  "duration": 0,
                  "state": "passed",
                  "speed": "fast",
                  "pass": true,
                  "fail": false,
                  "pending": false,
                  "context": null,
                  "code": "const a = new attendee_1.default({}, new event_1.default({}, new calendar_1.default()));\nassert_1.default.strictEqual(a.name(), null);\na.name('Sebastian');\nassert_1.default.strictEqual(a.name(), 'Sebastian');",
                  "err": {},
                  "uuid": "7bd949b8-404a-4a57-8869-cd85b253de7f",
                  "parentUUID": "46ecd22e-952d-492f-bf1a-f2ee8e984bac",
                  "isHook": false,
                  "skipped": false
                },
                {
                  "title": "setter should return this",
                  "fullTitle": "ical-generator Attendee name() setter should return this",
                  "timedOut": false,
                  "duration": 1,
                  "state": "passed",
                  "speed": "fast",
                  "pass": true,
                  "fail": false,
                  "pending": false,
                  "context": null,
                  "code": "const a = new attendee_1.default({}, new event_1.default({}, new calendar_1.default()));\nassert_1.default.deepStrictEqual(a, a.name(null));\nassert_1.default.deepStrictEqual(a, a.name('Sebastian'));",
                  "err": {},
                  "uuid": "eb5a40bd-4150-4dff-a33b-8d890802e367",
                  "parentUUID": "46ecd22e-952d-492f-bf1a-f2ee8e984bac",
                  "isHook": false,
                  "skipped": false
                },
                {
                  "title": "setter should change something",
                  "fullTitle": "ical-generator Attendee name() setter should change something",
                  "timedOut": false,
                  "duration": 0,
                  "state": "passed",
                  "speed": "fast",
                  "pass": true,
                  "fail": false,
                  "pending": false,
                  "context": null,
                  "code": "const a = new attendee_1.default({}, new event_1.default({}, new calendar_1.default()));\na.name('Sebastian');\nassert_1.default.strictEqual(a.name(), 'Sebastian');\na.name(null);\nassert_1.default.strictEqual(a.name(), null);",
                  "err": {},
                  "uuid": "b7191eca-32bf-4110-a0d1-7ba82185566e",
                  "parentUUID": "46ecd22e-952d-492f-bf1a-f2ee8e984bac",
                  "isHook": false,
                  "skipped": false
                }
              ],
              "suites": [],
              "passes": [
                "7bd949b8-404a-4a57-8869-cd85b253de7f",
                "eb5a40bd-4150-4dff-a33b-8d890802e367",
                "b7191eca-32bf-4110-a0d1-7ba82185566e"
              ],
              "failures": [],
              "pending": [],
              "skipped": [],
              "duration": 1,
              "root": false,
              "rootEmpty": false,
              "_timeout": 2000
            },
            {
              "uuid": "c0cce53a-4be3-4821-9ed3-fb96a2076f24",
              "title": "email()",
              "fullFile": "/home/runner/work/ical-generator/ical-generator/test/attendee.ts",
              "file": "/test/attendee.ts",
              "beforeHooks": [],
              "afterHooks": [],
              "tests": [
                {
                  "title": "getter should return value",
                  "fullTitle": "ical-generator Attendee email() getter should return value",
                  "timedOut": false,
                  "duration": 1,
                  "state": "passed",
                  "speed": "fast",
                  "pass": true,
                  "fail": false,
                  "pending": false,
                  "context": null,
                  "code": "const a = new attendee_1.default({}, new event_1.default({}, new calendar_1.default())).email('foo@example.com');\nassert_1.default.strictEqual(a.email(), 'foo@example.com');",
                  "err": {},
                  "uuid": "b64e1bde-a99c-403b-ac5f-edb36c37e937",
                  "parentUUID": "c0cce53a-4be3-4821-9ed3-fb96a2076f24",
                  "isHook": false,
                  "skipped": false
                },
                {
                  "title": "setter should return this",
                  "fullTitle": "ical-generator Attendee email() setter should return this",
                  "timedOut": false,
                  "duration": 0,
                  "state": "passed",
                  "speed": "fast",
                  "pass": true,
                  "fail": false,
                  "pending": false,
                  "context": null,
                  "code": "const a = new attendee_1.default({}, new event_1.default({}, new calendar_1.default()));\nassert_1.default.deepStrictEqual(a, a.email('foo@example.com'));",
                  "err": {},
                  "uuid": "19dc4d9f-4960-4f5d-bf7d-9ec20e3b4a36",
                  "parentUUID": "c0cce53a-4be3-4821-9ed3-fb96a2076f24",
                  "isHook": false,
                  "skipped": false
                },
                {
                  "title": "should change something",
                  "fullTitle": "ical-generator Attendee email() should change something",
                  "timedOut": false,
                  "duration": 0,
                  "state": "passed",
                  "speed": "fast",
                  "pass": true,
                  "fail": false,
                  "pending": false,
                  "context": null,
                  "code": "const a = new attendee_1.default({ email: 'mail@example.com' }, new event_1.default({}, new calendar_1.default()));\nassert_1.default.ok(a.toString().indexOf('mail@example.com') > -1);",
                  "err": {},
                  "uuid": "cc6f7a2d-260d-4500-9b03-0d18a31a33fa",
                  "parentUUID": "c0cce53a-4be3-4821-9ed3-fb96a2076f24",
                  "isHook": false,
                  "skipped": false
                }
              ],
              "suites": [],
              "passes": [
                "b64e1bde-a99c-403b-ac5f-edb36c37e937",
                "19dc4d9f-4960-4f5d-bf7d-9ec20e3b4a36",
                "cc6f7a2d-260d-4500-9b03-0d18a31a33fa"
              ],
              "failures": [],
              "pending": [],
              "skipped": [],
              "duration": 1,
              "root": false,
              "rootEmpty": false,
              "_timeout": 2000
            },
            {
              "uuid": "2c3afd2b-9969-4286-a9ac-76d1104fbe57",
              "title": "mailto()",
              "fullFile": "/home/runner/work/ical-generator/ical-generator/test/attendee.ts",
              "file": "/test/attendee.ts",
              "beforeHooks": [],
              "afterHooks": [],
              "tests": [
                {
                  "title": "getter should return value",
                  "fullTitle": "ical-generator Attendee mailto() getter should return value",
                  "timedOut": false,
                  "duration": 0,
                  "state": "passed",
                  "speed": "fast",
                  "pass": true,
                  "fail": false,
                  "pending": false,
                  "context": null,
                  "code": "const a = new attendee_1.default({}, new event_1.default({}, new calendar_1.default()));\nassert_1.default.strictEqual(a.mailto(), null);\na.mailto('foo@example.com');\nassert_1.default.strictEqual(a.mailto(), 'foo@example.com');",
                  "err": {},
                  "uuid": "6823869b-1b05-45b2-a3eb-bf79e88d453c",
                  "parentUUID": "2c3afd2b-9969-4286-a9ac-76d1104fbe57",
                  "isHook": false,
                  "skipped": false
                },
                {
                  "title": "setter should return this",
                  "fullTitle": "ical-generator Attendee mailto() setter should return this",
                  "timedOut": false,
                  "duration": 0,
                  "state": "passed",
                  "speed": "fast",
                  "pass": true,
                  "fail": false,
                  "pending": false,
                  "context": null,
                  "code": "const a = new attendee_1.default({}, new event_1.default({}, new calendar_1.default()));\nassert_1.default.deepStrictEqual(a, a.mailto(null));\nassert_1.default.deepStrictEqual(a, a.mailto('foo@example.com'));",
                  "err": {},
                  "uuid": "f66c7e7d-de93-43d9-9698-811439817bb7",
                  "parentUUID": "2c3afd2b-9969-4286-a9ac-76d1104fbe57",
                  "isHook": false,
                  "skipped": false
                },
                {
                  "title": "should change mailto and keep email if present",
                  "fullTitle": "ical-generator Attendee mailto() should change mailto and keep email if present",
                  "timedOut": false,
                  "duration": 0,
                  "state": "passed",
                  "speed": "fast",
                  "pass": true,
                  "fail": false,
                  "pending": false,
                  "context": null,
                  "code": "const a = new attendee_1.default({ email: 'mail@example.com' }, new event_1.default({}, new calendar_1.default()));\na.mailto('mail2@example2.com');\nassert_1.default.ok(a.toString().indexOf('EMAIL=mail@example.com') > -1 &&\n    a.toString().indexOf('MAILTO:mail2@example2.com') > -1);",
                  "err": {},
                  "uuid": "273bcf9c-ca23-4f7f-a6dc-e680e2881523",
                  "parentUUID": "2c3afd2b-9969-4286-a9ac-76d1104fbe57",
                  "isHook": false,
                  "skipped": false
                }
              ],
              "suites": [],
              "passes": [
                "6823869b-1b05-45b2-a3eb-bf79e88d453c",
                "f66c7e7d-de93-43d9-9698-811439817bb7",
                "273bcf9c-ca23-4f7f-a6dc-e680e2881523"
              ],
              "failures": [],
              "pending": [],
              "skipped": [],
              "duration": 0,
              "root": false,
              "rootEmpty": false,
              "_timeout": 2000
            },
            {
              "uuid": "d03358a7-69c2-4e93-9dfd-f41a9b396721",
              "title": "role()",
              "fullFile": "/home/runner/work/ical-generator/ical-generator/test/attendee.ts",
              "file": "/test/attendee.ts",
              "beforeHooks": [],
              "afterHooks": [],
              "tests": [
                {
                  "title": "setter should return this",
                  "fullTitle": "ical-generator Attendee role() setter should return this",
                  "timedOut": false,
                  "duration": 0,
                  "state": "passed",
                  "speed": "fast",
                  "pass": true,
                  "fail": false,
                  "pending": false,
                  "context": null,
                  "code": "const a = new attendee_1.default({}, new event_1.default({}, new calendar_1.default()));\nassert_1.default.deepStrictEqual(a, a.role(attendee_1.ICalAttendeeRole.REQ));",
                  "err": {},
                  "uuid": "1dad8d79-930d-4be7-9cdc-b7522c1724cd",
                  "parentUUID": "d03358a7-69c2-4e93-9dfd-f41a9b396721",
                  "isHook": false,
                  "skipped": false
                },
                {
                  "title": "getter should return value",
                  "fullTitle": "ical-generator Attendee role() getter should return value",
                  "timedOut": false,
                  "duration": 0,
                  "state": "passed",
                  "speed": "fast",
                  "pass": true,
                  "fail": false,
                  "pending": false,
                  "context": null,
[...]
          "title": "ICalTools",
          "fullFile": "/home/runner/work/ical-generator/ical-generator/test/tools.ts",
          "file": "/test/tools.ts",
          "beforeHooks": [],
          "afterHooks": [],
          "tests": [],
          "suites": [
            {
              "uuid": "0e5f2833-b009-4bde-b06a-5cfaefcb7959",
              "title": "formatDate()",
              "fullFile": "/home/runner/work/ical-generator/ical-generator/test/tools.ts",
              "file": "/test/tools.ts",
              "beforeHooks": [],
              "afterHooks": [],
              "tests": [
                {
                  "title": "timezone=0 dateonly=0 floating=0",
                  "fullTitle": "ICalTools formatDate() timezone=0 dateonly=0 floating=0",
                  "timedOut": false,
                  "duration": 0,
                  "state": "passed",
                  "speed": "fast",
                  "pass": true,
                  "fail": false,
                  "pending": false,
                  "context": null,
                  "code": "assert_1.default.strictEqual(tools_1.formatDate(null, '2018-07-05T18:24:00.052Z', false, false), '20180705T182400Z');",
                  "err": {},
                  "uuid": "40dd50bd-834b-4ae6-9efd-231898305830",
                  "parentUUID": "0e5f2833-b009-4bde-b06a-5cfaefcb7959",
                  "isHook": false,
                  "skipped": false
                },
                {
                  "title": "timezone=0 dateonly=0 floating=1",
                  "fullTitle": "ICalTools formatDate() timezone=0 dateonly=0 floating=1",
                  "timedOut": false,
                  "duration": 0,
                  "state": "passed",
                  "speed": "fast",
                  "pass": true,
                  "fail": false,
                  "pending": false,
                  "context": null,
                  "code": "assert_1.default.strictEqual(tools_1.formatDate(null, '2018-07-05T18:24:00.052Z', false, true), '20180705T182400');",
                  "err": {},
                  "uuid": "cb8a0ef7-8506-4479-9c20-e821598be513",
                  "parentUUID": "0e5f2833-b009-4bde-b06a-5cfaefcb7959",
                  "isHook": false,
                  "skipped": false
                },
                {
                  "title": "timezone=0 dateonly=1 floating=0",
                  "fullTitle": "ICalTools formatDate() timezone=0 dateonly=1 floating=0",
                  "timedOut": false,
                  "duration": 0,
                  "state": "passed",
                  "speed": "fast",
                  "pass": true,
                  "fail": false,
                  "pending": false,
                  "context": null,
                  "code": "assert_1.default.strictEqual(tools_1.formatDate(null, '2018-07-05T18:24:00.052Z', true, false), '20180705');",
                  "err": {},
                  "uuid": "3e25c867-0cf2-4c20-b10f-2d02448d2653",
                  "parentUUID": "0e5f2833-b009-4bde-b06a-5cfaefcb7959",
                  "isHook": false,
                  "skipped": false
                },
                {
                  "title": "timezone=0 dateonly=1 floating=1",
                  "fullTitle": "ICalTools formatDate() timezone=0 dateonly=1 floating=1",
                  "timedOut": false,
                  "duration": 1,
                  "state": "passed",
                  "speed": "fast",
                  "pass": true,
                  "fail": false,
                  "pending": false,
                  "context": null,
                  "code": "assert_1.default.strictEqual(tools_1.formatDate(null, '2018-07-05T18:24:00.052Z', true, true), '20180705');",
                  "err": {},
                  "uuid": "28097674-0e60-42f9-a79c-2d6cfb66194c",
                  "parentUUID": "0e5f2833-b009-4bde-b06a-5cfaefcb7959",
                  "isHook": false,
                  "skipped": false
                },
                {
                  "title": "timezone=1 dateonly=0 floating=0",
                  "fullTitle": "ICalTools formatDate() timezone=1 dateonly=0 floating=0",
                  "timedOut": false,
                  "duration": 0,
                  "state": "passed",
                  "speed": "fast",
                  "pass": true,
                  "fail": false,
                  "pending": false,
                  "context": null,
                  "code": "assert_1.default.strictEqual(tools_1.formatDate('Europe/Berlin', '2018-07-05T18:24:00.052Z', false, false), '20180705T182400Z');",
                  "err": {},
                  "uuid": "321f5361-9c16-4f5f-be53-a48274118ae2",
                  "parentUUID": "0e5f2833-b009-4bde-b06a-5cfaefcb7959",
                  "isHook": false,
                  "skipped": false
                },
                {
                  "title": "timezone=1 dateonly=0 floating=1",
                  "fullTitle": "ICalTools formatDate() timezone=1 dateonly=0 floating=1",
                  "timedOut": false,
                  "duration": 0,
                  "state": "passed",
                  "speed": "fast",
                  "pass": true,
                  "fail": false,
                  "pending": false,
                  "context": null,
                  "code": "assert_1.default.strictEqual(tools_1.formatDate('Europe/Berlin', '2018-07-05T18:24:00.052Z', false, true), '20180705T202400');",
                  "err": {},
                  "uuid": "fd9abc80-8464-441d-80e4-46a12f6ee266",
                  "parentUUID": "0e5f2833-b009-4bde-b06a-5cfaefcb7959",
                  "isHook": false,
                  "skipped": false
                },
                {
                  "title": "timezone=1 dateonly=1 floating=0",
                  "fullTitle": "ICalTools formatDate() timezone=1 dateonly=1 floating=0",
                  "timedOut": false,
                  "duration": 0,
                  "state": "passed",
                  "speed": "fast",
                  "pass": true,
                  "fail": false,
                  "pending": false,
                  "context": null,
                  "code": "assert_1.default.strictEqual(tools_1.formatDate('Europe/Berlin', '2018-07-05T18:24:00.052Z', true, false), '20180705');",
                  "err": {},
                  "uuid": "4a080672-fe5e-4fbb-b975-14e755f5c8a3",
                  "parentUUID": "0e5f2833-b009-4bde-b06a-5cfaefcb7959",
                  "isHook": false,
                  "skipped": false
                },
                {
                  "title": "timezone=1 dateonly=1 floating=1",
                  "fullTitle": "ICalTools formatDate() timezone=1 dateonly=1 floating=1",
                  "timedOut": false,
                  "duration": 1,
                  "state": "passed",
                  "speed": "fast",
                  "pass": true,
                  "fail": false,
                  "pending": false,
                  "context": null,
                  "code": "assert_1.default.strictEqual(tools_1.formatDate('Europe/Berlin', '2018-07-05T18:24:00.052Z', true, true), '20180705');",
                  "err": {},
                  "uuid": "ea6427c7-4a77-4bb9-8979-362b7ffcb7d9",
                  "parentUUID": "0e5f2833-b009-4bde-b06a-5cfaefcb7959",
                  "isHook": false,
                  "skipped": false
                }
              ],
              "suites": [],
              "passes": [
                "40dd50bd-834b-4ae6-9efd-231898305830",
                "cb8a0ef7-8506-4479-9c20-e821598be513",
                "3e25c867-0cf2-4c20-b10f-2d02448d2653",
                "28097674-0e60-42f9-a79c-2d6cfb66194c",
                "321f5361-9c16-4f5f-be53-a48274118ae2",
                "fd9abc80-8464-441d-80e4-46a12f6ee266",
                "4a080672-fe5e-4fbb-b975-14e755f5c8a3",
                "ea6427c7-4a77-4bb9-8979-362b7ffcb7d9"
              ],
              "failures": [],
              "pending": [],
              "skipped": [],
              "duration": 2,
              "root": false,
              "rootEmpty": false,
              "_timeout": 2000
            },
            {
              "uuid": "7e9e7e76-d12d-49c8-8a4b-450b02d59fb2",
              "title": "formatDateTZ()",
              "fullFile": "/home/runner/work/ical-generator/ical-generator/test/tools.ts",
              "file": "/test/tools.ts",
              "beforeHooks": [],
              "afterHooks": [],
              "tests": [
                {
                  "title": "should work with timezone",
                  "fullTitle": "ICalTools formatDateTZ() should work with timezone",
                  "timedOut": false,
                  "duration": 0,
                  "state": "passed",
                  "speed": "fast",
                  "pass": true,
                  "fail": false,
                  "pending": false,
                  "context": null,
                  "code": "const ed = { timezone: 'Europe/Berlin' };\nassert_1.default.strictEqual(tools_1.formatDateTZ('Europe/Berlin', 'DSTART', '2018-07-02T15:48:05.000Z', ed), 'DSTART;TZID=Europe/Berlin:20180702T174805');",
                  "err": {},
                  "uuid": "3b94edc4-9063-4de1-89da-cf189912832e",
                  "parentUUID": "7e9e7e76-d12d-49c8-8a4b-450b02d59fb2",
                  "isHook": false,
                  "skipped": false
                },
                {
                  "title": "should work without timezone",
                  "fullTitle": "ICalTools formatDateTZ() should work without timezone",
                  "timedOut": false,
                  "duration": 0,
                  "state": "passed",
                  "speed": "fast",
                  "pass": true,
                  "fail": false,
                  "pending": false,
                  "context": null,
                  "code": "assert_1.default.strictEqual(tools_1.formatDateTZ(null, 'DSTART', '2018-07-02T15:48:05.000Z', {}), 'DSTART:20180702T154805Z');",
                  "err": {},
                  "uuid": "9118bb2e-c779-4dcd-be10-28ced82c1d28",
                  "parentUUID": "7e9e7e76-d12d-49c8-8a4b-450b02d59fb2",
                  "isHook": false,
                  "skipped": false
                }
              ],
              "suites": [],
              "passes": [
                "3b94edc4-9063-4de1-89da-cf189912832e",
                "9118bb2e-c779-4dcd-be10-28ced82c1d28"
              ],
              "failures": [],
              "pending": [],
              "skipped": [],
              "duration": 0,
              "root": false,
              "rootEmpty": false,
              "_timeout": 2000
            },
            {
              "uuid": "066c8025-f9b4-4b47-a15d-de10a777b166",
              "title": "escape()",
              "fullFile": "/home/runner/work/ical-generator/ical-generator/test/tools.ts",
              "file": "/test/tools.ts",
              "beforeHooks": [],
              "afterHooks": [],
              "tests": [
                {
                  "title": "should escape \\",
                  "fullTitle": "ICalTools escape() should escape \\",
                  "timedOut": false,
                  "duration": 0,
                  "state": "passed",
                  "speed": "fast",
                  "pass": true,
                  "fail": false,
                  "pending": false,
                  "context": null,
                  "code": "assert_1.default.strictEqual(tools_1.escape('Lorem \\\\ipsum'), 'Lorem \\\\\\\\ipsum');",
                  "err": {},
                  "uuid": "9ea679b6-d693-43d0-9a7e-7d974b407854",
                  "parentUUID": "066c8025-f9b4-4b47-a15d-de10a777b166",
                  "isHook": false,
                  "skipped": false
                },
                {
                  "title": "should escape ;",
                  "fullTitle": "ICalTools escape() should escape ;",
                  "timedOut": false,
                  "duration": 0,
                  "state": "passed",
                  "speed": "fast",
                  "pass": true,
                  "fail": false,
                  "pending": false,
                  "context": null,
                  "code": "assert_1.default.strictEqual(tools_1.escape('Lorem ;ipsum'), 'Lorem \\\\;ipsum');",
                  "err": {},
                  "uuid": "01beceab-78af-48b6-8e52-307641f53197",
                  "parentUUID": "066c8025-f9b4-4b47-a15d-de10a777b166",
                  "isHook": false,
                  "skipped": false
                },
                {
                  "title": "should escape ,",
                  "fullTitle": "ICalTools escape() should escape ,",
                  "timedOut": false,
                  "duration": 0,
                  "state": "passed",
                  "speed": "fast",
                  "pass": true,
                  "fail": false,
                  "pending": false,
                  "context": null,
                  "code": "assert_1.default.strictEqual(tools_1.escape('Lorem, ipsum'), 'Lorem\\\\, ipsum');",
                  "err": {},
                  "uuid": "92d5804d-9171-45d2-b3d1-a36b350dca0b",
                  "parentUUID": "066c8025-f9b4-4b47-a15d-de10a777b166",
                  "isHook": false,
                  "skipped": false
                },
                {
                  "title": "should escape \\r",
                  "fullTitle": "ICalTools escape() should escape \\r",
                  "timedOut": false,
                  "duration": 0,
                  "state": "passed",
                  "speed": "fast",
                  "pass": true,
                  "fail": false,
                  "pending": false,
                  "context": null,
                  "code": "assert_1.default.strictEqual(tools_1.escape('Lorem \\ripsum'), 'Lorem \\\\nipsum');",
                  "err": {},
                  "uuid": "a714b034-1cad-4b67-8e94-36b6073f6106",
                  "parentUUID": "066c8025-f9b4-4b47-a15d-de10a777b166",
                  "isHook": false,
                  "skipped": false
                },
                {
                  "title": "should escape \\n",
                  "fullTitle": "ICalTools escape() should escape \\n",
                  "timedOut": false,
                  "duration": 0,
                  "state": "passed",
                  "speed": "fast",
                  "pass": true,
                  "fail": false,
                  "pending": false,
                  "context": null,
                  "code": "assert_1.default.strictEqual(tools_1.escape('Lorem \\nipsum'), 'Lorem \\\\nipsum');",
                  "err": {},
                  "uuid": "67b3c308-8fd6-4e51-a2c8-f64edcd4d6be",
                  "parentUUID": "066c8025-f9b4-4b47-a15d-de10a777b166",
                  "isHook": false,
                  "skipped": false
                },
                {
                  "title": "should escape \\r\\n",
                  "fullTitle": "ICalTools escape() should escape \\r\\n",
                  "timedOut": false,
                  "duration": 0,
                  "state": "passed",
                  "speed": "fast",
                  "pass": true,
                  "fail": false,
                  "pending": false,
                  "context": null,
                  "code": "assert_1.default.strictEqual(tools_1.escape('Lorem \\r\\nipsum'), 'Lorem \\\\nipsum');",
                  "err": {},
                  "uuid": "0faf361e-9eb3-4f3e-8d65-7914702e4125",
                  "parentUUID": "066c8025-f9b4-4b47-a15d-de10a777b166",
                  "isHook": false,
                  "skipped": false
                }
              ],
              "suites": [],
              "passes": [
                "9ea679b6-d693-43d0-9a7e-7d974b407854",
                "01beceab-78af-48b6-8e52-307641f53197",
                "92d5804d-9171-45d2-b3d1-a36b350dca0b",
                "a714b034-1cad-4b67-8e94-36b6073f6106",
                "67b3c308-8fd6-4e51-a2c8-f64edcd4d6be",
                "0faf361e-9eb3-4f3e-8d65-7914702e4125"
              ],
              "failures": [],
              "pending": [],
              "skipped": [],
              "duration": 0,
              "root": false,
              "rootEmpty": false,
              "_timeout": 2000
            },
            {
              "uuid": "cc5eba6b-53f2-4d25-9c2f-39d093e63cfd",
              "title": "foldLines()",
              "fullFile": "/home/runner/work/ical-generator/ical-generator/test/tools.ts",
              "file": "/test/tools.ts",
              "beforeHooks": [],
              "afterHooks": [],
              "tests": [
                {
                  "title": "should basically work correctly",
                  "fullTitle": "ICalTools foldLines() should basically work correctly",
                  "timedOut": false,
                  "duration": 0,
                  "state": "passed",
                  "speed": "fast",
                  "pass": true,
                  "fail": false,
                  "pending": false,
                  "context": null,
                  "code": "assert_1.default.strictEqual(tools_1.foldLines('12345678ikjhgztrde546rf7g8hjiomkjnhgqfcdxerdftgzuinjhgcfvtzvzvuwcbiweciujzvguhbghbbqwxowidoi21e8981'), '12345678ikjhgztrde546rf7g8hjiomkjnhgqfcdxerdftgzuinjhgcfvtzvzvuwcbiweciujz\\r\\n vguhbghbbqwxowidoi21e8981');",
                  "err": {},
                  "uuid": "58420ea2-1188-4dc0-ab5b-da284f70dd8b",
                  "parentUUID": "cc5eba6b-53f2-4d25-9c2f-39d093e63cfd",
                  "isHook": false,
                  "skipped": false
                },
                {
                  "title": "should not split surrogate pairs",
                  "fullTitle": "ICalTools foldLines() should not split surrogate pairs",
                  "timedOut": false,
                  "duration": 0,
                  "state": "passed",
                  "speed": "fast",
                  "pass": true,
                  "fail": false,
                  "pending": false,
                  "context": null,
                  "code": "assert_1.default.strictEqual(tools_1.foldLines('👋🏼12345678ikjhgztrde546rf7g8hjiomkjnhgqfcdxerdftgzuinjhgcfvtzvzvuwcbiweciujvguhbghbbqwxowidoi21e8981'), '👋🏼12345678ikjhgztrde546rf7g8hjiomkjnhgqfcdxerdftgzuinjhgcfvtzvzvuwcb\\r\\n iweciujvguhbghbbqwxowidoi21e8981');",
                  "err": {},
                  "uuid": "9182e7ec-764b-4964-884a-68af6a288b2a",
                  "parentUUID": "cc5eba6b-53f2-4d25-9c2f-39d093e63cfd",
                  "isHook": false,
                  "skipped": false
                }
              ],
              "suites": [],
              "passes": [
                "58420ea2-1188-4dc0-ab5b-da284f70dd8b",
                "9182e7ec-764b-4964-884a-68af6a288b2a"
              ],
              "failures": [],
              "pending": [],
              "skipped": [],
              "duration": 0,
              "root": false,
              "rootEmpty": false,
              "_timeout": 2000
            }
          ],
          "passes": [],
          "failures": [],
          "pending": [],
          "skipped": [],
          "duration": 0,
          "root": false,
          "rootEmpty": false,
          "_timeout": 2000
        }
      ],
      "passes": [],
      "failures": [],
      "pending": [],
      "skipped": [],
      "duration": 0,
      "root": true,
      "rootEmpty": true,
      "_timeout": 2000
    }
  ],
  "meta": {
    "mocha": {
      "version": "8.3.0"
    },
    "mochawesome": {
      "options": {
        "quiet": false,
        "reportFilename": "mochawesome",
        "saveHtml": true,
        "saveJson": true,
        "consoleReporter": "spec",
        "useInlineDiffs": false,
        "code": true
      },
      "version": "6.2.2"
    },
    "marge": {
      "options": null,
      "version": "5.2.0"
    }
  }
}