{
  "stats": {
    "suites": 129,
    "tests": 437,
    "passes": 435,
    "pending": 2,
    "failures": 0,
    "start": "2023-03-17T22:12:20.152Z",
    "end": "2023-03-17T22:12:20.492Z",
    "duration": 340,
    "testsRegistered": 437,
    "passPercent": 100,
    "pendingPercent": 0.4576659038901602,
    "other": 0,
    "hasOther": false,
    "skipped": 0,
    "hasSkipped": false
  },
  "results": [
    {
      "uuid": "a0408c1e-755b-4c1e-98e4-b57041734015",
      "title": "",
      "fullFile": "",
      "file": "",
      "beforeHooks": [],
      "afterHooks": [],
      "tests": [],
      "suites": [
        {
          "uuid": "0aed60b6-8b34-4871-8750-12df970df557",
          "title": "ical-generator Alarm",
          "fullFile": "/home/runner/work/ical-generator/ical-generator/test/alarm.ts",
          "file": "/test/alarm.ts",
          "beforeHooks": [],
          "afterHooks": [],
          "tests": [],
          "suites": [
            {
              "uuid": "9aec500a-5e10-4604-9838-70d27d38e2c9",
              "title": "constructor()",
              "fullFile": "/home/runner/work/ical-generator/ical-generator/test/alarm.ts",
              "file": "/test/alarm.ts",
              "beforeHooks": [],
              "afterHooks": [],
              "tests": [
                {
                  "title": "shouldn't work without event reference",
                  "fullTitle": "ical-generator Alarm constructor() shouldn't work without event reference",
                  "timedOut": false,
                  "duration": 1,
                  "state": "passed",
                  "speed": "fast",
                  "pass": true,
                  "fail": false,
                  "pending": false,
                  "context": null,
                  "code": "assert_1.default.throws(function () {\n    // @ts-ignore\n    new alarm_1.default({ type: alarm_1.ICalAlarmType.display }, null);\n}, /`event`/);",
                  "err": {},
                  "uuid": "0e5b5238-439c-4768-9f04-f3c6f6f5139d",
                  "parentUUID": "9aec500a-5e10-4604-9838-70d27d38e2c9",
                  "isHook": false,
                  "skipped": false
                },
                {
                  "title": "should ignore unknown data attributes",
                  "fullTitle": "ical-generator Alarm constructor() should ignore unknown data attributes",
                  "timedOut": false,
                  "duration": 0,
                  "state": "passed",
                  "speed": "fast",
                  "pass": true,
                  "fail": false,
                  "pending": false,
                  "context": null,
                  "code": "const a = new alarm_1.default({\n    // @ts-ignore\n    unknown: true,\n    type: alarm_1.ICalAlarmType.display\n}, new event_1.default({}, new calendar_1.default()));\nassert_1.default.strictEqual(a.type(), 'display');",
                  "err": {},
                  "uuid": "150f88a7-c563-4d27-b7e8-ed0f91d864f9",
                  "parentUUID": "9aec500a-5e10-4604-9838-70d27d38e2c9",
                  "isHook": false,
                  "skipped": false
                }
              ],
              "suites": [],
              "passes": [
                "0e5b5238-439c-4768-9f04-f3c6f6f5139d",
                "150f88a7-c563-4d27-b7e8-ed0f91d864f9"
              ],
              "failures": [],
              "pending": [],
              "skipped": [],
              "duration": 1,
              "root": false,
              "rootEmpty": false,
              "_timeout": 2000
            },
            {
              "uuid": "cb0ca32c-db19-4bff-bff5-2a4265283d5d",
              "title": "type()",
              "fullFile": "/home/runner/work/ical-generator/ical-generator/test/alarm.ts",
              "file": "/test/alarm.ts",
              "beforeHooks": [],
              "afterHooks": [],
              "tests": [
                {
                  "title": "setter should return this",
                  "fullTitle": "ical-generator Alarm type() setter should return this",
                  "timedOut": false,
                  "duration": 1,
                  "state": "passed",
                  "speed": "fast",
                  "pass": true,
                  "fail": false,
                  "pending": false,
                  "context": null,
                  "code": "const a = new alarm_1.default({}, new event_1.default({}, new calendar_1.default()));\nassert_1.default.deepStrictEqual(a, a.type(null));\nassert_1.default.deepStrictEqual(a, a.type(alarm_1.ICalAlarmType.display));",
                  "err": {},
                  "uuid": "b9ab35f8-b9cb-4f8d-aee4-c9466ae58232",
                  "parentUUID": "cb0ca32c-db19-4bff-bff5-2a4265283d5d",
                  "isHook": false,
                  "skipped": false
                },
                {
                  "title": "getter should return value",
                  "fullTitle": "ical-generator Alarm type() getter should return value",
                  "timedOut": false,
                  "duration": 0,
                  "state": "passed",
                  "speed": "fast",
                  "pass": true,
                  "fail": false,
                  "pending": false,
                  "context": null,
                  "code": "const a = new alarm_1.default({}, new event_1.default({}, new calendar_1.default()));\nassert_1.default.strictEqual(a.type(), null);\na.type(alarm_1.ICalAlarmType.display);\nassert_1.default.strictEqual(a.type(), 'display');\na.type(null);\nassert_1.default.strictEqual(a.type(), null);",
                  "err": {},
                  "uuid": "a12286a3-705d-42c3-889e-d2cfdc4e61a9",
                  "parentUUID": "cb0ca32c-db19-4bff-bff5-2a4265283d5d",
                  "isHook": false,
                  "skipped": false
                },
                {
                  "title": "should throw error when type not allowed",
                  "fullTitle": "ical-generator Alarm type() should throw error when type not allowed",
                  "timedOut": false,
                  "duration": 1,
                  "state": "passed",
                  "speed": "fast",
                  "pass": true,
                  "fail": false,
                  "pending": false,
                  "context": null,
                  "code": "const a = new alarm_1.default({}, new event_1.default({}, new calendar_1.default()));\nassert_1.default.throws(function () {\n    // @ts-ignore\n    a.type('BANANA');\n}, /`type`/);",
                  "err": {},
                  "uuid": "83b859f9-e144-4809-8dcd-25c99dc32f34",
                  "parentUUID": "cb0ca32c-db19-4bff-bff5-2a4265283d5d",
                  "isHook": false,
                  "skipped": false
                },
                {
                  "title": "should change something",
                  "fullTitle": "ical-generator Alarm type() should change something",
                  "timedOut": false,
                  "duration": 1,
                  "state": "passed",
                  "speed": "fast",
                  "pass": true,
                  "fail": false,
                  "pending": false,
                  "context": null,
                  "code": "const a = new alarm_1.default({\n    type: alarm_1.ICalAlarmType.display,\n    trigger: 60 * 10\n}, new event_1.default({}, new calendar_1.default()));\nassert_1.default.ok(a.toString().indexOf('ACTION:DISPLAY') > -1);",
                  "err": {},
                  "uuid": "b4598829-6071-4a59-9fcf-2b6277b1811d",
                  "parentUUID": "cb0ca32c-db19-4bff-bff5-2a4265283d5d",
                  "isHook": false,
                  "skipped": false
                }
              ],
              "suites": [],
              "passes": [
                "b9ab35f8-b9cb-4f8d-aee4-c9466ae58232",
                "a12286a3-705d-42c3-889e-d2cfdc4e61a9",
                "83b859f9-e144-4809-8dcd-25c99dc32f34",
                "b4598829-6071-4a59-9fcf-2b6277b1811d"
              ],
              "failures": [],
              "pending": [],
              "skipped": [],
              "duration": 3,
              "root": false,
              "rootEmpty": false,
              "_timeout": 2000
            },
            {
              "uuid": "ad478502-96da-41fc-9f2a-d34e368ac599",
              "title": "trigger()",
              "fullFile": "/home/runner/work/ical-generator/ical-generator/test/alarm.ts",
              "file": "/test/alarm.ts",
              "beforeHooks": [],
              "afterHooks": [],
              "tests": [
                {
                  "title": "setter should return this",
                  "fullTitle": "ical-generator Alarm trigger() setter should return this",
                  "timedOut": false,
                  "duration": 0,
                  "state": "passed",
                  "speed": "fast",
                  "pass": true,
                  "fail": false,
                  "pending": false,
                  "context": null,
                  "code": "const a = new alarm_1.default({}, new event_1.default({}, new calendar_1.default()));\nassert_1.default.deepStrictEqual(a, a.trigger(null));\nassert_1.default.deepStrictEqual(a, a.trigger(60 * 10));",
                  "err": {},
                  "uuid": "2c1d6a26-77c1-408c-95e6-60b0f0158b42",
                  "parentUUID": "ad478502-96da-41fc-9f2a-d34e368ac599",
                  "isHook": false,
                  "skipped": false
                },
                {
                  "title": "getter should return value",
                  "fullTitle": "ical-generator Alarm trigger() getter should return value",
                  "timedOut": false,
                  "duration": 0,
                  "state": "passed",
                  "speed": "fast",
                  "pass": true,
                  "fail": false,
                  "pending": false,
                  "context": null,
                  "code": "const a = new alarm_1.default({}, new event_1.default({}, new calendar_1.default()));\nconst now = new Date();\nassert_1.default.strictEqual(a.trigger(), null);\nassert_1.default.strictEqual(a.triggerAfter(), null);\na.trigger(300);\nassert_1.default.strictEqual(a.trigger(), 300);\nassert_1.default.strictEqual(a.triggerAfter(), -300);\n// Date\na.trigger(now);\nconst dateResult = a.trigger();\nassert_1.default.deepStrictEqual(dateResult, now);\n// Null\na.trigger(null);\nassert_1.default.strictEqual(a.trigger(), null);\nassert_1.default.strictEqual(a.triggerAfter(), null);",
                  "err": {},
                  "uuid": "e8c7f2ac-68cd-443f-ba0a-498ca0674836",
                  "parentUUID": "ad478502-96da-41fc-9f2a-d34e368ac599",
                  "isHook": false,
                  "skipped": false
                },
                {
                  "title": "should throw error when trigger not allowed",
                  "fullTitle": "ical-generator Alarm trigger() should throw error when trigger not allowed",
                  "timedOut": false,
                  "duration": 1,
                  "state": "passed",
                  "speed": "fast",
                  "pass": true,
                  "fail": false,
                  "pending": false,
                  "context": null,
                  "code": "const a = new alarm_1.default({}, new event_1.default({}, new calendar_1.default()));\nassert_1.default.throws(function () {\n    a.trigger(Infinity);\n}, /`trigger`/);\nassert_1.default.throws(function () {\n    // @ts-ignore\n    a.trigger('hi');\n}, /`trigger`/);\nassert_1.default.throws(function () {\n    // @ts-ignore\n    a.trigger(true);\n}, /`trigger`/);",
                  "err": {},
                  "uuid": "82fab49c-dce5-40d9-8041-6b2d06c9ff40",
                  "parentUUID": "ad478502-96da-41fc-9f2a-d34e368ac599",
                  "isHook": false,
                  "skipped": false
                },
                {
                  "title": "setter should work with null",
                  "fullTitle": "ical-generator Alarm trigger() setter should work with null",
                  "timedOut": false,
                  "duration": 0,
                  "state": "passed",
                  "speed": "fast",
                  "pass": true,
                  "fail": false,
                  "pending": false,
                  "context": null,
                  "code": "const a = new alarm_1.default({}, new event_1.default({}, new calendar_1.default()));\na.trigger(60 * 10);\na.trigger(null);\nassert_1.default.strictEqual(a.trigger(), null);",
                  "err": {},
                  "uuid": "b337204b-891d-4b02-8e33-3ec3d722bb0a",
                  "parentUUID": "ad478502-96da-41fc-9f2a-d34e368ac599",
                  "isHook": false,
                  "skipped": false
                },
                {
                  "title": "setter should work with date",
                  "fullTitle": "ical-generator Alarm trigger() setter should work with date",
                  "timedOut": false,
                  "duration": 1,
                  "state": "passed",
                  "speed": "fast",
                  "pass": true,
                  "fail": false,
                  "pending": false,
                  "context": null,
                  "code": "const a = new alarm_1.default({}, new event_1.default({}, new calendar_1.default()));\na.trigger(new Date());\nassert_1.default.ok(a.trigger() instanceof Date);",
                  "err": {},
                  "uuid": "6dd1ad12-bb4d-4cf4-9142-9a940e4de0a4",
                  "parentUUID": "ad478502-96da-41fc-9f2a-d34e368ac599",
                  "isHook": false,
                  "skipped": false
                },
                {
                  "title": "setter should work with moment instance",
                  "fullTitle": "ical-generator Alarm trigger() setter should work with moment instance",
                  "timedOut": false,
                  "duration": 1,
                  "state": "passed",
                  "speed": "fast",
                  "pass": true,
                  "fail": false,
                  "pending": false,
                  "context": null,
                  "code": "const a = new alarm_1.default({}, new event_1.default({}, new calendar_1.default()));\na.trigger((0, moment_timezone_1.default)());\nassert_1.default.ok(moment_timezone_1.default.isMoment(a.trigger()));",
                  "err": {},
                  "uuid": "3a02ba81-a741-4da3-8b3b-28a14f98caaa",
                  "parentUUID": "ad478502-96da-41fc-9f2a-d34e368ac599",
                  "isHook": false,
                  "skipped": false
                },
                {
                  "title": "setter should work with number",
                  "fullTitle": "ical-generator Alarm trigger() setter should work with number",
                  "timedOut": false,
                  "duration": 0,
                  "state": "passed",
                  "speed": "fast",
                  "pass": true,
                  "fail": false,
                  "pending": false,
                  "context": null,
                  "code": "const a = new alarm_1.default({}, new event_1.default({}, new calendar_1.default()));\na.trigger(2 * 60);\nassert_1.default.strictEqual(a.trigger(), 120);",
                  "err": {},
                  "uuid": "44663bab-04ff-42fc-a5f7-4cc5f9d8b7cb",
                  "parentUUID": "ad478502-96da-41fc-9f2a-d34e368ac599",
                  "isHook": false,
                  "skipped": false
                },
                {
                  "title": "should change something",
                  "fullTitle": "ical-generator Alarm trigger() should change something",
                  "timedOut": false,
                  "duration": 4,
                  "state": "passed",
                  "speed": "fast",
                  "pass": true,
                  "fail": false,
                  "pending": false,
                  "context": null,
                  "code": "const trigger = (0, moment_timezone_1.default)('2015-02-01T13:38:45.000Z');\nconst a = new alarm_1.default({ type: alarm_1.ICalAlarmType.display, trigger: 60 * 10 }, new event_1.default({}, new calendar_1.default()));\nassert_1.default.ok(a.toString().indexOf('TRIGGER:-PT10M') > -1);\na.trigger(trigger);\nassert_1.default.ok(a.toString().indexOf('TRIGGER;VALUE=DATE-TIME:20150201T133845Z') > -1);",
                  "err": {},
                  "uuid": "028a8a2b-b132-4341-9084-948d5fb5a995",
                  "parentUUID": "ad478502-96da-41fc-9f2a-d34e368ac599",
                  "isHook": false,
                  "skipped": false
                }
              ],
              "suites": [],
              "passes": [
                "2c1d6a26-77c1-408c-95e6-60b0f0158b42",
                "e8c7f2ac-68cd-443f-ba0a-498ca0674836",
                "82fab49c-dce5-40d9-8041-6b2d06c9ff40",
                "b337204b-891d-4b02-8e33-3ec3d722bb0a",
                "6dd1ad12-bb4d-4cf4-9142-9a940e4de0a4",
                "3a02ba81-a741-4da3-8b3b-28a14f98caaa",
                "44663bab-04ff-42fc-a5f7-4cc5f9d8b7cb",
                "028a8a2b-b132-4341-9084-948d5fb5a995"
              ],
              "failures": [],
              "pending": [],
              "skipped": [],
              "duration": 7,
              "root": false,
              "rootEmpty": false,
              "_timeout": 2000
            },
            {
              "uuid": "40ebbfd0-9687-40ef-8c43-d0d5fdaa7104",
              "title": "triggerAfter()",
              "fullFile": "/home/runner/work/ical-generator/ical-generator/test/alarm.ts",
              "file": "/test/alarm.ts",
              "beforeHooks": [],
              "afterHooks": [],
              "tests": [
                {
                  "title": "setter should return this",
                  "fullTitle": "ical-generator Alarm triggerAfter() setter should return this",
                  "timedOut": false,
                  "duration": 1,
                  "state": "passed",
                  "speed": "fast",
                  "pass": true,
                  "fail": false,
                  "pending": false,
                  "context": null,
                  "code": "const a = new alarm_1.default({}, new event_1.default({}, new calendar_1.default()));\nassert_1.default.deepStrictEqual(a, a.triggerAfter(60 * 10));",
                  "err": {},
                  "uuid": "2d70932e-d649-4e52-96ed-5d753665aeb8",
                  "parentUUID": "40ebbfd0-9687-40ef-8c43-d0d5fdaa7104",
                  "isHook": false,
                  "skipped": false
                },
                {
                  "title": "getter should return value",
                  "fullTitle": "ical-generator Alarm triggerAfter() getter should return value",
                  "timedOut": false,
                  "duration": 0,
                  "state": "passed",
                  "speed": "fast",
                  "pass": true,
                  "fail": false,
                  "pending": false,
                  "context": null,
                  "code": "const a = new alarm_1.default({}, new event_1.default({}, new calendar_1.default())).triggerAfter(300);\nassert_1.default.strictEqual(a.triggerAfter(), 300);\nassert_1.default.strictEqual(a.trigger(), -300);",
                  "err": {},
                  "uuid": "131bd075-b8ab-4b91-97f5-e5abcef9d325",
                  "parentUUID": "40ebbfd0-9687-40ef-8c43-d0d5fdaa7104",
                  "isHook": false,
                  "skipped": false
                },
                {
                  "title": "setter should work with number",
                  "fullTitle": "ical-generator Alarm triggerAfter() setter should work with number",
                  "timedOut": false,
                  "duration": 0,
                  "state": "passed",
                  "speed": "fast",
                  "pass": true,
                  "fail": false,
                  "pending": false,
                  "context": null,
                  "code": "const a = new alarm_1.default({}, new event_1.default({}, new calendar_1.default()));\na.triggerAfter(120);\nassert_1.default.strictEqual(a.trigger(), -120);",
                  "err": {},
                  "uuid": "6b2d0ae4-e83c-4d59-8c26-52fa1d0dca4d",
                  "parentUUID": "40ebbfd0-9687-40ef-8c43-d0d5fdaa7104",
                  "isHook": false,
                  "skipped": false
                },
                {
                  "title": "setter should throw error when trigger not allowed",
                  "fullTitle": "ical-generator Alarm triggerAfter() setter should throw error when trigger not allowed",
                  "timedOut": false,
                  "duration": 1,
                  "state": "passed",
                  "speed": "fast",
                  "pass": true,
                  "fail": false,
                  "pending": false,
                  "context": null,
                  "code": "const a = new alarm_1.default({}, new event_1.default({}, new calendar_1.default()));\nassert_1.default.throws(function () {\n    a.triggerAfter(Infinity);\n}, /`trigger`/);\nassert_1.default.throws(function () {\n    // @ts-ignore\n    a.triggerAfter('hi');\n}, /`trigger`/);\nassert_1.default.throws(function () {\n    // @ts-ignore\n    a.triggerAfter(true);\n}, /`trigger`/);",
                  "err": {},
                  "uuid": "134e7e96-4413-4cc9-b670-8adc702fbc1f",
                  "parentUUID": "40ebbfd0-9687-40ef-8c43-d0d5fdaa7104",
                  "isHook": false,
                  "skipped": false
                },
                {
                  "title": "should change something",
                  "fullTitle": "ical-generator Alarm triggerAfter() should change something",
                  "timedOut": false,
                  "duration": 1,
                  "state": "passed",
                  "speed": "fast",
                  "pass": true,
                  "fail": false,
                  "pending": false,
                  "context": null,
                  "code": "const trigger = (0, moment_timezone_1.default)('20150201T133845Z');\nconst a = new alarm_1.default({ type: alarm_1.ICalAlarmType.display, triggerAfter: 60 * 10 }, new event_1.default({}, new calendar_1.default()));\nassert_1.default.ok(a.toString().indexOf('TRIGGER;RELATED=END:PT10M') > -1);\na.triggerAfter(trigger);\nassert_1.default.ok(a.toString().indexOf('TRIGGER;VALUE=DATE-TIME:20150201T133845Z') > -1);",
                  "err": {},
                  "uuid": "098e315c-03f0-4cf3-8433-efb232ab6a1b",
                  "parentUUID": "40ebbfd0-9687-40ef-8c43-d0d5fdaa7104",
                  "isHook": false,
                  "skipped": false
                }
              ],
              "suites": [],
              "passes": [
                "2d70932e-d649-4e52-96ed-5d753665aeb8",
                "131bd075-b8ab-4b91-97f5-e5abcef9d325",
                "6b2d0ae4-e83c-4d59-8c26-52fa1d0dca4d",
                "134e7e96-4413-4cc9-b670-8adc702fbc1f",
                "098e315c-03f0-4cf3-8433-efb232ab6a1b"
              ],
              "failures": [],
              "pending": [],
              "skipped": [],
              "duration": 3,
              "root": false,
              "rootEmpty": false,
              "_timeout": 2000
            },
            {
              "uuid": "c8ab75ee-c56c-43ac-a3aa-6f61f8e372f9",
              "title": "triggerBefore()",
              "fullFile": "/home/runner/work/ical-generator/ical-generator/test/alarm.ts",
              "file": "/test/alarm.ts",
              "beforeHooks": [],
              "afterHooks": [],
              "tests": [
                {
                  "title": "setter should return this",
                  "fullTitle": "ical-generator Alarm triggerBefore() setter should return this",
                  "timedOut": false,
                  "duration": 0,
                  "state": "passed",
                  "speed": "fast",
                  "pass": true,
                  "fail": false,
                  "pending": false,
                  "context": null,
                  "code": "const a = new alarm_1.default({}, new event_1.default({}, new calendar_1.default()));\nassert_1.default.deepStrictEqual(a, a.triggerBefore(null));\nassert_1.default.deepStrictEqual(a, a.triggerBefore(60 * 10));",
                  "err": {},
                  "uuid": "a7e72782-e2d8-49c6-9ea6-6cc67f0eb38f",
                  "parentUUID": "c8ab75ee-c56c-43ac-a3aa-6f61f8e372f9",
                  "isHook": false,
                  "skipped": false
                },
                {
                  "title": "getter should return value",
                  "fullTitle": "ical-generator Alarm triggerBefore() getter should return value",
                  "timedOut": false,
                  "duration": 0,
                  "state": "passed",
                  "speed": "fast",
                  "pass": true,
                  "fail": false,
                  "pending": false,
                  "context": null,
                  "code": "const a = new alarm_1.default({}, new event_1.default({}, new calendar_1.default()));\nconst now = new Date();\nassert_1.default.strictEqual(a.triggerBefore(), null);\na.trigger(300);\nassert_1.default.strictEqual(a.triggerBefore(), 300);\n// Date\na.trigger(now);\nconst dateResult = a.triggerBefore();\nassert_1.default.deepStrictEqual(dateResult, now);\n// Null\na.trigger(null);\nassert_1.default.strictEqual(a.triggerBefore(), null);",
                  "err": {},
                  "uuid": "802fd2ec-5a2c-4536-9409-4322f59eac2b",
                  "parentUUID": "c8ab75ee-c56c-43ac-a3aa-6f61f8e372f9",
                  "isHook": false,
                  "skipped": false
                },
                {
                  "title": "should throw error when trigger not allowed",
                  "fullTitle": "ical-generator Alarm triggerBefore() should throw error when trigger not allowed",
                  "timedOut": false,
                  "duration": 1,
                  "state": "passed",
                  "speed": "fast",
                  "pass": true,
                  "fail": false,
                  "pending": false,
                  "context": null,
                  "code": "const a = new alarm_1.default({}, new event_1.default({}, new calendar_1.default()));\nassert_1.default.throws(function () {\n    a.triggerBefore(Infinity);\n}, /`trigger`/);\nassert_1.default.throws(function () {\n    // @ts-ignore\n    a.triggerBefore('hi');\n}, /`trigger`/);\nassert_1.default.throws(function () {\n    // @ts-ignore\n    a.triggerBefore(true);\n}, /`trigger`/);",
                  "err": {},
                  "uuid": "138bcf48-0a12-4aea-be2f-7aa0235e5eda",
                  "parentUUID": "c8ab75ee-c56c-43ac-a3aa-6f61f8e372f9",
                  "isHook": false,
                  "skipped": false
                },
                {
                  "title": "setter should work with null",
                  "fullTitle": "ical-generator Alarm triggerBefore() setter should work with null",
                  "timedOut": false,
                  "duration": 0,
                  "state": "passed",
                  "speed": "fast",
                  "pass": true,
                  "fail": false,
                  "pending": false,
                  "context": null,
                  "code": "const a = new alarm_1.default({}, new event_1.default({}, new calendar_1.default()));\na.triggerBefore(60 * 10);\na.triggerBefore(null);\nassert_1.default.strictEqual(a.trigger(), null);",
                  "err": {},
                  "uuid": "71070495-a0eb-4dce-8b25-baeefe3fed30",
                  "parentUUID": "c8ab75ee-c56c-43ac-a3aa-6f61f8e372f9",
                  "isHook": false,
                  "skipped": false
                },
                {
                  "title": "setter should work with date",
                  "fullTitle": "ical-generator Alarm triggerBefore() setter should work with date",
                  "timedOut": false,
                  "duration": 0,
                  "state": "passed",
                  "speed": "fast",
                  "pass": true,
                  "fail": false,
                  "pending": false,
                  "context": null,
                  "code": "const a = new alarm_1.default({}, new event_1.default({}, new calendar_1.default()));\nconst now = new Date();\na.triggerBefore(now);\nassert_1.default.deepStrictEqual(a.trigger(), now);",
                  "err": {},
                  "uuid": "ad77cc42-1117-496d-ad9c-d3f3e58c0d66",
                  "parentUUID": "c8ab75ee-c56c-43ac-a3aa-6f61f8e372f9",
                  "isHook": false,
                  "skipped": false
                },
                {
                  "title": "setter should work with moment instance",
                  "fullTitle": "ical-generator Alarm triggerBefore() setter should work with moment instance",
                  "timedOut": false,
                  "duration": 1,
                  "state": "passed",
                  "speed": "fast",
                  "pass": true,
                  "fail": false,
                  "pending": false,
                  "context": null,
                  "code": "const a = new alarm_1.default({}, new event_1.default({}, new calendar_1.default()));\na.triggerBefore((0, moment_timezone_1.default)());\nassert_1.default.ok(moment_timezone_1.default.isMoment(a.trigger()));",
                  "err": {},
                  "uuid": "120fca8a-dc9d-4b26-b6aa-c4bdb8651206",
                  "parentUUID": "c8ab75ee-c56c-43ac-a3aa-6f61f8e372f9",
                  "isHook": false,
                  "skipped": false
                },
                {
                  "title": "setter should work with number",
                  "fullTitle": "ical-generator Alarm triggerBefore() setter should work with number",
                  "timedOut": false,
                  "duration": 0,
                  "state": "passed",
                  "speed": "fast",
                  "pass": true,
                  "fail": false,
                  "pending": false,
                  "context": null,
                  "code": "const a = new alarm_1.default({}, new event_1.default({}, new calendar_1.default()));\na.triggerBefore(2 * 60);\nassert_1.default.strictEqual(a.trigger(), 120);",
                  "err": {},
                  "uuid": "050729cd-9143-426a-b9e1-c9291642d6c6",
                  "parentUUID": "c8ab75ee-c56c-43ac-a3aa-6f61f8e372f9",
                  "isHook": false,
                  "skipped": false
                },
                {
                  "title": "should change something",
                  "fullTitle": "ical-generator Alarm triggerBefore() should change something",
                  "timedOut": false,
                  "duration": 1,
                  "state": "passed",
                  "speed": "fast",
                  "pass": true,
                  "fail": false,
                  "pending": false,
                  "context": null,
                  "code": "const trigger = (0, moment_timezone_1.default)('2015-02-01T13:38:45.000Z');\nconst a = new alarm_1.default({ type: alarm_1.ICalAlarmType.display, triggerBefore: 60 * 10 }, new event_1.default({}, new calendar_1.default()));\nassert_1.default.ok(a.toString().indexOf('TRIGGER:-PT10M') > -1);\na.triggerBefore(trigger);\nassert_1.default.ok(a.toString().indexOf('TRIGGER;VALUE=DATE-TIME:20150201T133845Z') > -1);",
                  "err": {},
                  "uuid": "ac5d68bd-e0e6-4869-b358-d9eb1feae039",
                  "parentUUID": "c8ab75ee-c56c-43ac-a3aa-6f61f8e372f9",
                  "isHook": false,
                  "skipped": false
                }
              ],
              "suites": [],
              "passes": [
                "a7e72782-e2d8-49c6-9ea6-6cc67f0eb38f",
                "802fd2ec-5a2c-4536-9409-4322f59eac2b",
                "138bcf48-0a12-4aea-be2f-7aa0235e5eda",
                "71070495-a0eb-4dce-8b25-baeefe3fed30",
                "ad77cc42-1117-496d-ad9c-d3f3e58c0d66",
                "120fca8a-dc9d-4b26-b6aa-c4bdb8651206",
                "050729cd-9143-426a-b9e1-c9291642d6c6",
                "ac5d68bd-e0e6-4869-b358-d9eb1feae039"
              ],
              "failures": [],
              "pending": [],
              "skipped": [],
              "duration": 3,
              "root": false,
              "rootEmpty": false,
              "_timeout": 2000
            },
            {
              "uuid": "73160a62-f6bc-4d05-93fa-813f3564240d",
              "title": "repeat()",
              "fullFile": "/home/runner/work/ical-generator/ical-generator/test/alarm.ts",
              "file": "/test/alarm.ts",
              "beforeHooks": [],
              "afterHooks": [],
              "tests": [
                {
                  "title": "setter should return this",
                  "fullTitle": "ical-generator Alarm repeat() setter should return this",
                  "timedOut": false,
                  "duration": 0,
                  "state": "passed",
                  "speed": "fast",
                  "pass": true,
                  "fail": false,
                  "pending": false,
                  "context": null,
                  "code": "const a = new alarm_1.default({}, new event_1.default({}, new calendar_1.default()));\nassert_1.default.deepStrictEqual(a, a.repeat(null));\nassert_1.default.deepStrictEqual(a, a.repeat(4));",
                  "err": {},
                  "uuid": "4a1f8d2f-0aba-4624-8bfe-ae6eaaaf6f8c",
                  "parentUUID": "73160a62-f6bc-4d05-93fa-813f3564240d",
                  "isHook": false,
                  "skipped": false
                },
                {
                  "title": "getter should return value",
                  "fullTitle": "ical-generator Alarm repeat() getter should return value",
                  "timedOut": false,
                  "duration": 0,
                  "state": "passed",
                  "speed": "fast",
                  "pass": true,
                  "fail": false,
                  "pending": false,
                  "context": null,
                  "code": "const a = new alarm_1.default({}, new event_1.default({}, new calendar_1.default()));\nassert_1.default.strictEqual(a.repeat(), null);\na.repeat(100);\nassert_1.default.strictEqual(a.repeat(), 100);\na.repeat(null);\nassert_1.default.strictEqual(a.repeat(), null);",
                  "err": {},
                  "uuid": "3d2a490f-fdc2-4bd7-bcd0-f959cfd597cb",
                  "parentUUID": "73160a62-f6bc-4d05-93fa-813f3564240d",
                  "isHook": false,
                  "skipped": false
                },
                {
                  "title": "should throw error if repeat not allowed",
                  "fullTitle": "ical-generator Alarm repeat() should throw error if repeat not allowed",
                  "timedOut": false,
                  "duration": 0,
                  "state": "passed",
                  "speed": "fast",
                  "pass": true,
                  "fail": false,
                  "pending": false,
                  "context": null,
                  "code": "const a = new alarm_1.default({}, new event_1.default({}, new calendar_1.default()));\nassert_1.default.throws(function () {\n    a.repeat(Infinity);\n}, /`repeat`/);\nassert_1.default.throws(function () {\n    // @ts-ignore\n    a.repeat('hi');\n}, /`repeat`/);\nassert_1.default.throws(function () {\n    // @ts-ignore\n    a.repeat(true);\n}, /`repeat`/);",
                  "err": {},
                  "uuid": "2d3e5718-7c39-48cc-9ce5-d4498a0da017",
                  "parentUUID": "73160a62-f6bc-4d05-93fa-813f3564240d",
                  "isHook": false,
                  "skipped": false
                },
                {
                  "title": "should change something",
                  "fullTitle": "ical-generator Alarm repeat() should change something",
                  "timedOut": false,
                  "duration": 0,
                  "state": "passed",
                  "speed": "fast",
                  "pass": true,
                  "fail": false,
                  "pending": false,
                  "context": null,
                  "code": "const a = new alarm_1.default({\n    type: alarm_1.ICalAlarmType.display,\n    trigger: 300,\n    repeat: 42,\n    interval: 60\n}, new event_1.default({}, new calendar_1.default()));\nassert_1.default.ok(a.toString().indexOf('REPEAT:42') > -1);",
                  "err": {},
                  "uuid": "1191a3f5-c3a0-4599-b3a9-566b1b2cf03f",
                  "parentUUID": "73160a62-f6bc-4d05-93fa-813f3564240d",
                  "isHook": false,
                  "skipped": false
                }
              ],
              "suites": [],
              "passes": [
                "4a1f8d2f-0aba-4624-8bfe-ae6eaaaf6f8c",
                "3d2a490f-fdc2-4bd7-bcd0-f959cfd597cb",
                "2d3e5718-7c39-48cc-9ce5-d4498a0da017",
                "1191a3f5-c3a0-4599-b3a9-566b1b2cf03f"
              ],
              "failures": [],
              "pending": [],
              "skipped": [],
              "duration": 0,
              "root": false,
              "rootEmpty": false,
              "_timeout": 2000
            },
            {
              "uuid": "be53b9c7-4518-4d21-9f75-d301321a6ee1",
              "title": "interval()",
              "fullFile": "/home/runner/work/ical-generator/ical-generator/test/alarm.ts",
              "file": "/test/alarm.ts",
              "beforeHooks": [],
              "afterHooks": [],
              "tests": [
                {
                  "title": "setter should return this",
                  "fullTitle": "ical-generator Alarm interval() setter should return this",
                  "timedOut": false,
                  "duration": 0,
                  "state": "passed",
                  "speed": "fast",
                  "pass": true,
                  "fail": false,
                  "pending": false,
                  "context": null,
                  "code": "const a = new alarm_1.default({}, new event_1.default({}, new calendar_1.default()));\nassert_1.default.deepStrictEqual(a, a.interval(null));\nassert_1.default.deepStrictEqual(a, a.interval(60));",
                  "err": {},
                  "uuid": "9307a914-dcf1-4537-b769-99fdd4a719b9",
                  "parentUUID": "be53b9c7-4518-4d21-9f75-d301321a6ee1",
                  "isHook": false,
                  "skipped": false
                },
                {
                  "title": "getter should return value",
                  "fullTitle": "ical-generator Alarm interval() getter should return value",
                  "timedOut": false,
                  "duration": 0,
                  "state": "passed",
                  "speed": "fast",
                  "pass": true,
                  "fail": false,
                  "pending": false,
                  "context": null,
                  "code": "const a = new alarm_1.default({}, new event_1.default({}, new calendar_1.default()));\nassert_1.default.strictEqual(a.interval(), null);\na.interval(30);\nassert_1.default.strictEqual(a.interval(), 30);\na.interval(null);\nassert_1.default.strictEqual(a.interval(), null);",
                  "err": {},
                  "uuid": "b023795e-5465-4d13-a03f-f4b7b851e0a0",
                  "parentUUID": "be53b9c7-4518-4d21-9f75-d301321a6ee1",
                  "isHook": false,
                  "skipped": false
                },
                {
                  "title": "should throw error if repeat not allowed",
                  "fullTitle": "ical-generator Alarm interval() should throw error if repeat not allowed",
                  "timedOut": false,
                  "duration": 0,
                  "state": "passed",
                  "speed": "fast",
                  "pass": true,
                  "fail": false,
                  "pending": false,
                  "context": null,
                  "code": "const a = new alarm_1.default({}, new event_1.default({}, new calendar_1.default()));\nassert_1.default.throws(function () {\n    a.interval(Infinity);\n}, /`interval`/);\nassert_1.default.throws(function () {\n    // @ts-ignore\n    a.interval('hi');\n}, /`interval`/);\nassert_1.default.throws(function () {\n    // @ts-ignore\n    a.interval(true);\n}, /`interval`/);",
                  "err": {},
                  "uuid": "76321d94-c4e6-4e2b-acd3-08d230f965aa",
                  "parentUUID": "be53b9c7-4518-4d21-9f75-d301321a6ee1",
                  "isHook": false,
                  "skipped": false
                },
                {
                  "title": "should change something",
                  "fullTitle": "ical-generator Alarm interval() should change something",
                  "timedOut": false,
                  "duration": 1,
                  "state": "passed",
                  "speed": "fast",
                  "pass": true,
                  "fail": false,
                  "pending": false,
                  "context": null,
                  "code": "const a = new alarm_1.default({\n    type: alarm_1.ICalAlarmType.display,\n    trigger: 300,\n    repeat: 42,\n    interval: 90\n}, new event_1.default({}, new calendar_1.default()));\nassert_1.default.ok(a.toString().indexOf('DURATION:PT1M30S') > -1);",
                  "err": {},
                  "uuid": "8ebd54df-125e-4293-95d1-55df7d513615",
                  "parentUUID": "be53b9c7-4518-4d21-9f75-d301321a6ee1",
                  "isHook": false,
                  "skipped": false
                }
              ],
              "suites": [],
              "passes": [
                "9307a914-dcf1-4537-b769-99fdd4a719b9",
                "b023795e-5465-4d13-a03f-f4b7b851e0a0",
                "76321d94-c4e6-4e2b-acd3-08d230f965aa",
                "8ebd54df-125e-4293-95d1-55df7d513615"
              ],
              "failures": [],
              "pending": [],
              "skipped": [],
              "duration": 1,
              "root": false,
              "rootEmpty": false,
              "_timeout": 2000
            },
            {
              "uuid": "a717e221-b71d-4f0f-ab0d-bfdcf175176d",
              "title": "attach()",
              "fullFile": "/home/runner/work/ical-generator/ical-generator/test/alarm.ts",
              "file": "/test/alarm.ts",
              "beforeHooks": [],
              "afterHooks": [],
              "tests": [
                {
                  "title": "setter should return this",
                  "fullTitle": "ical-generator Alarm attach() setter should return this",
                  "timedOut": false,
                  "duration": 0,
                  "state": "passed",
                  "speed": "fast",
                  "pass": true,
                  "fail": false,
                  "pending": false,
                  "context": null,
                  "code": "const a = new alarm_1.default({}, new event_1.default({}, new calendar_1.default()));\nassert_1.default.deepStrictEqual(a, a.attach(null));\nassert_1.default.deepStrictEqual(a, a.attach('https://sebbo.net/beep.aud'));",
                  "err": {},
                  "uuid": "cbcf0e67-77cd-422f-aa4f-3a8791ddb237",
                  "parentUUID": "a717e221-b71d-4f0f-ab0d-bfdcf175176d",
                  "isHook": false,
                  "skipped": false
                },
                {
                  "title": "getter should return value",
                  "fullTitle": "ical-generator Alarm attach() getter should return value",
                  "timedOut": false,
                  "duration": 1,
                  "state": "passed",
                  "speed": "fast",
                  "pass": true,
                  "fail": false,
                  "pending": false,
                  "context": null,
                  "code": "const t = { uri: 'https://example.com/alarm.aud', mime: 'audio/basic' };\nconst a = new alarm_1.default({}, new event_1.default({}, new calendar_1.default()));\nassert_1.default.strictEqual(a.attach(), null);\na.attach(t);\nassert_1.default.deepStrictEqual(a.attach(), t);\na.attach('https://www.example.com/beep.aud');\nassert_1.default.deepStrictEqual(a.attach(), {\n    uri: 'https://www.example.com/beep.aud',\n    mime: null\n});\na.attach({\n    uri: 'https://www.example.com/beep.aud'\n});\nassert_1.default.deepStrictEqual(a.attach(), {\n    uri: 'https://www.example.com/beep.aud',\n    mime: null\n});\na.attach(null);\nassert_1.default.strictEqual(a.attach(), null);",
                  "err": {},
                  "uuid": "6ff49d80-8244-4220-a924-4fe7f457390c",
                  "parentUUID": "a717e221-b71d-4f0f-ab0d-bfdcf175176d",
                  "isHook": false,
                  "skipped": false
                },
                {
                  "title": "should throw error withour uri",
                  "fullTitle": "ical-generator Alarm attach() should throw error withour uri",
                  "timedOut": false,
                  "duration": 0,
                  "state": "passed",
                  "speed": "fast",
                  "pass": true,
                  "fail": false,
                  "pending": false,
                  "context": null,
                  "code": "const a = new alarm_1.default({}, new event_1.default({}, new calendar_1.default()));\nassert_1.default.throws(function () {\n    // @ts-ignore\n    a.attach({ mime: 'audio/basic' });\n}, /`attach.uri`/);",
                  "err": {},
                  "uuid": "64b2d97f-dda1-4499-92bd-6530e4241abb",
                  "parentUUID": "a717e221-b71d-4f0f-ab0d-bfdcf175176d",
                  "isHook": false,
                  "skipped": false
                },
                {
                  "title": "should throw error when unknown format",
                  "fullTitle": "ical-generator Alarm attach() should throw error when unknown format",
                  "timedOut": false,
                  "duration": 0,
                  "state": "passed",
                  "speed": "fast",
                  "pass": true,
                  "fail": false,
                  "pending": false,
                  "context": null,
                  "code": "const a = new alarm_1.default({}, new event_1.default({}, new calendar_1.default()));\nassert_1.default.throws(function () {\n    // @ts-ignore\n    a.attach(Infinity);\n}, /`attachment`/);",
                  "err": {},
                  "uuid": "434eb78c-580d-411f-b6ea-9c3adfd981da",
                  "parentUUID": "a717e221-b71d-4f0f-ab0d-bfdcf175176d",
                  "isHook": false,
                  "skipped": false
                },
                {
                  "title": "should change something",
                  "fullTitle": "ical-generator Alarm attach() should change something",
                  "timedOut": false,
                  "duration": 1,
                  "state": "passed",
                  "speed": "fast",
                  "pass": true,
                  "fail": false,
                  "pending": false,
                  "context": null,
                  "code": "const a = new alarm_1.default({\n    type: alarm_1.ICalAlarmType.audio,\n    trigger: 300\n}, new event_1.default({}, new calendar_1.default()));\nassert_1.default.ok(a.toString().indexOf('\\r\\nATTACH;VALUE=URI:Basso') > -1);\na.attach('https://example.com/beep.aud');\nassert_1.default.ok(a.toString().indexOf('\\r\\nATTACH;VALUE=URI:https://example.com/beep.aud') > -1);\na.attach({\n    uri: 'https://example.com/beep.aud',\n    mime: 'audio/basic'\n});\nassert_1.default.ok(a.toString().indexOf('\\r\\nATTACH;FMTTYPE=audio/basic:https://example.com/beep.aud') > -1);",
                  "err": {},
                  "uuid": "2db809db-a372-4933-90e6-3ec74c3b9f8a",
                  "parentUUID": "a717e221-b71d-4f0f-ab0d-bfdcf175176d",
                  "isHook": false,
                  "skipped": false
                }
              ],
              "suites": [],
              "passes": [
                "cbcf0e67-77cd-422f-aa4f-3a8791ddb237",
                "6ff49d80-8244-4220-a924-4fe7f457390c",
                "64b2d97f-dda1-4499-92bd-6530e4241abb",
                "434eb78c-580d-411f-b6ea-9c3adfd981da",
                "2db809db-a372-4933-90e6-3ec74c3b9f8a"
              ],
              "failures": [],
              "pending": [],
              "skipped": [],
              "duration": 2,
              "root": false,
              "rootEmpty": false,
              "_timeout": 2000
            },
            {
              "uuid": "726378e2-eda4-4d90-9b47-7dad39686f04",
              "title": "description()",
              "fullFile": "/home/runner/work/ical-generator/ical-generator/test/alarm.ts",
              "file": "/test/alarm.ts",
              "beforeHooks": [],
              "afterHooks": [],
              "tests": [
                {
                  "title": "setter should return this",
                  "fullTitle": "ical-generator Alarm description() setter should return this",
                  "timedOut": false,
                  "duration": 0,
                  "state": "passed",
                  "speed": "fast",
                  "pass": true,
                  "fail": false,
                  "pending": false,
                  "context": null,
                  "code": "const a = new alarm_1.default({}, new event_1.default({}, new calendar_1.default()));\nassert_1.default.deepStrictEqual(a, a.description(null));\nassert_1.default.deepStrictEqual(a, a.description('Hey Ho!'));",
                  "err": {},
                  "uuid": "7ade8500-1fa4-46b4-a9d1-dcd9b539a31d",
                  "parentUUID": "726378e2-eda4-4d90-9b47-7dad39686f04",
                  "isHook": false,
                  "skipped": false
                },
                {
                  "title": "getter should return value",
                  "fullTitle": "ical-generator Alarm description() getter should return value",
                  "timedOut": false,
                  "duration": 0,
                  "state": "passed",
                  "speed": "fast",
                  "pass": true,
                  "fail": false,
                  "pending": false,
                  "context": null,
                  "code": "const a = new alarm_1.default({}, new event_1.default({}, new calendar_1.default()));\nassert_1.default.deepStrictEqual(a.description(), null);\na.description('blablabla');\nassert_1.default.deepStrictEqual(a.description(), 'blablabla');\na.description(null);\nassert_1.default.deepStrictEqual(a.description(), null);",
                  "err": {},
                  "uuid": "b75ad53f-6375-42fb-9240-2153e07fd5a8",
                  "parentUUID": "726378e2-eda4-4d90-9b47-7dad39686f04",
                  "isHook": false,
                  "skipped": false
                },
                {
                  "title": "should change something",
                  "fullTitle": "ical-generator Alarm description() should change something",
                  "timedOut": false,
                  "duration": 1,
                  "state": "passed",
                  "speed": "fast",
                  "pass": true,
                  "fail": false,
                  "pending": false,
                  "context": null,
                  "code": "const a = new alarm_1.default({\n    type: alarm_1.ICalAlarmType.display,\n    trigger: 300,\n    description: 'Huibuh!'\n}, new event_1.default({}, new calendar_1.default()));\nassert_1.default.ok(a.toString().indexOf('\\r\\nDESCRIPTION:Huibuh') > -1);",
                  "err": {},
                  "uuid": "f02d3634-9398-43aa-a970-1d95da6adcfd",
                  "parentUUID": "726378e2-eda4-4d90-9b47-7dad39686f04",
                  "isHook": false,
                  "skipped": false
                },
                {
                  "title": "should fallback to event summary",
                  "fullTitle": "ical-generator Alarm description() should fallback to event summary",
                  "timedOut": false,
                  "duration": 0,
                  "state": "passed",
                  "speed": "fast",
                  "pass": true,
                  "fail": false,
                  "pending": false,
                  "context": null,
                  "code": "const a = new alarm_1.default({\n    type: alarm_1.ICalAlarmType.display,\n    trigger: 300\n}, new event_1.default({\n    summary: 'Example Event'\n}, new calendar_1.default()));\nassert_1.default.ok(a.toString().indexOf('\\r\\nDESCRIPTION:Example Event') > -1);",
                  "err": {},
                  "uuid": "5f6b48c6-6b39-4d42-9aca-b7e1454e8675",
                  "parentUUID": "726378e2-eda4-4d90-9b47-7dad39686f04",
                  "isHook": false,
                  "skipped": false
                }
              ],
              "suites": [],
              "passes": [
                "7ade8500-1fa4-46b4-a9d1-dcd9b539a31d",
                "b75ad53f-6375-42fb-9240-2153e07fd5a8",
                "f02d3634-9398-43aa-a970-1d95da6adcfd",
                "5f6b48c6-6b39-4d42-9aca-b7e1454e8675"
              ],
              "failures": [],
              "pending": [],
              "skipped": [],
              "duration": 1,
              "root": false,
              "rootEmpty": false,
              "_timeout": 2000
            },
            {
              "uuid": "14ff8d02-43f3-424e-ab50-1a83fb129d1b",
              "title": "x()",
              "fullFile": "/home/runner/work/ical-generator/ical-generator/test/alarm.ts",
              "file": "/test/alarm.ts",
              "beforeHooks": [],
              "afterHooks": [],
              "tests": [
                {
                  "title": "is there",
                  "fullTitle": "ical-generator Alarm x() is there",
                  "timedOut": false,
                  "duration": 0,
                  "state": "passed",
                  "speed": "fast",
                  "pass": true,
                  "fail": false,
                  "pending": false,
                  "context": null,
                  "code": "const a = new alarm_1.default({}, new event_1.default({}, new calendar_1.default()));\nassert_1.default.deepStrictEqual(a, a.x('X-FOO', 'bar'));",
                  "err": {},
                  "uuid": "1917c906-13ee-4442-b08a-a55dd1bc4e37",
                  "parentUUID": "14ff8d02-43f3-424e-ab50-1a83fb129d1b",
                  "isHook": false,
                  "skipped": false
                }
              ],
              "suites": [],
              "passes": [
                "1917c906-13ee-4442-b08a-a55dd1bc4e37"
              ],
              "failures": [],
              "pending": [],
              "skipped": [],
              "duration": 0,
              "root": false,
              "rootEmpty": false,
              "_timeout": 2000
            },
            {
              "uuid": "2fcce198-cd04-4a66-a417-59415c9295af",
              "title": "toJSON()",
              "fullFile": "/home/runner/work/ical-generator/ical-generator/test/alarm.ts",
              "file": "/test/alarm.ts",
              "beforeHooks": [],
              "afterHooks": [],
              "tests": [
                {
                  "title": "should work",
                  "fullTitle": "ical-generator Alarm toJSON() should work",
                  "timedOut": false,
                  "duration": 0,
                  "state": "passed",
                  "speed": "fast",
                  "pass": true,
                  "fail": false,
                  "pending": false,
                  "context": null,
                  "code": "const a = new alarm_1.default({}, new event_1.default({}, new calendar_1.default()));\na.type(alarm_1.ICalAlarmType.display);\na.trigger(120);\nassert_1.default.deepStrictEqual(a.toJSON(), {\n    attach: null,\n    description: null,\n    interval: null,\n    repeat: null,\n    trigger: 120,\n    type: 'display',\n    x: []\n});",
                  "err": {},
                  "uuid": "f1ea9616-7546-4b7d-ad86-293e5b6d1210",
                  "parentUUID": "2fcce198-cd04-4a66-a417-59415c9295af",
                  "isHook": false,
                  "skipped": false
                },
                {
                  "title": "should be compatible with constructor (type check)",
                  "fullTitle": "ical-generator Alarm toJSON() should be compatible with constructor (type check)",
                  "timedOut": false,
                  "duration": 0,
                  "state": "passed",
                  "speed": "fast",
                  "pass": true,
                  "fail": false,
                  "pending": false,
                  "context": null,
                  "code": "const a = new alarm_1.default({}, new event_1.default({}, new calendar_1.default()));\nnew alarm_1.default(a.toJSON(), new event_1.default({}, new calendar_1.default()));",
                  "err": {},
                  "uuid": "5c9bb6a4-e789-472e-98b4-3973a0d4d9bc",
                  "parentUUID": "2fcce198-cd04-4a66-a417-59415c9295af",
                  "isHook": false,
                  "skipped": false
                }
              ],
              "suites": [],
              "passes": [
                "f1ea9616-7546-4b7d-ad86-293e5b6d1210",
                "5c9bb6a4-e789-472e-98b4-3973a0d4d9bc"
              ],
              "failures": [],
              "pending": [],
              "skipped": [],
              "duration": 0,
              "root": false,
              "rootEmpty": false,
              "_timeout": 2000
            },
            {
              "uuid": "144ab87d-e53d-40a3-8c7e-038c343d64bf",
              "title": "generate()",
              "fullFile": "/home/runner/work/ical-generator/ical-generator/test/alarm.ts",
              "file": "/test/alarm.ts",
              "beforeHooks": [],
              "afterHooks": [],
              "tests": [
                {
                  "title": "shoult throw an error without type",
                  "fullTitle": "ical-generator Alarm generate() shoult throw an error without type",
                  "timedOut": false,
                  "duration": 0,
                  "state": "passed",
                  "speed": "fast",
                  "pass": true,
                  "fail": false,
                  "pending": false,
                  "context": null,
                  "code": "const a = new alarm_1.default({ trigger: 300 }, new event_1.default({}, new calendar_1.default()));\nassert_1.default.throws(function () {\n    a.toString();\n}, /`type`/);",
                  "err": {},
                  "uuid": "3f3cd416-ae10-4b8e-bf95-5e95f65e3263",
                  "parentUUID": "144ab87d-e53d-40a3-8c7e-038c343d64bf",
                  "isHook": false,
                  "skipped": false
                },
                {
                  "title": "shoult throw an error without trigger",
                  "fullTitle": "ical-generator Alarm generate() shoult throw an error without trigger",
                  "timedOut": false,
                  "duration": 0,
                  "state": "passed",
                  "speed": "fast",
                  "pass": true,
                  "fail": false,
                  "pending": false,
                  "context": null,
                  "code": "const a = new alarm_1.default({ type: alarm_1.ICalAlarmType.display }, new event_1.default({}, new calendar_1.default()));\nassert_1.default.throws(function () {\n    a.toString();\n}, /`trigger`/);",
                  "err": {},
                  "uuid": "23034628-6e57-4862-a4b4-b46ad4ac9b01",
                  "parentUUID": "144ab87d-e53d-40a3-8c7e-038c343d64bf",
                  "isHook": false,
                  "skipped": false
                },
                {
                  "title": "shoult throw an error if repeat is set but interval isn't",
                  "fullTitle": "ical-generator Alarm generate() shoult throw an error if repeat is set but interval isn't",
                  "timedOut": false,
                  "duration": 0,
                  "state": "passed",
                  "speed": "fast",
                  "pass": true,
                  "fail": false,
                  "pending": false,
                  "context": null,
                  "code": "const a = new alarm_1.default({ type: alarm_1.ICalAlarmType.display, trigger: 300, repeat: 4 }, new event_1.default({}, new calendar_1.default()));\nassert_1.default.throws(function () {\n    a.toString();\n}, /for `interval`/);",
                  "err": {},
                  "uuid": "cb20718c-b4d7-437b-aa63-9db434cd073f",
                  "parentUUID": "144ab87d-e53d-40a3-8c7e-038c343d64bf",
                  "isHook": false,
                  "skipped": false
                },
                {
                  "title": "shoult throw an error if interval is set but repeat isn't",
                  "fullTitle": "ical-generator Alarm generate() shoult throw an error if interval is set but repeat isn't",
                  "timedOut": false,
                  "duration": 0,
                  "state": "passed",
                  "speed": "fast",
                  "pass": true,
                  "fail": false,
                  "pending": false,
                  "context": null,
                  "code": "const a = new alarm_1.default({\n    type: alarm_1.ICalAlarmType.display,\n    trigger: 300,\n    interval: 60\n}, new event_1.default({}, new calendar_1.default()));\nassert_1.default.throws(function () {\n    a.toString();\n}, /for `repeat`/);",
                  "err": {},
                  "uuid": "ed9aba17-ae2b-4464-b8a0-6c9f16213c58",
                  "parentUUID": "144ab87d-e53d-40a3-8c7e-038c343d64bf",
                  "isHook": false,
                  "skipped": false
                }
              ],
              "suites": [],
              "passes": [
                "3f3cd416-ae10-4b8e-bf95-5e95f65e3263",
                "23034628-6e57-4862-a4b4-b46ad4ac9b01",
                "cb20718c-b4d7-437b-aa63-9db434cd073f",
                "ed9aba17-ae2b-4464-b8a0-6c9f16213c58"
              ],
              "failures": [],
              "pending": [],
              "skipped": [],
              "duration": 0,
              "root": false,
              "rootEmpty": false,
              "_timeout": 2000
            }
          ],
          "passes": [],
          "failures": [],
          "pending": [],
          "skipped": [],
          "duration": 0,
          "root": false,
          "rootEmpty": false,
          "_timeout": 2000
        },
        {
          "uuid": "7e291d7c-61e6-4700-a68b-74b290c9aa60",
          "title": "ical-generator Attendee",
          "fullFile": "/home/runner/work/ical-generator/ical-generator/test/attendee.ts",
          "file": "/test/attendee.ts",
          "beforeHooks": [],
          "afterHooks": [],
          "tests": [],
          "suites": [
            {
              "uuid": "49019e28-dbcb-4242-b589-b9f85f8d6e8d",
              "title": "constructor()",
              "fullFile": "/home/runner/work/ical-generator/ical-generator/test/attendee.ts",
              "file": "/test/attendee.ts",
              "beforeHooks": [],
              "afterHooks": [],
              "tests": [
                {
                  "title": "shoud set data from constructor",
                  "fullTitle": "ical-generator Attendee constructor() shoud set data from constructor",
                  "timedOut": false,
                  "duration": 1,
                  "state": "passed",
                  "speed": "fast",
                  "pass": true,
                  "fail": false,
                  "pending": false,
                  "context": null,
                  "code": "const data = {\n    name: 'John Doe',\n    email: 'john@example.org',\n    mailto: 'john+calendar@example.org',\n    sentBy: null,\n    status: attendee_1.ICalAttendeeStatus.ACCEPTED,\n    role: attendee_1.ICalAttendeeRole.REQ,\n    rsvp: false,\n    type: attendee_1.ICalAttendeeType.INDIVIDUAL,\n    delegatedTo: null,\n    delegatedFrom: null,\n    x: []\n};\nconst event = new attendee_1.default(data, new event_1.default({}, new calendar_1.default()));\nassert_1.default.deepStrictEqual(event.toJSON(), data);",
                  "err": {},
                  "uuid": "31ec8652-7775-47e6-ab4f-2d7062bf14f6",
                  "parentUUID": "49019e28-dbcb-4242-b589-b9f85f8d6e8d",
                  "isHook": false,
                  "skipped": false
                },
                {
                  "title": "shouldn't work without event reference",
                  "fullTitle": "ical-generator Attendee constructor() shouldn't work without event reference",
                  "timedOut": false,
                  "duration": 0,
                  "state": "passed",
                  "speed": "fast",
                  "pass": true,
                  "fail": false,
                  "pending": false,
                  "context": null,
                  "code": "assert_1.default.throws(function () {\n    // @ts-ignore\n    new attendee_1.default({ email: 'foo@bar.com' });\n}, /`event`/);",
                  "err": {},
                  "uuid": "4e8d910d-6541-453a-a52a-cac3bd05adbd",
                  "parentUUID": "49019e28-dbcb-4242-b589-b9f85f8d6e8d",
                  "isHook": false,
                  "skipped": false
                }
              ],
              "suites": [],
              "passes": [
                "31ec8652-7775-47e6-ab4f-2d7062bf14f6",
                "4e8d910d-6541-453a-a52a-cac3bd05adbd"
              ],
              "failures": [],
              "pending": [],
              "skipped": [],
              "duration": 1,
              "root": false,
              "rootEmpty": false,
              "_timeout": 2000
            },
            {
              "uuid": "190e1962-3ff7-43d5-bb7d-5d0118328d96",
              "title": "name()",
              "fullFile": "/home/runner/work/ical-generator/ical-generator/test/attendee.ts",
              "file": "/test/attendee.ts",
              "beforeHooks": [],
              "afterHooks": [],
              "tests": [
                {
                  "title": "getter should return value",
                  "fullTitle": "ical-generator Attendee name() getter should return value",
                  "timedOut": false,
                  "duration": 0,
                  "state": "passed",
                  "speed": "fast",
                  "pass": true,
                  "fail": false,
                  "pending": false,
                  "context": null,
                  "code": "const a = new attendee_1.default({}, new event_1.default({}, new calendar_1.default()));\nassert_1.default.strictEqual(a.name(), null);\na.name('Sebastian');\nassert_1.default.strictEqual(a.name(), 'Sebastian');",
                  "err": {},
                  "uuid": "5e113798-0289-4347-80f8-9eaeec70e424",
                  "parentUUID": "190e1962-3ff7-43d5-bb7d-5d0118328d96",
                  "isHook": false,
                  "skipped": false
                },
                {
                  "title": "setter should return this",
                  "fullTitle": "ical-generator Attendee name() setter should return this",
                  "timedOut": false,
                  "duration": 0,
                  "state": "passed",
                  "speed": "fast",
                  "pass": true,
                  "fail": false,
                  "pending": false,
                  "context": null,
                  "code": "const a = new attendee_1.default({}, new event_1.default({}, new calendar_1.default()));\nassert_1.default.deepStrictEqual(a, a.name(null));\nassert_1.default.deepStrictEqual(a, a.name('Sebastian'));",
                  "err": {},
                  "uuid": "eb66fe47-02f3-4405-8e71-5966964f7565",
                  "parentUUID": "190e1962-3ff7-43d5-bb7d-5d0118328d96",
                  "isHook": false,
                  "skipped": false
                },
                {
                  "title": "setter should change something",
                  "fullTitle": "ical-generator Attendee name() setter should change something",
                  "timedOut": false,
                  "duration": 0,
                  "state": "passed",
                  "speed": "fast",
                  "pass": true,
                  "fail": false,
                  "pending": false,
                  "context": null,
                  "code": "const a = new attendee_1.default({}, new event_1.default({}, new calendar_1.default()));\na.name('Sebastian');\nassert_1.default.strictEqual(a.name(), 'Sebastian');\na.name(null);\nassert_1.default.strictEqual(a.name(), null);",
                  "err": {},
                  "uuid": "5ef933e8-02b5-465b-9fa2-c8518d940127",
                  "parentUUID": "190e1962-3ff7-43d5-bb7d-5d0118328d96",
                  "isHook": false,
                  "skipped": false
                }
              ],
              "suites": [],
              "passes": [
                "5e113798-0289-4347-80f8-9eaeec70e424",
                "eb66fe47-02f3-4405-8e71-5966964f7565",
                "5ef933e8-02b5-465b-9fa2-c8518d940127"
              ],
              "failures": [],
              "pending": [],
              "skipped": [],
              "duration": 0,
              "root": false,
              "rootEmpty": false,
              "_timeout": 2000
            },
            {
              "uuid": "be36c5ec-4074-439b-909e-3b391432fa82",
              "title": "email()",
              "fullFile": "/home/runner/work/ical-generator/ical-generator/test/attendee.ts",
              "file": "/test/attendee.ts",
              "beforeHooks": [],
              "afterHooks": [],
              "tests": [
                {
                  "title": "getter should return value",
                  "fullTitle": "ical-generator Attendee email() getter should return value",
                  "timedOut": false,
                  "duration": 0,
                  "state": "passed",
                  "speed": "fast",
                  "pass": true,
                  "fail": false,
                  "pending": false,
                  "context": null,
                  "code": "const a = new attendee_1.default({}, new event_1.default({}, new calendar_1.default())).email('foo@example.com');\nassert_1.default.strictEqual(a.email(), 'foo@example.com');",
                  "err": {},
                  "uuid": "f7750fe5-ce99-4b58-a4eb-e06550272fca",
                  "parentUUID": "be36c5ec-4074-439b-909e-3b391432fa82",
                  "isHook": false,
                  "skipped": false
                },
                {
                  "title": "setter should return this",
                  "fullTitle": "ical-generator Attendee email() setter should return this",
                  "timedOut": false,
                  "duration": 0,
                  "state": "passed",
                  "speed": "fast",
                  "pass": true,
                  "fail": false,
                  "pending": false,
                  "context": null,
                  "code": "const a = new attendee_1.default({}, new event_1.default({}, new calendar_1.default()));\nassert_1.default.deepStrictEqual(a, a.email('foo@example.com'));",
                  "err": {},
                  "uuid": "9a84583b-42c9-45ac-9c2f-63f9a8c184eb",
                  "parentUUID": "be36c5ec-4074-439b-909e-3b391432fa82",
                  "isHook": false,
                  "skipped": false
                },
                {
                  "title": "should change something",
                  "fullTitle": "ical-generator Attendee email() should change something",
                  "timedOut": false,
                  "duration": 1,
                  "state": "passed",
                  "speed": "fast",
                  "pass": true,
                  "fail": false,
                  "pending": false,
                  "context": null,
                  "code": "const a = new attendee_1.default({ email: 'mail@example.com' }, new event_1.default({}, new calendar_1.default()));\nassert_1.default.ok(a.toString().indexOf('mail@example.com') > -1);",
                  "err": {},
                  "uuid": "39c5708b-7ac1-4eeb-812b-5f0aba49f7b2",
                  "parentUUID": "be36c5ec-4074-439b-909e-3b391432fa82",
                  "isHook": false,
                  "skipped": false
                }
              ],
              "suites": [],
              "passes": [
                "f7750fe5-ce99-4b58-a4eb-e06550272fca",
                "9a84583b-42c9-45ac-9c2f-63f9a8c184eb",
                "39c5708b-7ac1-4eeb-812b-5f0aba49f7b2"
              ],
              "failures": [],
              "pending": [],
              "skipped": [],
              "duration": 1,
              "root": false,
              "rootEmpty": false,
              "_timeout": 2000
            },
            {
              "uuid": "e6bbb21f-9086-4331-89f6-1ed72e8580e1",
              "title": "mailto()",
              "fullFile": "/home/runner/work/ical-generator/ical-generator/test/attendee.ts",
              "file": "/test/attendee.ts",
              "beforeHooks": [],
              "afterHooks": [],
              "tests": [
                {
                  "title": "getter should return value",
                  "fullTitle": "ical-generator Attendee mailto() getter should return value",
                  "timedOut": false,
                  "duration": 0,
                  "state": "passed",
                  "speed": "fast",
                  "pass": true,
                  "fail": false,
                  "pending": false,
                  "context": null,
                  "code": "const a = new attendee_1.default({}, new event_1.default({}, new calendar_1.default()));\nassert_1.default.strictEqual(a.mailto(), null);\na.mailto('foo@example.com');\nassert_1.default.strictEqual(a.mailto(), 'foo@example.com');",
                  "err": {},
                  "uuid": "2f3cbd54-8288-43fa-a890-e07282665d9b",
                  "parentUUID": "e6bbb21f-9086-4331-89f6-1ed72e8580e1",
                  "isHook": false,
                  "skipped": false
                },
                {
                  "title": "setter should return this",
                  "fullTitle": "ical-generator Attendee mailto() setter should return this",
                  "timedOut": false,
                  "duration": 0,
                  "state": "passed",
                  "speed": "fast",
                  "pass": true,
                  "fail": false,
                  "pending": false,
                  "context": null,
                  "code": "const a = new attendee_1.default({}, new event_1.default({}, new calendar_1.default()));\nassert_1.default.deepStrictEqual(a, a.mailto(null));\nassert_1.default.deepStrictEqual(a, a.mailto('foo@example.com'));",
                  "err": {},
                  "uuid": "315fac75-3849-47a3-98f0-de045d0cd057",
                  "parentUUID": "e6bbb21f-9086-4331-89f6-1ed72e8580e1",
                  "isHook": false,
                  "skipped": false
                },
                {
                  "title": "should change mailto and keep email if present",
                  "fullTitle": "ical-generator Attendee mailto() should change mailto and keep email if present",
                  "timedOut": false,
                  "duration": 0,
                  "state": "passed",
                  "speed": "fast",
                  "pass": true,
                  "fail": false,
                  "pending": false,
                  "context": null,
                  "code": "const a = new attendee_1.default({ email: 'mail@example.com' }, new event_1.default({}, new calendar_1.default()));\na.mailto('mail2@example2.com');\nassert_1.default.ok(a.toString().indexOf('EMAIL=mail@example.com') > -1 &&\n    a.toString().indexOf('MAILTO:mail2@example2.com') > -1);",
                  "err": {},
                  "uuid": "b5d2ebc1-2d50-46a9-8703-238796af15cd",
                  "parentUUID": "e6bbb21f-9086-4331-89f6-1ed72e8580e1",
                  "isHook": false,
                  "skipped": false
                }
              ],
              "suites": [],
              "passes": [
                "2f3cbd54-8288-43fa-a890-e07282665d9b",
                "315fac75-3849-47a3-98f0-de045d0cd057",
                "b5d2ebc1-2d50-46a9-8703-238796af15cd"
              ],
              "failures": [],
              "pending": [],
              "skipped": [],
              "duration": 0,
              "root": false,
              "rootEmpty": false,
              "_timeout": 2000
            },
            {
              "uuid": "eed366cf-ddc8-4b34-b1b1-2189f357d3e6",
              "title": "sentBy()",
              "fullFile": "/home/runner/work/ical-generator/ical-generator/test/attendee.ts",
              "file": "/test/attendee.ts",
              "beforeHooks": [],
              "afterHooks": [],
              "tests": [
                {
                  "title": "getter should return value",
                  "fullTitle": "ical-generator Attendee sentBy() getter should return value",
                  "timedOut": false,
                  "duration": 0,
                  "state": "passed",
                  "speed": "fast",
                  "pass": true,
                  "fail": false,
                  "pending": false,
                  "context": null,
                  "code": "const a = new attendee_1.default({}, new event_1.default({}, new calendar_1.default())).sentBy('foo@example.com');\nassert_1.default.strictEqual(a.sentBy(), 'foo@example.com');",
                  "err": {},
                  "uuid": "44e54def-b079-4bdb-8bc0-772ce77aac7f",
                  "parentUUID": "eed366cf-ddc8-4b34-b1b1-2189f357d3e6",
                  "isHook": false,
                  "skipped": false
                },
                {
                  "title": "setter should return this",
                  "fullTitle": "ical-generator Attendee sentBy() setter should return this",
                  "timedOut": false,
                  "duration": 0,
                  "state": "passed",
                  "speed": "fast",
                  "pass": true,
                  "fail": false,
                  "pending": false,
                  "context": null,
                  "code": "const a = new attendee_1.default({}, new event_1.default({}, new calendar_1.default()));\nassert_1.default.deepStrictEqual(a, a.sentBy('foo@example.com'));",
                  "err": {},
                  "uuid": "74e1f03f-408f-4ec7-8a9a-dc717fbd134b",
                  "parentUUID": "eed366cf-ddc8-4b34-b1b1-2189f357d3e6",
                  "isHook": false,
                  "skipped": false
                },
                {
                  "title": "should change something",
                  "fullTitle": "ical-generator Attendee sentBy() should change something",
                  "timedOut": false,
                  "duration": 0,
                  "state": "passed",
                  "speed": "fast",
                  "pass": true,
                  "fail": false,
                  "pending": false,
                  "context": null,
[...]
                      "pending": false,
                      "context": null,
                      "code": "const date = new Date();\nassert_1.default.equal((0, tools_1.checkDate)(date, 'foo'), date);",
                      "err": {},
                      "uuid": "50019493-1c6a-438b-8cd3-bdd4213ab3a6",
                      "parentUUID": "c705304f-3027-4ce3-aebf-a6d7395ccc87",
                      "isHook": false,
                      "skipped": false
                    },
                    {
                      "title": "should throw error for invalid Date",
                      "fullTitle": "ICalTools checkDate() Date should throw error for invalid Date",
                      "timedOut": false,
                      "duration": 0,
                      "state": "passed",
                      "speed": "fast",
                      "pass": true,
                      "fail": false,
                      "pending": false,
                      "context": null,
                      "code": "const date = new Date('foo');\nassert_1.default.throws(() => {\n    (0, tools_1.checkDate)(date, 'foo');\n}, /`foo` has to be a valid date!/);",
                      "err": {},
                      "uuid": "7c839529-8aff-4560-a1f7-ed311f9ba609",
                      "parentUUID": "c705304f-3027-4ce3-aebf-a6d7395ccc87",
                      "isHook": false,
                      "skipped": false
                    }
                  ],
                  "suites": [],
                  "passes": [
                    "50019493-1c6a-438b-8cd3-bdd4213ab3a6",
                    "7c839529-8aff-4560-a1f7-ed311f9ba609"
                  ],
                  "failures": [],
                  "pending": [],
                  "skipped": [],
                  "duration": 0,
                  "root": false,
                  "rootEmpty": false,
                  "_timeout": 2000
                },
                {
                  "uuid": "a8235dd7-3e00-4ec9-aea2-b9f8d5599ab1",
                  "title": "String",
                  "fullFile": "/home/runner/work/ical-generator/ical-generator/test/tools.ts",
                  "file": "/test/tools.ts",
                  "beforeHooks": [],
                  "afterHooks": [],
                  "tests": [
                    {
                      "title": "should work with valid String",
                      "fullTitle": "ICalTools checkDate() String should work with valid String",
                      "timedOut": false,
                      "duration": 0,
                      "state": "passed",
                      "speed": "fast",
                      "pass": true,
                      "fail": false,
                      "pending": false,
                      "context": null,
                      "code": "const date = '2021-03-28T13:15:23.587Z';\nassert_1.default.equal((0, tools_1.checkDate)(date, 'foo'), date);",
                      "err": {},
                      "uuid": "186e13c0-6029-4731-b6d4-4333da26e8bf",
                      "parentUUID": "a8235dd7-3e00-4ec9-aea2-b9f8d5599ab1",
                      "isHook": false,
                      "skipped": false
                    },
                    {
                      "title": "should throw error for invalid String",
                      "fullTitle": "ICalTools checkDate() String should throw error for invalid String",
                      "timedOut": false,
                      "duration": 0,
                      "state": "passed",
                      "speed": "fast",
                      "pass": true,
                      "fail": false,
                      "pending": false,
                      "context": null,
                      "code": "const date = 'foo';\nassert_1.default.throws(() => {\n    (0, tools_1.checkDate)(date, 'foo');\n}, /`foo` has to be a valid date!/);",
                      "err": {},
                      "uuid": "de3f0426-3488-4b9e-a570-0198bfae10be",
                      "parentUUID": "a8235dd7-3e00-4ec9-aea2-b9f8d5599ab1",
                      "isHook": false,
                      "skipped": false
                    }
                  ],
                  "suites": [],
                  "passes": [
                    "186e13c0-6029-4731-b6d4-4333da26e8bf",
                    "de3f0426-3488-4b9e-a570-0198bfae10be"
                  ],
                  "failures": [],
                  "pending": [],
                  "skipped": [],
                  "duration": 0,
                  "root": false,
                  "rootEmpty": false,
                  "_timeout": 2000
                },
                {
                  "uuid": "31fe493a-e78f-4190-851e-cd1e22126951",
                  "title": "Luxon",
                  "fullFile": "/home/runner/work/ical-generator/ical-generator/test/tools.ts",
                  "file": "/test/tools.ts",
                  "beforeHooks": [],
                  "afterHooks": [],
                  "tests": [
                    {
                      "title": "should work with valid Luxon",
                      "fullTitle": "ICalTools checkDate() Luxon should work with valid Luxon",
                      "timedOut": false,
                      "duration": 1,
                      "state": "passed",
                      "speed": "fast",
                      "pass": true,
                      "fail": false,
                      "pending": false,
                      "context": null,
                      "code": "const date = luxon_1.DateTime.now();\nassert_1.default.equal((0, tools_1.checkDate)(date, 'foo'), date);",
                      "err": {},
                      "uuid": "4f45f86c-4643-419f-82cf-eff792f82589",
                      "parentUUID": "31fe493a-e78f-4190-851e-cd1e22126951",
                      "isHook": false,
                      "skipped": false
                    },
                    {
                      "title": "should throw error for invalid Luxon",
                      "fullTitle": "ICalTools checkDate() Luxon should throw error for invalid Luxon",
                      "timedOut": false,
                      "duration": 1,
                      "state": "passed",
                      "speed": "fast",
                      "pass": true,
                      "fail": false,
                      "pending": false,
                      "context": null,
                      "code": "const date = luxon_1.DateTime.fromISO('foo');\nassert_1.default.throws(() => {\n    (0, tools_1.checkDate)(date, 'foo');\n}, /`foo` has to be a valid date!/);",
                      "err": {},
                      "uuid": "455bd659-dbd1-495b-87ef-199cee581351",
                      "parentUUID": "31fe493a-e78f-4190-851e-cd1e22126951",
                      "isHook": false,
                      "skipped": false
                    }
                  ],
                  "suites": [],
                  "passes": [
                    "4f45f86c-4643-419f-82cf-eff792f82589",
                    "455bd659-dbd1-495b-87ef-199cee581351"
                  ],
                  "failures": [],
                  "pending": [],
                  "skipped": [],
                  "duration": 2,
                  "root": false,
                  "rootEmpty": false,
                  "_timeout": 2000
                },
                {
                  "uuid": "e47207c9-d583-481d-8371-96d36f8ea091",
                  "title": "Moment",
                  "fullFile": "/home/runner/work/ical-generator/ical-generator/test/tools.ts",
                  "file": "/test/tools.ts",
                  "beforeHooks": [],
                  "afterHooks": [],
                  "tests": [
                    {
                      "title": "should work with valid Moment",
                      "fullTitle": "ICalTools checkDate() Moment should work with valid Moment",
                      "timedOut": false,
                      "duration": 0,
                      "state": "passed",
                      "speed": "fast",
                      "pass": true,
                      "fail": false,
                      "pending": false,
                      "context": null,
                      "code": "const date = (0, moment_1.default)();\nassert_1.default.equal((0, tools_1.checkDate)(date, 'foo'), date);",
                      "err": {},
                      "uuid": "76d28fdb-7c27-46bb-a911-bcd396a28468",
                      "parentUUID": "e47207c9-d583-481d-8371-96d36f8ea091",
                      "isHook": false,
                      "skipped": false
                    },
                    {
                      "title": "should throw error for invalid Moment",
                      "fullTitle": "ICalTools checkDate() Moment should throw error for invalid Moment",
                      "timedOut": false,
                      "duration": 9,
                      "state": "passed",
                      "speed": "fast",
                      "pass": true,
                      "fail": false,
                      "pending": false,
                      "context": null,
                      "code": "const date = (0, moment_1.default)('foo');\nassert_1.default.throws(() => {\n    (0, tools_1.checkDate)(date, 'foo');\n}, /`foo` has to be a valid date!/);",
                      "err": {},
                      "uuid": "a23e1093-3842-4164-940a-d46969a095f0",
                      "parentUUID": "e47207c9-d583-481d-8371-96d36f8ea091",
                      "isHook": false,
                      "skipped": false
                    }
                  ],
                  "suites": [],
                  "passes": [
                    "76d28fdb-7c27-46bb-a911-bcd396a28468",
                    "a23e1093-3842-4164-940a-d46969a095f0"
                  ],
                  "failures": [],
                  "pending": [],
                  "skipped": [],
                  "duration": 9,
                  "root": false,
                  "rootEmpty": false,
                  "_timeout": 2000
                },
                {
                  "uuid": "7bc65322-0aec-45a0-a813-99e430706635",
                  "title": "Day.js",
                  "fullFile": "/home/runner/work/ical-generator/ical-generator/test/tools.ts",
                  "file": "/test/tools.ts",
                  "beforeHooks": [],
                  "afterHooks": [],
                  "tests": [
                    {
                      "title": "should work with valid Day.js",
                      "fullTitle": "ICalTools checkDate() Day.js should work with valid Day.js",
                      "timedOut": false,
                      "duration": 0,
                      "state": "passed",
                      "speed": "fast",
                      "pass": true,
                      "fail": false,
                      "pending": false,
                      "context": null,
                      "code": "const date = (0, dayjs_1.default)();\nassert_1.default.equal((0, tools_1.checkDate)(date, 'foo'), date);",
                      "err": {},
                      "uuid": "3d48d8cd-dede-42c8-bb24-9eaec75e6dd6",
                      "parentUUID": "7bc65322-0aec-45a0-a813-99e430706635",
                      "isHook": false,
                      "skipped": false
                    },
                    {
                      "title": "should throw error for invalid Day.js",
                      "fullTitle": "ICalTools checkDate() Day.js should throw error for invalid Day.js",
                      "timedOut": false,
                      "duration": 0,
                      "state": "passed",
                      "speed": "fast",
                      "pass": true,
                      "fail": false,
                      "pending": false,
                      "context": null,
                      "code": "const date = (0, dayjs_1.default)('foo');\nassert_1.default.throws(() => {\n    (0, tools_1.checkDate)(date, 'foo');\n}, /`foo` has to be a valid date!/);",
                      "err": {},
                      "uuid": "d41e1a77-b4c5-4ce3-8ba6-264602648a79",
                      "parentUUID": "7bc65322-0aec-45a0-a813-99e430706635",
                      "isHook": false,
                      "skipped": false
                    }
                  ],
                  "suites": [],
                  "passes": [
                    "3d48d8cd-dede-42c8-bb24-9eaec75e6dd6",
                    "d41e1a77-b4c5-4ce3-8ba6-264602648a79"
                  ],
                  "failures": [],
                  "pending": [],
                  "skipped": [],
                  "duration": 0,
                  "root": false,
                  "rootEmpty": false,
                  "_timeout": 2000
                }
              ],
              "passes": [],
              "failures": [],
              "pending": [],
              "skipped": [],
              "duration": 0,
              "root": false,
              "rootEmpty": false,
              "_timeout": 2000
            },
            {
              "uuid": "96a9c108-dc76-4066-ac6e-7e15bd8b58af",
              "title": "toDate()",
              "fullFile": "/home/runner/work/ical-generator/ical-generator/test/tools.ts",
              "file": "/test/tools.ts",
              "beforeHooks": [],
              "afterHooks": [],
              "tests": [
                {
                  "title": "should work with strings",
                  "fullTitle": "ICalTools toDate() should work with strings",
                  "timedOut": false,
                  "duration": 0,
                  "state": "passed",
                  "speed": "fast",
                  "pass": true,
                  "fail": false,
                  "pending": false,
                  "context": null,
                  "code": "const date = new Date();\nassert_1.default.deepStrictEqual((0, tools_1.toDate)(date.toJSON()), date);",
                  "err": {},
                  "uuid": "39664791-49b3-4e90-881a-3f3d5ee1ac1c",
                  "parentUUID": "96a9c108-dc76-4066-ac6e-7e15bd8b58af",
                  "isHook": false,
                  "skipped": false
                },
                {
                  "title": "should work with native Date",
                  "fullTitle": "ICalTools toDate() should work with native Date",
                  "timedOut": false,
                  "duration": 0,
                  "state": "passed",
                  "speed": "fast",
                  "pass": true,
                  "fail": false,
                  "pending": false,
                  "context": null,
                  "code": "const date = new Date();\nassert_1.default.deepStrictEqual((0, tools_1.toDate)(date), date);",
                  "err": {},
                  "uuid": "c936593c-117d-4043-a270-4e7025c9a983",
                  "parentUUID": "96a9c108-dc76-4066-ac6e-7e15bd8b58af",
                  "isHook": false,
                  "skipped": false
                },
                {
                  "title": "should work with moment object",
                  "fullTitle": "ICalTools toDate() should work with moment object",
                  "timedOut": false,
                  "duration": 0,
                  "state": "passed",
                  "speed": "fast",
                  "pass": true,
                  "fail": false,
                  "pending": false,
                  "context": null,
                  "code": "const date = new Date();\nassert_1.default.deepStrictEqual((0, tools_1.toDate)((0, moment_1.default)(date)), date);",
                  "err": {},
                  "uuid": "e5a509d5-2b9b-4acc-8b11-a20efb20aa55",
                  "parentUUID": "96a9c108-dc76-4066-ac6e-7e15bd8b58af",
                  "isHook": false,
                  "skipped": false
                },
                {
                  "title": "should work with moment-timezone object",
                  "fullTitle": "ICalTools toDate() should work with moment-timezone object",
                  "timedOut": false,
                  "duration": 0,
                  "state": "passed",
                  "speed": "fast",
                  "pass": true,
                  "fail": false,
                  "pending": false,
                  "context": null,
                  "code": "const date = new Date();\nassert_1.default.deepStrictEqual((0, tools_1.toDate)((0, moment_timezone_1.default)(date)), date);",
                  "err": {},
                  "uuid": "b0c1c6ad-42c3-46dd-8389-0d40e82f3cf1",
                  "parentUUID": "96a9c108-dc76-4066-ac6e-7e15bd8b58af",
                  "isHook": false,
                  "skipped": false
                },
                {
                  "title": "should work with Day.js object",
                  "fullTitle": "ICalTools toDate() should work with Day.js object",
                  "timedOut": false,
                  "duration": 1,
                  "state": "passed",
                  "speed": "fast",
                  "pass": true,
                  "fail": false,
                  "pending": false,
                  "context": null,
                  "code": "const date = new Date();\nassert_1.default.deepStrictEqual((0, tools_1.toDate)((0, dayjs_1.default)(date)), date);",
                  "err": {},
                  "uuid": "e2d7e1f0-7f81-4496-9132-a0b3d4bf1296",
                  "parentUUID": "96a9c108-dc76-4066-ac6e-7e15bd8b58af",
                  "isHook": false,
                  "skipped": false
                },
                {
                  "title": "should work with luxon DateTime object",
                  "fullTitle": "ICalTools toDate() should work with luxon DateTime object",
                  "timedOut": false,
                  "duration": 0,
                  "state": "passed",
                  "speed": "fast",
                  "pass": true,
                  "fail": false,
                  "pending": false,
                  "context": null,
                  "code": "const date = new Date();\nassert_1.default.deepStrictEqual((0, tools_1.toDate)(luxon_1.DateTime.fromJSDate(date)), date);",
                  "err": {},
                  "uuid": "107ac44c-2965-4dac-b52f-fb82b2da3472",
                  "parentUUID": "96a9c108-dc76-4066-ac6e-7e15bd8b58af",
                  "isHook": false,
                  "skipped": false
                }
              ],
              "suites": [],
              "passes": [
                "39664791-49b3-4e90-881a-3f3d5ee1ac1c",
                "c936593c-117d-4043-a270-4e7025c9a983",
                "e5a509d5-2b9b-4acc-8b11-a20efb20aa55",
                "b0c1c6ad-42c3-46dd-8389-0d40e82f3cf1",
                "e2d7e1f0-7f81-4496-9132-a0b3d4bf1296",
                "107ac44c-2965-4dac-b52f-fb82b2da3472"
              ],
              "failures": [],
              "pending": [],
              "skipped": [],
              "duration": 1,
              "root": false,
              "rootEmpty": false,
              "_timeout": 2000
            }
          ],
          "passes": [],
          "failures": [],
          "pending": [],
          "skipped": [],
          "duration": 0,
          "root": false,
          "rootEmpty": false,
          "_timeout": 2000
        }
      ],
      "passes": [],
      "failures": [],
      "pending": [],
      "skipped": [],
      "duration": 0,
      "root": true,
      "rootEmpty": true,
      "_timeout": 2000
    }
  ],
  "meta": {
    "mocha": {
      "version": "10.2.0"
    },
    "mochawesome": {
      "options": {
        "quiet": false,
        "reportFilename": "mochawesome",
        "saveHtml": true,
        "saveJson": true,
        "consoleReporter": "spec",
        "useInlineDiffs": false,
        "code": true
      },
      "version": "7.1.3"
    },
    "marge": {
      "options": null,
      "version": "6.2.0"
    }
  }
}