{
  "stats": {
    "suites": 130,
    "tests": 445,
    "passes": 443,
    "pending": 2,
    "failures": 0,
    "start": "2024-08-13T08:30:50.911Z",
    "end": "2024-08-13T08:30:51.071Z",
    "duration": 160,
    "testsRegistered": 445,
    "passPercent": 100,
    "pendingPercent": 0.44943820224719105,
    "other": 0,
    "hasOther": false,
    "skipped": 0,
    "hasSkipped": false
  },
  "results": [
    {
      "uuid": "a9b2b5c7-0793-4659-b182-092447dd5552",
      "title": "",
      "fullFile": "",
      "file": "",
      "beforeHooks": [],
      "afterHooks": [],
      "tests": [],
      "suites": [
        {
          "uuid": "248e8b30-6d18-405e-9c58-d1248595f9de",
          "title": "ical-generator Alarm",
          "fullFile": "/home/runner/work/ical-generator/ical-generator/test/alarm.ts",
          "file": "/test/alarm.ts",
          "beforeHooks": [],
          "afterHooks": [],
          "tests": [],
          "suites": [
            {
              "uuid": "843444f2-b900-41da-9f59-60384d60512d",
              "title": "constructor()",
              "fullFile": "/home/runner/work/ical-generator/ical-generator/test/alarm.ts",
              "file": "/test/alarm.ts",
              "beforeHooks": [],
              "afterHooks": [],
              "tests": [
                {
                  "title": "shouldn't work without event reference",
                  "fullTitle": "ical-generator Alarm constructor() shouldn't work without event reference",
                  "timedOut": false,
                  "duration": 1,
                  "state": "passed",
                  "speed": "fast",
                  "pass": true,
                  "fail": false,
                  "pending": false,
                  "context": null,
                  "code": "assert.throws(function () {\n    // @ts-ignore\n    new ICalAlarm({ type: ICalAlarmType.display }, null);\n}, /`event`/);",
                  "err": {},
                  "uuid": "722b8678-9be4-447b-8bdb-3e994f36f4ae",
                  "parentUUID": "843444f2-b900-41da-9f59-60384d60512d",
                  "isHook": false,
                  "skipped": false
                },
                {
                  "title": "should ignore unknown data attributes",
                  "fullTitle": "ical-generator Alarm constructor() should ignore unknown data attributes",
                  "timedOut": false,
                  "duration": 1,
                  "state": "passed",
                  "speed": "fast",
                  "pass": true,
                  "fail": false,
                  "pending": false,
                  "context": null,
                  "code": "const a = new ICalAlarm({\n    // @ts-ignore\n    unknown: true,\n    type: ICalAlarmType.display\n}, new ICalEvent({\n    start: new Date()\n}, new ICalCalendar()));\nassert.strictEqual(a.type(), 'display');",
                  "err": {},
                  "uuid": "ee7b7d62-2ded-460f-ac9f-9f5183edbb8a",
                  "parentUUID": "843444f2-b900-41da-9f59-60384d60512d",
                  "isHook": false,
                  "skipped": false
                }
              ],
              "suites": [],
              "passes": [
                "722b8678-9be4-447b-8bdb-3e994f36f4ae",
                "ee7b7d62-2ded-460f-ac9f-9f5183edbb8a"
              ],
              "failures": [],
              "pending": [],
              "skipped": [],
              "duration": 2,
              "root": false,
              "rootEmpty": false,
              "_timeout": 2000
            },
            {
              "uuid": "79e66357-d04a-4a40-80c6-b730c34686aa",
              "title": "type()",
              "fullFile": "/home/runner/work/ical-generator/ical-generator/test/alarm.ts",
              "file": "/test/alarm.ts",
              "beforeHooks": [],
              "afterHooks": [],
              "tests": [
                {
                  "title": "setter should return this",
                  "fullTitle": "ical-generator Alarm type() setter should return this",
                  "timedOut": false,
                  "duration": 1,
                  "state": "passed",
                  "speed": "fast",
                  "pass": true,
                  "fail": false,
                  "pending": false,
                  "context": null,
                  "code": "const a = new ICalAlarm({}, new ICalEvent({\n    start: new Date()\n}, new ICalCalendar()));\nassert.deepStrictEqual(a, a.type(ICalAlarmType.display));",
                  "err": {},
                  "uuid": "89a0dea7-36c2-44a9-9357-2d0015e51be1",
                  "parentUUID": "79e66357-d04a-4a40-80c6-b730c34686aa",
                  "isHook": false,
                  "skipped": false
                },
                {
                  "title": "getter should return value",
                  "fullTitle": "ical-generator Alarm type() getter should return value",
                  "timedOut": false,
                  "duration": 0,
                  "state": "passed",
                  "speed": "fast",
                  "pass": true,
                  "fail": false,
                  "pending": false,
                  "context": null,
                  "code": "const a = new ICalAlarm({}, new ICalEvent({\n    start: new Date()\n}, new ICalCalendar()));\nassert.strictEqual(a.type(), 'display');\na.type(ICalAlarmType.audio);\nassert.strictEqual(a.type(), 'audio');",
                  "err": {},
                  "uuid": "e649ea9f-1094-4c75-a685-43796843a9b3",
                  "parentUUID": "79e66357-d04a-4a40-80c6-b730c34686aa",
                  "isHook": false,
                  "skipped": false
                },
                {
                  "title": "should throw error when type not allowed",
                  "fullTitle": "ical-generator Alarm type() should throw error when type not allowed",
                  "timedOut": false,
                  "duration": 0,
                  "state": "passed",
                  "speed": "fast",
                  "pass": true,
                  "fail": false,
                  "pending": false,
                  "context": null,
                  "code": "const a = new ICalAlarm({}, new ICalEvent({\n    start: new Date()\n}, new ICalCalendar()));\nassert.throws(function () {\n    // @ts-ignore\n    a.type('BANANA');\n}, /`type`/);\nassert.throws(function () {\n    // @ts-ignore\n    a.type(null);\n}, /`type`/);",
                  "err": {},
                  "uuid": "cf8f5186-c2c6-4912-bd4d-4df2bcd68fb0",
                  "parentUUID": "79e66357-d04a-4a40-80c6-b730c34686aa",
                  "isHook": false,
                  "skipped": false
                },
                {
                  "title": "should change something",
                  "fullTitle": "ical-generator Alarm type() should change something",
                  "timedOut": false,
                  "duration": 0,
                  "state": "passed",
                  "speed": "fast",
                  "pass": true,
                  "fail": false,
                  "pending": false,
                  "context": null,
                  "code": "const a = new ICalAlarm({}, new ICalEvent({ start: new Date() }, new ICalCalendar()));\nassert.ok(a.toString().indexOf('ACTION:DISPLAY') > -1);",
                  "err": {},
                  "uuid": "89295bdc-b898-4c86-8ff7-56c46f72a0d9",
                  "parentUUID": "79e66357-d04a-4a40-80c6-b730c34686aa",
                  "isHook": false,
                  "skipped": false
                }
              ],
              "suites": [],
              "passes": [
                "89a0dea7-36c2-44a9-9357-2d0015e51be1",
                "e649ea9f-1094-4c75-a685-43796843a9b3",
                "cf8f5186-c2c6-4912-bd4d-4df2bcd68fb0",
                "89295bdc-b898-4c86-8ff7-56c46f72a0d9"
              ],
              "failures": [],
              "pending": [],
              "skipped": [],
              "duration": 1,
              "root": false,
              "rootEmpty": false,
              "_timeout": 2000
            },
            {
              "uuid": "bef8db3e-244b-426d-a2a8-ae449832a707",
              "title": "trigger()",
              "fullFile": "/home/runner/work/ical-generator/ical-generator/test/alarm.ts",
              "file": "/test/alarm.ts",
              "beforeHooks": [],
              "afterHooks": [],
              "tests": [
                {
                  "title": "setter should return this",
                  "fullTitle": "ical-generator Alarm trigger() setter should return this",
                  "timedOut": false,
                  "duration": 0,
                  "state": "passed",
                  "speed": "fast",
                  "pass": true,
                  "fail": false,
                  "pending": false,
                  "context": null,
                  "code": "const a = new ICalAlarm({}, new ICalEvent({ start: new Date() }, new ICalCalendar()));\nassert.deepStrictEqual(a, a.trigger(60 * 10));",
                  "err": {},
                  "uuid": "c364a472-0d64-4cf3-8f17-cdad77ca02c9",
                  "parentUUID": "bef8db3e-244b-426d-a2a8-ae449832a707",
                  "isHook": false,
                  "skipped": false
                },
                {
                  "title": "getter should return value",
                  "fullTitle": "ical-generator Alarm trigger() getter should return value",
                  "timedOut": false,
                  "duration": 0,
                  "state": "passed",
                  "speed": "fast",
                  "pass": true,
                  "fail": false,
                  "pending": false,
                  "context": null,
                  "code": "const a = new ICalAlarm({}, new ICalEvent({ start: new Date() }, new ICalCalendar()));\nconst now = new Date();\nassert.strictEqual(a.trigger(), 600);\nassert.strictEqual(a.triggerAfter(), -600);\na.trigger(300);\nassert.strictEqual(a.trigger(), 300);\nassert.strictEqual(a.triggerAfter(), -300);\n// Date\na.trigger(now);\nconst dateResult = a.trigger();\nassert.deepStrictEqual(dateResult, now);",
                  "err": {},
                  "uuid": "30f9aa13-0583-467c-aa48-2b7dc44a1f2f",
                  "parentUUID": "bef8db3e-244b-426d-a2a8-ae449832a707",
                  "isHook": false,
                  "skipped": false
                },
                {
                  "title": "should throw error when trigger not allowed",
                  "fullTitle": "ical-generator Alarm trigger() should throw error when trigger not allowed",
                  "timedOut": false,
                  "duration": 0,
                  "state": "passed",
                  "speed": "fast",
                  "pass": true,
                  "fail": false,
                  "pending": false,
                  "context": null,
                  "code": "const a = new ICalAlarm({}, new ICalEvent({ start: new Date() }, new ICalCalendar()));\nassert.throws(function () {\n    a.trigger(Infinity);\n}, /`trigger`/);\nassert.throws(function () {\n    // @ts-ignore\n    a.trigger('hi');\n}, /`trigger`/);\nassert.throws(function () {\n    // @ts-ignore\n    a.trigger(true);\n}, /`trigger`/);",
                  "err": {},
                  "uuid": "674266d1-4fe5-4007-8ae8-ee6d6fc9d2e6",
                  "parentUUID": "bef8db3e-244b-426d-a2a8-ae449832a707",
                  "isHook": false,
                  "skipped": false
                },
                {
                  "title": "setter should work with date",
                  "fullTitle": "ical-generator Alarm trigger() setter should work with date",
                  "timedOut": false,
                  "duration": 0,
                  "state": "passed",
                  "speed": "fast",
                  "pass": true,
                  "fail": false,
                  "pending": false,
                  "context": null,
                  "code": "const a = new ICalAlarm({}, new ICalEvent({ start: new Date() }, new ICalCalendar()));\na.trigger(new Date());\nassert.ok(a.trigger() instanceof Date);",
                  "err": {},
                  "uuid": "dba4c2fc-61b6-42cc-8483-1ee1f254b8c4",
                  "parentUUID": "bef8db3e-244b-426d-a2a8-ae449832a707",
                  "isHook": false,
                  "skipped": false
                },
                {
                  "title": "setter should work with moment instance",
                  "fullTitle": "ical-generator Alarm trigger() setter should work with moment instance",
                  "timedOut": false,
                  "duration": 0,
                  "state": "passed",
                  "speed": "fast",
                  "pass": true,
                  "fail": false,
                  "pending": false,
                  "context": null,
                  "code": "const a = new ICalAlarm({}, new ICalEvent({ start: new Date() }, new ICalCalendar()));\na.trigger(moment());\nassert.ok(moment.isMoment(a.trigger()));",
                  "err": {},
                  "uuid": "2f758c1d-3ae3-48f6-a7f5-ae95bd91245c",
                  "parentUUID": "bef8db3e-244b-426d-a2a8-ae449832a707",
                  "isHook": false,
                  "skipped": false
                },
                {
                  "title": "setter should work with number",
                  "fullTitle": "ical-generator Alarm trigger() setter should work with number",
                  "timedOut": false,
                  "duration": 0,
                  "state": "passed",
                  "speed": "fast",
                  "pass": true,
                  "fail": false,
                  "pending": false,
                  "context": null,
                  "code": "const a = new ICalAlarm({}, new ICalEvent({ start: new Date() }, new ICalCalendar()));\na.trigger(2 * 60);\nassert.strictEqual(a.trigger(), 120);",
                  "err": {},
                  "uuid": "1ac4c00c-5932-4f4d-bfd2-4bf46f378cdc",
                  "parentUUID": "bef8db3e-244b-426d-a2a8-ae449832a707",
                  "isHook": false,
                  "skipped": false
                },
                {
                  "title": "should change something",
                  "fullTitle": "ical-generator Alarm trigger() should change something",
                  "timedOut": false,
                  "duration": 2,
                  "state": "passed",
                  "speed": "fast",
                  "pass": true,
                  "fail": false,
                  "pending": false,
                  "context": null,
                  "code": "const trigger = moment('2015-02-01T13:38:45.000Z');\nconst a = new ICalAlarm({}, new ICalEvent({ start: new Date() }, new ICalCalendar()));\nassert.ok(a.toString().includes('TRIGGER:-PT10M'));\na.trigger(trigger);\nassert.ok(a.toString().includes('TRIGGER;VALUE=DATE-TIME:20150201T133845Z'));",
                  "err": {},
                  "uuid": "1dbd7530-2e58-44b3-ade4-09a98bf70a38",
                  "parentUUID": "bef8db3e-244b-426d-a2a8-ae449832a707",
                  "isHook": false,
                  "skipped": false
                }
              ],
              "suites": [],
              "passes": [
                "c364a472-0d64-4cf3-8f17-cdad77ca02c9",
                "30f9aa13-0583-467c-aa48-2b7dc44a1f2f",
                "674266d1-4fe5-4007-8ae8-ee6d6fc9d2e6",
                "dba4c2fc-61b6-42cc-8483-1ee1f254b8c4",
                "2f758c1d-3ae3-48f6-a7f5-ae95bd91245c",
                "1ac4c00c-5932-4f4d-bfd2-4bf46f378cdc",
                "1dbd7530-2e58-44b3-ade4-09a98bf70a38"
              ],
              "failures": [],
              "pending": [],
              "skipped": [],
              "duration": 2,
              "root": false,
              "rootEmpty": false,
              "_timeout": 2000
            },
            {
              "uuid": "351c51f7-4c2f-4c9b-b5de-78353650f2cd",
              "title": "triggerAfter()",
              "fullFile": "/home/runner/work/ical-generator/ical-generator/test/alarm.ts",
              "file": "/test/alarm.ts",
              "beforeHooks": [],
              "afterHooks": [],
              "tests": [
                {
                  "title": "setter should return this",
                  "fullTitle": "ical-generator Alarm triggerAfter() setter should return this",
                  "timedOut": false,
                  "duration": 0,
                  "state": "passed",
                  "speed": "fast",
                  "pass": true,
                  "fail": false,
                  "pending": false,
                  "context": null,
                  "code": "const a = new ICalAlarm({}, new ICalEvent({ start: new Date() }, new ICalCalendar()));\nassert.deepStrictEqual(a, a.triggerAfter(60 * 10));",
                  "err": {},
                  "uuid": "60012f23-79ee-4c62-870f-7b28faf7d651",
                  "parentUUID": "351c51f7-4c2f-4c9b-b5de-78353650f2cd",
                  "isHook": false,
                  "skipped": false
                },
                {
                  "title": "getter should return value",
                  "fullTitle": "ical-generator Alarm triggerAfter() getter should return value",
                  "timedOut": false,
                  "duration": 1,
                  "state": "passed",
                  "speed": "fast",
                  "pass": true,
                  "fail": false,
                  "pending": false,
                  "context": null,
                  "code": "const a = new ICalAlarm({}, new ICalEvent({ start: new Date() }, new ICalCalendar())).triggerAfter(300);\nassert.strictEqual(a.triggerAfter(), 300);\nassert.strictEqual(a.trigger(), -300);",
                  "err": {},
                  "uuid": "607769ba-4173-41c3-825e-6a2dedaa9efd",
                  "parentUUID": "351c51f7-4c2f-4c9b-b5de-78353650f2cd",
                  "isHook": false,
                  "skipped": false
                },
                {
                  "title": "setter should work with number",
                  "fullTitle": "ical-generator Alarm triggerAfter() setter should work with number",
                  "timedOut": false,
                  "duration": 0,
                  "state": "passed",
                  "speed": "fast",
                  "pass": true,
                  "fail": false,
                  "pending": false,
                  "context": null,
                  "code": "const a = new ICalAlarm({}, new ICalEvent({ start: new Date() }, new ICalCalendar()));\na.triggerAfter(120);\nassert.strictEqual(a.trigger(), -120);",
                  "err": {},
                  "uuid": "e33c734b-ee0a-4c48-b064-61de4a0bdd88",
                  "parentUUID": "351c51f7-4c2f-4c9b-b5de-78353650f2cd",
                  "isHook": false,
                  "skipped": false
                },
                {
                  "title": "setter should throw error when trigger not allowed",
                  "fullTitle": "ical-generator Alarm triggerAfter() setter should throw error when trigger not allowed",
                  "timedOut": false,
                  "duration": 0,
                  "state": "passed",
                  "speed": "fast",
                  "pass": true,
                  "fail": false,
                  "pending": false,
                  "context": null,
                  "code": "const a = new ICalAlarm({}, new ICalEvent({ start: new Date() }, new ICalCalendar()));\nassert.throws(function () {\n    a.triggerAfter(Infinity);\n}, /`trigger`/);\nassert.throws(function () {\n    // @ts-ignore\n    a.triggerAfter('hi');\n}, /`trigger`/);\nassert.throws(function () {\n    // @ts-ignore\n    a.triggerAfter(true);\n}, /`trigger`/);",
                  "err": {},
                  "uuid": "880a3180-53ad-4eae-82b3-8259021d3f35",
                  "parentUUID": "351c51f7-4c2f-4c9b-b5de-78353650f2cd",
                  "isHook": false,
                  "skipped": false
                },
                {
                  "title": "should change something",
                  "fullTitle": "ical-generator Alarm triggerAfter() should change something",
                  "timedOut": false,
                  "duration": 1,
                  "state": "passed",
                  "speed": "fast",
                  "pass": true,
                  "fail": false,
                  "pending": false,
                  "context": null,
                  "code": "const trigger = moment('20150201T133845Z');\nconst a = new ICalAlarm({ triggerAfter: 600 }, new ICalEvent({ start: new Date() }, new ICalCalendar()));\nassert.ok(a.toString().indexOf('TRIGGER;RELATED=END:PT10M') > -1);\na.triggerAfter(trigger);\nassert.ok(a.toString().indexOf('TRIGGER;VALUE=DATE-TIME:20150201T133845Z') > -1);",
                  "err": {},
                  "uuid": "fc73e5c4-fc5f-4cb0-a642-fdf49ac5008b",
                  "parentUUID": "351c51f7-4c2f-4c9b-b5de-78353650f2cd",
                  "isHook": false,
                  "skipped": false
                }
              ],
              "suites": [],
              "passes": [
                "60012f23-79ee-4c62-870f-7b28faf7d651",
                "607769ba-4173-41c3-825e-6a2dedaa9efd",
                "e33c734b-ee0a-4c48-b064-61de4a0bdd88",
                "880a3180-53ad-4eae-82b3-8259021d3f35",
                "fc73e5c4-fc5f-4cb0-a642-fdf49ac5008b"
              ],
              "failures": [],
              "pending": [],
              "skipped": [],
              "duration": 2,
              "root": false,
              "rootEmpty": false,
              "_timeout": 2000
            },
            {
              "uuid": "45927961-5418-48c2-b500-ad90e979a683",
              "title": "triggerBefore()",
              "fullFile": "/home/runner/work/ical-generator/ical-generator/test/alarm.ts",
              "file": "/test/alarm.ts",
              "beforeHooks": [],
              "afterHooks": [],
              "tests": [
                {
                  "title": "setter should return this",
                  "fullTitle": "ical-generator Alarm triggerBefore() setter should return this",
                  "timedOut": false,
                  "duration": 1,
                  "state": "passed",
                  "speed": "fast",
                  "pass": true,
                  "fail": false,
                  "pending": false,
                  "context": null,
                  "code": "const a = new ICalAlarm({}, new ICalEvent({ start: new Date() }, new ICalCalendar()));\nassert.deepStrictEqual(a, a.triggerBefore(60 * 10));",
                  "err": {},
                  "uuid": "a0455cd4-3154-4342-80ed-98c776f487d4",
                  "parentUUID": "45927961-5418-48c2-b500-ad90e979a683",
                  "isHook": false,
                  "skipped": false
                },
                {
                  "title": "getter should return value",
                  "fullTitle": "ical-generator Alarm triggerBefore() getter should return value",
                  "timedOut": false,
                  "duration": 0,
                  "state": "passed",
                  "speed": "fast",
                  "pass": true,
                  "fail": false,
                  "pending": false,
                  "context": null,
                  "code": "const a = new ICalAlarm({}, new ICalEvent({ start: new Date() }, new ICalCalendar()));\nconst now = new Date();\nassert.strictEqual(a.triggerBefore(), 600);\na.trigger(300);\nassert.strictEqual(a.triggerBefore(), 300);\n// Date\na.trigger(now);\nconst dateResult = a.triggerBefore();\nassert.deepStrictEqual(dateResult, now);",
                  "err": {},
                  "uuid": "2e197f93-d2e1-4dc3-93c4-99fb6a7fae12",
                  "parentUUID": "45927961-5418-48c2-b500-ad90e979a683",
                  "isHook": false,
                  "skipped": false
                },
                {
                  "title": "should throw error when trigger not allowed",
                  "fullTitle": "ical-generator Alarm triggerBefore() should throw error when trigger not allowed",
                  "timedOut": false,
                  "duration": 0,
                  "state": "passed",
                  "speed": "fast",
                  "pass": true,
                  "fail": false,
                  "pending": false,
                  "context": null,
                  "code": "const a = new ICalAlarm({}, new ICalEvent({ start: new Date() }, new ICalCalendar()));\nassert.throws(function () {\n    a.triggerBefore(Infinity);\n}, /`trigger`/);\nassert.throws(function () {\n    // @ts-ignore\n    a.triggerBefore('hi');\n}, /`trigger`/);\nassert.throws(function () {\n    // @ts-ignore\n    a.triggerBefore(true);\n}, /`trigger`/);",
                  "err": {},
                  "uuid": "5afdda94-1815-49d5-a561-026337a81e38",
                  "parentUUID": "45927961-5418-48c2-b500-ad90e979a683",
                  "isHook": false,
                  "skipped": false
                },
                {
                  "title": "setter should work with date",
                  "fullTitle": "ical-generator Alarm triggerBefore() setter should work with date",
                  "timedOut": false,
                  "duration": 0,
                  "state": "passed",
                  "speed": "fast",
                  "pass": true,
                  "fail": false,
                  "pending": false,
                  "context": null,
                  "code": "const a = new ICalAlarm({}, new ICalEvent({ start: new Date() }, new ICalCalendar()));\nconst now = new Date();\na.triggerBefore(now);\nassert.deepStrictEqual(a.trigger(), now);",
                  "err": {},
                  "uuid": "697854a2-4da0-47bd-9d37-aaf51c17628a",
                  "parentUUID": "45927961-5418-48c2-b500-ad90e979a683",
                  "isHook": false,
                  "skipped": false
                },
                {
                  "title": "setter should work with moment instance",
                  "fullTitle": "ical-generator Alarm triggerBefore() setter should work with moment instance",
                  "timedOut": false,
                  "duration": 0,
                  "state": "passed",
                  "speed": "fast",
                  "pass": true,
                  "fail": false,
                  "pending": false,
                  "context": null,
                  "code": "const a = new ICalAlarm({ triggerBefore: moment() }, new ICalEvent({ start: new Date() }, new ICalCalendar()));\nassert.ok(moment.isMoment(a.trigger()));",
                  "err": {},
                  "uuid": "730130fb-a03e-4da0-b1cb-e4ace4a445c1",
                  "parentUUID": "45927961-5418-48c2-b500-ad90e979a683",
                  "isHook": false,
                  "skipped": false
                },
                {
                  "title": "setter should work with number",
                  "fullTitle": "ical-generator Alarm triggerBefore() setter should work with number",
                  "timedOut": false,
                  "duration": 0,
                  "state": "passed",
                  "speed": "fast",
                  "pass": true,
                  "fail": false,
                  "pending": false,
                  "context": null,
                  "code": "const a = new ICalAlarm({}, new ICalEvent({ start: new Date() }, new ICalCalendar()));\na.triggerBefore(2 * 60);\nassert.strictEqual(a.trigger(), 120);",
                  "err": {},
                  "uuid": "e97dcc80-8f6d-4079-8b0a-b6a0df187395",
                  "parentUUID": "45927961-5418-48c2-b500-ad90e979a683",
                  "isHook": false,
                  "skipped": false
                },
                {
                  "title": "should change something",
                  "fullTitle": "ical-generator Alarm triggerBefore() should change something",
                  "timedOut": false,
                  "duration": 1,
                  "state": "passed",
                  "speed": "fast",
                  "pass": true,
                  "fail": false,
                  "pending": false,
                  "context": null,
                  "code": "const trigger = moment('2015-02-01T13:38:45.000Z');\nconst a = new ICalAlarm({}, new ICalEvent({ start: new Date() }, new ICalCalendar()));\nassert.ok(a.toString().indexOf('TRIGGER:-PT10M') > -1);\na.triggerBefore(trigger);\nassert.ok(a.toString().indexOf('TRIGGER;VALUE=DATE-TIME:20150201T133845Z') > -1);",
                  "err": {},
                  "uuid": "d8193dff-8a6f-43cc-b7e5-c5c37eadab97",
                  "parentUUID": "45927961-5418-48c2-b500-ad90e979a683",
                  "isHook": false,
                  "skipped": false
                }
              ],
              "suites": [],
              "passes": [
                "a0455cd4-3154-4342-80ed-98c776f487d4",
                "2e197f93-d2e1-4dc3-93c4-99fb6a7fae12",
                "5afdda94-1815-49d5-a561-026337a81e38",
                "697854a2-4da0-47bd-9d37-aaf51c17628a",
                "730130fb-a03e-4da0-b1cb-e4ace4a445c1",
                "e97dcc80-8f6d-4079-8b0a-b6a0df187395",
                "d8193dff-8a6f-43cc-b7e5-c5c37eadab97"
              ],
              "failures": [],
              "pending": [],
              "skipped": [],
              "duration": 2,
              "root": false,
              "rootEmpty": false,
              "_timeout": 2000
            },
            {
              "uuid": "44c33e8e-689a-4d52-b161-662797aceeaa",
              "title": "relatesTo()",
              "fullFile": "/home/runner/work/ical-generator/ical-generator/test/alarm.ts",
              "file": "/test/alarm.ts",
              "beforeHooks": [],
              "afterHooks": [],
              "tests": [
                {
                  "title": "setter should return this",
                  "fullTitle": "ical-generator Alarm relatesTo() setter should return this",
                  "timedOut": false,
                  "duration": 0,
                  "state": "passed",
                  "speed": "fast",
                  "pass": true,
                  "fail": false,
                  "pending": false,
                  "context": null,
                  "code": "const a = new ICalAlarm({}, new ICalEvent({ start: new Date() }, new ICalCalendar()));\nassert.deepStrictEqual(a, a.relatesTo(null));\nassert.deepStrictEqual(a, a.relatesTo(ICalAlarmRelatesTo.end));",
                  "err": {},
                  "uuid": "c8fcf032-12c6-45c8-bc34-5de2549f76aa",
                  "parentUUID": "44c33e8e-689a-4d52-b161-662797aceeaa",
                  "isHook": false,
                  "skipped": false
                },
                {
                  "title": "getter should return value",
                  "fullTitle": "ical-generator Alarm relatesTo() getter should return value",
                  "timedOut": false,
                  "duration": 0,
                  "state": "passed",
                  "speed": "fast",
                  "pass": true,
                  "fail": false,
                  "pending": false,
                  "context": null,
                  "code": "const a = new ICalAlarm({}, new ICalEvent({ start: new Date() }, new ICalCalendar()));\na.relatesTo(ICalAlarmRelatesTo.end);\nassert.strictEqual(a.relatesTo(), ICalAlarmRelatesTo.end);\na.relatesTo(null);\nassert.strictEqual(a.relatesTo(), null);",
                  "err": {},
                  "uuid": "76758497-7997-465f-9dcf-3fa1a4e04c00",
                  "parentUUID": "44c33e8e-689a-4d52-b161-662797aceeaa",
                  "isHook": false,
                  "skipped": false
                },
                {
                  "title": "should throw if value is not `null`, \"START\" or \"END\"",
                  "fullTitle": "ical-generator Alarm relatesTo() should throw if value is not `null`, \"START\" or \"END\"",
                  "timedOut": false,
                  "duration": 0,
                  "state": "passed",
                  "speed": "fast",
                  "pass": true,
                  "fail": false,
                  "pending": false,
                  "context": null,
                  "code": "const a = new ICalAlarm({}, new ICalEvent({ start: new Date() }, new ICalCalendar()));\nassert.throws(function () {\n    // @ts-ignore\n    a.relatesTo('hi');\n}, /`relatesTo`/);\nassert.throws(function () {\n    // @ts-ignore\n    a.relatesTo(true);\n}, /`relatesTo`/);\nassert.throws(function () {\n    // @ts-ignore\n    a.relatesTo(Infinity);\n}, /`relatesTo`/);",
                  "err": {},
                  "uuid": "9d829bf6-d45a-453e-bf57-364ea671e750",
                  "parentUUID": "44c33e8e-689a-4d52-b161-662797aceeaa",
                  "isHook": false,
                  "skipped": false
                },
                {
                  "title": "should change RELATED",
                  "fullTitle": "ical-generator Alarm relatesTo() should change RELATED",
                  "timedOut": false,
                  "duration": 0,
                  "state": "passed",
                  "speed": "fast",
                  "pass": true,
                  "fail": false,
                  "pending": false,
                  "context": null,
                  "code": "const a = new ICalAlarm({}, new ICalEvent({ start: new Date() }, new ICalCalendar()));\nassert.ok(a.toString().indexOf('RELATED=START') === -1);\na.relatesTo(ICalAlarmRelatesTo.start);\nassert.ok(a.toString().indexOf('RELATED=START') > -1);\na.relatesTo(ICalAlarmRelatesTo.end);\nassert.ok(a.toString().indexOf('RELATED=END') > -1);",
                  "err": {},
                  "uuid": "7ceabdc6-1abd-4eae-8146-40d78b3aa686",
                  "parentUUID": "44c33e8e-689a-4d52-b161-662797aceeaa",
                  "isHook": false,
                  "skipped": false
                }
              ],
              "suites": [],
              "passes": [
                "c8fcf032-12c6-45c8-bc34-5de2549f76aa",
                "76758497-7997-465f-9dcf-3fa1a4e04c00",
                "9d829bf6-d45a-453e-bf57-364ea671e750",
                "7ceabdc6-1abd-4eae-8146-40d78b3aa686"
              ],
              "failures": [],
              "pending": [],
              "skipped": [],
              "duration": 0,
              "root": false,
              "rootEmpty": false,
              "_timeout": 2000
            },
            {
              "uuid": "133fd6f3-36ee-40a2-86bf-01ee0081299e",
              "title": "repeat()",
              "fullFile": "/home/runner/work/ical-generator/ical-generator/test/alarm.ts",
              "file": "/test/alarm.ts",
              "beforeHooks": [],
              "afterHooks": [],
              "tests": [
                {
                  "title": "setter should return this",
                  "fullTitle": "ical-generator Alarm repeat() setter should return this",
                  "timedOut": false,
                  "duration": 0,
                  "state": "passed",
                  "speed": "fast",
                  "pass": true,
                  "fail": false,
                  "pending": false,
                  "context": null,
                  "code": "const a = new ICalAlarm({}, new ICalEvent({ start: new Date() }, new ICalCalendar()));\nassert.deepStrictEqual(a, a.repeat({\n    times: 4,\n    interval: 60\n}));",
                  "err": {},
                  "uuid": "48740cf6-aae3-4780-9a01-1f5e521bf811",
                  "parentUUID": "133fd6f3-36ee-40a2-86bf-01ee0081299e",
                  "isHook": false,
                  "skipped": false
                },
                {
                  "title": "getter should return value",
                  "fullTitle": "ical-generator Alarm repeat() getter should return value",
                  "timedOut": false,
                  "duration": 1,
                  "state": "passed",
                  "speed": "fast",
                  "pass": true,
                  "fail": false,
                  "pending": false,
                  "context": null,
                  "code": "const a = new ICalAlarm({}, new ICalEvent({ start: new Date() }, new ICalCalendar()));\nassert.strictEqual(a.repeat(), null);\na.repeat({ times: 4, interval: 60 });\nassert.deepStrictEqual(a.repeat(), { times: 4, interval: 60 });",
                  "err": {},
                  "uuid": "63b646eb-d7b2-4a5d-8f92-256ec0f82c26",
                  "parentUUID": "133fd6f3-36ee-40a2-86bf-01ee0081299e",
                  "isHook": false,
                  "skipped": false
                },
                {
                  "title": "should throw error if repeat not allowed",
                  "fullTitle": "ical-generator Alarm repeat() should throw error if repeat not allowed",
                  "timedOut": false,
                  "duration": 0,
                  "state": "passed",
                  "speed": "fast",
                  "pass": true,
                  "fail": false,
                  "pending": false,
                  "context": null,
                  "code": "const a = new ICalAlarm({}, new ICalEvent({ start: new Date() }, new ICalCalendar()));\nassert.throws(function () {\n    a.repeat({\n        times: Infinity,\n        interval: 60\n    });\n}, /`repeat.times`/);\nassert.throws(function () {\n    a.repeat({\n        // @ts-ignore\n        times: 'hi',\n        interval: 60\n    });\n}, /`repeat.times`/);\nassert.throws(function () {\n    a.repeat({\n        // @ts-ignore\n        times: true,\n        interval: 60\n    });\n}, /`repeat.times`/);\nassert.throws(function () {\n    a.repeat({\n        times: 4,\n        interval: Infinity\n    });\n}, /`repeat.interval`/);\nassert.throws(function () {\n    a.repeat({\n        times: 4,\n        // @ts-ignore\n        interval: 'hi'\n    });\n}, /`repeat.interval`/);\nassert.throws(function () {\n    a.repeat({\n        times: 4,\n        // @ts-ignore\n        interval: true\n    });\n}, /`repeat.interval`/);",
                  "err": {},
                  "uuid": "cce1cbe6-a1d9-4747-9177-0e2808d79603",
                  "parentUUID": "133fd6f3-36ee-40a2-86bf-01ee0081299e",
                  "isHook": false,
                  "skipped": false
                },
                {
                  "title": "should change something",
                  "fullTitle": "ical-generator Alarm repeat() should change something",
                  "timedOut": false,
                  "duration": 0,
                  "state": "passed",
                  "speed": "fast",
                  "pass": true,
                  "fail": false,
                  "pending": false,
                  "context": null,
                  "code": "const a = new ICalAlarm({\n    trigger: 300,\n    repeat: {\n        times: 42,\n        interval: 90\n    }\n}, new ICalEvent({ start: new Date() }, new ICalCalendar()));\nassert.ok(a.toString().includes('REPEAT:42'));\nassert.ok(a.toString().includes('DURATION:PT1M30S'));\na.repeat(null);\nassert.ok(!a.toString().includes('REPEAT:42'));\nassert.ok(!a.toString().includes('DURATION:PT1M30S'));",
                  "err": {},
                  "uuid": "eded4134-dd3e-4290-85dd-9bb623f33457",
                  "parentUUID": "133fd6f3-36ee-40a2-86bf-01ee0081299e",
                  "isHook": false,
                  "skipped": false
                },
                {
                  "title": "should throw an error if repeat is set but interval isn't",
                  "fullTitle": "ical-generator Alarm repeat() should throw an error if repeat is set but interval isn't",
                  "timedOut": false,
                  "duration": 0,
                  "state": "passed",
                  "speed": "fast",
                  "pass": true,
                  "fail": false,
                  "pending": false,
                  "context": null,
                  "code": "assert.throws(function () {\n    new ICalAlarm({\n        trigger: 300,\n        repeat: {\n            times: 4,\n            // @ts-ignore\n            interval: null\n        }\n    }, new ICalEvent({ start: new Date() }, new ICalCalendar()));\n}, /`repeat.interval`/);",
                  "err": {},
                  "uuid": "7d1a64b1-d4ae-4881-880e-f047c12c2dcc",
                  "parentUUID": "133fd6f3-36ee-40a2-86bf-01ee0081299e",
                  "isHook": false,
                  "skipped": false
                },
                {
                  "title": "should throw an error if interval is set but repeat isn't",
                  "fullTitle": "ical-generator Alarm repeat() should throw an error if interval is set but repeat isn't",
                  "timedOut": false,
                  "duration": 0,
                  "state": "passed",
                  "speed": "fast",
                  "pass": true,
                  "fail": false,
                  "pending": false,
                  "context": null,
                  "code": "assert.throws(function () {\n    new ICalAlarm({\n        trigger: 300,\n        repeat: {\n            // @ts-ignore\n            times: null,\n            interval: 60\n        }\n    }, new ICalEvent({ start: new Date() }, new ICalCalendar()));\n}, /`repeat.times`/);",
                  "err": {},
                  "uuid": "45ca1f9c-4221-47d6-981b-499719b7f981",
                  "parentUUID": "133fd6f3-36ee-40a2-86bf-01ee0081299e",
                  "isHook": false,
                  "skipped": false
                },
                {
                  "title": "should throw an error if interval is of wrong type",
                  "fullTitle": "ical-generator Alarm repeat() should throw an error if interval is of wrong type",
                  "timedOut": false,
                  "duration": 0,
                  "state": "passed",
                  "speed": "fast",
                  "pass": true,
                  "fail": false,
                  "pending": false,
                  "context": null,
                  "code": "assert.throws(function () {\n    new ICalAlarm({\n        trigger: 300,\n        // @ts-ignore\n        repeat: true\n    }, new ICalEvent({ start: new Date() }, new ICalCalendar()));\n}, /`repeat` is not correct, must be an object!/);",
                  "err": {},
                  "uuid": "55b85022-c20c-44c6-bcf2-2fd03489b4f8",
                  "parentUUID": "133fd6f3-36ee-40a2-86bf-01ee0081299e",
                  "isHook": false,
                  "skipped": false
                }
              ],
              "suites": [],
              "passes": [
                "48740cf6-aae3-4780-9a01-1f5e521bf811",
                "63b646eb-d7b2-4a5d-8f92-256ec0f82c26",
                "cce1cbe6-a1d9-4747-9177-0e2808d79603",
                "eded4134-dd3e-4290-85dd-9bb623f33457",
                "7d1a64b1-d4ae-4881-880e-f047c12c2dcc",
                "45ca1f9c-4221-47d6-981b-499719b7f981",
                "55b85022-c20c-44c6-bcf2-2fd03489b4f8"
              ],
              "failures": [],
              "pending": [],
              "skipped": [],
              "duration": 1,
              "root": false,
              "rootEmpty": false,
              "_timeout": 2000
            },
            {
              "uuid": "c84ff3fa-fa57-40dd-a0fe-d3a6f0f54167",
              "title": "attach()",
              "fullFile": "/home/runner/work/ical-generator/ical-generator/test/alarm.ts",
              "file": "/test/alarm.ts",
              "beforeHooks": [],
              "afterHooks": [],
              "tests": [
                {
                  "title": "setter should return this",
                  "fullTitle": "ical-generator Alarm attach() setter should return this",
                  "timedOut": false,
                  "duration": 0,
                  "state": "passed",
                  "speed": "fast",
                  "pass": true,
                  "fail": false,
                  "pending": false,
                  "context": null,
                  "code": "const a = new ICalAlarm({}, new ICalEvent({ start: new Date() }, new ICalCalendar()));\nassert.deepStrictEqual(a, a.attach(null));\nassert.deepStrictEqual(a, a.attach('https://sebbo.net/beep.aud'));",
                  "err": {},
                  "uuid": "dfc8bc93-56ed-4698-a71b-76f763a7e82e",
                  "parentUUID": "c84ff3fa-fa57-40dd-a0fe-d3a6f0f54167",
                  "isHook": false,
                  "skipped": false
                },
                {
                  "title": "getter should return value",
                  "fullTitle": "ical-generator Alarm attach() getter should return value",
                  "timedOut": false,
                  "duration": 0,
                  "state": "passed",
                  "speed": "fast",
                  "pass": true,
                  "fail": false,
                  "pending": false,
                  "context": null,
                  "code": "const t = { uri: 'https://example.com/alarm.aud', mime: 'audio/basic' };\nconst a = new ICalAlarm({}, new ICalEvent({ start: new Date() }, new ICalCalendar()));\nassert.strictEqual(a.attach(), null);\na.attach(t);\nassert.deepStrictEqual(a.attach(), t);\na.attach('https://www.example.com/beep.aud');\nassert.deepStrictEqual(a.attach(), {\n    uri: 'https://www.example.com/beep.aud',\n    mime: null\n});\na.attach({\n    uri: 'https://www.example.com/beep.aud'\n});\nassert.deepStrictEqual(a.attach(), {\n    uri: 'https://www.example.com/beep.aud',\n    mime: null\n});\na.attach(null);\nassert.strictEqual(a.attach(), null);",
                  "err": {},
                  "uuid": "76d71c14-4963-477f-b145-cb4a733c4c70",
                  "parentUUID": "c84ff3fa-fa57-40dd-a0fe-d3a6f0f54167",
                  "isHook": false,
                  "skipped": false
                },
                {
                  "title": "should throw error withour uri",
                  "fullTitle": "ical-generator Alarm attach() should throw error withour uri",
                  "timedOut": false,
                  "duration": 0,
                  "state": "passed",
                  "speed": "fast",
                  "pass": true,
                  "fail": false,
                  "pending": false,
                  "context": null,
                  "code": "const a = new ICalAlarm({}, new ICalEvent({ start: new Date() }, new ICalCalendar()));\nassert.throws(function () {\n    // @ts-ignore\n    a.attach({ mime: 'audio/basic' });\n}, /`attach.uri`/);",
                  "err": {},
                  "uuid": "79df8f81-f756-45f3-9aa8-3d41343cb3a6",
                  "parentUUID": "c84ff3fa-fa57-40dd-a0fe-d3a6f0f54167",
                  "isHook": false,
                  "skipped": false
                },
                {
                  "title": "should throw error when unknown format",
                  "fullTitle": "ical-generator Alarm attach() should throw error when unknown format",
                  "timedOut": false,
                  "duration": 0,
                  "state": "passed",
                  "speed": "fast",
                  "pass": true,
                  "fail": false,
                  "pending": false,
                  "context": null,
                  "code": "const a = new ICalAlarm({}, new ICalEvent({ start: new Date() }, new ICalCalendar()));\nassert.throws(function () {\n    // @ts-ignore\n    a.attach(Infinity);\n}, /`attachment`/);",
                  "err": {},
                  "uuid": "ccf80d00-9027-4979-94eb-0f79f587664a",
                  "parentUUID": "c84ff3fa-fa57-40dd-a0fe-d3a6f0f54167",
                  "isHook": false,
                  "skipped": false
                },
                {
                  "title": "should change something",
                  "fullTitle": "ical-generator Alarm attach() should change something",
                  "timedOut": false,
                  "duration": 0,
                  "state": "passed",
                  "speed": "fast",
                  "pass": true,
                  "fail": false,
                  "pending": false,
                  "context": null,
                  "code": "const a = new ICalAlarm({ type: ICalAlarmType.audio }, new ICalEvent({ start: new Date() }, new ICalCalendar()));\nassert.ok(a.toString().indexOf('\\r\\nATTACH;VALUE=URI:Basso') > -1);\na.attach('https://example.com/beep.aud');\nassert.ok(a.toString().indexOf('\\r\\nATTACH;VALUE=URI:https://example.com/beep.aud') > -1);\na.attach({\n    uri: 'https://example.com/beep.aud',\n    mime: 'audio/basic'\n});\nassert.ok(a.toString().indexOf('\\r\\nATTACH;FMTTYPE=audio/basic:https://example.com/beep.aud') > -1);",
                  "err": {},
                  "uuid": "50137f0c-6d61-45aa-ad2e-8929fdecdca7",
                  "parentUUID": "c84ff3fa-fa57-40dd-a0fe-d3a6f0f54167",
                  "isHook": false,
                  "skipped": false
                }
              ],
              "suites": [],
              "passes": [
                "dfc8bc93-56ed-4698-a71b-76f763a7e82e",
                "76d71c14-4963-477f-b145-cb4a733c4c70",
                "79df8f81-f756-45f3-9aa8-3d41343cb3a6",
                "ccf80d00-9027-4979-94eb-0f79f587664a",
                "50137f0c-6d61-45aa-ad2e-8929fdecdca7"
              ],
              "failures": [],
              "pending": [],
              "skipped": [],
              "duration": 0,
              "root": false,
              "rootEmpty": false,
              "_timeout": 2000
            },
            {
              "uuid": "da29efff-8348-4cb3-9250-4a5be3015a29",
              "title": "description()",
              "fullFile": "/home/runner/work/ical-generator/ical-generator/test/alarm.ts",
              "file": "/test/alarm.ts",
              "beforeHooks": [],
              "afterHooks": [],
              "tests": [
                {
                  "title": "setter should return this",
                  "fullTitle": "ical-generator Alarm description() setter should return this",
                  "timedOut": false,
                  "duration": 0,
                  "state": "passed",
                  "speed": "fast",
                  "pass": true,
                  "fail": false,
                  "pending": false,
                  "context": null,
                  "code": "const a = new ICalAlarm({}, new ICalEvent({ start: new Date() }, new ICalCalendar()));\nassert.deepStrictEqual(a, a.description(null));\nassert.deepStrictEqual(a, a.description('Hey Ho!'));",
                  "err": {},
                  "uuid": "70de28e4-f592-4601-bb25-abfd5c18906e",
                  "parentUUID": "da29efff-8348-4cb3-9250-4a5be3015a29",
                  "isHook": false,
                  "skipped": false
                },
                {
                  "title": "getter should return value",
                  "fullTitle": "ical-generator Alarm description() getter should return value",
                  "timedOut": false,
                  "duration": 0,
                  "state": "passed",
                  "speed": "fast",
                  "pass": true,
                  "fail": false,
                  "pending": false,
                  "context": null,
                  "code": "const a = new ICalAlarm({}, new ICalEvent({ start: new Date() }, new ICalCalendar()));\nassert.deepStrictEqual(a.description(), null);\na.description('blablabla');\nassert.deepStrictEqual(a.description(), 'blablabla');\na.description(null);\nassert.deepStrictEqual(a.description(), null);",
                  "err": {},
                  "uuid": "717fe77a-4936-45a2-95b1-5a903323636c",
                  "parentUUID": "da29efff-8348-4cb3-9250-4a5be3015a29",
                  "isHook": false,
                  "skipped": false
                },
                {
                  "title": "should change something",
                  "fullTitle": "ical-generator Alarm description() should change something",
                  "timedOut": false,
                  "duration": 1,
                  "state": "passed",
                  "speed": "fast",
                  "pass": true,
                  "fail": false,
                  "pending": false,
                  "context": null,
                  "code": "const a = new ICalAlarm({\n    description: 'Huibuh!'\n}, new ICalEvent({ start: new Date() }, new ICalCalendar()));\nassert.ok(a.toString().indexOf('\\r\\nDESCRIPTION:Huibuh') > -1);",
                  "err": {},
                  "uuid": "3457108d-0d40-4c1f-a046-f36a3fc27285",
                  "parentUUID": "da29efff-8348-4cb3-9250-4a5be3015a29",
                  "isHook": false,
                  "skipped": false
                },
                {
                  "title": "should fallback to event summary",
                  "fullTitle": "ical-generator Alarm description() should fallback to event summary",
                  "timedOut": false,
                  "duration": 0,
                  "state": "passed",
                  "speed": "fast",
                  "pass": true,
                  "fail": false,
                  "pending": false,
                  "context": null,
                  "code": "const a = new ICalAlarm({ description: 'Example Event' }, new ICalEvent({ start: new Date() }, new ICalCalendar()));\nassert.ok(a.toString().indexOf('\\r\\nDESCRIPTION:Example Event') > -1);",
                  "err": {},
                  "uuid": "ed633b9b-f9c2-41a6-9299-83cb2304d1f7",
                  "parentUUID": "da29efff-8348-4cb3-9250-4a5be3015a29",
                  "isHook": false,
                  "skipped": false
                }
              ],
              "suites": [],
              "passes": [
                "70de28e4-f592-4601-bb25-abfd5c18906e",
                "717fe77a-4936-45a2-95b1-5a903323636c",
                "3457108d-0d40-4c1f-a046-f36a3fc27285",
                "ed633b9b-f9c2-41a6-9299-83cb2304d1f7"
              ],
              "failures": [],
              "pending": [],
              "skipped": [],
              "duration": 1,
              "root": false,
              "rootEmpty": false,
              "_timeout": 2000
            },
            {
              "uuid": "7c6814bf-1bd2-4c71-a91c-d4b624b80956",
              "title": "summary()",
              "fullFile": "/home/runner/work/ical-generator/ical-generator/test/alarm.ts",
              "file": "/test/alarm.ts",
              "beforeHooks": [],
              "afterHooks": [],
              "tests": [
                {
                  "title": "setter should return this",
                  "fullTitle": "ical-generator Alarm summary() setter should return this",
                  "timedOut": false,
                  "duration": 0,
                  "state": "passed",
                  "speed": "fast",
                  "pass": true,
                  "fail": false,
                  "pending": false,
                  "context": null,
                  "code": "const a = new ICalAlarm({}, new ICalEvent({ start: new Date() }, new ICalCalendar()));\nassert.deepStrictEqual(a, a.summary(null));\nassert.deepStrictEqual(a, a.summary('Hey Ho!'));",
                  "err": {},
                  "uuid": "7c9b73dd-9907-4df4-861b-f002fc91f09f",
                  "parentUUID": "7c6814bf-1bd2-4c71-a91c-d4b624b80956",
                  "isHook": false,
                  "skipped": false
                },
                {
                  "title": "getter should return value",
                  "fullTitle": "ical-generator Alarm summary() getter should return value",
                  "timedOut": false,
                  "duration": 0,
                  "state": "passed",
                  "speed": "fast",
                  "pass": true,
                  "fail": false,
                  "pending": false,
                  "context": null,
                  "code": "const a = new ICalAlarm({}, new ICalEvent({ start: new Date() }, new ICalCalendar()));\nassert.deepStrictEqual(a.summary(), null);\na.summary('blablabla');\nassert.deepStrictEqual(a.summary(), 'blablabla');\na.summary(null);\nassert.deepStrictEqual(a.summary(), null);",
                  "err": {},
                  "uuid": "657562be-9f57-4421-9568-d3018dea890d",
                  "parentUUID": "7c6814bf-1bd2-4c71-a91c-d4b624b80956",
                  "isHook": false,
                  "skipped": false
                },
                {
                  "title": "should change something",
                  "fullTitle": "ical-generator Alarm summary() should change something",
                  "timedOut": false,
                  "duration": 1,
                  "state": "passed",
                  "speed": "fast",
                  "pass": true,
                  "fail": false,
                  "pending": false,
                  "context": null,
                  "code": "const a = new ICalAlarm({\n    type: ICalAlarmType.email,\n    summary: 'Huibuh!'\n}, new ICalEvent({ start: new Date() }, new ICalCalendar()));\nassert.ok(a.toString().indexOf('\\r\\nSUMMARY:Huibuh') > -1);",
                  "err": {},
                  "uuid": "dd3ca51c-f081-41ab-b550-a6b6e12398e9",
                  "parentUUID": "7c6814bf-1bd2-4c71-a91c-d4b624b80956",
                  "isHook": false,
                  "skipped": false
                },
                {
                  "title": "should fallback to event summary",
                  "fullTitle": "ical-generator Alarm summary() should fallback to event summary",
                  "timedOut": false,
                  "duration": 0,
                  "state": "passed",
                  "speed": "fast",
                  "pass": true,
                  "fail": false,
                  "pending": false,
                  "context": null,
                  "code": "const a = new ICalAlarm({ type: ICalAlarmType.email }, new ICalEvent({ start: new Date(), summary: 'Example Event' }, new ICalCalendar()));\nassert.ok(a.toString().indexOf('\\r\\nSUMMARY:Example Event') > -1);",
                  "err": {},
                  "uuid": "b8db6c21-84e8-4e25-9243-dd16593dbc40",
                  "parentUUID": "7c6814bf-1bd2-4c71-a91c-d4b624b80956",
                  "isHook": false,
                  "skipped": false
                }
              ],
              "suites": [],
              "passes": [
                "7c9b73dd-9907-4df4-861b-f002fc91f09f",
                "657562be-9f57-4421-9568-d3018dea890d",
                "dd3ca51c-f081-41ab-b550-a6b6e12398e9",
                "b8db6c21-84e8-4e25-9243-dd16593dbc40"
              ],
              "failures": [],
              "pending": [],
              "skipped": [],
              "duration": 1,
              "root": false,
              "rootEmpty": false,
              "_timeout": 2000
            },
            {
              "uuid": "99ef1d86-b127-46cd-bd14-b48065f0b90d",
              "title": "createAttendee()",
              "fullFile": "/home/runner/work/ical-generator/ical-generator/test/alarm.ts",
              "file": "/test/alarm.ts",
              "beforeHooks": [],
              "afterHooks": [],
              "tests": [
                {
                  "title": "if Attendee passed, it should add and return it",
                  "fullTitle": "ical-generator Alarm createAttendee() if Attendee passed, it should add and return it",
                  "timedOut": false,
                  "duration": 0,
                  "state": "passed",
                  "speed": "fast",
                  "pass": true,
                  "fail": false,
                  "pending": false,
                  "context": null,
                  "code": "const alarm = new ICalEvent({ start: new Date() }, new ICalCalendar()).createAlarm({\n    type: ICalAlarmType.email\n});\nconst attendee = new ICalAttendee({ email: 'mail@example.com' }, alarm);\nassert.strictEqual(alarm.createAttendee(attendee), attendee, 'createAttendee returns attendee');\nassert.deepStrictEqual(alarm.attendees()[0], attendee, 'attendee pushed');",
                  "err": {},
                  "uuid": "47cff6b2-9ee8-4f23-bb33-ae50b1bdb720",
                  "parentUUID": "99ef1d86-b127-46cd-bd14-b48065f0b90d",
                  "isHook": false,
                  "skipped": false
                },
                {
                  "title": "should return a ICalAttendee instance",
                  "fullTitle": "ical-generator Alarm createAttendee() should return a ICalAttendee instance",
                  "timedOut": false,
                  "duration": 1,
                  "state": "passed",
                  "speed": "fast",
                  "pass": true,
                  "fail": false,
                  "pending": false,
                  "context": null,
                  "code": "const alarm = new ICalEvent({ start: new Date() }, new ICalCalendar()).createAlarm({\n    type: ICalAlarmType.email\n});\n;\nassert.ok(alarm.createAttendee({ email: 'mail@example.com' }) instanceof ICalAttendee);\nassert.strictEqual(alarm.attendees.length, 1, 'attendee pushed');",
                  "err": {},
                  "uuid": "29329ddb-37b1-43db-b297-23b8b4af795c",
                  "parentUUID": "99ef1d86-b127-46cd-bd14-b48065f0b90d",
                  "isHook": false,
                  "skipped": false
                },
                {
                  "title": "should accept string",
                  "fullTitle": "ical-generator Alarm createAttendee() should accept string",
                  "timedOut": false,
                  "duration": 0,
                  "state": "passed",
                  "speed": "fast",
                  "pass": true,
                  "fail": false,
                  "pending": false,
                  "context": null,
                  "code": "const alarm = new ICalEvent({ start: new Date() }, new ICalCalendar()).createAlarm({\n    type: ICalAlarmType.email\n});\n;\nconst attendee = alarm.createAttendee('Zac <zac@example.com>');\nassert.strictEqual(attendee.name(), 'Zac');\nassert.strictEqual(attendee.email(), 'zac@example.com');\nassert.strictEqual(alarm.attendees().length, 1, 'attendee pushed');",
                  "err": {},
                  "uuid": "028bf36c-b1de-4aa6-8116-5dbfd0a640cc",
                  "parentUUID": "99ef1d86-b127-46cd-bd14-b48065f0b90d",
                  "isHook": false,
                  "skipped": false
                },
                {
                  "title": "should throw error when string misformated",
                  "fullTitle": "ical-generator Alarm createAttendee() should throw error when string misformated",
                  "timedOut": false,
                  "duration": 0,
                  "state": "passed",
                  "speed": "fast",
                  "pass": true,
                  "fail": false,
                  "pending": false,
                  "context": null,
                  "code": "const alarm = new ICalEvent({ start: new Date() }, new ICalCalendar()).createAlarm({\n    type: ICalAlarmType.email\n});\n;\nassert.throws(function () {\n    alarm.createAttendee('foo bar');\n}, /isn't formated correctly/);",
                  "err": {},
                  "uuid": "91ba9af3-1ec3-4f5b-b6dd-af52ab2ae8a0",
                  "parentUUID": "99ef1d86-b127-46cd-bd14-b48065f0b90d",
                  "isHook": false,
                  "skipped": false
                },
                {
                  "title": "should accept object",
                  "fullTitle": "ical-generator Alarm createAttendee() should accept object",
                  "timedOut": false,
                  "duration": 1,
                  "state": "passed",
                  "speed": "fast",
                  "pass": true,
                  "fail": false,
                  "pending": false,
                  "context": null,
                  "code": "const alarm = new ICalEvent({ start: new Date() }, new ICalCalendar()).createAlarm({\n    type: ICalAlarmType.email\n});\nconst attendee = alarm.createAttendee({ name: 'Zac', email: 'zac@example.com' });\nassert.strictEqual(attendee.name(), 'Zac');\nassert.strictEqual(attendee.email(), 'zac@example.com');\nassert.strictEqual(alarm.attendees().length, 1, 'attendee pushed');\nassert.ok(alarm.toString().includes('ATTENDEE;ROLE=REQ-PARTICIPANT;CN=\"Zac\":MAILTO:zac@example.com'));",
                  "err": {},
                  "uuid": "42f950a5-e2e7-41b2-aa50-325e21b09611",
                  "parentUUID": "99ef1d86-b127-46cd-bd14-b48065f0b90d",
                  "isHook": false,
                  "skipped": false
                }
              ],
              "suites": [],
              "passes": [
                "47cff6b2-9ee8-4f23-bb33-ae50b1bdb720",
                "29329ddb-37b1-43db-b297-23b8b4af795c",
                "028bf36c-b1de-4aa6-8116-5dbfd0a640cc",
                "91ba9af3-1ec3-4f5b-b6dd-af52ab2ae8a0",
                "42f950a5-e2e7-41b2-aa50-325e21b09611"
              ],
              "failures": [],
              "pending": [],
              "skipped": [],
              "duration": 2,
              "root": false,
              "rootEmpty": false,
              "_timeout": 2000
            },
            {
              "uuid": "c40ccb48-fe12-4f93-89ee-32eacf1e6a34",
              "title": "attendees()",
              "fullFile": "/home/runner/work/ical-generator/ical-generator/test/alarm.ts",
              "file": "/test/alarm.ts",
              "beforeHooks": [],
              "afterHooks": [],
              "tests": [
                {
                  "title": "getter should return an array of attendees…",
                  "fullTitle": "ical-generator Alarm attendees() getter should return an array of attendees…",
                  "timedOut": false,
                  "duration": 0,
                  "state": "passed",
                  "speed": "fast",
                  "pass": true,
                  "fail": false,
                  "pending": false,
                  "context": null,
                  "code": "const alarm = new ICalEvent({ start: new Date() }, new ICalCalendar()).createAlarm({\n    type: ICalAlarmType.email\n});\nassert.strictEqual(alarm.attendees().length, 0);\nconst attendee = alarm.createAttendee({ email: 'mail@example.com' });\nassert.strictEqual(alarm.attendees().length, 1);\nassert.deepStrictEqual(alarm.attendees()[0], attendee);",
                  "err": {},
                  "uuid": "40ca3642-ca5d-4763-bdb6-d2f3506e1022",
                  "parentUUID": "c40ccb48-fe12-4f93-89ee-32eacf1e6a34",
                  "isHook": false,
                  "skipped": false
                },
                {
                  "title": "setter should add attendees and return this",
                  "fullTitle": "ical-generator Alarm attendees() setter should add attendees and return this",
                  "timedOut": false,
                  "duration": 0,
                  "state": "passed",
                  "speed": "fast",
                  "pass": true,
                  "fail": false,
                  "pending": false,
                  "context": null,
                  "code": "const alarm = new ICalEvent({ start: new Date() }, new ICalCalendar()).createAlarm({\n    type: ICalAlarmType.email\n});\nconst foo = alarm.attendees([\n    { name: 'Person A', email: 'a@example.com' },\n    { name: 'Person B', email: 'b@example.com' }\n]);\nassert.strictEqual(alarm.attendees().length, 2);\nassert.deepStrictEqual(foo, alarm);",
                  "err": {},
                  "uuid": "586dbe23-d993-4252-aade-a59de6634af1",
                  "parentUUID": "c40ccb48-fe12-4f93-89ee-32eacf1e6a34",
                  "isHook": false,
                  "skipped": false
                }
              ],
              "suites": [],
              "passes": [
                "40ca3642-ca5d-4763-bdb6-d2f3506e1022",
                "586dbe23-d993-4252-aade-a59de6634af1"
              ],
              "failures": [],
              "pending": [],
              "skipped": [],
              "duration": 0,
              "root": false,
              "rootEmpty": false,
              "_timeout": 2000
            },
            {
              "uuid": "170289ca-6bc8-44bc-9b9b-7d6d495905be",
              "title": "x()",
              "fullFile": "/home/runner/work/ical-generator/ical-generator/test/alarm.ts",
              "file": "/test/alarm.ts",
              "beforeHooks": [],
              "afterHooks": [],
              "tests": [
                {
                  "title": "is there",
                  "fullTitle": "ical-generator Alarm x() is there",
                  "timedOut": false,
                  "duration": 1,
                  "state": "passed",
                  "speed": "fast",
                  "pass": true,
                  "fail": false,
                  "pending": false,
                  "context": null,
                  "code": "const a = new ICalAlarm({}, new ICalEvent({ start: new Date() }, new ICalCalendar()));\nassert.deepStrictEqual(a, a.x('X-FOO', 'bar'));",
                  "err": {},
                  "uuid": "9a1e8ad7-3962-464f-bc30-4f3b06207de5",
                  "parentUUID": "170289ca-6bc8-44bc-9b9b-7d6d495905be",
                  "isHook": false,
                  "skipped": false
                }
              ],
              "suites": [],
              "passes": [
                "9a1e8ad7-3962-464f-bc30-4f3b06207de5"
              ],
              "failures": [],
              "pending": [],
              "skipped": [],
              "duration": 1,
              "root": false,
              "rootEmpty": false,
              "_timeout": 2000
            },
            {
              "uuid": "99a7bfd2-8033-4c0a-af0e-b2401ff56fa7",
              "title": "toJSON()",
              "fullFile": "/home/runner/work/ical-generator/ical-generator/test/alarm.ts",
              "file": "/test/alarm.ts",
              "beforeHooks": [],
              "afterHooks": [],
              "tests": [
                {
                  "title": "should work",
                  "fullTitle": "ical-generator Alarm toJSON() should work",
                  "timedOut": false,
                  "duration": 0,
                  "state": "passed",
                  "speed": "fast",
                  "pass": true,
                  "fail": false,
                  "pending": false,
                  "context": null,
                  "code": "const a = new ICalAlarm({}, new ICalEvent({ start: new Date() }, new ICalCalendar()));\na.type(ICalAlarmType.display);\na.trigger(120);\nassert.deepStrictEqual(a.toJSON(), {\n    attach: null,\n    attendees: [],\n    description: null,\n    relatesTo: null,\n    interval: null,\n    repeat: null,\n    summary: null,\n    trigger: 120,\n    type: 'display',\n    x: []\n});",
                  "err": {},
                  "uuid": "afb1ac92-beaa-427f-b875-4ccf401c6b20",
                  "parentUUID": "99a7bfd2-8033-4c0a-af0e-b2401ff56fa7",
                  "isHook": false,
                  "skipped": false
                },
                {
                  "title": "should be compatible with constructor (type check)",
                  "fullTitle": "ical-generator Alarm toJSON() should be compatible with constructor (type check)",
                  "timedOut": false,
                  "duration": 0,
                  "state": "passed",
                  "speed": "fast",
                  "pass": true,
                  "fail": false,
                  "pending": false,
                  "context": null,
                  "code": "const a = new ICalAlarm({}, new ICalEvent({ start: new Date() }, new ICalCalendar()));\nnew ICalAlarm(a.toJSON(), new ICalEvent({ start: new Date() }, new ICalCalendar()));",
                  "err": {},
                  "uuid": "ff1bd375-dc6f-46d4-87ec-96854750f8ff",
                  "parentUUID": "99a7bfd2-8033-4c0a-af0e-b2401ff56fa7",
                  "isHook": false,
                  "skipped": false
                }
              ],
              "suites": [],
              "passes": [
                "afb1ac92-beaa-427f-b875-4ccf401c6b20",
                "ff1bd375-dc6f-46d4-87ec-96854750f8ff"
              ],
              "failures": [],
              "pending": [],
              "skipped": [],
              "duration": 0,
              "root": false,
              "rootEmpty": false,
              "_timeout": 2000
            }
          ],
          "passes": [],
          "failures": [],
          "pending": [],
          "skipped": [],
          "duration": 0,
          "root": false,
          "rootEmpty": false,
          "_timeout": 2000
        },
        {
          "uuid": "193aef46-7aef-4dad-be45-127cb6f97b08",
          "title": "ical-generator Attendee",
          "fullFile": "/home/runner/work/ical-generator/ical-generator/test/attendee.ts",
          "file": "/test/attendee.ts",
          "beforeHooks": [],
          "afterHooks": [],
          "tests": [],
          "suites": [
            {
              "uuid": "be17d060-0cb6-4660-96ec-3a6f5e958115",
              "title": "constructor()",
              "fullFile": "/home/runner/work/ical-generator/ical-generator/test/attendee.ts",
              "file": "/test/attendee.ts",
              "beforeHooks": [],
              "afterHooks": [],
              "tests": [
                {
                  "title": "shoud set data from constructor",
                  "fullTitle": "ical-generator Attendee constructor() shoud set data from constructor",
                  "timedOut": false,
                  "duration": 0,
                  "state": "passed",
                  "speed": "fast",
                  "pass": true,
                  "fail": false,
                  "pending": false,
                  "context": null,
                  "code": "const data = {\n    name: 'John Doe',\n    email: 'john@example.org',\n    mailto: 'john+calendar@example.org',\n    sentBy: null,\n    status: ICalAttendeeStatus.ACCEPTED,\n    role: ICalAttendeeRole.REQ,\n    rsvp: false,\n    type: ICalAttendeeType.INDIVIDUAL,\n    delegatedTo: null,\n    delegatedFrom: null,\n    x: []\n};\nconst event = new ICalAttendee(data, new ICalEvent({ start: new Date() }, new ICalCalendar()));\nassert.deepStrictEqual(event.toJSON(), data);",
                  "err": {},
                  "uuid": "1fb758cc-a7a4-48ce-8f75-86694b326e72",
                  "parentUUID": "be17d060-0cb6-4660-96ec-3a6f5e958115",
                  "isHook": false,
                  "skipped": false
                },
                {
                  "title": "shouldn't work without event reference",
                  "fullTitle": "ical-generator Attendee constructor() shouldn't work without event reference",
                  "timedOut": false,
                  "duration": 0,
                  "state": "passed",
                  "speed": "fast",
                  "pass": true,
                  "fail": false,
                  "pending": false,
                  "context": null,
                  "code": "assert.throws(function () {\n    // @ts-ignore\n    new ICalAttendee({ email: 'foo@bar.com' });\n}, /`event`/);",
                  "err": {},
                  "uuid": "b44322d3-d534-45ac-8b18-607c2d3e709a",
                  "parentUUID": "be17d060-0cb6-4660-96ec-3a6f5e958115",
                  "isHook": false,
                  "skipped": false
                },
                {
                  "title": "should throw an error without email",
                  "fullTitle": "ical-generator Attendee constructor() should throw an error without email",
                  "timedOut": false,
                  "duration": 0,
                  "state": "passed",
                  "speed": "fast",
                  "pass": true,
                  "fail": false,
                  "pending": false,
                  "context": null,
                  "code": "assert.throws(function () {\n    new ICalAttendee(\n    // @ts-ignore\n    { name: 'Testuser' }, new ICalEvent({ start: new Date() }, new ICalCalendar()));\n}, /`email`/);",
                  "err": {},
                  "uuid": "dc6083c9-b922-4eca-9faa-b5a60d94a0a4",
                  "parentUUID": "be17d060-0cb6-4660-96ec-3a6f5e958115",
                  "isHook": false,
                  "skipped": false
                }
              ],
              "suites": [],
              "passes": [
                "1fb758cc-a7a4-48ce-8f75-86694b326e72",
                "b44322d3-d534-45ac-8b18-607c2d3e709a",
                "dc6083c9-b922-4eca-9faa-b5a60d94a0a4"
              ],
              "failures": [],
              "pending": [],
              "skipped": [],
              "duration": 0,
              "root": false,
              "rootEmpty": false,
              "_timeout": 2000
            },
            {
              "uuid": "2bbf6ade-6dd0-4294-917e-b90a9e4ddeb3",
              "title": "name()",
              "fullFile": "/home/runner/work/ical-generator/ical-generator/test/attendee.ts",
              "file": "/test/attendee.ts",
              "beforeHooks": [],
              "afterHooks": [],
              "tests": [
                {
                  "title": "getter should return value",
                  "fullTitle": "ical-generator Attendee name() getter should return value",
                  "timedOut": false,
                  "duration": 0,
                  "state": "passed",
                  "speed": "fast",
                  "pass": true,
                  "fail": false,
                  "pending": false,
                  "context": null,
                  "code": "const a = new ICalAttendee({ email: 'foo@example.com' }, new ICalEvent({ start: new Date() }, new ICalCalendar()));\nassert.strictEqual(a.name(), null);\na.name('Sebastian');\nassert.strictEqual(a.name(), 'Sebastian');",
                  "err": {},
                  "uuid": "97b95afb-0769-4548-a3e0-cbbe46f68765",
                  "parentUUID": "2bbf6ade-6dd0-4294-917e-b90a9e4ddeb3",
                  "isHook": false,
                  "skipped": false
                },
                {
                  "title": "setter should return this",
                  "fullTitle": "ical-generator Attendee name() setter should return this",
                  "timedOut": false,
                  "duration": 0,
                  "state": "passed",
                  "speed": "fast",
                  "pass": true,
                  "fail": false,
                  "pending": false,
                  "context": null,
                  "code": "const a = new ICalAttendee({ email: 'foo@example.com' }, new ICalEvent({ start: new Date() }, new ICalCalendar()));\nassert.deepStrictEqual(a, a.name(null));\nassert.deepStrictEqual(a, a.name('Sebastian'));",
                  "err": {},
                  "uuid": "817b947a-dcd3-4fd8-8b7b-b5345ad2a21c",
                  "parentUUID": "2bbf6ade-6dd0-4294-917e-b90a9e4ddeb3",
                  "isHook": false,
                  "skipped": false
                },
                {
                  "title": "setter should change something",
                  "fullTitle": "ical-generator Attendee name() setter should change something",
                  "timedOut": false,
                  "duration": 1,
                  "state": "passed",
                  "speed": "fast",
                  "pass": true,
                  "fail": false,
                  "pending": false,
                  "context": null,
[...]
                      "parentUUID": "6cc7bf2e-2648-44f6-8d3b-3722aac18345",
                      "isHook": false,
                      "skipped": false
                    }
                  ],
                  "suites": [],
                  "passes": [
                    "b481c255-6aa9-4394-8cd9-613881403870",
                    "f2357fe8-479a-4df5-bca7-76ee45fc6e52"
                  ],
                  "failures": [],
                  "pending": [],
                  "skipped": [],
                  "duration": 1,
                  "root": false,
                  "rootEmpty": false,
                  "_timeout": 2000
                },
                {
                  "uuid": "dd700e06-47e5-4055-b8ee-f0b0308c69ad",
                  "title": "Luxon",
                  "fullFile": "/home/runner/work/ical-generator/ical-generator/test/tools.ts",
                  "file": "/test/tools.ts",
                  "beforeHooks": [],
                  "afterHooks": [],
                  "tests": [
                    {
                      "title": "should work with valid Luxon",
                      "fullTitle": "ICalTools checkDate() Luxon should work with valid Luxon",
                      "timedOut": false,
                      "duration": 0,
                      "state": "passed",
                      "speed": "fast",
                      "pass": true,
                      "fail": false,
                      "pending": false,
                      "context": null,
                      "code": "const date = DateTime.now();\nassert.equal(checkDate(date, 'foo'), date);",
                      "err": {},
                      "uuid": "85e7dbb4-0c72-47fe-b0b0-6adc19587d89",
                      "parentUUID": "dd700e06-47e5-4055-b8ee-f0b0308c69ad",
                      "isHook": false,
                      "skipped": false
                    },
                    {
                      "title": "should throw error for invalid Luxon",
                      "fullTitle": "ICalTools checkDate() Luxon should throw error for invalid Luxon",
                      "timedOut": false,
                      "duration": 0,
                      "state": "passed",
                      "speed": "fast",
                      "pass": true,
                      "fail": false,
                      "pending": false,
                      "context": null,
                      "code": "const date = DateTime.fromISO('foo');\nassert.throws(() => {\n    checkDate(date, 'foo');\n}, /`foo` has to be a valid date!/);",
                      "err": {},
                      "uuid": "0296071b-ae0d-4bbf-bec2-3b38b797912c",
                      "parentUUID": "dd700e06-47e5-4055-b8ee-f0b0308c69ad",
                      "isHook": false,
                      "skipped": false
                    }
                  ],
                  "suites": [],
                  "passes": [
                    "85e7dbb4-0c72-47fe-b0b0-6adc19587d89",
                    "0296071b-ae0d-4bbf-bec2-3b38b797912c"
                  ],
                  "failures": [],
                  "pending": [],
                  "skipped": [],
                  "duration": 0,
                  "root": false,
                  "rootEmpty": false,
                  "_timeout": 2000
                },
                {
                  "uuid": "eb9d3603-913f-4269-ae2d-6a826427fa24",
                  "title": "Moment",
                  "fullFile": "/home/runner/work/ical-generator/ical-generator/test/tools.ts",
                  "file": "/test/tools.ts",
                  "beforeHooks": [],
                  "afterHooks": [],
                  "tests": [
                    {
                      "title": "should work with valid Moment",
                      "fullTitle": "ICalTools checkDate() Moment should work with valid Moment",
                      "timedOut": false,
                      "duration": 0,
                      "state": "passed",
                      "speed": "fast",
                      "pass": true,
                      "fail": false,
                      "pending": false,
                      "context": null,
                      "code": "const date = moment();\nassert.equal(checkDate(date, 'foo'), date);",
                      "err": {},
                      "uuid": "5ddde3ab-3105-4d80-9f3c-7d96159e62ed",
                      "parentUUID": "eb9d3603-913f-4269-ae2d-6a826427fa24",
                      "isHook": false,
                      "skipped": false
                    },
                    {
                      "title": "should throw error for invalid Moment",
                      "fullTitle": "ICalTools checkDate() Moment should throw error for invalid Moment",
                      "timedOut": false,
                      "duration": 0,
                      "state": "passed",
                      "speed": "fast",
                      "pass": true,
                      "fail": false,
                      "pending": false,
                      "context": null,
                      "code": "const date = moment('foo', 'MM/DD/YYYY', true);\nassert.throws(() => {\n    checkDate(date, 'foo');\n}, /`foo` has to be a valid date!/);",
                      "err": {},
                      "uuid": "b0ece44b-d561-4325-94bb-278694701c02",
                      "parentUUID": "eb9d3603-913f-4269-ae2d-6a826427fa24",
                      "isHook": false,
                      "skipped": false
                    }
                  ],
                  "suites": [],
                  "passes": [
                    "5ddde3ab-3105-4d80-9f3c-7d96159e62ed",
                    "b0ece44b-d561-4325-94bb-278694701c02"
                  ],
                  "failures": [],
                  "pending": [],
                  "skipped": [],
                  "duration": 0,
                  "root": false,
                  "rootEmpty": false,
                  "_timeout": 2000
                },
                {
                  "uuid": "8d30d64f-cb36-49a7-a626-331e1dd0e48e",
                  "title": "Day.js",
                  "fullFile": "/home/runner/work/ical-generator/ical-generator/test/tools.ts",
                  "file": "/test/tools.ts",
                  "beforeHooks": [],
                  "afterHooks": [],
                  "tests": [
                    {
                      "title": "should work with valid Day.js",
                      "fullTitle": "ICalTools checkDate() Day.js should work with valid Day.js",
                      "timedOut": false,
                      "duration": 1,
                      "state": "passed",
                      "speed": "fast",
                      "pass": true,
                      "fail": false,
                      "pending": false,
                      "context": null,
                      "code": "const date = dayjs();\nassert.equal(checkDate(date, 'foo'), date);",
                      "err": {},
                      "uuid": "27cf265e-c30b-462c-90a8-0ef6e2a550e8",
                      "parentUUID": "8d30d64f-cb36-49a7-a626-331e1dd0e48e",
                      "isHook": false,
                      "skipped": false
                    },
                    {
                      "title": "should throw error for invalid Day.js",
                      "fullTitle": "ICalTools checkDate() Day.js should throw error for invalid Day.js",
                      "timedOut": false,
                      "duration": 0,
                      "state": "passed",
                      "speed": "fast",
                      "pass": true,
                      "fail": false,
                      "pending": false,
                      "context": null,
                      "code": "const date = dayjs('foo');\nassert.throws(() => {\n    checkDate(date, 'foo');\n}, /`foo` has to be a valid date!/);",
                      "err": {},
                      "uuid": "3b9c8314-65f4-4250-876b-0cc7b45f967c",
                      "parentUUID": "8d30d64f-cb36-49a7-a626-331e1dd0e48e",
                      "isHook": false,
                      "skipped": false
                    }
                  ],
                  "suites": [],
                  "passes": [
                    "27cf265e-c30b-462c-90a8-0ef6e2a550e8",
                    "3b9c8314-65f4-4250-876b-0cc7b45f967c"
                  ],
                  "failures": [],
                  "pending": [],
                  "skipped": [],
                  "duration": 1,
                  "root": false,
                  "rootEmpty": false,
                  "_timeout": 2000
                }
              ],
              "passes": [],
              "failures": [],
              "pending": [],
              "skipped": [],
              "duration": 0,
              "root": false,
              "rootEmpty": false,
              "_timeout": 2000
            },
            {
              "uuid": "66722804-9899-4ab6-8dee-08a0ff9dc17b",
              "title": "toDate()",
              "fullFile": "/home/runner/work/ical-generator/ical-generator/test/tools.ts",
              "file": "/test/tools.ts",
              "beforeHooks": [],
              "afterHooks": [],
              "tests": [
                {
                  "title": "should work with strings",
                  "fullTitle": "ICalTools toDate() should work with strings",
                  "timedOut": false,
                  "duration": 0,
                  "state": "passed",
                  "speed": "fast",
                  "pass": true,
                  "fail": false,
                  "pending": false,
                  "context": null,
                  "code": "const date = new Date();\nassert.deepStrictEqual(toDate(date.toJSON()), date);",
                  "err": {},
                  "uuid": "4716cd6d-6a69-4a03-893a-3bc7c2c0002d",
                  "parentUUID": "66722804-9899-4ab6-8dee-08a0ff9dc17b",
                  "isHook": false,
                  "skipped": false
                },
                {
                  "title": "should work with native Date",
                  "fullTitle": "ICalTools toDate() should work with native Date",
                  "timedOut": false,
                  "duration": 0,
                  "state": "passed",
                  "speed": "fast",
                  "pass": true,
                  "fail": false,
                  "pending": false,
                  "context": null,
                  "code": "const date = new Date();\nassert.deepStrictEqual(toDate(date), date);",
                  "err": {},
                  "uuid": "fa84cba7-482f-4e40-8ac6-84552382388e",
                  "parentUUID": "66722804-9899-4ab6-8dee-08a0ff9dc17b",
                  "isHook": false,
                  "skipped": false
                },
                {
                  "title": "should work with moment object",
                  "fullTitle": "ICalTools toDate() should work with moment object",
                  "timedOut": false,
                  "duration": 0,
                  "state": "passed",
                  "speed": "fast",
                  "pass": true,
                  "fail": false,
                  "pending": false,
                  "context": null,
                  "code": "const date = new Date();\nassert.deepStrictEqual(toDate(moment(date)), date);",
                  "err": {},
                  "uuid": "b49f3d03-470d-42ef-b06a-1a5b884a2025",
                  "parentUUID": "66722804-9899-4ab6-8dee-08a0ff9dc17b",
                  "isHook": false,
                  "skipped": false
                },
                {
                  "title": "should work with moment-timezone object",
                  "fullTitle": "ICalTools toDate() should work with moment-timezone object",
                  "timedOut": false,
                  "duration": 0,
                  "state": "passed",
                  "speed": "fast",
                  "pass": true,
                  "fail": false,
                  "pending": false,
                  "context": null,
                  "code": "const date = new Date();\nassert.deepStrictEqual(toDate(momentTz(date)), date);",
                  "err": {},
                  "uuid": "760de39d-0e4a-49a7-8881-aef28a113610",
                  "parentUUID": "66722804-9899-4ab6-8dee-08a0ff9dc17b",
                  "isHook": false,
                  "skipped": false
                },
                {
                  "title": "should work with Day.js object",
                  "fullTitle": "ICalTools toDate() should work with Day.js object",
                  "timedOut": false,
                  "duration": 0,
                  "state": "passed",
                  "speed": "fast",
                  "pass": true,
                  "fail": false,
                  "pending": false,
                  "context": null,
                  "code": "const date = new Date();\nassert.deepStrictEqual(toDate(dayjs(date)), date);",
                  "err": {},
                  "uuid": "b3eb1849-33e4-4f79-98ce-d8e3e3e88f1f",
                  "parentUUID": "66722804-9899-4ab6-8dee-08a0ff9dc17b",
                  "isHook": false,
                  "skipped": false
                },
                {
                  "title": "should work with luxon DateTime object",
                  "fullTitle": "ICalTools toDate() should work with luxon DateTime object",
                  "timedOut": false,
                  "duration": 0,
                  "state": "passed",
                  "speed": "fast",
                  "pass": true,
                  "fail": false,
                  "pending": false,
                  "context": null,
                  "code": "const date = new Date();\nassert.deepStrictEqual(toDate(DateTime.fromJSDate(date)), date);",
                  "err": {},
                  "uuid": "57602382-bfac-49a9-a15b-6e7c93903a3b",
                  "parentUUID": "66722804-9899-4ab6-8dee-08a0ff9dc17b",
                  "isHook": false,
                  "skipped": false
                }
              ],
              "suites": [],
              "passes": [
                "4716cd6d-6a69-4a03-893a-3bc7c2c0002d",
                "fa84cba7-482f-4e40-8ac6-84552382388e",
                "b49f3d03-470d-42ef-b06a-1a5b884a2025",
                "760de39d-0e4a-49a7-8881-aef28a113610",
                "b3eb1849-33e4-4f79-98ce-d8e3e3e88f1f",
                "57602382-bfac-49a9-a15b-6e7c93903a3b"
              ],
              "failures": [],
              "pending": [],
              "skipped": [],
              "duration": 0,
              "root": false,
              "rootEmpty": false,
              "_timeout": 2000
            },
            {
              "uuid": "c63a852f-b001-428d-9a47-44fd2655d964",
              "title": "toDurationString()",
              "fullFile": "/home/runner/work/ical-generator/ical-generator/test/tools.ts",
              "file": "/test/tools.ts",
              "beforeHooks": [],
              "afterHooks": [],
              "tests": [
                {
                  "title": "should work",
                  "fullTitle": "ICalTools toDurationString() should work",
                  "timedOut": false,
                  "duration": 0,
                  "state": "passed",
                  "speed": "fast",
                  "pass": true,
                  "fail": false,
                  "pending": false,
                  "context": null,
                  "code": "assert.strictEqual(toDurationString(0), 'PT0S');\nassert.strictEqual(toDurationString(1), 'PT1S');\nassert.strictEqual(toDurationString(60), 'PT1M');\nassert.strictEqual(toDurationString(3600), 'PT1H');\nassert.strictEqual(toDurationString(86400), 'P1D');\nassert.strictEqual(toDurationString(-3600), '-PT1H');",
                  "err": {},
                  "uuid": "c16bdbbf-d7e1-4976-95fc-c89489c8135f",
                  "parentUUID": "c63a852f-b001-428d-9a47-44fd2655d964",
                  "isHook": false,
                  "skipped": false
                }
              ],
              "suites": [],
              "passes": [
                "c16bdbbf-d7e1-4976-95fc-c89489c8135f"
              ],
              "failures": [],
              "pending": [],
              "skipped": [],
              "duration": 0,
              "root": false,
              "rootEmpty": false,
              "_timeout": 2000
            }
          ],
          "passes": [],
          "failures": [],
          "pending": [],
          "skipped": [],
          "duration": 0,
          "root": false,
          "rootEmpty": false,
          "_timeout": 2000
        },
        {
          "uuid": "84ab83f1-13ec-493e-96ba-5c40eb051232",
          "title": "ical-generator Types",
          "fullFile": "/home/runner/work/ical-generator/ical-generator/test/types.ts",
          "file": "/test/types.ts",
          "beforeHooks": [],
          "afterHooks": [],
          "tests": [
            {
              "title": "stubs should be compatible with third party libraries",
              "fullTitle": "ical-generator Types stubs should be compatible with third party libraries",
              "timedOut": false,
              "duration": 0,
              "state": "passed",
              "speed": "fast",
              "pass": true,
              "fail": false,
              "pending": false,
              "context": null,
              "code": "assert.ok(dayJsTest, 'day.js stub should be compatible');\nassert.ok(luxonTest, 'luxon stub should be compatible');\nassert.ok(momentTest, 'moment stub should be compatible');\nassert.ok(momentTimezoneTest, 'moment-timezone stub should be compatible');\nassert.ok(rruleTest, 'rrule stub should be compatible');",
              "err": {},
              "uuid": "3171bcc8-4790-4c72-b7af-5decf193e749",
              "parentUUID": "84ab83f1-13ec-493e-96ba-5c40eb051232",
              "isHook": false,
              "skipped": false
            },
            {
              "title": "calendar data should be compatible with calendar json data",
              "fullTitle": "ical-generator Types calendar data should be compatible with calendar json data",
              "timedOut": false,
              "duration": 0,
              "state": "passed",
              "speed": "fast",
              "pass": true,
              "fail": false,
              "pending": false,
              "context": null,
              "code": "assert.ok(attendeeJson, 'attendee json data should be compatible');\nassert.ok(calendarJson, 'calendar json data should be compatible');\nassert.ok(categoryJson, 'category json data should be compatible');\nassert.ok(eventJson, 'event json data should be compatible');",
              "err": {},
              "uuid": "4e847b4d-87f4-4e5d-ba2e-193e4393bf56",
              "parentUUID": "84ab83f1-13ec-493e-96ba-5c40eb051232",
              "isHook": false,
              "skipped": false
            }
          ],
          "suites": [],
          "passes": [
            "3171bcc8-4790-4c72-b7af-5decf193e749",
            "4e847b4d-87f4-4e5d-ba2e-193e4393bf56"
          ],
          "failures": [],
          "pending": [],
          "skipped": [],
          "duration": 0,
          "root": false,
          "rootEmpty": false,
          "_timeout": 2000
        }
      ],
      "passes": [],
      "failures": [],
      "pending": [],
      "skipped": [],
      "duration": 0,
      "root": true,
      "rootEmpty": true,
      "_timeout": 2000
    }
  ],
  "meta": {
    "mocha": {
      "version": "10.7.0"
    },
    "mochawesome": {
      "options": {
        "quiet": false,
        "reportFilename": "mochawesome",
        "saveHtml": true,
        "saveJson": true,
        "consoleReporter": "spec",
        "useInlineDiffs": false,
        "code": true
      },
      "version": "7.1.3"
    },
    "marge": {
      "options": null,
      "version": "6.2.0"
    }
  }
}