{
  "stats": {
    "suites": 133,
    "tests": 464,
    "passes": 462,
    "pending": 2,
    "failures": 0,
    "start": "2025-06-25T06:47:44.612Z",
    "end": "2025-06-25T06:47:44.812Z",
    "duration": 200,
    "testsRegistered": 464,
    "passPercent": 100,
    "pendingPercent": 0.43103448275862066,
    "other": 0,
    "hasOther": false,
    "skipped": 0,
    "hasSkipped": false
  },
  "results": [
    {
      "uuid": "df8f83db-549d-4663-9e4f-2948e4c8b7cd",
      "title": "",
      "fullFile": "",
      "file": "",
      "beforeHooks": [],
      "afterHooks": [],
      "tests": [],
      "suites": [
        {
          "uuid": "bf0eeed2-24aa-4a44-9267-b73371605440",
          "title": "ical-generator Alarm",
          "fullFile": "/home/runner/work/ical-generator/ical-generator/test/alarm.ts",
          "file": "/test/alarm.ts",
          "beforeHooks": [],
          "afterHooks": [],
          "tests": [],
          "suites": [
            {
              "uuid": "195c877e-cd03-41e5-bdfc-0bd3440a77c0",
              "title": "constructor()",
              "fullFile": "/home/runner/work/ical-generator/ical-generator/test/alarm.ts",
              "file": "/test/alarm.ts",
              "beforeHooks": [],
              "afterHooks": [],
              "tests": [
                {
                  "title": "shouldn't work without event reference",
                  "fullTitle": "ical-generator Alarm constructor() shouldn't work without event reference",
                  "timedOut": false,
                  "duration": 1,
                  "state": "passed",
                  "speed": "fast",
                  "pass": true,
                  "fail": false,
                  "pending": false,
                  "context": null,
                  "code": "assert.throws(function(){new ICalAlarm({type:ICalAlarmType.display},null)},/`event`/)",
                  "err": {},
                  "uuid": "96f088d9-dd3b-4ab5-a53e-7e2d053c8716",
                  "parentUUID": "195c877e-cd03-41e5-bdfc-0bd3440a77c0",
                  "isHook": false,
                  "skipped": false
                },
                {
                  "title": "should ignore unknown data attributes",
                  "fullTitle": "ical-generator Alarm constructor() should ignore unknown data attributes",
                  "timedOut": false,
                  "duration": 0,
                  "state": "passed",
                  "speed": "fast",
                  "pass": true,
                  "fail": false,
                  "pending": false,
                  "context": null,
                  "code": "const a=new ICalAlarm({type:ICalAlarmType.display,unknown:true},new ICalEvent({start:new Date},new ICalCalendar));assert.strictEqual(a.type(),\"display\")",
                  "err": {},
                  "uuid": "77190670-a21d-444c-bef3-704d5124e2a3",
                  "parentUUID": "195c877e-cd03-41e5-bdfc-0bd3440a77c0",
                  "isHook": false,
                  "skipped": false
                }
              ],
              "suites": [],
              "passes": [
                "96f088d9-dd3b-4ab5-a53e-7e2d053c8716",
                "77190670-a21d-444c-bef3-704d5124e2a3"
              ],
              "failures": [],
              "pending": [],
              "skipped": [],
              "duration": 1,
              "root": false,
              "rootEmpty": false,
              "_timeout": 2000
            },
            {
              "uuid": "d486ffd0-b5f9-4457-8129-abbf4033312b",
              "title": "type()",
              "fullFile": "/home/runner/work/ical-generator/ical-generator/test/alarm.ts",
              "file": "/test/alarm.ts",
              "beforeHooks": [],
              "afterHooks": [],
              "tests": [
                {
                  "title": "setter should return this",
                  "fullTitle": "ical-generator Alarm type() setter should return this",
                  "timedOut": false,
                  "duration": 0,
                  "state": "passed",
                  "speed": "fast",
                  "pass": true,
                  "fail": false,
                  "pending": false,
                  "context": null,
                  "code": "const a=new ICalAlarm({},new ICalEvent({start:new Date},new ICalCalendar));assert.deepStrictEqual(a,a.type(ICalAlarmType.display))",
                  "err": {},
                  "uuid": "fdf0037c-2f70-40e0-a056-590ae5cc2335",
                  "parentUUID": "d486ffd0-b5f9-4457-8129-abbf4033312b",
                  "isHook": false,
                  "skipped": false
                },
                {
                  "title": "getter should return value",
                  "fullTitle": "ical-generator Alarm type() getter should return value",
                  "timedOut": false,
                  "duration": 1,
                  "state": "passed",
                  "speed": "fast",
                  "pass": true,
                  "fail": false,
                  "pending": false,
                  "context": null,
                  "code": "const a=new ICalAlarm({},new ICalEvent({start:new Date},new ICalCalendar));assert.strictEqual(a.type(),\"display\");a.type(ICalAlarmType.audio);assert.strictEqual(a.type(),\"audio\")",
                  "err": {},
                  "uuid": "3056ead7-eddf-4985-87ee-c3cc96ea5062",
                  "parentUUID": "d486ffd0-b5f9-4457-8129-abbf4033312b",
                  "isHook": false,
                  "skipped": false
                },
                {
                  "title": "should throw error when type not allowed",
                  "fullTitle": "ical-generator Alarm type() should throw error when type not allowed",
                  "timedOut": false,
                  "duration": 0,
                  "state": "passed",
                  "speed": "fast",
                  "pass": true,
                  "fail": false,
                  "pending": false,
                  "context": null,
                  "code": "const a=new ICalAlarm({},new ICalEvent({start:new Date},new ICalCalendar));assert.throws(function(){a.type(\"BANANA\")},/`type`/);assert.throws(function(){a.type(null)},/`type`/)",
                  "err": {},
                  "uuid": "fc1d8313-e7aa-48a6-933d-350a17215d6b",
                  "parentUUID": "d486ffd0-b5f9-4457-8129-abbf4033312b",
                  "isHook": false,
                  "skipped": false
                },
                {
                  "title": "should change something",
                  "fullTitle": "ical-generator Alarm type() should change something",
                  "timedOut": false,
                  "duration": 1,
                  "state": "passed",
                  "speed": "fast",
                  "pass": true,
                  "fail": false,
                  "pending": false,
                  "context": null,
                  "code": "const a=new ICalAlarm({},new ICalEvent({start:new Date},new ICalCalendar));assert.ok(a.toString().indexOf(\"ACTION:DISPLAY\")>-1)",
                  "err": {},
                  "uuid": "18cbe507-c69b-4321-8efd-c891016efa45",
                  "parentUUID": "d486ffd0-b5f9-4457-8129-abbf4033312b",
                  "isHook": false,
                  "skipped": false
                }
              ],
              "suites": [],
              "passes": [
                "fdf0037c-2f70-40e0-a056-590ae5cc2335",
                "3056ead7-eddf-4985-87ee-c3cc96ea5062",
                "fc1d8313-e7aa-48a6-933d-350a17215d6b",
                "18cbe507-c69b-4321-8efd-c891016efa45"
              ],
              "failures": [],
              "pending": [],
              "skipped": [],
              "duration": 2,
              "root": false,
              "rootEmpty": false,
              "_timeout": 2000
            },
            {
              "uuid": "7c434221-1016-4167-8ffa-4956b08cdbc9",
              "title": "trigger()",
              "fullFile": "/home/runner/work/ical-generator/ical-generator/test/alarm.ts",
              "file": "/test/alarm.ts",
              "beforeHooks": [],
              "afterHooks": [],
              "tests": [
                {
                  "title": "setter should return this",
                  "fullTitle": "ical-generator Alarm trigger() setter should return this",
                  "timedOut": false,
                  "duration": 0,
                  "state": "passed",
                  "speed": "fast",
                  "pass": true,
                  "fail": false,
                  "pending": false,
                  "context": null,
                  "code": "const a=new ICalAlarm({},new ICalEvent({start:new Date},new ICalCalendar));assert.deepStrictEqual(a,a.trigger(60*10))",
                  "err": {},
                  "uuid": "0633e8ce-e9dc-4990-a416-9353b6a44506",
                  "parentUUID": "7c434221-1016-4167-8ffa-4956b08cdbc9",
                  "isHook": false,
                  "skipped": false
                },
                {
                  "title": "getter should return value",
                  "fullTitle": "ical-generator Alarm trigger() getter should return value",
                  "timedOut": false,
                  "duration": 0,
                  "state": "passed",
                  "speed": "fast",
                  "pass": true,
                  "fail": false,
                  "pending": false,
                  "context": null,
                  "code": "const a=new ICalAlarm({},new ICalEvent({start:new Date},new ICalCalendar));const now=new Date;assert.strictEqual(a.trigger(),600);assert.strictEqual(a.triggerAfter(),-600);a.trigger(300);assert.strictEqual(a.trigger(),300);assert.strictEqual(a.triggerAfter(),-300);a.trigger(now);const dateResult=a.trigger();assert.deepStrictEqual(dateResult,now)",
                  "err": {},
                  "uuid": "673a043f-3690-4475-9712-47fc67550fb9",
                  "parentUUID": "7c434221-1016-4167-8ffa-4956b08cdbc9",
                  "isHook": false,
                  "skipped": false
                },
                {
                  "title": "should throw error when trigger not allowed",
                  "fullTitle": "ical-generator Alarm trigger() should throw error when trigger not allowed",
                  "timedOut": false,
                  "duration": 0,
                  "state": "passed",
                  "speed": "fast",
                  "pass": true,
                  "fail": false,
                  "pending": false,
                  "context": null,
                  "code": "const a=new ICalAlarm({},new ICalEvent({start:new Date},new ICalCalendar));assert.throws(function(){a.trigger(Infinity)},/`trigger`/);assert.throws(function(){a.trigger(\"hi\")},/`trigger`/);assert.throws(function(){a.trigger(true)},/`trigger`/)",
                  "err": {},
                  "uuid": "a6c1159f-dec3-48d5-bcb2-f7e321deb162",
                  "parentUUID": "7c434221-1016-4167-8ffa-4956b08cdbc9",
                  "isHook": false,
                  "skipped": false
                },
                {
                  "title": "setter should work with date",
                  "fullTitle": "ical-generator Alarm trigger() setter should work with date",
                  "timedOut": false,
                  "duration": 1,
                  "state": "passed",
                  "speed": "fast",
                  "pass": true,
                  "fail": false,
                  "pending": false,
                  "context": null,
                  "code": "const a=new ICalAlarm({},new ICalEvent({start:new Date},new ICalCalendar));a.trigger(new Date);assert.ok(a.trigger()instanceof Date)",
                  "err": {},
                  "uuid": "eac60ef6-0dbf-45d5-a2a8-c70299bc9410",
                  "parentUUID": "7c434221-1016-4167-8ffa-4956b08cdbc9",
                  "isHook": false,
                  "skipped": false
                },
                {
                  "title": "setter should work with moment instance",
                  "fullTitle": "ical-generator Alarm trigger() setter should work with moment instance",
                  "timedOut": false,
                  "duration": 0,
                  "state": "passed",
                  "speed": "fast",
                  "pass": true,
                  "fail": false,
                  "pending": false,
                  "context": null,
                  "code": "const a=new ICalAlarm({},new ICalEvent({start:new Date},new ICalCalendar));a.trigger(moment());assert.ok(moment.isMoment(a.trigger()))",
                  "err": {},
                  "uuid": "e0a3eefc-287f-4a07-a7c6-8e8ec7dc4ee5",
                  "parentUUID": "7c434221-1016-4167-8ffa-4956b08cdbc9",
                  "isHook": false,
                  "skipped": false
                },
                {
                  "title": "setter should work with number",
                  "fullTitle": "ical-generator Alarm trigger() setter should work with number",
                  "timedOut": false,
                  "duration": 0,
                  "state": "passed",
                  "speed": "fast",
                  "pass": true,
                  "fail": false,
                  "pending": false,
                  "context": null,
                  "code": "const a=new ICalAlarm({},new ICalEvent({start:new Date},new ICalCalendar));a.trigger(2*60);assert.strictEqual(a.trigger(),120)",
                  "err": {},
                  "uuid": "5433e124-b325-4f30-b589-60984828cf10",
                  "parentUUID": "7c434221-1016-4167-8ffa-4956b08cdbc9",
                  "isHook": false,
                  "skipped": false
                },
                {
                  "title": "should change something",
                  "fullTitle": "ical-generator Alarm trigger() should change something",
                  "timedOut": false,
                  "duration": 3,
                  "state": "passed",
                  "speed": "fast",
                  "pass": true,
                  "fail": false,
                  "pending": false,
                  "context": null,
                  "code": "const trigger=moment(\"2015-02-01T13:38:45.000Z\");const a=new ICalAlarm({},new ICalEvent({start:new Date},new ICalCalendar));assert.ok(a.toString().includes(\"TRIGGER:-PT10M\"));a.trigger(trigger);assert.ok(a.toString().includes(\"TRIGGER;VALUE=DATE-TIME:20150201T133845Z\"))",
                  "err": {},
                  "uuid": "6cba800d-d9e9-4c24-9748-e497ebfb0425",
                  "parentUUID": "7c434221-1016-4167-8ffa-4956b08cdbc9",
                  "isHook": false,
                  "skipped": false
                }
              ],
              "suites": [],
              "passes": [
                "0633e8ce-e9dc-4990-a416-9353b6a44506",
                "673a043f-3690-4475-9712-47fc67550fb9",
                "a6c1159f-dec3-48d5-bcb2-f7e321deb162",
                "eac60ef6-0dbf-45d5-a2a8-c70299bc9410",
                "e0a3eefc-287f-4a07-a7c6-8e8ec7dc4ee5",
                "5433e124-b325-4f30-b589-60984828cf10",
                "6cba800d-d9e9-4c24-9748-e497ebfb0425"
              ],
              "failures": [],
              "pending": [],
              "skipped": [],
              "duration": 4,
              "root": false,
              "rootEmpty": false,
              "_timeout": 2000
            },
            {
              "uuid": "6e0cc7ce-f174-45d1-be0e-0db1bbbafbc9",
              "title": "triggerAfter()",
              "fullFile": "/home/runner/work/ical-generator/ical-generator/test/alarm.ts",
              "file": "/test/alarm.ts",
              "beforeHooks": [],
              "afterHooks": [],
              "tests": [
                {
                  "title": "setter should return this",
                  "fullTitle": "ical-generator Alarm triggerAfter() setter should return this",
                  "timedOut": false,
                  "duration": 0,
                  "state": "passed",
                  "speed": "fast",
                  "pass": true,
                  "fail": false,
                  "pending": false,
                  "context": null,
                  "code": "const a=new ICalAlarm({},new ICalEvent({start:new Date},new ICalCalendar));assert.deepStrictEqual(a,a.triggerAfter(60*10))",
                  "err": {},
                  "uuid": "9f382f21-029e-41f5-a8fc-dc710b85f1f5",
                  "parentUUID": "6e0cc7ce-f174-45d1-be0e-0db1bbbafbc9",
                  "isHook": false,
                  "skipped": false
                },
                {
                  "title": "getter should return value",
                  "fullTitle": "ical-generator Alarm triggerAfter() getter should return value",
                  "timedOut": false,
                  "duration": 1,
                  "state": "passed",
                  "speed": "fast",
                  "pass": true,
                  "fail": false,
                  "pending": false,
                  "context": null,
                  "code": "const a=new ICalAlarm({},new ICalEvent({start:new Date},new ICalCalendar)).triggerAfter(300);assert.strictEqual(a.triggerAfter(),300);assert.strictEqual(a.trigger(),-300)",
                  "err": {},
                  "uuid": "9c8f8f7b-65ea-4b19-abee-748d9bd1714e",
                  "parentUUID": "6e0cc7ce-f174-45d1-be0e-0db1bbbafbc9",
                  "isHook": false,
                  "skipped": false
                },
                {
                  "title": "setter should work with number",
                  "fullTitle": "ical-generator Alarm triggerAfter() setter should work with number",
                  "timedOut": false,
                  "duration": 0,
                  "state": "passed",
                  "speed": "fast",
                  "pass": true,
                  "fail": false,
                  "pending": false,
                  "context": null,
                  "code": "const a=new ICalAlarm({},new ICalEvent({start:new Date},new ICalCalendar));a.triggerAfter(120);assert.strictEqual(a.trigger(),-120)",
                  "err": {},
                  "uuid": "72fcfe60-e2ad-42c6-a17c-c235e8582611",
                  "parentUUID": "6e0cc7ce-f174-45d1-be0e-0db1bbbafbc9",
                  "isHook": false,
                  "skipped": false
                },
                {
                  "title": "setter should throw error when trigger not allowed",
                  "fullTitle": "ical-generator Alarm triggerAfter() setter should throw error when trigger not allowed",
                  "timedOut": false,
                  "duration": 0,
                  "state": "passed",
                  "speed": "fast",
                  "pass": true,
                  "fail": false,
                  "pending": false,
                  "context": null,
                  "code": "const a=new ICalAlarm({},new ICalEvent({start:new Date},new ICalCalendar));assert.throws(function(){a.triggerAfter(Infinity)},/`trigger`/);assert.throws(function(){a.triggerAfter(\"hi\")},/`trigger`/);assert.throws(function(){a.triggerAfter(true)},/`trigger`/)",
                  "err": {},
                  "uuid": "3dbe1d2c-5a7f-4a3e-b72f-54340ab80bcc",
                  "parentUUID": "6e0cc7ce-f174-45d1-be0e-0db1bbbafbc9",
                  "isHook": false,
                  "skipped": false
                },
                {
                  "title": "should change something",
                  "fullTitle": "ical-generator Alarm triggerAfter() should change something",
                  "timedOut": false,
                  "duration": 1,
                  "state": "passed",
                  "speed": "fast",
                  "pass": true,
                  "fail": false,
                  "pending": false,
                  "context": null,
                  "code": "const trigger=moment(\"20150201T133845Z\");const a=new ICalAlarm({triggerAfter:600},new ICalEvent({start:new Date},new ICalCalendar));assert.ok(a.toString().indexOf(\"TRIGGER;RELATED=END:PT10M\")>-1);a.triggerAfter(trigger);assert.ok(a.toString().indexOf(\"TRIGGER;VALUE=DATE-TIME:20150201T133845Z\")>-1)",
                  "err": {},
                  "uuid": "486433a3-9db0-40a9-8751-313db5ba80ba",
                  "parentUUID": "6e0cc7ce-f174-45d1-be0e-0db1bbbafbc9",
                  "isHook": false,
                  "skipped": false
                }
              ],
              "suites": [],
              "passes": [
                "9f382f21-029e-41f5-a8fc-dc710b85f1f5",
                "9c8f8f7b-65ea-4b19-abee-748d9bd1714e",
                "72fcfe60-e2ad-42c6-a17c-c235e8582611",
                "3dbe1d2c-5a7f-4a3e-b72f-54340ab80bcc",
                "486433a3-9db0-40a9-8751-313db5ba80ba"
              ],
              "failures": [],
              "pending": [],
              "skipped": [],
              "duration": 2,
              "root": false,
              "rootEmpty": false,
              "_timeout": 2000
            },
            {
              "uuid": "4fb4d781-738f-4577-9e26-0edeba83f45f",
              "title": "triggerBefore()",
              "fullFile": "/home/runner/work/ical-generator/ical-generator/test/alarm.ts",
              "file": "/test/alarm.ts",
              "beforeHooks": [],
              "afterHooks": [],
              "tests": [
                {
                  "title": "setter should return this",
                  "fullTitle": "ical-generator Alarm triggerBefore() setter should return this",
                  "timedOut": false,
                  "duration": 0,
                  "state": "passed",
                  "speed": "fast",
                  "pass": true,
                  "fail": false,
                  "pending": false,
                  "context": null,
                  "code": "const a=new ICalAlarm({},new ICalEvent({start:new Date},new ICalCalendar));assert.deepStrictEqual(a,a.triggerBefore(60*10))",
                  "err": {},
                  "uuid": "7df068e0-c527-4cc7-bf55-828bbb130052",
                  "parentUUID": "4fb4d781-738f-4577-9e26-0edeba83f45f",
                  "isHook": false,
                  "skipped": false
                },
                {
                  "title": "getter should return value",
                  "fullTitle": "ical-generator Alarm triggerBefore() getter should return value",
                  "timedOut": false,
                  "duration": 0,
                  "state": "passed",
                  "speed": "fast",
                  "pass": true,
                  "fail": false,
                  "pending": false,
                  "context": null,
                  "code": "const a=new ICalAlarm({},new ICalEvent({start:new Date},new ICalCalendar));const now=new Date;assert.strictEqual(a.triggerBefore(),600);a.trigger(300);assert.strictEqual(a.triggerBefore(),300);a.trigger(now);const dateResult=a.triggerBefore();assert.deepStrictEqual(dateResult,now)",
                  "err": {},
                  "uuid": "a20413a6-6581-4dd4-949a-7d69626dd574",
                  "parentUUID": "4fb4d781-738f-4577-9e26-0edeba83f45f",
                  "isHook": false,
                  "skipped": false
                },
                {
                  "title": "should throw error when trigger not allowed",
                  "fullTitle": "ical-generator Alarm triggerBefore() should throw error when trigger not allowed",
                  "timedOut": false,
                  "duration": 0,
                  "state": "passed",
                  "speed": "fast",
                  "pass": true,
                  "fail": false,
                  "pending": false,
                  "context": null,
                  "code": "const a=new ICalAlarm({},new ICalEvent({start:new Date},new ICalCalendar));assert.throws(function(){a.triggerBefore(Infinity)},/`trigger`/);assert.throws(function(){a.triggerBefore(\"hi\")},/`trigger`/);assert.throws(function(){a.triggerBefore(true)},/`trigger`/)",
                  "err": {},
                  "uuid": "84ac8f53-7bc9-4b90-805e-28e2ee720414",
                  "parentUUID": "4fb4d781-738f-4577-9e26-0edeba83f45f",
                  "isHook": false,
                  "skipped": false
                },
                {
                  "title": "setter should work with date",
                  "fullTitle": "ical-generator Alarm triggerBefore() setter should work with date",
                  "timedOut": false,
                  "duration": 0,
                  "state": "passed",
                  "speed": "fast",
                  "pass": true,
                  "fail": false,
                  "pending": false,
                  "context": null,
                  "code": "const a=new ICalAlarm({},new ICalEvent({start:new Date},new ICalCalendar));const now=new Date;a.triggerBefore(now);assert.deepStrictEqual(a.trigger(),now)",
                  "err": {},
                  "uuid": "6bc6a37a-8be9-4a82-ba65-8c75643a72ad",
                  "parentUUID": "4fb4d781-738f-4577-9e26-0edeba83f45f",
                  "isHook": false,
                  "skipped": false
                },
                {
                  "title": "setter should work with moment instance",
                  "fullTitle": "ical-generator Alarm triggerBefore() setter should work with moment instance",
                  "timedOut": false,
                  "duration": 0,
                  "state": "passed",
                  "speed": "fast",
                  "pass": true,
                  "fail": false,
                  "pending": false,
                  "context": null,
                  "code": "const a=new ICalAlarm({triggerBefore:moment()},new ICalEvent({start:new Date},new ICalCalendar));assert.ok(moment.isMoment(a.trigger()))",
                  "err": {},
                  "uuid": "13af8506-a2d3-4f8a-a5c0-93bc39a02b08",
                  "parentUUID": "4fb4d781-738f-4577-9e26-0edeba83f45f",
                  "isHook": false,
                  "skipped": false
                },
                {
                  "title": "setter should work with number",
                  "fullTitle": "ical-generator Alarm triggerBefore() setter should work with number",
                  "timedOut": false,
                  "duration": 1,
                  "state": "passed",
                  "speed": "fast",
                  "pass": true,
                  "fail": false,
                  "pending": false,
                  "context": null,
                  "code": "const a=new ICalAlarm({},new ICalEvent({start:new Date},new ICalCalendar));a.triggerBefore(2*60);assert.strictEqual(a.trigger(),120)",
                  "err": {},
                  "uuid": "85b58373-11fd-4d27-bb1c-54efb6d1ca66",
                  "parentUUID": "4fb4d781-738f-4577-9e26-0edeba83f45f",
                  "isHook": false,
                  "skipped": false
                },
                {
                  "title": "should change something",
                  "fullTitle": "ical-generator Alarm triggerBefore() should change something",
                  "timedOut": false,
                  "duration": 0,
                  "state": "passed",
                  "speed": "fast",
                  "pass": true,
                  "fail": false,
                  "pending": false,
                  "context": null,
                  "code": "const trigger=moment(\"2015-02-01T13:38:45.000Z\");const a=new ICalAlarm({},new ICalEvent({start:new Date},new ICalCalendar));assert.ok(a.toString().indexOf(\"TRIGGER:-PT10M\")>-1);a.triggerBefore(trigger);assert.ok(a.toString().indexOf(\"TRIGGER;VALUE=DATE-TIME:20150201T133845Z\")>-1)",
                  "err": {},
                  "uuid": "8f9ff1a6-8a8e-46b5-b224-4ba9344718f0",
                  "parentUUID": "4fb4d781-738f-4577-9e26-0edeba83f45f",
                  "isHook": false,
                  "skipped": false
                }
              ],
              "suites": [],
              "passes": [
                "7df068e0-c527-4cc7-bf55-828bbb130052",
                "a20413a6-6581-4dd4-949a-7d69626dd574",
                "84ac8f53-7bc9-4b90-805e-28e2ee720414",
                "6bc6a37a-8be9-4a82-ba65-8c75643a72ad",
                "13af8506-a2d3-4f8a-a5c0-93bc39a02b08",
                "85b58373-11fd-4d27-bb1c-54efb6d1ca66",
                "8f9ff1a6-8a8e-46b5-b224-4ba9344718f0"
              ],
              "failures": [],
              "pending": [],
              "skipped": [],
              "duration": 1,
              "root": false,
              "rootEmpty": false,
              "_timeout": 2000
            },
            {
              "uuid": "d0aaa3c9-47d1-4bed-818b-7fc9710f94d1",
              "title": "relatesTo()",
              "fullFile": "/home/runner/work/ical-generator/ical-generator/test/alarm.ts",
              "file": "/test/alarm.ts",
              "beforeHooks": [],
              "afterHooks": [],
              "tests": [
                {
                  "title": "setter should return this",
                  "fullTitle": "ical-generator Alarm relatesTo() setter should return this",
                  "timedOut": false,
                  "duration": 0,
                  "state": "passed",
                  "speed": "fast",
                  "pass": true,
                  "fail": false,
                  "pending": false,
                  "context": null,
                  "code": "const a=new ICalAlarm({},new ICalEvent({start:new Date},new ICalCalendar));assert.deepStrictEqual(a,a.relatesTo(null));assert.deepStrictEqual(a,a.relatesTo(ICalAlarmRelatesTo.end))",
                  "err": {},
                  "uuid": "d6e9e169-442e-48d8-8249-ada09d08549a",
                  "parentUUID": "d0aaa3c9-47d1-4bed-818b-7fc9710f94d1",
                  "isHook": false,
                  "skipped": false
                },
                {
                  "title": "getter should return value",
                  "fullTitle": "ical-generator Alarm relatesTo() getter should return value",
                  "timedOut": false,
                  "duration": 0,
                  "state": "passed",
                  "speed": "fast",
                  "pass": true,
                  "fail": false,
                  "pending": false,
                  "context": null,
                  "code": "const a=new ICalAlarm({},new ICalEvent({start:new Date},new ICalCalendar));a.relatesTo(ICalAlarmRelatesTo.end);assert.strictEqual(a.relatesTo(),ICalAlarmRelatesTo.end);a.relatesTo(null);assert.strictEqual(a.relatesTo(),null)",
                  "err": {},
                  "uuid": "dadba6fe-3ec8-4056-ba04-ffa121071700",
                  "parentUUID": "d0aaa3c9-47d1-4bed-818b-7fc9710f94d1",
                  "isHook": false,
                  "skipped": false
                },
                {
                  "title": "should throw if value is not `null`, \"START\" or \"END\"",
                  "fullTitle": "ical-generator Alarm relatesTo() should throw if value is not `null`, \"START\" or \"END\"",
                  "timedOut": false,
                  "duration": 0,
                  "state": "passed",
                  "speed": "fast",
                  "pass": true,
                  "fail": false,
                  "pending": false,
                  "context": null,
                  "code": "const a=new ICalAlarm({},new ICalEvent({start:new Date},new ICalCalendar));assert.throws(function(){a.relatesTo(\"hi\")},/`relatesTo`/);assert.throws(function(){a.relatesTo(true)},/`relatesTo`/);assert.throws(function(){a.relatesTo(Infinity)},/`relatesTo`/)",
                  "err": {},
                  "uuid": "d7e25612-efae-45bd-8806-943f18590717",
                  "parentUUID": "d0aaa3c9-47d1-4bed-818b-7fc9710f94d1",
                  "isHook": false,
                  "skipped": false
                },
                {
                  "title": "should change RELATED",
                  "fullTitle": "ical-generator Alarm relatesTo() should change RELATED",
                  "timedOut": false,
                  "duration": 0,
                  "state": "passed",
                  "speed": "fast",
                  "pass": true,
                  "fail": false,
                  "pending": false,
                  "context": null,
                  "code": "const a=new ICalAlarm({},new ICalEvent({start:new Date},new ICalCalendar));assert.ok(a.toString().indexOf(\"RELATED=START\")===-1);a.relatesTo(ICalAlarmRelatesTo.start);assert.ok(a.toString().indexOf(\"RELATED=START\")>-1);a.relatesTo(ICalAlarmRelatesTo.end);assert.ok(a.toString().indexOf(\"RELATED=END\")>-1)",
                  "err": {},
                  "uuid": "7c7090aa-e789-49ca-98a1-91f803598df6",
                  "parentUUID": "d0aaa3c9-47d1-4bed-818b-7fc9710f94d1",
                  "isHook": false,
                  "skipped": false
                }
              ],
              "suites": [],
              "passes": [
                "d6e9e169-442e-48d8-8249-ada09d08549a",
                "dadba6fe-3ec8-4056-ba04-ffa121071700",
                "d7e25612-efae-45bd-8806-943f18590717",
                "7c7090aa-e789-49ca-98a1-91f803598df6"
              ],
              "failures": [],
              "pending": [],
              "skipped": [],
              "duration": 0,
              "root": false,
              "rootEmpty": false,
              "_timeout": 2000
            },
            {
              "uuid": "d744460b-afa0-46de-ad49-5d2b656a5c30",
              "title": "repeat()",
              "fullFile": "/home/runner/work/ical-generator/ical-generator/test/alarm.ts",
              "file": "/test/alarm.ts",
              "beforeHooks": [],
              "afterHooks": [],
              "tests": [
                {
                  "title": "setter should return this",
                  "fullTitle": "ical-generator Alarm repeat() setter should return this",
                  "timedOut": false,
                  "duration": 1,
                  "state": "passed",
                  "speed": "fast",
                  "pass": true,
                  "fail": false,
                  "pending": false,
                  "context": null,
                  "code": "const a=new ICalAlarm({},new ICalEvent({start:new Date},new ICalCalendar));assert.deepStrictEqual(a,a.repeat({interval:60,times:4}))",
                  "err": {},
                  "uuid": "b6b44485-cd28-4cb4-a587-f2b8d46a92e4",
                  "parentUUID": "d744460b-afa0-46de-ad49-5d2b656a5c30",
                  "isHook": false,
                  "skipped": false
                },
                {
                  "title": "getter should return value",
                  "fullTitle": "ical-generator Alarm repeat() getter should return value",
                  "timedOut": false,
                  "duration": 0,
                  "state": "passed",
                  "speed": "fast",
                  "pass": true,
                  "fail": false,
                  "pending": false,
                  "context": null,
                  "code": "const a=new ICalAlarm({},new ICalEvent({start:new Date},new ICalCalendar));assert.strictEqual(a.repeat(),null);a.repeat({interval:60,times:4});assert.deepStrictEqual(a.repeat(),{interval:60,times:4})",
                  "err": {},
                  "uuid": "36424b39-405c-4496-906b-6c2cb278343c",
                  "parentUUID": "d744460b-afa0-46de-ad49-5d2b656a5c30",
                  "isHook": false,
                  "skipped": false
                },
                {
                  "title": "should throw error if repeat not allowed",
                  "fullTitle": "ical-generator Alarm repeat() should throw error if repeat not allowed",
                  "timedOut": false,
                  "duration": 1,
                  "state": "passed",
                  "speed": "fast",
                  "pass": true,
                  "fail": false,
                  "pending": false,
                  "context": null,
                  "code": "const a=new ICalAlarm({},new ICalEvent({start:new Date},new ICalCalendar));assert.throws(function(){a.repeat({interval:60,times:Infinity})},/`repeat.times`/);assert.throws(function(){a.repeat({interval:60,times:\"hi\"})},/`repeat.times`/);assert.throws(function(){a.repeat({interval:60,times:true})},/`repeat.times`/);assert.throws(function(){a.repeat({interval:Infinity,times:4})},/`repeat.interval`/);assert.throws(function(){a.repeat({interval:\"hi\",times:4})},/`repeat.interval`/);assert.throws(function(){a.repeat({interval:true,times:4})},/`repeat.interval`/)",
                  "err": {},
                  "uuid": "557b9f73-6ef1-49ad-9119-95bd4552e617",
                  "parentUUID": "d744460b-afa0-46de-ad49-5d2b656a5c30",
                  "isHook": false,
                  "skipped": false
                },
                {
                  "title": "should change something",
                  "fullTitle": "ical-generator Alarm repeat() should change something",
                  "timedOut": false,
                  "duration": 0,
                  "state": "passed",
                  "speed": "fast",
                  "pass": true,
                  "fail": false,
                  "pending": false,
                  "context": null,
                  "code": "const a=new ICalAlarm({repeat:{interval:90,times:42},trigger:300},new ICalEvent({start:new Date},new ICalCalendar));assert.ok(a.toString().includes(\"REPEAT:42\"));assert.ok(a.toString().includes(\"DURATION:PT1M30S\"));a.repeat(null);assert.ok(!a.toString().includes(\"REPEAT:42\"));assert.ok(!a.toString().includes(\"DURATION:PT1M30S\"))",
                  "err": {},
                  "uuid": "a95b6b43-a0e5-4756-ba4d-6951177db299",
                  "parentUUID": "d744460b-afa0-46de-ad49-5d2b656a5c30",
                  "isHook": false,
                  "skipped": false
                },
                {
                  "title": "should throw an error if repeat is set but interval isn't",
                  "fullTitle": "ical-generator Alarm repeat() should throw an error if repeat is set but interval isn't",
                  "timedOut": false,
                  "duration": 0,
                  "state": "passed",
                  "speed": "fast",
                  "pass": true,
                  "fail": false,
                  "pending": false,
                  "context": null,
                  "code": "assert.throws(function(){new ICalAlarm({repeat:{interval:null,times:4},trigger:300},new ICalEvent({start:new Date},new ICalCalendar))},/`repeat.interval`/)",
                  "err": {},
                  "uuid": "8616c088-b67f-48ce-93bb-008322278dfe",
                  "parentUUID": "d744460b-afa0-46de-ad49-5d2b656a5c30",
                  "isHook": false,
                  "skipped": false
                },
                {
                  "title": "should throw an error if interval is set but repeat isn't",
                  "fullTitle": "ical-generator Alarm repeat() should throw an error if interval is set but repeat isn't",
                  "timedOut": false,
                  "duration": 0,
                  "state": "passed",
                  "speed": "fast",
                  "pass": true,
                  "fail": false,
                  "pending": false,
                  "context": null,
                  "code": "assert.throws(function(){new ICalAlarm({repeat:{interval:60,times:null},trigger:300},new ICalEvent({start:new Date},new ICalCalendar))},/`repeat.times`/)",
                  "err": {},
                  "uuid": "4cbf9522-2cf2-4c90-b174-8208f1e50de2",
                  "parentUUID": "d744460b-afa0-46de-ad49-5d2b656a5c30",
                  "isHook": false,
                  "skipped": false
                },
                {
                  "title": "should throw an error if interval is of wrong type",
                  "fullTitle": "ical-generator Alarm repeat() should throw an error if interval is of wrong type",
                  "timedOut": false,
                  "duration": 0,
                  "state": "passed",
                  "speed": "fast",
                  "pass": true,
                  "fail": false,
                  "pending": false,
                  "context": null,
                  "code": "assert.throws(function(){new ICalAlarm({repeat:true,trigger:300},new ICalEvent({start:new Date},new ICalCalendar))},/`repeat` is not correct, must be an object!/)",
                  "err": {},
                  "uuid": "43d15d16-b868-45aa-b011-c11e1379d83a",
                  "parentUUID": "d744460b-afa0-46de-ad49-5d2b656a5c30",
                  "isHook": false,
                  "skipped": false
                }
              ],
              "suites": [],
              "passes": [
                "b6b44485-cd28-4cb4-a587-f2b8d46a92e4",
                "36424b39-405c-4496-906b-6c2cb278343c",
                "557b9f73-6ef1-49ad-9119-95bd4552e617",
                "a95b6b43-a0e5-4756-ba4d-6951177db299",
                "8616c088-b67f-48ce-93bb-008322278dfe",
                "4cbf9522-2cf2-4c90-b174-8208f1e50de2",
                "43d15d16-b868-45aa-b011-c11e1379d83a"
              ],
              "failures": [],
              "pending": [],
              "skipped": [],
              "duration": 2,
              "root": false,
              "rootEmpty": false,
              "_timeout": 2000
            },
            {
              "uuid": "3eea831e-a31f-4c00-b8c9-65e7f791ff5f",
              "title": "attach()",
              "fullFile": "/home/runner/work/ical-generator/ical-generator/test/alarm.ts",
              "file": "/test/alarm.ts",
              "beforeHooks": [],
              "afterHooks": [],
              "tests": [
                {
                  "title": "setter should return this",
                  "fullTitle": "ical-generator Alarm attach() setter should return this",
                  "timedOut": false,
                  "duration": 0,
                  "state": "passed",
                  "speed": "fast",
                  "pass": true,
                  "fail": false,
                  "pending": false,
                  "context": null,
                  "code": "const a=new ICalAlarm({},new ICalEvent({start:new Date},new ICalCalendar));assert.deepStrictEqual(a,a.attach(null));assert.deepStrictEqual(a,a.attach(\"https://sebbo.net/beep.aud\"))",
                  "err": {},
                  "uuid": "aef58a6b-c875-4cbf-b360-942ef52d9d0a",
                  "parentUUID": "3eea831e-a31f-4c00-b8c9-65e7f791ff5f",
                  "isHook": false,
                  "skipped": false
                },
                {
                  "title": "getter should return value",
                  "fullTitle": "ical-generator Alarm attach() getter should return value",
                  "timedOut": false,
                  "duration": 0,
                  "state": "passed",
                  "speed": "fast",
                  "pass": true,
                  "fail": false,
                  "pending": false,
                  "context": null,
                  "code": "const t={mime:\"audio/basic\",uri:\"https://example.com/alarm.aud\"};const a=new ICalAlarm({},new ICalEvent({start:new Date},new ICalCalendar));assert.strictEqual(a.attach(),null);a.attach(t);assert.deepStrictEqual(a.attach(),t);a.attach(\"https://www.example.com/beep.aud\");assert.deepStrictEqual(a.attach(),{mime:null,uri:\"https://www.example.com/beep.aud\"});a.attach({uri:\"https://www.example.com/beep.aud\"});assert.deepStrictEqual(a.attach(),{mime:null,uri:\"https://www.example.com/beep.aud\"});a.attach(null);assert.strictEqual(a.attach(),null)",
                  "err": {},
                  "uuid": "354e5392-0de3-448b-bd6a-a036490c802f",
                  "parentUUID": "3eea831e-a31f-4c00-b8c9-65e7f791ff5f",
                  "isHook": false,
                  "skipped": false
                },
                {
                  "title": "should throw error withour uri",
                  "fullTitle": "ical-generator Alarm attach() should throw error withour uri",
                  "timedOut": false,
                  "duration": 1,
                  "state": "passed",
                  "speed": "fast",
                  "pass": true,
                  "fail": false,
                  "pending": false,
                  "context": null,
                  "code": "const a=new ICalAlarm({},new ICalEvent({start:new Date},new ICalCalendar));assert.throws(function(){a.attach({mime:\"audio/basic\"})},/`attach.uri`/)",
                  "err": {},
                  "uuid": "8a120f31-e744-452c-b98b-10f34ba9be41",
                  "parentUUID": "3eea831e-a31f-4c00-b8c9-65e7f791ff5f",
                  "isHook": false,
                  "skipped": false
                },
                {
                  "title": "should throw error when unknown format",
                  "fullTitle": "ical-generator Alarm attach() should throw error when unknown format",
                  "timedOut": false,
                  "duration": 0,
                  "state": "passed",
                  "speed": "fast",
                  "pass": true,
                  "fail": false,
                  "pending": false,
                  "context": null,
                  "code": "const a=new ICalAlarm({},new ICalEvent({start:new Date},new ICalCalendar));assert.throws(function(){a.attach(Infinity)},/`attachment`/)",
                  "err": {},
                  "uuid": "03f8906e-0dea-4611-a56a-5e9bdfb8743a",
                  "parentUUID": "3eea831e-a31f-4c00-b8c9-65e7f791ff5f",
                  "isHook": false,
                  "skipped": false
                },
                {
                  "title": "should change something",
                  "fullTitle": "ical-generator Alarm attach() should change something",
                  "timedOut": false,
                  "duration": 0,
                  "state": "passed",
                  "speed": "fast",
                  "pass": true,
                  "fail": false,
                  "pending": false,
                  "context": null,
                  "code": "const a=new ICalAlarm({type:ICalAlarmType.audio},new ICalEvent({start:new Date},new ICalCalendar));assert.ok(a.toString().indexOf(\"\\r\\nATTACH;VALUE=URI:Basso\")>-1);a.attach(\"https://example.com/beep.aud\");assert.ok(a.toString().indexOf(\"\\r\\nATTACH;VALUE=URI:https://example.com/beep.aud\")>-1);a.attach({mime:\"audio/basic\",uri:\"https://example.com/beep.aud\"});assert.ok(a.toString().indexOf(\"\\r\\nATTACH;FMTTYPE=audio/basic:https://example.com/beep.aud\")>-1)",
                  "err": {},
                  "uuid": "f7a4ba88-6828-4e1e-bfcc-4c438ef9083b",
                  "parentUUID": "3eea831e-a31f-4c00-b8c9-65e7f791ff5f",
                  "isHook": false,
                  "skipped": false
                }
              ],
              "suites": [],
              "passes": [
                "aef58a6b-c875-4cbf-b360-942ef52d9d0a",
                "354e5392-0de3-448b-bd6a-a036490c802f",
                "8a120f31-e744-452c-b98b-10f34ba9be41",
                "03f8906e-0dea-4611-a56a-5e9bdfb8743a",
                "f7a4ba88-6828-4e1e-bfcc-4c438ef9083b"
              ],
              "failures": [],
              "pending": [],
              "skipped": [],
              "duration": 1,
              "root": false,
              "rootEmpty": false,
              "_timeout": 2000
            },
            {
              "uuid": "f2ec5103-e245-43b2-b180-4a6f5f4bbc3a",
              "title": "description()",
              "fullFile": "/home/runner/work/ical-generator/ical-generator/test/alarm.ts",
              "file": "/test/alarm.ts",
              "beforeHooks": [],
              "afterHooks": [],
              "tests": [
                {
                  "title": "setter should return this",
                  "fullTitle": "ical-generator Alarm description() setter should return this",
                  "timedOut": false,
                  "duration": 0,
                  "state": "passed",
                  "speed": "fast",
                  "pass": true,
                  "fail": false,
                  "pending": false,
                  "context": null,
                  "code": "const a=new ICalAlarm({},new ICalEvent({start:new Date},new ICalCalendar));assert.deepStrictEqual(a,a.description(null));assert.deepStrictEqual(a,a.description(\"Hey Ho!\"))",
                  "err": {},
                  "uuid": "dd442616-f614-4eba-8920-368e5022eab6",
                  "parentUUID": "f2ec5103-e245-43b2-b180-4a6f5f4bbc3a",
                  "isHook": false,
                  "skipped": false
                },
                {
                  "title": "getter should return value",
                  "fullTitle": "ical-generator Alarm description() getter should return value",
                  "timedOut": false,
                  "duration": 0,
                  "state": "passed",
                  "speed": "fast",
                  "pass": true,
                  "fail": false,
                  "pending": false,
                  "context": null,
                  "code": "const a=new ICalAlarm({},new ICalEvent({start:new Date},new ICalCalendar));assert.deepStrictEqual(a.description(),null);a.description(\"blablabla\");assert.deepStrictEqual(a.description(),\"blablabla\");a.description(null);assert.deepStrictEqual(a.description(),null)",
                  "err": {},
                  "uuid": "5f779787-7ee9-4a6c-a402-4875b9e09b0f",
                  "parentUUID": "f2ec5103-e245-43b2-b180-4a6f5f4bbc3a",
                  "isHook": false,
                  "skipped": false
                },
                {
                  "title": "should change something",
                  "fullTitle": "ical-generator Alarm description() should change something",
                  "timedOut": false,
                  "duration": 0,
                  "state": "passed",
                  "speed": "fast",
                  "pass": true,
                  "fail": false,
                  "pending": false,
                  "context": null,
                  "code": "const a=new ICalAlarm({description:\"Huibuh!\"},new ICalEvent({start:new Date},new ICalCalendar));assert.ok(a.toString().indexOf(\"\\r\\nDESCRIPTION:Huibuh\")>-1)",
                  "err": {},
                  "uuid": "54fcb722-3db5-48d6-a40d-4054a263bb7a",
                  "parentUUID": "f2ec5103-e245-43b2-b180-4a6f5f4bbc3a",
                  "isHook": false,
                  "skipped": false
                },
                {
                  "title": "should fallback to event summary",
                  "fullTitle": "ical-generator Alarm description() should fallback to event summary",
                  "timedOut": false,
                  "duration": 0,
                  "state": "passed",
                  "speed": "fast",
                  "pass": true,
                  "fail": false,
                  "pending": false,
                  "context": null,
                  "code": "const a=new ICalAlarm({description:\"Example Event\"},new ICalEvent({start:new Date},new ICalCalendar));assert.ok(a.toString().indexOf(\"\\r\\nDESCRIPTION:Example Event\")>-1)",
                  "err": {},
                  "uuid": "b3c81758-a9d1-4387-9184-3bc087fed303",
                  "parentUUID": "f2ec5103-e245-43b2-b180-4a6f5f4bbc3a",
                  "isHook": false,
                  "skipped": false
                }
              ],
              "suites": [],
              "passes": [
                "dd442616-f614-4eba-8920-368e5022eab6",
                "5f779787-7ee9-4a6c-a402-4875b9e09b0f",
                "54fcb722-3db5-48d6-a40d-4054a263bb7a",
                "b3c81758-a9d1-4387-9184-3bc087fed303"
              ],
              "failures": [],
              "pending": [],
              "skipped": [],
              "duration": 0,
              "root": false,
              "rootEmpty": false,
              "_timeout": 2000
            },
            {
              "uuid": "a6c68877-8d64-4505-a805-933de59e262f",
              "title": "summary()",
              "fullFile": "/home/runner/work/ical-generator/ical-generator/test/alarm.ts",
              "file": "/test/alarm.ts",
              "beforeHooks": [],
              "afterHooks": [],
              "tests": [
                {
                  "title": "setter should return this",
                  "fullTitle": "ical-generator Alarm summary() setter should return this",
                  "timedOut": false,
                  "duration": 0,
                  "state": "passed",
                  "speed": "fast",
                  "pass": true,
                  "fail": false,
                  "pending": false,
                  "context": null,
                  "code": "const a=new ICalAlarm({},new ICalEvent({start:new Date},new ICalCalendar));assert.deepStrictEqual(a,a.summary(null));assert.deepStrictEqual(a,a.summary(\"Hey Ho!\"))",
                  "err": {},
                  "uuid": "0a5ce197-e5ba-46af-8594-ec83fe238a49",
                  "parentUUID": "a6c68877-8d64-4505-a805-933de59e262f",
                  "isHook": false,
                  "skipped": false
                },
                {
                  "title": "getter should return value",
                  "fullTitle": "ical-generator Alarm summary() getter should return value",
                  "timedOut": false,
                  "duration": 0,
                  "state": "passed",
                  "speed": "fast",
                  "pass": true,
                  "fail": false,
                  "pending": false,
                  "context": null,
                  "code": "const a=new ICalAlarm({},new ICalEvent({start:new Date},new ICalCalendar));assert.deepStrictEqual(a.summary(),null);a.summary(\"blablabla\");assert.deepStrictEqual(a.summary(),\"blablabla\");a.summary(null);assert.deepStrictEqual(a.summary(),null)",
                  "err": {},
                  "uuid": "fb47f10a-d335-4710-a6c9-9a44b32ec386",
                  "parentUUID": "a6c68877-8d64-4505-a805-933de59e262f",
                  "isHook": false,
                  "skipped": false
                },
                {
                  "title": "should change something",
                  "fullTitle": "ical-generator Alarm summary() should change something",
                  "timedOut": false,
                  "duration": 0,
                  "state": "passed",
                  "speed": "fast",
                  "pass": true,
                  "fail": false,
                  "pending": false,
                  "context": null,
                  "code": "const a=new ICalAlarm({summary:\"Huibuh!\",type:ICalAlarmType.email},new ICalEvent({start:new Date},new ICalCalendar));assert.ok(a.toString().indexOf(\"\\r\\nSUMMARY:Huibuh\")>-1)",
                  "err": {},
                  "uuid": "50a71f5c-9261-4e4c-ae84-d34a844f7fa0",
                  "parentUUID": "a6c68877-8d64-4505-a805-933de59e262f",
                  "isHook": false,
                  "skipped": false
                },
                {
                  "title": "should fallback to event summary",
                  "fullTitle": "ical-generator Alarm summary() should fallback to event summary",
                  "timedOut": false,
                  "duration": 0,
                  "state": "passed",
                  "speed": "fast",
                  "pass": true,
                  "fail": false,
                  "pending": false,
                  "context": null,
                  "code": "const a=new ICalAlarm({type:ICalAlarmType.email},new ICalEvent({start:new Date,summary:\"Example Event\"},new ICalCalendar));assert.ok(a.toString().indexOf(\"\\r\\nSUMMARY:Example Event\")>-1)",
                  "err": {},
                  "uuid": "a7de6582-1707-489d-aa9b-2acf7b90147a",
                  "parentUUID": "a6c68877-8d64-4505-a805-933de59e262f",
                  "isHook": false,
                  "skipped": false
                }
              ],
              "suites": [],
              "passes": [
                "0a5ce197-e5ba-46af-8594-ec83fe238a49",
                "fb47f10a-d335-4710-a6c9-9a44b32ec386",
                "50a71f5c-9261-4e4c-ae84-d34a844f7fa0",
                "a7de6582-1707-489d-aa9b-2acf7b90147a"
              ],
              "failures": [],
              "pending": [],
              "skipped": [],
              "duration": 0,
              "root": false,
              "rootEmpty": false,
              "_timeout": 2000
            },
            {
              "uuid": "74ead680-0a33-42e4-a3a1-3ff12dfea85e",
              "title": "createAttendee()",
              "fullFile": "/home/runner/work/ical-generator/ical-generator/test/alarm.ts",
              "file": "/test/alarm.ts",
              "beforeHooks": [],
              "afterHooks": [],
              "tests": [
                {
                  "title": "if Attendee passed, it should add and return it",
                  "fullTitle": "ical-generator Alarm createAttendee() if Attendee passed, it should add and return it",
                  "timedOut": false,
                  "duration": 0,
                  "state": "passed",
                  "speed": "fast",
                  "pass": true,
                  "fail": false,
                  "pending": false,
                  "context": null,
                  "code": "const alarm=new ICalEvent({start:new Date},new ICalCalendar).createAlarm({type:ICalAlarmType.email});const attendee=new ICalAttendee({email:\"mail@example.com\"},alarm);assert.strictEqual(alarm.createAttendee(attendee),attendee,\"createAttendee returns attendee\");assert.deepStrictEqual(alarm.attendees()[0],attendee,\"attendee pushed\")",
                  "err": {},
                  "uuid": "51d2fa45-9dd8-4401-b2ed-7f1617114049",
                  "parentUUID": "74ead680-0a33-42e4-a3a1-3ff12dfea85e",
                  "isHook": false,
                  "skipped": false
                },
                {
                  "title": "should return a ICalAttendee instance",
                  "fullTitle": "ical-generator Alarm createAttendee() should return a ICalAttendee instance",
                  "timedOut": false,
                  "duration": 0,
                  "state": "passed",
                  "speed": "fast",
                  "pass": true,
                  "fail": false,
                  "pending": false,
                  "context": null,
                  "code": "const alarm=new ICalEvent({start:new Date},new ICalCalendar).createAlarm({type:ICalAlarmType.email});assert.ok(alarm.createAttendee({email:\"mail@example.com\"})instanceof ICalAttendee);assert.strictEqual(alarm.attendees.length,1,\"attendee pushed\")",
                  "err": {},
                  "uuid": "9ed21b53-62d4-4782-956f-65ce4ad96785",
                  "parentUUID": "74ead680-0a33-42e4-a3a1-3ff12dfea85e",
                  "isHook": false,
                  "skipped": false
                },
                {
                  "title": "should accept string",
                  "fullTitle": "ical-generator Alarm createAttendee() should accept string",
                  "timedOut": false,
                  "duration": 1,
                  "state": "passed",
                  "speed": "fast",
                  "pass": true,
                  "fail": false,
                  "pending": false,
                  "context": null,
                  "code": "const alarm=new ICalEvent({start:new Date},new ICalCalendar).createAlarm({type:ICalAlarmType.email});const attendee=alarm.createAttendee(\"Zac <zac@example.com>\");assert.strictEqual(attendee.name(),\"Zac\");assert.strictEqual(attendee.email(),\"zac@example.com\");assert.strictEqual(alarm.attendees().length,1,\"attendee pushed\")",
                  "err": {},
                  "uuid": "bc21256d-2197-41a8-8a36-578de83fa35c",
                  "parentUUID": "74ead680-0a33-42e4-a3a1-3ff12dfea85e",
                  "isHook": false,
                  "skipped": false
                },
                {
                  "title": "should throw error when string misformated",
                  "fullTitle": "ical-generator Alarm createAttendee() should throw error when string misformated",
                  "timedOut": false,
                  "duration": 0,
                  "state": "passed",
                  "speed": "fast",
                  "pass": true,
                  "fail": false,
                  "pending": false,
                  "context": null,
                  "code": "const alarm=new ICalEvent({start:new Date},new ICalCalendar).createAlarm({type:ICalAlarmType.email});assert.throws(function(){alarm.createAttendee(\"foo bar\")},/isn't formated correctly/)",
                  "err": {},
                  "uuid": "5257b17e-7af6-4727-939f-0caede1df72e",
                  "parentUUID": "74ead680-0a33-42e4-a3a1-3ff12dfea85e",
                  "isHook": false,
                  "skipped": false
                },
                {
                  "title": "should accept object",
                  "fullTitle": "ical-generator Alarm createAttendee() should accept object",
                  "timedOut": false,
                  "duration": 0,
                  "state": "passed",
                  "speed": "fast",
                  "pass": true,
                  "fail": false,
                  "pending": false,
                  "context": null,
                  "code": "const alarm=new ICalEvent({start:new Date},new ICalCalendar).createAlarm({type:ICalAlarmType.email});const attendee=alarm.createAttendee({email:\"zac@example.com\",name:\"Zac\"});assert.strictEqual(attendee.name(),\"Zac\");assert.strictEqual(attendee.email(),\"zac@example.com\");assert.strictEqual(alarm.attendees().length,1,\"attendee pushed\");assert.ok(alarm.toString().includes('ATTENDEE;ROLE=REQ-PARTICIPANT;CN=\"Zac\":MAILTO:zac@example.com'))",
                  "err": {},
                  "uuid": "80372886-3409-41fc-a9f2-e93cd815681a",
                  "parentUUID": "74ead680-0a33-42e4-a3a1-3ff12dfea85e",
                  "isHook": false,
                  "skipped": false
                }
              ],
              "suites": [],
              "passes": [
                "51d2fa45-9dd8-4401-b2ed-7f1617114049",
                "9ed21b53-62d4-4782-956f-65ce4ad96785",
                "bc21256d-2197-41a8-8a36-578de83fa35c",
                "5257b17e-7af6-4727-939f-0caede1df72e",
                "80372886-3409-41fc-a9f2-e93cd815681a"
              ],
              "failures": [],
              "pending": [],
              "skipped": [],
              "duration": 1,
              "root": false,
              "rootEmpty": false,
              "_timeout": 2000
            },
            {
              "uuid": "7969d6ae-5c2d-44b9-a7dd-6514cd510c6d",
              "title": "attendees()",
              "fullFile": "/home/runner/work/ical-generator/ical-generator/test/alarm.ts",
              "file": "/test/alarm.ts",
              "beforeHooks": [],
              "afterHooks": [],
              "tests": [
                {
                  "title": "getter should return an array of attendees…",
                  "fullTitle": "ical-generator Alarm attendees() getter should return an array of attendees…",
                  "timedOut": false,
                  "duration": 0,
                  "state": "passed",
                  "speed": "fast",
                  "pass": true,
                  "fail": false,
                  "pending": false,
                  "context": null,
                  "code": "const alarm=new ICalEvent({start:new Date},new ICalCalendar).createAlarm({type:ICalAlarmType.email});assert.strictEqual(alarm.attendees().length,0);const attendee=alarm.createAttendee({email:\"mail@example.com\"});assert.strictEqual(alarm.attendees().length,1);assert.deepStrictEqual(alarm.attendees()[0],attendee)",
                  "err": {},
                  "uuid": "7118c901-71bf-4048-9140-b4d33b4eb58e",
                  "parentUUID": "7969d6ae-5c2d-44b9-a7dd-6514cd510c6d",
                  "isHook": false,
                  "skipped": false
                },
                {
                  "title": "setter should add attendees and return this",
                  "fullTitle": "ical-generator Alarm attendees() setter should add attendees and return this",
                  "timedOut": false,
                  "duration": 0,
                  "state": "passed",
                  "speed": "fast",
                  "pass": true,
                  "fail": false,
                  "pending": false,
                  "context": null,
                  "code": "const alarm=new ICalEvent({start:new Date},new ICalCalendar).createAlarm({type:ICalAlarmType.email});const foo=alarm.attendees([{email:\"a@example.com\",name:\"Person A\"},{email:\"b@example.com\",name:\"Person B\"}]);assert.strictEqual(alarm.attendees().length,2);assert.deepStrictEqual(foo,alarm)",
                  "err": {},
                  "uuid": "fe19b92f-1eb0-46f9-a0fc-cacef16fb771",
                  "parentUUID": "7969d6ae-5c2d-44b9-a7dd-6514cd510c6d",
                  "isHook": false,
                  "skipped": false
                }
              ],
              "suites": [],
              "passes": [
                "7118c901-71bf-4048-9140-b4d33b4eb58e",
                "fe19b92f-1eb0-46f9-a0fc-cacef16fb771"
              ],
              "failures": [],
              "pending": [],
              "skipped": [],
              "duration": 0,
              "root": false,
              "rootEmpty": false,
              "_timeout": 2000
            },
            {
              "uuid": "eaecad75-9f26-4d05-b289-f8be65a8e418",
              "title": "x()",
              "fullFile": "/home/runner/work/ical-generator/ical-generator/test/alarm.ts",
              "file": "/test/alarm.ts",
              "beforeHooks": [],
              "afterHooks": [],
              "tests": [
                {
                  "title": "is there",
                  "fullTitle": "ical-generator Alarm x() is there",
                  "timedOut": false,
                  "duration": 0,
                  "state": "passed",
                  "speed": "fast",
                  "pass": true,
                  "fail": false,
                  "pending": false,
                  "context": null,
                  "code": "const a=new ICalAlarm({},new ICalEvent({start:new Date},new ICalCalendar));assert.deepStrictEqual(a,a.x(\"X-FOO\",\"bar\"))",
                  "err": {},
                  "uuid": "ca7cf0eb-7f1b-4cc4-b5d2-50c0449beaa7",
                  "parentUUID": "eaecad75-9f26-4d05-b289-f8be65a8e418",
                  "isHook": false,
                  "skipped": false
                }
              ],
              "suites": [],
              "passes": [
                "ca7cf0eb-7f1b-4cc4-b5d2-50c0449beaa7"
              ],
              "failures": [],
              "pending": [],
              "skipped": [],
              "duration": 0,
              "root": false,
              "rootEmpty": false,
              "_timeout": 2000
            },
            {
              "uuid": "4e1ce2b3-7bc2-4693-8ec8-68c86affb5e0",
              "title": "toJSON()",
              "fullFile": "/home/runner/work/ical-generator/ical-generator/test/alarm.ts",
              "file": "/test/alarm.ts",
              "beforeHooks": [],
              "afterHooks": [],
              "tests": [
                {
                  "title": "should work",
                  "fullTitle": "ical-generator Alarm toJSON() should work",
                  "timedOut": false,
                  "duration": 1,
                  "state": "passed",
                  "speed": "fast",
                  "pass": true,
                  "fail": false,
                  "pending": false,
                  "context": null,
                  "code": "const a=new ICalAlarm({},new ICalEvent({start:new Date},new ICalCalendar));a.type(ICalAlarmType.display);a.trigger(120);assert.deepStrictEqual(a.toJSON(),{attach:null,attendees:[],description:null,interval:null,relatesTo:null,repeat:null,summary:null,trigger:120,type:\"display\",x:[]})",
                  "err": {},
                  "uuid": "05df9f6f-6519-4e89-b8a3-529e5b8df5dd",
                  "parentUUID": "4e1ce2b3-7bc2-4693-8ec8-68c86affb5e0",
                  "isHook": false,
                  "skipped": false
                },
                {
                  "title": "should be compatible with constructor (type check)",
                  "fullTitle": "ical-generator Alarm toJSON() should be compatible with constructor (type check)",
                  "timedOut": false,
                  "duration": 0,
                  "state": "passed",
                  "speed": "fast",
                  "pass": true,
                  "fail": false,
                  "pending": false,
                  "context": null,
                  "code": "const a=new ICalAlarm({},new ICalEvent({start:new Date},new ICalCalendar));new ICalAlarm(a.toJSON(),new ICalEvent({start:new Date},new ICalCalendar))",
                  "err": {},
                  "uuid": "d9644a09-3f32-409b-b288-b50b4dcb856c",
                  "parentUUID": "4e1ce2b3-7bc2-4693-8ec8-68c86affb5e0",
                  "isHook": false,
                  "skipped": false
                }
              ],
              "suites": [],
              "passes": [
                "05df9f6f-6519-4e89-b8a3-529e5b8df5dd",
                "d9644a09-3f32-409b-b288-b50b4dcb856c"
              ],
              "failures": [],
              "pending": [],
              "skipped": [],
              "duration": 1,
              "root": false,
              "rootEmpty": false,
              "_timeout": 2000
            }
          ],
          "passes": [],
          "failures": [],
          "pending": [],
          "skipped": [],
          "duration": 0,
          "root": false,
          "rootEmpty": false,
          "_timeout": 2000
        },
        {
          "uuid": "16e170ec-a375-487f-8e3f-c8309e527f25",
          "title": "ical-generator Attendee",
          "fullFile": "/home/runner/work/ical-generator/ical-generator/test/attendee.ts",
          "file": "/test/attendee.ts",
          "beforeHooks": [],
          "afterHooks": [],
          "tests": [],
          "suites": [
            {
              "uuid": "5457bfdf-7b6a-4023-a1c2-3b9a06f33155",
              "title": "constructor()",
              "fullFile": "/home/runner/work/ical-generator/ical-generator/test/attendee.ts",
              "file": "/test/attendee.ts",
              "beforeHooks": [],
              "afterHooks": [],
              "tests": [
                {
                  "title": "shoud set data from constructor",
                  "fullTitle": "ical-generator Attendee constructor() shoud set data from constructor",
                  "timedOut": false,
                  "duration": 1,
                  "state": "passed",
                  "speed": "fast",
                  "pass": true,
                  "fail": false,
                  "pending": false,
                  "context": null,
                  "code": "const data={delegatedFrom:null,delegatedTo:null,email:\"john@example.org\",mailto:\"john+calendar@example.org\",name:\"John Doe\",role:ICalAttendeeRole.REQ,rsvp:false,scheduleAgent:ICalAttendeeScheduleAgent.CLIENT,sentBy:null,status:ICalAttendeeStatus.ACCEPTED,type:ICalAttendeeType.INDIVIDUAL,x:[]};const event=new ICalAttendee(data,new ICalEvent({start:new Date},new ICalCalendar));assert.deepStrictEqual(event.toJSON(),data)",
                  "err": {},
                  "uuid": "1c39ccde-d3f6-4075-ba83-e6d17a5fff10",
                  "parentUUID": "5457bfdf-7b6a-4023-a1c2-3b9a06f33155",
                  "isHook": false,
                  "skipped": false
                },
                {
                  "title": "shouldn't work without event reference",
                  "fullTitle": "ical-generator Attendee constructor() shouldn't work without event reference",
                  "timedOut": false,
                  "duration": 0,
                  "state": "passed",
                  "speed": "fast",
                  "pass": true,
                  "fail": false,
                  "pending": false,
                  "context": null,
                  "code": "assert.throws(function(){new ICalAttendee({email:\"foo@bar.com\"})},/`event`/)",
                  "err": {},
                  "uuid": "2eceefca-be90-47cd-bb1e-ba7e01aa1c3c",
                  "parentUUID": "5457bfdf-7b6a-4023-a1c2-3b9a06f33155",
                  "isHook": false,
                  "skipped": false
                },
                {
                  "title": "should throw an error without email",
                  "fullTitle": "ical-generator Attendee constructor() should throw an error without email",
                  "timedOut": false,
                  "duration": 0,
                  "state": "passed",
                  "speed": "fast",
                  "pass": true,
                  "fail": false,
                  "pending": false,
                  "context": null,
                  "code": "assert.throws(function(){new ICalAttendee({name:\"Testuser\"},new ICalEvent({start:new Date},new ICalCalendar))},/`email`/)",
                  "err": {},
                  "uuid": "47ec5d2a-1ae3-413c-95ad-c2e09a3f108e",
                  "parentUUID": "5457bfdf-7b6a-4023-a1c2-3b9a06f33155",
                  "isHook": false,
                  "skipped": false
                }
              ],
              "suites": [],
              "passes": [
                "1c39ccde-d3f6-4075-ba83-e6d17a5fff10",
                "2eceefca-be90-47cd-bb1e-ba7e01aa1c3c",
                "47ec5d2a-1ae3-413c-95ad-c2e09a3f108e"
              ],
              "failures": [],
              "pending": [],
              "skipped": [],
              "duration": 1,
              "root": false,
              "rootEmpty": false,
              "_timeout": 2000
            },
            {
              "uuid": "580ffff1-dedd-4c1f-a98b-0faee4732f36",
              "title": "name()",
              "fullFile": "/home/runner/work/ical-generator/ical-generator/test/attendee.ts",
              "file": "/test/attendee.ts",
              "beforeHooks": [],
              "afterHooks": [],
              "tests": [
                {
                  "title": "getter should return value",
                  "fullTitle": "ical-generator Attendee name() getter should return value",
                  "timedOut": false,
                  "duration": 0,
                  "state": "passed",
                  "speed": "fast",
                  "pass": true,
                  "fail": false,
                  "pending": false,
                  "context": null,
                  "code": "const a=new ICalAttendee({email:\"foo@example.com\"},new ICalEvent({start:new Date},new ICalCalendar));assert.strictEqual(a.name(),null);a.name(\"Sebastian\");assert.strictEqual(a.name(),\"Sebastian\")",
                  "err": {},
                  "uuid": "88e9dd10-c081-4fa9-b7a1-8f02291c74fb",
                  "parentUUID": "580ffff1-dedd-4c1f-a98b-0faee4732f36",
                  "isHook": false,
                  "skipped": false
                },
                {
                  "title": "setter should return this",
                  "fullTitle": "ical-generator Attendee name() setter should return this",
                  "timedOut": false,
                  "duration": 1,
                  "state": "passed",
                  "speed": "fast",
                  "pass": true,
                  "fail": false,
                  "pending": false,
                  "context": null,
                  "code": "const a=new ICalAttendee({email:\"foo@example.com\"},new ICalEvent({start:new Date},new ICalCalendar));assert.deepStrictEqual(a,a.name(null));assert.deepStrictEqual(a,a.name(\"Sebastian\"))",
                  "err": {},
                  "uuid": "97baf588-06e2-4c94-b88c-ac3005972eb4",
                  "parentUUID": "580ffff1-dedd-4c1f-a98b-0faee4732f36",
                  "isHook": false,
                  "skipped": false
                },
                {
                  "title": "setter should change something",
                  "fullTitle": "ical-generator Attendee name() setter should change something",
                  "timedOut": false,
                  "duration": 0,
                  "state": "passed",
                  "speed": "fast",
                  "pass": true,
                  "fail": false,
                  "pending": false,
                  "context": null,
                  "code": "const a=new ICalAttendee({email:\"foo@example.com\"},new ICalEvent({start:new Date},new ICalCalendar));a.name(\"Sebastian\");assert.strictEqual(a.name(),\"Sebastian\");a.name(null);assert.strictEqual(a.name(),null)",
                  "err": {},
                  "uuid": "9fd993c9-122f-48bb-a485-c410dcdcef77",
                  "parentUUID": "580ffff1-dedd-4c1f-a98b-0faee4732f36",
                  "isHook": false,
                  "skipped": false
                }
              ],
              "suites": [],
              "passes": [
                "88e9dd10-c081-4fa9-b7a1-8f02291c74fb",
                "97baf588-06e2-4c94-b88c-ac3005972eb4",
                "9fd993c9-122f-48bb-a485-c410dcdcef77"
              ],
              "failures": [],
              "pending": [],
              "skipped": [],
              "duration": 1,
              "root": false,
              "rootEmpty": false,
              "_timeout": 2000
            },
            {
              "uuid": "1ce0a354-6994-45ae-aff3-c581b596dd80",
              "title": "email()",
              "fullFile": "/home/runner/work/ical-generator/ical-generator/test/attendee.ts",
              "file": "/test/attendee.ts",
              "beforeHooks": [],
              "afterHooks": [],
              "tests": [
                {
                  "title": "getter should return value",
                  "fullTitle": "ical-generator Attendee email() getter should return value",
                  "timedOut": false,
                  "duration": 0,
                  "state": "passed",
                  "speed": "fast",
                  "pass": true,
                  "fail": false,
                  "pending": false,
                  "context": null,
                  "code": "const a=new ICalAttendee({email:\"foo@example.com\"},new ICalEvent({start:new Date},new ICalCalendar)).email(\"foo@example.com\");assert.strictEqual(a.email(),\"foo@example.com\")",
                  "err": {},
                  "uuid": "df583557-ccfe-4c1f-854b-f80430e8e32a",
                  "parentUUID": "1ce0a354-6994-45ae-aff3-c581b596dd80",
                  "isHook": false,
                  "skipped": false
                },
                {
                  "title": "setter should return this",
                  "fullTitle": "ical-generator Attendee email() setter should return this",
                  "timedOut": false,
                  "duration": 0,
                  "state": "passed",
                  "speed": "fast",
                  "pass": true,
                  "fail": false,
                  "pending": false,
                  "context": null,
[...]
                      "parentUUID": "a15d03d7-884f-419e-a713-69e59b18a7e1",
                      "isHook": false,
                      "skipped": false
                    }
                  ],
                  "suites": [],
                  "passes": [
                    "e39a537f-e638-4a6d-adb9-cc2532e9d4f7",
                    "69b7676a-5bed-4adb-beb9-30ebfbac0735"
                  ],
                  "failures": [],
                  "pending": [],
                  "skipped": [],
                  "duration": 0,
                  "root": false,
                  "rootEmpty": false,
                  "_timeout": 2000
                },
                {
                  "uuid": "6eb59687-fad7-406d-bafb-71fb2ee587ab",
                  "title": "Luxon",
                  "fullFile": "/home/runner/work/ical-generator/ical-generator/test/tools.ts",
                  "file": "/test/tools.ts",
                  "beforeHooks": [],
                  "afterHooks": [],
                  "tests": [
                    {
                      "title": "should work with valid Luxon",
                      "fullTitle": "ICalTools checkDate() Luxon should work with valid Luxon",
                      "timedOut": false,
                      "duration": 0,
                      "state": "passed",
                      "speed": "fast",
                      "pass": true,
                      "fail": false,
                      "pending": false,
                      "context": null,
                      "code": "const date=DateTime.now();assert.equal(checkDate(date,\"foo\"),date)",
                      "err": {},
                      "uuid": "221146dc-0c92-42db-8fc6-41062c7c994b",
                      "parentUUID": "6eb59687-fad7-406d-bafb-71fb2ee587ab",
                      "isHook": false,
                      "skipped": false
                    },
                    {
                      "title": "should throw error for invalid Luxon",
                      "fullTitle": "ICalTools checkDate() Luxon should throw error for invalid Luxon",
                      "timedOut": false,
                      "duration": 1,
                      "state": "passed",
                      "speed": "fast",
                      "pass": true,
                      "fail": false,
                      "pending": false,
                      "context": null,
                      "code": "const date=DateTime.fromISO(\"foo\");assert.throws(()=>{checkDate(date,\"foo\")},/`foo` has to be a valid date!/)",
                      "err": {},
                      "uuid": "07b320f2-21e1-4059-b94e-2be3e711ecee",
                      "parentUUID": "6eb59687-fad7-406d-bafb-71fb2ee587ab",
                      "isHook": false,
                      "skipped": false
                    }
                  ],
                  "suites": [],
                  "passes": [
                    "221146dc-0c92-42db-8fc6-41062c7c994b",
                    "07b320f2-21e1-4059-b94e-2be3e711ecee"
                  ],
                  "failures": [],
                  "pending": [],
                  "skipped": [],
                  "duration": 1,
                  "root": false,
                  "rootEmpty": false,
                  "_timeout": 2000
                },
                {
                  "uuid": "8005f4ea-9f90-4b5b-8d50-92bc671e925f",
                  "title": "Moment",
                  "fullFile": "/home/runner/work/ical-generator/ical-generator/test/tools.ts",
                  "file": "/test/tools.ts",
                  "beforeHooks": [],
                  "afterHooks": [],
                  "tests": [
                    {
                      "title": "should work with valid Moment",
                      "fullTitle": "ICalTools checkDate() Moment should work with valid Moment",
                      "timedOut": false,
                      "duration": 0,
                      "state": "passed",
                      "speed": "fast",
                      "pass": true,
                      "fail": false,
                      "pending": false,
                      "context": null,
                      "code": "const date=moment();assert.equal(checkDate(date,\"foo\"),date)",
                      "err": {},
                      "uuid": "635045bb-d508-4b18-927e-09e027088054",
                      "parentUUID": "8005f4ea-9f90-4b5b-8d50-92bc671e925f",
                      "isHook": false,
                      "skipped": false
                    },
                    {
                      "title": "should throw error for invalid Moment",
                      "fullTitle": "ICalTools checkDate() Moment should throw error for invalid Moment",
                      "timedOut": false,
                      "duration": 1,
                      "state": "passed",
                      "speed": "fast",
                      "pass": true,
                      "fail": false,
                      "pending": false,
                      "context": null,
                      "code": "const date=moment(\"foo\",\"MM/DD/YYYY\",true);assert.throws(()=>{checkDate(date,\"foo\")},/`foo` has to be a valid date!/)",
                      "err": {},
                      "uuid": "f37c35fb-66c9-478c-b2cc-96ed899934c4",
                      "parentUUID": "8005f4ea-9f90-4b5b-8d50-92bc671e925f",
                      "isHook": false,
                      "skipped": false
                    }
                  ],
                  "suites": [],
                  "passes": [
                    "635045bb-d508-4b18-927e-09e027088054",
                    "f37c35fb-66c9-478c-b2cc-96ed899934c4"
                  ],
                  "failures": [],
                  "pending": [],
                  "skipped": [],
                  "duration": 1,
                  "root": false,
                  "rootEmpty": false,
                  "_timeout": 2000
                },
                {
                  "uuid": "49ef1b3a-ac30-476c-88d5-de1d607c62d6",
                  "title": "Day.js",
                  "fullFile": "/home/runner/work/ical-generator/ical-generator/test/tools.ts",
                  "file": "/test/tools.ts",
                  "beforeHooks": [],
                  "afterHooks": [],
                  "tests": [
                    {
                      "title": "should work with valid Day.js",
                      "fullTitle": "ICalTools checkDate() Day.js should work with valid Day.js",
                      "timedOut": false,
                      "duration": 0,
                      "state": "passed",
                      "speed": "fast",
                      "pass": true,
                      "fail": false,
                      "pending": false,
                      "context": null,
                      "code": "const date=dayjs();assert.equal(checkDate(date,\"foo\"),date)",
                      "err": {},
                      "uuid": "ab164a99-e4bd-47b9-9aea-289564e984ea",
                      "parentUUID": "49ef1b3a-ac30-476c-88d5-de1d607c62d6",
                      "isHook": false,
                      "skipped": false
                    },
                    {
                      "title": "should throw error for invalid Day.js",
                      "fullTitle": "ICalTools checkDate() Day.js should throw error for invalid Day.js",
                      "timedOut": false,
                      "duration": 0,
                      "state": "passed",
                      "speed": "fast",
                      "pass": true,
                      "fail": false,
                      "pending": false,
                      "context": null,
                      "code": "const date=dayjs(\"foo\");assert.throws(()=>{checkDate(date,\"foo\")},/`foo` has to be a valid date!/)",
                      "err": {},
                      "uuid": "d98a9410-73dd-4d3e-ba19-24438b447605",
                      "parentUUID": "49ef1b3a-ac30-476c-88d5-de1d607c62d6",
                      "isHook": false,
                      "skipped": false
                    }
                  ],
                  "suites": [],
                  "passes": [
                    "ab164a99-e4bd-47b9-9aea-289564e984ea",
                    "d98a9410-73dd-4d3e-ba19-24438b447605"
                  ],
                  "failures": [],
                  "pending": [],
                  "skipped": [],
                  "duration": 0,
                  "root": false,
                  "rootEmpty": false,
                  "_timeout": 2000
                }
              ],
              "passes": [],
              "failures": [],
              "pending": [],
              "skipped": [],
              "duration": 0,
              "root": false,
              "rootEmpty": false,
              "_timeout": 2000
            },
            {
              "uuid": "335f250d-76b4-43a4-925d-824dc70013ec",
              "title": "toDate()",
              "fullFile": "/home/runner/work/ical-generator/ical-generator/test/tools.ts",
              "file": "/test/tools.ts",
              "beforeHooks": [],
              "afterHooks": [],
              "tests": [
                {
                  "title": "should work with strings",
                  "fullTitle": "ICalTools toDate() should work with strings",
                  "timedOut": false,
                  "duration": 0,
                  "state": "passed",
                  "speed": "fast",
                  "pass": true,
                  "fail": false,
                  "pending": false,
                  "context": null,
                  "code": "const date=new Date;assert.deepStrictEqual(toDate(date.toJSON()),date)",
                  "err": {},
                  "uuid": "48465235-eea5-45ba-bf6f-6c2a6c4c93e4",
                  "parentUUID": "335f250d-76b4-43a4-925d-824dc70013ec",
                  "isHook": false,
                  "skipped": false
                },
                {
                  "title": "should work with native Date",
                  "fullTitle": "ICalTools toDate() should work with native Date",
                  "timedOut": false,
                  "duration": 0,
                  "state": "passed",
                  "speed": "fast",
                  "pass": true,
                  "fail": false,
                  "pending": false,
                  "context": null,
                  "code": "const date=new Date;assert.deepStrictEqual(toDate(date),date)",
                  "err": {},
                  "uuid": "2dd9827e-8ea3-496b-8205-c34a8e1cbd3c",
                  "parentUUID": "335f250d-76b4-43a4-925d-824dc70013ec",
                  "isHook": false,
                  "skipped": false
                },
                {
                  "title": "should work with moment object",
                  "fullTitle": "ICalTools toDate() should work with moment object",
                  "timedOut": false,
                  "duration": 0,
                  "state": "passed",
                  "speed": "fast",
                  "pass": true,
                  "fail": false,
                  "pending": false,
                  "context": null,
                  "code": "const date=new Date;assert.deepStrictEqual(toDate(moment(date)),date)",
                  "err": {},
                  "uuid": "7c1da68c-4d24-4c75-b0c4-d11988c81425",
                  "parentUUID": "335f250d-76b4-43a4-925d-824dc70013ec",
                  "isHook": false,
                  "skipped": false
                },
                {
                  "title": "should work with moment-timezone object",
                  "fullTitle": "ICalTools toDate() should work with moment-timezone object",
                  "timedOut": false,
                  "duration": 0,
                  "state": "passed",
                  "speed": "fast",
                  "pass": true,
                  "fail": false,
                  "pending": false,
                  "context": null,
                  "code": "const date=new Date;assert.deepStrictEqual(toDate(momentTz(date)),date)",
                  "err": {},
                  "uuid": "6a2ca6d5-5bf1-4d3a-82bc-9575568c7917",
                  "parentUUID": "335f250d-76b4-43a4-925d-824dc70013ec",
                  "isHook": false,
                  "skipped": false
                },
                {
                  "title": "should work with Day.js object",
                  "fullTitle": "ICalTools toDate() should work with Day.js object",
                  "timedOut": false,
                  "duration": 0,
                  "state": "passed",
                  "speed": "fast",
                  "pass": true,
                  "fail": false,
                  "pending": false,
                  "context": null,
                  "code": "const date=new Date;assert.deepStrictEqual(toDate(dayjs(date)),date)",
                  "err": {},
                  "uuid": "58df87de-dde0-47b6-9e0c-b26586e29772",
                  "parentUUID": "335f250d-76b4-43a4-925d-824dc70013ec",
                  "isHook": false,
                  "skipped": false
                },
                {
                  "title": "should work with luxon DateTime object",
                  "fullTitle": "ICalTools toDate() should work with luxon DateTime object",
                  "timedOut": false,
                  "duration": 1,
                  "state": "passed",
                  "speed": "fast",
                  "pass": true,
                  "fail": false,
                  "pending": false,
                  "context": null,
                  "code": "const date=new Date;assert.deepStrictEqual(toDate(DateTime.fromJSDate(date)),date)",
                  "err": {},
                  "uuid": "abc3d297-76c7-4891-a425-04a195600f86",
                  "parentUUID": "335f250d-76b4-43a4-925d-824dc70013ec",
                  "isHook": false,
                  "skipped": false
                }
              ],
              "suites": [],
              "passes": [
                "48465235-eea5-45ba-bf6f-6c2a6c4c93e4",
                "2dd9827e-8ea3-496b-8205-c34a8e1cbd3c",
                "7c1da68c-4d24-4c75-b0c4-d11988c81425",
                "6a2ca6d5-5bf1-4d3a-82bc-9575568c7917",
                "58df87de-dde0-47b6-9e0c-b26586e29772",
                "abc3d297-76c7-4891-a425-04a195600f86"
              ],
              "failures": [],
              "pending": [],
              "skipped": [],
              "duration": 1,
              "root": false,
              "rootEmpty": false,
              "_timeout": 2000
            },
            {
              "uuid": "18446533-0a86-47f6-a007-7b35f7dda123",
              "title": "toDurationString()",
              "fullFile": "/home/runner/work/ical-generator/ical-generator/test/tools.ts",
              "file": "/test/tools.ts",
              "beforeHooks": [],
              "afterHooks": [],
              "tests": [
                {
                  "title": "should work",
                  "fullTitle": "ICalTools toDurationString() should work",
                  "timedOut": false,
                  "duration": 0,
                  "state": "passed",
                  "speed": "fast",
                  "pass": true,
                  "fail": false,
                  "pending": false,
                  "context": null,
                  "code": "assert.strictEqual(toDurationString(0),\"PT0S\");assert.strictEqual(toDurationString(1),\"PT1S\");assert.strictEqual(toDurationString(60),\"PT1M\");assert.strictEqual(toDurationString(3600),\"PT1H\");assert.strictEqual(toDurationString(86400),\"P1D\");assert.strictEqual(toDurationString(-3600),\"-PT1H\")",
                  "err": {},
                  "uuid": "a05a8af5-a7ba-401f-9bed-97aa8272637a",
                  "parentUUID": "18446533-0a86-47f6-a007-7b35f7dda123",
                  "isHook": false,
                  "skipped": false
                }
              ],
              "suites": [],
              "passes": [
                "a05a8af5-a7ba-401f-9bed-97aa8272637a"
              ],
              "failures": [],
              "pending": [],
              "skipped": [],
              "duration": 0,
              "root": false,
              "rootEmpty": false,
              "_timeout": 2000
            }
          ],
          "passes": [],
          "failures": [],
          "pending": [],
          "skipped": [],
          "duration": 0,
          "root": false,
          "rootEmpty": false,
          "_timeout": 2000
        },
        {
          "uuid": "1380a29d-9893-403c-a818-c23389a825a4",
          "title": "ical-generator Types",
          "fullFile": "/home/runner/work/ical-generator/ical-generator/test/types.ts",
          "file": "/test/types.ts",
          "beforeHooks": [],
          "afterHooks": [],
          "tests": [
            {
              "title": "stubs should be compatible with third party libraries",
              "fullTitle": "ical-generator Types stubs should be compatible with third party libraries",
              "timedOut": false,
              "duration": 0,
              "state": "passed",
              "speed": "fast",
              "pass": true,
              "fail": false,
              "pending": false,
              "context": null,
              "code": "assert.ok(dayJsTest,\"day.js stub should be compatible\");assert.ok(luxonTest,\"luxon stub should be compatible\");assert.ok(momentTest,\"moment stub should be compatible\");assert.ok(momentTimezoneTest,\"moment-timezone stub should be compatible\");assert.ok(rruleTest,\"rrule stub should be compatible\");assert.ok(dateFnsTzTest,\"date-fns/tz stub should be compatible\")",
              "err": {},
              "uuid": "06845215-9e63-44b2-a9f2-32d6f616b266",
              "parentUUID": "1380a29d-9893-403c-a818-c23389a825a4",
              "isHook": false,
              "skipped": false
            },
            {
              "title": "calendar data should be compatible with calendar json data",
              "fullTitle": "ical-generator Types calendar data should be compatible with calendar json data",
              "timedOut": false,
              "duration": 0,
              "state": "passed",
              "speed": "fast",
              "pass": true,
              "fail": false,
              "pending": false,
              "context": null,
              "code": "assert.ok(attendeeJson,\"attendee json data should be compatible\");assert.ok(calendarJson,\"calendar json data should be compatible\");assert.ok(categoryJson,\"category json data should be compatible\");assert.ok(eventJson,\"event json data should be compatible\")",
              "err": {},
              "uuid": "fcae11b8-a419-49ee-bea2-04f8a5a83a14",
              "parentUUID": "1380a29d-9893-403c-a818-c23389a825a4",
              "isHook": false,
              "skipped": false
            }
          ],
          "suites": [],
          "passes": [
            "06845215-9e63-44b2-a9f2-32d6f616b266",
            "fcae11b8-a419-49ee-bea2-04f8a5a83a14"
          ],
          "failures": [],
          "pending": [],
          "skipped": [],
          "duration": 0,
          "root": false,
          "rootEmpty": false,
          "_timeout": 2000
        }
      ],
      "passes": [],
      "failures": [],
      "pending": [],
      "skipped": [],
      "duration": 0,
      "root": true,
      "rootEmpty": true,
      "_timeout": 2000
    }
  ],
  "meta": {
    "mocha": {
      "version": "11.5.0"
    },
    "mochawesome": {
      "options": {
        "quiet": false,
        "reportFilename": "mochawesome",
        "saveHtml": true,
        "saveJson": true,
        "consoleReporter": "spec",
        "useInlineDiffs": false,
        "code": true
      },
      "version": "7.1.3"
    },
    "marge": {
      "options": null,
      "version": "6.2.0"
    }
  }
}