{
  "stats": {
    "suites": 133,
    "tests": 463,
    "passes": 461,
    "pending": 2,
    "failures": 0,
    "start": "2025-10-17T14:50:30.142Z",
    "end": "2025-10-17T14:50:30.317Z",
    "duration": 175,
    "testsRegistered": 463,
    "passPercent": 100,
    "pendingPercent": 0.4319654427645789,
    "other": 0,
    "hasOther": false,
    "skipped": 0,
    "hasSkipped": false
  },
  "results": [
    {
      "uuid": "85ac10d3-7815-447c-98be-d563c77c2233",
      "title": "",
      "fullFile": "",
      "file": "",
      "beforeHooks": [],
      "afterHooks": [],
      "tests": [],
      "suites": [
        {
          "uuid": "a51a3583-809c-4299-ab70-95d5cdd6f5d6",
          "title": "ical-generator Alarm",
          "fullFile": "/home/runner/work/ical-generator/ical-generator/test/alarm.ts",
          "file": "/test/alarm.ts",
          "beforeHooks": [],
          "afterHooks": [],
          "tests": [],
          "suites": [
            {
              "uuid": "3d9e18c6-fc41-4856-9e0e-c4e6c2dbc2ac",
              "title": "constructor()",
              "fullFile": "/home/runner/work/ical-generator/ical-generator/test/alarm.ts",
              "file": "/test/alarm.ts",
              "beforeHooks": [],
              "afterHooks": [],
              "tests": [
                {
                  "title": "shouldn't work without event reference",
                  "fullTitle": "ical-generator Alarm constructor() shouldn't work without event reference",
                  "timedOut": false,
                  "duration": 0,
                  "state": "passed",
                  "speed": "fast",
                  "pass": true,
                  "fail": false,
                  "pending": false,
                  "context": null,
                  "code": "import_assert.default.throws(function(){new import_alarm.default({type:import_alarm.ICalAlarmType.display},null)},/`event`/)",
                  "err": {},
                  "uuid": "8ff03bea-dbc6-4a5b-b480-ff32e922670d",
                  "parentUUID": "3d9e18c6-fc41-4856-9e0e-c4e6c2dbc2ac",
                  "isHook": false,
                  "skipped": false
                },
                {
                  "title": "should ignore unknown data attributes",
                  "fullTitle": "ical-generator Alarm constructor() should ignore unknown data attributes",
                  "timedOut": false,
                  "duration": 0,
                  "state": "passed",
                  "speed": "fast",
                  "pass": true,
                  "fail": false,
                  "pending": false,
                  "context": null,
                  "code": "const a=new import_alarm.default({type:import_alarm.ICalAlarmType.display,unknown:true},new import_event.default({start:new Date},new import_calendar.default));import_assert.default.strictEqual(a.type(),\"display\")",
                  "err": {},
                  "uuid": "b0e8a4ab-950a-42d2-8bf3-15403905ed29",
                  "parentUUID": "3d9e18c6-fc41-4856-9e0e-c4e6c2dbc2ac",
                  "isHook": false,
                  "skipped": false
                }
              ],
              "suites": [],
              "passes": [
                "8ff03bea-dbc6-4a5b-b480-ff32e922670d",
                "b0e8a4ab-950a-42d2-8bf3-15403905ed29"
              ],
              "failures": [],
              "pending": [],
              "skipped": [],
              "duration": 0,
              "root": false,
              "rootEmpty": false,
              "_timeout": 2000
            },
            {
              "uuid": "462859d8-7b4f-44d9-9d0a-79089eea5eac",
              "title": "type()",
              "fullFile": "/home/runner/work/ical-generator/ical-generator/test/alarm.ts",
              "file": "/test/alarm.ts",
              "beforeHooks": [],
              "afterHooks": [],
              "tests": [
                {
                  "title": "setter should return this",
                  "fullTitle": "ical-generator Alarm type() setter should return this",
                  "timedOut": false,
                  "duration": 0,
                  "state": "passed",
                  "speed": "fast",
                  "pass": true,
                  "fail": false,
                  "pending": false,
                  "context": null,
                  "code": "const a=new import_alarm.default({},new import_event.default({start:new Date},new import_calendar.default));import_assert.default.deepStrictEqual(a,a.type(import_alarm.ICalAlarmType.display))",
                  "err": {},
                  "uuid": "c412640f-7a2c-49ab-8d27-a8d1d42c9a5c",
                  "parentUUID": "462859d8-7b4f-44d9-9d0a-79089eea5eac",
                  "isHook": false,
                  "skipped": false
                },
                {
                  "title": "getter should return value",
                  "fullTitle": "ical-generator Alarm type() getter should return value",
                  "timedOut": false,
                  "duration": 0,
                  "state": "passed",
                  "speed": "fast",
                  "pass": true,
                  "fail": false,
                  "pending": false,
                  "context": null,
                  "code": "const a=new import_alarm.default({},new import_event.default({start:new Date},new import_calendar.default));import_assert.default.strictEqual(a.type(),\"display\");a.type(import_alarm.ICalAlarmType.audio);import_assert.default.strictEqual(a.type(),\"audio\")",
                  "err": {},
                  "uuid": "703d62e7-4f83-44fb-88d5-f80ea3a69227",
                  "parentUUID": "462859d8-7b4f-44d9-9d0a-79089eea5eac",
                  "isHook": false,
                  "skipped": false
                },
                {
                  "title": "should throw error when type not allowed",
                  "fullTitle": "ical-generator Alarm type() should throw error when type not allowed",
                  "timedOut": false,
                  "duration": 0,
                  "state": "passed",
                  "speed": "fast",
                  "pass": true,
                  "fail": false,
                  "pending": false,
                  "context": null,
                  "code": "const a=new import_alarm.default({},new import_event.default({start:new Date},new import_calendar.default));import_assert.default.throws(function(){a.type(\"BANANA\")},/`type`/);import_assert.default.throws(function(){a.type(null)},/`type`/)",
                  "err": {},
                  "uuid": "67cf6de4-1f82-43bb-aa46-7bb40c975c20",
                  "parentUUID": "462859d8-7b4f-44d9-9d0a-79089eea5eac",
                  "isHook": false,
                  "skipped": false
                },
                {
                  "title": "should change something",
                  "fullTitle": "ical-generator Alarm type() should change something",
                  "timedOut": false,
                  "duration": 1,
                  "state": "passed",
                  "speed": "fast",
                  "pass": true,
                  "fail": false,
                  "pending": false,
                  "context": null,
                  "code": "const a=new import_alarm.default({},new import_event.default({start:new Date},new import_calendar.default));import_assert.default.ok(a.toString().indexOf(\"ACTION:DISPLAY\")>-1)",
                  "err": {},
                  "uuid": "768e2038-0646-423d-b3e9-1806559a3c49",
                  "parentUUID": "462859d8-7b4f-44d9-9d0a-79089eea5eac",
                  "isHook": false,
                  "skipped": false
                }
              ],
              "suites": [],
              "passes": [
                "c412640f-7a2c-49ab-8d27-a8d1d42c9a5c",
                "703d62e7-4f83-44fb-88d5-f80ea3a69227",
                "67cf6de4-1f82-43bb-aa46-7bb40c975c20",
                "768e2038-0646-423d-b3e9-1806559a3c49"
              ],
              "failures": [],
              "pending": [],
              "skipped": [],
              "duration": 1,
              "root": false,
              "rootEmpty": false,
              "_timeout": 2000
            },
            {
              "uuid": "7cc3eade-0b13-4481-9179-3e9857b47ea9",
              "title": "trigger()",
              "fullFile": "/home/runner/work/ical-generator/ical-generator/test/alarm.ts",
              "file": "/test/alarm.ts",
              "beforeHooks": [],
              "afterHooks": [],
              "tests": [
                {
                  "title": "setter should return this",
                  "fullTitle": "ical-generator Alarm trigger() setter should return this",
                  "timedOut": false,
                  "duration": 0,
                  "state": "passed",
                  "speed": "fast",
                  "pass": true,
                  "fail": false,
                  "pending": false,
                  "context": null,
                  "code": "const a=new import_alarm.default({},new import_event.default({start:new Date},new import_calendar.default));import_assert.default.deepStrictEqual(a,a.trigger(60*10))",
                  "err": {},
                  "uuid": "a27d00cf-4d1b-49b0-ab59-627182732f54",
                  "parentUUID": "7cc3eade-0b13-4481-9179-3e9857b47ea9",
                  "isHook": false,
                  "skipped": false
                },
                {
                  "title": "getter should return value",
                  "fullTitle": "ical-generator Alarm trigger() getter should return value",
                  "timedOut": false,
                  "duration": 1,
                  "state": "passed",
                  "speed": "fast",
                  "pass": true,
                  "fail": false,
                  "pending": false,
                  "context": null,
                  "code": "const a=new import_alarm.default({},new import_event.default({start:new Date},new import_calendar.default));const now=new Date;import_assert.default.strictEqual(a.trigger(),600);import_assert.default.strictEqual(a.triggerAfter(),-600);a.trigger(300);import_assert.default.strictEqual(a.trigger(),300);import_assert.default.strictEqual(a.triggerAfter(),-300);a.trigger(now);const dateResult=a.trigger();import_assert.default.deepStrictEqual(dateResult,now)",
                  "err": {},
                  "uuid": "77b1cf81-15cc-4590-81dd-6c744c958398",
                  "parentUUID": "7cc3eade-0b13-4481-9179-3e9857b47ea9",
                  "isHook": false,
                  "skipped": false
                },
                {
                  "title": "should throw error when trigger not allowed",
                  "fullTitle": "ical-generator Alarm trigger() should throw error when trigger not allowed",
                  "timedOut": false,
                  "duration": 0,
                  "state": "passed",
                  "speed": "fast",
                  "pass": true,
                  "fail": false,
                  "pending": false,
                  "context": null,
                  "code": "const a=new import_alarm.default({},new import_event.default({start:new Date},new import_calendar.default));import_assert.default.throws(function(){a.trigger(Infinity)},/`trigger`/);import_assert.default.throws(function(){a.trigger(\"hi\")},/`trigger`/);import_assert.default.throws(function(){a.trigger(true)},/`trigger`/)",
                  "err": {},
                  "uuid": "e372efe9-3ef5-4a45-b243-f9acd3b75dee",
                  "parentUUID": "7cc3eade-0b13-4481-9179-3e9857b47ea9",
                  "isHook": false,
                  "skipped": false
                },
                {
                  "title": "setter should work with date",
                  "fullTitle": "ical-generator Alarm trigger() setter should work with date",
                  "timedOut": false,
                  "duration": 1,
                  "state": "passed",
                  "speed": "fast",
                  "pass": true,
                  "fail": false,
                  "pending": false,
                  "context": null,
                  "code": "const a=new import_alarm.default({},new import_event.default({start:new Date},new import_calendar.default));a.trigger(new Date);import_assert.default.ok(a.trigger()instanceof Date)",
                  "err": {},
                  "uuid": "5ef33e0f-4f89-49a4-92b4-e0ac61870100",
                  "parentUUID": "7cc3eade-0b13-4481-9179-3e9857b47ea9",
                  "isHook": false,
                  "skipped": false
                },
                {
                  "title": "setter should work with moment instance",
                  "fullTitle": "ical-generator Alarm trigger() setter should work with moment instance",
                  "timedOut": false,
                  "duration": 0,
                  "state": "passed",
                  "speed": "fast",
                  "pass": true,
                  "fail": false,
                  "pending": false,
                  "context": null,
                  "code": "const a=new import_alarm.default({},new import_event.default({start:new Date},new import_calendar.default));a.trigger((0,import_moment_timezone.default)());import_assert.default.ok(import_moment_timezone.default.isMoment(a.trigger()))",
                  "err": {},
                  "uuid": "88331718-3dad-4127-a344-cceec5275667",
                  "parentUUID": "7cc3eade-0b13-4481-9179-3e9857b47ea9",
                  "isHook": false,
                  "skipped": false
                },
                {
                  "title": "setter should work with number",
                  "fullTitle": "ical-generator Alarm trigger() setter should work with number",
                  "timedOut": false,
                  "duration": 0,
                  "state": "passed",
                  "speed": "fast",
                  "pass": true,
                  "fail": false,
                  "pending": false,
                  "context": null,
                  "code": "const a=new import_alarm.default({},new import_event.default({start:new Date},new import_calendar.default));a.trigger(2*60);import_assert.default.strictEqual(a.trigger(),120)",
                  "err": {},
                  "uuid": "9962821a-d9f7-465d-a11f-d498f08d2522",
                  "parentUUID": "7cc3eade-0b13-4481-9179-3e9857b47ea9",
                  "isHook": false,
                  "skipped": false
                },
                {
                  "title": "should change something",
                  "fullTitle": "ical-generator Alarm trigger() should change something",
                  "timedOut": false,
                  "duration": 3,
                  "state": "passed",
                  "speed": "fast",
                  "pass": true,
                  "fail": false,
                  "pending": false,
                  "context": null,
                  "code": "const trigger=(0,import_moment_timezone.default)(\"2015-02-01T13:38:45.000Z\");const a=new import_alarm.default({},new import_event.default({start:new Date},new import_calendar.default));import_assert.default.ok(a.toString().includes(\"TRIGGER:-PT10M\"));a.trigger(trigger);import_assert.default.ok(a.toString().includes(\"TRIGGER;VALUE=DATE-TIME:20150201T133845Z\"))",
                  "err": {},
                  "uuid": "36c37f8f-65cc-4bc6-91ae-a970c8a4fe97",
                  "parentUUID": "7cc3eade-0b13-4481-9179-3e9857b47ea9",
                  "isHook": false,
                  "skipped": false
                }
              ],
              "suites": [],
              "passes": [
                "a27d00cf-4d1b-49b0-ab59-627182732f54",
                "77b1cf81-15cc-4590-81dd-6c744c958398",
                "e372efe9-3ef5-4a45-b243-f9acd3b75dee",
                "5ef33e0f-4f89-49a4-92b4-e0ac61870100",
                "88331718-3dad-4127-a344-cceec5275667",
                "9962821a-d9f7-465d-a11f-d498f08d2522",
                "36c37f8f-65cc-4bc6-91ae-a970c8a4fe97"
              ],
              "failures": [],
              "pending": [],
              "skipped": [],
              "duration": 5,
              "root": false,
              "rootEmpty": false,
              "_timeout": 2000
            },
            {
              "uuid": "6e13fb6d-0933-4921-afde-291a0c6cc659",
              "title": "triggerAfter()",
              "fullFile": "/home/runner/work/ical-generator/ical-generator/test/alarm.ts",
              "file": "/test/alarm.ts",
              "beforeHooks": [],
              "afterHooks": [],
              "tests": [
                {
                  "title": "setter should return this",
                  "fullTitle": "ical-generator Alarm triggerAfter() setter should return this",
                  "timedOut": false,
                  "duration": 0,
                  "state": "passed",
                  "speed": "fast",
                  "pass": true,
                  "fail": false,
                  "pending": false,
                  "context": null,
                  "code": "const a=new import_alarm.default({},new import_event.default({start:new Date},new import_calendar.default));import_assert.default.deepStrictEqual(a,a.triggerAfter(60*10))",
                  "err": {},
                  "uuid": "7c5ec458-a927-4f8e-9d76-dba12bd2f864",
                  "parentUUID": "6e13fb6d-0933-4921-afde-291a0c6cc659",
                  "isHook": false,
                  "skipped": false
                },
                {
                  "title": "getter should return value",
                  "fullTitle": "ical-generator Alarm triggerAfter() getter should return value",
                  "timedOut": false,
                  "duration": 0,
                  "state": "passed",
                  "speed": "fast",
                  "pass": true,
                  "fail": false,
                  "pending": false,
                  "context": null,
                  "code": "const a=new import_alarm.default({},new import_event.default({start:new Date},new import_calendar.default)).triggerAfter(300);import_assert.default.strictEqual(a.triggerAfter(),300);import_assert.default.strictEqual(a.trigger(),-300)",
                  "err": {},
                  "uuid": "f713d3f5-10cc-4df0-b5b9-0b266dbcb10b",
                  "parentUUID": "6e13fb6d-0933-4921-afde-291a0c6cc659",
                  "isHook": false,
                  "skipped": false
                },
                {
                  "title": "setter should work with number",
                  "fullTitle": "ical-generator Alarm triggerAfter() setter should work with number",
                  "timedOut": false,
                  "duration": 0,
                  "state": "passed",
                  "speed": "fast",
                  "pass": true,
                  "fail": false,
                  "pending": false,
                  "context": null,
                  "code": "const a=new import_alarm.default({},new import_event.default({start:new Date},new import_calendar.default));a.triggerAfter(120);import_assert.default.strictEqual(a.trigger(),-120)",
                  "err": {},
                  "uuid": "ef33a851-5230-43f2-89c8-bb0cdee2bace",
                  "parentUUID": "6e13fb6d-0933-4921-afde-291a0c6cc659",
                  "isHook": false,
                  "skipped": false
                },
                {
                  "title": "setter should throw error when trigger not allowed",
                  "fullTitle": "ical-generator Alarm triggerAfter() setter should throw error when trigger not allowed",
                  "timedOut": false,
                  "duration": 1,
                  "state": "passed",
                  "speed": "fast",
                  "pass": true,
                  "fail": false,
                  "pending": false,
                  "context": null,
                  "code": "const a=new import_alarm.default({},new import_event.default({start:new Date},new import_calendar.default));import_assert.default.throws(function(){a.triggerAfter(Infinity)},/`trigger`/);import_assert.default.throws(function(){a.triggerAfter(\"hi\")},/`trigger`/);import_assert.default.throws(function(){a.triggerAfter(true)},/`trigger`/)",
                  "err": {},
                  "uuid": "f336015e-f2e8-4e0e-b496-08dffc1ec221",
                  "parentUUID": "6e13fb6d-0933-4921-afde-291a0c6cc659",
                  "isHook": false,
                  "skipped": false
                },
                {
                  "title": "should change something",
                  "fullTitle": "ical-generator Alarm triggerAfter() should change something",
                  "timedOut": false,
                  "duration": 1,
                  "state": "passed",
                  "speed": "fast",
                  "pass": true,
                  "fail": false,
                  "pending": false,
                  "context": null,
                  "code": "const trigger=(0,import_moment_timezone.default)(\"20150201T133845Z\");const a=new import_alarm.default({triggerAfter:600},new import_event.default({start:new Date},new import_calendar.default));import_assert.default.ok(a.toString().indexOf(\"TRIGGER;RELATED=END:PT10M\")>-1);a.triggerAfter(trigger);import_assert.default.ok(a.toString().indexOf(\"TRIGGER;VALUE=DATE-TIME:20150201T133845Z\")>-1)",
                  "err": {},
                  "uuid": "0d88897a-3475-4585-9b1e-2570bca12942",
                  "parentUUID": "6e13fb6d-0933-4921-afde-291a0c6cc659",
                  "isHook": false,
                  "skipped": false
                }
              ],
              "suites": [],
              "passes": [
                "7c5ec458-a927-4f8e-9d76-dba12bd2f864",
                "f713d3f5-10cc-4df0-b5b9-0b266dbcb10b",
                "ef33a851-5230-43f2-89c8-bb0cdee2bace",
                "f336015e-f2e8-4e0e-b496-08dffc1ec221",
                "0d88897a-3475-4585-9b1e-2570bca12942"
              ],
              "failures": [],
              "pending": [],
              "skipped": [],
              "duration": 2,
              "root": false,
              "rootEmpty": false,
              "_timeout": 2000
            },
            {
              "uuid": "cabd86c5-dd2a-4aec-99b2-7bb8a951caf8",
              "title": "triggerBefore()",
              "fullFile": "/home/runner/work/ical-generator/ical-generator/test/alarm.ts",
              "file": "/test/alarm.ts",
              "beforeHooks": [],
              "afterHooks": [],
              "tests": [
                {
                  "title": "setter should return this",
                  "fullTitle": "ical-generator Alarm triggerBefore() setter should return this",
                  "timedOut": false,
                  "duration": 0,
                  "state": "passed",
                  "speed": "fast",
                  "pass": true,
                  "fail": false,
                  "pending": false,
                  "context": null,
                  "code": "const a=new import_alarm.default({},new import_event.default({start:new Date},new import_calendar.default));import_assert.default.deepStrictEqual(a,a.triggerBefore(60*10))",
                  "err": {},
                  "uuid": "575a3194-bc07-4e96-b0a6-caaf53fb5657",
                  "parentUUID": "cabd86c5-dd2a-4aec-99b2-7bb8a951caf8",
                  "isHook": false,
                  "skipped": false
                },
                {
                  "title": "getter should return value",
                  "fullTitle": "ical-generator Alarm triggerBefore() getter should return value",
                  "timedOut": false,
                  "duration": 0,
                  "state": "passed",
                  "speed": "fast",
                  "pass": true,
                  "fail": false,
                  "pending": false,
                  "context": null,
                  "code": "const a=new import_alarm.default({},new import_event.default({start:new Date},new import_calendar.default));const now=new Date;import_assert.default.strictEqual(a.triggerBefore(),600);a.trigger(300);import_assert.default.strictEqual(a.triggerBefore(),300);a.trigger(now);const dateResult=a.triggerBefore();import_assert.default.deepStrictEqual(dateResult,now)",
                  "err": {},
                  "uuid": "9691067f-0a9b-4ffd-b1e6-90b782937bee",
                  "parentUUID": "cabd86c5-dd2a-4aec-99b2-7bb8a951caf8",
                  "isHook": false,
                  "skipped": false
                },
                {
                  "title": "should throw error when trigger not allowed",
                  "fullTitle": "ical-generator Alarm triggerBefore() should throw error when trigger not allowed",
                  "timedOut": false,
                  "duration": 1,
                  "state": "passed",
                  "speed": "fast",
                  "pass": true,
                  "fail": false,
                  "pending": false,
                  "context": null,
                  "code": "const a=new import_alarm.default({},new import_event.default({start:new Date},new import_calendar.default));import_assert.default.throws(function(){a.triggerBefore(Infinity)},/`trigger`/);import_assert.default.throws(function(){a.triggerBefore(\"hi\")},/`trigger`/);import_assert.default.throws(function(){a.triggerBefore(true)},/`trigger`/)",
                  "err": {},
                  "uuid": "e3041dde-91bd-4989-8b9d-3df44fe25f7c",
                  "parentUUID": "cabd86c5-dd2a-4aec-99b2-7bb8a951caf8",
                  "isHook": false,
                  "skipped": false
                },
                {
                  "title": "setter should work with date",
                  "fullTitle": "ical-generator Alarm triggerBefore() setter should work with date",
                  "timedOut": false,
                  "duration": 0,
                  "state": "passed",
                  "speed": "fast",
                  "pass": true,
                  "fail": false,
                  "pending": false,
                  "context": null,
                  "code": "const a=new import_alarm.default({},new import_event.default({start:new Date},new import_calendar.default));const now=new Date;a.triggerBefore(now);import_assert.default.deepStrictEqual(a.trigger(),now)",
                  "err": {},
                  "uuid": "67cf0db2-7be2-4d2c-9993-3bfc95fe4e06",
                  "parentUUID": "cabd86c5-dd2a-4aec-99b2-7bb8a951caf8",
                  "isHook": false,
                  "skipped": false
                },
                {
                  "title": "setter should work with moment instance",
                  "fullTitle": "ical-generator Alarm triggerBefore() setter should work with moment instance",
                  "timedOut": false,
                  "duration": 0,
                  "state": "passed",
                  "speed": "fast",
                  "pass": true,
                  "fail": false,
                  "pending": false,
                  "context": null,
                  "code": "const a=new import_alarm.default({triggerBefore:(0,import_moment_timezone.default)()},new import_event.default({start:new Date},new import_calendar.default));import_assert.default.ok(import_moment_timezone.default.isMoment(a.trigger()))",
                  "err": {},
                  "uuid": "296364e5-3f12-4234-9e25-eb4dc6ec5f4d",
                  "parentUUID": "cabd86c5-dd2a-4aec-99b2-7bb8a951caf8",
                  "isHook": false,
                  "skipped": false
                },
                {
                  "title": "setter should work with number",
                  "fullTitle": "ical-generator Alarm triggerBefore() setter should work with number",
                  "timedOut": false,
                  "duration": 0,
                  "state": "passed",
                  "speed": "fast",
                  "pass": true,
                  "fail": false,
                  "pending": false,
                  "context": null,
                  "code": "const a=new import_alarm.default({},new import_event.default({start:new Date},new import_calendar.default));a.triggerBefore(2*60);import_assert.default.strictEqual(a.trigger(),120)",
                  "err": {},
                  "uuid": "119f5c4c-12b6-4d2b-8c5a-d28ad3abde8d",
                  "parentUUID": "cabd86c5-dd2a-4aec-99b2-7bb8a951caf8",
                  "isHook": false,
                  "skipped": false
                },
                {
                  "title": "should change something",
                  "fullTitle": "ical-generator Alarm triggerBefore() should change something",
                  "timedOut": false,
                  "duration": 1,
                  "state": "passed",
                  "speed": "fast",
                  "pass": true,
                  "fail": false,
                  "pending": false,
                  "context": null,
                  "code": "const trigger=(0,import_moment_timezone.default)(\"2015-02-01T13:38:45.000Z\");const a=new import_alarm.default({},new import_event.default({start:new Date},new import_calendar.default));import_assert.default.ok(a.toString().indexOf(\"TRIGGER:-PT10M\")>-1);a.triggerBefore(trigger);import_assert.default.ok(a.toString().indexOf(\"TRIGGER;VALUE=DATE-TIME:20150201T133845Z\")>-1)",
                  "err": {},
                  "uuid": "bf906721-255f-4c23-82c6-66e509010739",
                  "parentUUID": "cabd86c5-dd2a-4aec-99b2-7bb8a951caf8",
                  "isHook": false,
                  "skipped": false
                }
              ],
              "suites": [],
              "passes": [
                "575a3194-bc07-4e96-b0a6-caaf53fb5657",
                "9691067f-0a9b-4ffd-b1e6-90b782937bee",
                "e3041dde-91bd-4989-8b9d-3df44fe25f7c",
                "67cf0db2-7be2-4d2c-9993-3bfc95fe4e06",
                "296364e5-3f12-4234-9e25-eb4dc6ec5f4d",
                "119f5c4c-12b6-4d2b-8c5a-d28ad3abde8d",
                "bf906721-255f-4c23-82c6-66e509010739"
              ],
              "failures": [],
              "pending": [],
              "skipped": [],
              "duration": 2,
              "root": false,
              "rootEmpty": false,
              "_timeout": 2000
            },
            {
              "uuid": "03fae0b7-a6a4-4207-9527-b2a7b74710f7",
              "title": "relatesTo()",
              "fullFile": "/home/runner/work/ical-generator/ical-generator/test/alarm.ts",
              "file": "/test/alarm.ts",
              "beforeHooks": [],
              "afterHooks": [],
              "tests": [
                {
                  "title": "setter should return this",
                  "fullTitle": "ical-generator Alarm relatesTo() setter should return this",
                  "timedOut": false,
                  "duration": 0,
                  "state": "passed",
                  "speed": "fast",
                  "pass": true,
                  "fail": false,
                  "pending": false,
                  "context": null,
                  "code": "const a=new import_alarm.default({},new import_event.default({start:new Date},new import_calendar.default));import_assert.default.deepStrictEqual(a,a.relatesTo(null));import_assert.default.deepStrictEqual(a,a.relatesTo(import_alarm.ICalAlarmRelatesTo.end))",
                  "err": {},
                  "uuid": "96c0fc40-28aa-4244-973b-d405f28394a3",
                  "parentUUID": "03fae0b7-a6a4-4207-9527-b2a7b74710f7",
                  "isHook": false,
                  "skipped": false
                },
                {
                  "title": "getter should return value",
                  "fullTitle": "ical-generator Alarm relatesTo() getter should return value",
                  "timedOut": false,
                  "duration": 0,
                  "state": "passed",
                  "speed": "fast",
                  "pass": true,
                  "fail": false,
                  "pending": false,
                  "context": null,
                  "code": "const a=new import_alarm.default({},new import_event.default({start:new Date},new import_calendar.default));a.relatesTo(import_alarm.ICalAlarmRelatesTo.end);import_assert.default.strictEqual(a.relatesTo(),import_alarm.ICalAlarmRelatesTo.end);a.relatesTo(null);import_assert.default.strictEqual(a.relatesTo(),null)",
                  "err": {},
                  "uuid": "3204f644-27d8-4691-a834-9f6a346c8f72",
                  "parentUUID": "03fae0b7-a6a4-4207-9527-b2a7b74710f7",
                  "isHook": false,
                  "skipped": false
                },
                {
                  "title": "should throw if value is not `null`, \"START\" or \"END\"",
                  "fullTitle": "ical-generator Alarm relatesTo() should throw if value is not `null`, \"START\" or \"END\"",
                  "timedOut": false,
                  "duration": 0,
                  "state": "passed",
                  "speed": "fast",
                  "pass": true,
                  "fail": false,
                  "pending": false,
                  "context": null,
                  "code": "const a=new import_alarm.default({},new import_event.default({start:new Date},new import_calendar.default));import_assert.default.throws(function(){a.relatesTo(\"hi\")},/`relatesTo`/);import_assert.default.throws(function(){a.relatesTo(true)},/`relatesTo`/);import_assert.default.throws(function(){a.relatesTo(Infinity)},/`relatesTo`/)",
                  "err": {},
                  "uuid": "6a26aa68-a4ad-4a4f-950a-31adb23049e0",
                  "parentUUID": "03fae0b7-a6a4-4207-9527-b2a7b74710f7",
                  "isHook": false,
                  "skipped": false
                },
                {
                  "title": "should change RELATED",
                  "fullTitle": "ical-generator Alarm relatesTo() should change RELATED",
                  "timedOut": false,
                  "duration": 0,
                  "state": "passed",
                  "speed": "fast",
                  "pass": true,
                  "fail": false,
                  "pending": false,
                  "context": null,
                  "code": "const a=new import_alarm.default({},new import_event.default({start:new Date},new import_calendar.default));import_assert.default.ok(a.toString().indexOf(\"RELATED=START\")===-1);a.relatesTo(import_alarm.ICalAlarmRelatesTo.start);import_assert.default.ok(a.toString().indexOf(\"RELATED=START\")>-1);a.relatesTo(import_alarm.ICalAlarmRelatesTo.end);import_assert.default.ok(a.toString().indexOf(\"RELATED=END\")>-1)",
                  "err": {},
                  "uuid": "8e3b6395-650b-44c2-8296-30ccec069af5",
                  "parentUUID": "03fae0b7-a6a4-4207-9527-b2a7b74710f7",
                  "isHook": false,
                  "skipped": false
                }
              ],
              "suites": [],
              "passes": [
                "96c0fc40-28aa-4244-973b-d405f28394a3",
                "3204f644-27d8-4691-a834-9f6a346c8f72",
                "6a26aa68-a4ad-4a4f-950a-31adb23049e0",
                "8e3b6395-650b-44c2-8296-30ccec069af5"
              ],
              "failures": [],
              "pending": [],
              "skipped": [],
              "duration": 0,
              "root": false,
              "rootEmpty": false,
              "_timeout": 2000
            },
            {
              "uuid": "177e871c-ea34-4e34-841a-5c4664e0e512",
              "title": "repeat()",
              "fullFile": "/home/runner/work/ical-generator/ical-generator/test/alarm.ts",
              "file": "/test/alarm.ts",
              "beforeHooks": [],
              "afterHooks": [],
              "tests": [
                {
                  "title": "setter should return this",
                  "fullTitle": "ical-generator Alarm repeat() setter should return this",
                  "timedOut": false,
                  "duration": 1,
                  "state": "passed",
                  "speed": "fast",
                  "pass": true,
                  "fail": false,
                  "pending": false,
                  "context": null,
                  "code": "const a=new import_alarm.default({},new import_event.default({start:new Date},new import_calendar.default));import_assert.default.deepStrictEqual(a,a.repeat({interval:60,times:4}))",
                  "err": {},
                  "uuid": "d6f99e45-42b9-447a-823e-d554ffca474f",
                  "parentUUID": "177e871c-ea34-4e34-841a-5c4664e0e512",
                  "isHook": false,
                  "skipped": false
                },
                {
                  "title": "getter should return value",
                  "fullTitle": "ical-generator Alarm repeat() getter should return value",
                  "timedOut": false,
                  "duration": 0,
                  "state": "passed",
                  "speed": "fast",
                  "pass": true,
                  "fail": false,
                  "pending": false,
                  "context": null,
                  "code": "const a=new import_alarm.default({},new import_event.default({start:new Date},new import_calendar.default));import_assert.default.strictEqual(a.repeat(),null);a.repeat({interval:60,times:4});import_assert.default.deepStrictEqual(a.repeat(),{interval:60,times:4})",
                  "err": {},
                  "uuid": "40892457-fce4-4bea-b6b0-38c82402c2a3",
                  "parentUUID": "177e871c-ea34-4e34-841a-5c4664e0e512",
                  "isHook": false,
                  "skipped": false
                },
                {
                  "title": "should throw error if repeat not allowed",
                  "fullTitle": "ical-generator Alarm repeat() should throw error if repeat not allowed",
                  "timedOut": false,
                  "duration": 1,
                  "state": "passed",
                  "speed": "fast",
                  "pass": true,
                  "fail": false,
                  "pending": false,
                  "context": null,
                  "code": "const a=new import_alarm.default({},new import_event.default({start:new Date},new import_calendar.default));import_assert.default.throws(function(){a.repeat({interval:60,times:Infinity})},/`repeat.times`/);import_assert.default.throws(function(){a.repeat({interval:60,times:\"hi\"})},/`repeat.times`/);import_assert.default.throws(function(){a.repeat({interval:60,times:true})},/`repeat.times`/);import_assert.default.throws(function(){a.repeat({interval:Infinity,times:4})},/`repeat.interval`/);import_assert.default.throws(function(){a.repeat({interval:\"hi\",times:4})},/`repeat.interval`/);import_assert.default.throws(function(){a.repeat({interval:true,times:4})},/`repeat.interval`/)",
                  "err": {},
                  "uuid": "adec7ac3-9645-4eaa-9098-29990638da39",
                  "parentUUID": "177e871c-ea34-4e34-841a-5c4664e0e512",
                  "isHook": false,
                  "skipped": false
                },
                {
                  "title": "should change something",
                  "fullTitle": "ical-generator Alarm repeat() should change something",
                  "timedOut": false,
                  "duration": 0,
                  "state": "passed",
                  "speed": "fast",
                  "pass": true,
                  "fail": false,
                  "pending": false,
                  "context": null,
                  "code": "const a=new import_alarm.default({repeat:{interval:90,times:42},trigger:300},new import_event.default({start:new Date},new import_calendar.default));import_assert.default.ok(a.toString().includes(\"REPEAT:42\"));import_assert.default.ok(a.toString().includes(\"DURATION:PT1M30S\"));a.repeat(null);import_assert.default.ok(!a.toString().includes(\"REPEAT:42\"));import_assert.default.ok(!a.toString().includes(\"DURATION:PT1M30S\"))",
                  "err": {},
                  "uuid": "fffd3397-6e72-46db-8ca7-d3d91be95815",
                  "parentUUID": "177e871c-ea34-4e34-841a-5c4664e0e512",
                  "isHook": false,
                  "skipped": false
                },
                {
                  "title": "should throw an error if repeat is set but interval isn't",
                  "fullTitle": "ical-generator Alarm repeat() should throw an error if repeat is set but interval isn't",
                  "timedOut": false,
                  "duration": 0,
                  "state": "passed",
                  "speed": "fast",
                  "pass": true,
                  "fail": false,
                  "pending": false,
                  "context": null,
                  "code": "import_assert.default.throws(function(){new import_alarm.default({repeat:{interval:null,times:4},trigger:300},new import_event.default({start:new Date},new import_calendar.default))},/`repeat.interval`/)",
                  "err": {},
                  "uuid": "50ced337-7d28-4d05-aac3-73fc82144ae9",
                  "parentUUID": "177e871c-ea34-4e34-841a-5c4664e0e512",
                  "isHook": false,
                  "skipped": false
                },
                {
                  "title": "should throw an error if interval is set but repeat isn't",
                  "fullTitle": "ical-generator Alarm repeat() should throw an error if interval is set but repeat isn't",
                  "timedOut": false,
                  "duration": 0,
                  "state": "passed",
                  "speed": "fast",
                  "pass": true,
                  "fail": false,
                  "pending": false,
                  "context": null,
                  "code": "import_assert.default.throws(function(){new import_alarm.default({repeat:{interval:60,times:null},trigger:300},new import_event.default({start:new Date},new import_calendar.default))},/`repeat.times`/)",
                  "err": {},
                  "uuid": "fc5628b2-f68e-43b1-8066-38c6e88efdf1",
                  "parentUUID": "177e871c-ea34-4e34-841a-5c4664e0e512",
                  "isHook": false,
                  "skipped": false
                },
                {
                  "title": "should throw an error if interval is of wrong type",
                  "fullTitle": "ical-generator Alarm repeat() should throw an error if interval is of wrong type",
                  "timedOut": false,
                  "duration": 1,
                  "state": "passed",
                  "speed": "fast",
                  "pass": true,
                  "fail": false,
                  "pending": false,
                  "context": null,
                  "code": "import_assert.default.throws(function(){new import_alarm.default({repeat:true,trigger:300},new import_event.default({start:new Date},new import_calendar.default))},/`repeat` is not correct, must be an object!/)",
                  "err": {},
                  "uuid": "4ecbf0b5-7e43-4eea-866e-94b6d696c232",
                  "parentUUID": "177e871c-ea34-4e34-841a-5c4664e0e512",
                  "isHook": false,
                  "skipped": false
                }
              ],
              "suites": [],
              "passes": [
                "d6f99e45-42b9-447a-823e-d554ffca474f",
                "40892457-fce4-4bea-b6b0-38c82402c2a3",
                "adec7ac3-9645-4eaa-9098-29990638da39",
                "fffd3397-6e72-46db-8ca7-d3d91be95815",
                "50ced337-7d28-4d05-aac3-73fc82144ae9",
                "fc5628b2-f68e-43b1-8066-38c6e88efdf1",
                "4ecbf0b5-7e43-4eea-866e-94b6d696c232"
              ],
              "failures": [],
              "pending": [],
              "skipped": [],
              "duration": 3,
              "root": false,
              "rootEmpty": false,
              "_timeout": 2000
            },
            {
              "uuid": "1d861fe6-22f9-4efa-9f35-8816feedad8f",
              "title": "attach()",
              "fullFile": "/home/runner/work/ical-generator/ical-generator/test/alarm.ts",
              "file": "/test/alarm.ts",
              "beforeHooks": [],
              "afterHooks": [],
              "tests": [
                {
                  "title": "setter should return this",
                  "fullTitle": "ical-generator Alarm attach() setter should return this",
                  "timedOut": false,
                  "duration": 0,
                  "state": "passed",
                  "speed": "fast",
                  "pass": true,
                  "fail": false,
                  "pending": false,
                  "context": null,
                  "code": "const a=new import_alarm.default({},new import_event.default({start:new Date},new import_calendar.default));import_assert.default.deepStrictEqual(a,a.attach(null));import_assert.default.deepStrictEqual(a,a.attach(\"https://sebbo.net/beep.aud\"))",
                  "err": {},
                  "uuid": "76e2ca4b-f8ee-4a96-a3ec-d60a165a846f",
                  "parentUUID": "1d861fe6-22f9-4efa-9f35-8816feedad8f",
                  "isHook": false,
                  "skipped": false
                },
                {
                  "title": "getter should return value",
                  "fullTitle": "ical-generator Alarm attach() getter should return value",
                  "timedOut": false,
                  "duration": 0,
                  "state": "passed",
                  "speed": "fast",
                  "pass": true,
                  "fail": false,
                  "pending": false,
                  "context": null,
                  "code": "const t={mime:\"audio/basic\",uri:\"https://example.com/alarm.aud\"};const a=new import_alarm.default({},new import_event.default({start:new Date},new import_calendar.default));import_assert.default.strictEqual(a.attach(),null);a.attach(t);import_assert.default.deepStrictEqual(a.attach(),t);a.attach(\"https://www.example.com/beep.aud\");import_assert.default.deepStrictEqual(a.attach(),{mime:null,uri:\"https://www.example.com/beep.aud\"});a.attach({uri:\"https://www.example.com/beep.aud\"});import_assert.default.deepStrictEqual(a.attach(),{mime:null,uri:\"https://www.example.com/beep.aud\"});a.attach(null);import_assert.default.strictEqual(a.attach(),null)",
                  "err": {},
                  "uuid": "df60eb93-fc55-4d6c-8fbf-fa13df014fd6",
                  "parentUUID": "1d861fe6-22f9-4efa-9f35-8816feedad8f",
                  "isHook": false,
                  "skipped": false
                },
                {
                  "title": "should throw error withour uri",
                  "fullTitle": "ical-generator Alarm attach() should throw error withour uri",
                  "timedOut": false,
                  "duration": 0,
                  "state": "passed",
                  "speed": "fast",
                  "pass": true,
                  "fail": false,
                  "pending": false,
                  "context": null,
                  "code": "const a=new import_alarm.default({},new import_event.default({start:new Date},new import_calendar.default));import_assert.default.throws(function(){a.attach({mime:\"audio/basic\"})},/`attach.uri`/)",
                  "err": {},
                  "uuid": "ffbb8dc0-b07e-4945-a407-d7aa66acd98c",
                  "parentUUID": "1d861fe6-22f9-4efa-9f35-8816feedad8f",
                  "isHook": false,
                  "skipped": false
                },
                {
                  "title": "should throw error when unknown format",
                  "fullTitle": "ical-generator Alarm attach() should throw error when unknown format",
                  "timedOut": false,
                  "duration": 0,
                  "state": "passed",
                  "speed": "fast",
                  "pass": true,
                  "fail": false,
                  "pending": false,
                  "context": null,
                  "code": "const a=new import_alarm.default({},new import_event.default({start:new Date},new import_calendar.default));import_assert.default.throws(function(){a.attach(Infinity)},/`attachment`/)",
                  "err": {},
                  "uuid": "38e59b26-e7aa-43f5-971e-a5751a772725",
                  "parentUUID": "1d861fe6-22f9-4efa-9f35-8816feedad8f",
                  "isHook": false,
                  "skipped": false
                },
                {
                  "title": "should change something",
                  "fullTitle": "ical-generator Alarm attach() should change something",
                  "timedOut": false,
                  "duration": 0,
                  "state": "passed",
                  "speed": "fast",
                  "pass": true,
                  "fail": false,
                  "pending": false,
                  "context": null,
                  "code": "const a=new import_alarm.default({type:import_alarm.ICalAlarmType.audio},new import_event.default({start:new Date},new import_calendar.default));import_assert.default.ok(a.toString().indexOf(\"\\r\\nATTACH;VALUE=URI:Basso\")>-1);a.attach(\"https://example.com/beep.aud\");import_assert.default.ok(a.toString().indexOf(\"\\r\\nATTACH;VALUE=URI:https://example.com/beep.aud\")>-1);a.attach({mime:\"audio/basic\",uri:\"https://example.com/beep.aud\"});import_assert.default.ok(a.toString().indexOf(\"\\r\\nATTACH;FMTTYPE=audio/basic:https://example.com/beep.aud\")>-1)",
                  "err": {},
                  "uuid": "489e102d-ad45-457a-8c70-65f34fe53fc5",
                  "parentUUID": "1d861fe6-22f9-4efa-9f35-8816feedad8f",
                  "isHook": false,
                  "skipped": false
                }
              ],
              "suites": [],
              "passes": [
                "76e2ca4b-f8ee-4a96-a3ec-d60a165a846f",
                "df60eb93-fc55-4d6c-8fbf-fa13df014fd6",
                "ffbb8dc0-b07e-4945-a407-d7aa66acd98c",
                "38e59b26-e7aa-43f5-971e-a5751a772725",
                "489e102d-ad45-457a-8c70-65f34fe53fc5"
              ],
              "failures": [],
              "pending": [],
              "skipped": [],
              "duration": 0,
              "root": false,
              "rootEmpty": false,
              "_timeout": 2000
            },
            {
              "uuid": "cf7f8bd6-6ed9-45d5-afd6-59244be55118",
              "title": "description()",
              "fullFile": "/home/runner/work/ical-generator/ical-generator/test/alarm.ts",
              "file": "/test/alarm.ts",
              "beforeHooks": [],
              "afterHooks": [],
              "tests": [
                {
                  "title": "setter should return this",
                  "fullTitle": "ical-generator Alarm description() setter should return this",
                  "timedOut": false,
                  "duration": 0,
                  "state": "passed",
                  "speed": "fast",
                  "pass": true,
                  "fail": false,
                  "pending": false,
                  "context": null,
                  "code": "const a=new import_alarm.default({},new import_event.default({start:new Date},new import_calendar.default));import_assert.default.deepStrictEqual(a,a.description(null));import_assert.default.deepStrictEqual(a,a.description(\"Hey Ho!\"))",
                  "err": {},
                  "uuid": "419eb1ba-6c0c-43b9-99d4-6fdb493200fe",
                  "parentUUID": "cf7f8bd6-6ed9-45d5-afd6-59244be55118",
                  "isHook": false,
                  "skipped": false
                },
                {
                  "title": "getter should return value",
                  "fullTitle": "ical-generator Alarm description() getter should return value",
                  "timedOut": false,
                  "duration": 1,
                  "state": "passed",
                  "speed": "fast",
                  "pass": true,
                  "fail": false,
                  "pending": false,
                  "context": null,
                  "code": "const a=new import_alarm.default({},new import_event.default({start:new Date},new import_calendar.default));import_assert.default.deepStrictEqual(a.description(),null);a.description(\"blablabla\");import_assert.default.deepStrictEqual(a.description(),\"blablabla\");a.description(null);import_assert.default.deepStrictEqual(a.description(),null)",
                  "err": {},
                  "uuid": "629bac67-be48-491d-bfbb-8432cbb100d1",
                  "parentUUID": "cf7f8bd6-6ed9-45d5-afd6-59244be55118",
                  "isHook": false,
                  "skipped": false
                },
                {
                  "title": "should change something",
                  "fullTitle": "ical-generator Alarm description() should change something",
                  "timedOut": false,
                  "duration": 0,
                  "state": "passed",
                  "speed": "fast",
                  "pass": true,
                  "fail": false,
                  "pending": false,
                  "context": null,
                  "code": "const a=new import_alarm.default({description:\"Huibuh!\"},new import_event.default({start:new Date},new import_calendar.default));import_assert.default.ok(a.toString().indexOf(\"\\r\\nDESCRIPTION:Huibuh\")>-1)",
                  "err": {},
                  "uuid": "b2fd8a38-7d4d-49d1-994f-c37b87fd3299",
                  "parentUUID": "cf7f8bd6-6ed9-45d5-afd6-59244be55118",
                  "isHook": false,
                  "skipped": false
                },
                {
                  "title": "should fallback to event summary",
                  "fullTitle": "ical-generator Alarm description() should fallback to event summary",
                  "timedOut": false,
                  "duration": 0,
                  "state": "passed",
                  "speed": "fast",
                  "pass": true,
                  "fail": false,
                  "pending": false,
                  "context": null,
                  "code": "const a=new import_alarm.default({description:\"Example Event\"},new import_event.default({start:new Date},new import_calendar.default));import_assert.default.ok(a.toString().indexOf(\"\\r\\nDESCRIPTION:Example Event\")>-1)",
                  "err": {},
                  "uuid": "537d7920-f4df-4833-94fb-55d7429a0304",
                  "parentUUID": "cf7f8bd6-6ed9-45d5-afd6-59244be55118",
                  "isHook": false,
                  "skipped": false
                }
              ],
              "suites": [],
              "passes": [
                "419eb1ba-6c0c-43b9-99d4-6fdb493200fe",
                "629bac67-be48-491d-bfbb-8432cbb100d1",
                "b2fd8a38-7d4d-49d1-994f-c37b87fd3299",
                "537d7920-f4df-4833-94fb-55d7429a0304"
              ],
              "failures": [],
              "pending": [],
              "skipped": [],
              "duration": 1,
              "root": false,
              "rootEmpty": false,
              "_timeout": 2000
            },
            {
              "uuid": "b0b7d274-11b2-44ff-bcb0-fcf1dff07336",
              "title": "summary()",
              "fullFile": "/home/runner/work/ical-generator/ical-generator/test/alarm.ts",
              "file": "/test/alarm.ts",
              "beforeHooks": [],
              "afterHooks": [],
              "tests": [
                {
                  "title": "setter should return this",
                  "fullTitle": "ical-generator Alarm summary() setter should return this",
                  "timedOut": false,
                  "duration": 0,
                  "state": "passed",
                  "speed": "fast",
                  "pass": true,
                  "fail": false,
                  "pending": false,
                  "context": null,
                  "code": "const a=new import_alarm.default({},new import_event.default({start:new Date},new import_calendar.default));import_assert.default.deepStrictEqual(a,a.summary(null));import_assert.default.deepStrictEqual(a,a.summary(\"Hey Ho!\"))",
                  "err": {},
                  "uuid": "40d306fa-e4b8-4fd4-94ad-479f08f82faa",
                  "parentUUID": "b0b7d274-11b2-44ff-bcb0-fcf1dff07336",
                  "isHook": false,
                  "skipped": false
                },
                {
                  "title": "getter should return value",
                  "fullTitle": "ical-generator Alarm summary() getter should return value",
                  "timedOut": false,
                  "duration": 0,
                  "state": "passed",
                  "speed": "fast",
                  "pass": true,
                  "fail": false,
                  "pending": false,
                  "context": null,
                  "code": "const a=new import_alarm.default({},new import_event.default({start:new Date},new import_calendar.default));import_assert.default.deepStrictEqual(a.summary(),null);a.summary(\"blablabla\");import_assert.default.deepStrictEqual(a.summary(),\"blablabla\");a.summary(null);import_assert.default.deepStrictEqual(a.summary(),null)",
                  "err": {},
                  "uuid": "d3113a6d-9fb5-405c-a6a8-d3520e316b3b",
                  "parentUUID": "b0b7d274-11b2-44ff-bcb0-fcf1dff07336",
                  "isHook": false,
                  "skipped": false
                },
                {
                  "title": "should change something",
                  "fullTitle": "ical-generator Alarm summary() should change something",
                  "timedOut": false,
                  "duration": 0,
                  "state": "passed",
                  "speed": "fast",
                  "pass": true,
                  "fail": false,
                  "pending": false,
                  "context": null,
                  "code": "const a=new import_alarm.default({summary:\"Huibuh!\",type:import_alarm.ICalAlarmType.email},new import_event.default({start:new Date},new import_calendar.default));import_assert.default.ok(a.toString().indexOf(\"\\r\\nSUMMARY:Huibuh\")>-1)",
                  "err": {},
                  "uuid": "4893b55f-9a8d-4083-a885-fd64f460097e",
                  "parentUUID": "b0b7d274-11b2-44ff-bcb0-fcf1dff07336",
                  "isHook": false,
                  "skipped": false
                },
                {
                  "title": "should fallback to event summary",
                  "fullTitle": "ical-generator Alarm summary() should fallback to event summary",
                  "timedOut": false,
                  "duration": 0,
                  "state": "passed",
                  "speed": "fast",
                  "pass": true,
                  "fail": false,
                  "pending": false,
                  "context": null,
                  "code": "const a=new import_alarm.default({type:import_alarm.ICalAlarmType.email},new import_event.default({start:new Date,summary:\"Example Event\"},new import_calendar.default));import_assert.default.ok(a.toString().indexOf(\"\\r\\nSUMMARY:Example Event\")>-1)",
                  "err": {},
                  "uuid": "8b8db478-7fe6-4c91-bb23-a3a3e1873506",
                  "parentUUID": "b0b7d274-11b2-44ff-bcb0-fcf1dff07336",
                  "isHook": false,
                  "skipped": false
                }
              ],
              "suites": [],
              "passes": [
                "40d306fa-e4b8-4fd4-94ad-479f08f82faa",
                "d3113a6d-9fb5-405c-a6a8-d3520e316b3b",
                "4893b55f-9a8d-4083-a885-fd64f460097e",
                "8b8db478-7fe6-4c91-bb23-a3a3e1873506"
              ],
              "failures": [],
              "pending": [],
              "skipped": [],
              "duration": 0,
              "root": false,
              "rootEmpty": false,
              "_timeout": 2000
            },
            {
              "uuid": "bceaaff7-d8eb-4b77-9e97-0c961cc5ac77",
              "title": "createAttendee()",
              "fullFile": "/home/runner/work/ical-generator/ical-generator/test/alarm.ts",
              "file": "/test/alarm.ts",
              "beforeHooks": [],
              "afterHooks": [],
              "tests": [
                {
                  "title": "if Attendee passed, it should add and return it",
                  "fullTitle": "ical-generator Alarm createAttendee() if Attendee passed, it should add and return it",
                  "timedOut": false,
                  "duration": 0,
                  "state": "passed",
                  "speed": "fast",
                  "pass": true,
                  "fail": false,
                  "pending": false,
                  "context": null,
                  "code": "const alarm=new import_event.default({start:new Date},new import_calendar.default).createAlarm({type:import_alarm.ICalAlarmType.email});const attendee=new import_attendee.default({email:\"mail@example.com\"},alarm);import_assert.default.strictEqual(alarm.createAttendee(attendee),attendee,\"createAttendee returns attendee\");import_assert.default.deepStrictEqual(alarm.attendees()[0],attendee,\"attendee pushed\")",
                  "err": {},
                  "uuid": "1d75cd91-c562-4509-adf0-38bfd8c9834d",
                  "parentUUID": "bceaaff7-d8eb-4b77-9e97-0c961cc5ac77",
                  "isHook": false,
                  "skipped": false
                },
                {
                  "title": "should return a ICalAttendee instance",
                  "fullTitle": "ical-generator Alarm createAttendee() should return a ICalAttendee instance",
                  "timedOut": false,
                  "duration": 0,
                  "state": "passed",
                  "speed": "fast",
                  "pass": true,
                  "fail": false,
                  "pending": false,
                  "context": null,
                  "code": "const alarm=new import_event.default({start:new Date},new import_calendar.default).createAlarm({type:import_alarm.ICalAlarmType.email});import_assert.default.ok(alarm.createAttendee({email:\"mail@example.com\"})instanceof import_attendee.default);import_assert.default.strictEqual(alarm.attendees.length,1,\"attendee pushed\")",
                  "err": {},
                  "uuid": "3e3d303b-62f9-4bf3-9062-b5b7eb34f12a",
                  "parentUUID": "bceaaff7-d8eb-4b77-9e97-0c961cc5ac77",
                  "isHook": false,
                  "skipped": false
                },
                {
                  "title": "should accept string",
                  "fullTitle": "ical-generator Alarm createAttendee() should accept string",
                  "timedOut": false,
                  "duration": 0,
                  "state": "passed",
                  "speed": "fast",
                  "pass": true,
                  "fail": false,
                  "pending": false,
                  "context": null,
                  "code": "const alarm=new import_event.default({start:new Date},new import_calendar.default).createAlarm({type:import_alarm.ICalAlarmType.email});const attendee=alarm.createAttendee(\"Zac <zac@example.com>\");import_assert.default.strictEqual(attendee.name(),\"Zac\");import_assert.default.strictEqual(attendee.email(),\"zac@example.com\");import_assert.default.strictEqual(alarm.attendees().length,1,\"attendee pushed\")",
                  "err": {},
                  "uuid": "1f34e369-6c5c-4656-a12f-e03b42bebbb4",
                  "parentUUID": "bceaaff7-d8eb-4b77-9e97-0c961cc5ac77",
                  "isHook": false,
                  "skipped": false
                },
                {
                  "title": "should throw error when string misformated",
                  "fullTitle": "ical-generator Alarm createAttendee() should throw error when string misformated",
                  "timedOut": false,
                  "duration": 0,
                  "state": "passed",
                  "speed": "fast",
                  "pass": true,
                  "fail": false,
                  "pending": false,
                  "context": null,
                  "code": "const alarm=new import_event.default({start:new Date},new import_calendar.default).createAlarm({type:import_alarm.ICalAlarmType.email});import_assert.default.throws(function(){alarm.createAttendee(\"foo bar\")},/isn't formated correctly/)",
                  "err": {},
                  "uuid": "ab9ae1c2-7abc-49a4-b40f-4e83a1f9a7b4",
                  "parentUUID": "bceaaff7-d8eb-4b77-9e97-0c961cc5ac77",
                  "isHook": false,
                  "skipped": false
                },
                {
                  "title": "should accept object",
                  "fullTitle": "ical-generator Alarm createAttendee() should accept object",
                  "timedOut": false,
                  "duration": 1,
                  "state": "passed",
                  "speed": "fast",
                  "pass": true,
                  "fail": false,
                  "pending": false,
                  "context": null,
                  "code": "const alarm=new import_event.default({start:new Date},new import_calendar.default).createAlarm({type:import_alarm.ICalAlarmType.email});const attendee=alarm.createAttendee({email:\"zac@example.com\",name:\"Zac\"});import_assert.default.strictEqual(attendee.name(),\"Zac\");import_assert.default.strictEqual(attendee.email(),\"zac@example.com\");import_assert.default.strictEqual(alarm.attendees().length,1,\"attendee pushed\");import_assert.default.ok(alarm.toString().includes('ATTENDEE;ROLE=REQ-PARTICIPANT;CN=\"Zac\":MAILTO:zac@example.com'))",
                  "err": {},
                  "uuid": "1f049d65-a3eb-49af-b70a-f98c6646a398",
                  "parentUUID": "bceaaff7-d8eb-4b77-9e97-0c961cc5ac77",
                  "isHook": false,
                  "skipped": false
                }
              ],
              "suites": [],
              "passes": [
                "1d75cd91-c562-4509-adf0-38bfd8c9834d",
                "3e3d303b-62f9-4bf3-9062-b5b7eb34f12a",
                "1f34e369-6c5c-4656-a12f-e03b42bebbb4",
                "ab9ae1c2-7abc-49a4-b40f-4e83a1f9a7b4",
                "1f049d65-a3eb-49af-b70a-f98c6646a398"
              ],
              "failures": [],
              "pending": [],
              "skipped": [],
              "duration": 1,
              "root": false,
              "rootEmpty": false,
              "_timeout": 2000
            },
            {
              "uuid": "d7596120-8eb2-44c3-87dc-8e659ffb4d74",
              "title": "attendees()",
              "fullFile": "/home/runner/work/ical-generator/ical-generator/test/alarm.ts",
              "file": "/test/alarm.ts",
              "beforeHooks": [],
              "afterHooks": [],
              "tests": [
                {
                  "title": "getter should return an array of attendees…",
                  "fullTitle": "ical-generator Alarm attendees() getter should return an array of attendees…",
                  "timedOut": false,
                  "duration": 0,
                  "state": "passed",
                  "speed": "fast",
                  "pass": true,
                  "fail": false,
                  "pending": false,
                  "context": null,
                  "code": "const alarm=new import_event.default({start:new Date},new import_calendar.default).createAlarm({type:import_alarm.ICalAlarmType.email});import_assert.default.strictEqual(alarm.attendees().length,0);const attendee=alarm.createAttendee({email:\"mail@example.com\"});import_assert.default.strictEqual(alarm.attendees().length,1);import_assert.default.deepStrictEqual(alarm.attendees()[0],attendee)",
                  "err": {},
                  "uuid": "b07f33b5-0dfb-4fa3-bed5-a582f6888324",
                  "parentUUID": "d7596120-8eb2-44c3-87dc-8e659ffb4d74",
                  "isHook": false,
                  "skipped": false
                },
                {
                  "title": "setter should add attendees and return this",
                  "fullTitle": "ical-generator Alarm attendees() setter should add attendees and return this",
                  "timedOut": false,
                  "duration": 0,
                  "state": "passed",
                  "speed": "fast",
                  "pass": true,
                  "fail": false,
                  "pending": false,
                  "context": null,
                  "code": "const alarm=new import_event.default({start:new Date},new import_calendar.default).createAlarm({type:import_alarm.ICalAlarmType.email});const foo=alarm.attendees([{email:\"a@example.com\",name:\"Person A\"},{email:\"b@example.com\",name:\"Person B\"}]);import_assert.default.strictEqual(alarm.attendees().length,2);import_assert.default.deepStrictEqual(foo,alarm)",
                  "err": {},
                  "uuid": "ea3a43b5-32fb-4bde-a4f9-56a36d571793",
                  "parentUUID": "d7596120-8eb2-44c3-87dc-8e659ffb4d74",
                  "isHook": false,
                  "skipped": false
                }
              ],
              "suites": [],
              "passes": [
                "b07f33b5-0dfb-4fa3-bed5-a582f6888324",
                "ea3a43b5-32fb-4bde-a4f9-56a36d571793"
              ],
              "failures": [],
              "pending": [],
              "skipped": [],
              "duration": 0,
              "root": false,
              "rootEmpty": false,
              "_timeout": 2000
            },
            {
              "uuid": "1e9d0ce1-1e88-4b11-b7bc-09b6fac6b0d8",
              "title": "x()",
              "fullFile": "/home/runner/work/ical-generator/ical-generator/test/alarm.ts",
              "file": "/test/alarm.ts",
              "beforeHooks": [],
              "afterHooks": [],
              "tests": [
                {
                  "title": "is there",
                  "fullTitle": "ical-generator Alarm x() is there",
                  "timedOut": false,
                  "duration": 1,
                  "state": "passed",
                  "speed": "fast",
                  "pass": true,
                  "fail": false,
                  "pending": false,
                  "context": null,
                  "code": "const a=new import_alarm.default({},new import_event.default({start:new Date},new import_calendar.default));import_assert.default.deepStrictEqual(a,a.x(\"X-FOO\",\"bar\"))",
                  "err": {},
                  "uuid": "e6b66608-fc62-460a-8ceb-4d2c8ede7bc6",
                  "parentUUID": "1e9d0ce1-1e88-4b11-b7bc-09b6fac6b0d8",
                  "isHook": false,
                  "skipped": false
                }
              ],
              "suites": [],
              "passes": [
                "e6b66608-fc62-460a-8ceb-4d2c8ede7bc6"
              ],
              "failures": [],
              "pending": [],
              "skipped": [],
              "duration": 1,
              "root": false,
              "rootEmpty": false,
              "_timeout": 2000
            },
            {
              "uuid": "7480c3e7-94b1-4c4b-ba49-3643ea65b378",
              "title": "toJSON()",
              "fullFile": "/home/runner/work/ical-generator/ical-generator/test/alarm.ts",
              "file": "/test/alarm.ts",
              "beforeHooks": [],
              "afterHooks": [],
              "tests": [
                {
                  "title": "should work",
                  "fullTitle": "ical-generator Alarm toJSON() should work",
                  "timedOut": false,
                  "duration": 0,
                  "state": "passed",
                  "speed": "fast",
                  "pass": true,
                  "fail": false,
                  "pending": false,
                  "context": null,
                  "code": "const a=new import_alarm.default({},new import_event.default({start:new Date},new import_calendar.default));a.type(import_alarm.ICalAlarmType.display);a.trigger(120);import_assert.default.deepStrictEqual(a.toJSON(),{attach:null,attendees:[],description:null,interval:null,relatesTo:null,repeat:null,summary:null,trigger:120,type:\"display\",x:[]})",
                  "err": {},
                  "uuid": "bd526523-3149-4aad-8bff-3dc887b342de",
                  "parentUUID": "7480c3e7-94b1-4c4b-ba49-3643ea65b378",
                  "isHook": false,
                  "skipped": false
                },
                {
                  "title": "should be compatible with constructor (type check)",
                  "fullTitle": "ical-generator Alarm toJSON() should be compatible with constructor (type check)",
                  "timedOut": false,
                  "duration": 0,
                  "state": "passed",
                  "speed": "fast",
                  "pass": true,
                  "fail": false,
                  "pending": false,
                  "context": null,
                  "code": "const a=new import_alarm.default({},new import_event.default({start:new Date},new import_calendar.default));new import_alarm.default(a.toJSON(),new import_event.default({start:new Date},new import_calendar.default))",
                  "err": {},
                  "uuid": "db60dcb6-91cc-4cb2-8388-88c73104f7d0",
                  "parentUUID": "7480c3e7-94b1-4c4b-ba49-3643ea65b378",
                  "isHook": false,
                  "skipped": false
                }
              ],
              "suites": [],
              "passes": [
                "bd526523-3149-4aad-8bff-3dc887b342de",
                "db60dcb6-91cc-4cb2-8388-88c73104f7d0"
              ],
              "failures": [],
              "pending": [],
              "skipped": [],
              "duration": 0,
              "root": false,
              "rootEmpty": false,
              "_timeout": 2000
            }
          ],
          "passes": [],
          "failures": [],
          "pending": [],
          "skipped": [],
          "duration": 0,
          "root": false,
          "rootEmpty": false,
          "_timeout": 2000
        },
        {
          "uuid": "3ea86008-709d-4acb-befb-4c9aef230143",
          "title": "ical-generator Attendee",
          "fullFile": "/home/runner/work/ical-generator/ical-generator/test/attendee.ts",
          "file": "/test/attendee.ts",
          "beforeHooks": [],
          "afterHooks": [],
          "tests": [],
          "suites": [
            {
              "uuid": "f6443e5f-b580-41a2-ac57-ade992d397a8",
              "title": "constructor()",
              "fullFile": "/home/runner/work/ical-generator/ical-generator/test/attendee.ts",
              "file": "/test/attendee.ts",
              "beforeHooks": [],
              "afterHooks": [],
              "tests": [
                {
                  "title": "shoud set data from constructor",
                  "fullTitle": "ical-generator Attendee constructor() shoud set data from constructor",
                  "timedOut": false,
                  "duration": 0,
                  "state": "passed",
                  "speed": "fast",
                  "pass": true,
                  "fail": false,
                  "pending": false,
                  "context": null,
                  "code": "const data={delegatedFrom:null,delegatedTo:null,email:\"john@example.org\",mailto:\"john+calendar@example.org\",name:\"John Doe\",role:import_attendee.ICalAttendeeRole.REQ,rsvp:false,scheduleAgent:import_attendee.ICalAttendeeScheduleAgent.CLIENT,sentBy:null,status:import_attendee.ICalAttendeeStatus.ACCEPTED,type:import_attendee.ICalAttendeeType.INDIVIDUAL,x:[]};const event=new import_attendee.default(data,new import_event.default({start:new Date},new import_calendar.default));import_assert.default.deepStrictEqual(event.toJSON(),data)",
                  "err": {},
                  "uuid": "9d4b5567-9d58-4b47-84ea-4ba110cab5d9",
                  "parentUUID": "f6443e5f-b580-41a2-ac57-ade992d397a8",
                  "isHook": false,
                  "skipped": false
                },
                {
                  "title": "shouldn't work without event reference",
                  "fullTitle": "ical-generator Attendee constructor() shouldn't work without event reference",
                  "timedOut": false,
                  "duration": 0,
                  "state": "passed",
                  "speed": "fast",
                  "pass": true,
                  "fail": false,
                  "pending": false,
                  "context": null,
                  "code": "import_assert.default.throws(function(){new import_attendee.default({email:\"foo@bar.com\"})},/`event`/)",
                  "err": {},
                  "uuid": "7bbb4016-eed1-43e6-8013-624dfc61263e",
                  "parentUUID": "f6443e5f-b580-41a2-ac57-ade992d397a8",
                  "isHook": false,
                  "skipped": false
                },
                {
                  "title": "should throw an error without email",
                  "fullTitle": "ical-generator Attendee constructor() should throw an error without email",
                  "timedOut": false,
                  "duration": 0,
                  "state": "passed",
                  "speed": "fast",
                  "pass": true,
                  "fail": false,
                  "pending": false,
                  "context": null,
                  "code": "import_assert.default.throws(function(){new import_attendee.default({name:\"Testuser\"},new import_event.default({start:new Date},new import_calendar.default))},/`email`/)",
                  "err": {},
                  "uuid": "9564abe1-6081-4d1b-947d-9ed3cdc1a710",
                  "parentUUID": "f6443e5f-b580-41a2-ac57-ade992d397a8",
                  "isHook": false,
                  "skipped": false
                }
              ],
              "suites": [],
              "passes": [
                "9d4b5567-9d58-4b47-84ea-4ba110cab5d9",
                "7bbb4016-eed1-43e6-8013-624dfc61263e",
                "9564abe1-6081-4d1b-947d-9ed3cdc1a710"
              ],
              "failures": [],
              "pending": [],
              "skipped": [],
              "duration": 0,
              "root": false,
              "rootEmpty": false,
              "_timeout": 2000
            },
            {
              "uuid": "e4ed63b8-0d99-41b8-8f2e-cf5bb5e45999",
              "title": "name()",
              "fullFile": "/home/runner/work/ical-generator/ical-generator/test/attendee.ts",
              "file": "/test/attendee.ts",
              "beforeHooks": [],
              "afterHooks": [],
              "tests": [
                {
                  "title": "getter should return value",
                  "fullTitle": "ical-generator Attendee name() getter should return value",
                  "timedOut": false,
                  "duration": 0,
                  "state": "passed",
                  "speed": "fast",
                  "pass": true,
                  "fail": false,
                  "pending": false,
                  "context": null,
                  "code": "const a=new import_attendee.default({email:\"foo@example.com\"},new import_event.default({start:new Date},new import_calendar.default));import_assert.default.strictEqual(a.name(),null);a.name(\"Sebastian\");import_assert.default.strictEqual(a.name(),\"Sebastian\")",
                  "err": {},
                  "uuid": "adfc2db9-705d-4454-860a-3f1f0b6ce833",
[...]
                  "title": "Luxon",
                  "fullFile": "/home/runner/work/ical-generator/ical-generator/test/tools.ts",
                  "file": "/test/tools.ts",
                  "beforeHooks": [],
                  "afterHooks": [],
                  "tests": [
                    {
                      "title": "should work with valid Luxon",
                      "fullTitle": "ICalTools checkDate() Luxon should work with valid Luxon",
                      "timedOut": false,
                      "duration": 0,
                      "state": "passed",
                      "speed": "fast",
                      "pass": true,
                      "fail": false,
                      "pending": false,
                      "context": null,
                      "code": "const date=import_luxon.DateTime.now();import_assert.default.equal((0,import_tools.checkDate)(date,\"foo\"),date)",
                      "err": {},
                      "uuid": "f8b3365c-9a75-4a95-830e-03e4692c9838",
                      "parentUUID": "80aba4bc-3860-4f26-a478-f2ce15a0d100",
                      "isHook": false,
                      "skipped": false
                    },
                    {
                      "title": "should throw error for invalid Luxon",
                      "fullTitle": "ICalTools checkDate() Luxon should throw error for invalid Luxon",
                      "timedOut": false,
                      "duration": 0,
                      "state": "passed",
                      "speed": "fast",
                      "pass": true,
                      "fail": false,
                      "pending": false,
                      "context": null,
                      "code": "const date=import_luxon.DateTime.fromISO(\"foo\");import_assert.default.throws(()=>{(0,import_tools.checkDate)(date,\"foo\")},/`foo` has to be a valid date!/)",
                      "err": {},
                      "uuid": "1a9ce6bf-c57c-4566-a16f-f4556b27fb1f",
                      "parentUUID": "80aba4bc-3860-4f26-a478-f2ce15a0d100",
                      "isHook": false,
                      "skipped": false
                    }
                  ],
                  "suites": [],
                  "passes": [
                    "f8b3365c-9a75-4a95-830e-03e4692c9838",
                    "1a9ce6bf-c57c-4566-a16f-f4556b27fb1f"
                  ],
                  "failures": [],
                  "pending": [],
                  "skipped": [],
                  "duration": 0,
                  "root": false,
                  "rootEmpty": false,
                  "_timeout": 2000
                },
                {
                  "uuid": "07331356-3460-4884-90fb-c33d99f5275f",
                  "title": "Moment",
                  "fullFile": "/home/runner/work/ical-generator/ical-generator/test/tools.ts",
                  "file": "/test/tools.ts",
                  "beforeHooks": [],
                  "afterHooks": [],
                  "tests": [
                    {
                      "title": "should work with valid Moment",
                      "fullTitle": "ICalTools checkDate() Moment should work with valid Moment",
                      "timedOut": false,
                      "duration": 0,
                      "state": "passed",
                      "speed": "fast",
                      "pass": true,
                      "fail": false,
                      "pending": false,
                      "context": null,
                      "code": "const date=(0,import_moment.default)();import_assert.default.equal((0,import_tools.checkDate)(date,\"foo\"),date)",
                      "err": {},
                      "uuid": "a8fc1a1f-b65c-4074-96fd-9a8770bf6dee",
                      "parentUUID": "07331356-3460-4884-90fb-c33d99f5275f",
                      "isHook": false,
                      "skipped": false
                    },
                    {
                      "title": "should throw error for invalid Moment",
                      "fullTitle": "ICalTools checkDate() Moment should throw error for invalid Moment",
                      "timedOut": false,
                      "duration": 0,
                      "state": "passed",
                      "speed": "fast",
                      "pass": true,
                      "fail": false,
                      "pending": false,
                      "context": null,
                      "code": "const date=(0,import_moment.default)(\"foo\",\"MM/DD/YYYY\",true);import_assert.default.throws(()=>{(0,import_tools.checkDate)(date,\"foo\")},/`foo` has to be a valid date!/)",
                      "err": {},
                      "uuid": "8909197c-04c7-473a-820e-2da9272ed929",
                      "parentUUID": "07331356-3460-4884-90fb-c33d99f5275f",
                      "isHook": false,
                      "skipped": false
                    }
                  ],
                  "suites": [],
                  "passes": [
                    "a8fc1a1f-b65c-4074-96fd-9a8770bf6dee",
                    "8909197c-04c7-473a-820e-2da9272ed929"
                  ],
                  "failures": [],
                  "pending": [],
                  "skipped": [],
                  "duration": 0,
                  "root": false,
                  "rootEmpty": false,
                  "_timeout": 2000
                },
                {
                  "uuid": "cda80202-4fa4-4b16-b6cb-900c4ef87716",
                  "title": "Day.js",
                  "fullFile": "/home/runner/work/ical-generator/ical-generator/test/tools.ts",
                  "file": "/test/tools.ts",
                  "beforeHooks": [],
                  "afterHooks": [],
                  "tests": [
                    {
                      "title": "should work with valid Day.js",
                      "fullTitle": "ICalTools checkDate() Day.js should work with valid Day.js",
                      "timedOut": false,
                      "duration": 0,
                      "state": "passed",
                      "speed": "fast",
                      "pass": true,
                      "fail": false,
                      "pending": false,
                      "context": null,
                      "code": "const date=(0,import_dayjs.default)();import_assert.default.equal((0,import_tools.checkDate)(date,\"foo\"),date)",
                      "err": {},
                      "uuid": "aaea544b-ec3e-4fcf-969e-07b3eca721d5",
                      "parentUUID": "cda80202-4fa4-4b16-b6cb-900c4ef87716",
                      "isHook": false,
                      "skipped": false
                    },
                    {
                      "title": "should throw error for invalid Day.js",
                      "fullTitle": "ICalTools checkDate() Day.js should throw error for invalid Day.js",
                      "timedOut": false,
                      "duration": 0,
                      "state": "passed",
                      "speed": "fast",
                      "pass": true,
                      "fail": false,
                      "pending": false,
                      "context": null,
                      "code": "const date=(0,import_dayjs.default)(\"foo\");import_assert.default.throws(()=>{(0,import_tools.checkDate)(date,\"foo\")},/`foo` has to be a valid date!/)",
                      "err": {},
                      "uuid": "7cabd4b7-7e6d-42c9-bac1-cce57b7887f1",
                      "parentUUID": "cda80202-4fa4-4b16-b6cb-900c4ef87716",
                      "isHook": false,
                      "skipped": false
                    }
                  ],
                  "suites": [],
                  "passes": [
                    "aaea544b-ec3e-4fcf-969e-07b3eca721d5",
                    "7cabd4b7-7e6d-42c9-bac1-cce57b7887f1"
                  ],
                  "failures": [],
                  "pending": [],
                  "skipped": [],
                  "duration": 0,
                  "root": false,
                  "rootEmpty": false,
                  "_timeout": 2000
                }
              ],
              "passes": [],
              "failures": [],
              "pending": [],
              "skipped": [],
              "duration": 0,
              "root": false,
              "rootEmpty": false,
              "_timeout": 2000
            },
            {
              "uuid": "1e9a0792-a373-4c65-bd5e-9d9277a85968",
              "title": "toDate()",
              "fullFile": "/home/runner/work/ical-generator/ical-generator/test/tools.ts",
              "file": "/test/tools.ts",
              "beforeHooks": [],
              "afterHooks": [],
              "tests": [
                {
                  "title": "should work with strings",
                  "fullTitle": "ICalTools toDate() should work with strings",
                  "timedOut": false,
                  "duration": 0,
                  "state": "passed",
                  "speed": "fast",
                  "pass": true,
                  "fail": false,
                  "pending": false,
                  "context": null,
                  "code": "const date=new Date;import_assert.default.deepStrictEqual((0,import_tools.toDate)(date.toJSON()),date)",
                  "err": {},
                  "uuid": "57dc7558-4f94-4255-96f9-cf39825a3031",
                  "parentUUID": "1e9a0792-a373-4c65-bd5e-9d9277a85968",
                  "isHook": false,
                  "skipped": false
                },
                {
                  "title": "should work with native Date",
                  "fullTitle": "ICalTools toDate() should work with native Date",
                  "timedOut": false,
                  "duration": 0,
                  "state": "passed",
                  "speed": "fast",
                  "pass": true,
                  "fail": false,
                  "pending": false,
                  "context": null,
                  "code": "const date=new Date;import_assert.default.deepStrictEqual((0,import_tools.toDate)(date),date)",
                  "err": {},
                  "uuid": "930ede2a-c85f-42ac-8d95-ba5f9c99a883",
                  "parentUUID": "1e9a0792-a373-4c65-bd5e-9d9277a85968",
                  "isHook": false,
                  "skipped": false
                },
                {
                  "title": "should work with moment object",
                  "fullTitle": "ICalTools toDate() should work with moment object",
                  "timedOut": false,
                  "duration": 0,
                  "state": "passed",
                  "speed": "fast",
                  "pass": true,
                  "fail": false,
                  "pending": false,
                  "context": null,
                  "code": "const date=new Date;import_assert.default.deepStrictEqual((0,import_tools.toDate)((0,import_moment.default)(date)),date)",
                  "err": {},
                  "uuid": "81e034fd-9ac5-4290-9601-6da16ba55046",
                  "parentUUID": "1e9a0792-a373-4c65-bd5e-9d9277a85968",
                  "isHook": false,
                  "skipped": false
                },
                {
                  "title": "should work with moment-timezone object",
                  "fullTitle": "ICalTools toDate() should work with moment-timezone object",
                  "timedOut": false,
                  "duration": 0,
                  "state": "passed",
                  "speed": "fast",
                  "pass": true,
                  "fail": false,
                  "pending": false,
                  "context": null,
                  "code": "const date=new Date;import_assert.default.deepStrictEqual((0,import_tools.toDate)((0,import_moment_timezone.default)(date)),date)",
                  "err": {},
                  "uuid": "c12ff28b-af69-4a5d-85b8-6d51c036c1db",
                  "parentUUID": "1e9a0792-a373-4c65-bd5e-9d9277a85968",
                  "isHook": false,
                  "skipped": false
                },
                {
                  "title": "should work with Day.js object",
                  "fullTitle": "ICalTools toDate() should work with Day.js object",
                  "timedOut": false,
                  "duration": 0,
                  "state": "passed",
                  "speed": "fast",
                  "pass": true,
                  "fail": false,
                  "pending": false,
                  "context": null,
                  "code": "const date=new Date;import_assert.default.deepStrictEqual((0,import_tools.toDate)((0,import_dayjs.default)(date)),date)",
                  "err": {},
                  "uuid": "827df688-bcec-4540-88df-f145c3540aca",
                  "parentUUID": "1e9a0792-a373-4c65-bd5e-9d9277a85968",
                  "isHook": false,
                  "skipped": false
                },
                {
                  "title": "should work with luxon DateTime object",
                  "fullTitle": "ICalTools toDate() should work with luxon DateTime object",
                  "timedOut": false,
                  "duration": 0,
                  "state": "passed",
                  "speed": "fast",
                  "pass": true,
                  "fail": false,
                  "pending": false,
                  "context": null,
                  "code": "const date=new Date;import_assert.default.deepStrictEqual((0,import_tools.toDate)(import_luxon.DateTime.fromJSDate(date)),date)",
                  "err": {},
                  "uuid": "4ae71c1d-bae4-4d27-a786-51e3530b0255",
                  "parentUUID": "1e9a0792-a373-4c65-bd5e-9d9277a85968",
                  "isHook": false,
                  "skipped": false
                }
              ],
              "suites": [],
              "passes": [
                "57dc7558-4f94-4255-96f9-cf39825a3031",
                "930ede2a-c85f-42ac-8d95-ba5f9c99a883",
                "81e034fd-9ac5-4290-9601-6da16ba55046",
                "c12ff28b-af69-4a5d-85b8-6d51c036c1db",
                "827df688-bcec-4540-88df-f145c3540aca",
                "4ae71c1d-bae4-4d27-a786-51e3530b0255"
              ],
              "failures": [],
              "pending": [],
              "skipped": [],
              "duration": 0,
              "root": false,
              "rootEmpty": false,
              "_timeout": 2000
            },
            {
              "uuid": "ac5a119c-1b86-4301-96b9-c16c50804aeb",
              "title": "toDurationString()",
              "fullFile": "/home/runner/work/ical-generator/ical-generator/test/tools.ts",
              "file": "/test/tools.ts",
              "beforeHooks": [],
              "afterHooks": [],
              "tests": [
                {
                  "title": "should work",
                  "fullTitle": "ICalTools toDurationString() should work",
                  "timedOut": false,
                  "duration": 0,
                  "state": "passed",
                  "speed": "fast",
                  "pass": true,
                  "fail": false,
                  "pending": false,
                  "context": null,
                  "code": "import_assert.default.strictEqual((0,import_tools.toDurationString)(0),\"PT0S\");import_assert.default.strictEqual((0,import_tools.toDurationString)(1),\"PT1S\");import_assert.default.strictEqual((0,import_tools.toDurationString)(60),\"PT1M\");import_assert.default.strictEqual((0,import_tools.toDurationString)(3600),\"PT1H\");import_assert.default.strictEqual((0,import_tools.toDurationString)(86400),\"P1D\");import_assert.default.strictEqual((0,import_tools.toDurationString)(-3600),\"-PT1H\")",
                  "err": {},
                  "uuid": "1240d0fd-99ec-47ce-b882-02f259d20bb6",
                  "parentUUID": "ac5a119c-1b86-4301-96b9-c16c50804aeb",
                  "isHook": false,
                  "skipped": false
                }
              ],
              "suites": [],
              "passes": [
                "1240d0fd-99ec-47ce-b882-02f259d20bb6"
              ],
              "failures": [],
              "pending": [],
              "skipped": [],
              "duration": 0,
              "root": false,
              "rootEmpty": false,
              "_timeout": 2000
            }
          ],
          "passes": [],
          "failures": [],
          "pending": [],
          "skipped": [],
          "duration": 0,
          "root": false,
          "rootEmpty": false,
          "_timeout": 2000
        },
        {
          "uuid": "252c36b8-c3a0-4159-a6d2-de731f770068",
          "title": "ical-generator Types",
          "fullFile": "/home/runner/work/ical-generator/ical-generator/test/types.ts",
          "file": "/test/types.ts",
          "beforeHooks": [],
          "afterHooks": [],
          "tests": [
            {
              "title": "stubs should be compatible with third party libraries",
              "fullTitle": "ical-generator Types stubs should be compatible with third party libraries",
              "timedOut": false,
              "duration": 0,
              "state": "passed",
              "speed": "fast",
              "pass": true,
              "fail": false,
              "pending": false,
              "context": null,
              "code": "assert.ok(dayJsTest,\"day.js stub should be compatible\");assert.ok(luxonTest,\"luxon stub should be compatible\");assert.ok(momentTest,\"moment stub should be compatible\");assert.ok(momentTimezoneTest,\"moment-timezone stub should be compatible\");assert.ok(rruleTest,\"rrule stub should be compatible\");assert.ok(dateFnsTzTest,\"date-fns/tz stub should be compatible\")",
              "err": {},
              "uuid": "2a938aec-d503-45d9-8832-a772a6a7beb5",
              "parentUUID": "252c36b8-c3a0-4159-a6d2-de731f770068",
              "isHook": false,
              "skipped": false
            },
            {
              "title": "calendar data should be compatible with calendar json data",
              "fullTitle": "ical-generator Types calendar data should be compatible with calendar json data",
              "timedOut": false,
              "duration": 0,
              "state": "passed",
              "speed": "fast",
              "pass": true,
              "fail": false,
              "pending": false,
              "context": null,
              "code": "assert.ok(attendeeJson,\"attendee json data should be compatible\");assert.ok(calendarJson,\"calendar json data should be compatible\");assert.ok(categoryJson,\"category json data should be compatible\");assert.ok(eventJson,\"event json data should be compatible\")",
              "err": {},
              "uuid": "a3a5291e-861a-437c-81d6-540e38411cc4",
              "parentUUID": "252c36b8-c3a0-4159-a6d2-de731f770068",
              "isHook": false,
              "skipped": false
            }
          ],
          "suites": [],
          "passes": [
            "2a938aec-d503-45d9-8832-a772a6a7beb5",
            "a3a5291e-861a-437c-81d6-540e38411cc4"
          ],
          "failures": [],
          "pending": [],
          "skipped": [],
          "duration": 0,
          "root": false,
          "rootEmpty": false,
          "_timeout": 2000
        }
      ],
      "passes": [],
      "failures": [],
      "pending": [],
      "skipped": [],
      "duration": 0,
      "root": true,
      "rootEmpty": true,
      "_timeout": 2000
    }
  ],
  "meta": {
    "mocha": {
      "version": "11.7.4"
    },
    "mochawesome": {
      "options": {
        "quiet": false,
        "reportFilename": "mochawesome",
        "saveHtml": true,
        "saveJson": true,
        "consoleReporter": "spec",
        "useInlineDiffs": false,
        "code": true
      },
      "version": "7.1.4"
    },
    "marge": {
      "options": null,
      "version": "6.3.0"
    }
  }
}