{
  "stats": {
    "suites": 133,
    "tests": 464,
    "passes": 462,
    "pending": 2,
    "failures": 0,
    "start": "2025-07-30T03:17:53.820Z",
    "end": "2025-07-30T03:17:53.989Z",
    "duration": 169,
    "testsRegistered": 464,
    "passPercent": 100,
    "pendingPercent": 0.43103448275862066,
    "other": 0,
    "hasOther": false,
    "skipped": 0,
    "hasSkipped": false
  },
  "results": [
    {
      "uuid": "c937201a-4763-4597-b3e7-9dea4e99d0f1",
      "title": "",
      "fullFile": "",
      "file": "",
      "beforeHooks": [],
      "afterHooks": [],
      "tests": [],
      "suites": [
        {
          "uuid": "502a8c28-7de4-411b-b786-0484c22a1dce",
          "title": "ical-generator Alarm",
          "fullFile": "/home/runner/work/ical-generator/ical-generator/test/alarm.ts",
          "file": "/test/alarm.ts",
          "beforeHooks": [],
          "afterHooks": [],
          "tests": [],
          "suites": [
            {
              "uuid": "353cfe92-686d-49f6-a83a-535148af3d8e",
              "title": "constructor()",
              "fullFile": "/home/runner/work/ical-generator/ical-generator/test/alarm.ts",
              "file": "/test/alarm.ts",
              "beforeHooks": [],
              "afterHooks": [],
              "tests": [
                {
                  "title": "shouldn't work without event reference",
                  "fullTitle": "ical-generator Alarm constructor() shouldn't work without event reference",
                  "timedOut": false,
                  "duration": 0,
                  "state": "passed",
                  "speed": "fast",
                  "pass": true,
                  "fail": false,
                  "pending": false,
                  "context": null,
                  "code": "import_assert.default.throws(function(){new import_alarm.default({type:import_alarm.ICalAlarmType.display},null)},/`event`/)",
                  "err": {},
                  "uuid": "8bda07b8-a3de-42e9-bf4d-2ccea3c13c5e",
                  "parentUUID": "353cfe92-686d-49f6-a83a-535148af3d8e",
                  "isHook": false,
                  "skipped": false
                },
                {
                  "title": "should ignore unknown data attributes",
                  "fullTitle": "ical-generator Alarm constructor() should ignore unknown data attributes",
                  "timedOut": false,
                  "duration": 0,
                  "state": "passed",
                  "speed": "fast",
                  "pass": true,
                  "fail": false,
                  "pending": false,
                  "context": null,
                  "code": "const a=new import_alarm.default({type:import_alarm.ICalAlarmType.display,unknown:true},new import_event.default({start:new Date},new import_calendar.default));import_assert.default.strictEqual(a.type(),\"display\")",
                  "err": {},
                  "uuid": "592ba72d-a230-40bc-860e-88627e5f0160",
                  "parentUUID": "353cfe92-686d-49f6-a83a-535148af3d8e",
                  "isHook": false,
                  "skipped": false
                }
              ],
              "suites": [],
              "passes": [
                "8bda07b8-a3de-42e9-bf4d-2ccea3c13c5e",
                "592ba72d-a230-40bc-860e-88627e5f0160"
              ],
              "failures": [],
              "pending": [],
              "skipped": [],
              "duration": 0,
              "root": false,
              "rootEmpty": false,
              "_timeout": 2000
            },
            {
              "uuid": "012c523e-c487-4ab8-862f-916494be8456",
              "title": "type()",
              "fullFile": "/home/runner/work/ical-generator/ical-generator/test/alarm.ts",
              "file": "/test/alarm.ts",
              "beforeHooks": [],
              "afterHooks": [],
              "tests": [
                {
                  "title": "setter should return this",
                  "fullTitle": "ical-generator Alarm type() setter should return this",
                  "timedOut": false,
                  "duration": 0,
                  "state": "passed",
                  "speed": "fast",
                  "pass": true,
                  "fail": false,
                  "pending": false,
                  "context": null,
                  "code": "const a=new import_alarm.default({},new import_event.default({start:new Date},new import_calendar.default));import_assert.default.deepStrictEqual(a,a.type(import_alarm.ICalAlarmType.display))",
                  "err": {},
                  "uuid": "ab41252c-7803-443a-b455-f988f4cdc652",
                  "parentUUID": "012c523e-c487-4ab8-862f-916494be8456",
                  "isHook": false,
                  "skipped": false
                },
                {
                  "title": "getter should return value",
                  "fullTitle": "ical-generator Alarm type() getter should return value",
                  "timedOut": false,
                  "duration": 1,
                  "state": "passed",
                  "speed": "fast",
                  "pass": true,
                  "fail": false,
                  "pending": false,
                  "context": null,
                  "code": "const a=new import_alarm.default({},new import_event.default({start:new Date},new import_calendar.default));import_assert.default.strictEqual(a.type(),\"display\");a.type(import_alarm.ICalAlarmType.audio);import_assert.default.strictEqual(a.type(),\"audio\")",
                  "err": {},
                  "uuid": "ccb2a71e-8b48-4e66-85bc-4fdbd56ecf0f",
                  "parentUUID": "012c523e-c487-4ab8-862f-916494be8456",
                  "isHook": false,
                  "skipped": false
                },
                {
                  "title": "should throw error when type not allowed",
                  "fullTitle": "ical-generator Alarm type() should throw error when type not allowed",
                  "timedOut": false,
                  "duration": 0,
                  "state": "passed",
                  "speed": "fast",
                  "pass": true,
                  "fail": false,
                  "pending": false,
                  "context": null,
                  "code": "const a=new import_alarm.default({},new import_event.default({start:new Date},new import_calendar.default));import_assert.default.throws(function(){a.type(\"BANANA\")},/`type`/);import_assert.default.throws(function(){a.type(null)},/`type`/)",
                  "err": {},
                  "uuid": "5823d135-53ef-4bee-a888-06728a931038",
                  "parentUUID": "012c523e-c487-4ab8-862f-916494be8456",
                  "isHook": false,
                  "skipped": false
                },
                {
                  "title": "should change something",
                  "fullTitle": "ical-generator Alarm type() should change something",
                  "timedOut": false,
                  "duration": 1,
                  "state": "passed",
                  "speed": "fast",
                  "pass": true,
                  "fail": false,
                  "pending": false,
                  "context": null,
                  "code": "const a=new import_alarm.default({},new import_event.default({start:new Date},new import_calendar.default));import_assert.default.ok(a.toString().indexOf(\"ACTION:DISPLAY\")>-1)",
                  "err": {},
                  "uuid": "0230c57a-0670-45e8-97f5-9df58a1bc64d",
                  "parentUUID": "012c523e-c487-4ab8-862f-916494be8456",
                  "isHook": false,
                  "skipped": false
                }
              ],
              "suites": [],
              "passes": [
                "ab41252c-7803-443a-b455-f988f4cdc652",
                "ccb2a71e-8b48-4e66-85bc-4fdbd56ecf0f",
                "5823d135-53ef-4bee-a888-06728a931038",
                "0230c57a-0670-45e8-97f5-9df58a1bc64d"
              ],
              "failures": [],
              "pending": [],
              "skipped": [],
              "duration": 2,
              "root": false,
              "rootEmpty": false,
              "_timeout": 2000
            },
            {
              "uuid": "0ff9cd75-4db9-4ec8-8e1f-558b0fb90264",
              "title": "trigger()",
              "fullFile": "/home/runner/work/ical-generator/ical-generator/test/alarm.ts",
              "file": "/test/alarm.ts",
              "beforeHooks": [],
              "afterHooks": [],
              "tests": [
                {
                  "title": "setter should return this",
                  "fullTitle": "ical-generator Alarm trigger() setter should return this",
                  "timedOut": false,
                  "duration": 0,
                  "state": "passed",
                  "speed": "fast",
                  "pass": true,
                  "fail": false,
                  "pending": false,
                  "context": null,
                  "code": "const a=new import_alarm.default({},new import_event.default({start:new Date},new import_calendar.default));import_assert.default.deepStrictEqual(a,a.trigger(60*10))",
                  "err": {},
                  "uuid": "a884cfad-783e-4a4b-b822-5ef4e7277a86",
                  "parentUUID": "0ff9cd75-4db9-4ec8-8e1f-558b0fb90264",
                  "isHook": false,
                  "skipped": false
                },
                {
                  "title": "getter should return value",
                  "fullTitle": "ical-generator Alarm trigger() getter should return value",
                  "timedOut": false,
                  "duration": 1,
                  "state": "passed",
                  "speed": "fast",
                  "pass": true,
                  "fail": false,
                  "pending": false,
                  "context": null,
                  "code": "const a=new import_alarm.default({},new import_event.default({start:new Date},new import_calendar.default));const now=new Date;import_assert.default.strictEqual(a.trigger(),600);import_assert.default.strictEqual(a.triggerAfter(),-600);a.trigger(300);import_assert.default.strictEqual(a.trigger(),300);import_assert.default.strictEqual(a.triggerAfter(),-300);a.trigger(now);const dateResult=a.trigger();import_assert.default.deepStrictEqual(dateResult,now)",
                  "err": {},
                  "uuid": "51c92f09-8018-41de-a220-5fd9606478eb",
                  "parentUUID": "0ff9cd75-4db9-4ec8-8e1f-558b0fb90264",
                  "isHook": false,
                  "skipped": false
                },
                {
                  "title": "should throw error when trigger not allowed",
                  "fullTitle": "ical-generator Alarm trigger() should throw error when trigger not allowed",
                  "timedOut": false,
                  "duration": 0,
                  "state": "passed",
                  "speed": "fast",
                  "pass": true,
                  "fail": false,
                  "pending": false,
                  "context": null,
                  "code": "const a=new import_alarm.default({},new import_event.default({start:new Date},new import_calendar.default));import_assert.default.throws(function(){a.trigger(Infinity)},/`trigger`/);import_assert.default.throws(function(){a.trigger(\"hi\")},/`trigger`/);import_assert.default.throws(function(){a.trigger(true)},/`trigger`/)",
                  "err": {},
                  "uuid": "819287c5-3ea9-45f1-82a9-de37f29f4aac",
                  "parentUUID": "0ff9cd75-4db9-4ec8-8e1f-558b0fb90264",
                  "isHook": false,
                  "skipped": false
                },
                {
                  "title": "setter should work with date",
                  "fullTitle": "ical-generator Alarm trigger() setter should work with date",
                  "timedOut": false,
                  "duration": 0,
                  "state": "passed",
                  "speed": "fast",
                  "pass": true,
                  "fail": false,
                  "pending": false,
                  "context": null,
                  "code": "const a=new import_alarm.default({},new import_event.default({start:new Date},new import_calendar.default));a.trigger(new Date);import_assert.default.ok(a.trigger()instanceof Date)",
                  "err": {},
                  "uuid": "e4244372-348b-4fad-b95b-9c988e738365",
                  "parentUUID": "0ff9cd75-4db9-4ec8-8e1f-558b0fb90264",
                  "isHook": false,
                  "skipped": false
                },
                {
                  "title": "setter should work with moment instance",
                  "fullTitle": "ical-generator Alarm trigger() setter should work with moment instance",
                  "timedOut": false,
                  "duration": 0,
                  "state": "passed",
                  "speed": "fast",
                  "pass": true,
                  "fail": false,
                  "pending": false,
                  "context": null,
                  "code": "const a=new import_alarm.default({},new import_event.default({start:new Date},new import_calendar.default));a.trigger((0,import_moment_timezone.default)());import_assert.default.ok(import_moment_timezone.default.isMoment(a.trigger()))",
                  "err": {},
                  "uuid": "244cf8ef-3217-4830-a1b9-9810d0f19c31",
                  "parentUUID": "0ff9cd75-4db9-4ec8-8e1f-558b0fb90264",
                  "isHook": false,
                  "skipped": false
                },
                {
                  "title": "setter should work with number",
                  "fullTitle": "ical-generator Alarm trigger() setter should work with number",
                  "timedOut": false,
                  "duration": 0,
                  "state": "passed",
                  "speed": "fast",
                  "pass": true,
                  "fail": false,
                  "pending": false,
                  "context": null,
                  "code": "const a=new import_alarm.default({},new import_event.default({start:new Date},new import_calendar.default));a.trigger(2*60);import_assert.default.strictEqual(a.trigger(),120)",
                  "err": {},
                  "uuid": "6bb0bb5c-ebfc-4964-8eea-1d859e2dfdf9",
                  "parentUUID": "0ff9cd75-4db9-4ec8-8e1f-558b0fb90264",
                  "isHook": false,
                  "skipped": false
                },
                {
                  "title": "should change something",
                  "fullTitle": "ical-generator Alarm trigger() should change something",
                  "timedOut": false,
                  "duration": 2,
                  "state": "passed",
                  "speed": "fast",
                  "pass": true,
                  "fail": false,
                  "pending": false,
                  "context": null,
                  "code": "const trigger=(0,import_moment_timezone.default)(\"2015-02-01T13:38:45.000Z\");const a=new import_alarm.default({},new import_event.default({start:new Date},new import_calendar.default));import_assert.default.ok(a.toString().includes(\"TRIGGER:-PT10M\"));a.trigger(trigger);import_assert.default.ok(a.toString().includes(\"TRIGGER;VALUE=DATE-TIME:20150201T133845Z\"))",
                  "err": {},
                  "uuid": "afad44aa-d736-4bfd-aef7-530426ec10c5",
                  "parentUUID": "0ff9cd75-4db9-4ec8-8e1f-558b0fb90264",
                  "isHook": false,
                  "skipped": false
                }
              ],
              "suites": [],
              "passes": [
                "a884cfad-783e-4a4b-b822-5ef4e7277a86",
                "51c92f09-8018-41de-a220-5fd9606478eb",
                "819287c5-3ea9-45f1-82a9-de37f29f4aac",
                "e4244372-348b-4fad-b95b-9c988e738365",
                "244cf8ef-3217-4830-a1b9-9810d0f19c31",
                "6bb0bb5c-ebfc-4964-8eea-1d859e2dfdf9",
                "afad44aa-d736-4bfd-aef7-530426ec10c5"
              ],
              "failures": [],
              "pending": [],
              "skipped": [],
              "duration": 3,
              "root": false,
              "rootEmpty": false,
              "_timeout": 2000
            },
            {
              "uuid": "72cc1396-7584-4e3c-9cd9-66b9d564a3e1",
              "title": "triggerAfter()",
              "fullFile": "/home/runner/work/ical-generator/ical-generator/test/alarm.ts",
              "file": "/test/alarm.ts",
              "beforeHooks": [],
              "afterHooks": [],
              "tests": [
                {
                  "title": "setter should return this",
                  "fullTitle": "ical-generator Alarm triggerAfter() setter should return this",
                  "timedOut": false,
                  "duration": 0,
                  "state": "passed",
                  "speed": "fast",
                  "pass": true,
                  "fail": false,
                  "pending": false,
                  "context": null,
                  "code": "const a=new import_alarm.default({},new import_event.default({start:new Date},new import_calendar.default));import_assert.default.deepStrictEqual(a,a.triggerAfter(60*10))",
                  "err": {},
                  "uuid": "0746e7b1-49cc-4960-8bc3-0425b129435a",
                  "parentUUID": "72cc1396-7584-4e3c-9cd9-66b9d564a3e1",
                  "isHook": false,
                  "skipped": false
                },
                {
                  "title": "getter should return value",
                  "fullTitle": "ical-generator Alarm triggerAfter() getter should return value",
                  "timedOut": false,
                  "duration": 0,
                  "state": "passed",
                  "speed": "fast",
                  "pass": true,
                  "fail": false,
                  "pending": false,
                  "context": null,
                  "code": "const a=new import_alarm.default({},new import_event.default({start:new Date},new import_calendar.default)).triggerAfter(300);import_assert.default.strictEqual(a.triggerAfter(),300);import_assert.default.strictEqual(a.trigger(),-300)",
                  "err": {},
                  "uuid": "b646cc5c-6d3a-4b66-be53-c0f0eecbc524",
                  "parentUUID": "72cc1396-7584-4e3c-9cd9-66b9d564a3e1",
                  "isHook": false,
                  "skipped": false
                },
                {
                  "title": "setter should work with number",
                  "fullTitle": "ical-generator Alarm triggerAfter() setter should work with number",
                  "timedOut": false,
                  "duration": 0,
                  "state": "passed",
                  "speed": "fast",
                  "pass": true,
                  "fail": false,
                  "pending": false,
                  "context": null,
                  "code": "const a=new import_alarm.default({},new import_event.default({start:new Date},new import_calendar.default));a.triggerAfter(120);import_assert.default.strictEqual(a.trigger(),-120)",
                  "err": {},
                  "uuid": "e7123979-f196-4884-89f3-a9c4c5f95d62",
                  "parentUUID": "72cc1396-7584-4e3c-9cd9-66b9d564a3e1",
                  "isHook": false,
                  "skipped": false
                },
                {
                  "title": "setter should throw error when trigger not allowed",
                  "fullTitle": "ical-generator Alarm triggerAfter() setter should throw error when trigger not allowed",
                  "timedOut": false,
                  "duration": 0,
                  "state": "passed",
                  "speed": "fast",
                  "pass": true,
                  "fail": false,
                  "pending": false,
                  "context": null,
                  "code": "const a=new import_alarm.default({},new import_event.default({start:new Date},new import_calendar.default));import_assert.default.throws(function(){a.triggerAfter(Infinity)},/`trigger`/);import_assert.default.throws(function(){a.triggerAfter(\"hi\")},/`trigger`/);import_assert.default.throws(function(){a.triggerAfter(true)},/`trigger`/)",
                  "err": {},
                  "uuid": "0c2c67df-51c1-4c75-9c5f-dc442a4576fb",
                  "parentUUID": "72cc1396-7584-4e3c-9cd9-66b9d564a3e1",
                  "isHook": false,
                  "skipped": false
                },
                {
                  "title": "should change something",
                  "fullTitle": "ical-generator Alarm triggerAfter() should change something",
                  "timedOut": false,
                  "duration": 0,
                  "state": "passed",
                  "speed": "fast",
                  "pass": true,
                  "fail": false,
                  "pending": false,
                  "context": null,
                  "code": "const trigger=(0,import_moment_timezone.default)(\"20150201T133845Z\");const a=new import_alarm.default({triggerAfter:600},new import_event.default({start:new Date},new import_calendar.default));import_assert.default.ok(a.toString().indexOf(\"TRIGGER;RELATED=END:PT10M\")>-1);a.triggerAfter(trigger);import_assert.default.ok(a.toString().indexOf(\"TRIGGER;VALUE=DATE-TIME:20150201T133845Z\")>-1)",
                  "err": {},
                  "uuid": "08f9ae95-a748-4c84-8e49-53025cf1b1b3",
                  "parentUUID": "72cc1396-7584-4e3c-9cd9-66b9d564a3e1",
                  "isHook": false,
                  "skipped": false
                }
              ],
              "suites": [],
              "passes": [
                "0746e7b1-49cc-4960-8bc3-0425b129435a",
                "b646cc5c-6d3a-4b66-be53-c0f0eecbc524",
                "e7123979-f196-4884-89f3-a9c4c5f95d62",
                "0c2c67df-51c1-4c75-9c5f-dc442a4576fb",
                "08f9ae95-a748-4c84-8e49-53025cf1b1b3"
              ],
              "failures": [],
              "pending": [],
              "skipped": [],
              "duration": 0,
              "root": false,
              "rootEmpty": false,
              "_timeout": 2000
            },
            {
              "uuid": "39713411-aad8-470b-953b-8db0c7875df1",
              "title": "triggerBefore()",
              "fullFile": "/home/runner/work/ical-generator/ical-generator/test/alarm.ts",
              "file": "/test/alarm.ts",
              "beforeHooks": [],
              "afterHooks": [],
              "tests": [
                {
                  "title": "setter should return this",
                  "fullTitle": "ical-generator Alarm triggerBefore() setter should return this",
                  "timedOut": false,
                  "duration": 0,
                  "state": "passed",
                  "speed": "fast",
                  "pass": true,
                  "fail": false,
                  "pending": false,
                  "context": null,
                  "code": "const a=new import_alarm.default({},new import_event.default({start:new Date},new import_calendar.default));import_assert.default.deepStrictEqual(a,a.triggerBefore(60*10))",
                  "err": {},
                  "uuid": "0db0cffe-45c7-4e83-9dd0-5025499819be",
                  "parentUUID": "39713411-aad8-470b-953b-8db0c7875df1",
                  "isHook": false,
                  "skipped": false
                },
                {
                  "title": "getter should return value",
                  "fullTitle": "ical-generator Alarm triggerBefore() getter should return value",
                  "timedOut": false,
                  "duration": 0,
                  "state": "passed",
                  "speed": "fast",
                  "pass": true,
                  "fail": false,
                  "pending": false,
                  "context": null,
                  "code": "const a=new import_alarm.default({},new import_event.default({start:new Date},new import_calendar.default));const now=new Date;import_assert.default.strictEqual(a.triggerBefore(),600);a.trigger(300);import_assert.default.strictEqual(a.triggerBefore(),300);a.trigger(now);const dateResult=a.triggerBefore();import_assert.default.deepStrictEqual(dateResult,now)",
                  "err": {},
                  "uuid": "3e88c669-d3cc-4498-ba28-dddae3e17528",
                  "parentUUID": "39713411-aad8-470b-953b-8db0c7875df1",
                  "isHook": false,
                  "skipped": false
                },
                {
                  "title": "should throw error when trigger not allowed",
                  "fullTitle": "ical-generator Alarm triggerBefore() should throw error when trigger not allowed",
                  "timedOut": false,
                  "duration": 0,
                  "state": "passed",
                  "speed": "fast",
                  "pass": true,
                  "fail": false,
                  "pending": false,
                  "context": null,
                  "code": "const a=new import_alarm.default({},new import_event.default({start:new Date},new import_calendar.default));import_assert.default.throws(function(){a.triggerBefore(Infinity)},/`trigger`/);import_assert.default.throws(function(){a.triggerBefore(\"hi\")},/`trigger`/);import_assert.default.throws(function(){a.triggerBefore(true)},/`trigger`/)",
                  "err": {},
                  "uuid": "5c51232d-7ef5-47ae-b3c2-b850cd363fca",
                  "parentUUID": "39713411-aad8-470b-953b-8db0c7875df1",
                  "isHook": false,
                  "skipped": false
                },
                {
                  "title": "setter should work with date",
                  "fullTitle": "ical-generator Alarm triggerBefore() setter should work with date",
                  "timedOut": false,
                  "duration": 1,
                  "state": "passed",
                  "speed": "fast",
                  "pass": true,
                  "fail": false,
                  "pending": false,
                  "context": null,
                  "code": "const a=new import_alarm.default({},new import_event.default({start:new Date},new import_calendar.default));const now=new Date;a.triggerBefore(now);import_assert.default.deepStrictEqual(a.trigger(),now)",
                  "err": {},
                  "uuid": "e7291f73-8908-48da-9999-d5cd27a865cb",
                  "parentUUID": "39713411-aad8-470b-953b-8db0c7875df1",
                  "isHook": false,
                  "skipped": false
                },
                {
                  "title": "setter should work with moment instance",
                  "fullTitle": "ical-generator Alarm triggerBefore() setter should work with moment instance",
                  "timedOut": false,
                  "duration": 0,
                  "state": "passed",
                  "speed": "fast",
                  "pass": true,
                  "fail": false,
                  "pending": false,
                  "context": null,
                  "code": "const a=new import_alarm.default({triggerBefore:(0,import_moment_timezone.default)()},new import_event.default({start:new Date},new import_calendar.default));import_assert.default.ok(import_moment_timezone.default.isMoment(a.trigger()))",
                  "err": {},
                  "uuid": "53384f2d-fa7d-42ec-abe6-1bb0b63bd025",
                  "parentUUID": "39713411-aad8-470b-953b-8db0c7875df1",
                  "isHook": false,
                  "skipped": false
                },
                {
                  "title": "setter should work with number",
                  "fullTitle": "ical-generator Alarm triggerBefore() setter should work with number",
                  "timedOut": false,
                  "duration": 0,
                  "state": "passed",
                  "speed": "fast",
                  "pass": true,
                  "fail": false,
                  "pending": false,
                  "context": null,
                  "code": "const a=new import_alarm.default({},new import_event.default({start:new Date},new import_calendar.default));a.triggerBefore(2*60);import_assert.default.strictEqual(a.trigger(),120)",
                  "err": {},
                  "uuid": "e176b780-1ee4-4212-a266-4feb4718dbc0",
                  "parentUUID": "39713411-aad8-470b-953b-8db0c7875df1",
                  "isHook": false,
                  "skipped": false
                },
                {
                  "title": "should change something",
                  "fullTitle": "ical-generator Alarm triggerBefore() should change something",
                  "timedOut": false,
                  "duration": 1,
                  "state": "passed",
                  "speed": "fast",
                  "pass": true,
                  "fail": false,
                  "pending": false,
                  "context": null,
                  "code": "const trigger=(0,import_moment_timezone.default)(\"2015-02-01T13:38:45.000Z\");const a=new import_alarm.default({},new import_event.default({start:new Date},new import_calendar.default));import_assert.default.ok(a.toString().indexOf(\"TRIGGER:-PT10M\")>-1);a.triggerBefore(trigger);import_assert.default.ok(a.toString().indexOf(\"TRIGGER;VALUE=DATE-TIME:20150201T133845Z\")>-1)",
                  "err": {},
                  "uuid": "b6e2ead3-8601-4619-9f07-7805b4269371",
                  "parentUUID": "39713411-aad8-470b-953b-8db0c7875df1",
                  "isHook": false,
                  "skipped": false
                }
              ],
              "suites": [],
              "passes": [
                "0db0cffe-45c7-4e83-9dd0-5025499819be",
                "3e88c669-d3cc-4498-ba28-dddae3e17528",
                "5c51232d-7ef5-47ae-b3c2-b850cd363fca",
                "e7291f73-8908-48da-9999-d5cd27a865cb",
                "53384f2d-fa7d-42ec-abe6-1bb0b63bd025",
                "e176b780-1ee4-4212-a266-4feb4718dbc0",
                "b6e2ead3-8601-4619-9f07-7805b4269371"
              ],
              "failures": [],
              "pending": [],
              "skipped": [],
              "duration": 2,
              "root": false,
              "rootEmpty": false,
              "_timeout": 2000
            },
            {
              "uuid": "a011cdc9-f0a5-4b94-add3-519fad755985",
              "title": "relatesTo()",
              "fullFile": "/home/runner/work/ical-generator/ical-generator/test/alarm.ts",
              "file": "/test/alarm.ts",
              "beforeHooks": [],
              "afterHooks": [],
              "tests": [
                {
                  "title": "setter should return this",
                  "fullTitle": "ical-generator Alarm relatesTo() setter should return this",
                  "timedOut": false,
                  "duration": 0,
                  "state": "passed",
                  "speed": "fast",
                  "pass": true,
                  "fail": false,
                  "pending": false,
                  "context": null,
                  "code": "const a=new import_alarm.default({},new import_event.default({start:new Date},new import_calendar.default));import_assert.default.deepStrictEqual(a,a.relatesTo(null));import_assert.default.deepStrictEqual(a,a.relatesTo(import_alarm.ICalAlarmRelatesTo.end))",
                  "err": {},
                  "uuid": "d6b81aca-1c11-425a-8a78-caf760e92a57",
                  "parentUUID": "a011cdc9-f0a5-4b94-add3-519fad755985",
                  "isHook": false,
                  "skipped": false
                },
                {
                  "title": "getter should return value",
                  "fullTitle": "ical-generator Alarm relatesTo() getter should return value",
                  "timedOut": false,
                  "duration": 0,
                  "state": "passed",
                  "speed": "fast",
                  "pass": true,
                  "fail": false,
                  "pending": false,
                  "context": null,
                  "code": "const a=new import_alarm.default({},new import_event.default({start:new Date},new import_calendar.default));a.relatesTo(import_alarm.ICalAlarmRelatesTo.end);import_assert.default.strictEqual(a.relatesTo(),import_alarm.ICalAlarmRelatesTo.end);a.relatesTo(null);import_assert.default.strictEqual(a.relatesTo(),null)",
                  "err": {},
                  "uuid": "b69c21d3-dd4a-42b6-a6ad-a08a43793525",
                  "parentUUID": "a011cdc9-f0a5-4b94-add3-519fad755985",
                  "isHook": false,
                  "skipped": false
                },
                {
                  "title": "should throw if value is not `null`, \"START\" or \"END\"",
                  "fullTitle": "ical-generator Alarm relatesTo() should throw if value is not `null`, \"START\" or \"END\"",
                  "timedOut": false,
                  "duration": 0,
                  "state": "passed",
                  "speed": "fast",
                  "pass": true,
                  "fail": false,
                  "pending": false,
                  "context": null,
                  "code": "const a=new import_alarm.default({},new import_event.default({start:new Date},new import_calendar.default));import_assert.default.throws(function(){a.relatesTo(\"hi\")},/`relatesTo`/);import_assert.default.throws(function(){a.relatesTo(true)},/`relatesTo`/);import_assert.default.throws(function(){a.relatesTo(Infinity)},/`relatesTo`/)",
                  "err": {},
                  "uuid": "f72ea965-f735-4509-89a6-393edeb49697",
                  "parentUUID": "a011cdc9-f0a5-4b94-add3-519fad755985",
                  "isHook": false,
                  "skipped": false
                },
                {
                  "title": "should change RELATED",
                  "fullTitle": "ical-generator Alarm relatesTo() should change RELATED",
                  "timedOut": false,
                  "duration": 0,
                  "state": "passed",
                  "speed": "fast",
                  "pass": true,
                  "fail": false,
                  "pending": false,
                  "context": null,
                  "code": "const a=new import_alarm.default({},new import_event.default({start:new Date},new import_calendar.default));import_assert.default.ok(a.toString().indexOf(\"RELATED=START\")===-1);a.relatesTo(import_alarm.ICalAlarmRelatesTo.start);import_assert.default.ok(a.toString().indexOf(\"RELATED=START\")>-1);a.relatesTo(import_alarm.ICalAlarmRelatesTo.end);import_assert.default.ok(a.toString().indexOf(\"RELATED=END\")>-1)",
                  "err": {},
                  "uuid": "a91a370a-102d-486b-b530-ff3873bffda3",
                  "parentUUID": "a011cdc9-f0a5-4b94-add3-519fad755985",
                  "isHook": false,
                  "skipped": false
                }
              ],
              "suites": [],
              "passes": [
                "d6b81aca-1c11-425a-8a78-caf760e92a57",
                "b69c21d3-dd4a-42b6-a6ad-a08a43793525",
                "f72ea965-f735-4509-89a6-393edeb49697",
                "a91a370a-102d-486b-b530-ff3873bffda3"
              ],
              "failures": [],
              "pending": [],
              "skipped": [],
              "duration": 0,
              "root": false,
              "rootEmpty": false,
              "_timeout": 2000
            },
            {
              "uuid": "a20464c9-c6ce-4a97-bfb7-c541cf6cc98a",
              "title": "repeat()",
              "fullFile": "/home/runner/work/ical-generator/ical-generator/test/alarm.ts",
              "file": "/test/alarm.ts",
              "beforeHooks": [],
              "afterHooks": [],
              "tests": [
                {
                  "title": "setter should return this",
                  "fullTitle": "ical-generator Alarm repeat() setter should return this",
                  "timedOut": false,
                  "duration": 0,
                  "state": "passed",
                  "speed": "fast",
                  "pass": true,
                  "fail": false,
                  "pending": false,
                  "context": null,
                  "code": "const a=new import_alarm.default({},new import_event.default({start:new Date},new import_calendar.default));import_assert.default.deepStrictEqual(a,a.repeat({interval:60,times:4}))",
                  "err": {},
                  "uuid": "f1cfc6b8-7665-481c-8a8d-0c5365f00f05",
                  "parentUUID": "a20464c9-c6ce-4a97-bfb7-c541cf6cc98a",
                  "isHook": false,
                  "skipped": false
                },
                {
                  "title": "getter should return value",
                  "fullTitle": "ical-generator Alarm repeat() getter should return value",
                  "timedOut": false,
                  "duration": 1,
                  "state": "passed",
                  "speed": "fast",
                  "pass": true,
                  "fail": false,
                  "pending": false,
                  "context": null,
                  "code": "const a=new import_alarm.default({},new import_event.default({start:new Date},new import_calendar.default));import_assert.default.strictEqual(a.repeat(),null);a.repeat({interval:60,times:4});import_assert.default.deepStrictEqual(a.repeat(),{interval:60,times:4})",
                  "err": {},
                  "uuid": "94e49771-492f-4e13-acf2-027c2432fa53",
                  "parentUUID": "a20464c9-c6ce-4a97-bfb7-c541cf6cc98a",
                  "isHook": false,
                  "skipped": false
                },
                {
                  "title": "should throw error if repeat not allowed",
                  "fullTitle": "ical-generator Alarm repeat() should throw error if repeat not allowed",
                  "timedOut": false,
                  "duration": 0,
                  "state": "passed",
                  "speed": "fast",
                  "pass": true,
                  "fail": false,
                  "pending": false,
                  "context": null,
                  "code": "const a=new import_alarm.default({},new import_event.default({start:new Date},new import_calendar.default));import_assert.default.throws(function(){a.repeat({interval:60,times:Infinity})},/`repeat.times`/);import_assert.default.throws(function(){a.repeat({interval:60,times:\"hi\"})},/`repeat.times`/);import_assert.default.throws(function(){a.repeat({interval:60,times:true})},/`repeat.times`/);import_assert.default.throws(function(){a.repeat({interval:Infinity,times:4})},/`repeat.interval`/);import_assert.default.throws(function(){a.repeat({interval:\"hi\",times:4})},/`repeat.interval`/);import_assert.default.throws(function(){a.repeat({interval:true,times:4})},/`repeat.interval`/)",
                  "err": {},
                  "uuid": "94c131f7-f143-4609-8632-5a9cf177d665",
                  "parentUUID": "a20464c9-c6ce-4a97-bfb7-c541cf6cc98a",
                  "isHook": false,
                  "skipped": false
                },
                {
                  "title": "should change something",
                  "fullTitle": "ical-generator Alarm repeat() should change something",
                  "timedOut": false,
                  "duration": 1,
                  "state": "passed",
                  "speed": "fast",
                  "pass": true,
                  "fail": false,
                  "pending": false,
                  "context": null,
                  "code": "const a=new import_alarm.default({repeat:{interval:90,times:42},trigger:300},new import_event.default({start:new Date},new import_calendar.default));import_assert.default.ok(a.toString().includes(\"REPEAT:42\"));import_assert.default.ok(a.toString().includes(\"DURATION:PT1M30S\"));a.repeat(null);import_assert.default.ok(!a.toString().includes(\"REPEAT:42\"));import_assert.default.ok(!a.toString().includes(\"DURATION:PT1M30S\"))",
                  "err": {},
                  "uuid": "90970ae2-9ff4-4ae8-86e7-66e1a11441b7",
                  "parentUUID": "a20464c9-c6ce-4a97-bfb7-c541cf6cc98a",
                  "isHook": false,
                  "skipped": false
                },
                {
                  "title": "should throw an error if repeat is set but interval isn't",
                  "fullTitle": "ical-generator Alarm repeat() should throw an error if repeat is set but interval isn't",
                  "timedOut": false,
                  "duration": 0,
                  "state": "passed",
                  "speed": "fast",
                  "pass": true,
                  "fail": false,
                  "pending": false,
                  "context": null,
                  "code": "import_assert.default.throws(function(){new import_alarm.default({repeat:{interval:null,times:4},trigger:300},new import_event.default({start:new Date},new import_calendar.default))},/`repeat.interval`/)",
                  "err": {},
                  "uuid": "2c0e657a-2f49-46bd-90a7-8a6038ba7c8f",
                  "parentUUID": "a20464c9-c6ce-4a97-bfb7-c541cf6cc98a",
                  "isHook": false,
                  "skipped": false
                },
                {
                  "title": "should throw an error if interval is set but repeat isn't",
                  "fullTitle": "ical-generator Alarm repeat() should throw an error if interval is set but repeat isn't",
                  "timedOut": false,
                  "duration": 0,
                  "state": "passed",
                  "speed": "fast",
                  "pass": true,
                  "fail": false,
                  "pending": false,
                  "context": null,
                  "code": "import_assert.default.throws(function(){new import_alarm.default({repeat:{interval:60,times:null},trigger:300},new import_event.default({start:new Date},new import_calendar.default))},/`repeat.times`/)",
                  "err": {},
                  "uuid": "a2ea1050-7983-44c9-9d8c-d6946279a566",
                  "parentUUID": "a20464c9-c6ce-4a97-bfb7-c541cf6cc98a",
                  "isHook": false,
                  "skipped": false
                },
                {
                  "title": "should throw an error if interval is of wrong type",
                  "fullTitle": "ical-generator Alarm repeat() should throw an error if interval is of wrong type",
                  "timedOut": false,
                  "duration": 0,
                  "state": "passed",
                  "speed": "fast",
                  "pass": true,
                  "fail": false,
                  "pending": false,
                  "context": null,
                  "code": "import_assert.default.throws(function(){new import_alarm.default({repeat:true,trigger:300},new import_event.default({start:new Date},new import_calendar.default))},/`repeat` is not correct, must be an object!/)",
                  "err": {},
                  "uuid": "023de262-d9c5-4eb3-8fdb-c1378d1983a4",
                  "parentUUID": "a20464c9-c6ce-4a97-bfb7-c541cf6cc98a",
                  "isHook": false,
                  "skipped": false
                }
              ],
              "suites": [],
              "passes": [
                "f1cfc6b8-7665-481c-8a8d-0c5365f00f05",
                "94e49771-492f-4e13-acf2-027c2432fa53",
                "94c131f7-f143-4609-8632-5a9cf177d665",
                "90970ae2-9ff4-4ae8-86e7-66e1a11441b7",
                "2c0e657a-2f49-46bd-90a7-8a6038ba7c8f",
                "a2ea1050-7983-44c9-9d8c-d6946279a566",
                "023de262-d9c5-4eb3-8fdb-c1378d1983a4"
              ],
              "failures": [],
              "pending": [],
              "skipped": [],
              "duration": 2,
              "root": false,
              "rootEmpty": false,
              "_timeout": 2000
            },
            {
              "uuid": "82e50a19-635d-4542-8364-bb34bda9e0de",
              "title": "attach()",
              "fullFile": "/home/runner/work/ical-generator/ical-generator/test/alarm.ts",
              "file": "/test/alarm.ts",
              "beforeHooks": [],
              "afterHooks": [],
              "tests": [
                {
                  "title": "setter should return this",
                  "fullTitle": "ical-generator Alarm attach() setter should return this",
                  "timedOut": false,
                  "duration": 0,
                  "state": "passed",
                  "speed": "fast",
                  "pass": true,
                  "fail": false,
                  "pending": false,
                  "context": null,
                  "code": "const a=new import_alarm.default({},new import_event.default({start:new Date},new import_calendar.default));import_assert.default.deepStrictEqual(a,a.attach(null));import_assert.default.deepStrictEqual(a,a.attach(\"https://sebbo.net/beep.aud\"))",
                  "err": {},
                  "uuid": "7561a842-4636-4be6-9064-794877bc8e52",
                  "parentUUID": "82e50a19-635d-4542-8364-bb34bda9e0de",
                  "isHook": false,
                  "skipped": false
                },
                {
                  "title": "getter should return value",
                  "fullTitle": "ical-generator Alarm attach() getter should return value",
                  "timedOut": false,
                  "duration": 0,
                  "state": "passed",
                  "speed": "fast",
                  "pass": true,
                  "fail": false,
                  "pending": false,
                  "context": null,
                  "code": "const t={mime:\"audio/basic\",uri:\"https://example.com/alarm.aud\"};const a=new import_alarm.default({},new import_event.default({start:new Date},new import_calendar.default));import_assert.default.strictEqual(a.attach(),null);a.attach(t);import_assert.default.deepStrictEqual(a.attach(),t);a.attach(\"https://www.example.com/beep.aud\");import_assert.default.deepStrictEqual(a.attach(),{mime:null,uri:\"https://www.example.com/beep.aud\"});a.attach({uri:\"https://www.example.com/beep.aud\"});import_assert.default.deepStrictEqual(a.attach(),{mime:null,uri:\"https://www.example.com/beep.aud\"});a.attach(null);import_assert.default.strictEqual(a.attach(),null)",
                  "err": {},
                  "uuid": "f52691ed-8af8-43bd-bb09-38e4c7f5e13e",
                  "parentUUID": "82e50a19-635d-4542-8364-bb34bda9e0de",
                  "isHook": false,
                  "skipped": false
                },
                {
                  "title": "should throw error withour uri",
                  "fullTitle": "ical-generator Alarm attach() should throw error withour uri",
                  "timedOut": false,
                  "duration": 0,
                  "state": "passed",
                  "speed": "fast",
                  "pass": true,
                  "fail": false,
                  "pending": false,
                  "context": null,
                  "code": "const a=new import_alarm.default({},new import_event.default({start:new Date},new import_calendar.default));import_assert.default.throws(function(){a.attach({mime:\"audio/basic\"})},/`attach.uri`/)",
                  "err": {},
                  "uuid": "93d88cf9-af1a-47b7-a556-a52202eee183",
                  "parentUUID": "82e50a19-635d-4542-8364-bb34bda9e0de",
                  "isHook": false,
                  "skipped": false
                },
                {
                  "title": "should throw error when unknown format",
                  "fullTitle": "ical-generator Alarm attach() should throw error when unknown format",
                  "timedOut": false,
                  "duration": 0,
                  "state": "passed",
                  "speed": "fast",
                  "pass": true,
                  "fail": false,
                  "pending": false,
                  "context": null,
                  "code": "const a=new import_alarm.default({},new import_event.default({start:new Date},new import_calendar.default));import_assert.default.throws(function(){a.attach(Infinity)},/`attachment`/)",
                  "err": {},
                  "uuid": "ac7c2b62-bd09-458b-bfef-3751f8042375",
                  "parentUUID": "82e50a19-635d-4542-8364-bb34bda9e0de",
                  "isHook": false,
                  "skipped": false
                },
                {
                  "title": "should change something",
                  "fullTitle": "ical-generator Alarm attach() should change something",
                  "timedOut": false,
                  "duration": 0,
                  "state": "passed",
                  "speed": "fast",
                  "pass": true,
                  "fail": false,
                  "pending": false,
                  "context": null,
                  "code": "const a=new import_alarm.default({type:import_alarm.ICalAlarmType.audio},new import_event.default({start:new Date},new import_calendar.default));import_assert.default.ok(a.toString().indexOf(\"\\r\\nATTACH;VALUE=URI:Basso\")>-1);a.attach(\"https://example.com/beep.aud\");import_assert.default.ok(a.toString().indexOf(\"\\r\\nATTACH;VALUE=URI:https://example.com/beep.aud\")>-1);a.attach({mime:\"audio/basic\",uri:\"https://example.com/beep.aud\"});import_assert.default.ok(a.toString().indexOf(\"\\r\\nATTACH;FMTTYPE=audio/basic:https://example.com/beep.aud\")>-1)",
                  "err": {},
                  "uuid": "abbfc25f-d1c3-409e-93ad-ec269cd9f250",
                  "parentUUID": "82e50a19-635d-4542-8364-bb34bda9e0de",
                  "isHook": false,
                  "skipped": false
                }
              ],
              "suites": [],
              "passes": [
                "7561a842-4636-4be6-9064-794877bc8e52",
                "f52691ed-8af8-43bd-bb09-38e4c7f5e13e",
                "93d88cf9-af1a-47b7-a556-a52202eee183",
                "ac7c2b62-bd09-458b-bfef-3751f8042375",
                "abbfc25f-d1c3-409e-93ad-ec269cd9f250"
              ],
              "failures": [],
              "pending": [],
              "skipped": [],
              "duration": 0,
              "root": false,
              "rootEmpty": false,
              "_timeout": 2000
            },
            {
              "uuid": "e7df1ecc-3fe7-4e4f-9888-08314380832d",
              "title": "description()",
              "fullFile": "/home/runner/work/ical-generator/ical-generator/test/alarm.ts",
              "file": "/test/alarm.ts",
              "beforeHooks": [],
              "afterHooks": [],
              "tests": [
                {
                  "title": "setter should return this",
                  "fullTitle": "ical-generator Alarm description() setter should return this",
                  "timedOut": false,
                  "duration": 0,
                  "state": "passed",
                  "speed": "fast",
                  "pass": true,
                  "fail": false,
                  "pending": false,
                  "context": null,
                  "code": "const a=new import_alarm.default({},new import_event.default({start:new Date},new import_calendar.default));import_assert.default.deepStrictEqual(a,a.description(null));import_assert.default.deepStrictEqual(a,a.description(\"Hey Ho!\"))",
                  "err": {},
                  "uuid": "1332db88-48a6-47f1-b9e7-ac4810e25cf1",
                  "parentUUID": "e7df1ecc-3fe7-4e4f-9888-08314380832d",
                  "isHook": false,
                  "skipped": false
                },
                {
                  "title": "getter should return value",
                  "fullTitle": "ical-generator Alarm description() getter should return value",
                  "timedOut": false,
                  "duration": 0,
                  "state": "passed",
                  "speed": "fast",
                  "pass": true,
                  "fail": false,
                  "pending": false,
                  "context": null,
                  "code": "const a=new import_alarm.default({},new import_event.default({start:new Date},new import_calendar.default));import_assert.default.deepStrictEqual(a.description(),null);a.description(\"blablabla\");import_assert.default.deepStrictEqual(a.description(),\"blablabla\");a.description(null);import_assert.default.deepStrictEqual(a.description(),null)",
                  "err": {},
                  "uuid": "bc882480-828d-4418-9caf-f1fbe95452a9",
                  "parentUUID": "e7df1ecc-3fe7-4e4f-9888-08314380832d",
                  "isHook": false,
                  "skipped": false
                },
                {
                  "title": "should change something",
                  "fullTitle": "ical-generator Alarm description() should change something",
                  "timedOut": false,
                  "duration": 0,
                  "state": "passed",
                  "speed": "fast",
                  "pass": true,
                  "fail": false,
                  "pending": false,
                  "context": null,
                  "code": "const a=new import_alarm.default({description:\"Huibuh!\"},new import_event.default({start:new Date},new import_calendar.default));import_assert.default.ok(a.toString().indexOf(\"\\r\\nDESCRIPTION:Huibuh\")>-1)",
                  "err": {},
                  "uuid": "629508e1-b30c-4c3a-9de2-0c18fe49dc7b",
                  "parentUUID": "e7df1ecc-3fe7-4e4f-9888-08314380832d",
                  "isHook": false,
                  "skipped": false
                },
                {
                  "title": "should fallback to event summary",
                  "fullTitle": "ical-generator Alarm description() should fallback to event summary",
                  "timedOut": false,
                  "duration": 0,
                  "state": "passed",
                  "speed": "fast",
                  "pass": true,
                  "fail": false,
                  "pending": false,
                  "context": null,
                  "code": "const a=new import_alarm.default({description:\"Example Event\"},new import_event.default({start:new Date},new import_calendar.default));import_assert.default.ok(a.toString().indexOf(\"\\r\\nDESCRIPTION:Example Event\")>-1)",
                  "err": {},
                  "uuid": "f17a5cd1-ccf5-4b6a-9585-580826784977",
                  "parentUUID": "e7df1ecc-3fe7-4e4f-9888-08314380832d",
                  "isHook": false,
                  "skipped": false
                }
              ],
              "suites": [],
              "passes": [
                "1332db88-48a6-47f1-b9e7-ac4810e25cf1",
                "bc882480-828d-4418-9caf-f1fbe95452a9",
                "629508e1-b30c-4c3a-9de2-0c18fe49dc7b",
                "f17a5cd1-ccf5-4b6a-9585-580826784977"
              ],
              "failures": [],
              "pending": [],
              "skipped": [],
              "duration": 0,
              "root": false,
              "rootEmpty": false,
              "_timeout": 2000
            },
            {
              "uuid": "7f95ca66-0889-49e8-8bcf-5be58af814bc",
              "title": "summary()",
              "fullFile": "/home/runner/work/ical-generator/ical-generator/test/alarm.ts",
              "file": "/test/alarm.ts",
              "beforeHooks": [],
              "afterHooks": [],
              "tests": [
                {
                  "title": "setter should return this",
                  "fullTitle": "ical-generator Alarm summary() setter should return this",
                  "timedOut": false,
                  "duration": 0,
                  "state": "passed",
                  "speed": "fast",
                  "pass": true,
                  "fail": false,
                  "pending": false,
                  "context": null,
                  "code": "const a=new import_alarm.default({},new import_event.default({start:new Date},new import_calendar.default));import_assert.default.deepStrictEqual(a,a.summary(null));import_assert.default.deepStrictEqual(a,a.summary(\"Hey Ho!\"))",
                  "err": {},
                  "uuid": "74e6a426-a013-4e07-8ef5-8178f60efbc1",
                  "parentUUID": "7f95ca66-0889-49e8-8bcf-5be58af814bc",
                  "isHook": false,
                  "skipped": false
                },
                {
                  "title": "getter should return value",
                  "fullTitle": "ical-generator Alarm summary() getter should return value",
                  "timedOut": false,
                  "duration": 0,
                  "state": "passed",
                  "speed": "fast",
                  "pass": true,
                  "fail": false,
                  "pending": false,
                  "context": null,
                  "code": "const a=new import_alarm.default({},new import_event.default({start:new Date},new import_calendar.default));import_assert.default.deepStrictEqual(a.summary(),null);a.summary(\"blablabla\");import_assert.default.deepStrictEqual(a.summary(),\"blablabla\");a.summary(null);import_assert.default.deepStrictEqual(a.summary(),null)",
                  "err": {},
                  "uuid": "3b2c5c36-e379-4cc8-b10e-2458693a8b0a",
                  "parentUUID": "7f95ca66-0889-49e8-8bcf-5be58af814bc",
                  "isHook": false,
                  "skipped": false
                },
                {
                  "title": "should change something",
                  "fullTitle": "ical-generator Alarm summary() should change something",
                  "timedOut": false,
                  "duration": 0,
                  "state": "passed",
                  "speed": "fast",
                  "pass": true,
                  "fail": false,
                  "pending": false,
                  "context": null,
                  "code": "const a=new import_alarm.default({summary:\"Huibuh!\",type:import_alarm.ICalAlarmType.email},new import_event.default({start:new Date},new import_calendar.default));import_assert.default.ok(a.toString().indexOf(\"\\r\\nSUMMARY:Huibuh\")>-1)",
                  "err": {},
                  "uuid": "b68baa98-0dfb-44ab-aa81-ad59cfe4d4ea",
                  "parentUUID": "7f95ca66-0889-49e8-8bcf-5be58af814bc",
                  "isHook": false,
                  "skipped": false
                },
                {
                  "title": "should fallback to event summary",
                  "fullTitle": "ical-generator Alarm summary() should fallback to event summary",
                  "timedOut": false,
                  "duration": 0,
                  "state": "passed",
                  "speed": "fast",
                  "pass": true,
                  "fail": false,
                  "pending": false,
                  "context": null,
                  "code": "const a=new import_alarm.default({type:import_alarm.ICalAlarmType.email},new import_event.default({start:new Date,summary:\"Example Event\"},new import_calendar.default));import_assert.default.ok(a.toString().indexOf(\"\\r\\nSUMMARY:Example Event\")>-1)",
                  "err": {},
                  "uuid": "64b08499-ad36-41f2-8767-faa6345e32b9",
                  "parentUUID": "7f95ca66-0889-49e8-8bcf-5be58af814bc",
                  "isHook": false,
                  "skipped": false
                }
              ],
              "suites": [],
              "passes": [
                "74e6a426-a013-4e07-8ef5-8178f60efbc1",
                "3b2c5c36-e379-4cc8-b10e-2458693a8b0a",
                "b68baa98-0dfb-44ab-aa81-ad59cfe4d4ea",
                "64b08499-ad36-41f2-8767-faa6345e32b9"
              ],
              "failures": [],
              "pending": [],
              "skipped": [],
              "duration": 0,
              "root": false,
              "rootEmpty": false,
              "_timeout": 2000
            },
            {
              "uuid": "8bf402ec-bbc2-45c1-b16c-c66f0484e4db",
              "title": "createAttendee()",
              "fullFile": "/home/runner/work/ical-generator/ical-generator/test/alarm.ts",
              "file": "/test/alarm.ts",
              "beforeHooks": [],
              "afterHooks": [],
              "tests": [
                {
                  "title": "if Attendee passed, it should add and return it",
                  "fullTitle": "ical-generator Alarm createAttendee() if Attendee passed, it should add and return it",
                  "timedOut": false,
                  "duration": 0,
                  "state": "passed",
                  "speed": "fast",
                  "pass": true,
                  "fail": false,
                  "pending": false,
                  "context": null,
                  "code": "const alarm=new import_event.default({start:new Date},new import_calendar.default).createAlarm({type:import_alarm.ICalAlarmType.email});const attendee=new import_attendee.default({email:\"mail@example.com\"},alarm);import_assert.default.strictEqual(alarm.createAttendee(attendee),attendee,\"createAttendee returns attendee\");import_assert.default.deepStrictEqual(alarm.attendees()[0],attendee,\"attendee pushed\")",
                  "err": {},
                  "uuid": "80400305-0b65-4ce0-bb0a-e9b29890e602",
                  "parentUUID": "8bf402ec-bbc2-45c1-b16c-c66f0484e4db",
                  "isHook": false,
                  "skipped": false
                },
                {
                  "title": "should return a ICalAttendee instance",
                  "fullTitle": "ical-generator Alarm createAttendee() should return a ICalAttendee instance",
                  "timedOut": false,
                  "duration": 0,
                  "state": "passed",
                  "speed": "fast",
                  "pass": true,
                  "fail": false,
                  "pending": false,
                  "context": null,
                  "code": "const alarm=new import_event.default({start:new Date},new import_calendar.default).createAlarm({type:import_alarm.ICalAlarmType.email});import_assert.default.ok(alarm.createAttendee({email:\"mail@example.com\"})instanceof import_attendee.default);import_assert.default.strictEqual(alarm.attendees.length,1,\"attendee pushed\")",
                  "err": {},
                  "uuid": "ef73a3ed-78e5-418d-af4b-9482643e068c",
                  "parentUUID": "8bf402ec-bbc2-45c1-b16c-c66f0484e4db",
                  "isHook": false,
                  "skipped": false
                },
                {
                  "title": "should accept string",
                  "fullTitle": "ical-generator Alarm createAttendee() should accept string",
                  "timedOut": false,
                  "duration": 0,
                  "state": "passed",
                  "speed": "fast",
                  "pass": true,
                  "fail": false,
                  "pending": false,
                  "context": null,
                  "code": "const alarm=new import_event.default({start:new Date},new import_calendar.default).createAlarm({type:import_alarm.ICalAlarmType.email});const attendee=alarm.createAttendee(\"Zac <zac@example.com>\");import_assert.default.strictEqual(attendee.name(),\"Zac\");import_assert.default.strictEqual(attendee.email(),\"zac@example.com\");import_assert.default.strictEqual(alarm.attendees().length,1,\"attendee pushed\")",
                  "err": {},
                  "uuid": "b353a70a-91a2-4301-80cf-eb95e5b4468b",
                  "parentUUID": "8bf402ec-bbc2-45c1-b16c-c66f0484e4db",
                  "isHook": false,
                  "skipped": false
                },
                {
                  "title": "should throw error when string misformated",
                  "fullTitle": "ical-generator Alarm createAttendee() should throw error when string misformated",
                  "timedOut": false,
                  "duration": 0,
                  "state": "passed",
                  "speed": "fast",
                  "pass": true,
                  "fail": false,
                  "pending": false,
                  "context": null,
                  "code": "const alarm=new import_event.default({start:new Date},new import_calendar.default).createAlarm({type:import_alarm.ICalAlarmType.email});import_assert.default.throws(function(){alarm.createAttendee(\"foo bar\")},/isn't formated correctly/)",
                  "err": {},
                  "uuid": "08d01e80-d4e6-4f6f-8b5f-849c5b4c63d2",
                  "parentUUID": "8bf402ec-bbc2-45c1-b16c-c66f0484e4db",
                  "isHook": false,
                  "skipped": false
                },
                {
                  "title": "should accept object",
                  "fullTitle": "ical-generator Alarm createAttendee() should accept object",
                  "timedOut": false,
                  "duration": 0,
                  "state": "passed",
                  "speed": "fast",
                  "pass": true,
                  "fail": false,
                  "pending": false,
                  "context": null,
                  "code": "const alarm=new import_event.default({start:new Date},new import_calendar.default).createAlarm({type:import_alarm.ICalAlarmType.email});const attendee=alarm.createAttendee({email:\"zac@example.com\",name:\"Zac\"});import_assert.default.strictEqual(attendee.name(),\"Zac\");import_assert.default.strictEqual(attendee.email(),\"zac@example.com\");import_assert.default.strictEqual(alarm.attendees().length,1,\"attendee pushed\");import_assert.default.ok(alarm.toString().includes('ATTENDEE;ROLE=REQ-PARTICIPANT;CN=\"Zac\":MAILTO:zac@example.com'))",
                  "err": {},
                  "uuid": "4496b1e5-f592-4e55-a8f8-d445383bb038",
                  "parentUUID": "8bf402ec-bbc2-45c1-b16c-c66f0484e4db",
                  "isHook": false,
                  "skipped": false
                }
              ],
              "suites": [],
              "passes": [
                "80400305-0b65-4ce0-bb0a-e9b29890e602",
                "ef73a3ed-78e5-418d-af4b-9482643e068c",
                "b353a70a-91a2-4301-80cf-eb95e5b4468b",
                "08d01e80-d4e6-4f6f-8b5f-849c5b4c63d2",
                "4496b1e5-f592-4e55-a8f8-d445383bb038"
              ],
              "failures": [],
              "pending": [],
              "skipped": [],
              "duration": 0,
              "root": false,
              "rootEmpty": false,
              "_timeout": 2000
            },
            {
              "uuid": "c5b9ba7f-ca54-4a84-8b0d-8422da881be8",
              "title": "attendees()",
              "fullFile": "/home/runner/work/ical-generator/ical-generator/test/alarm.ts",
              "file": "/test/alarm.ts",
              "beforeHooks": [],
              "afterHooks": [],
              "tests": [
                {
                  "title": "getter should return an array of attendees…",
                  "fullTitle": "ical-generator Alarm attendees() getter should return an array of attendees…",
                  "timedOut": false,
                  "duration": 0,
                  "state": "passed",
                  "speed": "fast",
                  "pass": true,
                  "fail": false,
                  "pending": false,
                  "context": null,
                  "code": "const alarm=new import_event.default({start:new Date},new import_calendar.default).createAlarm({type:import_alarm.ICalAlarmType.email});import_assert.default.strictEqual(alarm.attendees().length,0);const attendee=alarm.createAttendee({email:\"mail@example.com\"});import_assert.default.strictEqual(alarm.attendees().length,1);import_assert.default.deepStrictEqual(alarm.attendees()[0],attendee)",
                  "err": {},
                  "uuid": "e0547c8a-f783-4398-83e4-bfa25bb308ab",
                  "parentUUID": "c5b9ba7f-ca54-4a84-8b0d-8422da881be8",
                  "isHook": false,
                  "skipped": false
                },
                {
                  "title": "setter should add attendees and return this",
                  "fullTitle": "ical-generator Alarm attendees() setter should add attendees and return this",
                  "timedOut": false,
                  "duration": 0,
                  "state": "passed",
                  "speed": "fast",
                  "pass": true,
                  "fail": false,
                  "pending": false,
                  "context": null,
                  "code": "const alarm=new import_event.default({start:new Date},new import_calendar.default).createAlarm({type:import_alarm.ICalAlarmType.email});const foo=alarm.attendees([{email:\"a@example.com\",name:\"Person A\"},{email:\"b@example.com\",name:\"Person B\"}]);import_assert.default.strictEqual(alarm.attendees().length,2);import_assert.default.deepStrictEqual(foo,alarm)",
                  "err": {},
                  "uuid": "7fefcf1e-357f-4b8f-8053-a5172ddc84bd",
                  "parentUUID": "c5b9ba7f-ca54-4a84-8b0d-8422da881be8",
                  "isHook": false,
                  "skipped": false
                }
              ],
              "suites": [],
              "passes": [
                "e0547c8a-f783-4398-83e4-bfa25bb308ab",
                "7fefcf1e-357f-4b8f-8053-a5172ddc84bd"
              ],
              "failures": [],
              "pending": [],
              "skipped": [],
              "duration": 0,
              "root": false,
              "rootEmpty": false,
              "_timeout": 2000
            },
            {
              "uuid": "48d69f57-436e-4167-9a73-eb53cff2362d",
              "title": "x()",
              "fullFile": "/home/runner/work/ical-generator/ical-generator/test/alarm.ts",
              "file": "/test/alarm.ts",
              "beforeHooks": [],
              "afterHooks": [],
              "tests": [
                {
                  "title": "is there",
                  "fullTitle": "ical-generator Alarm x() is there",
                  "timedOut": false,
                  "duration": 0,
                  "state": "passed",
                  "speed": "fast",
                  "pass": true,
                  "fail": false,
                  "pending": false,
                  "context": null,
                  "code": "const a=new import_alarm.default({},new import_event.default({start:new Date},new import_calendar.default));import_assert.default.deepStrictEqual(a,a.x(\"X-FOO\",\"bar\"))",
                  "err": {},
                  "uuid": "f25b9700-e827-451e-a0cf-92145c777ce8",
                  "parentUUID": "48d69f57-436e-4167-9a73-eb53cff2362d",
                  "isHook": false,
                  "skipped": false
                }
              ],
              "suites": [],
              "passes": [
                "f25b9700-e827-451e-a0cf-92145c777ce8"
              ],
              "failures": [],
              "pending": [],
              "skipped": [],
              "duration": 0,
              "root": false,
              "rootEmpty": false,
              "_timeout": 2000
            },
            {
              "uuid": "edeb5886-8d8e-4446-8835-6bfef98104bb",
              "title": "toJSON()",
              "fullFile": "/home/runner/work/ical-generator/ical-generator/test/alarm.ts",
              "file": "/test/alarm.ts",
              "beforeHooks": [],
              "afterHooks": [],
              "tests": [
                {
                  "title": "should work",
                  "fullTitle": "ical-generator Alarm toJSON() should work",
                  "timedOut": false,
                  "duration": 0,
                  "state": "passed",
                  "speed": "fast",
                  "pass": true,
                  "fail": false,
                  "pending": false,
                  "context": null,
                  "code": "const a=new import_alarm.default({},new import_event.default({start:new Date},new import_calendar.default));a.type(import_alarm.ICalAlarmType.display);a.trigger(120);import_assert.default.deepStrictEqual(a.toJSON(),{attach:null,attendees:[],description:null,interval:null,relatesTo:null,repeat:null,summary:null,trigger:120,type:\"display\",x:[]})",
                  "err": {},
                  "uuid": "239b2c05-9821-4dd5-9235-9eeac68c0d95",
                  "parentUUID": "edeb5886-8d8e-4446-8835-6bfef98104bb",
                  "isHook": false,
                  "skipped": false
                },
                {
                  "title": "should be compatible with constructor (type check)",
                  "fullTitle": "ical-generator Alarm toJSON() should be compatible with constructor (type check)",
                  "timedOut": false,
                  "duration": 0,
                  "state": "passed",
                  "speed": "fast",
                  "pass": true,
                  "fail": false,
                  "pending": false,
                  "context": null,
                  "code": "const a=new import_alarm.default({},new import_event.default({start:new Date},new import_calendar.default));new import_alarm.default(a.toJSON(),new import_event.default({start:new Date},new import_calendar.default))",
                  "err": {},
                  "uuid": "33650f35-01a0-4b43-abbd-5de1cc03cfa2",
                  "parentUUID": "edeb5886-8d8e-4446-8835-6bfef98104bb",
                  "isHook": false,
                  "skipped": false
                }
              ],
              "suites": [],
              "passes": [
                "239b2c05-9821-4dd5-9235-9eeac68c0d95",
                "33650f35-01a0-4b43-abbd-5de1cc03cfa2"
              ],
              "failures": [],
              "pending": [],
              "skipped": [],
              "duration": 0,
              "root": false,
              "rootEmpty": false,
              "_timeout": 2000
            }
          ],
          "passes": [],
          "failures": [],
          "pending": [],
          "skipped": [],
          "duration": 0,
          "root": false,
          "rootEmpty": false,
          "_timeout": 2000
        },
        {
          "uuid": "4f720071-98de-47a4-9934-be263356e24c",
          "title": "ical-generator Attendee",
          "fullFile": "/home/runner/work/ical-generator/ical-generator/test/attendee.ts",
          "file": "/test/attendee.ts",
          "beforeHooks": [],
          "afterHooks": [],
          "tests": [],
          "suites": [
            {
              "uuid": "0605d941-70b9-41c1-a51e-2c1a79a76cc1",
              "title": "constructor()",
              "fullFile": "/home/runner/work/ical-generator/ical-generator/test/attendee.ts",
              "file": "/test/attendee.ts",
              "beforeHooks": [],
              "afterHooks": [],
              "tests": [
                {
                  "title": "shoud set data from constructor",
                  "fullTitle": "ical-generator Attendee constructor() shoud set data from constructor",
                  "timedOut": false,
                  "duration": 0,
                  "state": "passed",
                  "speed": "fast",
                  "pass": true,
                  "fail": false,
                  "pending": false,
                  "context": null,
                  "code": "const data={delegatedFrom:null,delegatedTo:null,email:\"john@example.org\",mailto:\"john+calendar@example.org\",name:\"John Doe\",role:import_attendee.ICalAttendeeRole.REQ,rsvp:false,scheduleAgent:import_attendee.ICalAttendeeScheduleAgent.CLIENT,sentBy:null,status:import_attendee.ICalAttendeeStatus.ACCEPTED,type:import_attendee.ICalAttendeeType.INDIVIDUAL,x:[]};const event=new import_attendee.default(data,new import_event.default({start:new Date},new import_calendar.default));import_assert.default.deepStrictEqual(event.toJSON(),data)",
                  "err": {},
                  "uuid": "4978c304-8566-4386-9d8d-387328e9a600",
                  "parentUUID": "0605d941-70b9-41c1-a51e-2c1a79a76cc1",
                  "isHook": false,
                  "skipped": false
                },
                {
                  "title": "shouldn't work without event reference",
                  "fullTitle": "ical-generator Attendee constructor() shouldn't work without event reference",
                  "timedOut": false,
                  "duration": 0,
                  "state": "passed",
                  "speed": "fast",
                  "pass": true,
                  "fail": false,
                  "pending": false,
                  "context": null,
                  "code": "import_assert.default.throws(function(){new import_attendee.default({email:\"foo@bar.com\"})},/`event`/)",
                  "err": {},
                  "uuid": "3c779806-50df-4210-9fe9-4830745fbc9b",
                  "parentUUID": "0605d941-70b9-41c1-a51e-2c1a79a76cc1",
                  "isHook": false,
                  "skipped": false
                },
                {
                  "title": "should throw an error without email",
                  "fullTitle": "ical-generator Attendee constructor() should throw an error without email",
                  "timedOut": false,
                  "duration": 0,
                  "state": "passed",
                  "speed": "fast",
                  "pass": true,
                  "fail": false,
                  "pending": false,
                  "context": null,
                  "code": "import_assert.default.throws(function(){new import_attendee.default({name:\"Testuser\"},new import_event.default({start:new Date},new import_calendar.default))},/`email`/)",
                  "err": {},
                  "uuid": "5cae3c6d-641d-41bc-8f1c-de8858f77d85",
                  "parentUUID": "0605d941-70b9-41c1-a51e-2c1a79a76cc1",
                  "isHook": false,
                  "skipped": false
                }
              ],
              "suites": [],
              "passes": [
                "4978c304-8566-4386-9d8d-387328e9a600",
                "3c779806-50df-4210-9fe9-4830745fbc9b",
                "5cae3c6d-641d-41bc-8f1c-de8858f77d85"
              ],
              "failures": [],
              "pending": [],
              "skipped": [],
              "duration": 0,
              "root": false,
              "rootEmpty": false,
              "_timeout": 2000
            },
            {
              "uuid": "e632a72b-d2e6-4cc9-ac01-20deed346f0f",
              "title": "name()",
              "fullFile": "/home/runner/work/ical-generator/ical-generator/test/attendee.ts",
              "file": "/test/attendee.ts",
              "beforeHooks": [],
              "afterHooks": [],
              "tests": [
                {
                  "title": "getter should return value",
                  "fullTitle": "ical-generator Attendee name() getter should return value",
                  "timedOut": false,
                  "duration": 0,
                  "state": "passed",
                  "speed": "fast",
                  "pass": true,
                  "fail": false,
                  "pending": false,
                  "context": null,
                  "code": "const a=new import_attendee.default({email:\"foo@example.com\"},new import_event.default({start:new Date},new import_calendar.default));import_assert.default.strictEqual(a.name(),null);a.name(\"Sebastian\");import_assert.default.strictEqual(a.name(),\"Sebastian\")",
                  "err": {},
                  "uuid": "05fbd6f0-cee5-42d7-80d4-931464d4ba87",
[...]
                  "title": "Luxon",
                  "fullFile": "/home/runner/work/ical-generator/ical-generator/test/tools.ts",
                  "file": "/test/tools.ts",
                  "beforeHooks": [],
                  "afterHooks": [],
                  "tests": [
                    {
                      "title": "should work with valid Luxon",
                      "fullTitle": "ICalTools checkDate() Luxon should work with valid Luxon",
                      "timedOut": false,
                      "duration": 0,
                      "state": "passed",
                      "speed": "fast",
                      "pass": true,
                      "fail": false,
                      "pending": false,
                      "context": null,
                      "code": "const date=import_luxon.DateTime.now();import_assert.default.equal((0,import_tools.checkDate)(date,\"foo\"),date)",
                      "err": {},
                      "uuid": "2522d919-3ed5-44c5-ac90-7272faeb2762",
                      "parentUUID": "2f83ce06-5fad-4013-b54e-1c244c6f03c6",
                      "isHook": false,
                      "skipped": false
                    },
                    {
                      "title": "should throw error for invalid Luxon",
                      "fullTitle": "ICalTools checkDate() Luxon should throw error for invalid Luxon",
                      "timedOut": false,
                      "duration": 0,
                      "state": "passed",
                      "speed": "fast",
                      "pass": true,
                      "fail": false,
                      "pending": false,
                      "context": null,
                      "code": "const date=import_luxon.DateTime.fromISO(\"foo\");import_assert.default.throws(()=>{(0,import_tools.checkDate)(date,\"foo\")},/`foo` has to be a valid date!/)",
                      "err": {},
                      "uuid": "017c7b15-5a3c-44da-a3fb-0f395f4164a6",
                      "parentUUID": "2f83ce06-5fad-4013-b54e-1c244c6f03c6",
                      "isHook": false,
                      "skipped": false
                    }
                  ],
                  "suites": [],
                  "passes": [
                    "2522d919-3ed5-44c5-ac90-7272faeb2762",
                    "017c7b15-5a3c-44da-a3fb-0f395f4164a6"
                  ],
                  "failures": [],
                  "pending": [],
                  "skipped": [],
                  "duration": 0,
                  "root": false,
                  "rootEmpty": false,
                  "_timeout": 2000
                },
                {
                  "uuid": "00185308-9253-431c-813b-1372aefaae11",
                  "title": "Moment",
                  "fullFile": "/home/runner/work/ical-generator/ical-generator/test/tools.ts",
                  "file": "/test/tools.ts",
                  "beforeHooks": [],
                  "afterHooks": [],
                  "tests": [
                    {
                      "title": "should work with valid Moment",
                      "fullTitle": "ICalTools checkDate() Moment should work with valid Moment",
                      "timedOut": false,
                      "duration": 0,
                      "state": "passed",
                      "speed": "fast",
                      "pass": true,
                      "fail": false,
                      "pending": false,
                      "context": null,
                      "code": "const date=(0,import_moment.default)();import_assert.default.equal((0,import_tools.checkDate)(date,\"foo\"),date)",
                      "err": {},
                      "uuid": "d51e0073-ba99-49b8-8930-5d4e5a12a6cd",
                      "parentUUID": "00185308-9253-431c-813b-1372aefaae11",
                      "isHook": false,
                      "skipped": false
                    },
                    {
                      "title": "should throw error for invalid Moment",
                      "fullTitle": "ICalTools checkDate() Moment should throw error for invalid Moment",
                      "timedOut": false,
                      "duration": 0,
                      "state": "passed",
                      "speed": "fast",
                      "pass": true,
                      "fail": false,
                      "pending": false,
                      "context": null,
                      "code": "const date=(0,import_moment.default)(\"foo\",\"MM/DD/YYYY\",true);import_assert.default.throws(()=>{(0,import_tools.checkDate)(date,\"foo\")},/`foo` has to be a valid date!/)",
                      "err": {},
                      "uuid": "448c4dfa-8db7-4752-87cf-0bb861c7e8ff",
                      "parentUUID": "00185308-9253-431c-813b-1372aefaae11",
                      "isHook": false,
                      "skipped": false
                    }
                  ],
                  "suites": [],
                  "passes": [
                    "d51e0073-ba99-49b8-8930-5d4e5a12a6cd",
                    "448c4dfa-8db7-4752-87cf-0bb861c7e8ff"
                  ],
                  "failures": [],
                  "pending": [],
                  "skipped": [],
                  "duration": 0,
                  "root": false,
                  "rootEmpty": false,
                  "_timeout": 2000
                },
                {
                  "uuid": "4c40eff3-3a4b-4403-a46e-cede6cf4dcc9",
                  "title": "Day.js",
                  "fullFile": "/home/runner/work/ical-generator/ical-generator/test/tools.ts",
                  "file": "/test/tools.ts",
                  "beforeHooks": [],
                  "afterHooks": [],
                  "tests": [
                    {
                      "title": "should work with valid Day.js",
                      "fullTitle": "ICalTools checkDate() Day.js should work with valid Day.js",
                      "timedOut": false,
                      "duration": 0,
                      "state": "passed",
                      "speed": "fast",
                      "pass": true,
                      "fail": false,
                      "pending": false,
                      "context": null,
                      "code": "const date=(0,import_dayjs.default)();import_assert.default.equal((0,import_tools.checkDate)(date,\"foo\"),date)",
                      "err": {},
                      "uuid": "9761ff86-823e-415a-9fb8-25d5cb48fb8e",
                      "parentUUID": "4c40eff3-3a4b-4403-a46e-cede6cf4dcc9",
                      "isHook": false,
                      "skipped": false
                    },
                    {
                      "title": "should throw error for invalid Day.js",
                      "fullTitle": "ICalTools checkDate() Day.js should throw error for invalid Day.js",
                      "timedOut": false,
                      "duration": 0,
                      "state": "passed",
                      "speed": "fast",
                      "pass": true,
                      "fail": false,
                      "pending": false,
                      "context": null,
                      "code": "const date=(0,import_dayjs.default)(\"foo\");import_assert.default.throws(()=>{(0,import_tools.checkDate)(date,\"foo\")},/`foo` has to be a valid date!/)",
                      "err": {},
                      "uuid": "4178c15b-a7d1-4f51-a4ea-9256631ea724",
                      "parentUUID": "4c40eff3-3a4b-4403-a46e-cede6cf4dcc9",
                      "isHook": false,
                      "skipped": false
                    }
                  ],
                  "suites": [],
                  "passes": [
                    "9761ff86-823e-415a-9fb8-25d5cb48fb8e",
                    "4178c15b-a7d1-4f51-a4ea-9256631ea724"
                  ],
                  "failures": [],
                  "pending": [],
                  "skipped": [],
                  "duration": 0,
                  "root": false,
                  "rootEmpty": false,
                  "_timeout": 2000
                }
              ],
              "passes": [],
              "failures": [],
              "pending": [],
              "skipped": [],
              "duration": 0,
              "root": false,
              "rootEmpty": false,
              "_timeout": 2000
            },
            {
              "uuid": "870f463f-ce6e-4c5e-bf00-818a787e9843",
              "title": "toDate()",
              "fullFile": "/home/runner/work/ical-generator/ical-generator/test/tools.ts",
              "file": "/test/tools.ts",
              "beforeHooks": [],
              "afterHooks": [],
              "tests": [
                {
                  "title": "should work with strings",
                  "fullTitle": "ICalTools toDate() should work with strings",
                  "timedOut": false,
                  "duration": 0,
                  "state": "passed",
                  "speed": "fast",
                  "pass": true,
                  "fail": false,
                  "pending": false,
                  "context": null,
                  "code": "const date=new Date;import_assert.default.deepStrictEqual((0,import_tools.toDate)(date.toJSON()),date)",
                  "err": {},
                  "uuid": "a0c92e06-b016-4929-887f-946b7628719c",
                  "parentUUID": "870f463f-ce6e-4c5e-bf00-818a787e9843",
                  "isHook": false,
                  "skipped": false
                },
                {
                  "title": "should work with native Date",
                  "fullTitle": "ICalTools toDate() should work with native Date",
                  "timedOut": false,
                  "duration": 0,
                  "state": "passed",
                  "speed": "fast",
                  "pass": true,
                  "fail": false,
                  "pending": false,
                  "context": null,
                  "code": "const date=new Date;import_assert.default.deepStrictEqual((0,import_tools.toDate)(date),date)",
                  "err": {},
                  "uuid": "500ba547-d7d1-4903-ae80-61cd5d029203",
                  "parentUUID": "870f463f-ce6e-4c5e-bf00-818a787e9843",
                  "isHook": false,
                  "skipped": false
                },
                {
                  "title": "should work with moment object",
                  "fullTitle": "ICalTools toDate() should work with moment object",
                  "timedOut": false,
                  "duration": 0,
                  "state": "passed",
                  "speed": "fast",
                  "pass": true,
                  "fail": false,
                  "pending": false,
                  "context": null,
                  "code": "const date=new Date;import_assert.default.deepStrictEqual((0,import_tools.toDate)((0,import_moment.default)(date)),date)",
                  "err": {},
                  "uuid": "fb8e65af-1a47-4b96-a765-999c1aaa4c95",
                  "parentUUID": "870f463f-ce6e-4c5e-bf00-818a787e9843",
                  "isHook": false,
                  "skipped": false
                },
                {
                  "title": "should work with moment-timezone object",
                  "fullTitle": "ICalTools toDate() should work with moment-timezone object",
                  "timedOut": false,
                  "duration": 1,
                  "state": "passed",
                  "speed": "fast",
                  "pass": true,
                  "fail": false,
                  "pending": false,
                  "context": null,
                  "code": "const date=new Date;import_assert.default.deepStrictEqual((0,import_tools.toDate)((0,import_moment_timezone.default)(date)),date)",
                  "err": {},
                  "uuid": "061c066e-86ad-4f48-896d-09ed7a8c4b91",
                  "parentUUID": "870f463f-ce6e-4c5e-bf00-818a787e9843",
                  "isHook": false,
                  "skipped": false
                },
                {
                  "title": "should work with Day.js object",
                  "fullTitle": "ICalTools toDate() should work with Day.js object",
                  "timedOut": false,
                  "duration": 0,
                  "state": "passed",
                  "speed": "fast",
                  "pass": true,
                  "fail": false,
                  "pending": false,
                  "context": null,
                  "code": "const date=new Date;import_assert.default.deepStrictEqual((0,import_tools.toDate)((0,import_dayjs.default)(date)),date)",
                  "err": {},
                  "uuid": "e967ddf4-021c-431d-98ca-4fca8ce21b7b",
                  "parentUUID": "870f463f-ce6e-4c5e-bf00-818a787e9843",
                  "isHook": false,
                  "skipped": false
                },
                {
                  "title": "should work with luxon DateTime object",
                  "fullTitle": "ICalTools toDate() should work with luxon DateTime object",
                  "timedOut": false,
                  "duration": 0,
                  "state": "passed",
                  "speed": "fast",
                  "pass": true,
                  "fail": false,
                  "pending": false,
                  "context": null,
                  "code": "const date=new Date;import_assert.default.deepStrictEqual((0,import_tools.toDate)(import_luxon.DateTime.fromJSDate(date)),date)",
                  "err": {},
                  "uuid": "189886d9-e46f-41ca-8f30-25ebd0adb15f",
                  "parentUUID": "870f463f-ce6e-4c5e-bf00-818a787e9843",
                  "isHook": false,
                  "skipped": false
                }
              ],
              "suites": [],
              "passes": [
                "a0c92e06-b016-4929-887f-946b7628719c",
                "500ba547-d7d1-4903-ae80-61cd5d029203",
                "fb8e65af-1a47-4b96-a765-999c1aaa4c95",
                "061c066e-86ad-4f48-896d-09ed7a8c4b91",
                "e967ddf4-021c-431d-98ca-4fca8ce21b7b",
                "189886d9-e46f-41ca-8f30-25ebd0adb15f"
              ],
              "failures": [],
              "pending": [],
              "skipped": [],
              "duration": 1,
              "root": false,
              "rootEmpty": false,
              "_timeout": 2000
            },
            {
              "uuid": "7011932d-975c-4706-bf62-b9b14e9caf54",
              "title": "toDurationString()",
              "fullFile": "/home/runner/work/ical-generator/ical-generator/test/tools.ts",
              "file": "/test/tools.ts",
              "beforeHooks": [],
              "afterHooks": [],
              "tests": [
                {
                  "title": "should work",
                  "fullTitle": "ICalTools toDurationString() should work",
                  "timedOut": false,
                  "duration": 0,
                  "state": "passed",
                  "speed": "fast",
                  "pass": true,
                  "fail": false,
                  "pending": false,
                  "context": null,
                  "code": "import_assert.default.strictEqual((0,import_tools.toDurationString)(0),\"PT0S\");import_assert.default.strictEqual((0,import_tools.toDurationString)(1),\"PT1S\");import_assert.default.strictEqual((0,import_tools.toDurationString)(60),\"PT1M\");import_assert.default.strictEqual((0,import_tools.toDurationString)(3600),\"PT1H\");import_assert.default.strictEqual((0,import_tools.toDurationString)(86400),\"P1D\");import_assert.default.strictEqual((0,import_tools.toDurationString)(-3600),\"-PT1H\")",
                  "err": {},
                  "uuid": "9e886114-fabd-4dcf-adec-58cb4e772748",
                  "parentUUID": "7011932d-975c-4706-bf62-b9b14e9caf54",
                  "isHook": false,
                  "skipped": false
                }
              ],
              "suites": [],
              "passes": [
                "9e886114-fabd-4dcf-adec-58cb4e772748"
              ],
              "failures": [],
              "pending": [],
              "skipped": [],
              "duration": 0,
              "root": false,
              "rootEmpty": false,
              "_timeout": 2000
            }
          ],
          "passes": [],
          "failures": [],
          "pending": [],
          "skipped": [],
          "duration": 0,
          "root": false,
          "rootEmpty": false,
          "_timeout": 2000
        },
        {
          "uuid": "0e264612-83fb-4327-b526-80f9d71594c7",
          "title": "ical-generator Types",
          "fullFile": "/home/runner/work/ical-generator/ical-generator/test/types.ts",
          "file": "/test/types.ts",
          "beforeHooks": [],
          "afterHooks": [],
          "tests": [
            {
              "title": "stubs should be compatible with third party libraries",
              "fullTitle": "ical-generator Types stubs should be compatible with third party libraries",
              "timedOut": false,
              "duration": 0,
              "state": "passed",
              "speed": "fast",
              "pass": true,
              "fail": false,
              "pending": false,
              "context": null,
              "code": "assert.ok(dayJsTest,\"day.js stub should be compatible\");assert.ok(luxonTest,\"luxon stub should be compatible\");assert.ok(momentTest,\"moment stub should be compatible\");assert.ok(momentTimezoneTest,\"moment-timezone stub should be compatible\");assert.ok(rruleTest,\"rrule stub should be compatible\");assert.ok(dateFnsTzTest,\"date-fns/tz stub should be compatible\")",
              "err": {},
              "uuid": "e89635b5-ee0c-42b5-8cb0-b04c2dcef596",
              "parentUUID": "0e264612-83fb-4327-b526-80f9d71594c7",
              "isHook": false,
              "skipped": false
            },
            {
              "title": "calendar data should be compatible with calendar json data",
              "fullTitle": "ical-generator Types calendar data should be compatible with calendar json data",
              "timedOut": false,
              "duration": 0,
              "state": "passed",
              "speed": "fast",
              "pass": true,
              "fail": false,
              "pending": false,
              "context": null,
              "code": "assert.ok(attendeeJson,\"attendee json data should be compatible\");assert.ok(calendarJson,\"calendar json data should be compatible\");assert.ok(categoryJson,\"category json data should be compatible\");assert.ok(eventJson,\"event json data should be compatible\")",
              "err": {},
              "uuid": "41eb2e5f-f28c-427d-bb6a-2c0c949891a9",
              "parentUUID": "0e264612-83fb-4327-b526-80f9d71594c7",
              "isHook": false,
              "skipped": false
            }
          ],
          "suites": [],
          "passes": [
            "e89635b5-ee0c-42b5-8cb0-b04c2dcef596",
            "41eb2e5f-f28c-427d-bb6a-2c0c949891a9"
          ],
          "failures": [],
          "pending": [],
          "skipped": [],
          "duration": 0,
          "root": false,
          "rootEmpty": false,
          "_timeout": 2000
        }
      ],
      "passes": [],
      "failures": [],
      "pending": [],
      "skipped": [],
      "duration": 0,
      "root": true,
      "rootEmpty": true,
      "_timeout": 2000
    }
  ],
  "meta": {
    "mocha": {
      "version": "11.7.1"
    },
    "mochawesome": {
      "options": {
        "quiet": false,
        "reportFilename": "mochawesome",
        "saveHtml": true,
        "saveJson": true,
        "consoleReporter": "spec",
        "useInlineDiffs": false,
        "code": true
      },
      "version": "7.1.3"
    },
    "marge": {
      "options": null,
      "version": "6.2.0"
    }
  }
}