{
  "stats": {
    "suites": 131,
    "tests": 447,
    "passes": 445,
    "pending": 2,
    "failures": 0,
    "start": "2025-04-23T17:59:37.832Z",
    "end": "2025-04-23T17:59:37.991Z",
    "duration": 159,
    "testsRegistered": 447,
    "passPercent": 100,
    "pendingPercent": 0.44742729306487694,
    "other": 0,
    "hasOther": false,
    "skipped": 0,
    "hasSkipped": false
  },
  "results": [
    {
      "uuid": "4b23aa67-b8b9-4249-9cc4-df685c8d4a2a",
      "title": "",
      "fullFile": "",
      "file": "",
      "beforeHooks": [],
      "afterHooks": [],
      "tests": [],
      "suites": [
        {
          "uuid": "b79c430e-21c7-470d-88ac-5ca2dcbeae89",
          "title": "ical-generator Alarm",
          "fullFile": "/home/runner/work/ical-generator/ical-generator/test/alarm.ts",
          "file": "/test/alarm.ts",
          "beforeHooks": [],
          "afterHooks": [],
          "tests": [],
          "suites": [
            {
              "uuid": "b77abe2d-294d-452a-8832-1d195b51e1fb",
              "title": "constructor()",
              "fullFile": "/home/runner/work/ical-generator/ical-generator/test/alarm.ts",
              "file": "/test/alarm.ts",
              "beforeHooks": [],
              "afterHooks": [],
              "tests": [
                {
                  "title": "shouldn't work without event reference",
                  "fullTitle": "ical-generator Alarm constructor() shouldn't work without event reference",
                  "timedOut": false,
                  "duration": 1,
                  "state": "passed",
                  "speed": "fast",
                  "pass": true,
                  "fail": false,
                  "pending": false,
                  "context": null,
                  "code": "assert.throws(function(){new ICalAlarm({type:ICalAlarmType.display},null)},/`event`/)",
                  "err": {},
                  "uuid": "7ed17d96-2deb-4a65-ad99-fe37cd9e40a6",
                  "parentUUID": "b77abe2d-294d-452a-8832-1d195b51e1fb",
                  "isHook": false,
                  "skipped": false
                },
                {
                  "title": "should ignore unknown data attributes",
                  "fullTitle": "ical-generator Alarm constructor() should ignore unknown data attributes",
                  "timedOut": false,
                  "duration": 1,
                  "state": "passed",
                  "speed": "fast",
                  "pass": true,
                  "fail": false,
                  "pending": false,
                  "context": null,
                  "code": "const a=new ICalAlarm({unknown:true,type:ICalAlarmType.display},new ICalEvent({start:new Date},new ICalCalendar));assert.strictEqual(a.type(),\"display\")",
                  "err": {},
                  "uuid": "a691c74c-aa44-4aac-81b4-051690799238",
                  "parentUUID": "b77abe2d-294d-452a-8832-1d195b51e1fb",
                  "isHook": false,
                  "skipped": false
                }
              ],
              "suites": [],
              "passes": [
                "7ed17d96-2deb-4a65-ad99-fe37cd9e40a6",
                "a691c74c-aa44-4aac-81b4-051690799238"
              ],
              "failures": [],
              "pending": [],
              "skipped": [],
              "duration": 2,
              "root": false,
              "rootEmpty": false,
              "_timeout": 2000
            },
            {
              "uuid": "3b0cedbc-a2d6-4b6d-895f-18850457e62d",
              "title": "type()",
              "fullFile": "/home/runner/work/ical-generator/ical-generator/test/alarm.ts",
              "file": "/test/alarm.ts",
              "beforeHooks": [],
              "afterHooks": [],
              "tests": [
                {
                  "title": "setter should return this",
                  "fullTitle": "ical-generator Alarm type() setter should return this",
                  "timedOut": false,
                  "duration": 0,
                  "state": "passed",
                  "speed": "fast",
                  "pass": true,
                  "fail": false,
                  "pending": false,
                  "context": null,
                  "code": "const a=new ICalAlarm({},new ICalEvent({start:new Date},new ICalCalendar));assert.deepStrictEqual(a,a.type(ICalAlarmType.display))",
                  "err": {},
                  "uuid": "7fa3419f-a92b-4318-bcc5-4f407a716acb",
                  "parentUUID": "3b0cedbc-a2d6-4b6d-895f-18850457e62d",
                  "isHook": false,
                  "skipped": false
                },
                {
                  "title": "getter should return value",
                  "fullTitle": "ical-generator Alarm type() getter should return value",
                  "timedOut": false,
                  "duration": 0,
                  "state": "passed",
                  "speed": "fast",
                  "pass": true,
                  "fail": false,
                  "pending": false,
                  "context": null,
                  "code": "const a=new ICalAlarm({},new ICalEvent({start:new Date},new ICalCalendar));assert.strictEqual(a.type(),\"display\");a.type(ICalAlarmType.audio);assert.strictEqual(a.type(),\"audio\")",
                  "err": {},
                  "uuid": "fdf07a6a-d653-48d7-a8e7-71eef5f942f6",
                  "parentUUID": "3b0cedbc-a2d6-4b6d-895f-18850457e62d",
                  "isHook": false,
                  "skipped": false
                },
                {
                  "title": "should throw error when type not allowed",
                  "fullTitle": "ical-generator Alarm type() should throw error when type not allowed",
                  "timedOut": false,
                  "duration": 0,
                  "state": "passed",
                  "speed": "fast",
                  "pass": true,
                  "fail": false,
                  "pending": false,
                  "context": null,
                  "code": "const a=new ICalAlarm({},new ICalEvent({start:new Date},new ICalCalendar));assert.throws(function(){a.type(\"BANANA\")},/`type`/);assert.throws(function(){a.type(null)},/`type`/)",
                  "err": {},
                  "uuid": "dc3c1a7c-a967-4f26-b6c4-ddb4a439600e",
                  "parentUUID": "3b0cedbc-a2d6-4b6d-895f-18850457e62d",
                  "isHook": false,
                  "skipped": false
                },
                {
                  "title": "should change something",
                  "fullTitle": "ical-generator Alarm type() should change something",
                  "timedOut": false,
                  "duration": 1,
                  "state": "passed",
                  "speed": "fast",
                  "pass": true,
                  "fail": false,
                  "pending": false,
                  "context": null,
                  "code": "const a=new ICalAlarm({},new ICalEvent({start:new Date},new ICalCalendar));assert.ok(a.toString().indexOf(\"ACTION:DISPLAY\")>-1)",
                  "err": {},
                  "uuid": "98b44ffa-b381-4453-875c-e663a0c33898",
                  "parentUUID": "3b0cedbc-a2d6-4b6d-895f-18850457e62d",
                  "isHook": false,
                  "skipped": false
                }
              ],
              "suites": [],
              "passes": [
                "7fa3419f-a92b-4318-bcc5-4f407a716acb",
                "fdf07a6a-d653-48d7-a8e7-71eef5f942f6",
                "dc3c1a7c-a967-4f26-b6c4-ddb4a439600e",
                "98b44ffa-b381-4453-875c-e663a0c33898"
              ],
              "failures": [],
              "pending": [],
              "skipped": [],
              "duration": 1,
              "root": false,
              "rootEmpty": false,
              "_timeout": 2000
            },
            {
              "uuid": "d25683ca-7fdd-4568-a383-d73089986bab",
              "title": "trigger()",
              "fullFile": "/home/runner/work/ical-generator/ical-generator/test/alarm.ts",
              "file": "/test/alarm.ts",
              "beforeHooks": [],
              "afterHooks": [],
              "tests": [
                {
                  "title": "setter should return this",
                  "fullTitle": "ical-generator Alarm trigger() setter should return this",
                  "timedOut": false,
                  "duration": 0,
                  "state": "passed",
                  "speed": "fast",
                  "pass": true,
                  "fail": false,
                  "pending": false,
                  "context": null,
                  "code": "const a=new ICalAlarm({},new ICalEvent({start:new Date},new ICalCalendar));assert.deepStrictEqual(a,a.trigger(60*10))",
                  "err": {},
                  "uuid": "5991fd5a-7325-4d09-81e4-ac1fee572d39",
                  "parentUUID": "d25683ca-7fdd-4568-a383-d73089986bab",
                  "isHook": false,
                  "skipped": false
                },
                {
                  "title": "getter should return value",
                  "fullTitle": "ical-generator Alarm trigger() getter should return value",
                  "timedOut": false,
                  "duration": 0,
                  "state": "passed",
                  "speed": "fast",
                  "pass": true,
                  "fail": false,
                  "pending": false,
                  "context": null,
                  "code": "const a=new ICalAlarm({},new ICalEvent({start:new Date},new ICalCalendar));const now=new Date;assert.strictEqual(a.trigger(),600);assert.strictEqual(a.triggerAfter(),-600);a.trigger(300);assert.strictEqual(a.trigger(),300);assert.strictEqual(a.triggerAfter(),-300);a.trigger(now);const dateResult=a.trigger();assert.deepStrictEqual(dateResult,now)",
                  "err": {},
                  "uuid": "951aceda-d692-4f7a-a769-33add97bb12c",
                  "parentUUID": "d25683ca-7fdd-4568-a383-d73089986bab",
                  "isHook": false,
                  "skipped": false
                },
                {
                  "title": "should throw error when trigger not allowed",
                  "fullTitle": "ical-generator Alarm trigger() should throw error when trigger not allowed",
                  "timedOut": false,
                  "duration": 1,
                  "state": "passed",
                  "speed": "fast",
                  "pass": true,
                  "fail": false,
                  "pending": false,
                  "context": null,
                  "code": "const a=new ICalAlarm({},new ICalEvent({start:new Date},new ICalCalendar));assert.throws(function(){a.trigger(Infinity)},/`trigger`/);assert.throws(function(){a.trigger(\"hi\")},/`trigger`/);assert.throws(function(){a.trigger(true)},/`trigger`/)",
                  "err": {},
                  "uuid": "fed95709-8982-4651-aa08-a7d13a57e160",
                  "parentUUID": "d25683ca-7fdd-4568-a383-d73089986bab",
                  "isHook": false,
                  "skipped": false
                },
                {
                  "title": "setter should work with date",
                  "fullTitle": "ical-generator Alarm trigger() setter should work with date",
                  "timedOut": false,
                  "duration": 0,
                  "state": "passed",
                  "speed": "fast",
                  "pass": true,
                  "fail": false,
                  "pending": false,
                  "context": null,
                  "code": "const a=new ICalAlarm({},new ICalEvent({start:new Date},new ICalCalendar));a.trigger(new Date);assert.ok(a.trigger()instanceof Date)",
                  "err": {},
                  "uuid": "1c502c2a-6870-47df-9584-e63924ef5d26",
                  "parentUUID": "d25683ca-7fdd-4568-a383-d73089986bab",
                  "isHook": false,
                  "skipped": false
                },
                {
                  "title": "setter should work with moment instance",
                  "fullTitle": "ical-generator Alarm trigger() setter should work with moment instance",
                  "timedOut": false,
                  "duration": 0,
                  "state": "passed",
                  "speed": "fast",
                  "pass": true,
                  "fail": false,
                  "pending": false,
                  "context": null,
                  "code": "const a=new ICalAlarm({},new ICalEvent({start:new Date},new ICalCalendar));a.trigger(moment());assert.ok(moment.isMoment(a.trigger()))",
                  "err": {},
                  "uuid": "a85b3dfc-5793-4a47-8c7e-bffe426315a5",
                  "parentUUID": "d25683ca-7fdd-4568-a383-d73089986bab",
                  "isHook": false,
                  "skipped": false
                },
                {
                  "title": "setter should work with number",
                  "fullTitle": "ical-generator Alarm trigger() setter should work with number",
                  "timedOut": false,
                  "duration": 0,
                  "state": "passed",
                  "speed": "fast",
                  "pass": true,
                  "fail": false,
                  "pending": false,
                  "context": null,
                  "code": "const a=new ICalAlarm({},new ICalEvent({start:new Date},new ICalCalendar));a.trigger(2*60);assert.strictEqual(a.trigger(),120)",
                  "err": {},
                  "uuid": "71474ed0-8206-4d06-a0c7-d7098a8b86dc",
                  "parentUUID": "d25683ca-7fdd-4568-a383-d73089986bab",
                  "isHook": false,
                  "skipped": false
                },
                {
                  "title": "should change something",
                  "fullTitle": "ical-generator Alarm trigger() should change something",
                  "timedOut": false,
                  "duration": 2,
                  "state": "passed",
                  "speed": "fast",
                  "pass": true,
                  "fail": false,
                  "pending": false,
                  "context": null,
                  "code": "const trigger=moment(\"2015-02-01T13:38:45.000Z\");const a=new ICalAlarm({},new ICalEvent({start:new Date},new ICalCalendar));assert.ok(a.toString().includes(\"TRIGGER:-PT10M\"));a.trigger(trigger);assert.ok(a.toString().includes(\"TRIGGER;VALUE=DATE-TIME:20150201T133845Z\"))",
                  "err": {},
                  "uuid": "4e2fe8e5-7bf1-4695-9a5f-932b69327aa2",
                  "parentUUID": "d25683ca-7fdd-4568-a383-d73089986bab",
                  "isHook": false,
                  "skipped": false
                }
              ],
              "suites": [],
              "passes": [
                "5991fd5a-7325-4d09-81e4-ac1fee572d39",
                "951aceda-d692-4f7a-a769-33add97bb12c",
                "fed95709-8982-4651-aa08-a7d13a57e160",
                "1c502c2a-6870-47df-9584-e63924ef5d26",
                "a85b3dfc-5793-4a47-8c7e-bffe426315a5",
                "71474ed0-8206-4d06-a0c7-d7098a8b86dc",
                "4e2fe8e5-7bf1-4695-9a5f-932b69327aa2"
              ],
              "failures": [],
              "pending": [],
              "skipped": [],
              "duration": 3,
              "root": false,
              "rootEmpty": false,
              "_timeout": 2000
            },
            {
              "uuid": "3c6e6319-2c9d-4b8b-8f58-778e07360722",
              "title": "triggerAfter()",
              "fullFile": "/home/runner/work/ical-generator/ical-generator/test/alarm.ts",
              "file": "/test/alarm.ts",
              "beforeHooks": [],
              "afterHooks": [],
              "tests": [
                {
                  "title": "setter should return this",
                  "fullTitle": "ical-generator Alarm triggerAfter() setter should return this",
                  "timedOut": false,
                  "duration": 0,
                  "state": "passed",
                  "speed": "fast",
                  "pass": true,
                  "fail": false,
                  "pending": false,
                  "context": null,
                  "code": "const a=new ICalAlarm({},new ICalEvent({start:new Date},new ICalCalendar));assert.deepStrictEqual(a,a.triggerAfter(60*10))",
                  "err": {},
                  "uuid": "ca75ca92-644a-4235-a083-ed1b80e6781f",
                  "parentUUID": "3c6e6319-2c9d-4b8b-8f58-778e07360722",
                  "isHook": false,
                  "skipped": false
                },
                {
                  "title": "getter should return value",
                  "fullTitle": "ical-generator Alarm triggerAfter() getter should return value",
                  "timedOut": false,
                  "duration": 0,
                  "state": "passed",
                  "speed": "fast",
                  "pass": true,
                  "fail": false,
                  "pending": false,
                  "context": null,
                  "code": "const a=new ICalAlarm({},new ICalEvent({start:new Date},new ICalCalendar)).triggerAfter(300);assert.strictEqual(a.triggerAfter(),300);assert.strictEqual(a.trigger(),-300)",
                  "err": {},
                  "uuid": "065c6865-6f69-442b-aa18-b9325a9246a9",
                  "parentUUID": "3c6e6319-2c9d-4b8b-8f58-778e07360722",
                  "isHook": false,
                  "skipped": false
                },
                {
                  "title": "setter should work with number",
                  "fullTitle": "ical-generator Alarm triggerAfter() setter should work with number",
                  "timedOut": false,
                  "duration": 0,
                  "state": "passed",
                  "speed": "fast",
                  "pass": true,
                  "fail": false,
                  "pending": false,
                  "context": null,
                  "code": "const a=new ICalAlarm({},new ICalEvent({start:new Date},new ICalCalendar));a.triggerAfter(120);assert.strictEqual(a.trigger(),-120)",
                  "err": {},
                  "uuid": "b27b4ca6-a1c3-46e5-bd57-f6da6a2ab827",
                  "parentUUID": "3c6e6319-2c9d-4b8b-8f58-778e07360722",
                  "isHook": false,
                  "skipped": false
                },
                {
                  "title": "setter should throw error when trigger not allowed",
                  "fullTitle": "ical-generator Alarm triggerAfter() setter should throw error when trigger not allowed",
                  "timedOut": false,
                  "duration": 0,
                  "state": "passed",
                  "speed": "fast",
                  "pass": true,
                  "fail": false,
                  "pending": false,
                  "context": null,
                  "code": "const a=new ICalAlarm({},new ICalEvent({start:new Date},new ICalCalendar));assert.throws(function(){a.triggerAfter(Infinity)},/`trigger`/);assert.throws(function(){a.triggerAfter(\"hi\")},/`trigger`/);assert.throws(function(){a.triggerAfter(true)},/`trigger`/)",
                  "err": {},
                  "uuid": "f750eebc-69f4-4052-94ab-cac676c175b0",
                  "parentUUID": "3c6e6319-2c9d-4b8b-8f58-778e07360722",
                  "isHook": false,
                  "skipped": false
                },
                {
                  "title": "should change something",
                  "fullTitle": "ical-generator Alarm triggerAfter() should change something",
                  "timedOut": false,
                  "duration": 1,
                  "state": "passed",
                  "speed": "fast",
                  "pass": true,
                  "fail": false,
                  "pending": false,
                  "context": null,
                  "code": "const trigger=moment(\"20150201T133845Z\");const a=new ICalAlarm({triggerAfter:600},new ICalEvent({start:new Date},new ICalCalendar));assert.ok(a.toString().indexOf(\"TRIGGER;RELATED=END:PT10M\")>-1);a.triggerAfter(trigger);assert.ok(a.toString().indexOf(\"TRIGGER;VALUE=DATE-TIME:20150201T133845Z\")>-1)",
                  "err": {},
                  "uuid": "7f9eb676-92a1-413b-81c9-145f7f6c53e1",
                  "parentUUID": "3c6e6319-2c9d-4b8b-8f58-778e07360722",
                  "isHook": false,
                  "skipped": false
                }
              ],
              "suites": [],
              "passes": [
                "ca75ca92-644a-4235-a083-ed1b80e6781f",
                "065c6865-6f69-442b-aa18-b9325a9246a9",
                "b27b4ca6-a1c3-46e5-bd57-f6da6a2ab827",
                "f750eebc-69f4-4052-94ab-cac676c175b0",
                "7f9eb676-92a1-413b-81c9-145f7f6c53e1"
              ],
              "failures": [],
              "pending": [],
              "skipped": [],
              "duration": 1,
              "root": false,
              "rootEmpty": false,
              "_timeout": 2000
            },
            {
              "uuid": "32f45090-0970-488f-9d4a-b6f76f97095c",
              "title": "triggerBefore()",
              "fullFile": "/home/runner/work/ical-generator/ical-generator/test/alarm.ts",
              "file": "/test/alarm.ts",
              "beforeHooks": [],
              "afterHooks": [],
              "tests": [
                {
                  "title": "setter should return this",
                  "fullTitle": "ical-generator Alarm triggerBefore() setter should return this",
                  "timedOut": false,
                  "duration": 0,
                  "state": "passed",
                  "speed": "fast",
                  "pass": true,
                  "fail": false,
                  "pending": false,
                  "context": null,
                  "code": "const a=new ICalAlarm({},new ICalEvent({start:new Date},new ICalCalendar));assert.deepStrictEqual(a,a.triggerBefore(60*10))",
                  "err": {},
                  "uuid": "1d13fa62-e08f-44da-8d25-173f5987838d",
                  "parentUUID": "32f45090-0970-488f-9d4a-b6f76f97095c",
                  "isHook": false,
                  "skipped": false
                },
                {
                  "title": "getter should return value",
                  "fullTitle": "ical-generator Alarm triggerBefore() getter should return value",
                  "timedOut": false,
                  "duration": 0,
                  "state": "passed",
                  "speed": "fast",
                  "pass": true,
                  "fail": false,
                  "pending": false,
                  "context": null,
                  "code": "const a=new ICalAlarm({},new ICalEvent({start:new Date},new ICalCalendar));const now=new Date;assert.strictEqual(a.triggerBefore(),600);a.trigger(300);assert.strictEqual(a.triggerBefore(),300);a.trigger(now);const dateResult=a.triggerBefore();assert.deepStrictEqual(dateResult,now)",
                  "err": {},
                  "uuid": "07538039-6e97-4170-9f14-52ddb9c7e0dc",
                  "parentUUID": "32f45090-0970-488f-9d4a-b6f76f97095c",
                  "isHook": false,
                  "skipped": false
                },
                {
                  "title": "should throw error when trigger not allowed",
                  "fullTitle": "ical-generator Alarm triggerBefore() should throw error when trigger not allowed",
                  "timedOut": false,
                  "duration": 0,
                  "state": "passed",
                  "speed": "fast",
                  "pass": true,
                  "fail": false,
                  "pending": false,
                  "context": null,
                  "code": "const a=new ICalAlarm({},new ICalEvent({start:new Date},new ICalCalendar));assert.throws(function(){a.triggerBefore(Infinity)},/`trigger`/);assert.throws(function(){a.triggerBefore(\"hi\")},/`trigger`/);assert.throws(function(){a.triggerBefore(true)},/`trigger`/)",
                  "err": {},
                  "uuid": "7be1b8a5-5423-4791-8897-5c6ed88cd784",
                  "parentUUID": "32f45090-0970-488f-9d4a-b6f76f97095c",
                  "isHook": false,
                  "skipped": false
                },
                {
                  "title": "setter should work with date",
                  "fullTitle": "ical-generator Alarm triggerBefore() setter should work with date",
                  "timedOut": false,
                  "duration": 0,
                  "state": "passed",
                  "speed": "fast",
                  "pass": true,
                  "fail": false,
                  "pending": false,
                  "context": null,
                  "code": "const a=new ICalAlarm({},new ICalEvent({start:new Date},new ICalCalendar));const now=new Date;a.triggerBefore(now);assert.deepStrictEqual(a.trigger(),now)",
                  "err": {},
                  "uuid": "1052eb8f-0444-4bc4-88dc-4d60da5fac80",
                  "parentUUID": "32f45090-0970-488f-9d4a-b6f76f97095c",
                  "isHook": false,
                  "skipped": false
                },
                {
                  "title": "setter should work with moment instance",
                  "fullTitle": "ical-generator Alarm triggerBefore() setter should work with moment instance",
                  "timedOut": false,
                  "duration": 0,
                  "state": "passed",
                  "speed": "fast",
                  "pass": true,
                  "fail": false,
                  "pending": false,
                  "context": null,
                  "code": "const a=new ICalAlarm({triggerBefore:moment()},new ICalEvent({start:new Date},new ICalCalendar));assert.ok(moment.isMoment(a.trigger()))",
                  "err": {},
                  "uuid": "e0ec543b-bc21-4924-b830-1fe4a43ecdc3",
                  "parentUUID": "32f45090-0970-488f-9d4a-b6f76f97095c",
                  "isHook": false,
                  "skipped": false
                },
                {
                  "title": "setter should work with number",
                  "fullTitle": "ical-generator Alarm triggerBefore() setter should work with number",
                  "timedOut": false,
                  "duration": 0,
                  "state": "passed",
                  "speed": "fast",
                  "pass": true,
                  "fail": false,
                  "pending": false,
                  "context": null,
                  "code": "const a=new ICalAlarm({},new ICalEvent({start:new Date},new ICalCalendar));a.triggerBefore(2*60);assert.strictEqual(a.trigger(),120)",
                  "err": {},
                  "uuid": "f09e7f8c-a4c0-433b-ae15-3e4b3d58d303",
                  "parentUUID": "32f45090-0970-488f-9d4a-b6f76f97095c",
                  "isHook": false,
                  "skipped": false
                },
                {
                  "title": "should change something",
                  "fullTitle": "ical-generator Alarm triggerBefore() should change something",
                  "timedOut": false,
                  "duration": 0,
                  "state": "passed",
                  "speed": "fast",
                  "pass": true,
                  "fail": false,
                  "pending": false,
                  "context": null,
                  "code": "const trigger=moment(\"2015-02-01T13:38:45.000Z\");const a=new ICalAlarm({},new ICalEvent({start:new Date},new ICalCalendar));assert.ok(a.toString().indexOf(\"TRIGGER:-PT10M\")>-1);a.triggerBefore(trigger);assert.ok(a.toString().indexOf(\"TRIGGER;VALUE=DATE-TIME:20150201T133845Z\")>-1)",
                  "err": {},
                  "uuid": "cf993aad-2da7-4866-8484-f0bf5df5876b",
                  "parentUUID": "32f45090-0970-488f-9d4a-b6f76f97095c",
                  "isHook": false,
                  "skipped": false
                }
              ],
              "suites": [],
              "passes": [
                "1d13fa62-e08f-44da-8d25-173f5987838d",
                "07538039-6e97-4170-9f14-52ddb9c7e0dc",
                "7be1b8a5-5423-4791-8897-5c6ed88cd784",
                "1052eb8f-0444-4bc4-88dc-4d60da5fac80",
                "e0ec543b-bc21-4924-b830-1fe4a43ecdc3",
                "f09e7f8c-a4c0-433b-ae15-3e4b3d58d303",
                "cf993aad-2da7-4866-8484-f0bf5df5876b"
              ],
              "failures": [],
              "pending": [],
              "skipped": [],
              "duration": 0,
              "root": false,
              "rootEmpty": false,
              "_timeout": 2000
            },
            {
              "uuid": "54f08e25-a09d-4759-8d7b-7d2eb20d5cc9",
              "title": "relatesTo()",
              "fullFile": "/home/runner/work/ical-generator/ical-generator/test/alarm.ts",
              "file": "/test/alarm.ts",
              "beforeHooks": [],
              "afterHooks": [],
              "tests": [
                {
                  "title": "setter should return this",
                  "fullTitle": "ical-generator Alarm relatesTo() setter should return this",
                  "timedOut": false,
                  "duration": 0,
                  "state": "passed",
                  "speed": "fast",
                  "pass": true,
                  "fail": false,
                  "pending": false,
                  "context": null,
                  "code": "const a=new ICalAlarm({},new ICalEvent({start:new Date},new ICalCalendar));assert.deepStrictEqual(a,a.relatesTo(null));assert.deepStrictEqual(a,a.relatesTo(ICalAlarmRelatesTo.end))",
                  "err": {},
                  "uuid": "10c5fed7-fbab-45c9-a2c2-266d8348c4d5",
                  "parentUUID": "54f08e25-a09d-4759-8d7b-7d2eb20d5cc9",
                  "isHook": false,
                  "skipped": false
                },
                {
                  "title": "getter should return value",
                  "fullTitle": "ical-generator Alarm relatesTo() getter should return value",
                  "timedOut": false,
                  "duration": 0,
                  "state": "passed",
                  "speed": "fast",
                  "pass": true,
                  "fail": false,
                  "pending": false,
                  "context": null,
                  "code": "const a=new ICalAlarm({},new ICalEvent({start:new Date},new ICalCalendar));a.relatesTo(ICalAlarmRelatesTo.end);assert.strictEqual(a.relatesTo(),ICalAlarmRelatesTo.end);a.relatesTo(null);assert.strictEqual(a.relatesTo(),null)",
                  "err": {},
                  "uuid": "ba83b2e7-588e-4689-9168-5c4bb6b329bc",
                  "parentUUID": "54f08e25-a09d-4759-8d7b-7d2eb20d5cc9",
                  "isHook": false,
                  "skipped": false
                },
                {
                  "title": "should throw if value is not `null`, \"START\" or \"END\"",
                  "fullTitle": "ical-generator Alarm relatesTo() should throw if value is not `null`, \"START\" or \"END\"",
                  "timedOut": false,
                  "duration": 0,
                  "state": "passed",
                  "speed": "fast",
                  "pass": true,
                  "fail": false,
                  "pending": false,
                  "context": null,
                  "code": "const a=new ICalAlarm({},new ICalEvent({start:new Date},new ICalCalendar));assert.throws(function(){a.relatesTo(\"hi\")},/`relatesTo`/);assert.throws(function(){a.relatesTo(true)},/`relatesTo`/);assert.throws(function(){a.relatesTo(Infinity)},/`relatesTo`/)",
                  "err": {},
                  "uuid": "668374f6-a186-444a-b777-86e8a0575d40",
                  "parentUUID": "54f08e25-a09d-4759-8d7b-7d2eb20d5cc9",
                  "isHook": false,
                  "skipped": false
                },
                {
                  "title": "should change RELATED",
                  "fullTitle": "ical-generator Alarm relatesTo() should change RELATED",
                  "timedOut": false,
                  "duration": 0,
                  "state": "passed",
                  "speed": "fast",
                  "pass": true,
                  "fail": false,
                  "pending": false,
                  "context": null,
                  "code": "const a=new ICalAlarm({},new ICalEvent({start:new Date},new ICalCalendar));assert.ok(a.toString().indexOf(\"RELATED=START\")===-1);a.relatesTo(ICalAlarmRelatesTo.start);assert.ok(a.toString().indexOf(\"RELATED=START\")>-1);a.relatesTo(ICalAlarmRelatesTo.end);assert.ok(a.toString().indexOf(\"RELATED=END\")>-1)",
                  "err": {},
                  "uuid": "dbba2e80-17b1-4476-8501-9def0e4484cd",
                  "parentUUID": "54f08e25-a09d-4759-8d7b-7d2eb20d5cc9",
                  "isHook": false,
                  "skipped": false
                }
              ],
              "suites": [],
              "passes": [
                "10c5fed7-fbab-45c9-a2c2-266d8348c4d5",
                "ba83b2e7-588e-4689-9168-5c4bb6b329bc",
                "668374f6-a186-444a-b777-86e8a0575d40",
                "dbba2e80-17b1-4476-8501-9def0e4484cd"
              ],
              "failures": [],
              "pending": [],
              "skipped": [],
              "duration": 0,
              "root": false,
              "rootEmpty": false,
              "_timeout": 2000
            },
            {
              "uuid": "461c01b7-f1be-4444-90f0-bc07bebd1dba",
              "title": "repeat()",
              "fullFile": "/home/runner/work/ical-generator/ical-generator/test/alarm.ts",
              "file": "/test/alarm.ts",
              "beforeHooks": [],
              "afterHooks": [],
              "tests": [
                {
                  "title": "setter should return this",
                  "fullTitle": "ical-generator Alarm repeat() setter should return this",
                  "timedOut": false,
                  "duration": 0,
                  "state": "passed",
                  "speed": "fast",
                  "pass": true,
                  "fail": false,
                  "pending": false,
                  "context": null,
                  "code": "const a=new ICalAlarm({},new ICalEvent({start:new Date},new ICalCalendar));assert.deepStrictEqual(a,a.repeat({times:4,interval:60}))",
                  "err": {},
                  "uuid": "869a389a-018f-4ef8-b790-7891a7231dea",
                  "parentUUID": "461c01b7-f1be-4444-90f0-bc07bebd1dba",
                  "isHook": false,
                  "skipped": false
                },
                {
                  "title": "getter should return value",
                  "fullTitle": "ical-generator Alarm repeat() getter should return value",
                  "timedOut": false,
                  "duration": 0,
                  "state": "passed",
                  "speed": "fast",
                  "pass": true,
                  "fail": false,
                  "pending": false,
                  "context": null,
                  "code": "const a=new ICalAlarm({},new ICalEvent({start:new Date},new ICalCalendar));assert.strictEqual(a.repeat(),null);a.repeat({times:4,interval:60});assert.deepStrictEqual(a.repeat(),{times:4,interval:60})",
                  "err": {},
                  "uuid": "624605d8-14d1-4c76-a71c-e2b6f95992ab",
                  "parentUUID": "461c01b7-f1be-4444-90f0-bc07bebd1dba",
                  "isHook": false,
                  "skipped": false
                },
                {
                  "title": "should throw error if repeat not allowed",
                  "fullTitle": "ical-generator Alarm repeat() should throw error if repeat not allowed",
                  "timedOut": false,
                  "duration": 1,
                  "state": "passed",
                  "speed": "fast",
                  "pass": true,
                  "fail": false,
                  "pending": false,
                  "context": null,
                  "code": "const a=new ICalAlarm({},new ICalEvent({start:new Date},new ICalCalendar));assert.throws(function(){a.repeat({times:Infinity,interval:60})},/`repeat.times`/);assert.throws(function(){a.repeat({times:\"hi\",interval:60})},/`repeat.times`/);assert.throws(function(){a.repeat({times:true,interval:60})},/`repeat.times`/);assert.throws(function(){a.repeat({times:4,interval:Infinity})},/`repeat.interval`/);assert.throws(function(){a.repeat({times:4,interval:\"hi\"})},/`repeat.interval`/);assert.throws(function(){a.repeat({times:4,interval:true})},/`repeat.interval`/)",
                  "err": {},
                  "uuid": "02c87e43-2557-48ec-8c1e-e32e884f841e",
                  "parentUUID": "461c01b7-f1be-4444-90f0-bc07bebd1dba",
                  "isHook": false,
                  "skipped": false
                },
                {
                  "title": "should change something",
                  "fullTitle": "ical-generator Alarm repeat() should change something",
                  "timedOut": false,
                  "duration": 0,
                  "state": "passed",
                  "speed": "fast",
                  "pass": true,
                  "fail": false,
                  "pending": false,
                  "context": null,
                  "code": "const a=new ICalAlarm({trigger:300,repeat:{times:42,interval:90}},new ICalEvent({start:new Date},new ICalCalendar));assert.ok(a.toString().includes(\"REPEAT:42\"));assert.ok(a.toString().includes(\"DURATION:PT1M30S\"));a.repeat(null);assert.ok(!a.toString().includes(\"REPEAT:42\"));assert.ok(!a.toString().includes(\"DURATION:PT1M30S\"))",
                  "err": {},
                  "uuid": "92c93666-e206-4b70-a09e-6e8cf3b2a312",
                  "parentUUID": "461c01b7-f1be-4444-90f0-bc07bebd1dba",
                  "isHook": false,
                  "skipped": false
                },
                {
                  "title": "should throw an error if repeat is set but interval isn't",
                  "fullTitle": "ical-generator Alarm repeat() should throw an error if repeat is set but interval isn't",
                  "timedOut": false,
                  "duration": 0,
                  "state": "passed",
                  "speed": "fast",
                  "pass": true,
                  "fail": false,
                  "pending": false,
                  "context": null,
                  "code": "assert.throws(function(){new ICalAlarm({trigger:300,repeat:{times:4,interval:null}},new ICalEvent({start:new Date},new ICalCalendar))},/`repeat.interval`/)",
                  "err": {},
                  "uuid": "59821c4b-e21c-40d5-86fd-ad8597d496e3",
                  "parentUUID": "461c01b7-f1be-4444-90f0-bc07bebd1dba",
                  "isHook": false,
                  "skipped": false
                },
                {
                  "title": "should throw an error if interval is set but repeat isn't",
                  "fullTitle": "ical-generator Alarm repeat() should throw an error if interval is set but repeat isn't",
                  "timedOut": false,
                  "duration": 0,
                  "state": "passed",
                  "speed": "fast",
                  "pass": true,
                  "fail": false,
                  "pending": false,
                  "context": null,
                  "code": "assert.throws(function(){new ICalAlarm({trigger:300,repeat:{times:null,interval:60}},new ICalEvent({start:new Date},new ICalCalendar))},/`repeat.times`/)",
                  "err": {},
                  "uuid": "6b716008-bfdf-4828-a1ec-6818a48153e7",
                  "parentUUID": "461c01b7-f1be-4444-90f0-bc07bebd1dba",
                  "isHook": false,
                  "skipped": false
                },
                {
                  "title": "should throw an error if interval is of wrong type",
                  "fullTitle": "ical-generator Alarm repeat() should throw an error if interval is of wrong type",
                  "timedOut": false,
                  "duration": 0,
                  "state": "passed",
                  "speed": "fast",
                  "pass": true,
                  "fail": false,
                  "pending": false,
                  "context": null,
                  "code": "assert.throws(function(){new ICalAlarm({trigger:300,repeat:true},new ICalEvent({start:new Date},new ICalCalendar))},/`repeat` is not correct, must be an object!/)",
                  "err": {},
                  "uuid": "dbaccbb1-0fcf-4bd1-8d24-79e84fbb568f",
                  "parentUUID": "461c01b7-f1be-4444-90f0-bc07bebd1dba",
                  "isHook": false,
                  "skipped": false
                }
              ],
              "suites": [],
              "passes": [
                "869a389a-018f-4ef8-b790-7891a7231dea",
                "624605d8-14d1-4c76-a71c-e2b6f95992ab",
                "02c87e43-2557-48ec-8c1e-e32e884f841e",
                "92c93666-e206-4b70-a09e-6e8cf3b2a312",
                "59821c4b-e21c-40d5-86fd-ad8597d496e3",
                "6b716008-bfdf-4828-a1ec-6818a48153e7",
                "dbaccbb1-0fcf-4bd1-8d24-79e84fbb568f"
              ],
              "failures": [],
              "pending": [],
              "skipped": [],
              "duration": 1,
              "root": false,
              "rootEmpty": false,
              "_timeout": 2000
            },
            {
              "uuid": "220e9b9b-8f57-4031-aacd-1f15739fa0be",
              "title": "attach()",
              "fullFile": "/home/runner/work/ical-generator/ical-generator/test/alarm.ts",
              "file": "/test/alarm.ts",
              "beforeHooks": [],
              "afterHooks": [],
              "tests": [
                {
                  "title": "setter should return this",
                  "fullTitle": "ical-generator Alarm attach() setter should return this",
                  "timedOut": false,
                  "duration": 0,
                  "state": "passed",
                  "speed": "fast",
                  "pass": true,
                  "fail": false,
                  "pending": false,
                  "context": null,
                  "code": "const a=new ICalAlarm({},new ICalEvent({start:new Date},new ICalCalendar));assert.deepStrictEqual(a,a.attach(null));assert.deepStrictEqual(a,a.attach(\"https://sebbo.net/beep.aud\"))",
                  "err": {},
                  "uuid": "4842bf4b-0e33-47cf-b8e2-d2c2975faeb5",
                  "parentUUID": "220e9b9b-8f57-4031-aacd-1f15739fa0be",
                  "isHook": false,
                  "skipped": false
                },
                {
                  "title": "getter should return value",
                  "fullTitle": "ical-generator Alarm attach() getter should return value",
                  "timedOut": false,
                  "duration": 0,
                  "state": "passed",
                  "speed": "fast",
                  "pass": true,
                  "fail": false,
                  "pending": false,
                  "context": null,
                  "code": "const t={uri:\"https://example.com/alarm.aud\",mime:\"audio/basic\"};const a=new ICalAlarm({},new ICalEvent({start:new Date},new ICalCalendar));assert.strictEqual(a.attach(),null);a.attach(t);assert.deepStrictEqual(a.attach(),t);a.attach(\"https://www.example.com/beep.aud\");assert.deepStrictEqual(a.attach(),{uri:\"https://www.example.com/beep.aud\",mime:null});a.attach({uri:\"https://www.example.com/beep.aud\"});assert.deepStrictEqual(a.attach(),{uri:\"https://www.example.com/beep.aud\",mime:null});a.attach(null);assert.strictEqual(a.attach(),null)",
                  "err": {},
                  "uuid": "02cbc684-aa45-44ea-a88a-01f5a388bedf",
                  "parentUUID": "220e9b9b-8f57-4031-aacd-1f15739fa0be",
                  "isHook": false,
                  "skipped": false
                },
                {
                  "title": "should throw error withour uri",
                  "fullTitle": "ical-generator Alarm attach() should throw error withour uri",
                  "timedOut": false,
                  "duration": 1,
                  "state": "passed",
                  "speed": "fast",
                  "pass": true,
                  "fail": false,
                  "pending": false,
                  "context": null,
                  "code": "const a=new ICalAlarm({},new ICalEvent({start:new Date},new ICalCalendar));assert.throws(function(){a.attach({mime:\"audio/basic\"})},/`attach.uri`/)",
                  "err": {},
                  "uuid": "fe1b3b70-06d2-4ae8-8532-c4ef2b8dc39b",
                  "parentUUID": "220e9b9b-8f57-4031-aacd-1f15739fa0be",
                  "isHook": false,
                  "skipped": false
                },
                {
                  "title": "should throw error when unknown format",
                  "fullTitle": "ical-generator Alarm attach() should throw error when unknown format",
                  "timedOut": false,
                  "duration": 0,
                  "state": "passed",
                  "speed": "fast",
                  "pass": true,
                  "fail": false,
                  "pending": false,
                  "context": null,
                  "code": "const a=new ICalAlarm({},new ICalEvent({start:new Date},new ICalCalendar));assert.throws(function(){a.attach(Infinity)},/`attachment`/)",
                  "err": {},
                  "uuid": "925d3f78-8123-43df-abf4-e96e8fd47b6d",
                  "parentUUID": "220e9b9b-8f57-4031-aacd-1f15739fa0be",
                  "isHook": false,
                  "skipped": false
                },
                {
                  "title": "should change something",
                  "fullTitle": "ical-generator Alarm attach() should change something",
                  "timedOut": false,
                  "duration": 0,
                  "state": "passed",
                  "speed": "fast",
                  "pass": true,
                  "fail": false,
                  "pending": false,
                  "context": null,
                  "code": "const a=new ICalAlarm({type:ICalAlarmType.audio},new ICalEvent({start:new Date},new ICalCalendar));assert.ok(a.toString().indexOf(\"\\r\\nATTACH;VALUE=URI:Basso\")>-1);a.attach(\"https://example.com/beep.aud\");assert.ok(a.toString().indexOf(\"\\r\\nATTACH;VALUE=URI:https://example.com/beep.aud\")>-1);a.attach({uri:\"https://example.com/beep.aud\",mime:\"audio/basic\"});assert.ok(a.toString().indexOf(\"\\r\\nATTACH;FMTTYPE=audio/basic:https://example.com/beep.aud\")>-1)",
                  "err": {},
                  "uuid": "797223a8-133b-4a78-9d83-d4ebcf1f22f4",
                  "parentUUID": "220e9b9b-8f57-4031-aacd-1f15739fa0be",
                  "isHook": false,
                  "skipped": false
                }
              ],
              "suites": [],
              "passes": [
                "4842bf4b-0e33-47cf-b8e2-d2c2975faeb5",
                "02cbc684-aa45-44ea-a88a-01f5a388bedf",
                "fe1b3b70-06d2-4ae8-8532-c4ef2b8dc39b",
                "925d3f78-8123-43df-abf4-e96e8fd47b6d",
                "797223a8-133b-4a78-9d83-d4ebcf1f22f4"
              ],
              "failures": [],
              "pending": [],
              "skipped": [],
              "duration": 1,
              "root": false,
              "rootEmpty": false,
              "_timeout": 2000
            },
            {
              "uuid": "8bb8a8c9-f9f0-44d4-b709-90484b27d70e",
              "title": "description()",
              "fullFile": "/home/runner/work/ical-generator/ical-generator/test/alarm.ts",
              "file": "/test/alarm.ts",
              "beforeHooks": [],
              "afterHooks": [],
              "tests": [
                {
                  "title": "setter should return this",
                  "fullTitle": "ical-generator Alarm description() setter should return this",
                  "timedOut": false,
                  "duration": 0,
                  "state": "passed",
                  "speed": "fast",
                  "pass": true,
                  "fail": false,
                  "pending": false,
                  "context": null,
                  "code": "const a=new ICalAlarm({},new ICalEvent({start:new Date},new ICalCalendar));assert.deepStrictEqual(a,a.description(null));assert.deepStrictEqual(a,a.description(\"Hey Ho!\"))",
                  "err": {},
                  "uuid": "1cddc535-2496-445a-a8d9-8ebd366eb0fc",
                  "parentUUID": "8bb8a8c9-f9f0-44d4-b709-90484b27d70e",
                  "isHook": false,
                  "skipped": false
                },
                {
                  "title": "getter should return value",
                  "fullTitle": "ical-generator Alarm description() getter should return value",
                  "timedOut": false,
                  "duration": 0,
                  "state": "passed",
                  "speed": "fast",
                  "pass": true,
                  "fail": false,
                  "pending": false,
                  "context": null,
                  "code": "const a=new ICalAlarm({},new ICalEvent({start:new Date},new ICalCalendar));assert.deepStrictEqual(a.description(),null);a.description(\"blablabla\");assert.deepStrictEqual(a.description(),\"blablabla\");a.description(null);assert.deepStrictEqual(a.description(),null)",
                  "err": {},
                  "uuid": "8e7649f8-ec41-4bd9-85bb-a0a2c297f09d",
                  "parentUUID": "8bb8a8c9-f9f0-44d4-b709-90484b27d70e",
                  "isHook": false,
                  "skipped": false
                },
                {
                  "title": "should change something",
                  "fullTitle": "ical-generator Alarm description() should change something",
                  "timedOut": false,
                  "duration": 0,
                  "state": "passed",
                  "speed": "fast",
                  "pass": true,
                  "fail": false,
                  "pending": false,
                  "context": null,
                  "code": "const a=new ICalAlarm({description:\"Huibuh!\"},new ICalEvent({start:new Date},new ICalCalendar));assert.ok(a.toString().indexOf(\"\\r\\nDESCRIPTION:Huibuh\")>-1)",
                  "err": {},
                  "uuid": "bd21ac13-d7a8-4a4a-9df4-158f72ac6515",
                  "parentUUID": "8bb8a8c9-f9f0-44d4-b709-90484b27d70e",
                  "isHook": false,
                  "skipped": false
                },
                {
                  "title": "should fallback to event summary",
                  "fullTitle": "ical-generator Alarm description() should fallback to event summary",
                  "timedOut": false,
                  "duration": 0,
                  "state": "passed",
                  "speed": "fast",
                  "pass": true,
                  "fail": false,
                  "pending": false,
                  "context": null,
                  "code": "const a=new ICalAlarm({description:\"Example Event\"},new ICalEvent({start:new Date},new ICalCalendar));assert.ok(a.toString().indexOf(\"\\r\\nDESCRIPTION:Example Event\")>-1)",
                  "err": {},
                  "uuid": "00343cf5-8abd-4473-92d1-56a8323bd693",
                  "parentUUID": "8bb8a8c9-f9f0-44d4-b709-90484b27d70e",
                  "isHook": false,
                  "skipped": false
                }
              ],
              "suites": [],
              "passes": [
                "1cddc535-2496-445a-a8d9-8ebd366eb0fc",
                "8e7649f8-ec41-4bd9-85bb-a0a2c297f09d",
                "bd21ac13-d7a8-4a4a-9df4-158f72ac6515",
                "00343cf5-8abd-4473-92d1-56a8323bd693"
              ],
              "failures": [],
              "pending": [],
              "skipped": [],
              "duration": 0,
              "root": false,
              "rootEmpty": false,
              "_timeout": 2000
            },
            {
              "uuid": "d50e8197-162c-4fca-8d0b-83a954dc357a",
              "title": "summary()",
              "fullFile": "/home/runner/work/ical-generator/ical-generator/test/alarm.ts",
              "file": "/test/alarm.ts",
              "beforeHooks": [],
              "afterHooks": [],
              "tests": [
                {
                  "title": "setter should return this",
                  "fullTitle": "ical-generator Alarm summary() setter should return this",
                  "timedOut": false,
                  "duration": 0,
                  "state": "passed",
                  "speed": "fast",
                  "pass": true,
                  "fail": false,
                  "pending": false,
                  "context": null,
                  "code": "const a=new ICalAlarm({},new ICalEvent({start:new Date},new ICalCalendar));assert.deepStrictEqual(a,a.summary(null));assert.deepStrictEqual(a,a.summary(\"Hey Ho!\"))",
                  "err": {},
                  "uuid": "f55aadff-fdae-4ea7-9321-9527e1345f79",
                  "parentUUID": "d50e8197-162c-4fca-8d0b-83a954dc357a",
                  "isHook": false,
                  "skipped": false
                },
                {
                  "title": "getter should return value",
                  "fullTitle": "ical-generator Alarm summary() getter should return value",
                  "timedOut": false,
                  "duration": 1,
                  "state": "passed",
                  "speed": "fast",
                  "pass": true,
                  "fail": false,
                  "pending": false,
                  "context": null,
                  "code": "const a=new ICalAlarm({},new ICalEvent({start:new Date},new ICalCalendar));assert.deepStrictEqual(a.summary(),null);a.summary(\"blablabla\");assert.deepStrictEqual(a.summary(),\"blablabla\");a.summary(null);assert.deepStrictEqual(a.summary(),null)",
                  "err": {},
                  "uuid": "7686a007-28e0-45af-a7d8-fccb0ffe4d67",
                  "parentUUID": "d50e8197-162c-4fca-8d0b-83a954dc357a",
                  "isHook": false,
                  "skipped": false
                },
                {
                  "title": "should change something",
                  "fullTitle": "ical-generator Alarm summary() should change something",
                  "timedOut": false,
                  "duration": 0,
                  "state": "passed",
                  "speed": "fast",
                  "pass": true,
                  "fail": false,
                  "pending": false,
                  "context": null,
                  "code": "const a=new ICalAlarm({type:ICalAlarmType.email,summary:\"Huibuh!\"},new ICalEvent({start:new Date},new ICalCalendar));assert.ok(a.toString().indexOf(\"\\r\\nSUMMARY:Huibuh\")>-1)",
                  "err": {},
                  "uuid": "ade440ee-d18d-4fc9-a0b4-e09e431b9163",
                  "parentUUID": "d50e8197-162c-4fca-8d0b-83a954dc357a",
                  "isHook": false,
                  "skipped": false
                },
                {
                  "title": "should fallback to event summary",
                  "fullTitle": "ical-generator Alarm summary() should fallback to event summary",
                  "timedOut": false,
                  "duration": 0,
                  "state": "passed",
                  "speed": "fast",
                  "pass": true,
                  "fail": false,
                  "pending": false,
                  "context": null,
                  "code": "const a=new ICalAlarm({type:ICalAlarmType.email},new ICalEvent({start:new Date,summary:\"Example Event\"},new ICalCalendar));assert.ok(a.toString().indexOf(\"\\r\\nSUMMARY:Example Event\")>-1)",
                  "err": {},
                  "uuid": "022f309f-cd2a-4a54-a69b-cd3013354c97",
                  "parentUUID": "d50e8197-162c-4fca-8d0b-83a954dc357a",
                  "isHook": false,
                  "skipped": false
                }
              ],
              "suites": [],
              "passes": [
                "f55aadff-fdae-4ea7-9321-9527e1345f79",
                "7686a007-28e0-45af-a7d8-fccb0ffe4d67",
                "ade440ee-d18d-4fc9-a0b4-e09e431b9163",
                "022f309f-cd2a-4a54-a69b-cd3013354c97"
              ],
              "failures": [],
              "pending": [],
              "skipped": [],
              "duration": 1,
              "root": false,
              "rootEmpty": false,
              "_timeout": 2000
            },
            {
              "uuid": "c1debaed-019d-4ddd-8be9-59ae4cb85486",
              "title": "createAttendee()",
              "fullFile": "/home/runner/work/ical-generator/ical-generator/test/alarm.ts",
              "file": "/test/alarm.ts",
              "beforeHooks": [],
              "afterHooks": [],
              "tests": [
                {
                  "title": "if Attendee passed, it should add and return it",
                  "fullTitle": "ical-generator Alarm createAttendee() if Attendee passed, it should add and return it",
                  "timedOut": false,
                  "duration": 0,
                  "state": "passed",
                  "speed": "fast",
                  "pass": true,
                  "fail": false,
                  "pending": false,
                  "context": null,
                  "code": "const alarm=new ICalEvent({start:new Date},new ICalCalendar).createAlarm({type:ICalAlarmType.email});const attendee=new ICalAttendee({email:\"mail@example.com\"},alarm);assert.strictEqual(alarm.createAttendee(attendee),attendee,\"createAttendee returns attendee\");assert.deepStrictEqual(alarm.attendees()[0],attendee,\"attendee pushed\")",
                  "err": {},
                  "uuid": "ec3cca6e-0f48-4006-9ee9-eae0b4e1bfe6",
                  "parentUUID": "c1debaed-019d-4ddd-8be9-59ae4cb85486",
                  "isHook": false,
                  "skipped": false
                },
                {
                  "title": "should return a ICalAttendee instance",
                  "fullTitle": "ical-generator Alarm createAttendee() should return a ICalAttendee instance",
                  "timedOut": false,
                  "duration": 0,
                  "state": "passed",
                  "speed": "fast",
                  "pass": true,
                  "fail": false,
                  "pending": false,
                  "context": null,
                  "code": "const alarm=new ICalEvent({start:new Date},new ICalCalendar).createAlarm({type:ICalAlarmType.email});;assert.ok(alarm.createAttendee({email:\"mail@example.com\"})instanceof ICalAttendee);assert.strictEqual(alarm.attendees.length,1,\"attendee pushed\")",
                  "err": {},
                  "uuid": "247e6f2c-e7a5-4e40-b21f-46d93e7bcb42",
                  "parentUUID": "c1debaed-019d-4ddd-8be9-59ae4cb85486",
                  "isHook": false,
                  "skipped": false
                },
                {
                  "title": "should accept string",
                  "fullTitle": "ical-generator Alarm createAttendee() should accept string",
                  "timedOut": false,
                  "duration": 0,
                  "state": "passed",
                  "speed": "fast",
                  "pass": true,
                  "fail": false,
                  "pending": false,
                  "context": null,
                  "code": "const alarm=new ICalEvent({start:new Date},new ICalCalendar).createAlarm({type:ICalAlarmType.email});;const attendee=alarm.createAttendee(\"Zac <zac@example.com>\");assert.strictEqual(attendee.name(),\"Zac\");assert.strictEqual(attendee.email(),\"zac@example.com\");assert.strictEqual(alarm.attendees().length,1,\"attendee pushed\")",
                  "err": {},
                  "uuid": "0445906a-5940-4752-9514-31472444fdbe",
                  "parentUUID": "c1debaed-019d-4ddd-8be9-59ae4cb85486",
                  "isHook": false,
                  "skipped": false
                },
                {
                  "title": "should throw error when string misformated",
                  "fullTitle": "ical-generator Alarm createAttendee() should throw error when string misformated",
                  "timedOut": false,
                  "duration": 0,
                  "state": "passed",
                  "speed": "fast",
                  "pass": true,
                  "fail": false,
                  "pending": false,
                  "context": null,
                  "code": "const alarm=new ICalEvent({start:new Date},new ICalCalendar).createAlarm({type:ICalAlarmType.email});;assert.throws(function(){alarm.createAttendee(\"foo bar\")},/isn't formated correctly/)",
                  "err": {},
                  "uuid": "5b940be7-91ad-4d0a-83e0-f6ec8c583030",
                  "parentUUID": "c1debaed-019d-4ddd-8be9-59ae4cb85486",
                  "isHook": false,
                  "skipped": false
                },
                {
                  "title": "should accept object",
                  "fullTitle": "ical-generator Alarm createAttendee() should accept object",
                  "timedOut": false,
                  "duration": 1,
                  "state": "passed",
                  "speed": "fast",
                  "pass": true,
                  "fail": false,
                  "pending": false,
                  "context": null,
                  "code": "const alarm=new ICalEvent({start:new Date},new ICalCalendar).createAlarm({type:ICalAlarmType.email});const attendee=alarm.createAttendee({name:\"Zac\",email:\"zac@example.com\"});assert.strictEqual(attendee.name(),\"Zac\");assert.strictEqual(attendee.email(),\"zac@example.com\");assert.strictEqual(alarm.attendees().length,1,\"attendee pushed\");assert.ok(alarm.toString().includes('ATTENDEE;ROLE=REQ-PARTICIPANT;CN=\"Zac\":MAILTO:zac@example.com'))",
                  "err": {},
                  "uuid": "6054851b-f7fd-4e12-a596-b5fb46452316",
                  "parentUUID": "c1debaed-019d-4ddd-8be9-59ae4cb85486",
                  "isHook": false,
                  "skipped": false
                }
              ],
              "suites": [],
              "passes": [
                "ec3cca6e-0f48-4006-9ee9-eae0b4e1bfe6",
                "247e6f2c-e7a5-4e40-b21f-46d93e7bcb42",
                "0445906a-5940-4752-9514-31472444fdbe",
                "5b940be7-91ad-4d0a-83e0-f6ec8c583030",
                "6054851b-f7fd-4e12-a596-b5fb46452316"
              ],
              "failures": [],
              "pending": [],
              "skipped": [],
              "duration": 1,
              "root": false,
              "rootEmpty": false,
              "_timeout": 2000
            },
            {
              "uuid": "6396934f-f477-429d-83d3-8bf8180b1b84",
              "title": "attendees()",
              "fullFile": "/home/runner/work/ical-generator/ical-generator/test/alarm.ts",
              "file": "/test/alarm.ts",
              "beforeHooks": [],
              "afterHooks": [],
              "tests": [
                {
                  "title": "getter should return an array of attendees…",
                  "fullTitle": "ical-generator Alarm attendees() getter should return an array of attendees…",
                  "timedOut": false,
                  "duration": 0,
                  "state": "passed",
                  "speed": "fast",
                  "pass": true,
                  "fail": false,
                  "pending": false,
                  "context": null,
                  "code": "const alarm=new ICalEvent({start:new Date},new ICalCalendar).createAlarm({type:ICalAlarmType.email});assert.strictEqual(alarm.attendees().length,0);const attendee=alarm.createAttendee({email:\"mail@example.com\"});assert.strictEqual(alarm.attendees().length,1);assert.deepStrictEqual(alarm.attendees()[0],attendee)",
                  "err": {},
                  "uuid": "d00f89b6-d088-463f-9724-2510eb7e5b8d",
                  "parentUUID": "6396934f-f477-429d-83d3-8bf8180b1b84",
                  "isHook": false,
                  "skipped": false
                },
                {
                  "title": "setter should add attendees and return this",
                  "fullTitle": "ical-generator Alarm attendees() setter should add attendees and return this",
                  "timedOut": false,
                  "duration": 0,
                  "state": "passed",
                  "speed": "fast",
                  "pass": true,
                  "fail": false,
                  "pending": false,
                  "context": null,
                  "code": "const alarm=new ICalEvent({start:new Date},new ICalCalendar).createAlarm({type:ICalAlarmType.email});const foo=alarm.attendees([{name:\"Person A\",email:\"a@example.com\"},{name:\"Person B\",email:\"b@example.com\"}]);assert.strictEqual(alarm.attendees().length,2);assert.deepStrictEqual(foo,alarm)",
                  "err": {},
                  "uuid": "a61a7e50-0f4a-46cb-bbcd-d2a2608b3e7b",
                  "parentUUID": "6396934f-f477-429d-83d3-8bf8180b1b84",
                  "isHook": false,
                  "skipped": false
                }
              ],
              "suites": [],
              "passes": [
                "d00f89b6-d088-463f-9724-2510eb7e5b8d",
                "a61a7e50-0f4a-46cb-bbcd-d2a2608b3e7b"
              ],
              "failures": [],
              "pending": [],
              "skipped": [],
              "duration": 0,
              "root": false,
              "rootEmpty": false,
              "_timeout": 2000
            },
            {
              "uuid": "762c8863-24ef-4b9e-892f-3bf135b8d3f9",
              "title": "x()",
              "fullFile": "/home/runner/work/ical-generator/ical-generator/test/alarm.ts",
              "file": "/test/alarm.ts",
              "beforeHooks": [],
              "afterHooks": [],
              "tests": [
                {
                  "title": "is there",
                  "fullTitle": "ical-generator Alarm x() is there",
                  "timedOut": false,
                  "duration": 1,
                  "state": "passed",
                  "speed": "fast",
                  "pass": true,
                  "fail": false,
                  "pending": false,
                  "context": null,
                  "code": "const a=new ICalAlarm({},new ICalEvent({start:new Date},new ICalCalendar));assert.deepStrictEqual(a,a.x(\"X-FOO\",\"bar\"))",
                  "err": {},
                  "uuid": "71074428-cfb8-487d-b3d5-02b362fc77cc",
                  "parentUUID": "762c8863-24ef-4b9e-892f-3bf135b8d3f9",
                  "isHook": false,
                  "skipped": false
                }
              ],
              "suites": [],
              "passes": [
                "71074428-cfb8-487d-b3d5-02b362fc77cc"
              ],
              "failures": [],
              "pending": [],
              "skipped": [],
              "duration": 1,
              "root": false,
              "rootEmpty": false,
              "_timeout": 2000
            },
            {
              "uuid": "e0855776-d463-4a23-ac6b-a87e858f4b2d",
              "title": "toJSON()",
              "fullFile": "/home/runner/work/ical-generator/ical-generator/test/alarm.ts",
              "file": "/test/alarm.ts",
              "beforeHooks": [],
              "afterHooks": [],
              "tests": [
                {
                  "title": "should work",
                  "fullTitle": "ical-generator Alarm toJSON() should work",
                  "timedOut": false,
                  "duration": 0,
                  "state": "passed",
                  "speed": "fast",
                  "pass": true,
                  "fail": false,
                  "pending": false,
                  "context": null,
                  "code": "const a=new ICalAlarm({},new ICalEvent({start:new Date},new ICalCalendar));a.type(ICalAlarmType.display);a.trigger(120);assert.deepStrictEqual(a.toJSON(),{attach:null,attendees:[],description:null,relatesTo:null,interval:null,repeat:null,summary:null,trigger:120,type:\"display\",x:[]})",
                  "err": {},
                  "uuid": "1929855d-8f16-4a1a-b50e-776bc8b0d273",
                  "parentUUID": "e0855776-d463-4a23-ac6b-a87e858f4b2d",
                  "isHook": false,
                  "skipped": false
                },
                {
                  "title": "should be compatible with constructor (type check)",
                  "fullTitle": "ical-generator Alarm toJSON() should be compatible with constructor (type check)",
                  "timedOut": false,
                  "duration": 0,
                  "state": "passed",
                  "speed": "fast",
                  "pass": true,
                  "fail": false,
                  "pending": false,
                  "context": null,
                  "code": "const a=new ICalAlarm({},new ICalEvent({start:new Date},new ICalCalendar));new ICalAlarm(a.toJSON(),new ICalEvent({start:new Date},new ICalCalendar))",
                  "err": {},
                  "uuid": "0c5ae7f4-149a-44cc-a712-2cb443616eae",
                  "parentUUID": "e0855776-d463-4a23-ac6b-a87e858f4b2d",
                  "isHook": false,
                  "skipped": false
                }
              ],
              "suites": [],
              "passes": [
                "1929855d-8f16-4a1a-b50e-776bc8b0d273",
                "0c5ae7f4-149a-44cc-a712-2cb443616eae"
              ],
              "failures": [],
              "pending": [],
              "skipped": [],
              "duration": 0,
              "root": false,
              "rootEmpty": false,
              "_timeout": 2000
            }
          ],
          "passes": [],
          "failures": [],
          "pending": [],
          "skipped": [],
          "duration": 0,
          "root": false,
          "rootEmpty": false,
          "_timeout": 2000
        },
        {
          "uuid": "82f3c2f5-e51d-4876-9099-645eace021b5",
          "title": "ical-generator Attendee",
          "fullFile": "/home/runner/work/ical-generator/ical-generator/test/attendee.ts",
          "file": "/test/attendee.ts",
          "beforeHooks": [],
          "afterHooks": [],
          "tests": [],
          "suites": [
            {
              "uuid": "6a7c8410-6853-4939-9905-e75df732af34",
              "title": "constructor()",
              "fullFile": "/home/runner/work/ical-generator/ical-generator/test/attendee.ts",
              "file": "/test/attendee.ts",
              "beforeHooks": [],
              "afterHooks": [],
              "tests": [
                {
                  "title": "shoud set data from constructor",
                  "fullTitle": "ical-generator Attendee constructor() shoud set data from constructor",
                  "timedOut": false,
                  "duration": 0,
                  "state": "passed",
                  "speed": "fast",
                  "pass": true,
                  "fail": false,
                  "pending": false,
                  "context": null,
                  "code": "const data={name:\"John Doe\",email:\"john@example.org\",mailto:\"john+calendar@example.org\",sentBy:null,status:ICalAttendeeStatus.ACCEPTED,role:ICalAttendeeRole.REQ,rsvp:false,type:ICalAttendeeType.INDIVIDUAL,delegatedTo:null,delegatedFrom:null,x:[]};const event=new ICalAttendee(data,new ICalEvent({start:new Date},new ICalCalendar));assert.deepStrictEqual(event.toJSON(),data)",
                  "err": {},
                  "uuid": "05a0a6ed-626e-4eff-80ad-0cf1d15b9338",
                  "parentUUID": "6a7c8410-6853-4939-9905-e75df732af34",
                  "isHook": false,
                  "skipped": false
                },
                {
                  "title": "shouldn't work without event reference",
                  "fullTitle": "ical-generator Attendee constructor() shouldn't work without event reference",
                  "timedOut": false,
                  "duration": 0,
                  "state": "passed",
                  "speed": "fast",
                  "pass": true,
                  "fail": false,
                  "pending": false,
                  "context": null,
                  "code": "assert.throws(function(){new ICalAttendee({email:\"foo@bar.com\"})},/`event`/)",
                  "err": {},
                  "uuid": "233caf8e-8346-4d03-a466-081fde750876",
                  "parentUUID": "6a7c8410-6853-4939-9905-e75df732af34",
                  "isHook": false,
                  "skipped": false
                },
                {
                  "title": "should throw an error without email",
                  "fullTitle": "ical-generator Attendee constructor() should throw an error without email",
                  "timedOut": false,
                  "duration": 0,
                  "state": "passed",
                  "speed": "fast",
                  "pass": true,
                  "fail": false,
                  "pending": false,
                  "context": null,
                  "code": "assert.throws(function(){new ICalAttendee({name:\"Testuser\"},new ICalEvent({start:new Date},new ICalCalendar))},/`email`/)",
                  "err": {},
                  "uuid": "d6fcad33-e9a7-46d4-aed2-db94b89da9a7",
                  "parentUUID": "6a7c8410-6853-4939-9905-e75df732af34",
                  "isHook": false,
                  "skipped": false
                }
              ],
              "suites": [],
              "passes": [
                "05a0a6ed-626e-4eff-80ad-0cf1d15b9338",
                "233caf8e-8346-4d03-a466-081fde750876",
                "d6fcad33-e9a7-46d4-aed2-db94b89da9a7"
              ],
              "failures": [],
              "pending": [],
              "skipped": [],
              "duration": 0,
              "root": false,
              "rootEmpty": false,
              "_timeout": 2000
            },
            {
              "uuid": "a683a9b9-aa97-4de7-8129-8f9cfe1ca7ba",
              "title": "name()",
              "fullFile": "/home/runner/work/ical-generator/ical-generator/test/attendee.ts",
              "file": "/test/attendee.ts",
              "beforeHooks": [],
              "afterHooks": [],
              "tests": [
                {
                  "title": "getter should return value",
                  "fullTitle": "ical-generator Attendee name() getter should return value",
                  "timedOut": false,
                  "duration": 0,
                  "state": "passed",
                  "speed": "fast",
                  "pass": true,
                  "fail": false,
                  "pending": false,
                  "context": null,
                  "code": "const a=new ICalAttendee({email:\"foo@example.com\"},new ICalEvent({start:new Date},new ICalCalendar));assert.strictEqual(a.name(),null);a.name(\"Sebastian\");assert.strictEqual(a.name(),\"Sebastian\")",
                  "err": {},
                  "uuid": "c565ed5a-3eb6-42c4-b93a-03f7e1d24995",
                  "parentUUID": "a683a9b9-aa97-4de7-8129-8f9cfe1ca7ba",
                  "isHook": false,
                  "skipped": false
                },
                {
                  "title": "setter should return this",
                  "fullTitle": "ical-generator Attendee name() setter should return this",
                  "timedOut": false,
                  "duration": 0,
                  "state": "passed",
                  "speed": "fast",
                  "pass": true,
                  "fail": false,
                  "pending": false,
                  "context": null,
                  "code": "const a=new ICalAttendee({email:\"foo@example.com\"},new ICalEvent({start:new Date},new ICalCalendar));assert.deepStrictEqual(a,a.name(null));assert.deepStrictEqual(a,a.name(\"Sebastian\"))",
                  "err": {},
                  "uuid": "fdbfebcc-076d-4aa6-ac87-65465525fa12",
                  "parentUUID": "a683a9b9-aa97-4de7-8129-8f9cfe1ca7ba",
                  "isHook": false,
                  "skipped": false
                },
                {
                  "title": "setter should change something",
                  "fullTitle": "ical-generator Attendee name() setter should change something",
                  "timedOut": false,
                  "duration": 0,
                  "state": "passed",
                  "speed": "fast",
                  "pass": true,
                  "fail": false,
                  "pending": false,
                  "context": null,
                  "code": "const a=new ICalAttendee({email:\"foo@example.com\"},new ICalEvent({start:new Date},new ICalCalendar));a.name(\"Sebastian\");assert.strictEqual(a.name(),\"Sebastian\");a.name(null);assert.strictEqual(a.name(),null)",
                  "err": {},
                  "uuid": "bd253bec-7288-49c5-8911-d53913c066b1",
                  "parentUUID": "a683a9b9-aa97-4de7-8129-8f9cfe1ca7ba",
                  "isHook": false,
                  "skipped": false
                }
              ],
              "suites": [],
              "passes": [
                "c565ed5a-3eb6-42c4-b93a-03f7e1d24995",
                "fdbfebcc-076d-4aa6-ac87-65465525fa12",
                "bd253bec-7288-49c5-8911-d53913c066b1"
              ],
              "failures": [],
              "pending": [],
              "skipped": [],
              "duration": 0,
              "root": false,
              "rootEmpty": false,
              "_timeout": 2000
            },
            {
              "uuid": "4879748e-5ec3-4f7e-bf15-1ffb0dabad54",
              "title": "email()",
              "fullFile": "/home/runner/work/ical-generator/ical-generator/test/attendee.ts",
              "file": "/test/attendee.ts",
              "beforeHooks": [],
              "afterHooks": [],
              "tests": [
                {
                  "title": "getter should return value",
                  "fullTitle": "ical-generator Attendee email() getter should return value",
                  "timedOut": false,
                  "duration": 1,
                  "state": "passed",
                  "speed": "fast",
                  "pass": true,
                  "fail": false,
                  "pending": false,
                  "context": null,
                  "code": "const a=new ICalAttendee({email:\"foo@example.com\"},new ICalEvent({start:new Date},new ICalCalendar)).email(\"foo@example.com\");assert.strictEqual(a.email(),\"foo@example.com\")",
                  "err": {},
                  "uuid": "cbdb412e-93bc-4773-b135-f206cfaab1d1",
                  "parentUUID": "4879748e-5ec3-4f7e-bf15-1ffb0dabad54",
                  "isHook": false,
                  "skipped": false
                },
                {
                  "title": "setter should return this",
                  "fullTitle": "ical-generator Attendee email() setter should return this",
                  "timedOut": false,
                  "duration": 0,
                  "state": "passed",
                  "speed": "fast",
                  "pass": true,
                  "fail": false,
                  "pending": false,
                  "context": null,
                  "code": "const a=new ICalAttendee({email:\"foo@example.com\"},new ICalEvent({start:new Date},new ICalCalendar));assert.deepStrictEqual(a,a.email(\"foo@example.com\"))",
[...]
                      "err": {},
                      "uuid": "ffab5005-a3db-40b7-b892-e0a58fcac18c",
                      "parentUUID": "9f601d03-59a5-4837-8ebf-7cf12d9cfa6a",
                      "isHook": false,
                      "skipped": false
                    }
                  ],
                  "suites": [],
                  "passes": [
                    "cd0f4af5-9c73-4297-84ef-e62a3741ca2c",
                    "ffab5005-a3db-40b7-b892-e0a58fcac18c"
                  ],
                  "failures": [],
                  "pending": [],
                  "skipped": [],
                  "duration": 1,
                  "root": false,
                  "rootEmpty": false,
                  "_timeout": 2000
                },
                {
                  "uuid": "909f12bb-20e3-4b16-b0a2-ad6a01771e87",
                  "title": "Luxon",
                  "fullFile": "/home/runner/work/ical-generator/ical-generator/test/tools.ts",
                  "file": "/test/tools.ts",
                  "beforeHooks": [],
                  "afterHooks": [],
                  "tests": [
                    {
                      "title": "should work with valid Luxon",
                      "fullTitle": "ICalTools checkDate() Luxon should work with valid Luxon",
                      "timedOut": false,
                      "duration": 0,
                      "state": "passed",
                      "speed": "fast",
                      "pass": true,
                      "fail": false,
                      "pending": false,
                      "context": null,
                      "code": "const date=DateTime.now();assert.equal(checkDate(date,\"foo\"),date)",
                      "err": {},
                      "uuid": "9c20e2ed-4898-4e3c-a4cd-a05dc24dab96",
                      "parentUUID": "909f12bb-20e3-4b16-b0a2-ad6a01771e87",
                      "isHook": false,
                      "skipped": false
                    },
                    {
                      "title": "should throw error for invalid Luxon",
                      "fullTitle": "ICalTools checkDate() Luxon should throw error for invalid Luxon",
                      "timedOut": false,
                      "duration": 1,
                      "state": "passed",
                      "speed": "fast",
                      "pass": true,
                      "fail": false,
                      "pending": false,
                      "context": null,
                      "code": "const date=DateTime.fromISO(\"foo\");assert.throws(()=>{checkDate(date,\"foo\")},/`foo` has to be a valid date!/)",
                      "err": {},
                      "uuid": "3bc34d19-36a9-45f1-871c-f87e779852df",
                      "parentUUID": "909f12bb-20e3-4b16-b0a2-ad6a01771e87",
                      "isHook": false,
                      "skipped": false
                    }
                  ],
                  "suites": [],
                  "passes": [
                    "9c20e2ed-4898-4e3c-a4cd-a05dc24dab96",
                    "3bc34d19-36a9-45f1-871c-f87e779852df"
                  ],
                  "failures": [],
                  "pending": [],
                  "skipped": [],
                  "duration": 1,
                  "root": false,
                  "rootEmpty": false,
                  "_timeout": 2000
                },
                {
                  "uuid": "cc4e8583-56c0-41c6-a5bb-484135ddb6fa",
                  "title": "Moment",
                  "fullFile": "/home/runner/work/ical-generator/ical-generator/test/tools.ts",
                  "file": "/test/tools.ts",
                  "beforeHooks": [],
                  "afterHooks": [],
                  "tests": [
                    {
                      "title": "should work with valid Moment",
                      "fullTitle": "ICalTools checkDate() Moment should work with valid Moment",
                      "timedOut": false,
                      "duration": 0,
                      "state": "passed",
                      "speed": "fast",
                      "pass": true,
                      "fail": false,
                      "pending": false,
                      "context": null,
                      "code": "const date=moment();assert.equal(checkDate(date,\"foo\"),date)",
                      "err": {},
                      "uuid": "02c2635f-54dc-4547-a5f9-af2a3a08df6c",
                      "parentUUID": "cc4e8583-56c0-41c6-a5bb-484135ddb6fa",
                      "isHook": false,
                      "skipped": false
                    },
                    {
                      "title": "should throw error for invalid Moment",
                      "fullTitle": "ICalTools checkDate() Moment should throw error for invalid Moment",
                      "timedOut": false,
                      "duration": 0,
                      "state": "passed",
                      "speed": "fast",
                      "pass": true,
                      "fail": false,
                      "pending": false,
                      "context": null,
                      "code": "const date=moment(\"foo\",\"MM/DD/YYYY\",true);assert.throws(()=>{checkDate(date,\"foo\")},/`foo` has to be a valid date!/)",
                      "err": {},
                      "uuid": "63e7c9f7-1451-4494-a95f-9802f619bca7",
                      "parentUUID": "cc4e8583-56c0-41c6-a5bb-484135ddb6fa",
                      "isHook": false,
                      "skipped": false
                    }
                  ],
                  "suites": [],
                  "passes": [
                    "02c2635f-54dc-4547-a5f9-af2a3a08df6c",
                    "63e7c9f7-1451-4494-a95f-9802f619bca7"
                  ],
                  "failures": [],
                  "pending": [],
                  "skipped": [],
                  "duration": 0,
                  "root": false,
                  "rootEmpty": false,
                  "_timeout": 2000
                },
                {
                  "uuid": "99962617-81fc-4eb5-bded-6a122cf646cb",
                  "title": "Day.js",
                  "fullFile": "/home/runner/work/ical-generator/ical-generator/test/tools.ts",
                  "file": "/test/tools.ts",
                  "beforeHooks": [],
                  "afterHooks": [],
                  "tests": [
                    {
                      "title": "should work with valid Day.js",
                      "fullTitle": "ICalTools checkDate() Day.js should work with valid Day.js",
                      "timedOut": false,
                      "duration": 0,
                      "state": "passed",
                      "speed": "fast",
                      "pass": true,
                      "fail": false,
                      "pending": false,
                      "context": null,
                      "code": "const date=dayjs();assert.equal(checkDate(date,\"foo\"),date)",
                      "err": {},
                      "uuid": "4e521c6f-8faa-4dd8-b2b6-1da7c3162e9d",
                      "parentUUID": "99962617-81fc-4eb5-bded-6a122cf646cb",
                      "isHook": false,
                      "skipped": false
                    },
                    {
                      "title": "should throw error for invalid Day.js",
                      "fullTitle": "ICalTools checkDate() Day.js should throw error for invalid Day.js",
                      "timedOut": false,
                      "duration": 0,
                      "state": "passed",
                      "speed": "fast",
                      "pass": true,
                      "fail": false,
                      "pending": false,
                      "context": null,
                      "code": "const date=dayjs(\"foo\");assert.throws(()=>{checkDate(date,\"foo\")},/`foo` has to be a valid date!/)",
                      "err": {},
                      "uuid": "325b661b-f28f-45fb-8eb4-8c7db3b9d8e9",
                      "parentUUID": "99962617-81fc-4eb5-bded-6a122cf646cb",
                      "isHook": false,
                      "skipped": false
                    }
                  ],
                  "suites": [],
                  "passes": [
                    "4e521c6f-8faa-4dd8-b2b6-1da7c3162e9d",
                    "325b661b-f28f-45fb-8eb4-8c7db3b9d8e9"
                  ],
                  "failures": [],
                  "pending": [],
                  "skipped": [],
                  "duration": 0,
                  "root": false,
                  "rootEmpty": false,
                  "_timeout": 2000
                }
              ],
              "passes": [],
              "failures": [],
              "pending": [],
              "skipped": [],
              "duration": 0,
              "root": false,
              "rootEmpty": false,
              "_timeout": 2000
            },
            {
              "uuid": "13c8dba0-25f9-44ab-9a2d-5f7c58759337",
              "title": "toDate()",
              "fullFile": "/home/runner/work/ical-generator/ical-generator/test/tools.ts",
              "file": "/test/tools.ts",
              "beforeHooks": [],
              "afterHooks": [],
              "tests": [
                {
                  "title": "should work with strings",
                  "fullTitle": "ICalTools toDate() should work with strings",
                  "timedOut": false,
                  "duration": 0,
                  "state": "passed",
                  "speed": "fast",
                  "pass": true,
                  "fail": false,
                  "pending": false,
                  "context": null,
                  "code": "const date=new Date;assert.deepStrictEqual(toDate(date.toJSON()),date)",
                  "err": {},
                  "uuid": "a842812e-f7d1-4405-8128-96b0fb753eaf",
                  "parentUUID": "13c8dba0-25f9-44ab-9a2d-5f7c58759337",
                  "isHook": false,
                  "skipped": false
                },
                {
                  "title": "should work with native Date",
                  "fullTitle": "ICalTools toDate() should work with native Date",
                  "timedOut": false,
                  "duration": 0,
                  "state": "passed",
                  "speed": "fast",
                  "pass": true,
                  "fail": false,
                  "pending": false,
                  "context": null,
                  "code": "const date=new Date;assert.deepStrictEqual(toDate(date),date)",
                  "err": {},
                  "uuid": "70fbe5f9-6a00-4831-b105-1bd562145f6e",
                  "parentUUID": "13c8dba0-25f9-44ab-9a2d-5f7c58759337",
                  "isHook": false,
                  "skipped": false
                },
                {
                  "title": "should work with moment object",
                  "fullTitle": "ICalTools toDate() should work with moment object",
                  "timedOut": false,
                  "duration": 1,
                  "state": "passed",
                  "speed": "fast",
                  "pass": true,
                  "fail": false,
                  "pending": false,
                  "context": null,
                  "code": "const date=new Date;assert.deepStrictEqual(toDate(moment(date)),date)",
                  "err": {},
                  "uuid": "71f96417-f0f7-427e-b329-fde97675db54",
                  "parentUUID": "13c8dba0-25f9-44ab-9a2d-5f7c58759337",
                  "isHook": false,
                  "skipped": false
                },
                {
                  "title": "should work with moment-timezone object",
                  "fullTitle": "ICalTools toDate() should work with moment-timezone object",
                  "timedOut": false,
                  "duration": 0,
                  "state": "passed",
                  "speed": "fast",
                  "pass": true,
                  "fail": false,
                  "pending": false,
                  "context": null,
                  "code": "const date=new Date;assert.deepStrictEqual(toDate(momentTz(date)),date)",
                  "err": {},
                  "uuid": "8306e236-733a-4b47-ba28-3cbf28fe61ba",
                  "parentUUID": "13c8dba0-25f9-44ab-9a2d-5f7c58759337",
                  "isHook": false,
                  "skipped": false
                },
                {
                  "title": "should work with Day.js object",
                  "fullTitle": "ICalTools toDate() should work with Day.js object",
                  "timedOut": false,
                  "duration": 0,
                  "state": "passed",
                  "speed": "fast",
                  "pass": true,
                  "fail": false,
                  "pending": false,
                  "context": null,
                  "code": "const date=new Date;assert.deepStrictEqual(toDate(dayjs(date)),date)",
                  "err": {},
                  "uuid": "81e702ce-6eaa-4c57-aba9-571d932569da",
                  "parentUUID": "13c8dba0-25f9-44ab-9a2d-5f7c58759337",
                  "isHook": false,
                  "skipped": false
                },
                {
                  "title": "should work with luxon DateTime object",
                  "fullTitle": "ICalTools toDate() should work with luxon DateTime object",
                  "timedOut": false,
                  "duration": 0,
                  "state": "passed",
                  "speed": "fast",
                  "pass": true,
                  "fail": false,
                  "pending": false,
                  "context": null,
                  "code": "const date=new Date;assert.deepStrictEqual(toDate(DateTime.fromJSDate(date)),date)",
                  "err": {},
                  "uuid": "b224b4d4-6a35-42e6-a8ee-0d9df6c976fd",
                  "parentUUID": "13c8dba0-25f9-44ab-9a2d-5f7c58759337",
                  "isHook": false,
                  "skipped": false
                }
              ],
              "suites": [],
              "passes": [
                "a842812e-f7d1-4405-8128-96b0fb753eaf",
                "70fbe5f9-6a00-4831-b105-1bd562145f6e",
                "71f96417-f0f7-427e-b329-fde97675db54",
                "8306e236-733a-4b47-ba28-3cbf28fe61ba",
                "81e702ce-6eaa-4c57-aba9-571d932569da",
                "b224b4d4-6a35-42e6-a8ee-0d9df6c976fd"
              ],
              "failures": [],
              "pending": [],
              "skipped": [],
              "duration": 1,
              "root": false,
              "rootEmpty": false,
              "_timeout": 2000
            },
            {
              "uuid": "3496f8f7-3975-4550-90ec-b6e2b51dc607",
              "title": "toDurationString()",
              "fullFile": "/home/runner/work/ical-generator/ical-generator/test/tools.ts",
              "file": "/test/tools.ts",
              "beforeHooks": [],
              "afterHooks": [],
              "tests": [
                {
                  "title": "should work",
                  "fullTitle": "ICalTools toDurationString() should work",
                  "timedOut": false,
                  "duration": 0,
                  "state": "passed",
                  "speed": "fast",
                  "pass": true,
                  "fail": false,
                  "pending": false,
                  "context": null,
                  "code": "assert.strictEqual(toDurationString(0),\"PT0S\");assert.strictEqual(toDurationString(1),\"PT1S\");assert.strictEqual(toDurationString(60),\"PT1M\");assert.strictEqual(toDurationString(3600),\"PT1H\");assert.strictEqual(toDurationString(86400),\"P1D\");assert.strictEqual(toDurationString(-3600),\"-PT1H\")",
                  "err": {},
                  "uuid": "6e0143cd-8db1-4b77-9e85-c28d6a1e9ddd",
                  "parentUUID": "3496f8f7-3975-4550-90ec-b6e2b51dc607",
                  "isHook": false,
                  "skipped": false
                }
              ],
              "suites": [],
              "passes": [
                "6e0143cd-8db1-4b77-9e85-c28d6a1e9ddd"
              ],
              "failures": [],
              "pending": [],
              "skipped": [],
              "duration": 0,
              "root": false,
              "rootEmpty": false,
              "_timeout": 2000
            }
          ],
          "passes": [],
          "failures": [],
          "pending": [],
          "skipped": [],
          "duration": 0,
          "root": false,
          "rootEmpty": false,
          "_timeout": 2000
        },
        {
          "uuid": "ee155486-ca49-4dd2-ae36-530c6adffa63",
          "title": "ical-generator Types",
          "fullFile": "/home/runner/work/ical-generator/ical-generator/test/types.ts",
          "file": "/test/types.ts",
          "beforeHooks": [],
          "afterHooks": [],
          "tests": [
            {
              "title": "stubs should be compatible with third party libraries",
              "fullTitle": "ical-generator Types stubs should be compatible with third party libraries",
              "timedOut": false,
              "duration": 0,
              "state": "passed",
              "speed": "fast",
              "pass": true,
              "fail": false,
              "pending": false,
              "context": null,
              "code": "assert.ok(dayJsTest,\"day.js stub should be compatible\");assert.ok(luxonTest,\"luxon stub should be compatible\");assert.ok(momentTest,\"moment stub should be compatible\");assert.ok(momentTimezoneTest,\"moment-timezone stub should be compatible\");assert.ok(rruleTest,\"rrule stub should be compatible\")",
              "err": {},
              "uuid": "fa60542b-d03c-4679-8498-b599030072fd",
              "parentUUID": "ee155486-ca49-4dd2-ae36-530c6adffa63",
              "isHook": false,
              "skipped": false
            },
            {
              "title": "calendar data should be compatible with calendar json data",
              "fullTitle": "ical-generator Types calendar data should be compatible with calendar json data",
              "timedOut": false,
              "duration": 0,
              "state": "passed",
              "speed": "fast",
              "pass": true,
              "fail": false,
              "pending": false,
              "context": null,
              "code": "assert.ok(attendeeJson,\"attendee json data should be compatible\");assert.ok(calendarJson,\"calendar json data should be compatible\");assert.ok(categoryJson,\"category json data should be compatible\");assert.ok(eventJson,\"event json data should be compatible\")",
              "err": {},
              "uuid": "2bfe16f8-60f4-4935-b173-c1bd26aa76bd",
              "parentUUID": "ee155486-ca49-4dd2-ae36-530c6adffa63",
              "isHook": false,
              "skipped": false
            }
          ],
          "suites": [],
          "passes": [
            "fa60542b-d03c-4679-8498-b599030072fd",
            "2bfe16f8-60f4-4935-b173-c1bd26aa76bd"
          ],
          "failures": [],
          "pending": [],
          "skipped": [],
          "duration": 0,
          "root": false,
          "rootEmpty": false,
          "_timeout": 2000
        }
      ],
      "passes": [],
      "failures": [],
      "pending": [],
      "skipped": [],
      "duration": 0,
      "root": true,
      "rootEmpty": true,
      "_timeout": 2000
    }
  ],
  "meta": {
    "mocha": {
      "version": "11.1.0"
    },
    "mochawesome": {
      "options": {
        "quiet": false,
        "reportFilename": "mochawesome",
        "saveHtml": true,
        "saveJson": true,
        "consoleReporter": "spec",
        "useInlineDiffs": false,
        "code": true
      },
      "version": "7.1.3"
    },
    "marge": {
      "options": null,
      "version": "6.2.0"
    }
  }
}