{
  "stats": {
    "suites": 121,
    "tests": 411,
    "passes": 411,
    "pending": 0,
    "failures": 0,
    "start": "2021-09-20T19:09:23.100Z",
    "end": "2021-09-20T19:09:23.445Z",
    "duration": 345,
    "testsRegistered": 411,
    "passPercent": 100,
    "pendingPercent": 0,
    "other": 0,
    "hasOther": false,
    "skipped": 0,
    "hasSkipped": false
  },
  "results": [
    {
      "uuid": "30c24130-2481-4107-beaa-b3f6f1db2ca7",
      "title": "",
      "fullFile": "",
      "file": "",
      "beforeHooks": [],
      "afterHooks": [],
      "tests": [],
      "suites": [
        {
          "uuid": "20bd32e9-60b6-4e6d-bbe2-c2dc67758cef",
          "title": "ical-generator Alarm",
          "fullFile": "/home/runner/work/ical-generator/ical-generator/test/alarm.ts",
          "file": "/test/alarm.ts",
          "beforeHooks": [],
          "afterHooks": [],
          "tests": [],
          "suites": [
            {
              "uuid": "0c90137d-17ab-45b0-af3e-60939dc06d38",
              "title": "constructor()",
              "fullFile": "/home/runner/work/ical-generator/ical-generator/test/alarm.ts",
              "file": "/test/alarm.ts",
              "beforeHooks": [],
              "afterHooks": [],
              "tests": [
                {
                  "title": "shouldn't work without event reference",
                  "fullTitle": "ical-generator Alarm constructor() shouldn't work without event reference",
                  "timedOut": false,
                  "duration": 1,
                  "state": "passed",
                  "speed": "fast",
                  "pass": true,
                  "fail": false,
                  "pending": false,
                  "context": null,
                  "code": "assert_1.default.throws(function () {\n    // @ts-ignore\n    new alarm_1.default({ type: alarm_1.ICalAlarmType.display }, null);\n}, /`event`/);",
                  "err": {},
                  "uuid": "7b16c53d-8157-4ee8-a3f3-4e5d1049e52c",
                  "parentUUID": "0c90137d-17ab-45b0-af3e-60939dc06d38",
                  "isHook": false,
                  "skipped": false
                },
                {
                  "title": "should ignore unknown data attributes",
                  "fullTitle": "ical-generator Alarm constructor() should ignore unknown data attributes",
                  "timedOut": false,
                  "duration": 0,
                  "state": "passed",
                  "speed": "fast",
                  "pass": true,
                  "fail": false,
                  "pending": false,
                  "context": null,
                  "code": "const a = new alarm_1.default({\n    // @ts-ignore\n    unknown: true,\n    type: alarm_1.ICalAlarmType.display\n}, new event_1.default({}, new calendar_1.default()));\nassert_1.default.strictEqual(a.type(), 'display');",
                  "err": {},
                  "uuid": "b42a8e60-353d-4b9d-b6fd-89758fbee63b",
                  "parentUUID": "0c90137d-17ab-45b0-af3e-60939dc06d38",
                  "isHook": false,
                  "skipped": false
                }
              ],
              "suites": [],
              "passes": [
                "7b16c53d-8157-4ee8-a3f3-4e5d1049e52c",
                "b42a8e60-353d-4b9d-b6fd-89758fbee63b"
              ],
              "failures": [],
              "pending": [],
              "skipped": [],
              "duration": 1,
              "root": false,
              "rootEmpty": false,
              "_timeout": 2000
            },
            {
              "uuid": "a520f807-0757-4766-968b-73d424661a29",
              "title": "type()",
              "fullFile": "/home/runner/work/ical-generator/ical-generator/test/alarm.ts",
              "file": "/test/alarm.ts",
              "beforeHooks": [],
              "afterHooks": [],
              "tests": [
                {
                  "title": "setter should return this",
                  "fullTitle": "ical-generator Alarm type() setter should return this",
                  "timedOut": false,
                  "duration": 0,
                  "state": "passed",
                  "speed": "fast",
                  "pass": true,
                  "fail": false,
                  "pending": false,
                  "context": null,
                  "code": "const a = new alarm_1.default({}, new event_1.default({}, new calendar_1.default()));\nassert_1.default.deepStrictEqual(a, a.type(null));\nassert_1.default.deepStrictEqual(a, a.type(alarm_1.ICalAlarmType.display));",
                  "err": {},
                  "uuid": "97ee709d-78cb-4e5d-bbcf-b9c0e633077d",
                  "parentUUID": "a520f807-0757-4766-968b-73d424661a29",
                  "isHook": false,
                  "skipped": false
                },
                {
                  "title": "getter should return value",
                  "fullTitle": "ical-generator Alarm type() getter should return value",
                  "timedOut": false,
                  "duration": 0,
                  "state": "passed",
                  "speed": "fast",
                  "pass": true,
                  "fail": false,
                  "pending": false,
                  "context": null,
                  "code": "const a = new alarm_1.default({}, new event_1.default({}, new calendar_1.default()));\nassert_1.default.strictEqual(a.type(), null);\na.type(alarm_1.ICalAlarmType.display);\nassert_1.default.strictEqual(a.type(), 'display');\na.type(null);\nassert_1.default.strictEqual(a.type(), null);",
                  "err": {},
                  "uuid": "6a8eb413-2c71-4838-a296-2301df7c3544",
                  "parentUUID": "a520f807-0757-4766-968b-73d424661a29",
                  "isHook": false,
                  "skipped": false
                },
                {
                  "title": "should throw error when type not allowed",
                  "fullTitle": "ical-generator Alarm type() should throw error when type not allowed",
                  "timedOut": false,
                  "duration": 0,
                  "state": "passed",
                  "speed": "fast",
                  "pass": true,
                  "fail": false,
                  "pending": false,
                  "context": null,
                  "code": "const a = new alarm_1.default({}, new event_1.default({}, new calendar_1.default()));\nassert_1.default.throws(function () {\n    // @ts-ignore\n    a.type('BANANA');\n}, /`type`/);",
                  "err": {},
                  "uuid": "ae45629c-bdf5-40ca-a52d-1273444a73a5",
                  "parentUUID": "a520f807-0757-4766-968b-73d424661a29",
                  "isHook": false,
                  "skipped": false
                },
                {
                  "title": "should change something",
                  "fullTitle": "ical-generator Alarm type() should change something",
                  "timedOut": false,
                  "duration": 1,
                  "state": "passed",
                  "speed": "fast",
                  "pass": true,
                  "fail": false,
                  "pending": false,
                  "context": null,
                  "code": "const a = new alarm_1.default({\n    type: alarm_1.ICalAlarmType.display,\n    trigger: 60 * 10\n}, new event_1.default({}, new calendar_1.default()));\nassert_1.default.ok(a.toString().indexOf('ACTION:DISPLAY') > -1);",
                  "err": {},
                  "uuid": "1efc7594-2a9a-4b0a-a367-02602e321981",
                  "parentUUID": "a520f807-0757-4766-968b-73d424661a29",
                  "isHook": false,
                  "skipped": false
                }
              ],
              "suites": [],
              "passes": [
                "97ee709d-78cb-4e5d-bbcf-b9c0e633077d",
                "6a8eb413-2c71-4838-a296-2301df7c3544",
                "ae45629c-bdf5-40ca-a52d-1273444a73a5",
                "1efc7594-2a9a-4b0a-a367-02602e321981"
              ],
              "failures": [],
              "pending": [],
              "skipped": [],
              "duration": 1,
              "root": false,
              "rootEmpty": false,
              "_timeout": 2000
            },
            {
              "uuid": "89fc576d-f2d2-4034-aa2e-8aae37cd4bc3",
              "title": "trigger()",
              "fullFile": "/home/runner/work/ical-generator/ical-generator/test/alarm.ts",
              "file": "/test/alarm.ts",
              "beforeHooks": [],
              "afterHooks": [],
              "tests": [
                {
                  "title": "setter should return this",
                  "fullTitle": "ical-generator Alarm trigger() setter should return this",
                  "timedOut": false,
                  "duration": 0,
                  "state": "passed",
                  "speed": "fast",
                  "pass": true,
                  "fail": false,
                  "pending": false,
                  "context": null,
                  "code": "const a = new alarm_1.default({}, new event_1.default({}, new calendar_1.default()));\nassert_1.default.deepStrictEqual(a, a.trigger(null));\nassert_1.default.deepStrictEqual(a, a.trigger(60 * 10));",
                  "err": {},
                  "uuid": "a6fc5b72-6a8c-48ba-b2f5-8806522593de",
                  "parentUUID": "89fc576d-f2d2-4034-aa2e-8aae37cd4bc3",
                  "isHook": false,
                  "skipped": false
                },
                {
                  "title": "getter should return value",
                  "fullTitle": "ical-generator Alarm trigger() getter should return value",
                  "timedOut": false,
                  "duration": 0,
                  "state": "passed",
                  "speed": "fast",
                  "pass": true,
                  "fail": false,
                  "pending": false,
                  "context": null,
                  "code": "const a = new alarm_1.default({}, new event_1.default({}, new calendar_1.default()));\nconst now = new Date();\nassert_1.default.strictEqual(a.trigger(), null);\nassert_1.default.strictEqual(a.triggerAfter(), null);\na.trigger(300);\nassert_1.default.strictEqual(a.trigger(), 300);\nassert_1.default.strictEqual(a.triggerAfter(), -300);\n// Date\na.trigger(now);\nconst dateResult = a.trigger();\nassert_1.default.deepStrictEqual(dateResult, now);\n// Null\na.trigger(null);\nassert_1.default.strictEqual(a.trigger(), null);\nassert_1.default.strictEqual(a.triggerAfter(), null);",
                  "err": {},
                  "uuid": "0d6b9262-71ad-4adb-b597-bd95c9f76584",
                  "parentUUID": "89fc576d-f2d2-4034-aa2e-8aae37cd4bc3",
                  "isHook": false,
                  "skipped": false
                },
                {
                  "title": "should throw error when trigger not allowed",
                  "fullTitle": "ical-generator Alarm trigger() should throw error when trigger not allowed",
                  "timedOut": false,
                  "duration": 0,
                  "state": "passed",
                  "speed": "fast",
                  "pass": true,
                  "fail": false,
                  "pending": false,
                  "context": null,
                  "code": "const a = new alarm_1.default({}, new event_1.default({}, new calendar_1.default()));\nassert_1.default.throws(function () {\n    a.trigger(Infinity);\n}, /`trigger`/);\nassert_1.default.throws(function () {\n    // @ts-ignore\n    a.trigger('hi');\n}, /`trigger`/);\nassert_1.default.throws(function () {\n    // @ts-ignore\n    a.trigger(true);\n}, /`trigger`/);",
                  "err": {},
                  "uuid": "b7f56430-1676-40d0-b00e-b7f88f8e0c38",
                  "parentUUID": "89fc576d-f2d2-4034-aa2e-8aae37cd4bc3",
                  "isHook": false,
                  "skipped": false
                },
                {
                  "title": "setter should work with null",
                  "fullTitle": "ical-generator Alarm trigger() setter should work with null",
                  "timedOut": false,
                  "duration": 0,
                  "state": "passed",
                  "speed": "fast",
                  "pass": true,
                  "fail": false,
                  "pending": false,
                  "context": null,
                  "code": "const a = new alarm_1.default({}, new event_1.default({}, new calendar_1.default()));\na.trigger(60 * 10);\na.trigger(null);\nassert_1.default.strictEqual(a.trigger(), null);",
                  "err": {},
                  "uuid": "5bba08ca-7124-4a41-8b5a-1ac69069e116",
                  "parentUUID": "89fc576d-f2d2-4034-aa2e-8aae37cd4bc3",
                  "isHook": false,
                  "skipped": false
                },
                {
                  "title": "setter should work with date",
                  "fullTitle": "ical-generator Alarm trigger() setter should work with date",
                  "timedOut": false,
                  "duration": 0,
                  "state": "passed",
                  "speed": "fast",
                  "pass": true,
                  "fail": false,
                  "pending": false,
                  "context": null,
                  "code": "const a = new alarm_1.default({}, new event_1.default({}, new calendar_1.default()));\na.trigger(new Date());\nassert_1.default.ok(a.trigger() instanceof Date);",
                  "err": {},
                  "uuid": "6c6f7daa-0d6e-4a63-8e8f-75cfb81c11e0",
                  "parentUUID": "89fc576d-f2d2-4034-aa2e-8aae37cd4bc3",
                  "isHook": false,
                  "skipped": false
                },
                {
                  "title": "setter should work with moment instance",
                  "fullTitle": "ical-generator Alarm trigger() setter should work with moment instance",
                  "timedOut": false,
                  "duration": 1,
                  "state": "passed",
                  "speed": "fast",
                  "pass": true,
                  "fail": false,
                  "pending": false,
                  "context": null,
                  "code": "const a = new alarm_1.default({}, new event_1.default({}, new calendar_1.default()));\na.trigger((0, moment_timezone_1.default)());\nassert_1.default.ok(moment_timezone_1.default.isMoment(a.trigger()));",
                  "err": {},
                  "uuid": "50e55637-f0e5-4fea-8a6a-d80d49148d2d",
                  "parentUUID": "89fc576d-f2d2-4034-aa2e-8aae37cd4bc3",
                  "isHook": false,
                  "skipped": false
                },
                {
                  "title": "setter should work with number",
                  "fullTitle": "ical-generator Alarm trigger() setter should work with number",
                  "timedOut": false,
                  "duration": 0,
                  "state": "passed",
                  "speed": "fast",
                  "pass": true,
                  "fail": false,
                  "pending": false,
                  "context": null,
                  "code": "const a = new alarm_1.default({}, new event_1.default({}, new calendar_1.default()));\na.trigger(2 * 60);\nassert_1.default.strictEqual(a.trigger(), 120);",
                  "err": {},
                  "uuid": "cc8decef-baad-4668-9ec3-420ffb7e26c2",
                  "parentUUID": "89fc576d-f2d2-4034-aa2e-8aae37cd4bc3",
                  "isHook": false,
                  "skipped": false
                },
                {
                  "title": "should change something",
                  "fullTitle": "ical-generator Alarm trigger() should change something",
                  "timedOut": false,
                  "duration": 3,
                  "state": "passed",
                  "speed": "fast",
                  "pass": true,
                  "fail": false,
                  "pending": false,
                  "context": null,
                  "code": "const trigger = (0, moment_timezone_1.default)('2015-02-01T13:38:45.000Z');\nconst a = new alarm_1.default({ type: alarm_1.ICalAlarmType.display, trigger: 60 * 10 }, new event_1.default({}, new calendar_1.default()));\nassert_1.default.ok(a.toString().indexOf('TRIGGER:-PT10M') > -1);\na.trigger(trigger);\nassert_1.default.ok(a.toString().indexOf('TRIGGER;VALUE=DATE-TIME:20150201T133845Z') > -1);",
                  "err": {},
                  "uuid": "66de888d-4944-45a4-8d13-746be02a0bf3",
                  "parentUUID": "89fc576d-f2d2-4034-aa2e-8aae37cd4bc3",
                  "isHook": false,
                  "skipped": false
                }
              ],
              "suites": [],
              "passes": [
                "a6fc5b72-6a8c-48ba-b2f5-8806522593de",
                "0d6b9262-71ad-4adb-b597-bd95c9f76584",
                "b7f56430-1676-40d0-b00e-b7f88f8e0c38",
                "5bba08ca-7124-4a41-8b5a-1ac69069e116",
                "6c6f7daa-0d6e-4a63-8e8f-75cfb81c11e0",
                "50e55637-f0e5-4fea-8a6a-d80d49148d2d",
                "cc8decef-baad-4668-9ec3-420ffb7e26c2",
                "66de888d-4944-45a4-8d13-746be02a0bf3"
              ],
              "failures": [],
              "pending": [],
              "skipped": [],
              "duration": 4,
              "root": false,
              "rootEmpty": false,
              "_timeout": 2000
            },
            {
              "uuid": "c2856015-c78f-45b2-8fcb-20323f3233d9",
              "title": "triggerAfter()",
              "fullFile": "/home/runner/work/ical-generator/ical-generator/test/alarm.ts",
              "file": "/test/alarm.ts",
              "beforeHooks": [],
              "afterHooks": [],
              "tests": [
                {
                  "title": "setter should return this",
                  "fullTitle": "ical-generator Alarm triggerAfter() setter should return this",
                  "timedOut": false,
                  "duration": 0,
                  "state": "passed",
                  "speed": "fast",
                  "pass": true,
                  "fail": false,
                  "pending": false,
                  "context": null,
                  "code": "const a = new alarm_1.default({}, new event_1.default({}, new calendar_1.default()));\nassert_1.default.deepStrictEqual(a, a.triggerAfter(60 * 10));",
                  "err": {},
                  "uuid": "d1b80bad-c1d1-4cb7-9cfb-6804a7acf679",
                  "parentUUID": "c2856015-c78f-45b2-8fcb-20323f3233d9",
                  "isHook": false,
                  "skipped": false
                },
                {
                  "title": "getter should return value",
                  "fullTitle": "ical-generator Alarm triggerAfter() getter should return value",
                  "timedOut": false,
                  "duration": 0,
                  "state": "passed",
                  "speed": "fast",
                  "pass": true,
                  "fail": false,
                  "pending": false,
                  "context": null,
                  "code": "const a = new alarm_1.default({}, new event_1.default({}, new calendar_1.default())).triggerAfter(300);\nassert_1.default.strictEqual(a.triggerAfter(), 300);\nassert_1.default.strictEqual(a.trigger(), -300);",
                  "err": {},
                  "uuid": "85c76916-61cc-44d8-b105-53bdc274e2b7",
                  "parentUUID": "c2856015-c78f-45b2-8fcb-20323f3233d9",
                  "isHook": false,
                  "skipped": false
                },
                {
                  "title": "setter should work with number",
                  "fullTitle": "ical-generator Alarm triggerAfter() setter should work with number",
                  "timedOut": false,
                  "duration": 0,
                  "state": "passed",
                  "speed": "fast",
                  "pass": true,
                  "fail": false,
                  "pending": false,
                  "context": null,
                  "code": "const a = new alarm_1.default({}, new event_1.default({}, new calendar_1.default()));\na.triggerAfter(120);\nassert_1.default.strictEqual(a.trigger(), -120);",
                  "err": {},
                  "uuid": "e4e1b536-5dba-48f8-b470-8d913af66fbe",
                  "parentUUID": "c2856015-c78f-45b2-8fcb-20323f3233d9",
                  "isHook": false,
                  "skipped": false
                },
                {
                  "title": "setter should throw error when trigger not allowed",
                  "fullTitle": "ical-generator Alarm triggerAfter() setter should throw error when trigger not allowed",
                  "timedOut": false,
                  "duration": 0,
                  "state": "passed",
                  "speed": "fast",
                  "pass": true,
                  "fail": false,
                  "pending": false,
                  "context": null,
                  "code": "const a = new alarm_1.default({}, new event_1.default({}, new calendar_1.default()));\nassert_1.default.throws(function () {\n    a.triggerAfter(Infinity);\n}, /`trigger`/);\nassert_1.default.throws(function () {\n    // @ts-ignore\n    a.triggerAfter('hi');\n}, /`trigger`/);\nassert_1.default.throws(function () {\n    // @ts-ignore\n    a.triggerAfter(true);\n}, /`trigger`/);",
                  "err": {},
                  "uuid": "524918ed-dac4-48f3-966a-73cc3fb8e51c",
                  "parentUUID": "c2856015-c78f-45b2-8fcb-20323f3233d9",
                  "isHook": false,
                  "skipped": false
                },
                {
                  "title": "should change something",
                  "fullTitle": "ical-generator Alarm triggerAfter() should change something",
                  "timedOut": false,
                  "duration": 1,
                  "state": "passed",
                  "speed": "fast",
                  "pass": true,
                  "fail": false,
                  "pending": false,
                  "context": null,
                  "code": "const trigger = (0, moment_timezone_1.default)('20150201T133845Z');\nconst a = new alarm_1.default({ type: alarm_1.ICalAlarmType.display, triggerAfter: 60 * 10 }, new event_1.default({}, new calendar_1.default()));\nassert_1.default.ok(a.toString().indexOf('TRIGGER;RELATED=END:PT10M') > -1);\na.triggerAfter(trigger);\nassert_1.default.ok(a.toString().indexOf('TRIGGER;VALUE=DATE-TIME:20150201T133845Z') > -1);",
                  "err": {},
                  "uuid": "dcf2a7a5-af5e-46c1-a749-2f5dbbcfb3e3",
                  "parentUUID": "c2856015-c78f-45b2-8fcb-20323f3233d9",
                  "isHook": false,
                  "skipped": false
                }
              ],
              "suites": [],
              "passes": [
                "d1b80bad-c1d1-4cb7-9cfb-6804a7acf679",
                "85c76916-61cc-44d8-b105-53bdc274e2b7",
                "e4e1b536-5dba-48f8-b470-8d913af66fbe",
                "524918ed-dac4-48f3-966a-73cc3fb8e51c",
                "dcf2a7a5-af5e-46c1-a749-2f5dbbcfb3e3"
              ],
              "failures": [],
              "pending": [],
              "skipped": [],
              "duration": 1,
              "root": false,
              "rootEmpty": false,
              "_timeout": 2000
            },
            {
              "uuid": "bc9a27b7-47ad-442c-a430-a53c39130293",
              "title": "triggerBefore()",
              "fullFile": "/home/runner/work/ical-generator/ical-generator/test/alarm.ts",
              "file": "/test/alarm.ts",
              "beforeHooks": [],
              "afterHooks": [],
              "tests": [
                {
                  "title": "setter should return this",
                  "fullTitle": "ical-generator Alarm triggerBefore() setter should return this",
                  "timedOut": false,
                  "duration": 0,
                  "state": "passed",
                  "speed": "fast",
                  "pass": true,
                  "fail": false,
                  "pending": false,
                  "context": null,
                  "code": "const a = new alarm_1.default({}, new event_1.default({}, new calendar_1.default()));\nassert_1.default.deepStrictEqual(a, a.triggerBefore(null));\nassert_1.default.deepStrictEqual(a, a.triggerBefore(60 * 10));",
                  "err": {},
                  "uuid": "809adaa6-a682-4751-a135-3dd4af31ce8d",
                  "parentUUID": "bc9a27b7-47ad-442c-a430-a53c39130293",
                  "isHook": false,
                  "skipped": false
                },
                {
                  "title": "getter should return value",
                  "fullTitle": "ical-generator Alarm triggerBefore() getter should return value",
                  "timedOut": false,
                  "duration": 0,
                  "state": "passed",
                  "speed": "fast",
                  "pass": true,
                  "fail": false,
                  "pending": false,
                  "context": null,
                  "code": "const a = new alarm_1.default({}, new event_1.default({}, new calendar_1.default()));\nconst now = new Date();\nassert_1.default.strictEqual(a.triggerBefore(), null);\na.trigger(300);\nassert_1.default.strictEqual(a.triggerBefore(), 300);\n// Date\na.trigger(now);\nconst dateResult = a.triggerBefore();\nassert_1.default.deepStrictEqual(dateResult, now);\n// Null\na.trigger(null);\nassert_1.default.strictEqual(a.triggerBefore(), null);",
                  "err": {},
                  "uuid": "fe8c28dd-58f9-4c20-9a00-b7236ba8736a",
                  "parentUUID": "bc9a27b7-47ad-442c-a430-a53c39130293",
                  "isHook": false,
                  "skipped": false
                },
                {
                  "title": "should throw error when trigger not allowed",
                  "fullTitle": "ical-generator Alarm triggerBefore() should throw error when trigger not allowed",
                  "timedOut": false,
                  "duration": 0,
                  "state": "passed",
                  "speed": "fast",
                  "pass": true,
                  "fail": false,
                  "pending": false,
                  "context": null,
                  "code": "const a = new alarm_1.default({}, new event_1.default({}, new calendar_1.default()));\nassert_1.default.throws(function () {\n    a.triggerBefore(Infinity);\n}, /`trigger`/);\nassert_1.default.throws(function () {\n    // @ts-ignore\n    a.triggerBefore('hi');\n}, /`trigger`/);\nassert_1.default.throws(function () {\n    // @ts-ignore\n    a.triggerBefore(true);\n}, /`trigger`/);",
                  "err": {},
                  "uuid": "8ef716ce-b40f-4fbc-a2cf-cc706a0d0153",
                  "parentUUID": "bc9a27b7-47ad-442c-a430-a53c39130293",
                  "isHook": false,
                  "skipped": false
                },
                {
                  "title": "setter should work with null",
                  "fullTitle": "ical-generator Alarm triggerBefore() setter should work with null",
                  "timedOut": false,
                  "duration": 0,
                  "state": "passed",
                  "speed": "fast",
                  "pass": true,
                  "fail": false,
                  "pending": false,
                  "context": null,
                  "code": "const a = new alarm_1.default({}, new event_1.default({}, new calendar_1.default()));\na.triggerBefore(60 * 10);\na.triggerBefore(null);\nassert_1.default.strictEqual(a.trigger(), null);",
                  "err": {},
                  "uuid": "a0d63728-90a9-4056-bc3e-cff02e543427",
                  "parentUUID": "bc9a27b7-47ad-442c-a430-a53c39130293",
                  "isHook": false,
                  "skipped": false
                },
                {
                  "title": "setter should work with date",
                  "fullTitle": "ical-generator Alarm triggerBefore() setter should work with date",
                  "timedOut": false,
                  "duration": 0,
                  "state": "passed",
                  "speed": "fast",
                  "pass": true,
                  "fail": false,
                  "pending": false,
                  "context": null,
                  "code": "const a = new alarm_1.default({}, new event_1.default({}, new calendar_1.default()));\nconst now = new Date();\na.triggerBefore(now);\nassert_1.default.deepStrictEqual(a.trigger(), now);",
                  "err": {},
                  "uuid": "a612cff8-c180-44b7-b9ea-051c579a8f20",
                  "parentUUID": "bc9a27b7-47ad-442c-a430-a53c39130293",
                  "isHook": false,
                  "skipped": false
                },
                {
                  "title": "setter should work with moment instance",
                  "fullTitle": "ical-generator Alarm triggerBefore() setter should work with moment instance",
                  "timedOut": false,
                  "duration": 0,
                  "state": "passed",
                  "speed": "fast",
                  "pass": true,
                  "fail": false,
                  "pending": false,
                  "context": null,
                  "code": "const a = new alarm_1.default({}, new event_1.default({}, new calendar_1.default()));\na.triggerBefore((0, moment_timezone_1.default)());\nassert_1.default.ok(moment_timezone_1.default.isMoment(a.trigger()));",
                  "err": {},
                  "uuid": "ab5ef9bc-3d16-4c67-9192-ac6a0b92a899",
                  "parentUUID": "bc9a27b7-47ad-442c-a430-a53c39130293",
                  "isHook": false,
                  "skipped": false
                },
                {
                  "title": "setter should work with number",
                  "fullTitle": "ical-generator Alarm triggerBefore() setter should work with number",
                  "timedOut": false,
                  "duration": 0,
                  "state": "passed",
                  "speed": "fast",
                  "pass": true,
                  "fail": false,
                  "pending": false,
                  "context": null,
                  "code": "const a = new alarm_1.default({}, new event_1.default({}, new calendar_1.default()));\na.triggerBefore(2 * 60);\nassert_1.default.strictEqual(a.trigger(), 120);",
                  "err": {},
                  "uuid": "024cd696-6d86-498d-9a40-bea478f162fe",
                  "parentUUID": "bc9a27b7-47ad-442c-a430-a53c39130293",
                  "isHook": false,
                  "skipped": false
                },
                {
                  "title": "should change something",
                  "fullTitle": "ical-generator Alarm triggerBefore() should change something",
                  "timedOut": false,
                  "duration": 0,
                  "state": "passed",
                  "speed": "fast",
                  "pass": true,
                  "fail": false,
                  "pending": false,
                  "context": null,
                  "code": "const trigger = (0, moment_timezone_1.default)('2015-02-01T13:38:45.000Z');\nconst a = new alarm_1.default({ type: alarm_1.ICalAlarmType.display, triggerBefore: 60 * 10 }, new event_1.default({}, new calendar_1.default()));\nassert_1.default.ok(a.toString().indexOf('TRIGGER:-PT10M') > -1);\na.triggerBefore(trigger);\nassert_1.default.ok(a.toString().indexOf('TRIGGER;VALUE=DATE-TIME:20150201T133845Z') > -1);",
                  "err": {},
                  "uuid": "3e716e2f-32c5-4616-a970-b6973494dd9f",
                  "parentUUID": "bc9a27b7-47ad-442c-a430-a53c39130293",
                  "isHook": false,
                  "skipped": false
                }
              ],
              "suites": [],
              "passes": [
                "809adaa6-a682-4751-a135-3dd4af31ce8d",
                "fe8c28dd-58f9-4c20-9a00-b7236ba8736a",
                "8ef716ce-b40f-4fbc-a2cf-cc706a0d0153",
                "a0d63728-90a9-4056-bc3e-cff02e543427",
                "a612cff8-c180-44b7-b9ea-051c579a8f20",
                "ab5ef9bc-3d16-4c67-9192-ac6a0b92a899",
                "024cd696-6d86-498d-9a40-bea478f162fe",
                "3e716e2f-32c5-4616-a970-b6973494dd9f"
              ],
              "failures": [],
              "pending": [],
              "skipped": [],
              "duration": 0,
              "root": false,
              "rootEmpty": false,
              "_timeout": 2000
            },
            {
              "uuid": "02da5a33-1c56-4b10-a732-df0c646a06c0",
              "title": "repeat()",
              "fullFile": "/home/runner/work/ical-generator/ical-generator/test/alarm.ts",
              "file": "/test/alarm.ts",
              "beforeHooks": [],
              "afterHooks": [],
              "tests": [
                {
                  "title": "setter should return this",
                  "fullTitle": "ical-generator Alarm repeat() setter should return this",
                  "timedOut": false,
                  "duration": 0,
                  "state": "passed",
                  "speed": "fast",
                  "pass": true,
                  "fail": false,
                  "pending": false,
                  "context": null,
                  "code": "const a = new alarm_1.default({}, new event_1.default({}, new calendar_1.default()));\nassert_1.default.deepStrictEqual(a, a.repeat(null));\nassert_1.default.deepStrictEqual(a, a.repeat(4));",
                  "err": {},
                  "uuid": "b1f7bf93-0638-443e-a578-221a33865ec5",
                  "parentUUID": "02da5a33-1c56-4b10-a732-df0c646a06c0",
                  "isHook": false,
                  "skipped": false
                },
                {
                  "title": "getter should return value",
                  "fullTitle": "ical-generator Alarm repeat() getter should return value",
                  "timedOut": false,
                  "duration": 0,
                  "state": "passed",
                  "speed": "fast",
                  "pass": true,
                  "fail": false,
                  "pending": false,
                  "context": null,
                  "code": "const a = new alarm_1.default({}, new event_1.default({}, new calendar_1.default()));\nassert_1.default.strictEqual(a.repeat(), null);\na.repeat(100);\nassert_1.default.strictEqual(a.repeat(), 100);\na.repeat(null);\nassert_1.default.strictEqual(a.repeat(), null);",
                  "err": {},
                  "uuid": "1e9b1bb3-7c3d-44b8-ae40-fa8a10619b19",
                  "parentUUID": "02da5a33-1c56-4b10-a732-df0c646a06c0",
                  "isHook": false,
                  "skipped": false
                },
                {
                  "title": "should throw error if repeat not allowed",
                  "fullTitle": "ical-generator Alarm repeat() should throw error if repeat not allowed",
                  "timedOut": false,
                  "duration": 0,
                  "state": "passed",
                  "speed": "fast",
                  "pass": true,
                  "fail": false,
                  "pending": false,
                  "context": null,
                  "code": "const a = new alarm_1.default({}, new event_1.default({}, new calendar_1.default()));\nassert_1.default.throws(function () {\n    a.repeat(Infinity);\n}, /`repeat`/);\nassert_1.default.throws(function () {\n    // @ts-ignore\n    a.repeat('hi');\n}, /`repeat`/);\nassert_1.default.throws(function () {\n    // @ts-ignore\n    a.repeat(true);\n}, /`repeat`/);",
                  "err": {},
                  "uuid": "94e235e2-31d8-49c9-adf2-d5da0222470d",
                  "parentUUID": "02da5a33-1c56-4b10-a732-df0c646a06c0",
                  "isHook": false,
                  "skipped": false
                },
                {
                  "title": "should change something",
                  "fullTitle": "ical-generator Alarm repeat() should change something",
                  "timedOut": false,
                  "duration": 0,
                  "state": "passed",
                  "speed": "fast",
                  "pass": true,
                  "fail": false,
                  "pending": false,
                  "context": null,
                  "code": "const a = new alarm_1.default({\n    type: alarm_1.ICalAlarmType.display,\n    trigger: 300,\n    repeat: 42,\n    interval: 60\n}, new event_1.default({}, new calendar_1.default()));\nassert_1.default.ok(a.toString().indexOf('REPEAT:42') > -1);",
                  "err": {},
                  "uuid": "c17bc93e-49bf-4ae4-8bac-c931e16e9b5e",
                  "parentUUID": "02da5a33-1c56-4b10-a732-df0c646a06c0",
                  "isHook": false,
                  "skipped": false
                }
              ],
              "suites": [],
              "passes": [
                "b1f7bf93-0638-443e-a578-221a33865ec5",
                "1e9b1bb3-7c3d-44b8-ae40-fa8a10619b19",
                "94e235e2-31d8-49c9-adf2-d5da0222470d",
                "c17bc93e-49bf-4ae4-8bac-c931e16e9b5e"
              ],
              "failures": [],
              "pending": [],
              "skipped": [],
              "duration": 0,
              "root": false,
              "rootEmpty": false,
              "_timeout": 2000
            },
            {
              "uuid": "9a0e64bf-c62e-48d8-9299-9067c670e4b5",
              "title": "interval()",
              "fullFile": "/home/runner/work/ical-generator/ical-generator/test/alarm.ts",
              "file": "/test/alarm.ts",
              "beforeHooks": [],
              "afterHooks": [],
              "tests": [
                {
                  "title": "setter should return this",
                  "fullTitle": "ical-generator Alarm interval() setter should return this",
                  "timedOut": false,
                  "duration": 0,
                  "state": "passed",
                  "speed": "fast",
                  "pass": true,
                  "fail": false,
                  "pending": false,
                  "context": null,
                  "code": "const a = new alarm_1.default({}, new event_1.default({}, new calendar_1.default()));\nassert_1.default.deepStrictEqual(a, a.interval(null));\nassert_1.default.deepStrictEqual(a, a.interval(60));",
                  "err": {},
                  "uuid": "05e8e677-4c8f-47a7-a970-fbe1fede4420",
                  "parentUUID": "9a0e64bf-c62e-48d8-9299-9067c670e4b5",
                  "isHook": false,
                  "skipped": false
                },
                {
                  "title": "getter should return value",
                  "fullTitle": "ical-generator Alarm interval() getter should return value",
                  "timedOut": false,
                  "duration": 0,
                  "state": "passed",
                  "speed": "fast",
                  "pass": true,
                  "fail": false,
                  "pending": false,
                  "context": null,
                  "code": "const a = new alarm_1.default({}, new event_1.default({}, new calendar_1.default()));\nassert_1.default.strictEqual(a.interval(), null);\na.interval(30);\nassert_1.default.strictEqual(a.interval(), 30);\na.interval(null);\nassert_1.default.strictEqual(a.interval(), null);",
                  "err": {},
                  "uuid": "bc8a8aae-896c-47b0-9a44-0947af3c0052",
                  "parentUUID": "9a0e64bf-c62e-48d8-9299-9067c670e4b5",
                  "isHook": false,
                  "skipped": false
                },
                {
                  "title": "should throw error if repeat not allowed",
                  "fullTitle": "ical-generator Alarm interval() should throw error if repeat not allowed",
                  "timedOut": false,
                  "duration": 1,
                  "state": "passed",
                  "speed": "fast",
                  "pass": true,
                  "fail": false,
                  "pending": false,
                  "context": null,
                  "code": "const a = new alarm_1.default({}, new event_1.default({}, new calendar_1.default()));\nassert_1.default.throws(function () {\n    a.interval(Infinity);\n}, /`interval`/);\nassert_1.default.throws(function () {\n    // @ts-ignore\n    a.interval('hi');\n}, /`interval`/);\nassert_1.default.throws(function () {\n    // @ts-ignore\n    a.interval(true);\n}, /`interval`/);",
                  "err": {},
                  "uuid": "cfae714b-6bbd-4062-9887-7f9b938cefbb",
                  "parentUUID": "9a0e64bf-c62e-48d8-9299-9067c670e4b5",
                  "isHook": false,
                  "skipped": false
                },
                {
                  "title": "should change something",
                  "fullTitle": "ical-generator Alarm interval() should change something",
                  "timedOut": false,
                  "duration": 0,
                  "state": "passed",
                  "speed": "fast",
                  "pass": true,
                  "fail": false,
                  "pending": false,
                  "context": null,
                  "code": "const a = new alarm_1.default({\n    type: alarm_1.ICalAlarmType.display,\n    trigger: 300,\n    repeat: 42,\n    interval: 90\n}, new event_1.default({}, new calendar_1.default()));\nassert_1.default.ok(a.toString().indexOf('DURATION:PT1M30S') > -1);",
                  "err": {},
                  "uuid": "e659a4c3-5491-4973-baf8-5ee6dde1e46b",
                  "parentUUID": "9a0e64bf-c62e-48d8-9299-9067c670e4b5",
                  "isHook": false,
                  "skipped": false
                }
              ],
              "suites": [],
              "passes": [
                "05e8e677-4c8f-47a7-a970-fbe1fede4420",
                "bc8a8aae-896c-47b0-9a44-0947af3c0052",
                "cfae714b-6bbd-4062-9887-7f9b938cefbb",
                "e659a4c3-5491-4973-baf8-5ee6dde1e46b"
              ],
              "failures": [],
              "pending": [],
              "skipped": [],
              "duration": 1,
              "root": false,
              "rootEmpty": false,
              "_timeout": 2000
            },
            {
              "uuid": "1ad959f2-d096-464a-9459-c6262afcb3a4",
              "title": "attach()",
              "fullFile": "/home/runner/work/ical-generator/ical-generator/test/alarm.ts",
              "file": "/test/alarm.ts",
              "beforeHooks": [],
              "afterHooks": [],
              "tests": [
                {
                  "title": "setter should return this",
                  "fullTitle": "ical-generator Alarm attach() setter should return this",
                  "timedOut": false,
                  "duration": 0,
                  "state": "passed",
                  "speed": "fast",
                  "pass": true,
                  "fail": false,
                  "pending": false,
                  "context": null,
                  "code": "const a = new alarm_1.default({}, new event_1.default({}, new calendar_1.default()));\nassert_1.default.deepStrictEqual(a, a.attach(null));\nassert_1.default.deepStrictEqual(a, a.attach('https://sebbo.net/beep.aud'));",
                  "err": {},
                  "uuid": "b8164f87-3e43-4db6-a000-cbddedf483f5",
                  "parentUUID": "1ad959f2-d096-464a-9459-c6262afcb3a4",
                  "isHook": false,
                  "skipped": false
                },
                {
                  "title": "getter should return value",
                  "fullTitle": "ical-generator Alarm attach() getter should return value",
                  "timedOut": false,
                  "duration": 1,
                  "state": "passed",
                  "speed": "fast",
                  "pass": true,
                  "fail": false,
                  "pending": false,
                  "context": null,
                  "code": "const t = { uri: 'https://example.com/alarm.aud', mime: 'audio/basic' };\nconst a = new alarm_1.default({}, new event_1.default({}, new calendar_1.default()));\nassert_1.default.strictEqual(a.attach(), null);\na.attach(t);\nassert_1.default.deepStrictEqual(a.attach(), t);\na.attach('https://www.example.com/beep.aud');\nassert_1.default.deepStrictEqual(a.attach(), {\n    uri: 'https://www.example.com/beep.aud',\n    mime: null\n});\na.attach({\n    uri: 'https://www.example.com/beep.aud'\n});\nassert_1.default.deepStrictEqual(a.attach(), {\n    uri: 'https://www.example.com/beep.aud',\n    mime: null\n});\na.attach(null);\nassert_1.default.strictEqual(a.attach(), null);",
                  "err": {},
                  "uuid": "39eea35b-422e-45b9-8966-60a58c327c5d",
                  "parentUUID": "1ad959f2-d096-464a-9459-c6262afcb3a4",
                  "isHook": false,
                  "skipped": false
                },
                {
                  "title": "should throw error withour uri",
                  "fullTitle": "ical-generator Alarm attach() should throw error withour uri",
                  "timedOut": false,
                  "duration": 0,
                  "state": "passed",
                  "speed": "fast",
                  "pass": true,
                  "fail": false,
                  "pending": false,
                  "context": null,
                  "code": "const a = new alarm_1.default({}, new event_1.default({}, new calendar_1.default()));\nassert_1.default.throws(function () {\n    // @ts-ignore\n    a.attach({ mime: 'audio/basic' });\n}, /`attach.uri`/);",
                  "err": {},
                  "uuid": "9bb74d13-a97c-4f97-816c-a4a205623c28",
                  "parentUUID": "1ad959f2-d096-464a-9459-c6262afcb3a4",
                  "isHook": false,
                  "skipped": false
                },
                {
                  "title": "should throw error when unknown format",
                  "fullTitle": "ical-generator Alarm attach() should throw error when unknown format",
                  "timedOut": false,
                  "duration": 0,
                  "state": "passed",
                  "speed": "fast",
                  "pass": true,
                  "fail": false,
                  "pending": false,
                  "context": null,
                  "code": "const a = new alarm_1.default({}, new event_1.default({}, new calendar_1.default()));\nassert_1.default.throws(function () {\n    // @ts-ignore\n    a.attach(Infinity);\n}, /`attachment`/);",
                  "err": {},
                  "uuid": "48aadfbd-6c83-4df0-bfba-d23b78fa885d",
                  "parentUUID": "1ad959f2-d096-464a-9459-c6262afcb3a4",
                  "isHook": false,
                  "skipped": false
                },
                {
                  "title": "should change something",
                  "fullTitle": "ical-generator Alarm attach() should change something",
                  "timedOut": false,
                  "duration": 0,
                  "state": "passed",
                  "speed": "fast",
                  "pass": true,
                  "fail": false,
                  "pending": false,
                  "context": null,
                  "code": "const a = new alarm_1.default({\n    type: alarm_1.ICalAlarmType.audio,\n    trigger: 300\n}, new event_1.default({}, new calendar_1.default()));\nassert_1.default.ok(a.toString().indexOf('\\r\\nATTACH;VALUE=URI:Basso') > -1);\na.attach('https://example.com/beep.aud');\nassert_1.default.ok(a.toString().indexOf('\\r\\nATTACH;VALUE=URI:https://example.com/beep.aud') > -1);\na.attach({\n    uri: 'https://example.com/beep.aud',\n    mime: 'audio/basic'\n});\nassert_1.default.ok(a.toString().indexOf('\\r\\nATTACH;FMTTYPE=audio/basic:https://example.com/beep.aud') > -1);",
                  "err": {},
                  "uuid": "b25f3889-9b3e-4463-9d2c-855ac4897811",
                  "parentUUID": "1ad959f2-d096-464a-9459-c6262afcb3a4",
                  "isHook": false,
                  "skipped": false
                }
              ],
              "suites": [],
              "passes": [
                "b8164f87-3e43-4db6-a000-cbddedf483f5",
                "39eea35b-422e-45b9-8966-60a58c327c5d",
                "9bb74d13-a97c-4f97-816c-a4a205623c28",
                "48aadfbd-6c83-4df0-bfba-d23b78fa885d",
                "b25f3889-9b3e-4463-9d2c-855ac4897811"
              ],
              "failures": [],
              "pending": [],
              "skipped": [],
              "duration": 1,
              "root": false,
              "rootEmpty": false,
              "_timeout": 2000
            },
            {
              "uuid": "9baad325-9ac2-4def-a23c-bc25bce1f6e1",
              "title": "description()",
              "fullFile": "/home/runner/work/ical-generator/ical-generator/test/alarm.ts",
              "file": "/test/alarm.ts",
              "beforeHooks": [],
              "afterHooks": [],
              "tests": [
                {
                  "title": "setter should return this",
                  "fullTitle": "ical-generator Alarm description() setter should return this",
                  "timedOut": false,
                  "duration": 0,
                  "state": "passed",
                  "speed": "fast",
                  "pass": true,
                  "fail": false,
                  "pending": false,
                  "context": null,
                  "code": "const a = new alarm_1.default({}, new event_1.default({}, new calendar_1.default()));\nassert_1.default.deepStrictEqual(a, a.description(null));\nassert_1.default.deepStrictEqual(a, a.description('Hey Ho!'));",
                  "err": {},
                  "uuid": "f1409c45-25ef-4090-a9a3-8dbcb283945d",
                  "parentUUID": "9baad325-9ac2-4def-a23c-bc25bce1f6e1",
                  "isHook": false,
                  "skipped": false
                },
                {
                  "title": "getter should return value",
                  "fullTitle": "ical-generator Alarm description() getter should return value",
                  "timedOut": false,
                  "duration": 0,
                  "state": "passed",
                  "speed": "fast",
                  "pass": true,
                  "fail": false,
                  "pending": false,
                  "context": null,
                  "code": "const a = new alarm_1.default({}, new event_1.default({}, new calendar_1.default()));\nassert_1.default.deepStrictEqual(a.description(), null);\na.description('blablabla');\nassert_1.default.deepStrictEqual(a.description(), 'blablabla');\na.description(null);\nassert_1.default.deepStrictEqual(a.description(), null);",
                  "err": {},
                  "uuid": "5b46288a-6d5b-446a-830a-de076f6f2e47",
                  "parentUUID": "9baad325-9ac2-4def-a23c-bc25bce1f6e1",
                  "isHook": false,
                  "skipped": false
                },
                {
                  "title": "should change something",
                  "fullTitle": "ical-generator Alarm description() should change something",
                  "timedOut": false,
                  "duration": 1,
                  "state": "passed",
                  "speed": "fast",
                  "pass": true,
                  "fail": false,
                  "pending": false,
                  "context": null,
                  "code": "const a = new alarm_1.default({\n    type: alarm_1.ICalAlarmType.display,\n    trigger: 300,\n    description: 'Huibuh!'\n}, new event_1.default({}, new calendar_1.default()));\nassert_1.default.ok(a.toString().indexOf('\\r\\nDESCRIPTION:Huibuh') > -1);",
                  "err": {},
                  "uuid": "899ca30a-c20d-4132-a78f-50b30b8ac2b8",
                  "parentUUID": "9baad325-9ac2-4def-a23c-bc25bce1f6e1",
                  "isHook": false,
                  "skipped": false
                },
                {
                  "title": "should fallback to event summary",
                  "fullTitle": "ical-generator Alarm description() should fallback to event summary",
                  "timedOut": false,
                  "duration": 0,
                  "state": "passed",
                  "speed": "fast",
                  "pass": true,
                  "fail": false,
                  "pending": false,
                  "context": null,
                  "code": "const a = new alarm_1.default({\n    type: alarm_1.ICalAlarmType.display,\n    trigger: 300\n}, new event_1.default({\n    summary: 'Example Event'\n}, new calendar_1.default()));\nassert_1.default.ok(a.toString().indexOf('\\r\\nDESCRIPTION:Example Event') > -1);",
                  "err": {},
                  "uuid": "8fdf0fd9-3d5c-4224-996a-c0eaf822a579",
                  "parentUUID": "9baad325-9ac2-4def-a23c-bc25bce1f6e1",
                  "isHook": false,
                  "skipped": false
                }
              ],
              "suites": [],
              "passes": [
                "f1409c45-25ef-4090-a9a3-8dbcb283945d",
                "5b46288a-6d5b-446a-830a-de076f6f2e47",
                "899ca30a-c20d-4132-a78f-50b30b8ac2b8",
                "8fdf0fd9-3d5c-4224-996a-c0eaf822a579"
              ],
              "failures": [],
              "pending": [],
              "skipped": [],
              "duration": 1,
              "root": false,
              "rootEmpty": false,
              "_timeout": 2000
            },
            {
              "uuid": "be4a46af-5d1a-404d-b666-77ca7373c349",
              "title": "x()",
              "fullFile": "/home/runner/work/ical-generator/ical-generator/test/alarm.ts",
              "file": "/test/alarm.ts",
              "beforeHooks": [],
              "afterHooks": [],
              "tests": [
                {
                  "title": "is there",
                  "fullTitle": "ical-generator Alarm x() is there",
                  "timedOut": false,
                  "duration": 0,
                  "state": "passed",
                  "speed": "fast",
                  "pass": true,
                  "fail": false,
                  "pending": false,
                  "context": null,
                  "code": "const a = new alarm_1.default({}, new event_1.default({}, new calendar_1.default()));\nassert_1.default.deepStrictEqual(a, a.x('X-FOO', 'bar'));",
                  "err": {},
                  "uuid": "88be7796-6f04-439b-b6e1-4e3af5e1017b",
                  "parentUUID": "be4a46af-5d1a-404d-b666-77ca7373c349",
                  "isHook": false,
                  "skipped": false
                }
              ],
              "suites": [],
              "passes": [
                "88be7796-6f04-439b-b6e1-4e3af5e1017b"
              ],
              "failures": [],
              "pending": [],
              "skipped": [],
              "duration": 0,
              "root": false,
              "rootEmpty": false,
              "_timeout": 2000
            },
            {
              "uuid": "a7da6520-608a-4108-8f93-25009a7de81a",
              "title": "toJSON()",
              "fullFile": "/home/runner/work/ical-generator/ical-generator/test/alarm.ts",
              "file": "/test/alarm.ts",
              "beforeHooks": [],
              "afterHooks": [],
              "tests": [
                {
                  "title": "should work",
                  "fullTitle": "ical-generator Alarm toJSON() should work",
                  "timedOut": false,
                  "duration": 0,
                  "state": "passed",
                  "speed": "fast",
                  "pass": true,
                  "fail": false,
                  "pending": false,
                  "context": null,
                  "code": "const a = new alarm_1.default({}, new event_1.default({}, new calendar_1.default()));\na.type(alarm_1.ICalAlarmType.display);\na.trigger(120);\nassert_1.default.deepStrictEqual(a.toJSON(), {\n    attach: null,\n    description: null,\n    interval: null,\n    repeat: null,\n    trigger: 120,\n    type: 'display',\n    x: []\n});",
                  "err": {},
                  "uuid": "cfedc4c2-f067-477d-98d2-fb7a0ff3cffb",
                  "parentUUID": "a7da6520-608a-4108-8f93-25009a7de81a",
                  "isHook": false,
                  "skipped": false
                },
                {
                  "title": "should be compatible with constructor (type check)",
                  "fullTitle": "ical-generator Alarm toJSON() should be compatible with constructor (type check)",
                  "timedOut": false,
                  "duration": 0,
                  "state": "passed",
                  "speed": "fast",
                  "pass": true,
                  "fail": false,
                  "pending": false,
                  "context": null,
                  "code": "const a = new alarm_1.default({}, new event_1.default({}, new calendar_1.default()));\nnew alarm_1.default(a.toJSON(), new event_1.default({}, new calendar_1.default()));",
                  "err": {},
                  "uuid": "706bb032-2b4a-4f14-bc93-0b03ef1bdcbf",
                  "parentUUID": "a7da6520-608a-4108-8f93-25009a7de81a",
                  "isHook": false,
                  "skipped": false
                }
              ],
              "suites": [],
              "passes": [
                "cfedc4c2-f067-477d-98d2-fb7a0ff3cffb",
                "706bb032-2b4a-4f14-bc93-0b03ef1bdcbf"
              ],
              "failures": [],
              "pending": [],
              "skipped": [],
              "duration": 0,
              "root": false,
              "rootEmpty": false,
              "_timeout": 2000
            },
            {
              "uuid": "de473773-7242-4f0b-b3f2-02ee6837532c",
              "title": "generate()",
              "fullFile": "/home/runner/work/ical-generator/ical-generator/test/alarm.ts",
              "file": "/test/alarm.ts",
              "beforeHooks": [],
              "afterHooks": [],
              "tests": [
                {
                  "title": "shoult throw an error without type",
                  "fullTitle": "ical-generator Alarm generate() shoult throw an error without type",
                  "timedOut": false,
                  "duration": 0,
                  "state": "passed",
                  "speed": "fast",
                  "pass": true,
                  "fail": false,
                  "pending": false,
                  "context": null,
                  "code": "const a = new alarm_1.default({ trigger: 300 }, new event_1.default({}, new calendar_1.default()));\nassert_1.default.throws(function () {\n    a.toString();\n}, /`type`/);",
                  "err": {},
                  "uuid": "ccc90da1-c7d7-4294-bb18-9ac60df6a796",
                  "parentUUID": "de473773-7242-4f0b-b3f2-02ee6837532c",
                  "isHook": false,
                  "skipped": false
                },
                {
                  "title": "shoult throw an error without trigger",
                  "fullTitle": "ical-generator Alarm generate() shoult throw an error without trigger",
                  "timedOut": false,
                  "duration": 0,
                  "state": "passed",
                  "speed": "fast",
                  "pass": true,
                  "fail": false,
                  "pending": false,
                  "context": null,
                  "code": "const a = new alarm_1.default({ type: alarm_1.ICalAlarmType.display }, new event_1.default({}, new calendar_1.default()));\nassert_1.default.throws(function () {\n    a.toString();\n}, /`trigger`/);",
                  "err": {},
                  "uuid": "dedf63fe-9679-4299-ab6a-8dd1dc3f0e26",
                  "parentUUID": "de473773-7242-4f0b-b3f2-02ee6837532c",
                  "isHook": false,
                  "skipped": false
                },
                {
                  "title": "shoult throw an error if repeat is set but interval isn't",
                  "fullTitle": "ical-generator Alarm generate() shoult throw an error if repeat is set but interval isn't",
                  "timedOut": false,
                  "duration": 0,
                  "state": "passed",
                  "speed": "fast",
                  "pass": true,
                  "fail": false,
                  "pending": false,
                  "context": null,
                  "code": "const a = new alarm_1.default({ type: alarm_1.ICalAlarmType.display, trigger: 300, repeat: 4 }, new event_1.default({}, new calendar_1.default()));\nassert_1.default.throws(function () {\n    a.toString();\n}, /for `interval`/);",
                  "err": {},
                  "uuid": "8322e1c2-680b-4449-b664-810a0f66bc7d",
                  "parentUUID": "de473773-7242-4f0b-b3f2-02ee6837532c",
                  "isHook": false,
                  "skipped": false
                },
                {
                  "title": "shoult throw an error if interval is set but repeat isn't",
                  "fullTitle": "ical-generator Alarm generate() shoult throw an error if interval is set but repeat isn't",
                  "timedOut": false,
                  "duration": 0,
                  "state": "passed",
                  "speed": "fast",
                  "pass": true,
                  "fail": false,
                  "pending": false,
                  "context": null,
                  "code": "const a = new alarm_1.default({\n    type: alarm_1.ICalAlarmType.display,\n    trigger: 300,\n    interval: 60\n}, new event_1.default({}, new calendar_1.default()));\nassert_1.default.throws(function () {\n    a.toString();\n}, /for `repeat`/);",
                  "err": {},
                  "uuid": "24327b1e-85cc-4751-8599-95ee2daef14e",
                  "parentUUID": "de473773-7242-4f0b-b3f2-02ee6837532c",
                  "isHook": false,
                  "skipped": false
                }
              ],
              "suites": [],
              "passes": [
                "ccc90da1-c7d7-4294-bb18-9ac60df6a796",
                "dedf63fe-9679-4299-ab6a-8dd1dc3f0e26",
                "8322e1c2-680b-4449-b664-810a0f66bc7d",
                "24327b1e-85cc-4751-8599-95ee2daef14e"
              ],
              "failures": [],
              "pending": [],
              "skipped": [],
              "duration": 0,
              "root": false,
              "rootEmpty": false,
              "_timeout": 2000
            }
          ],
          "passes": [],
          "failures": [],
          "pending": [],
          "skipped": [],
          "duration": 0,
          "root": false,
          "rootEmpty": false,
          "_timeout": 2000
        },
        {
          "uuid": "32add75a-84a0-434c-b0b1-1b38501cfa3c",
          "title": "ical-generator Attendee",
          "fullFile": "/home/runner/work/ical-generator/ical-generator/test/attendee.ts",
          "file": "/test/attendee.ts",
          "beforeHooks": [],
          "afterHooks": [],
          "tests": [],
          "suites": [
            {
              "uuid": "9593a76f-725c-480e-b792-2b620d920ec9",
              "title": "constructor()",
              "fullFile": "/home/runner/work/ical-generator/ical-generator/test/attendee.ts",
              "file": "/test/attendee.ts",
              "beforeHooks": [],
              "afterHooks": [],
              "tests": [
                {
                  "title": "shoud set data from constructor",
                  "fullTitle": "ical-generator Attendee constructor() shoud set data from constructor",
                  "timedOut": false,
                  "duration": 0,
                  "state": "passed",
                  "speed": "fast",
                  "pass": true,
                  "fail": false,
                  "pending": false,
                  "context": null,
                  "code": "const data = {\n    name: 'John Doe',\n    email: 'john@example.org',\n    mailto: 'john+calendar@example.org',\n    status: attendee_1.ICalAttendeeStatus.ACCEPTED,\n    role: attendee_1.ICalAttendeeRole.REQ,\n    rsvp: false,\n    type: attendee_1.ICalAttendeeType.INDIVIDUAL,\n    delegatedTo: null,\n    delegatedFrom: null,\n    x: []\n};\nconst event = new attendee_1.default(data, new event_1.default({}, new calendar_1.default()));\nassert_1.default.deepStrictEqual(event.toJSON(), data);",
                  "err": {},
                  "uuid": "1a003c9a-069a-4f30-93b9-b64310d30d82",
                  "parentUUID": "9593a76f-725c-480e-b792-2b620d920ec9",
                  "isHook": false,
                  "skipped": false
                },
                {
                  "title": "shouldn't work without event reference",
                  "fullTitle": "ical-generator Attendee constructor() shouldn't work without event reference",
                  "timedOut": false,
                  "duration": 1,
                  "state": "passed",
                  "speed": "fast",
                  "pass": true,
                  "fail": false,
                  "pending": false,
                  "context": null,
                  "code": "assert_1.default.throws(function () {\n    // @ts-ignore\n    new attendee_1.default({ email: 'foo@bar.com' });\n}, /`event`/);",
                  "err": {},
                  "uuid": "76511133-b91b-4352-b4e9-34f15ba57389",
                  "parentUUID": "9593a76f-725c-480e-b792-2b620d920ec9",
                  "isHook": false,
                  "skipped": false
                }
              ],
              "suites": [],
              "passes": [
                "1a003c9a-069a-4f30-93b9-b64310d30d82",
                "76511133-b91b-4352-b4e9-34f15ba57389"
              ],
              "failures": [],
              "pending": [],
              "skipped": [],
              "duration": 1,
              "root": false,
              "rootEmpty": false,
              "_timeout": 2000
            },
            {
              "uuid": "6f089ede-0a3c-4bf6-90e8-ebce525fc020",
              "title": "name()",
              "fullFile": "/home/runner/work/ical-generator/ical-generator/test/attendee.ts",
              "file": "/test/attendee.ts",
              "beforeHooks": [],
              "afterHooks": [],
              "tests": [
                {
                  "title": "getter should return value",
                  "fullTitle": "ical-generator Attendee name() getter should return value",
                  "timedOut": false,
                  "duration": 0,
                  "state": "passed",
                  "speed": "fast",
                  "pass": true,
                  "fail": false,
                  "pending": false,
                  "context": null,
                  "code": "const a = new attendee_1.default({}, new event_1.default({}, new calendar_1.default()));\nassert_1.default.strictEqual(a.name(), null);\na.name('Sebastian');\nassert_1.default.strictEqual(a.name(), 'Sebastian');",
                  "err": {},
                  "uuid": "20453274-3fa0-409f-be1f-9b8c2469dce3",
                  "parentUUID": "6f089ede-0a3c-4bf6-90e8-ebce525fc020",
                  "isHook": false,
                  "skipped": false
                },
                {
                  "title": "setter should return this",
                  "fullTitle": "ical-generator Attendee name() setter should return this",
                  "timedOut": false,
                  "duration": 0,
                  "state": "passed",
                  "speed": "fast",
                  "pass": true,
                  "fail": false,
                  "pending": false,
                  "context": null,
                  "code": "const a = new attendee_1.default({}, new event_1.default({}, new calendar_1.default()));\nassert_1.default.deepStrictEqual(a, a.name(null));\nassert_1.default.deepStrictEqual(a, a.name('Sebastian'));",
                  "err": {},
                  "uuid": "2e22c0b0-f535-4a4b-b23f-6679cec49ce6",
                  "parentUUID": "6f089ede-0a3c-4bf6-90e8-ebce525fc020",
                  "isHook": false,
                  "skipped": false
                },
                {
                  "title": "setter should change something",
                  "fullTitle": "ical-generator Attendee name() setter should change something",
                  "timedOut": false,
                  "duration": 0,
                  "state": "passed",
                  "speed": "fast",
                  "pass": true,
                  "fail": false,
                  "pending": false,
                  "context": null,
                  "code": "const a = new attendee_1.default({}, new event_1.default({}, new calendar_1.default()));\na.name('Sebastian');\nassert_1.default.strictEqual(a.name(), 'Sebastian');\na.name(null);\nassert_1.default.strictEqual(a.name(), null);",
                  "err": {},
                  "uuid": "13a0bee1-23af-4034-ba83-e527237209ae",
                  "parentUUID": "6f089ede-0a3c-4bf6-90e8-ebce525fc020",
                  "isHook": false,
                  "skipped": false
                }
              ],
              "suites": [],
              "passes": [
                "20453274-3fa0-409f-be1f-9b8c2469dce3",
                "2e22c0b0-f535-4a4b-b23f-6679cec49ce6",
                "13a0bee1-23af-4034-ba83-e527237209ae"
              ],
              "failures": [],
              "pending": [],
              "skipped": [],
              "duration": 0,
              "root": false,
              "rootEmpty": false,
              "_timeout": 2000
            },
            {
              "uuid": "7a6c6248-6aa4-4d54-8d03-2892dde36110",
              "title": "email()",
              "fullFile": "/home/runner/work/ical-generator/ical-generator/test/attendee.ts",
              "file": "/test/attendee.ts",
              "beforeHooks": [],
              "afterHooks": [],
              "tests": [
                {
                  "title": "getter should return value",
                  "fullTitle": "ical-generator Attendee email() getter should return value",
                  "timedOut": false,
                  "duration": 0,
                  "state": "passed",
                  "speed": "fast",
                  "pass": true,
                  "fail": false,
                  "pending": false,
                  "context": null,
                  "code": "const a = new attendee_1.default({}, new event_1.default({}, new calendar_1.default())).email('foo@example.com');\nassert_1.default.strictEqual(a.email(), 'foo@example.com');",
                  "err": {},
                  "uuid": "c9cc7b16-53d7-42d0-8128-083a15df81ef",
                  "parentUUID": "7a6c6248-6aa4-4d54-8d03-2892dde36110",
                  "isHook": false,
                  "skipped": false
                },
                {
                  "title": "setter should return this",
                  "fullTitle": "ical-generator Attendee email() setter should return this",
                  "timedOut": false,
                  "duration": 0,
                  "state": "passed",
                  "speed": "fast",
                  "pass": true,
                  "fail": false,
                  "pending": false,
                  "context": null,
                  "code": "const a = new attendee_1.default({}, new event_1.default({}, new calendar_1.default()));\nassert_1.default.deepStrictEqual(a, a.email('foo@example.com'));",
                  "err": {},
                  "uuid": "f63d8bf0-e8f0-48aa-9ca3-fcbaddd27c28",
                  "parentUUID": "7a6c6248-6aa4-4d54-8d03-2892dde36110",
                  "isHook": false,
                  "skipped": false
                },
                {
                  "title": "should change something",
                  "fullTitle": "ical-generator Attendee email() should change something",
                  "timedOut": false,
                  "duration": 0,
                  "state": "passed",
                  "speed": "fast",
                  "pass": true,
                  "fail": false,
                  "pending": false,
                  "context": null,
                  "code": "const a = new attendee_1.default({ email: 'mail@example.com' }, new event_1.default({}, new calendar_1.default()));\nassert_1.default.ok(a.toString().indexOf('mail@example.com') > -1);",
                  "err": {},
                  "uuid": "6dc439d6-7c22-4f5b-944c-dbea795d162d",
                  "parentUUID": "7a6c6248-6aa4-4d54-8d03-2892dde36110",
                  "isHook": false,
                  "skipped": false
                }
              ],
              "suites": [],
              "passes": [
                "c9cc7b16-53d7-42d0-8128-083a15df81ef",
                "f63d8bf0-e8f0-48aa-9ca3-fcbaddd27c28",
                "6dc439d6-7c22-4f5b-944c-dbea795d162d"
              ],
              "failures": [],
              "pending": [],
              "skipped": [],
              "duration": 0,
              "root": false,
              "rootEmpty": false,
              "_timeout": 2000
            },
            {
              "uuid": "01c926fe-a26d-4159-a052-46e63635a787",
              "title": "mailto()",
              "fullFile": "/home/runner/work/ical-generator/ical-generator/test/attendee.ts",
              "file": "/test/attendee.ts",
              "beforeHooks": [],
              "afterHooks": [],
              "tests": [
                {
                  "title": "getter should return value",
                  "fullTitle": "ical-generator Attendee mailto() getter should return value",
                  "timedOut": false,
                  "duration": 0,
                  "state": "passed",
                  "speed": "fast",
                  "pass": true,
                  "fail": false,
                  "pending": false,
                  "context": null,
                  "code": "const a = new attendee_1.default({}, new event_1.default({}, new calendar_1.default()));\nassert_1.default.strictEqual(a.mailto(), null);\na.mailto('foo@example.com');\nassert_1.default.strictEqual(a.mailto(), 'foo@example.com');",
                  "err": {},
                  "uuid": "8f371ee8-2c08-49c3-bce3-0447e6ed74a4",
                  "parentUUID": "01c926fe-a26d-4159-a052-46e63635a787",
                  "isHook": false,
                  "skipped": false
                },
                {
                  "title": "setter should return this",
                  "fullTitle": "ical-generator Attendee mailto() setter should return this",
                  "timedOut": false,
                  "duration": 0,
                  "state": "passed",
                  "speed": "fast",
                  "pass": true,
                  "fail": false,
                  "pending": false,
                  "context": null,
                  "code": "const a = new attendee_1.default({}, new event_1.default({}, new calendar_1.default()));\nassert_1.default.deepStrictEqual(a, a.mailto(null));\nassert_1.default.deepStrictEqual(a, a.mailto('foo@example.com'));",
                  "err": {},
                  "uuid": "c2e4771a-a9eb-4ee8-93dc-e57fc3f8572f",
                  "parentUUID": "01c926fe-a26d-4159-a052-46e63635a787",
                  "isHook": false,
                  "skipped": false
                },
                {
                  "title": "should change mailto and keep email if present",
                  "fullTitle": "ical-generator Attendee mailto() should change mailto and keep email if present",
                  "timedOut": false,
                  "duration": 0,
                  "state": "passed",
                  "speed": "fast",
                  "pass": true,
                  "fail": false,
                  "pending": false,
                  "context": null,
                  "code": "const a = new attendee_1.default({ email: 'mail@example.com' }, new event_1.default({}, new calendar_1.default()));\na.mailto('mail2@example2.com');\nassert_1.default.ok(a.toString().indexOf('EMAIL=mail@example.com') > -1 &&\n    a.toString().indexOf('MAILTO:mail2@example2.com') > -1);",
                  "err": {},
                  "uuid": "f609b6ba-584d-430b-bbb9-a822345973ac",
                  "parentUUID": "01c926fe-a26d-4159-a052-46e63635a787",
                  "isHook": false,
                  "skipped": false
                }
              ],
              "suites": [],
              "passes": [
                "8f371ee8-2c08-49c3-bce3-0447e6ed74a4",
                "c2e4771a-a9eb-4ee8-93dc-e57fc3f8572f",
                "f609b6ba-584d-430b-bbb9-a822345973ac"
              ],
              "failures": [],
              "pending": [],
              "skipped": [],
              "duration": 0,
              "root": false,
              "rootEmpty": false,
              "_timeout": 2000
            },
            {
              "uuid": "c73f83c5-2ece-4635-88ef-8fdb6a928282",
              "title": "role()",
              "fullFile": "/home/runner/work/ical-generator/ical-generator/test/attendee.ts",
              "file": "/test/attendee.ts",
              "beforeHooks": [],
              "afterHooks": [],
              "tests": [
                {
                  "title": "setter should return this",
                  "fullTitle": "ical-generator Attendee role() setter should return this",
                  "timedOut": false,
                  "duration": 0,
                  "state": "passed",
                  "speed": "fast",
                  "pass": true,
                  "fail": false,
                  "pending": false,
                  "context": null,
                  "code": "const a = new attendee_1.default({}, new event_1.default({}, new calendar_1.default()));\nassert_1.default.deepStrictEqual(a, a.role(attendee_1.ICalAttendeeRole.REQ));",
                  "err": {},
                  "uuid": "c12e5fe3-ce3d-43e6-8dca-c5a198becb8e",
                  "parentUUID": "c73f83c5-2ece-4635-88ef-8fdb6a928282",
                  "isHook": false,
                  "skipped": false
                },
                {
                  "title": "getter should return value",
                  "fullTitle": "ical-generator Attendee role() getter should return value",
                  "timedOut": false,
                  "duration": 0,
                  "state": "passed",
                  "speed": "fast",
                  "pass": true,
                  "fail": false,
                  "pending": false,
                  "context": null,
                  "code": "const a = new attendee_1.default({}, new event_1.default({}, new calendar_1.default())).role(attendee_1.ICalAttendeeRole.REQ);\nassert_1.default.strictEqual(a.role(), 'REQ-PARTICIPANT');",
                  "err": {},
                  "uuid": "50f2a2e3-3c8b-4f96-b828-9c5adf1586df",
                  "parentUUID": "c73f83c5-2ece-4635-88ef-8fdb6a928282",
                  "isHook": false,
                  "skipped": false
                },
                {
                  "title": "should throw error when method empty",
                  "fullTitle": "ical-generator Attendee role() should throw error when method empty",
                  "timedOut": false,
                  "duration": 0,
                  "state": "passed",
                  "speed": "fast",
                  "pass": true,
                  "fail": false,
                  "pending": false,
                  "context": null,
[...]
              "file": "/test/tools.ts",
              "beforeHooks": [],
              "afterHooks": [],
              "tests": [],
              "suites": [
                {
                  "uuid": "79f3df53-4d6d-40f7-b4d2-a763f1c79b30",
                  "title": "Date",
                  "fullFile": "/home/runner/work/ical-generator/ical-generator/test/tools.ts",
                  "file": "/test/tools.ts",
                  "beforeHooks": [],
                  "afterHooks": [],
                  "tests": [
                    {
                      "title": "should work with valid Date",
                      "fullTitle": "ICalTools checkDate() Date should work with valid Date",
                      "timedOut": false,
                      "duration": 0,
                      "state": "passed",
                      "speed": "fast",
                      "pass": true,
                      "fail": false,
                      "pending": false,
                      "context": null,
                      "code": "const date = new Date();\nassert_1.default.equal((0, tools_1.checkDate)(date, 'foo'), date);",
                      "err": {},
                      "uuid": "75c6fa8c-8a9d-4f7a-9f75-7e293d359675",
                      "parentUUID": "79f3df53-4d6d-40f7-b4d2-a763f1c79b30",
                      "isHook": false,
                      "skipped": false
                    },
                    {
                      "title": "should throw error for invalid Date",
                      "fullTitle": "ICalTools checkDate() Date should throw error for invalid Date",
                      "timedOut": false,
                      "duration": 0,
                      "state": "passed",
                      "speed": "fast",
                      "pass": true,
                      "fail": false,
                      "pending": false,
                      "context": null,
                      "code": "const date = new Date('foo');\nassert_1.default.throws(() => {\n    (0, tools_1.checkDate)(date, 'foo');\n}, /`foo` has to be a valid date!/);",
                      "err": {},
                      "uuid": "029fd246-7179-4047-90c2-d56d2ccb07d6",
                      "parentUUID": "79f3df53-4d6d-40f7-b4d2-a763f1c79b30",
                      "isHook": false,
                      "skipped": false
                    }
                  ],
                  "suites": [],
                  "passes": [
                    "75c6fa8c-8a9d-4f7a-9f75-7e293d359675",
                    "029fd246-7179-4047-90c2-d56d2ccb07d6"
                  ],
                  "failures": [],
                  "pending": [],
                  "skipped": [],
                  "duration": 0,
                  "root": false,
                  "rootEmpty": false,
                  "_timeout": 2000
                },
                {
                  "uuid": "84738d41-7ea0-431c-ab64-e21b0bf515bb",
                  "title": "String",
                  "fullFile": "/home/runner/work/ical-generator/ical-generator/test/tools.ts",
                  "file": "/test/tools.ts",
                  "beforeHooks": [],
                  "afterHooks": [],
                  "tests": [
                    {
                      "title": "should work with valid String",
                      "fullTitle": "ICalTools checkDate() String should work with valid String",
                      "timedOut": false,
                      "duration": 0,
                      "state": "passed",
                      "speed": "fast",
                      "pass": true,
                      "fail": false,
                      "pending": false,
                      "context": null,
                      "code": "const date = '2021-03-28T13:15:23.587Z';\nassert_1.default.equal((0, tools_1.checkDate)(date, 'foo'), date);",
                      "err": {},
                      "uuid": "5d2956b3-436a-4534-a3cc-328c1220b05a",
                      "parentUUID": "84738d41-7ea0-431c-ab64-e21b0bf515bb",
                      "isHook": false,
                      "skipped": false
                    },
                    {
                      "title": "should throw error for invalid String",
                      "fullTitle": "ICalTools checkDate() String should throw error for invalid String",
                      "timedOut": false,
                      "duration": 0,
                      "state": "passed",
                      "speed": "fast",
                      "pass": true,
                      "fail": false,
                      "pending": false,
                      "context": null,
                      "code": "const date = 'foo';\nassert_1.default.throws(() => {\n    (0, tools_1.checkDate)(date, 'foo');\n}, /`foo` has to be a valid date!/);",
                      "err": {},
                      "uuid": "a858e5c1-a788-4bc3-8b38-7070cec8511e",
                      "parentUUID": "84738d41-7ea0-431c-ab64-e21b0bf515bb",
                      "isHook": false,
                      "skipped": false
                    }
                  ],
                  "suites": [],
                  "passes": [
                    "5d2956b3-436a-4534-a3cc-328c1220b05a",
                    "a858e5c1-a788-4bc3-8b38-7070cec8511e"
                  ],
                  "failures": [],
                  "pending": [],
                  "skipped": [],
                  "duration": 0,
                  "root": false,
                  "rootEmpty": false,
                  "_timeout": 2000
                },
                {
                  "uuid": "0f857fc3-26d7-4889-b575-809bbeca4496",
                  "title": "Luxon",
                  "fullFile": "/home/runner/work/ical-generator/ical-generator/test/tools.ts",
                  "file": "/test/tools.ts",
                  "beforeHooks": [],
                  "afterHooks": [],
                  "tests": [
                    {
                      "title": "should work with valid Luxon",
                      "fullTitle": "ICalTools checkDate() Luxon should work with valid Luxon",
                      "timedOut": false,
                      "duration": 0,
                      "state": "passed",
                      "speed": "fast",
                      "pass": true,
                      "fail": false,
                      "pending": false,
                      "context": null,
                      "code": "const date = luxon_1.DateTime.now();\nassert_1.default.equal((0, tools_1.checkDate)(date, 'foo'), date);",
                      "err": {},
                      "uuid": "b6eeb2ec-01ea-4ffe-80f8-15ad1357c394",
                      "parentUUID": "0f857fc3-26d7-4889-b575-809bbeca4496",
                      "isHook": false,
                      "skipped": false
                    },
                    {
                      "title": "should throw error for invalid Luxon",
                      "fullTitle": "ICalTools checkDate() Luxon should throw error for invalid Luxon",
                      "timedOut": false,
                      "duration": 1,
                      "state": "passed",
                      "speed": "fast",
                      "pass": true,
                      "fail": false,
                      "pending": false,
                      "context": null,
                      "code": "const date = luxon_1.DateTime.fromISO('foo');\nassert_1.default.throws(() => {\n    (0, tools_1.checkDate)(date, 'foo');\n}, /`foo` has to be a valid date!/);",
                      "err": {},
                      "uuid": "3345002f-7c07-47e9-8de5-18723cd6443c",
                      "parentUUID": "0f857fc3-26d7-4889-b575-809bbeca4496",
                      "isHook": false,
                      "skipped": false
                    }
                  ],
                  "suites": [],
                  "passes": [
                    "b6eeb2ec-01ea-4ffe-80f8-15ad1357c394",
                    "3345002f-7c07-47e9-8de5-18723cd6443c"
                  ],
                  "failures": [],
                  "pending": [],
                  "skipped": [],
                  "duration": 1,
                  "root": false,
                  "rootEmpty": false,
                  "_timeout": 2000
                },
                {
                  "uuid": "2fc0663e-0a2d-4e59-911f-782d17891fde",
                  "title": "Moment",
                  "fullFile": "/home/runner/work/ical-generator/ical-generator/test/tools.ts",
                  "file": "/test/tools.ts",
                  "beforeHooks": [],
                  "afterHooks": [],
                  "tests": [
                    {
                      "title": "should work with valid Moment",
                      "fullTitle": "ICalTools checkDate() Moment should work with valid Moment",
                      "timedOut": false,
                      "duration": 0,
                      "state": "passed",
                      "speed": "fast",
                      "pass": true,
                      "fail": false,
                      "pending": false,
                      "context": null,
                      "code": "const date = (0, moment_timezone_1.default)();\nassert_1.default.equal((0, tools_1.checkDate)(date, 'foo'), date);",
                      "err": {},
                      "uuid": "8464e64d-0490-4c78-9317-d4c5ac427e7b",
                      "parentUUID": "2fc0663e-0a2d-4e59-911f-782d17891fde",
                      "isHook": false,
                      "skipped": false
                    },
                    {
                      "title": "should throw error for invalid Moment",
                      "fullTitle": "ICalTools checkDate() Moment should throw error for invalid Moment",
                      "timedOut": false,
                      "duration": 1,
                      "state": "passed",
                      "speed": "fast",
                      "pass": true,
                      "fail": false,
                      "pending": false,
                      "context": null,
                      "code": "const date = (0, moment_timezone_1.default)('foo');\nassert_1.default.throws(() => {\n    (0, tools_1.checkDate)(date, 'foo');\n}, /`foo` has to be a valid date!/);",
                      "err": {},
                      "uuid": "4c4c41a3-3705-4d96-a904-a6381460708c",
                      "parentUUID": "2fc0663e-0a2d-4e59-911f-782d17891fde",
                      "isHook": false,
                      "skipped": false
                    }
                  ],
                  "suites": [],
                  "passes": [
                    "8464e64d-0490-4c78-9317-d4c5ac427e7b",
                    "4c4c41a3-3705-4d96-a904-a6381460708c"
                  ],
                  "failures": [],
                  "pending": [],
                  "skipped": [],
                  "duration": 1,
                  "root": false,
                  "rootEmpty": false,
                  "_timeout": 2000
                },
                {
                  "uuid": "49532d8d-8e38-4581-bb78-77ac1776a6d7",
                  "title": "Day.js",
                  "fullFile": "/home/runner/work/ical-generator/ical-generator/test/tools.ts",
                  "file": "/test/tools.ts",
                  "beforeHooks": [],
                  "afterHooks": [],
                  "tests": [
                    {
                      "title": "should work with valid Day.js",
                      "fullTitle": "ICalTools checkDate() Day.js should work with valid Day.js",
                      "timedOut": false,
                      "duration": 0,
                      "state": "passed",
                      "speed": "fast",
                      "pass": true,
                      "fail": false,
                      "pending": false,
                      "context": null,
                      "code": "const date = (0, dayjs_1.default)();\nassert_1.default.equal((0, tools_1.checkDate)(date, 'foo'), date);",
                      "err": {},
                      "uuid": "65b1de2d-58e5-43fe-9d2b-a51362786a2b",
                      "parentUUID": "49532d8d-8e38-4581-bb78-77ac1776a6d7",
                      "isHook": false,
                      "skipped": false
                    },
                    {
                      "title": "should throw error for invalid Day.js",
                      "fullTitle": "ICalTools checkDate() Day.js should throw error for invalid Day.js",
                      "timedOut": false,
                      "duration": 0,
                      "state": "passed",
                      "speed": "fast",
                      "pass": true,
                      "fail": false,
                      "pending": false,
                      "context": null,
                      "code": "const date = (0, dayjs_1.default)('foo');\nassert_1.default.throws(() => {\n    (0, tools_1.checkDate)(date, 'foo');\n}, /`foo` has to be a valid date!/);",
                      "err": {},
                      "uuid": "82d2b525-9c59-475f-8933-3a91fb143171",
                      "parentUUID": "49532d8d-8e38-4581-bb78-77ac1776a6d7",
                      "isHook": false,
                      "skipped": false
                    }
                  ],
                  "suites": [],
                  "passes": [
                    "65b1de2d-58e5-43fe-9d2b-a51362786a2b",
                    "82d2b525-9c59-475f-8933-3a91fb143171"
                  ],
                  "failures": [],
                  "pending": [],
                  "skipped": [],
                  "duration": 0,
                  "root": false,
                  "rootEmpty": false,
                  "_timeout": 2000
                }
              ],
              "passes": [],
              "failures": [],
              "pending": [],
              "skipped": [],
              "duration": 0,
              "root": false,
              "rootEmpty": false,
              "_timeout": 2000
            },
            {
              "uuid": "1e74308f-e8ca-423e-8119-41cf32d9a177",
              "title": "toDate()",
              "fullFile": "/home/runner/work/ical-generator/ical-generator/test/tools.ts",
              "file": "/test/tools.ts",
              "beforeHooks": [],
              "afterHooks": [],
              "tests": [
                {
                  "title": "should work with strings",
                  "fullTitle": "ICalTools toDate() should work with strings",
                  "timedOut": false,
                  "duration": 1,
                  "state": "passed",
                  "speed": "fast",
                  "pass": true,
                  "fail": false,
                  "pending": false,
                  "context": null,
                  "code": "const date = new Date();\nassert_1.default.deepStrictEqual((0, tools_1.toDate)(date.toJSON()), date);",
                  "err": {},
                  "uuid": "8e89c4be-97cb-425b-83a9-c2827d3afe0d",
                  "parentUUID": "1e74308f-e8ca-423e-8119-41cf32d9a177",
                  "isHook": false,
                  "skipped": false
                },
                {
                  "title": "should work with native Date",
                  "fullTitle": "ICalTools toDate() should work with native Date",
                  "timedOut": false,
                  "duration": 0,
                  "state": "passed",
                  "speed": "fast",
                  "pass": true,
                  "fail": false,
                  "pending": false,
                  "context": null,
                  "code": "const date = new Date();\nassert_1.default.deepStrictEqual((0, tools_1.toDate)(date), date);",
                  "err": {},
                  "uuid": "f045deee-0f4c-4ed0-9372-9cba96678e38",
                  "parentUUID": "1e74308f-e8ca-423e-8119-41cf32d9a177",
                  "isHook": false,
                  "skipped": false
                },
                {
                  "title": "should work with moment object",
                  "fullTitle": "ICalTools toDate() should work with moment object",
                  "timedOut": false,
                  "duration": 0,
                  "state": "passed",
                  "speed": "fast",
                  "pass": true,
                  "fail": false,
                  "pending": false,
                  "context": null,
                  "code": "const date = new Date();\nassert_1.default.deepStrictEqual((0, tools_1.toDate)((0, moment_timezone_1.default)(date)), date);",
                  "err": {},
                  "uuid": "20600ecd-7fc1-48b5-a533-63490c8d1817",
                  "parentUUID": "1e74308f-e8ca-423e-8119-41cf32d9a177",
                  "isHook": false,
                  "skipped": false
                },
                {
                  "title": "should work with Day.js object",
                  "fullTitle": "ICalTools toDate() should work with Day.js object",
                  "timedOut": false,
                  "duration": 0,
                  "state": "passed",
                  "speed": "fast",
                  "pass": true,
                  "fail": false,
                  "pending": false,
                  "context": null,
                  "code": "const date = new Date();\nassert_1.default.deepStrictEqual((0, tools_1.toDate)((0, dayjs_1.default)(date)), date);",
                  "err": {},
                  "uuid": "93d43ed0-1734-4689-ad9c-89f0a08f1ffd",
                  "parentUUID": "1e74308f-e8ca-423e-8119-41cf32d9a177",
                  "isHook": false,
                  "skipped": false
                },
                {
                  "title": "should work with luxon DateTime object",
                  "fullTitle": "ICalTools toDate() should work with luxon DateTime object",
                  "timedOut": false,
                  "duration": 0,
                  "state": "passed",
                  "speed": "fast",
                  "pass": true,
                  "fail": false,
                  "pending": false,
                  "context": null,
                  "code": "const date = new Date();\nassert_1.default.deepStrictEqual((0, tools_1.toDate)(luxon_1.DateTime.fromJSDate(date)), date);",
                  "err": {},
                  "uuid": "c5e8e360-62d4-46a6-bc74-d0b27a251fe2",
                  "parentUUID": "1e74308f-e8ca-423e-8119-41cf32d9a177",
                  "isHook": false,
                  "skipped": false
                }
              ],
              "suites": [],
              "passes": [
                "8e89c4be-97cb-425b-83a9-c2827d3afe0d",
                "f045deee-0f4c-4ed0-9372-9cba96678e38",
                "20600ecd-7fc1-48b5-a533-63490c8d1817",
                "93d43ed0-1734-4689-ad9c-89f0a08f1ffd",
                "c5e8e360-62d4-46a6-bc74-d0b27a251fe2"
              ],
              "failures": [],
              "pending": [],
              "skipped": [],
              "duration": 1,
              "root": false,
              "rootEmpty": false,
              "_timeout": 2000
            }
          ],
          "passes": [],
          "failures": [],
          "pending": [],
          "skipped": [],
          "duration": 0,
          "root": false,
          "rootEmpty": false,
          "_timeout": 2000
        }
      ],
      "passes": [],
      "failures": [],
      "pending": [],
      "skipped": [],
      "duration": 0,
      "root": true,
      "rootEmpty": true,
      "_timeout": 2000
    }
  ],
  "meta": {
    "mocha": {
      "version": "9.1.0"
    },
    "mochawesome": {
      "options": {
        "quiet": false,
        "reportFilename": "mochawesome",
        "saveHtml": true,
        "saveJson": true,
        "consoleReporter": "spec",
        "useInlineDiffs": false,
        "code": true
      },
      "version": "6.2.2"
    },
    "marge": {
      "options": null,
      "version": "5.2.0"
    }
  }
}