{
  "stats": {
    "suites": 133,
    "tests": 464,
    "passes": 462,
    "pending": 2,
    "failures": 0,
    "start": "2025-05-20T16:24:44.315Z",
    "end": "2025-05-20T16:24:44.478Z",
    "duration": 163,
    "testsRegistered": 464,
    "passPercent": 100,
    "pendingPercent": 0.43103448275862066,
    "other": 0,
    "hasOther": false,
    "skipped": 0,
    "hasSkipped": false
  },
  "results": [
    {
      "uuid": "2611e598-5d51-43cb-8f13-9d6634be0132",
      "title": "",
      "fullFile": "",
      "file": "",
      "beforeHooks": [],
      "afterHooks": [],
      "tests": [],
      "suites": [
        {
          "uuid": "9b52e77c-73be-48d0-8c32-5d724a408d72",
          "title": "ical-generator Alarm",
          "fullFile": "/home/runner/work/ical-generator/ical-generator/test/alarm.ts",
          "file": "/test/alarm.ts",
          "beforeHooks": [],
          "afterHooks": [],
          "tests": [],
          "suites": [
            {
              "uuid": "083b086d-d815-4c51-ae7d-e7174f346dbb",
              "title": "constructor()",
              "fullFile": "/home/runner/work/ical-generator/ical-generator/test/alarm.ts",
              "file": "/test/alarm.ts",
              "beforeHooks": [],
              "afterHooks": [],
              "tests": [
                {
                  "title": "shouldn't work without event reference",
                  "fullTitle": "ical-generator Alarm constructor() shouldn't work without event reference",
                  "timedOut": false,
                  "duration": 0,
                  "state": "passed",
                  "speed": "fast",
                  "pass": true,
                  "fail": false,
                  "pending": false,
                  "context": null,
                  "code": "assert.throws(function(){new ICalAlarm({type:ICalAlarmType.display},null)},/`event`/)",
                  "err": {},
                  "uuid": "f701a2b8-e4ca-4bcf-861b-043e02e7137b",
                  "parentUUID": "083b086d-d815-4c51-ae7d-e7174f346dbb",
                  "isHook": false,
                  "skipped": false
                },
                {
                  "title": "should ignore unknown data attributes",
                  "fullTitle": "ical-generator Alarm constructor() should ignore unknown data attributes",
                  "timedOut": false,
                  "duration": 0,
                  "state": "passed",
                  "speed": "fast",
                  "pass": true,
                  "fail": false,
                  "pending": false,
                  "context": null,
                  "code": "const a=new ICalAlarm({type:ICalAlarmType.display,unknown:true},new ICalEvent({start:new Date},new ICalCalendar));assert.strictEqual(a.type(),\"display\")",
                  "err": {},
                  "uuid": "6bf609ea-83ac-4fd2-adcd-7480c4eb5ee0",
                  "parentUUID": "083b086d-d815-4c51-ae7d-e7174f346dbb",
                  "isHook": false,
                  "skipped": false
                }
              ],
              "suites": [],
              "passes": [
                "f701a2b8-e4ca-4bcf-861b-043e02e7137b",
                "6bf609ea-83ac-4fd2-adcd-7480c4eb5ee0"
              ],
              "failures": [],
              "pending": [],
              "skipped": [],
              "duration": 0,
              "root": false,
              "rootEmpty": false,
              "_timeout": 2000
            },
            {
              "uuid": "1077baa7-366e-49a8-adc5-a011a9b58730",
              "title": "type()",
              "fullFile": "/home/runner/work/ical-generator/ical-generator/test/alarm.ts",
              "file": "/test/alarm.ts",
              "beforeHooks": [],
              "afterHooks": [],
              "tests": [
                {
                  "title": "setter should return this",
                  "fullTitle": "ical-generator Alarm type() setter should return this",
                  "timedOut": false,
                  "duration": 0,
                  "state": "passed",
                  "speed": "fast",
                  "pass": true,
                  "fail": false,
                  "pending": false,
                  "context": null,
                  "code": "const a=new ICalAlarm({},new ICalEvent({start:new Date},new ICalCalendar));assert.deepStrictEqual(a,a.type(ICalAlarmType.display))",
                  "err": {},
                  "uuid": "704c5703-37a1-480e-849e-1c9512676ffd",
                  "parentUUID": "1077baa7-366e-49a8-adc5-a011a9b58730",
                  "isHook": false,
                  "skipped": false
                },
                {
                  "title": "getter should return value",
                  "fullTitle": "ical-generator Alarm type() getter should return value",
                  "timedOut": false,
                  "duration": 0,
                  "state": "passed",
                  "speed": "fast",
                  "pass": true,
                  "fail": false,
                  "pending": false,
                  "context": null,
                  "code": "const a=new ICalAlarm({},new ICalEvent({start:new Date},new ICalCalendar));assert.strictEqual(a.type(),\"display\");a.type(ICalAlarmType.audio);assert.strictEqual(a.type(),\"audio\")",
                  "err": {},
                  "uuid": "230ad446-44f7-4741-b477-c3a660d5d49b",
                  "parentUUID": "1077baa7-366e-49a8-adc5-a011a9b58730",
                  "isHook": false,
                  "skipped": false
                },
                {
                  "title": "should throw error when type not allowed",
                  "fullTitle": "ical-generator Alarm type() should throw error when type not allowed",
                  "timedOut": false,
                  "duration": 0,
                  "state": "passed",
                  "speed": "fast",
                  "pass": true,
                  "fail": false,
                  "pending": false,
                  "context": null,
                  "code": "const a=new ICalAlarm({},new ICalEvent({start:new Date},new ICalCalendar));assert.throws(function(){a.type(\"BANANA\")},/`type`/);assert.throws(function(){a.type(null)},/`type`/)",
                  "err": {},
                  "uuid": "bfc882ab-66be-41f3-8a88-15322a917088",
                  "parentUUID": "1077baa7-366e-49a8-adc5-a011a9b58730",
                  "isHook": false,
                  "skipped": false
                },
                {
                  "title": "should change something",
                  "fullTitle": "ical-generator Alarm type() should change something",
                  "timedOut": false,
                  "duration": 1,
                  "state": "passed",
                  "speed": "fast",
                  "pass": true,
                  "fail": false,
                  "pending": false,
                  "context": null,
                  "code": "const a=new ICalAlarm({},new ICalEvent({start:new Date},new ICalCalendar));assert.ok(a.toString().indexOf(\"ACTION:DISPLAY\")>-1)",
                  "err": {},
                  "uuid": "e7fa3d67-32bb-4d93-8f9d-cc8036493e9b",
                  "parentUUID": "1077baa7-366e-49a8-adc5-a011a9b58730",
                  "isHook": false,
                  "skipped": false
                }
              ],
              "suites": [],
              "passes": [
                "704c5703-37a1-480e-849e-1c9512676ffd",
                "230ad446-44f7-4741-b477-c3a660d5d49b",
                "bfc882ab-66be-41f3-8a88-15322a917088",
                "e7fa3d67-32bb-4d93-8f9d-cc8036493e9b"
              ],
              "failures": [],
              "pending": [],
              "skipped": [],
              "duration": 1,
              "root": false,
              "rootEmpty": false,
              "_timeout": 2000
            },
            {
              "uuid": "fcf0b76c-25ae-4b3c-adce-c7a0bfa5fb34",
              "title": "trigger()",
              "fullFile": "/home/runner/work/ical-generator/ical-generator/test/alarm.ts",
              "file": "/test/alarm.ts",
              "beforeHooks": [],
              "afterHooks": [],
              "tests": [
                {
                  "title": "setter should return this",
                  "fullTitle": "ical-generator Alarm trigger() setter should return this",
                  "timedOut": false,
                  "duration": 0,
                  "state": "passed",
                  "speed": "fast",
                  "pass": true,
                  "fail": false,
                  "pending": false,
                  "context": null,
                  "code": "const a=new ICalAlarm({},new ICalEvent({start:new Date},new ICalCalendar));assert.deepStrictEqual(a,a.trigger(60*10))",
                  "err": {},
                  "uuid": "17fd96dd-cda9-42b9-93ee-b6b02390cafc",
                  "parentUUID": "fcf0b76c-25ae-4b3c-adce-c7a0bfa5fb34",
                  "isHook": false,
                  "skipped": false
                },
                {
                  "title": "getter should return value",
                  "fullTitle": "ical-generator Alarm trigger() getter should return value",
                  "timedOut": false,
                  "duration": 1,
                  "state": "passed",
                  "speed": "fast",
                  "pass": true,
                  "fail": false,
                  "pending": false,
                  "context": null,
                  "code": "const a=new ICalAlarm({},new ICalEvent({start:new Date},new ICalCalendar));const now=new Date;assert.strictEqual(a.trigger(),600);assert.strictEqual(a.triggerAfter(),-600);a.trigger(300);assert.strictEqual(a.trigger(),300);assert.strictEqual(a.triggerAfter(),-300);a.trigger(now);const dateResult=a.trigger();assert.deepStrictEqual(dateResult,now)",
                  "err": {},
                  "uuid": "35097a10-7226-4e4b-aa82-9d74b557a136",
                  "parentUUID": "fcf0b76c-25ae-4b3c-adce-c7a0bfa5fb34",
                  "isHook": false,
                  "skipped": false
                },
                {
                  "title": "should throw error when trigger not allowed",
                  "fullTitle": "ical-generator Alarm trigger() should throw error when trigger not allowed",
                  "timedOut": false,
                  "duration": 0,
                  "state": "passed",
                  "speed": "fast",
                  "pass": true,
                  "fail": false,
                  "pending": false,
                  "context": null,
                  "code": "const a=new ICalAlarm({},new ICalEvent({start:new Date},new ICalCalendar));assert.throws(function(){a.trigger(Infinity)},/`trigger`/);assert.throws(function(){a.trigger(\"hi\")},/`trigger`/);assert.throws(function(){a.trigger(true)},/`trigger`/)",
                  "err": {},
                  "uuid": "918411fc-4a11-4948-a0f6-d4bbb8c2d6f6",
                  "parentUUID": "fcf0b76c-25ae-4b3c-adce-c7a0bfa5fb34",
                  "isHook": false,
                  "skipped": false
                },
                {
                  "title": "setter should work with date",
                  "fullTitle": "ical-generator Alarm trigger() setter should work with date",
                  "timedOut": false,
                  "duration": 0,
                  "state": "passed",
                  "speed": "fast",
                  "pass": true,
                  "fail": false,
                  "pending": false,
                  "context": null,
                  "code": "const a=new ICalAlarm({},new ICalEvent({start:new Date},new ICalCalendar));a.trigger(new Date);assert.ok(a.trigger()instanceof Date)",
                  "err": {},
                  "uuid": "848125da-8dc9-46b1-9b9e-8737a143d216",
                  "parentUUID": "fcf0b76c-25ae-4b3c-adce-c7a0bfa5fb34",
                  "isHook": false,
                  "skipped": false
                },
                {
                  "title": "setter should work with moment instance",
                  "fullTitle": "ical-generator Alarm trigger() setter should work with moment instance",
                  "timedOut": false,
                  "duration": 0,
                  "state": "passed",
                  "speed": "fast",
                  "pass": true,
                  "fail": false,
                  "pending": false,
                  "context": null,
                  "code": "const a=new ICalAlarm({},new ICalEvent({start:new Date},new ICalCalendar));a.trigger(moment());assert.ok(moment.isMoment(a.trigger()))",
                  "err": {},
                  "uuid": "9cd1fd5f-ffed-4e56-b909-e6d5aa82f683",
                  "parentUUID": "fcf0b76c-25ae-4b3c-adce-c7a0bfa5fb34",
                  "isHook": false,
                  "skipped": false
                },
                {
                  "title": "setter should work with number",
                  "fullTitle": "ical-generator Alarm trigger() setter should work with number",
                  "timedOut": false,
                  "duration": 0,
                  "state": "passed",
                  "speed": "fast",
                  "pass": true,
                  "fail": false,
                  "pending": false,
                  "context": null,
                  "code": "const a=new ICalAlarm({},new ICalEvent({start:new Date},new ICalCalendar));a.trigger(2*60);assert.strictEqual(a.trigger(),120)",
                  "err": {},
                  "uuid": "d9babce1-e525-4519-8c5b-5d45832cee0f",
                  "parentUUID": "fcf0b76c-25ae-4b3c-adce-c7a0bfa5fb34",
                  "isHook": false,
                  "skipped": false
                },
                {
                  "title": "should change something",
                  "fullTitle": "ical-generator Alarm trigger() should change something",
                  "timedOut": false,
                  "duration": 2,
                  "state": "passed",
                  "speed": "fast",
                  "pass": true,
                  "fail": false,
                  "pending": false,
                  "context": null,
                  "code": "const trigger=moment(\"2015-02-01T13:38:45.000Z\");const a=new ICalAlarm({},new ICalEvent({start:new Date},new ICalCalendar));assert.ok(a.toString().includes(\"TRIGGER:-PT10M\"));a.trigger(trigger);assert.ok(a.toString().includes(\"TRIGGER;VALUE=DATE-TIME:20150201T133845Z\"))",
                  "err": {},
                  "uuid": "e81098a8-138d-4c17-a50f-1057ec363db3",
                  "parentUUID": "fcf0b76c-25ae-4b3c-adce-c7a0bfa5fb34",
                  "isHook": false,
                  "skipped": false
                }
              ],
              "suites": [],
              "passes": [
                "17fd96dd-cda9-42b9-93ee-b6b02390cafc",
                "35097a10-7226-4e4b-aa82-9d74b557a136",
                "918411fc-4a11-4948-a0f6-d4bbb8c2d6f6",
                "848125da-8dc9-46b1-9b9e-8737a143d216",
                "9cd1fd5f-ffed-4e56-b909-e6d5aa82f683",
                "d9babce1-e525-4519-8c5b-5d45832cee0f",
                "e81098a8-138d-4c17-a50f-1057ec363db3"
              ],
              "failures": [],
              "pending": [],
              "skipped": [],
              "duration": 3,
              "root": false,
              "rootEmpty": false,
              "_timeout": 2000
            },
            {
              "uuid": "6e9d5df2-35aa-46d8-8f69-1fb67fb4fd09",
              "title": "triggerAfter()",
              "fullFile": "/home/runner/work/ical-generator/ical-generator/test/alarm.ts",
              "file": "/test/alarm.ts",
              "beforeHooks": [],
              "afterHooks": [],
              "tests": [
                {
                  "title": "setter should return this",
                  "fullTitle": "ical-generator Alarm triggerAfter() setter should return this",
                  "timedOut": false,
                  "duration": 0,
                  "state": "passed",
                  "speed": "fast",
                  "pass": true,
                  "fail": false,
                  "pending": false,
                  "context": null,
                  "code": "const a=new ICalAlarm({},new ICalEvent({start:new Date},new ICalCalendar));assert.deepStrictEqual(a,a.triggerAfter(60*10))",
                  "err": {},
                  "uuid": "c9226c69-cc97-4dbe-b6cf-fd9ff8dc3860",
                  "parentUUID": "6e9d5df2-35aa-46d8-8f69-1fb67fb4fd09",
                  "isHook": false,
                  "skipped": false
                },
                {
                  "title": "getter should return value",
                  "fullTitle": "ical-generator Alarm triggerAfter() getter should return value",
                  "timedOut": false,
                  "duration": 0,
                  "state": "passed",
                  "speed": "fast",
                  "pass": true,
                  "fail": false,
                  "pending": false,
                  "context": null,
                  "code": "const a=new ICalAlarm({},new ICalEvent({start:new Date},new ICalCalendar)).triggerAfter(300);assert.strictEqual(a.triggerAfter(),300);assert.strictEqual(a.trigger(),-300)",
                  "err": {},
                  "uuid": "0fc914b3-eb73-4066-b485-04e952a8fe1e",
                  "parentUUID": "6e9d5df2-35aa-46d8-8f69-1fb67fb4fd09",
                  "isHook": false,
                  "skipped": false
                },
                {
                  "title": "setter should work with number",
                  "fullTitle": "ical-generator Alarm triggerAfter() setter should work with number",
                  "timedOut": false,
                  "duration": 0,
                  "state": "passed",
                  "speed": "fast",
                  "pass": true,
                  "fail": false,
                  "pending": false,
                  "context": null,
                  "code": "const a=new ICalAlarm({},new ICalEvent({start:new Date},new ICalCalendar));a.triggerAfter(120);assert.strictEqual(a.trigger(),-120)",
                  "err": {},
                  "uuid": "d2509df7-14ba-486e-8bb9-493ac90c28c4",
                  "parentUUID": "6e9d5df2-35aa-46d8-8f69-1fb67fb4fd09",
                  "isHook": false,
                  "skipped": false
                },
                {
                  "title": "setter should throw error when trigger not allowed",
                  "fullTitle": "ical-generator Alarm triggerAfter() setter should throw error when trigger not allowed",
                  "timedOut": false,
                  "duration": 0,
                  "state": "passed",
                  "speed": "fast",
                  "pass": true,
                  "fail": false,
                  "pending": false,
                  "context": null,
                  "code": "const a=new ICalAlarm({},new ICalEvent({start:new Date},new ICalCalendar));assert.throws(function(){a.triggerAfter(Infinity)},/`trigger`/);assert.throws(function(){a.triggerAfter(\"hi\")},/`trigger`/);assert.throws(function(){a.triggerAfter(true)},/`trigger`/)",
                  "err": {},
                  "uuid": "d1c34030-0181-4ad3-98cd-e163955a4f34",
                  "parentUUID": "6e9d5df2-35aa-46d8-8f69-1fb67fb4fd09",
                  "isHook": false,
                  "skipped": false
                },
                {
                  "title": "should change something",
                  "fullTitle": "ical-generator Alarm triggerAfter() should change something",
                  "timedOut": false,
                  "duration": 0,
                  "state": "passed",
                  "speed": "fast",
                  "pass": true,
                  "fail": false,
                  "pending": false,
                  "context": null,
                  "code": "const trigger=moment(\"20150201T133845Z\");const a=new ICalAlarm({triggerAfter:600},new ICalEvent({start:new Date},new ICalCalendar));assert.ok(a.toString().indexOf(\"TRIGGER;RELATED=END:PT10M\")>-1);a.triggerAfter(trigger);assert.ok(a.toString().indexOf(\"TRIGGER;VALUE=DATE-TIME:20150201T133845Z\")>-1)",
                  "err": {},
                  "uuid": "c69fc217-57ec-4c46-8985-76fcaf645ac3",
                  "parentUUID": "6e9d5df2-35aa-46d8-8f69-1fb67fb4fd09",
                  "isHook": false,
                  "skipped": false
                }
              ],
              "suites": [],
              "passes": [
                "c9226c69-cc97-4dbe-b6cf-fd9ff8dc3860",
                "0fc914b3-eb73-4066-b485-04e952a8fe1e",
                "d2509df7-14ba-486e-8bb9-493ac90c28c4",
                "d1c34030-0181-4ad3-98cd-e163955a4f34",
                "c69fc217-57ec-4c46-8985-76fcaf645ac3"
              ],
              "failures": [],
              "pending": [],
              "skipped": [],
              "duration": 0,
              "root": false,
              "rootEmpty": false,
              "_timeout": 2000
            },
            {
              "uuid": "6ef13204-1304-4c86-a6d9-0f158b68e89f",
              "title": "triggerBefore()",
              "fullFile": "/home/runner/work/ical-generator/ical-generator/test/alarm.ts",
              "file": "/test/alarm.ts",
              "beforeHooks": [],
              "afterHooks": [],
              "tests": [
                {
                  "title": "setter should return this",
                  "fullTitle": "ical-generator Alarm triggerBefore() setter should return this",
                  "timedOut": false,
                  "duration": 0,
                  "state": "passed",
                  "speed": "fast",
                  "pass": true,
                  "fail": false,
                  "pending": false,
                  "context": null,
                  "code": "const a=new ICalAlarm({},new ICalEvent({start:new Date},new ICalCalendar));assert.deepStrictEqual(a,a.triggerBefore(60*10))",
                  "err": {},
                  "uuid": "97f11a31-0602-4577-abbc-db7fe51cf64f",
                  "parentUUID": "6ef13204-1304-4c86-a6d9-0f158b68e89f",
                  "isHook": false,
                  "skipped": false
                },
                {
                  "title": "getter should return value",
                  "fullTitle": "ical-generator Alarm triggerBefore() getter should return value",
                  "timedOut": false,
                  "duration": 0,
                  "state": "passed",
                  "speed": "fast",
                  "pass": true,
                  "fail": false,
                  "pending": false,
                  "context": null,
                  "code": "const a=new ICalAlarm({},new ICalEvent({start:new Date},new ICalCalendar));const now=new Date;assert.strictEqual(a.triggerBefore(),600);a.trigger(300);assert.strictEqual(a.triggerBefore(),300);a.trigger(now);const dateResult=a.triggerBefore();assert.deepStrictEqual(dateResult,now)",
                  "err": {},
                  "uuid": "a121be04-0d8a-4487-adc5-b185a8135faa",
                  "parentUUID": "6ef13204-1304-4c86-a6d9-0f158b68e89f",
                  "isHook": false,
                  "skipped": false
                },
                {
                  "title": "should throw error when trigger not allowed",
                  "fullTitle": "ical-generator Alarm triggerBefore() should throw error when trigger not allowed",
                  "timedOut": false,
                  "duration": 0,
                  "state": "passed",
                  "speed": "fast",
                  "pass": true,
                  "fail": false,
                  "pending": false,
                  "context": null,
                  "code": "const a=new ICalAlarm({},new ICalEvent({start:new Date},new ICalCalendar));assert.throws(function(){a.triggerBefore(Infinity)},/`trigger`/);assert.throws(function(){a.triggerBefore(\"hi\")},/`trigger`/);assert.throws(function(){a.triggerBefore(true)},/`trigger`/)",
                  "err": {},
                  "uuid": "6fbd8fb6-8f23-4486-88ee-837feb65254a",
                  "parentUUID": "6ef13204-1304-4c86-a6d9-0f158b68e89f",
                  "isHook": false,
                  "skipped": false
                },
                {
                  "title": "setter should work with date",
                  "fullTitle": "ical-generator Alarm triggerBefore() setter should work with date",
                  "timedOut": false,
                  "duration": 0,
                  "state": "passed",
                  "speed": "fast",
                  "pass": true,
                  "fail": false,
                  "pending": false,
                  "context": null,
                  "code": "const a=new ICalAlarm({},new ICalEvent({start:new Date},new ICalCalendar));const now=new Date;a.triggerBefore(now);assert.deepStrictEqual(a.trigger(),now)",
                  "err": {},
                  "uuid": "0d3bbbc3-ec38-4ce9-aeb5-6d4b5bcdf692",
                  "parentUUID": "6ef13204-1304-4c86-a6d9-0f158b68e89f",
                  "isHook": false,
                  "skipped": false
                },
                {
                  "title": "setter should work with moment instance",
                  "fullTitle": "ical-generator Alarm triggerBefore() setter should work with moment instance",
                  "timedOut": false,
                  "duration": 0,
                  "state": "passed",
                  "speed": "fast",
                  "pass": true,
                  "fail": false,
                  "pending": false,
                  "context": null,
                  "code": "const a=new ICalAlarm({triggerBefore:moment()},new ICalEvent({start:new Date},new ICalCalendar));assert.ok(moment.isMoment(a.trigger()))",
                  "err": {},
                  "uuid": "5977320e-4404-4357-b511-4a84476f06c1",
                  "parentUUID": "6ef13204-1304-4c86-a6d9-0f158b68e89f",
                  "isHook": false,
                  "skipped": false
                },
                {
                  "title": "setter should work with number",
                  "fullTitle": "ical-generator Alarm triggerBefore() setter should work with number",
                  "timedOut": false,
                  "duration": 0,
                  "state": "passed",
                  "speed": "fast",
                  "pass": true,
                  "fail": false,
                  "pending": false,
                  "context": null,
                  "code": "const a=new ICalAlarm({},new ICalEvent({start:new Date},new ICalCalendar));a.triggerBefore(2*60);assert.strictEqual(a.trigger(),120)",
                  "err": {},
                  "uuid": "a4ce56c2-5793-4070-900e-f3384314efa9",
                  "parentUUID": "6ef13204-1304-4c86-a6d9-0f158b68e89f",
                  "isHook": false,
                  "skipped": false
                },
                {
                  "title": "should change something",
                  "fullTitle": "ical-generator Alarm triggerBefore() should change something",
                  "timedOut": false,
                  "duration": 0,
                  "state": "passed",
                  "speed": "fast",
                  "pass": true,
                  "fail": false,
                  "pending": false,
                  "context": null,
                  "code": "const trigger=moment(\"2015-02-01T13:38:45.000Z\");const a=new ICalAlarm({},new ICalEvent({start:new Date},new ICalCalendar));assert.ok(a.toString().indexOf(\"TRIGGER:-PT10M\")>-1);a.triggerBefore(trigger);assert.ok(a.toString().indexOf(\"TRIGGER;VALUE=DATE-TIME:20150201T133845Z\")>-1)",
                  "err": {},
                  "uuid": "98f8f8f1-f169-4688-aa69-8f6a097a7509",
                  "parentUUID": "6ef13204-1304-4c86-a6d9-0f158b68e89f",
                  "isHook": false,
                  "skipped": false
                }
              ],
              "suites": [],
              "passes": [
                "97f11a31-0602-4577-abbc-db7fe51cf64f",
                "a121be04-0d8a-4487-adc5-b185a8135faa",
                "6fbd8fb6-8f23-4486-88ee-837feb65254a",
                "0d3bbbc3-ec38-4ce9-aeb5-6d4b5bcdf692",
                "5977320e-4404-4357-b511-4a84476f06c1",
                "a4ce56c2-5793-4070-900e-f3384314efa9",
                "98f8f8f1-f169-4688-aa69-8f6a097a7509"
              ],
              "failures": [],
              "pending": [],
              "skipped": [],
              "duration": 0,
              "root": false,
              "rootEmpty": false,
              "_timeout": 2000
            },
            {
              "uuid": "f932dd6a-7913-4d99-a023-3692ba412a3f",
              "title": "relatesTo()",
              "fullFile": "/home/runner/work/ical-generator/ical-generator/test/alarm.ts",
              "file": "/test/alarm.ts",
              "beforeHooks": [],
              "afterHooks": [],
              "tests": [
                {
                  "title": "setter should return this",
                  "fullTitle": "ical-generator Alarm relatesTo() setter should return this",
                  "timedOut": false,
                  "duration": 0,
                  "state": "passed",
                  "speed": "fast",
                  "pass": true,
                  "fail": false,
                  "pending": false,
                  "context": null,
                  "code": "const a=new ICalAlarm({},new ICalEvent({start:new Date},new ICalCalendar));assert.deepStrictEqual(a,a.relatesTo(null));assert.deepStrictEqual(a,a.relatesTo(ICalAlarmRelatesTo.end))",
                  "err": {},
                  "uuid": "f9865947-976f-4837-9321-7726d490f115",
                  "parentUUID": "f932dd6a-7913-4d99-a023-3692ba412a3f",
                  "isHook": false,
                  "skipped": false
                },
                {
                  "title": "getter should return value",
                  "fullTitle": "ical-generator Alarm relatesTo() getter should return value",
                  "timedOut": false,
                  "duration": 0,
                  "state": "passed",
                  "speed": "fast",
                  "pass": true,
                  "fail": false,
                  "pending": false,
                  "context": null,
                  "code": "const a=new ICalAlarm({},new ICalEvent({start:new Date},new ICalCalendar));a.relatesTo(ICalAlarmRelatesTo.end);assert.strictEqual(a.relatesTo(),ICalAlarmRelatesTo.end);a.relatesTo(null);assert.strictEqual(a.relatesTo(),null)",
                  "err": {},
                  "uuid": "f73d4f41-32bf-4c64-8fa0-bdd11e6e9d11",
                  "parentUUID": "f932dd6a-7913-4d99-a023-3692ba412a3f",
                  "isHook": false,
                  "skipped": false
                },
                {
                  "title": "should throw if value is not `null`, \"START\" or \"END\"",
                  "fullTitle": "ical-generator Alarm relatesTo() should throw if value is not `null`, \"START\" or \"END\"",
                  "timedOut": false,
                  "duration": 0,
                  "state": "passed",
                  "speed": "fast",
                  "pass": true,
                  "fail": false,
                  "pending": false,
                  "context": null,
                  "code": "const a=new ICalAlarm({},new ICalEvent({start:new Date},new ICalCalendar));assert.throws(function(){a.relatesTo(\"hi\")},/`relatesTo`/);assert.throws(function(){a.relatesTo(true)},/`relatesTo`/);assert.throws(function(){a.relatesTo(Infinity)},/`relatesTo`/)",
                  "err": {},
                  "uuid": "7a5d6d65-b580-4e93-bcf5-9915367d8a22",
                  "parentUUID": "f932dd6a-7913-4d99-a023-3692ba412a3f",
                  "isHook": false,
                  "skipped": false
                },
                {
                  "title": "should change RELATED",
                  "fullTitle": "ical-generator Alarm relatesTo() should change RELATED",
                  "timedOut": false,
                  "duration": 1,
                  "state": "passed",
                  "speed": "fast",
                  "pass": true,
                  "fail": false,
                  "pending": false,
                  "context": null,
                  "code": "const a=new ICalAlarm({},new ICalEvent({start:new Date},new ICalCalendar));assert.ok(a.toString().indexOf(\"RELATED=START\")===-1);a.relatesTo(ICalAlarmRelatesTo.start);assert.ok(a.toString().indexOf(\"RELATED=START\")>-1);a.relatesTo(ICalAlarmRelatesTo.end);assert.ok(a.toString().indexOf(\"RELATED=END\")>-1)",
                  "err": {},
                  "uuid": "2bbb9d35-b1df-4ebb-b8b9-b8d9e3e0f489",
                  "parentUUID": "f932dd6a-7913-4d99-a023-3692ba412a3f",
                  "isHook": false,
                  "skipped": false
                }
              ],
              "suites": [],
              "passes": [
                "f9865947-976f-4837-9321-7726d490f115",
                "f73d4f41-32bf-4c64-8fa0-bdd11e6e9d11",
                "7a5d6d65-b580-4e93-bcf5-9915367d8a22",
                "2bbb9d35-b1df-4ebb-b8b9-b8d9e3e0f489"
              ],
              "failures": [],
              "pending": [],
              "skipped": [],
              "duration": 1,
              "root": false,
              "rootEmpty": false,
              "_timeout": 2000
            },
            {
              "uuid": "89a9448c-10c1-488f-af54-7a005271d3cd",
              "title": "repeat()",
              "fullFile": "/home/runner/work/ical-generator/ical-generator/test/alarm.ts",
              "file": "/test/alarm.ts",
              "beforeHooks": [],
              "afterHooks": [],
              "tests": [
                {
                  "title": "setter should return this",
                  "fullTitle": "ical-generator Alarm repeat() setter should return this",
                  "timedOut": false,
                  "duration": 0,
                  "state": "passed",
                  "speed": "fast",
                  "pass": true,
                  "fail": false,
                  "pending": false,
                  "context": null,
                  "code": "const a=new ICalAlarm({},new ICalEvent({start:new Date},new ICalCalendar));assert.deepStrictEqual(a,a.repeat({interval:60,times:4}))",
                  "err": {},
                  "uuid": "2f160c2d-742f-4297-8ecb-7ed4292238fc",
                  "parentUUID": "89a9448c-10c1-488f-af54-7a005271d3cd",
                  "isHook": false,
                  "skipped": false
                },
                {
                  "title": "getter should return value",
                  "fullTitle": "ical-generator Alarm repeat() getter should return value",
                  "timedOut": false,
                  "duration": 0,
                  "state": "passed",
                  "speed": "fast",
                  "pass": true,
                  "fail": false,
                  "pending": false,
                  "context": null,
                  "code": "const a=new ICalAlarm({},new ICalEvent({start:new Date},new ICalCalendar));assert.strictEqual(a.repeat(),null);a.repeat({interval:60,times:4});assert.deepStrictEqual(a.repeat(),{interval:60,times:4})",
                  "err": {},
                  "uuid": "925cd88c-44a3-4371-b710-f8bb36d3e003",
                  "parentUUID": "89a9448c-10c1-488f-af54-7a005271d3cd",
                  "isHook": false,
                  "skipped": false
                },
                {
                  "title": "should throw error if repeat not allowed",
                  "fullTitle": "ical-generator Alarm repeat() should throw error if repeat not allowed",
                  "timedOut": false,
                  "duration": 0,
                  "state": "passed",
                  "speed": "fast",
                  "pass": true,
                  "fail": false,
                  "pending": false,
                  "context": null,
                  "code": "const a=new ICalAlarm({},new ICalEvent({start:new Date},new ICalCalendar));assert.throws(function(){a.repeat({interval:60,times:Infinity})},/`repeat.times`/);assert.throws(function(){a.repeat({interval:60,times:\"hi\"})},/`repeat.times`/);assert.throws(function(){a.repeat({interval:60,times:true})},/`repeat.times`/);assert.throws(function(){a.repeat({interval:Infinity,times:4})},/`repeat.interval`/);assert.throws(function(){a.repeat({interval:\"hi\",times:4})},/`repeat.interval`/);assert.throws(function(){a.repeat({interval:true,times:4})},/`repeat.interval`/)",
                  "err": {},
                  "uuid": "5212b3c7-9826-43de-9efa-c91e6d9b788e",
                  "parentUUID": "89a9448c-10c1-488f-af54-7a005271d3cd",
                  "isHook": false,
                  "skipped": false
                },
                {
                  "title": "should change something",
                  "fullTitle": "ical-generator Alarm repeat() should change something",
                  "timedOut": false,
                  "duration": 0,
                  "state": "passed",
                  "speed": "fast",
                  "pass": true,
                  "fail": false,
                  "pending": false,
                  "context": null,
                  "code": "const a=new ICalAlarm({repeat:{interval:90,times:42},trigger:300},new ICalEvent({start:new Date},new ICalCalendar));assert.ok(a.toString().includes(\"REPEAT:42\"));assert.ok(a.toString().includes(\"DURATION:PT1M30S\"));a.repeat(null);assert.ok(!a.toString().includes(\"REPEAT:42\"));assert.ok(!a.toString().includes(\"DURATION:PT1M30S\"))",
                  "err": {},
                  "uuid": "cef824fe-b37c-4e5b-afb2-d4f4b108174b",
                  "parentUUID": "89a9448c-10c1-488f-af54-7a005271d3cd",
                  "isHook": false,
                  "skipped": false
                },
                {
                  "title": "should throw an error if repeat is set but interval isn't",
                  "fullTitle": "ical-generator Alarm repeat() should throw an error if repeat is set but interval isn't",
                  "timedOut": false,
                  "duration": 0,
                  "state": "passed",
                  "speed": "fast",
                  "pass": true,
                  "fail": false,
                  "pending": false,
                  "context": null,
                  "code": "assert.throws(function(){new ICalAlarm({repeat:{interval:null,times:4},trigger:300},new ICalEvent({start:new Date},new ICalCalendar))},/`repeat.interval`/)",
                  "err": {},
                  "uuid": "2cf17d60-d16f-4018-889a-39d3a019ede6",
                  "parentUUID": "89a9448c-10c1-488f-af54-7a005271d3cd",
                  "isHook": false,
                  "skipped": false
                },
                {
                  "title": "should throw an error if interval is set but repeat isn't",
                  "fullTitle": "ical-generator Alarm repeat() should throw an error if interval is set but repeat isn't",
                  "timedOut": false,
                  "duration": 0,
                  "state": "passed",
                  "speed": "fast",
                  "pass": true,
                  "fail": false,
                  "pending": false,
                  "context": null,
                  "code": "assert.throws(function(){new ICalAlarm({repeat:{interval:60,times:null},trigger:300},new ICalEvent({start:new Date},new ICalCalendar))},/`repeat.times`/)",
                  "err": {},
                  "uuid": "ce8cc78c-4590-457d-8246-0884eb92e250",
                  "parentUUID": "89a9448c-10c1-488f-af54-7a005271d3cd",
                  "isHook": false,
                  "skipped": false
                },
                {
                  "title": "should throw an error if interval is of wrong type",
                  "fullTitle": "ical-generator Alarm repeat() should throw an error if interval is of wrong type",
                  "timedOut": false,
                  "duration": 0,
                  "state": "passed",
                  "speed": "fast",
                  "pass": true,
                  "fail": false,
                  "pending": false,
                  "context": null,
                  "code": "assert.throws(function(){new ICalAlarm({repeat:true,trigger:300},new ICalEvent({start:new Date},new ICalCalendar))},/`repeat` is not correct, must be an object!/)",
                  "err": {},
                  "uuid": "f8b907d1-8719-46ad-8de8-57f1e247fbaf",
                  "parentUUID": "89a9448c-10c1-488f-af54-7a005271d3cd",
                  "isHook": false,
                  "skipped": false
                }
              ],
              "suites": [],
              "passes": [
                "2f160c2d-742f-4297-8ecb-7ed4292238fc",
                "925cd88c-44a3-4371-b710-f8bb36d3e003",
                "5212b3c7-9826-43de-9efa-c91e6d9b788e",
                "cef824fe-b37c-4e5b-afb2-d4f4b108174b",
                "2cf17d60-d16f-4018-889a-39d3a019ede6",
                "ce8cc78c-4590-457d-8246-0884eb92e250",
                "f8b907d1-8719-46ad-8de8-57f1e247fbaf"
              ],
              "failures": [],
              "pending": [],
              "skipped": [],
              "duration": 0,
              "root": false,
              "rootEmpty": false,
              "_timeout": 2000
            },
            {
              "uuid": "ede0341f-1247-4eff-a951-b2294f875f65",
              "title": "attach()",
              "fullFile": "/home/runner/work/ical-generator/ical-generator/test/alarm.ts",
              "file": "/test/alarm.ts",
              "beforeHooks": [],
              "afterHooks": [],
              "tests": [
                {
                  "title": "setter should return this",
                  "fullTitle": "ical-generator Alarm attach() setter should return this",
                  "timedOut": false,
                  "duration": 0,
                  "state": "passed",
                  "speed": "fast",
                  "pass": true,
                  "fail": false,
                  "pending": false,
                  "context": null,
                  "code": "const a=new ICalAlarm({},new ICalEvent({start:new Date},new ICalCalendar));assert.deepStrictEqual(a,a.attach(null));assert.deepStrictEqual(a,a.attach(\"https://sebbo.net/beep.aud\"))",
                  "err": {},
                  "uuid": "5d8a5751-251a-467d-b593-9199c3e0e5ad",
                  "parentUUID": "ede0341f-1247-4eff-a951-b2294f875f65",
                  "isHook": false,
                  "skipped": false
                },
                {
                  "title": "getter should return value",
                  "fullTitle": "ical-generator Alarm attach() getter should return value",
                  "timedOut": false,
                  "duration": 1,
                  "state": "passed",
                  "speed": "fast",
                  "pass": true,
                  "fail": false,
                  "pending": false,
                  "context": null,
                  "code": "const t={mime:\"audio/basic\",uri:\"https://example.com/alarm.aud\"};const a=new ICalAlarm({},new ICalEvent({start:new Date},new ICalCalendar));assert.strictEqual(a.attach(),null);a.attach(t);assert.deepStrictEqual(a.attach(),t);a.attach(\"https://www.example.com/beep.aud\");assert.deepStrictEqual(a.attach(),{mime:null,uri:\"https://www.example.com/beep.aud\"});a.attach({uri:\"https://www.example.com/beep.aud\"});assert.deepStrictEqual(a.attach(),{mime:null,uri:\"https://www.example.com/beep.aud\"});a.attach(null);assert.strictEqual(a.attach(),null)",
                  "err": {},
                  "uuid": "507541ef-ed50-4eaf-aefa-97caf35a2484",
                  "parentUUID": "ede0341f-1247-4eff-a951-b2294f875f65",
                  "isHook": false,
                  "skipped": false
                },
                {
                  "title": "should throw error withour uri",
                  "fullTitle": "ical-generator Alarm attach() should throw error withour uri",
                  "timedOut": false,
                  "duration": 0,
                  "state": "passed",
                  "speed": "fast",
                  "pass": true,
                  "fail": false,
                  "pending": false,
                  "context": null,
                  "code": "const a=new ICalAlarm({},new ICalEvent({start:new Date},new ICalCalendar));assert.throws(function(){a.attach({mime:\"audio/basic\"})},/`attach.uri`/)",
                  "err": {},
                  "uuid": "54a51571-b108-407d-b501-396dec856b4b",
                  "parentUUID": "ede0341f-1247-4eff-a951-b2294f875f65",
                  "isHook": false,
                  "skipped": false
                },
                {
                  "title": "should throw error when unknown format",
                  "fullTitle": "ical-generator Alarm attach() should throw error when unknown format",
                  "timedOut": false,
                  "duration": 0,
                  "state": "passed",
                  "speed": "fast",
                  "pass": true,
                  "fail": false,
                  "pending": false,
                  "context": null,
                  "code": "const a=new ICalAlarm({},new ICalEvent({start:new Date},new ICalCalendar));assert.throws(function(){a.attach(Infinity)},/`attachment`/)",
                  "err": {},
                  "uuid": "bb27f29f-9630-43cb-a418-ccbbd21bf28b",
                  "parentUUID": "ede0341f-1247-4eff-a951-b2294f875f65",
                  "isHook": false,
                  "skipped": false
                },
                {
                  "title": "should change something",
                  "fullTitle": "ical-generator Alarm attach() should change something",
                  "timedOut": false,
                  "duration": 0,
                  "state": "passed",
                  "speed": "fast",
                  "pass": true,
                  "fail": false,
                  "pending": false,
                  "context": null,
                  "code": "const a=new ICalAlarm({type:ICalAlarmType.audio},new ICalEvent({start:new Date},new ICalCalendar));assert.ok(a.toString().indexOf(\"\\r\\nATTACH;VALUE=URI:Basso\")>-1);a.attach(\"https://example.com/beep.aud\");assert.ok(a.toString().indexOf(\"\\r\\nATTACH;VALUE=URI:https://example.com/beep.aud\")>-1);a.attach({mime:\"audio/basic\",uri:\"https://example.com/beep.aud\"});assert.ok(a.toString().indexOf(\"\\r\\nATTACH;FMTTYPE=audio/basic:https://example.com/beep.aud\")>-1)",
                  "err": {},
                  "uuid": "bed82cca-4529-47a1-8c44-8d59f51e0efc",
                  "parentUUID": "ede0341f-1247-4eff-a951-b2294f875f65",
                  "isHook": false,
                  "skipped": false
                }
              ],
              "suites": [],
              "passes": [
                "5d8a5751-251a-467d-b593-9199c3e0e5ad",
                "507541ef-ed50-4eaf-aefa-97caf35a2484",
                "54a51571-b108-407d-b501-396dec856b4b",
                "bb27f29f-9630-43cb-a418-ccbbd21bf28b",
                "bed82cca-4529-47a1-8c44-8d59f51e0efc"
              ],
              "failures": [],
              "pending": [],
              "skipped": [],
              "duration": 1,
              "root": false,
              "rootEmpty": false,
              "_timeout": 2000
            },
            {
              "uuid": "9b205e59-8d21-4306-9dd7-db2ce21ac471",
              "title": "description()",
              "fullFile": "/home/runner/work/ical-generator/ical-generator/test/alarm.ts",
              "file": "/test/alarm.ts",
              "beforeHooks": [],
              "afterHooks": [],
              "tests": [
                {
                  "title": "setter should return this",
                  "fullTitle": "ical-generator Alarm description() setter should return this",
                  "timedOut": false,
                  "duration": 0,
                  "state": "passed",
                  "speed": "fast",
                  "pass": true,
                  "fail": false,
                  "pending": false,
                  "context": null,
                  "code": "const a=new ICalAlarm({},new ICalEvent({start:new Date},new ICalCalendar));assert.deepStrictEqual(a,a.description(null));assert.deepStrictEqual(a,a.description(\"Hey Ho!\"))",
                  "err": {},
                  "uuid": "ae4287e1-8bdb-438e-b197-33f0bb0513a1",
                  "parentUUID": "9b205e59-8d21-4306-9dd7-db2ce21ac471",
                  "isHook": false,
                  "skipped": false
                },
                {
                  "title": "getter should return value",
                  "fullTitle": "ical-generator Alarm description() getter should return value",
                  "timedOut": false,
                  "duration": 0,
                  "state": "passed",
                  "speed": "fast",
                  "pass": true,
                  "fail": false,
                  "pending": false,
                  "context": null,
                  "code": "const a=new ICalAlarm({},new ICalEvent({start:new Date},new ICalCalendar));assert.deepStrictEqual(a.description(),null);a.description(\"blablabla\");assert.deepStrictEqual(a.description(),\"blablabla\");a.description(null);assert.deepStrictEqual(a.description(),null)",
                  "err": {},
                  "uuid": "0fde16dd-6d98-421f-867c-bc751a9d65c9",
                  "parentUUID": "9b205e59-8d21-4306-9dd7-db2ce21ac471",
                  "isHook": false,
                  "skipped": false
                },
                {
                  "title": "should change something",
                  "fullTitle": "ical-generator Alarm description() should change something",
                  "timedOut": false,
                  "duration": 0,
                  "state": "passed",
                  "speed": "fast",
                  "pass": true,
                  "fail": false,
                  "pending": false,
                  "context": null,
                  "code": "const a=new ICalAlarm({description:\"Huibuh!\"},new ICalEvent({start:new Date},new ICalCalendar));assert.ok(a.toString().indexOf(\"\\r\\nDESCRIPTION:Huibuh\")>-1)",
                  "err": {},
                  "uuid": "f4520918-8daf-4f11-ac18-bdb20bd6e1df",
                  "parentUUID": "9b205e59-8d21-4306-9dd7-db2ce21ac471",
                  "isHook": false,
                  "skipped": false
                },
                {
                  "title": "should fallback to event summary",
                  "fullTitle": "ical-generator Alarm description() should fallback to event summary",
                  "timedOut": false,
                  "duration": 0,
                  "state": "passed",
                  "speed": "fast",
                  "pass": true,
                  "fail": false,
                  "pending": false,
                  "context": null,
                  "code": "const a=new ICalAlarm({description:\"Example Event\"},new ICalEvent({start:new Date},new ICalCalendar));assert.ok(a.toString().indexOf(\"\\r\\nDESCRIPTION:Example Event\")>-1)",
                  "err": {},
                  "uuid": "0c3e2ae3-c3e4-45ae-b09e-d28078b82d3d",
                  "parentUUID": "9b205e59-8d21-4306-9dd7-db2ce21ac471",
                  "isHook": false,
                  "skipped": false
                }
              ],
              "suites": [],
              "passes": [
                "ae4287e1-8bdb-438e-b197-33f0bb0513a1",
                "0fde16dd-6d98-421f-867c-bc751a9d65c9",
                "f4520918-8daf-4f11-ac18-bdb20bd6e1df",
                "0c3e2ae3-c3e4-45ae-b09e-d28078b82d3d"
              ],
              "failures": [],
              "pending": [],
              "skipped": [],
              "duration": 0,
              "root": false,
              "rootEmpty": false,
              "_timeout": 2000
            },
            {
              "uuid": "75a43f9e-8d0e-4cc5-a728-b2ffb4b0ca7a",
              "title": "summary()",
              "fullFile": "/home/runner/work/ical-generator/ical-generator/test/alarm.ts",
              "file": "/test/alarm.ts",
              "beforeHooks": [],
              "afterHooks": [],
              "tests": [
                {
                  "title": "setter should return this",
                  "fullTitle": "ical-generator Alarm summary() setter should return this",
                  "timedOut": false,
                  "duration": 1,
                  "state": "passed",
                  "speed": "fast",
                  "pass": true,
                  "fail": false,
                  "pending": false,
                  "context": null,
                  "code": "const a=new ICalAlarm({},new ICalEvent({start:new Date},new ICalCalendar));assert.deepStrictEqual(a,a.summary(null));assert.deepStrictEqual(a,a.summary(\"Hey Ho!\"))",
                  "err": {},
                  "uuid": "ca516c12-706d-4a95-b36e-c6d438e23b2d",
                  "parentUUID": "75a43f9e-8d0e-4cc5-a728-b2ffb4b0ca7a",
                  "isHook": false,
                  "skipped": false
                },
                {
                  "title": "getter should return value",
                  "fullTitle": "ical-generator Alarm summary() getter should return value",
                  "timedOut": false,
                  "duration": 0,
                  "state": "passed",
                  "speed": "fast",
                  "pass": true,
                  "fail": false,
                  "pending": false,
                  "context": null,
                  "code": "const a=new ICalAlarm({},new ICalEvent({start:new Date},new ICalCalendar));assert.deepStrictEqual(a.summary(),null);a.summary(\"blablabla\");assert.deepStrictEqual(a.summary(),\"blablabla\");a.summary(null);assert.deepStrictEqual(a.summary(),null)",
                  "err": {},
                  "uuid": "bf2b980e-3dde-4a98-935a-38a60855adf7",
                  "parentUUID": "75a43f9e-8d0e-4cc5-a728-b2ffb4b0ca7a",
                  "isHook": false,
                  "skipped": false
                },
                {
                  "title": "should change something",
                  "fullTitle": "ical-generator Alarm summary() should change something",
                  "timedOut": false,
                  "duration": 0,
                  "state": "passed",
                  "speed": "fast",
                  "pass": true,
                  "fail": false,
                  "pending": false,
                  "context": null,
                  "code": "const a=new ICalAlarm({summary:\"Huibuh!\",type:ICalAlarmType.email},new ICalEvent({start:new Date},new ICalCalendar));assert.ok(a.toString().indexOf(\"\\r\\nSUMMARY:Huibuh\")>-1)",
                  "err": {},
                  "uuid": "176efeaa-8f00-4df7-b0e5-1c3727779ba5",
                  "parentUUID": "75a43f9e-8d0e-4cc5-a728-b2ffb4b0ca7a",
                  "isHook": false,
                  "skipped": false
                },
                {
                  "title": "should fallback to event summary",
                  "fullTitle": "ical-generator Alarm summary() should fallback to event summary",
                  "timedOut": false,
                  "duration": 0,
                  "state": "passed",
                  "speed": "fast",
                  "pass": true,
                  "fail": false,
                  "pending": false,
                  "context": null,
                  "code": "const a=new ICalAlarm({type:ICalAlarmType.email},new ICalEvent({start:new Date,summary:\"Example Event\"},new ICalCalendar));assert.ok(a.toString().indexOf(\"\\r\\nSUMMARY:Example Event\")>-1)",
                  "err": {},
                  "uuid": "fddf6751-a4e1-409e-9734-264ad92a4ee1",
                  "parentUUID": "75a43f9e-8d0e-4cc5-a728-b2ffb4b0ca7a",
                  "isHook": false,
                  "skipped": false
                }
              ],
              "suites": [],
              "passes": [
                "ca516c12-706d-4a95-b36e-c6d438e23b2d",
                "bf2b980e-3dde-4a98-935a-38a60855adf7",
                "176efeaa-8f00-4df7-b0e5-1c3727779ba5",
                "fddf6751-a4e1-409e-9734-264ad92a4ee1"
              ],
              "failures": [],
              "pending": [],
              "skipped": [],
              "duration": 1,
              "root": false,
              "rootEmpty": false,
              "_timeout": 2000
            },
            {
              "uuid": "cfd01963-a491-4799-aeb0-28ef34106247",
              "title": "createAttendee()",
              "fullFile": "/home/runner/work/ical-generator/ical-generator/test/alarm.ts",
              "file": "/test/alarm.ts",
              "beforeHooks": [],
              "afterHooks": [],
              "tests": [
                {
                  "title": "if Attendee passed, it should add and return it",
                  "fullTitle": "ical-generator Alarm createAttendee() if Attendee passed, it should add and return it",
                  "timedOut": false,
                  "duration": 1,
                  "state": "passed",
                  "speed": "fast",
                  "pass": true,
                  "fail": false,
                  "pending": false,
                  "context": null,
                  "code": "const alarm=new ICalEvent({start:new Date},new ICalCalendar).createAlarm({type:ICalAlarmType.email});const attendee=new ICalAttendee({email:\"mail@example.com\"},alarm);assert.strictEqual(alarm.createAttendee(attendee),attendee,\"createAttendee returns attendee\");assert.deepStrictEqual(alarm.attendees()[0],attendee,\"attendee pushed\")",
                  "err": {},
                  "uuid": "deaba04e-ca8b-4a63-9959-61650c75d49f",
                  "parentUUID": "cfd01963-a491-4799-aeb0-28ef34106247",
                  "isHook": false,
                  "skipped": false
                },
                {
                  "title": "should return a ICalAttendee instance",
                  "fullTitle": "ical-generator Alarm createAttendee() should return a ICalAttendee instance",
                  "timedOut": false,
                  "duration": 0,
                  "state": "passed",
                  "speed": "fast",
                  "pass": true,
                  "fail": false,
                  "pending": false,
                  "context": null,
                  "code": "const alarm=new ICalEvent({start:new Date},new ICalCalendar).createAlarm({type:ICalAlarmType.email});assert.ok(alarm.createAttendee({email:\"mail@example.com\"})instanceof ICalAttendee);assert.strictEqual(alarm.attendees.length,1,\"attendee pushed\")",
                  "err": {},
                  "uuid": "808fb4ad-b45d-4a40-b9d8-e645dbf8e6a9",
                  "parentUUID": "cfd01963-a491-4799-aeb0-28ef34106247",
                  "isHook": false,
                  "skipped": false
                },
                {
                  "title": "should accept string",
                  "fullTitle": "ical-generator Alarm createAttendee() should accept string",
                  "timedOut": false,
                  "duration": 0,
                  "state": "passed",
                  "speed": "fast",
                  "pass": true,
                  "fail": false,
                  "pending": false,
                  "context": null,
                  "code": "const alarm=new ICalEvent({start:new Date},new ICalCalendar).createAlarm({type:ICalAlarmType.email});const attendee=alarm.createAttendee(\"Zac <zac@example.com>\");assert.strictEqual(attendee.name(),\"Zac\");assert.strictEqual(attendee.email(),\"zac@example.com\");assert.strictEqual(alarm.attendees().length,1,\"attendee pushed\")",
                  "err": {},
                  "uuid": "e2af5864-7ce1-44b2-ae64-31d35566b172",
                  "parentUUID": "cfd01963-a491-4799-aeb0-28ef34106247",
                  "isHook": false,
                  "skipped": false
                },
                {
                  "title": "should throw error when string misformated",
                  "fullTitle": "ical-generator Alarm createAttendee() should throw error when string misformated",
                  "timedOut": false,
                  "duration": 1,
                  "state": "passed",
                  "speed": "fast",
                  "pass": true,
                  "fail": false,
                  "pending": false,
                  "context": null,
                  "code": "const alarm=new ICalEvent({start:new Date},new ICalCalendar).createAlarm({type:ICalAlarmType.email});assert.throws(function(){alarm.createAttendee(\"foo bar\")},/isn't formated correctly/)",
                  "err": {},
                  "uuid": "1b4334d8-9035-4892-a782-f87876fd88ac",
                  "parentUUID": "cfd01963-a491-4799-aeb0-28ef34106247",
                  "isHook": false,
                  "skipped": false
                },
                {
                  "title": "should accept object",
                  "fullTitle": "ical-generator Alarm createAttendee() should accept object",
                  "timedOut": false,
                  "duration": 0,
                  "state": "passed",
                  "speed": "fast",
                  "pass": true,
                  "fail": false,
                  "pending": false,
                  "context": null,
                  "code": "const alarm=new ICalEvent({start:new Date},new ICalCalendar).createAlarm({type:ICalAlarmType.email});const attendee=alarm.createAttendee({email:\"zac@example.com\",name:\"Zac\"});assert.strictEqual(attendee.name(),\"Zac\");assert.strictEqual(attendee.email(),\"zac@example.com\");assert.strictEqual(alarm.attendees().length,1,\"attendee pushed\");assert.ok(alarm.toString().includes('ATTENDEE;ROLE=REQ-PARTICIPANT;CN=\"Zac\":MAILTO:zac@example.com'))",
                  "err": {},
                  "uuid": "31d483bb-f614-46a0-b048-02abaf512325",
                  "parentUUID": "cfd01963-a491-4799-aeb0-28ef34106247",
                  "isHook": false,
                  "skipped": false
                }
              ],
              "suites": [],
              "passes": [
                "deaba04e-ca8b-4a63-9959-61650c75d49f",
                "808fb4ad-b45d-4a40-b9d8-e645dbf8e6a9",
                "e2af5864-7ce1-44b2-ae64-31d35566b172",
                "1b4334d8-9035-4892-a782-f87876fd88ac",
                "31d483bb-f614-46a0-b048-02abaf512325"
              ],
              "failures": [],
              "pending": [],
              "skipped": [],
              "duration": 2,
              "root": false,
              "rootEmpty": false,
              "_timeout": 2000
            },
            {
              "uuid": "b704dea9-46e0-4eaf-b707-52bf7fd3d333",
              "title": "attendees()",
              "fullFile": "/home/runner/work/ical-generator/ical-generator/test/alarm.ts",
              "file": "/test/alarm.ts",
              "beforeHooks": [],
              "afterHooks": [],
              "tests": [
                {
                  "title": "getter should return an array of attendees…",
                  "fullTitle": "ical-generator Alarm attendees() getter should return an array of attendees…",
                  "timedOut": false,
                  "duration": 0,
                  "state": "passed",
                  "speed": "fast",
                  "pass": true,
                  "fail": false,
                  "pending": false,
                  "context": null,
                  "code": "const alarm=new ICalEvent({start:new Date},new ICalCalendar).createAlarm({type:ICalAlarmType.email});assert.strictEqual(alarm.attendees().length,0);const attendee=alarm.createAttendee({email:\"mail@example.com\"});assert.strictEqual(alarm.attendees().length,1);assert.deepStrictEqual(alarm.attendees()[0],attendee)",
                  "err": {},
                  "uuid": "6b80d72b-8327-49f9-a5e3-9685722b68b0",
                  "parentUUID": "b704dea9-46e0-4eaf-b707-52bf7fd3d333",
                  "isHook": false,
                  "skipped": false
                },
                {
                  "title": "setter should add attendees and return this",
                  "fullTitle": "ical-generator Alarm attendees() setter should add attendees and return this",
                  "timedOut": false,
                  "duration": 0,
                  "state": "passed",
                  "speed": "fast",
                  "pass": true,
                  "fail": false,
                  "pending": false,
                  "context": null,
                  "code": "const alarm=new ICalEvent({start:new Date},new ICalCalendar).createAlarm({type:ICalAlarmType.email});const foo=alarm.attendees([{email:\"a@example.com\",name:\"Person A\"},{email:\"b@example.com\",name:\"Person B\"}]);assert.strictEqual(alarm.attendees().length,2);assert.deepStrictEqual(foo,alarm)",
                  "err": {},
                  "uuid": "8cbb2b18-5d11-4144-86d5-45783aa51593",
                  "parentUUID": "b704dea9-46e0-4eaf-b707-52bf7fd3d333",
                  "isHook": false,
                  "skipped": false
                }
              ],
              "suites": [],
              "passes": [
                "6b80d72b-8327-49f9-a5e3-9685722b68b0",
                "8cbb2b18-5d11-4144-86d5-45783aa51593"
              ],
              "failures": [],
              "pending": [],
              "skipped": [],
              "duration": 0,
              "root": false,
              "rootEmpty": false,
              "_timeout": 2000
            },
            {
              "uuid": "1894c3de-c85e-4aac-9810-b962d434aafe",
              "title": "x()",
              "fullFile": "/home/runner/work/ical-generator/ical-generator/test/alarm.ts",
              "file": "/test/alarm.ts",
              "beforeHooks": [],
              "afterHooks": [],
              "tests": [
                {
                  "title": "is there",
                  "fullTitle": "ical-generator Alarm x() is there",
                  "timedOut": false,
                  "duration": 0,
                  "state": "passed",
                  "speed": "fast",
                  "pass": true,
                  "fail": false,
                  "pending": false,
                  "context": null,
                  "code": "const a=new ICalAlarm({},new ICalEvent({start:new Date},new ICalCalendar));assert.deepStrictEqual(a,a.x(\"X-FOO\",\"bar\"))",
                  "err": {},
                  "uuid": "a30406be-b24c-45f9-916e-7a26aabec035",
                  "parentUUID": "1894c3de-c85e-4aac-9810-b962d434aafe",
                  "isHook": false,
                  "skipped": false
                }
              ],
              "suites": [],
              "passes": [
                "a30406be-b24c-45f9-916e-7a26aabec035"
              ],
              "failures": [],
              "pending": [],
              "skipped": [],
              "duration": 0,
              "root": false,
              "rootEmpty": false,
              "_timeout": 2000
            },
            {
              "uuid": "5710419d-24c5-4abe-8506-3f213aaca845",
              "title": "toJSON()",
              "fullFile": "/home/runner/work/ical-generator/ical-generator/test/alarm.ts",
              "file": "/test/alarm.ts",
              "beforeHooks": [],
              "afterHooks": [],
              "tests": [
                {
                  "title": "should work",
                  "fullTitle": "ical-generator Alarm toJSON() should work",
                  "timedOut": false,
                  "duration": 0,
                  "state": "passed",
                  "speed": "fast",
                  "pass": true,
                  "fail": false,
                  "pending": false,
                  "context": null,
                  "code": "const a=new ICalAlarm({},new ICalEvent({start:new Date},new ICalCalendar));a.type(ICalAlarmType.display);a.trigger(120);assert.deepStrictEqual(a.toJSON(),{attach:null,attendees:[],description:null,interval:null,relatesTo:null,repeat:null,summary:null,trigger:120,type:\"display\",x:[]})",
                  "err": {},
                  "uuid": "d07d586f-6850-4dd3-904b-cb87cfb2c863",
                  "parentUUID": "5710419d-24c5-4abe-8506-3f213aaca845",
                  "isHook": false,
                  "skipped": false
                },
                {
                  "title": "should be compatible with constructor (type check)",
                  "fullTitle": "ical-generator Alarm toJSON() should be compatible with constructor (type check)",
                  "timedOut": false,
                  "duration": 0,
                  "state": "passed",
                  "speed": "fast",
                  "pass": true,
                  "fail": false,
                  "pending": false,
                  "context": null,
                  "code": "const a=new ICalAlarm({},new ICalEvent({start:new Date},new ICalCalendar));new ICalAlarm(a.toJSON(),new ICalEvent({start:new Date},new ICalCalendar))",
                  "err": {},
                  "uuid": "2851535a-9572-4719-a32b-3a5143fc3d67",
                  "parentUUID": "5710419d-24c5-4abe-8506-3f213aaca845",
                  "isHook": false,
                  "skipped": false
                }
              ],
              "suites": [],
              "passes": [
                "d07d586f-6850-4dd3-904b-cb87cfb2c863",
                "2851535a-9572-4719-a32b-3a5143fc3d67"
              ],
              "failures": [],
              "pending": [],
              "skipped": [],
              "duration": 0,
              "root": false,
              "rootEmpty": false,
              "_timeout": 2000
            }
          ],
          "passes": [],
          "failures": [],
          "pending": [],
          "skipped": [],
          "duration": 0,
          "root": false,
          "rootEmpty": false,
          "_timeout": 2000
        },
        {
          "uuid": "08c19ad7-9841-45be-89bd-18d1e23af9fb",
          "title": "ical-generator Attendee",
          "fullFile": "/home/runner/work/ical-generator/ical-generator/test/attendee.ts",
          "file": "/test/attendee.ts",
          "beforeHooks": [],
          "afterHooks": [],
          "tests": [],
          "suites": [
            {
              "uuid": "3c6261e3-be50-4252-a87f-0fd46b54909e",
              "title": "constructor()",
              "fullFile": "/home/runner/work/ical-generator/ical-generator/test/attendee.ts",
              "file": "/test/attendee.ts",
              "beforeHooks": [],
              "afterHooks": [],
              "tests": [
                {
                  "title": "shoud set data from constructor",
                  "fullTitle": "ical-generator Attendee constructor() shoud set data from constructor",
                  "timedOut": false,
                  "duration": 0,
                  "state": "passed",
                  "speed": "fast",
                  "pass": true,
                  "fail": false,
                  "pending": false,
                  "context": null,
                  "code": "const data={delegatedFrom:null,delegatedTo:null,email:\"john@example.org\",mailto:\"john+calendar@example.org\",name:\"John Doe\",role:ICalAttendeeRole.REQ,rsvp:false,scheduleAgent:ICalAttendeeScheduleAgent.CLIENT,sentBy:null,status:ICalAttendeeStatus.ACCEPTED,type:ICalAttendeeType.INDIVIDUAL,x:[]};const event=new ICalAttendee(data,new ICalEvent({start:new Date},new ICalCalendar));assert.deepStrictEqual(event.toJSON(),data)",
                  "err": {},
                  "uuid": "1b6f82f7-e15c-4bab-86a5-8585db99de03",
                  "parentUUID": "3c6261e3-be50-4252-a87f-0fd46b54909e",
                  "isHook": false,
                  "skipped": false
                },
                {
                  "title": "shouldn't work without event reference",
                  "fullTitle": "ical-generator Attendee constructor() shouldn't work without event reference",
                  "timedOut": false,
                  "duration": 1,
                  "state": "passed",
                  "speed": "fast",
                  "pass": true,
                  "fail": false,
                  "pending": false,
                  "context": null,
                  "code": "assert.throws(function(){new ICalAttendee({email:\"foo@bar.com\"})},/`event`/)",
                  "err": {},
                  "uuid": "63e46d89-9eaf-48ae-a109-2420ffccd401",
                  "parentUUID": "3c6261e3-be50-4252-a87f-0fd46b54909e",
                  "isHook": false,
                  "skipped": false
                },
                {
                  "title": "should throw an error without email",
                  "fullTitle": "ical-generator Attendee constructor() should throw an error without email",
                  "timedOut": false,
                  "duration": 0,
                  "state": "passed",
                  "speed": "fast",
                  "pass": true,
                  "fail": false,
                  "pending": false,
                  "context": null,
                  "code": "assert.throws(function(){new ICalAttendee({name:\"Testuser\"},new ICalEvent({start:new Date},new ICalCalendar))},/`email`/)",
                  "err": {},
                  "uuid": "dd204436-be08-4b27-b8d7-795c090fb9f4",
                  "parentUUID": "3c6261e3-be50-4252-a87f-0fd46b54909e",
                  "isHook": false,
                  "skipped": false
                }
              ],
              "suites": [],
              "passes": [
                "1b6f82f7-e15c-4bab-86a5-8585db99de03",
                "63e46d89-9eaf-48ae-a109-2420ffccd401",
                "dd204436-be08-4b27-b8d7-795c090fb9f4"
              ],
              "failures": [],
              "pending": [],
              "skipped": [],
              "duration": 1,
              "root": false,
              "rootEmpty": false,
              "_timeout": 2000
            },
            {
              "uuid": "cd3d9f06-f9b7-4a43-8c93-272fade2ae47",
              "title": "name()",
              "fullFile": "/home/runner/work/ical-generator/ical-generator/test/attendee.ts",
              "file": "/test/attendee.ts",
              "beforeHooks": [],
              "afterHooks": [],
              "tests": [
                {
                  "title": "getter should return value",
                  "fullTitle": "ical-generator Attendee name() getter should return value",
                  "timedOut": false,
                  "duration": 0,
                  "state": "passed",
                  "speed": "fast",
                  "pass": true,
                  "fail": false,
                  "pending": false,
                  "context": null,
                  "code": "const a=new ICalAttendee({email:\"foo@example.com\"},new ICalEvent({start:new Date},new ICalCalendar));assert.strictEqual(a.name(),null);a.name(\"Sebastian\");assert.strictEqual(a.name(),\"Sebastian\")",
                  "err": {},
                  "uuid": "2a7b8edf-7f5c-470e-a69d-38967d1c8ed9",
                  "parentUUID": "cd3d9f06-f9b7-4a43-8c93-272fade2ae47",
                  "isHook": false,
                  "skipped": false
                },
                {
                  "title": "setter should return this",
                  "fullTitle": "ical-generator Attendee name() setter should return this",
                  "timedOut": false,
                  "duration": 0,
                  "state": "passed",
                  "speed": "fast",
                  "pass": true,
                  "fail": false,
                  "pending": false,
                  "context": null,
                  "code": "const a=new ICalAttendee({email:\"foo@example.com\"},new ICalEvent({start:new Date},new ICalCalendar));assert.deepStrictEqual(a,a.name(null));assert.deepStrictEqual(a,a.name(\"Sebastian\"))",
                  "err": {},
                  "uuid": "14f96fe2-4637-4b4f-9c68-35c1591f42b3",
                  "parentUUID": "cd3d9f06-f9b7-4a43-8c93-272fade2ae47",
                  "isHook": false,
                  "skipped": false
                },
                {
                  "title": "setter should change something",
                  "fullTitle": "ical-generator Attendee name() setter should change something",
                  "timedOut": false,
                  "duration": 0,
                  "state": "passed",
                  "speed": "fast",
                  "pass": true,
                  "fail": false,
                  "pending": false,
                  "context": null,
                  "code": "const a=new ICalAttendee({email:\"foo@example.com\"},new ICalEvent({start:new Date},new ICalCalendar));a.name(\"Sebastian\");assert.strictEqual(a.name(),\"Sebastian\");a.name(null);assert.strictEqual(a.name(),null)",
                  "err": {},
                  "uuid": "0cb7cdf7-1b56-4926-9ab2-3ece5c310979",
                  "parentUUID": "cd3d9f06-f9b7-4a43-8c93-272fade2ae47",
                  "isHook": false,
                  "skipped": false
                }
              ],
              "suites": [],
              "passes": [
                "2a7b8edf-7f5c-470e-a69d-38967d1c8ed9",
                "14f96fe2-4637-4b4f-9c68-35c1591f42b3",
                "0cb7cdf7-1b56-4926-9ab2-3ece5c310979"
              ],
              "failures": [],
              "pending": [],
              "skipped": [],
              "duration": 0,
              "root": false,
              "rootEmpty": false,
              "_timeout": 2000
            },
            {
              "uuid": "09da36fc-c685-4daf-bd15-492f766a83b6",
              "title": "email()",
              "fullFile": "/home/runner/work/ical-generator/ical-generator/test/attendee.ts",
              "file": "/test/attendee.ts",
              "beforeHooks": [],
              "afterHooks": [],
              "tests": [
                {
                  "title": "getter should return value",
                  "fullTitle": "ical-generator Attendee email() getter should return value",
                  "timedOut": false,
                  "duration": 0,
                  "state": "passed",
                  "speed": "fast",
                  "pass": true,
                  "fail": false,
                  "pending": false,
                  "context": null,
                  "code": "const a=new ICalAttendee({email:\"foo@example.com\"},new ICalEvent({start:new Date},new ICalCalendar)).email(\"foo@example.com\");assert.strictEqual(a.email(),\"foo@example.com\")",
                  "err": {},
                  "uuid": "b44eddb5-f49e-40d4-8779-cab1065e4dc8",
                  "parentUUID": "09da36fc-c685-4daf-bd15-492f766a83b6",
                  "isHook": false,
                  "skipped": false
                },
                {
                  "title": "setter should return this",
                  "fullTitle": "ical-generator Attendee email() setter should return this",
                  "timedOut": false,
                  "duration": 0,
                  "state": "passed",
                  "speed": "fast",
                  "pass": true,
                  "fail": false,
                  "pending": false,
                  "context": null,
[...]
                      "parentUUID": "acdd9b6f-d184-4db3-8b08-74d45138c702",
                      "isHook": false,
                      "skipped": false
                    }
                  ],
                  "suites": [],
                  "passes": [
                    "59255b79-0e22-4831-a9e0-2e4d4bb226e0",
                    "173f2a37-1156-4223-8a9c-f1e9ee551b77"
                  ],
                  "failures": [],
                  "pending": [],
                  "skipped": [],
                  "duration": 0,
                  "root": false,
                  "rootEmpty": false,
                  "_timeout": 2000
                },
                {
                  "uuid": "08393ad2-a37b-4984-be71-70815dd2efef",
                  "title": "Luxon",
                  "fullFile": "/home/runner/work/ical-generator/ical-generator/test/tools.ts",
                  "file": "/test/tools.ts",
                  "beforeHooks": [],
                  "afterHooks": [],
                  "tests": [
                    {
                      "title": "should work with valid Luxon",
                      "fullTitle": "ICalTools checkDate() Luxon should work with valid Luxon",
                      "timedOut": false,
                      "duration": 0,
                      "state": "passed",
                      "speed": "fast",
                      "pass": true,
                      "fail": false,
                      "pending": false,
                      "context": null,
                      "code": "const date=DateTime.now();assert.equal(checkDate(date,\"foo\"),date)",
                      "err": {},
                      "uuid": "462d96d8-dda9-47e9-843b-774b832d3e5a",
                      "parentUUID": "08393ad2-a37b-4984-be71-70815dd2efef",
                      "isHook": false,
                      "skipped": false
                    },
                    {
                      "title": "should throw error for invalid Luxon",
                      "fullTitle": "ICalTools checkDate() Luxon should throw error for invalid Luxon",
                      "timedOut": false,
                      "duration": 0,
                      "state": "passed",
                      "speed": "fast",
                      "pass": true,
                      "fail": false,
                      "pending": false,
                      "context": null,
                      "code": "const date=DateTime.fromISO(\"foo\");assert.throws(()=>{checkDate(date,\"foo\")},/`foo` has to be a valid date!/)",
                      "err": {},
                      "uuid": "fb2a1268-3651-4285-b2a5-0e3c1e23b19f",
                      "parentUUID": "08393ad2-a37b-4984-be71-70815dd2efef",
                      "isHook": false,
                      "skipped": false
                    }
                  ],
                  "suites": [],
                  "passes": [
                    "462d96d8-dda9-47e9-843b-774b832d3e5a",
                    "fb2a1268-3651-4285-b2a5-0e3c1e23b19f"
                  ],
                  "failures": [],
                  "pending": [],
                  "skipped": [],
                  "duration": 0,
                  "root": false,
                  "rootEmpty": false,
                  "_timeout": 2000
                },
                {
                  "uuid": "6f121a76-bc77-4841-828f-ecf5b0101a50",
                  "title": "Moment",
                  "fullFile": "/home/runner/work/ical-generator/ical-generator/test/tools.ts",
                  "file": "/test/tools.ts",
                  "beforeHooks": [],
                  "afterHooks": [],
                  "tests": [
                    {
                      "title": "should work with valid Moment",
                      "fullTitle": "ICalTools checkDate() Moment should work with valid Moment",
                      "timedOut": false,
                      "duration": 0,
                      "state": "passed",
                      "speed": "fast",
                      "pass": true,
                      "fail": false,
                      "pending": false,
                      "context": null,
                      "code": "const date=moment();assert.equal(checkDate(date,\"foo\"),date)",
                      "err": {},
                      "uuid": "c3cadb9a-9f7e-4ec0-961a-11c8e1450a51",
                      "parentUUID": "6f121a76-bc77-4841-828f-ecf5b0101a50",
                      "isHook": false,
                      "skipped": false
                    },
                    {
                      "title": "should throw error for invalid Moment",
                      "fullTitle": "ICalTools checkDate() Moment should throw error for invalid Moment",
                      "timedOut": false,
                      "duration": 1,
                      "state": "passed",
                      "speed": "fast",
                      "pass": true,
                      "fail": false,
                      "pending": false,
                      "context": null,
                      "code": "const date=moment(\"foo\",\"MM/DD/YYYY\",true);assert.throws(()=>{checkDate(date,\"foo\")},/`foo` has to be a valid date!/)",
                      "err": {},
                      "uuid": "094dbef0-98f5-472d-97d5-d8e225b40ee7",
                      "parentUUID": "6f121a76-bc77-4841-828f-ecf5b0101a50",
                      "isHook": false,
                      "skipped": false
                    }
                  ],
                  "suites": [],
                  "passes": [
                    "c3cadb9a-9f7e-4ec0-961a-11c8e1450a51",
                    "094dbef0-98f5-472d-97d5-d8e225b40ee7"
                  ],
                  "failures": [],
                  "pending": [],
                  "skipped": [],
                  "duration": 1,
                  "root": false,
                  "rootEmpty": false,
                  "_timeout": 2000
                },
                {
                  "uuid": "dc69696c-4c25-443c-8111-e04ef62f12e1",
                  "title": "Day.js",
                  "fullFile": "/home/runner/work/ical-generator/ical-generator/test/tools.ts",
                  "file": "/test/tools.ts",
                  "beforeHooks": [],
                  "afterHooks": [],
                  "tests": [
                    {
                      "title": "should work with valid Day.js",
                      "fullTitle": "ICalTools checkDate() Day.js should work with valid Day.js",
                      "timedOut": false,
                      "duration": 0,
                      "state": "passed",
                      "speed": "fast",
                      "pass": true,
                      "fail": false,
                      "pending": false,
                      "context": null,
                      "code": "const date=dayjs();assert.equal(checkDate(date,\"foo\"),date)",
                      "err": {},
                      "uuid": "4666d473-564c-47bc-a4f0-2d5ff99cd5cf",
                      "parentUUID": "dc69696c-4c25-443c-8111-e04ef62f12e1",
                      "isHook": false,
                      "skipped": false
                    },
                    {
                      "title": "should throw error for invalid Day.js",
                      "fullTitle": "ICalTools checkDate() Day.js should throw error for invalid Day.js",
                      "timedOut": false,
                      "duration": 0,
                      "state": "passed",
                      "speed": "fast",
                      "pass": true,
                      "fail": false,
                      "pending": false,
                      "context": null,
                      "code": "const date=dayjs(\"foo\");assert.throws(()=>{checkDate(date,\"foo\")},/`foo` has to be a valid date!/)",
                      "err": {},
                      "uuid": "fa06cdca-2cfc-478c-b0b9-858579f8f579",
                      "parentUUID": "dc69696c-4c25-443c-8111-e04ef62f12e1",
                      "isHook": false,
                      "skipped": false
                    }
                  ],
                  "suites": [],
                  "passes": [
                    "4666d473-564c-47bc-a4f0-2d5ff99cd5cf",
                    "fa06cdca-2cfc-478c-b0b9-858579f8f579"
                  ],
                  "failures": [],
                  "pending": [],
                  "skipped": [],
                  "duration": 0,
                  "root": false,
                  "rootEmpty": false,
                  "_timeout": 2000
                }
              ],
              "passes": [],
              "failures": [],
              "pending": [],
              "skipped": [],
              "duration": 0,
              "root": false,
              "rootEmpty": false,
              "_timeout": 2000
            },
            {
              "uuid": "ee7403b0-cc58-4d29-8392-c064f4da63a1",
              "title": "toDate()",
              "fullFile": "/home/runner/work/ical-generator/ical-generator/test/tools.ts",
              "file": "/test/tools.ts",
              "beforeHooks": [],
              "afterHooks": [],
              "tests": [
                {
                  "title": "should work with strings",
                  "fullTitle": "ICalTools toDate() should work with strings",
                  "timedOut": false,
                  "duration": 0,
                  "state": "passed",
                  "speed": "fast",
                  "pass": true,
                  "fail": false,
                  "pending": false,
                  "context": null,
                  "code": "const date=new Date;assert.deepStrictEqual(toDate(date.toJSON()),date)",
                  "err": {},
                  "uuid": "51f59f9a-acc2-49a5-be75-9e458a5a90e4",
                  "parentUUID": "ee7403b0-cc58-4d29-8392-c064f4da63a1",
                  "isHook": false,
                  "skipped": false
                },
                {
                  "title": "should work with native Date",
                  "fullTitle": "ICalTools toDate() should work with native Date",
                  "timedOut": false,
                  "duration": 0,
                  "state": "passed",
                  "speed": "fast",
                  "pass": true,
                  "fail": false,
                  "pending": false,
                  "context": null,
                  "code": "const date=new Date;assert.deepStrictEqual(toDate(date),date)",
                  "err": {},
                  "uuid": "72d8f0f1-51a0-4abe-9500-ce81aaca0add",
                  "parentUUID": "ee7403b0-cc58-4d29-8392-c064f4da63a1",
                  "isHook": false,
                  "skipped": false
                },
                {
                  "title": "should work with moment object",
                  "fullTitle": "ICalTools toDate() should work with moment object",
                  "timedOut": false,
                  "duration": 0,
                  "state": "passed",
                  "speed": "fast",
                  "pass": true,
                  "fail": false,
                  "pending": false,
                  "context": null,
                  "code": "const date=new Date;assert.deepStrictEqual(toDate(moment(date)),date)",
                  "err": {},
                  "uuid": "dc790cc9-53c8-44c4-9b1c-47e1c0fb97d5",
                  "parentUUID": "ee7403b0-cc58-4d29-8392-c064f4da63a1",
                  "isHook": false,
                  "skipped": false
                },
                {
                  "title": "should work with moment-timezone object",
                  "fullTitle": "ICalTools toDate() should work with moment-timezone object",
                  "timedOut": false,
                  "duration": 0,
                  "state": "passed",
                  "speed": "fast",
                  "pass": true,
                  "fail": false,
                  "pending": false,
                  "context": null,
                  "code": "const date=new Date;assert.deepStrictEqual(toDate(momentTz(date)),date)",
                  "err": {},
                  "uuid": "c58c645d-4313-473b-8c20-3f1dbff0180c",
                  "parentUUID": "ee7403b0-cc58-4d29-8392-c064f4da63a1",
                  "isHook": false,
                  "skipped": false
                },
                {
                  "title": "should work with Day.js object",
                  "fullTitle": "ICalTools toDate() should work with Day.js object",
                  "timedOut": false,
                  "duration": 0,
                  "state": "passed",
                  "speed": "fast",
                  "pass": true,
                  "fail": false,
                  "pending": false,
                  "context": null,
                  "code": "const date=new Date;assert.deepStrictEqual(toDate(dayjs(date)),date)",
                  "err": {},
                  "uuid": "99d48404-95e8-4861-b0fd-11a32865b06c",
                  "parentUUID": "ee7403b0-cc58-4d29-8392-c064f4da63a1",
                  "isHook": false,
                  "skipped": false
                },
                {
                  "title": "should work with luxon DateTime object",
                  "fullTitle": "ICalTools toDate() should work with luxon DateTime object",
                  "timedOut": false,
                  "duration": 1,
                  "state": "passed",
                  "speed": "fast",
                  "pass": true,
                  "fail": false,
                  "pending": false,
                  "context": null,
                  "code": "const date=new Date;assert.deepStrictEqual(toDate(DateTime.fromJSDate(date)),date)",
                  "err": {},
                  "uuid": "2491a479-57dd-4fab-a7a3-1b414c4465cc",
                  "parentUUID": "ee7403b0-cc58-4d29-8392-c064f4da63a1",
                  "isHook": false,
                  "skipped": false
                }
              ],
              "suites": [],
              "passes": [
                "51f59f9a-acc2-49a5-be75-9e458a5a90e4",
                "72d8f0f1-51a0-4abe-9500-ce81aaca0add",
                "dc790cc9-53c8-44c4-9b1c-47e1c0fb97d5",
                "c58c645d-4313-473b-8c20-3f1dbff0180c",
                "99d48404-95e8-4861-b0fd-11a32865b06c",
                "2491a479-57dd-4fab-a7a3-1b414c4465cc"
              ],
              "failures": [],
              "pending": [],
              "skipped": [],
              "duration": 1,
              "root": false,
              "rootEmpty": false,
              "_timeout": 2000
            },
            {
              "uuid": "28573111-b016-4f2c-b6b4-96dba374167d",
              "title": "toDurationString()",
              "fullFile": "/home/runner/work/ical-generator/ical-generator/test/tools.ts",
              "file": "/test/tools.ts",
              "beforeHooks": [],
              "afterHooks": [],
              "tests": [
                {
                  "title": "should work",
                  "fullTitle": "ICalTools toDurationString() should work",
                  "timedOut": false,
                  "duration": 0,
                  "state": "passed",
                  "speed": "fast",
                  "pass": true,
                  "fail": false,
                  "pending": false,
                  "context": null,
                  "code": "assert.strictEqual(toDurationString(0),\"PT0S\");assert.strictEqual(toDurationString(1),\"PT1S\");assert.strictEqual(toDurationString(60),\"PT1M\");assert.strictEqual(toDurationString(3600),\"PT1H\");assert.strictEqual(toDurationString(86400),\"P1D\");assert.strictEqual(toDurationString(-3600),\"-PT1H\")",
                  "err": {},
                  "uuid": "f6a37883-6de1-460d-b415-b8aab0645f03",
                  "parentUUID": "28573111-b016-4f2c-b6b4-96dba374167d",
                  "isHook": false,
                  "skipped": false
                }
              ],
              "suites": [],
              "passes": [
                "f6a37883-6de1-460d-b415-b8aab0645f03"
              ],
              "failures": [],
              "pending": [],
              "skipped": [],
              "duration": 0,
              "root": false,
              "rootEmpty": false,
              "_timeout": 2000
            }
          ],
          "passes": [],
          "failures": [],
          "pending": [],
          "skipped": [],
          "duration": 0,
          "root": false,
          "rootEmpty": false,
          "_timeout": 2000
        },
        {
          "uuid": "30398b3f-b32d-463b-b602-46041684d768",
          "title": "ical-generator Types",
          "fullFile": "/home/runner/work/ical-generator/ical-generator/test/types.ts",
          "file": "/test/types.ts",
          "beforeHooks": [],
          "afterHooks": [],
          "tests": [
            {
              "title": "stubs should be compatible with third party libraries",
              "fullTitle": "ical-generator Types stubs should be compatible with third party libraries",
              "timedOut": false,
              "duration": 0,
              "state": "passed",
              "speed": "fast",
              "pass": true,
              "fail": false,
              "pending": false,
              "context": null,
              "code": "assert.ok(dayJsTest,\"day.js stub should be compatible\");assert.ok(luxonTest,\"luxon stub should be compatible\");assert.ok(momentTest,\"moment stub should be compatible\");assert.ok(momentTimezoneTest,\"moment-timezone stub should be compatible\");assert.ok(rruleTest,\"rrule stub should be compatible\");assert.ok(dateFnsTzTest,\"date-fns/tz stub should be compatible\")",
              "err": {},
              "uuid": "db46df91-73f3-472f-a828-b36fcbe9778b",
              "parentUUID": "30398b3f-b32d-463b-b602-46041684d768",
              "isHook": false,
              "skipped": false
            },
            {
              "title": "calendar data should be compatible with calendar json data",
              "fullTitle": "ical-generator Types calendar data should be compatible with calendar json data",
              "timedOut": false,
              "duration": 0,
              "state": "passed",
              "speed": "fast",
              "pass": true,
              "fail": false,
              "pending": false,
              "context": null,
              "code": "assert.ok(attendeeJson,\"attendee json data should be compatible\");assert.ok(calendarJson,\"calendar json data should be compatible\");assert.ok(categoryJson,\"category json data should be compatible\");assert.ok(eventJson,\"event json data should be compatible\")",
              "err": {},
              "uuid": "d4d9af8e-2957-48fa-b7f5-8a7941520a5a",
              "parentUUID": "30398b3f-b32d-463b-b602-46041684d768",
              "isHook": false,
              "skipped": false
            }
          ],
          "suites": [],
          "passes": [
            "db46df91-73f3-472f-a828-b36fcbe9778b",
            "d4d9af8e-2957-48fa-b7f5-8a7941520a5a"
          ],
          "failures": [],
          "pending": [],
          "skipped": [],
          "duration": 0,
          "root": false,
          "rootEmpty": false,
          "_timeout": 2000
        }
      ],
      "passes": [],
      "failures": [],
      "pending": [],
      "skipped": [],
      "duration": 0,
      "root": true,
      "rootEmpty": true,
      "_timeout": 2000
    }
  ],
  "meta": {
    "mocha": {
      "version": "11.2.2"
    },
    "mochawesome": {
      "options": {
        "quiet": false,
        "reportFilename": "mochawesome",
        "saveHtml": true,
        "saveJson": true,
        "consoleReporter": "spec",
        "useInlineDiffs": false,
        "code": true
      },
      "version": "7.1.3"
    },
    "marge": {
      "options": null,
      "version": "6.2.0"
    }
  }
}