{
  "stats": {
    "suites": 126,
    "tests": 428,
    "passes": 428,
    "pending": 0,
    "failures": 0,
    "start": "2022-06-03T06:44:34.692Z",
    "end": "2022-06-03T06:44:34.931Z",
    "duration": 239,
    "testsRegistered": 428,
    "passPercent": 100,
    "pendingPercent": 0,
    "other": 0,
    "hasOther": false,
    "skipped": 0,
    "hasSkipped": false
  },
  "results": [
    {
      "uuid": "cf807d19-3afa-47a1-98f0-3190df17fa37",
      "title": "",
      "fullFile": "",
      "file": "",
      "beforeHooks": [],
      "afterHooks": [],
      "tests": [],
      "suites": [
        {
          "uuid": "8beb24eb-6426-4dcd-bf8d-e26edb4c6cf6",
          "title": "ical-generator Alarm",
          "fullFile": "/home/runner/work/ical-generator/ical-generator/test/alarm.ts",
          "file": "/test/alarm.ts",
          "beforeHooks": [],
          "afterHooks": [],
          "tests": [],
          "suites": [
            {
              "uuid": "f98d69be-8364-4b17-b11c-d3ad6aff8491",
              "title": "constructor()",
              "fullFile": "/home/runner/work/ical-generator/ical-generator/test/alarm.ts",
              "file": "/test/alarm.ts",
              "beforeHooks": [],
              "afterHooks": [],
              "tests": [
                {
                  "title": "shouldn't work without event reference",
                  "fullTitle": "ical-generator Alarm constructor() shouldn't work without event reference",
                  "timedOut": false,
                  "duration": 1,
                  "state": "passed",
                  "speed": "fast",
                  "pass": true,
                  "fail": false,
                  "pending": false,
                  "context": null,
                  "code": "assert_1.default.throws(function () {\n    // @ts-ignore\n    new alarm_1.default({ type: alarm_1.ICalAlarmType.display }, null);\n}, /`event`/);",
                  "err": {},
                  "uuid": "92117a34-bcf8-48be-9761-454da1586d9e",
                  "parentUUID": "f98d69be-8364-4b17-b11c-d3ad6aff8491",
                  "isHook": false,
                  "skipped": false
                },
                {
                  "title": "should ignore unknown data attributes",
                  "fullTitle": "ical-generator Alarm constructor() should ignore unknown data attributes",
                  "timedOut": false,
                  "duration": 0,
                  "state": "passed",
                  "speed": "fast",
                  "pass": true,
                  "fail": false,
                  "pending": false,
                  "context": null,
                  "code": "const a = new alarm_1.default({\n    // @ts-ignore\n    unknown: true,\n    type: alarm_1.ICalAlarmType.display\n}, new event_1.default({}, new calendar_1.default()));\nassert_1.default.strictEqual(a.type(), 'display');",
                  "err": {},
                  "uuid": "fe8719f1-861c-43e1-961c-28a6368ff6d3",
                  "parentUUID": "f98d69be-8364-4b17-b11c-d3ad6aff8491",
                  "isHook": false,
                  "skipped": false
                }
              ],
              "suites": [],
              "passes": [
                "92117a34-bcf8-48be-9761-454da1586d9e",
                "fe8719f1-861c-43e1-961c-28a6368ff6d3"
              ],
              "failures": [],
              "pending": [],
              "skipped": [],
              "duration": 1,
              "root": false,
              "rootEmpty": false,
              "_timeout": 2000
            },
            {
              "uuid": "fab48ce4-25d9-4f13-ba06-8f1a962b5e06",
              "title": "type()",
              "fullFile": "/home/runner/work/ical-generator/ical-generator/test/alarm.ts",
              "file": "/test/alarm.ts",
              "beforeHooks": [],
              "afterHooks": [],
              "tests": [
                {
                  "title": "setter should return this",
                  "fullTitle": "ical-generator Alarm type() setter should return this",
                  "timedOut": false,
                  "duration": 0,
                  "state": "passed",
                  "speed": "fast",
                  "pass": true,
                  "fail": false,
                  "pending": false,
                  "context": null,
                  "code": "const a = new alarm_1.default({}, new event_1.default({}, new calendar_1.default()));\nassert_1.default.deepStrictEqual(a, a.type(null));\nassert_1.default.deepStrictEqual(a, a.type(alarm_1.ICalAlarmType.display));",
                  "err": {},
                  "uuid": "e4402c99-80e4-485d-9a42-238aa4419a31",
                  "parentUUID": "fab48ce4-25d9-4f13-ba06-8f1a962b5e06",
                  "isHook": false,
                  "skipped": false
                },
                {
                  "title": "getter should return value",
                  "fullTitle": "ical-generator Alarm type() getter should return value",
                  "timedOut": false,
                  "duration": 0,
                  "state": "passed",
                  "speed": "fast",
                  "pass": true,
                  "fail": false,
                  "pending": false,
                  "context": null,
                  "code": "const a = new alarm_1.default({}, new event_1.default({}, new calendar_1.default()));\nassert_1.default.strictEqual(a.type(), null);\na.type(alarm_1.ICalAlarmType.display);\nassert_1.default.strictEqual(a.type(), 'display');\na.type(null);\nassert_1.default.strictEqual(a.type(), null);",
                  "err": {},
                  "uuid": "cf2f82ce-ad65-4ff2-aca6-97a447c9fbb2",
                  "parentUUID": "fab48ce4-25d9-4f13-ba06-8f1a962b5e06",
                  "isHook": false,
                  "skipped": false
                },
                {
                  "title": "should throw error when type not allowed",
                  "fullTitle": "ical-generator Alarm type() should throw error when type not allowed",
                  "timedOut": false,
                  "duration": 0,
                  "state": "passed",
                  "speed": "fast",
                  "pass": true,
                  "fail": false,
                  "pending": false,
                  "context": null,
                  "code": "const a = new alarm_1.default({}, new event_1.default({}, new calendar_1.default()));\nassert_1.default.throws(function () {\n    // @ts-ignore\n    a.type('BANANA');\n}, /`type`/);",
                  "err": {},
                  "uuid": "3ffbee90-a6bb-4eec-b58c-5f8b233e4265",
                  "parentUUID": "fab48ce4-25d9-4f13-ba06-8f1a962b5e06",
                  "isHook": false,
                  "skipped": false
                },
                {
                  "title": "should change something",
                  "fullTitle": "ical-generator Alarm type() should change something",
                  "timedOut": false,
                  "duration": 1,
                  "state": "passed",
                  "speed": "fast",
                  "pass": true,
                  "fail": false,
                  "pending": false,
                  "context": null,
                  "code": "const a = new alarm_1.default({\n    type: alarm_1.ICalAlarmType.display,\n    trigger: 60 * 10\n}, new event_1.default({}, new calendar_1.default()));\nassert_1.default.ok(a.toString().indexOf('ACTION:DISPLAY') > -1);",
                  "err": {},
                  "uuid": "aa7f0610-b92d-4428-839a-2e0b58ed9b05",
                  "parentUUID": "fab48ce4-25d9-4f13-ba06-8f1a962b5e06",
                  "isHook": false,
                  "skipped": false
                }
              ],
              "suites": [],
              "passes": [
                "e4402c99-80e4-485d-9a42-238aa4419a31",
                "cf2f82ce-ad65-4ff2-aca6-97a447c9fbb2",
                "3ffbee90-a6bb-4eec-b58c-5f8b233e4265",
                "aa7f0610-b92d-4428-839a-2e0b58ed9b05"
              ],
              "failures": [],
              "pending": [],
              "skipped": [],
              "duration": 1,
              "root": false,
              "rootEmpty": false,
              "_timeout": 2000
            },
            {
              "uuid": "454f0067-48dd-450d-9147-1eebb82d445e",
              "title": "trigger()",
              "fullFile": "/home/runner/work/ical-generator/ical-generator/test/alarm.ts",
              "file": "/test/alarm.ts",
              "beforeHooks": [],
              "afterHooks": [],
              "tests": [
                {
                  "title": "setter should return this",
                  "fullTitle": "ical-generator Alarm trigger() setter should return this",
                  "timedOut": false,
                  "duration": 0,
                  "state": "passed",
                  "speed": "fast",
                  "pass": true,
                  "fail": false,
                  "pending": false,
                  "context": null,
                  "code": "const a = new alarm_1.default({}, new event_1.default({}, new calendar_1.default()));\nassert_1.default.deepStrictEqual(a, a.trigger(null));\nassert_1.default.deepStrictEqual(a, a.trigger(60 * 10));",
                  "err": {},
                  "uuid": "b775dcbb-a231-42fc-89bb-a577f0d10ec3",
                  "parentUUID": "454f0067-48dd-450d-9147-1eebb82d445e",
                  "isHook": false,
                  "skipped": false
                },
                {
                  "title": "getter should return value",
                  "fullTitle": "ical-generator Alarm trigger() getter should return value",
                  "timedOut": false,
                  "duration": 0,
                  "state": "passed",
                  "speed": "fast",
                  "pass": true,
                  "fail": false,
                  "pending": false,
                  "context": null,
                  "code": "const a = new alarm_1.default({}, new event_1.default({}, new calendar_1.default()));\nconst now = new Date();\nassert_1.default.strictEqual(a.trigger(), null);\nassert_1.default.strictEqual(a.triggerAfter(), null);\na.trigger(300);\nassert_1.default.strictEqual(a.trigger(), 300);\nassert_1.default.strictEqual(a.triggerAfter(), -300);\n// Date\na.trigger(now);\nconst dateResult = a.trigger();\nassert_1.default.deepStrictEqual(dateResult, now);\n// Null\na.trigger(null);\nassert_1.default.strictEqual(a.trigger(), null);\nassert_1.default.strictEqual(a.triggerAfter(), null);",
                  "err": {},
                  "uuid": "4f7922c3-b172-4231-97dd-baae3fdc2ddb",
                  "parentUUID": "454f0067-48dd-450d-9147-1eebb82d445e",
                  "isHook": false,
                  "skipped": false
                },
                {
                  "title": "should throw error when trigger not allowed",
                  "fullTitle": "ical-generator Alarm trigger() should throw error when trigger not allowed",
                  "timedOut": false,
                  "duration": 0,
                  "state": "passed",
                  "speed": "fast",
                  "pass": true,
                  "fail": false,
                  "pending": false,
                  "context": null,
                  "code": "const a = new alarm_1.default({}, new event_1.default({}, new calendar_1.default()));\nassert_1.default.throws(function () {\n    a.trigger(Infinity);\n}, /`trigger`/);\nassert_1.default.throws(function () {\n    // @ts-ignore\n    a.trigger('hi');\n}, /`trigger`/);\nassert_1.default.throws(function () {\n    // @ts-ignore\n    a.trigger(true);\n}, /`trigger`/);",
                  "err": {},
                  "uuid": "0daa9af3-4aff-4e88-b511-2055810f133f",
                  "parentUUID": "454f0067-48dd-450d-9147-1eebb82d445e",
                  "isHook": false,
                  "skipped": false
                },
                {
                  "title": "setter should work with null",
                  "fullTitle": "ical-generator Alarm trigger() setter should work with null",
                  "timedOut": false,
                  "duration": 0,
                  "state": "passed",
                  "speed": "fast",
                  "pass": true,
                  "fail": false,
                  "pending": false,
                  "context": null,
                  "code": "const a = new alarm_1.default({}, new event_1.default({}, new calendar_1.default()));\na.trigger(60 * 10);\na.trigger(null);\nassert_1.default.strictEqual(a.trigger(), null);",
                  "err": {},
                  "uuid": "ddd3c833-9704-4fd7-84d3-a4e5cce75299",
                  "parentUUID": "454f0067-48dd-450d-9147-1eebb82d445e",
                  "isHook": false,
                  "skipped": false
                },
                {
                  "title": "setter should work with date",
                  "fullTitle": "ical-generator Alarm trigger() setter should work with date",
                  "timedOut": false,
                  "duration": 0,
                  "state": "passed",
                  "speed": "fast",
                  "pass": true,
                  "fail": false,
                  "pending": false,
                  "context": null,
                  "code": "const a = new alarm_1.default({}, new event_1.default({}, new calendar_1.default()));\na.trigger(new Date());\nassert_1.default.ok(a.trigger() instanceof Date);",
                  "err": {},
                  "uuid": "4e5d6f1e-61a5-46ec-8620-58a6ea56d51d",
                  "parentUUID": "454f0067-48dd-450d-9147-1eebb82d445e",
                  "isHook": false,
                  "skipped": false
                },
                {
                  "title": "setter should work with moment instance",
                  "fullTitle": "ical-generator Alarm trigger() setter should work with moment instance",
                  "timedOut": false,
                  "duration": 0,
                  "state": "passed",
                  "speed": "fast",
                  "pass": true,
                  "fail": false,
                  "pending": false,
                  "context": null,
                  "code": "const a = new alarm_1.default({}, new event_1.default({}, new calendar_1.default()));\na.trigger((0, moment_timezone_1.default)());\nassert_1.default.ok(moment_timezone_1.default.isMoment(a.trigger()));",
                  "err": {},
                  "uuid": "ad8d2f6b-3090-4974-86b9-02f5ca6dfcdb",
                  "parentUUID": "454f0067-48dd-450d-9147-1eebb82d445e",
                  "isHook": false,
                  "skipped": false
                },
                {
                  "title": "setter should work with number",
                  "fullTitle": "ical-generator Alarm trigger() setter should work with number",
                  "timedOut": false,
                  "duration": 0,
                  "state": "passed",
                  "speed": "fast",
                  "pass": true,
                  "fail": false,
                  "pending": false,
                  "context": null,
                  "code": "const a = new alarm_1.default({}, new event_1.default({}, new calendar_1.default()));\na.trigger(2 * 60);\nassert_1.default.strictEqual(a.trigger(), 120);",
                  "err": {},
                  "uuid": "56b6fa96-3150-4278-bfb5-179d4d1885e5",
                  "parentUUID": "454f0067-48dd-450d-9147-1eebb82d445e",
                  "isHook": false,
                  "skipped": false
                },
                {
                  "title": "should change something",
                  "fullTitle": "ical-generator Alarm trigger() should change something",
                  "timedOut": false,
                  "duration": 3,
                  "state": "passed",
                  "speed": "fast",
                  "pass": true,
                  "fail": false,
                  "pending": false,
                  "context": null,
                  "code": "const trigger = (0, moment_timezone_1.default)('2015-02-01T13:38:45.000Z');\nconst a = new alarm_1.default({ type: alarm_1.ICalAlarmType.display, trigger: 60 * 10 }, new event_1.default({}, new calendar_1.default()));\nassert_1.default.ok(a.toString().indexOf('TRIGGER:-PT10M') > -1);\na.trigger(trigger);\nassert_1.default.ok(a.toString().indexOf('TRIGGER;VALUE=DATE-TIME:20150201T133845Z') > -1);",
                  "err": {},
                  "uuid": "da03dc98-08cc-4cee-b25e-4ac72d36bae9",
                  "parentUUID": "454f0067-48dd-450d-9147-1eebb82d445e",
                  "isHook": false,
                  "skipped": false
                }
              ],
              "suites": [],
              "passes": [
                "b775dcbb-a231-42fc-89bb-a577f0d10ec3",
                "4f7922c3-b172-4231-97dd-baae3fdc2ddb",
                "0daa9af3-4aff-4e88-b511-2055810f133f",
                "ddd3c833-9704-4fd7-84d3-a4e5cce75299",
                "4e5d6f1e-61a5-46ec-8620-58a6ea56d51d",
                "ad8d2f6b-3090-4974-86b9-02f5ca6dfcdb",
                "56b6fa96-3150-4278-bfb5-179d4d1885e5",
                "da03dc98-08cc-4cee-b25e-4ac72d36bae9"
              ],
              "failures": [],
              "pending": [],
              "skipped": [],
              "duration": 3,
              "root": false,
              "rootEmpty": false,
              "_timeout": 2000
            },
            {
              "uuid": "7472808e-b94a-4102-b0fa-822d0cb850b7",
              "title": "triggerAfter()",
              "fullFile": "/home/runner/work/ical-generator/ical-generator/test/alarm.ts",
              "file": "/test/alarm.ts",
              "beforeHooks": [],
              "afterHooks": [],
              "tests": [
                {
                  "title": "setter should return this",
                  "fullTitle": "ical-generator Alarm triggerAfter() setter should return this",
                  "timedOut": false,
                  "duration": 0,
                  "state": "passed",
                  "speed": "fast",
                  "pass": true,
                  "fail": false,
                  "pending": false,
                  "context": null,
                  "code": "const a = new alarm_1.default({}, new event_1.default({}, new calendar_1.default()));\nassert_1.default.deepStrictEqual(a, a.triggerAfter(60 * 10));",
                  "err": {},
                  "uuid": "56a1efac-a702-4e83-94e0-16cf0854bec8",
                  "parentUUID": "7472808e-b94a-4102-b0fa-822d0cb850b7",
                  "isHook": false,
                  "skipped": false
                },
                {
                  "title": "getter should return value",
                  "fullTitle": "ical-generator Alarm triggerAfter() getter should return value",
                  "timedOut": false,
                  "duration": 1,
                  "state": "passed",
                  "speed": "fast",
                  "pass": true,
                  "fail": false,
                  "pending": false,
                  "context": null,
                  "code": "const a = new alarm_1.default({}, new event_1.default({}, new calendar_1.default())).triggerAfter(300);\nassert_1.default.strictEqual(a.triggerAfter(), 300);\nassert_1.default.strictEqual(a.trigger(), -300);",
                  "err": {},
                  "uuid": "a8bf12b6-d682-4989-a8e4-98f41a55c328",
                  "parentUUID": "7472808e-b94a-4102-b0fa-822d0cb850b7",
                  "isHook": false,
                  "skipped": false
                },
                {
                  "title": "setter should work with number",
                  "fullTitle": "ical-generator Alarm triggerAfter() setter should work with number",
                  "timedOut": false,
                  "duration": 0,
                  "state": "passed",
                  "speed": "fast",
                  "pass": true,
                  "fail": false,
                  "pending": false,
                  "context": null,
                  "code": "const a = new alarm_1.default({}, new event_1.default({}, new calendar_1.default()));\na.triggerAfter(120);\nassert_1.default.strictEqual(a.trigger(), -120);",
                  "err": {},
                  "uuid": "1f50dbde-e876-4d36-af30-e9f4915c67b1",
                  "parentUUID": "7472808e-b94a-4102-b0fa-822d0cb850b7",
                  "isHook": false,
                  "skipped": false
                },
                {
                  "title": "setter should throw error when trigger not allowed",
                  "fullTitle": "ical-generator Alarm triggerAfter() setter should throw error when trigger not allowed",
                  "timedOut": false,
                  "duration": 0,
                  "state": "passed",
                  "speed": "fast",
                  "pass": true,
                  "fail": false,
                  "pending": false,
                  "context": null,
                  "code": "const a = new alarm_1.default({}, new event_1.default({}, new calendar_1.default()));\nassert_1.default.throws(function () {\n    a.triggerAfter(Infinity);\n}, /`trigger`/);\nassert_1.default.throws(function () {\n    // @ts-ignore\n    a.triggerAfter('hi');\n}, /`trigger`/);\nassert_1.default.throws(function () {\n    // @ts-ignore\n    a.triggerAfter(true);\n}, /`trigger`/);",
                  "err": {},
                  "uuid": "83ae5dea-9894-445f-a163-4d9a33a61d74",
                  "parentUUID": "7472808e-b94a-4102-b0fa-822d0cb850b7",
                  "isHook": false,
                  "skipped": false
                },
                {
                  "title": "should change something",
                  "fullTitle": "ical-generator Alarm triggerAfter() should change something",
                  "timedOut": false,
                  "duration": 1,
                  "state": "passed",
                  "speed": "fast",
                  "pass": true,
                  "fail": false,
                  "pending": false,
                  "context": null,
                  "code": "const trigger = (0, moment_timezone_1.default)('20150201T133845Z');\nconst a = new alarm_1.default({ type: alarm_1.ICalAlarmType.display, triggerAfter: 60 * 10 }, new event_1.default({}, new calendar_1.default()));\nassert_1.default.ok(a.toString().indexOf('TRIGGER;RELATED=END:PT10M') > -1);\na.triggerAfter(trigger);\nassert_1.default.ok(a.toString().indexOf('TRIGGER;VALUE=DATE-TIME:20150201T133845Z') > -1);",
                  "err": {},
                  "uuid": "30047eae-4db0-46a1-a727-0ed1f89ade12",
                  "parentUUID": "7472808e-b94a-4102-b0fa-822d0cb850b7",
                  "isHook": false,
                  "skipped": false
                }
              ],
              "suites": [],
              "passes": [
                "56a1efac-a702-4e83-94e0-16cf0854bec8",
                "a8bf12b6-d682-4989-a8e4-98f41a55c328",
                "1f50dbde-e876-4d36-af30-e9f4915c67b1",
                "83ae5dea-9894-445f-a163-4d9a33a61d74",
                "30047eae-4db0-46a1-a727-0ed1f89ade12"
              ],
              "failures": [],
              "pending": [],
              "skipped": [],
              "duration": 2,
              "root": false,
              "rootEmpty": false,
              "_timeout": 2000
            },
            {
              "uuid": "0d539544-ce10-4bd6-a429-f35f61b404a8",
              "title": "triggerBefore()",
              "fullFile": "/home/runner/work/ical-generator/ical-generator/test/alarm.ts",
              "file": "/test/alarm.ts",
              "beforeHooks": [],
              "afterHooks": [],
              "tests": [
                {
                  "title": "setter should return this",
                  "fullTitle": "ical-generator Alarm triggerBefore() setter should return this",
                  "timedOut": false,
                  "duration": 0,
                  "state": "passed",
                  "speed": "fast",
                  "pass": true,
                  "fail": false,
                  "pending": false,
                  "context": null,
                  "code": "const a = new alarm_1.default({}, new event_1.default({}, new calendar_1.default()));\nassert_1.default.deepStrictEqual(a, a.triggerBefore(null));\nassert_1.default.deepStrictEqual(a, a.triggerBefore(60 * 10));",
                  "err": {},
                  "uuid": "5753053b-aff1-43e1-9117-f99c10d342a2",
                  "parentUUID": "0d539544-ce10-4bd6-a429-f35f61b404a8",
                  "isHook": false,
                  "skipped": false
                },
                {
                  "title": "getter should return value",
                  "fullTitle": "ical-generator Alarm triggerBefore() getter should return value",
                  "timedOut": false,
                  "duration": 0,
                  "state": "passed",
                  "speed": "fast",
                  "pass": true,
                  "fail": false,
                  "pending": false,
                  "context": null,
                  "code": "const a = new alarm_1.default({}, new event_1.default({}, new calendar_1.default()));\nconst now = new Date();\nassert_1.default.strictEqual(a.triggerBefore(), null);\na.trigger(300);\nassert_1.default.strictEqual(a.triggerBefore(), 300);\n// Date\na.trigger(now);\nconst dateResult = a.triggerBefore();\nassert_1.default.deepStrictEqual(dateResult, now);\n// Null\na.trigger(null);\nassert_1.default.strictEqual(a.triggerBefore(), null);",
                  "err": {},
                  "uuid": "0160ac58-128d-48e0-adcb-4210a67478b4",
                  "parentUUID": "0d539544-ce10-4bd6-a429-f35f61b404a8",
                  "isHook": false,
                  "skipped": false
                },
                {
                  "title": "should throw error when trigger not allowed",
                  "fullTitle": "ical-generator Alarm triggerBefore() should throw error when trigger not allowed",
                  "timedOut": false,
                  "duration": 0,
                  "state": "passed",
                  "speed": "fast",
                  "pass": true,
                  "fail": false,
                  "pending": false,
                  "context": null,
                  "code": "const a = new alarm_1.default({}, new event_1.default({}, new calendar_1.default()));\nassert_1.default.throws(function () {\n    a.triggerBefore(Infinity);\n}, /`trigger`/);\nassert_1.default.throws(function () {\n    // @ts-ignore\n    a.triggerBefore('hi');\n}, /`trigger`/);\nassert_1.default.throws(function () {\n    // @ts-ignore\n    a.triggerBefore(true);\n}, /`trigger`/);",
                  "err": {},
                  "uuid": "732af501-f1a3-47f9-80ca-ab6cc7c22211",
                  "parentUUID": "0d539544-ce10-4bd6-a429-f35f61b404a8",
                  "isHook": false,
                  "skipped": false
                },
                {
                  "title": "setter should work with null",
                  "fullTitle": "ical-generator Alarm triggerBefore() setter should work with null",
                  "timedOut": false,
                  "duration": 0,
                  "state": "passed",
                  "speed": "fast",
                  "pass": true,
                  "fail": false,
                  "pending": false,
                  "context": null,
                  "code": "const a = new alarm_1.default({}, new event_1.default({}, new calendar_1.default()));\na.triggerBefore(60 * 10);\na.triggerBefore(null);\nassert_1.default.strictEqual(a.trigger(), null);",
                  "err": {},
                  "uuid": "c187f37d-3e96-4215-a9bd-42f1e939b9fb",
                  "parentUUID": "0d539544-ce10-4bd6-a429-f35f61b404a8",
                  "isHook": false,
                  "skipped": false
                },
                {
                  "title": "setter should work with date",
                  "fullTitle": "ical-generator Alarm triggerBefore() setter should work with date",
                  "timedOut": false,
                  "duration": 0,
                  "state": "passed",
                  "speed": "fast",
                  "pass": true,
                  "fail": false,
                  "pending": false,
                  "context": null,
                  "code": "const a = new alarm_1.default({}, new event_1.default({}, new calendar_1.default()));\nconst now = new Date();\na.triggerBefore(now);\nassert_1.default.deepStrictEqual(a.trigger(), now);",
                  "err": {},
                  "uuid": "05399fe5-e553-4f2e-90ff-e4ebeea04e1d",
                  "parentUUID": "0d539544-ce10-4bd6-a429-f35f61b404a8",
                  "isHook": false,
                  "skipped": false
                },
                {
                  "title": "setter should work with moment instance",
                  "fullTitle": "ical-generator Alarm triggerBefore() setter should work with moment instance",
                  "timedOut": false,
                  "duration": 1,
                  "state": "passed",
                  "speed": "fast",
                  "pass": true,
                  "fail": false,
                  "pending": false,
                  "context": null,
                  "code": "const a = new alarm_1.default({}, new event_1.default({}, new calendar_1.default()));\na.triggerBefore((0, moment_timezone_1.default)());\nassert_1.default.ok(moment_timezone_1.default.isMoment(a.trigger()));",
                  "err": {},
                  "uuid": "0f654656-1dbe-443a-9db7-a99e2080f5e1",
                  "parentUUID": "0d539544-ce10-4bd6-a429-f35f61b404a8",
                  "isHook": false,
                  "skipped": false
                },
                {
                  "title": "setter should work with number",
                  "fullTitle": "ical-generator Alarm triggerBefore() setter should work with number",
                  "timedOut": false,
                  "duration": 0,
                  "state": "passed",
                  "speed": "fast",
                  "pass": true,
                  "fail": false,
                  "pending": false,
                  "context": null,
                  "code": "const a = new alarm_1.default({}, new event_1.default({}, new calendar_1.default()));\na.triggerBefore(2 * 60);\nassert_1.default.strictEqual(a.trigger(), 120);",
                  "err": {},
                  "uuid": "c23b4261-c6b1-4ffa-b5a7-c19cb816b62e",
                  "parentUUID": "0d539544-ce10-4bd6-a429-f35f61b404a8",
                  "isHook": false,
                  "skipped": false
                },
                {
                  "title": "should change something",
                  "fullTitle": "ical-generator Alarm triggerBefore() should change something",
                  "timedOut": false,
                  "duration": 0,
                  "state": "passed",
                  "speed": "fast",
                  "pass": true,
                  "fail": false,
                  "pending": false,
                  "context": null,
                  "code": "const trigger = (0, moment_timezone_1.default)('2015-02-01T13:38:45.000Z');\nconst a = new alarm_1.default({ type: alarm_1.ICalAlarmType.display, triggerBefore: 60 * 10 }, new event_1.default({}, new calendar_1.default()));\nassert_1.default.ok(a.toString().indexOf('TRIGGER:-PT10M') > -1);\na.triggerBefore(trigger);\nassert_1.default.ok(a.toString().indexOf('TRIGGER;VALUE=DATE-TIME:20150201T133845Z') > -1);",
                  "err": {},
                  "uuid": "9c52fea2-af18-44ef-9011-dfb9b160654a",
                  "parentUUID": "0d539544-ce10-4bd6-a429-f35f61b404a8",
                  "isHook": false,
                  "skipped": false
                }
              ],
              "suites": [],
              "passes": [
                "5753053b-aff1-43e1-9117-f99c10d342a2",
                "0160ac58-128d-48e0-adcb-4210a67478b4",
                "732af501-f1a3-47f9-80ca-ab6cc7c22211",
                "c187f37d-3e96-4215-a9bd-42f1e939b9fb",
                "05399fe5-e553-4f2e-90ff-e4ebeea04e1d",
                "0f654656-1dbe-443a-9db7-a99e2080f5e1",
                "c23b4261-c6b1-4ffa-b5a7-c19cb816b62e",
                "9c52fea2-af18-44ef-9011-dfb9b160654a"
              ],
              "failures": [],
              "pending": [],
              "skipped": [],
              "duration": 1,
              "root": false,
              "rootEmpty": false,
              "_timeout": 2000
            },
            {
              "uuid": "2932b7cb-b754-4104-9f70-87fba62db865",
              "title": "repeat()",
              "fullFile": "/home/runner/work/ical-generator/ical-generator/test/alarm.ts",
              "file": "/test/alarm.ts",
              "beforeHooks": [],
              "afterHooks": [],
              "tests": [
                {
                  "title": "setter should return this",
                  "fullTitle": "ical-generator Alarm repeat() setter should return this",
                  "timedOut": false,
                  "duration": 1,
                  "state": "passed",
                  "speed": "fast",
                  "pass": true,
                  "fail": false,
                  "pending": false,
                  "context": null,
                  "code": "const a = new alarm_1.default({}, new event_1.default({}, new calendar_1.default()));\nassert_1.default.deepStrictEqual(a, a.repeat(null));\nassert_1.default.deepStrictEqual(a, a.repeat(4));",
                  "err": {},
                  "uuid": "bfea2c86-c567-49cc-8e2a-203d21d564cb",
                  "parentUUID": "2932b7cb-b754-4104-9f70-87fba62db865",
                  "isHook": false,
                  "skipped": false
                },
                {
                  "title": "getter should return value",
                  "fullTitle": "ical-generator Alarm repeat() getter should return value",
                  "timedOut": false,
                  "duration": 0,
                  "state": "passed",
                  "speed": "fast",
                  "pass": true,
                  "fail": false,
                  "pending": false,
                  "context": null,
                  "code": "const a = new alarm_1.default({}, new event_1.default({}, new calendar_1.default()));\nassert_1.default.strictEqual(a.repeat(), null);\na.repeat(100);\nassert_1.default.strictEqual(a.repeat(), 100);\na.repeat(null);\nassert_1.default.strictEqual(a.repeat(), null);",
                  "err": {},
                  "uuid": "b023d26a-cfef-4720-8d4d-d780269af312",
                  "parentUUID": "2932b7cb-b754-4104-9f70-87fba62db865",
                  "isHook": false,
                  "skipped": false
                },
                {
                  "title": "should throw error if repeat not allowed",
                  "fullTitle": "ical-generator Alarm repeat() should throw error if repeat not allowed",
                  "timedOut": false,
                  "duration": 0,
                  "state": "passed",
                  "speed": "fast",
                  "pass": true,
                  "fail": false,
                  "pending": false,
                  "context": null,
                  "code": "const a = new alarm_1.default({}, new event_1.default({}, new calendar_1.default()));\nassert_1.default.throws(function () {\n    a.repeat(Infinity);\n}, /`repeat`/);\nassert_1.default.throws(function () {\n    // @ts-ignore\n    a.repeat('hi');\n}, /`repeat`/);\nassert_1.default.throws(function () {\n    // @ts-ignore\n    a.repeat(true);\n}, /`repeat`/);",
                  "err": {},
                  "uuid": "519791c8-44eb-444a-9f17-65cdfb025476",
                  "parentUUID": "2932b7cb-b754-4104-9f70-87fba62db865",
                  "isHook": false,
                  "skipped": false
                },
                {
                  "title": "should change something",
                  "fullTitle": "ical-generator Alarm repeat() should change something",
                  "timedOut": false,
                  "duration": 0,
                  "state": "passed",
                  "speed": "fast",
                  "pass": true,
                  "fail": false,
                  "pending": false,
                  "context": null,
                  "code": "const a = new alarm_1.default({\n    type: alarm_1.ICalAlarmType.display,\n    trigger: 300,\n    repeat: 42,\n    interval: 60\n}, new event_1.default({}, new calendar_1.default()));\nassert_1.default.ok(a.toString().indexOf('REPEAT:42') > -1);",
                  "err": {},
                  "uuid": "cc9c72a5-c2e1-4c26-ae6d-eaf7a81550e2",
                  "parentUUID": "2932b7cb-b754-4104-9f70-87fba62db865",
                  "isHook": false,
                  "skipped": false
                }
              ],
              "suites": [],
              "passes": [
                "bfea2c86-c567-49cc-8e2a-203d21d564cb",
                "b023d26a-cfef-4720-8d4d-d780269af312",
                "519791c8-44eb-444a-9f17-65cdfb025476",
                "cc9c72a5-c2e1-4c26-ae6d-eaf7a81550e2"
              ],
              "failures": [],
              "pending": [],
              "skipped": [],
              "duration": 1,
              "root": false,
              "rootEmpty": false,
              "_timeout": 2000
            },
            {
              "uuid": "e671fbed-3074-4f63-9177-0a07540300df",
              "title": "interval()",
              "fullFile": "/home/runner/work/ical-generator/ical-generator/test/alarm.ts",
              "file": "/test/alarm.ts",
              "beforeHooks": [],
              "afterHooks": [],
              "tests": [
                {
                  "title": "setter should return this",
                  "fullTitle": "ical-generator Alarm interval() setter should return this",
                  "timedOut": false,
                  "duration": 0,
                  "state": "passed",
                  "speed": "fast",
                  "pass": true,
                  "fail": false,
                  "pending": false,
                  "context": null,
                  "code": "const a = new alarm_1.default({}, new event_1.default({}, new calendar_1.default()));\nassert_1.default.deepStrictEqual(a, a.interval(null));\nassert_1.default.deepStrictEqual(a, a.interval(60));",
                  "err": {},
                  "uuid": "563197ff-9740-46ef-aa72-6179ba8f21c1",
                  "parentUUID": "e671fbed-3074-4f63-9177-0a07540300df",
                  "isHook": false,
                  "skipped": false
                },
                {
                  "title": "getter should return value",
                  "fullTitle": "ical-generator Alarm interval() getter should return value",
                  "timedOut": false,
                  "duration": 0,
                  "state": "passed",
                  "speed": "fast",
                  "pass": true,
                  "fail": false,
                  "pending": false,
                  "context": null,
                  "code": "const a = new alarm_1.default({}, new event_1.default({}, new calendar_1.default()));\nassert_1.default.strictEqual(a.interval(), null);\na.interval(30);\nassert_1.default.strictEqual(a.interval(), 30);\na.interval(null);\nassert_1.default.strictEqual(a.interval(), null);",
                  "err": {},
                  "uuid": "0ec4a8f7-6c36-43a3-afcf-6b8b0cfb58a0",
                  "parentUUID": "e671fbed-3074-4f63-9177-0a07540300df",
                  "isHook": false,
                  "skipped": false
                },
                {
                  "title": "should throw error if repeat not allowed",
                  "fullTitle": "ical-generator Alarm interval() should throw error if repeat not allowed",
                  "timedOut": false,
                  "duration": 0,
                  "state": "passed",
                  "speed": "fast",
                  "pass": true,
                  "fail": false,
                  "pending": false,
                  "context": null,
                  "code": "const a = new alarm_1.default({}, new event_1.default({}, new calendar_1.default()));\nassert_1.default.throws(function () {\n    a.interval(Infinity);\n}, /`interval`/);\nassert_1.default.throws(function () {\n    // @ts-ignore\n    a.interval('hi');\n}, /`interval`/);\nassert_1.default.throws(function () {\n    // @ts-ignore\n    a.interval(true);\n}, /`interval`/);",
                  "err": {},
                  "uuid": "1aee6b4d-b4b5-4617-aff0-552c07f76d35",
                  "parentUUID": "e671fbed-3074-4f63-9177-0a07540300df",
                  "isHook": false,
                  "skipped": false
                },
                {
                  "title": "should change something",
                  "fullTitle": "ical-generator Alarm interval() should change something",
                  "timedOut": false,
                  "duration": 0,
                  "state": "passed",
                  "speed": "fast",
                  "pass": true,
                  "fail": false,
                  "pending": false,
                  "context": null,
                  "code": "const a = new alarm_1.default({\n    type: alarm_1.ICalAlarmType.display,\n    trigger: 300,\n    repeat: 42,\n    interval: 90\n}, new event_1.default({}, new calendar_1.default()));\nassert_1.default.ok(a.toString().indexOf('DURATION:PT1M30S') > -1);",
                  "err": {},
                  "uuid": "d63eebd6-0ced-4375-95cb-ac349fe7924c",
                  "parentUUID": "e671fbed-3074-4f63-9177-0a07540300df",
                  "isHook": false,
                  "skipped": false
                }
              ],
              "suites": [],
              "passes": [
                "563197ff-9740-46ef-aa72-6179ba8f21c1",
                "0ec4a8f7-6c36-43a3-afcf-6b8b0cfb58a0",
                "1aee6b4d-b4b5-4617-aff0-552c07f76d35",
                "d63eebd6-0ced-4375-95cb-ac349fe7924c"
              ],
              "failures": [],
              "pending": [],
              "skipped": [],
              "duration": 0,
              "root": false,
              "rootEmpty": false,
              "_timeout": 2000
            },
            {
              "uuid": "2c4e9e0e-f05c-4737-beae-6476cdb5b7b7",
              "title": "attach()",
              "fullFile": "/home/runner/work/ical-generator/ical-generator/test/alarm.ts",
              "file": "/test/alarm.ts",
              "beforeHooks": [],
              "afterHooks": [],
              "tests": [
                {
                  "title": "setter should return this",
                  "fullTitle": "ical-generator Alarm attach() setter should return this",
                  "timedOut": false,
                  "duration": 0,
                  "state": "passed",
                  "speed": "fast",
                  "pass": true,
                  "fail": false,
                  "pending": false,
                  "context": null,
                  "code": "const a = new alarm_1.default({}, new event_1.default({}, new calendar_1.default()));\nassert_1.default.deepStrictEqual(a, a.attach(null));\nassert_1.default.deepStrictEqual(a, a.attach('https://sebbo.net/beep.aud'));",
                  "err": {},
                  "uuid": "6952be69-90b6-42f0-8554-ed666dd2bf0f",
                  "parentUUID": "2c4e9e0e-f05c-4737-beae-6476cdb5b7b7",
                  "isHook": false,
                  "skipped": false
                },
                {
                  "title": "getter should return value",
                  "fullTitle": "ical-generator Alarm attach() getter should return value",
                  "timedOut": false,
                  "duration": 0,
                  "state": "passed",
                  "speed": "fast",
                  "pass": true,
                  "fail": false,
                  "pending": false,
                  "context": null,
                  "code": "const t = { uri: 'https://example.com/alarm.aud', mime: 'audio/basic' };\nconst a = new alarm_1.default({}, new event_1.default({}, new calendar_1.default()));\nassert_1.default.strictEqual(a.attach(), null);\na.attach(t);\nassert_1.default.deepStrictEqual(a.attach(), t);\na.attach('https://www.example.com/beep.aud');\nassert_1.default.deepStrictEqual(a.attach(), {\n    uri: 'https://www.example.com/beep.aud',\n    mime: null\n});\na.attach({\n    uri: 'https://www.example.com/beep.aud'\n});\nassert_1.default.deepStrictEqual(a.attach(), {\n    uri: 'https://www.example.com/beep.aud',\n    mime: null\n});\na.attach(null);\nassert_1.default.strictEqual(a.attach(), null);",
                  "err": {},
                  "uuid": "224fc6e3-364f-4902-81df-7296b5bd7988",
                  "parentUUID": "2c4e9e0e-f05c-4737-beae-6476cdb5b7b7",
                  "isHook": false,
                  "skipped": false
                },
                {
                  "title": "should throw error withour uri",
                  "fullTitle": "ical-generator Alarm attach() should throw error withour uri",
                  "timedOut": false,
                  "duration": 0,
                  "state": "passed",
                  "speed": "fast",
                  "pass": true,
                  "fail": false,
                  "pending": false,
                  "context": null,
                  "code": "const a = new alarm_1.default({}, new event_1.default({}, new calendar_1.default()));\nassert_1.default.throws(function () {\n    // @ts-ignore\n    a.attach({ mime: 'audio/basic' });\n}, /`attach.uri`/);",
                  "err": {},
                  "uuid": "481be876-e5c4-4bb0-8cb4-6cfb8f3f6f26",
                  "parentUUID": "2c4e9e0e-f05c-4737-beae-6476cdb5b7b7",
                  "isHook": false,
                  "skipped": false
                },
                {
                  "title": "should throw error when unknown format",
                  "fullTitle": "ical-generator Alarm attach() should throw error when unknown format",
                  "timedOut": false,
                  "duration": 0,
                  "state": "passed",
                  "speed": "fast",
                  "pass": true,
                  "fail": false,
                  "pending": false,
                  "context": null,
                  "code": "const a = new alarm_1.default({}, new event_1.default({}, new calendar_1.default()));\nassert_1.default.throws(function () {\n    // @ts-ignore\n    a.attach(Infinity);\n}, /`attachment`/);",
                  "err": {},
                  "uuid": "a24df306-fcb6-49bb-9ad0-1b6438faf6dd",
                  "parentUUID": "2c4e9e0e-f05c-4737-beae-6476cdb5b7b7",
                  "isHook": false,
                  "skipped": false
                },
                {
                  "title": "should change something",
                  "fullTitle": "ical-generator Alarm attach() should change something",
                  "timedOut": false,
                  "duration": 0,
                  "state": "passed",
                  "speed": "fast",
                  "pass": true,
                  "fail": false,
                  "pending": false,
                  "context": null,
                  "code": "const a = new alarm_1.default({\n    type: alarm_1.ICalAlarmType.audio,\n    trigger: 300\n}, new event_1.default({}, new calendar_1.default()));\nassert_1.default.ok(a.toString().indexOf('\\r\\nATTACH;VALUE=URI:Basso') > -1);\na.attach('https://example.com/beep.aud');\nassert_1.default.ok(a.toString().indexOf('\\r\\nATTACH;VALUE=URI:https://example.com/beep.aud') > -1);\na.attach({\n    uri: 'https://example.com/beep.aud',\n    mime: 'audio/basic'\n});\nassert_1.default.ok(a.toString().indexOf('\\r\\nATTACH;FMTTYPE=audio/basic:https://example.com/beep.aud') > -1);",
                  "err": {},
                  "uuid": "07203854-c449-40ad-97c5-30bcee35aded",
                  "parentUUID": "2c4e9e0e-f05c-4737-beae-6476cdb5b7b7",
                  "isHook": false,
                  "skipped": false
                }
              ],
              "suites": [],
              "passes": [
                "6952be69-90b6-42f0-8554-ed666dd2bf0f",
                "224fc6e3-364f-4902-81df-7296b5bd7988",
                "481be876-e5c4-4bb0-8cb4-6cfb8f3f6f26",
                "a24df306-fcb6-49bb-9ad0-1b6438faf6dd",
                "07203854-c449-40ad-97c5-30bcee35aded"
              ],
              "failures": [],
              "pending": [],
              "skipped": [],
              "duration": 0,
              "root": false,
              "rootEmpty": false,
              "_timeout": 2000
            },
            {
              "uuid": "cefc1fd0-444d-4991-9188-6e0927019411",
              "title": "description()",
              "fullFile": "/home/runner/work/ical-generator/ical-generator/test/alarm.ts",
              "file": "/test/alarm.ts",
              "beforeHooks": [],
              "afterHooks": [],
              "tests": [
                {
                  "title": "setter should return this",
                  "fullTitle": "ical-generator Alarm description() setter should return this",
                  "timedOut": false,
                  "duration": 0,
                  "state": "passed",
                  "speed": "fast",
                  "pass": true,
                  "fail": false,
                  "pending": false,
                  "context": null,
                  "code": "const a = new alarm_1.default({}, new event_1.default({}, new calendar_1.default()));\nassert_1.default.deepStrictEqual(a, a.description(null));\nassert_1.default.deepStrictEqual(a, a.description('Hey Ho!'));",
                  "err": {},
                  "uuid": "59d41a39-6e1a-48cf-96e3-60e681ac0f87",
                  "parentUUID": "cefc1fd0-444d-4991-9188-6e0927019411",
                  "isHook": false,
                  "skipped": false
                },
                {
                  "title": "getter should return value",
                  "fullTitle": "ical-generator Alarm description() getter should return value",
                  "timedOut": false,
                  "duration": 0,
                  "state": "passed",
                  "speed": "fast",
                  "pass": true,
                  "fail": false,
                  "pending": false,
                  "context": null,
                  "code": "const a = new alarm_1.default({}, new event_1.default({}, new calendar_1.default()));\nassert_1.default.deepStrictEqual(a.description(), null);\na.description('blablabla');\nassert_1.default.deepStrictEqual(a.description(), 'blablabla');\na.description(null);\nassert_1.default.deepStrictEqual(a.description(), null);",
                  "err": {},
                  "uuid": "891937c6-8303-4410-98bb-29e1f6771f49",
                  "parentUUID": "cefc1fd0-444d-4991-9188-6e0927019411",
                  "isHook": false,
                  "skipped": false
                },
                {
                  "title": "should change something",
                  "fullTitle": "ical-generator Alarm description() should change something",
                  "timedOut": false,
                  "duration": 0,
                  "state": "passed",
                  "speed": "fast",
                  "pass": true,
                  "fail": false,
                  "pending": false,
                  "context": null,
                  "code": "const a = new alarm_1.default({\n    type: alarm_1.ICalAlarmType.display,\n    trigger: 300,\n    description: 'Huibuh!'\n}, new event_1.default({}, new calendar_1.default()));\nassert_1.default.ok(a.toString().indexOf('\\r\\nDESCRIPTION:Huibuh') > -1);",
                  "err": {},
                  "uuid": "b10f2dd5-6ae8-4113-a0b0-64cf51e14d11",
                  "parentUUID": "cefc1fd0-444d-4991-9188-6e0927019411",
                  "isHook": false,
                  "skipped": false
                },
                {
                  "title": "should fallback to event summary",
                  "fullTitle": "ical-generator Alarm description() should fallback to event summary",
                  "timedOut": false,
                  "duration": 0,
                  "state": "passed",
                  "speed": "fast",
                  "pass": true,
                  "fail": false,
                  "pending": false,
                  "context": null,
                  "code": "const a = new alarm_1.default({\n    type: alarm_1.ICalAlarmType.display,\n    trigger: 300\n}, new event_1.default({\n    summary: 'Example Event'\n}, new calendar_1.default()));\nassert_1.default.ok(a.toString().indexOf('\\r\\nDESCRIPTION:Example Event') > -1);",
                  "err": {},
                  "uuid": "3bcf1d62-f90e-49be-a22b-c6a3fe267892",
                  "parentUUID": "cefc1fd0-444d-4991-9188-6e0927019411",
                  "isHook": false,
                  "skipped": false
                }
              ],
              "suites": [],
              "passes": [
                "59d41a39-6e1a-48cf-96e3-60e681ac0f87",
                "891937c6-8303-4410-98bb-29e1f6771f49",
                "b10f2dd5-6ae8-4113-a0b0-64cf51e14d11",
                "3bcf1d62-f90e-49be-a22b-c6a3fe267892"
              ],
              "failures": [],
              "pending": [],
              "skipped": [],
              "duration": 0,
              "root": false,
              "rootEmpty": false,
              "_timeout": 2000
            },
            {
              "uuid": "6972bb75-2960-4d7a-85a0-29eeb351a21d",
              "title": "x()",
              "fullFile": "/home/runner/work/ical-generator/ical-generator/test/alarm.ts",
              "file": "/test/alarm.ts",
              "beforeHooks": [],
              "afterHooks": [],
              "tests": [
                {
                  "title": "is there",
                  "fullTitle": "ical-generator Alarm x() is there",
                  "timedOut": false,
                  "duration": 0,
                  "state": "passed",
                  "speed": "fast",
                  "pass": true,
                  "fail": false,
                  "pending": false,
                  "context": null,
                  "code": "const a = new alarm_1.default({}, new event_1.default({}, new calendar_1.default()));\nassert_1.default.deepStrictEqual(a, a.x('X-FOO', 'bar'));",
                  "err": {},
                  "uuid": "0ece6b46-bac3-40aa-8c3d-10648bf222b9",
                  "parentUUID": "6972bb75-2960-4d7a-85a0-29eeb351a21d",
                  "isHook": false,
                  "skipped": false
                }
              ],
              "suites": [],
              "passes": [
                "0ece6b46-bac3-40aa-8c3d-10648bf222b9"
              ],
              "failures": [],
              "pending": [],
              "skipped": [],
              "duration": 0,
              "root": false,
              "rootEmpty": false,
              "_timeout": 2000
            },
            {
              "uuid": "e90c893d-5eb3-4cec-9d1c-78d5a1c5a2a8",
              "title": "toJSON()",
              "fullFile": "/home/runner/work/ical-generator/ical-generator/test/alarm.ts",
              "file": "/test/alarm.ts",
              "beforeHooks": [],
              "afterHooks": [],
              "tests": [
                {
                  "title": "should work",
                  "fullTitle": "ical-generator Alarm toJSON() should work",
                  "timedOut": false,
                  "duration": 0,
                  "state": "passed",
                  "speed": "fast",
                  "pass": true,
                  "fail": false,
                  "pending": false,
                  "context": null,
                  "code": "const a = new alarm_1.default({}, new event_1.default({}, new calendar_1.default()));\na.type(alarm_1.ICalAlarmType.display);\na.trigger(120);\nassert_1.default.deepStrictEqual(a.toJSON(), {\n    attach: null,\n    description: null,\n    interval: null,\n    repeat: null,\n    trigger: 120,\n    type: 'display',\n    x: []\n});",
                  "err": {},
                  "uuid": "7e6df911-38db-4503-b135-4e9a7fab0a8e",
                  "parentUUID": "e90c893d-5eb3-4cec-9d1c-78d5a1c5a2a8",
                  "isHook": false,
                  "skipped": false
                },
                {
                  "title": "should be compatible with constructor (type check)",
                  "fullTitle": "ical-generator Alarm toJSON() should be compatible with constructor (type check)",
                  "timedOut": false,
                  "duration": 0,
                  "state": "passed",
                  "speed": "fast",
                  "pass": true,
                  "fail": false,
                  "pending": false,
                  "context": null,
                  "code": "const a = new alarm_1.default({}, new event_1.default({}, new calendar_1.default()));\nnew alarm_1.default(a.toJSON(), new event_1.default({}, new calendar_1.default()));",
                  "err": {},
                  "uuid": "c6f1f657-8f02-4205-bd8b-230eb2c75893",
                  "parentUUID": "e90c893d-5eb3-4cec-9d1c-78d5a1c5a2a8",
                  "isHook": false,
                  "skipped": false
                }
              ],
              "suites": [],
              "passes": [
                "7e6df911-38db-4503-b135-4e9a7fab0a8e",
                "c6f1f657-8f02-4205-bd8b-230eb2c75893"
              ],
              "failures": [],
              "pending": [],
              "skipped": [],
              "duration": 0,
              "root": false,
              "rootEmpty": false,
              "_timeout": 2000
            },
            {
              "uuid": "b29acd19-f8d2-47a1-8590-93b09f8305ad",
              "title": "generate()",
              "fullFile": "/home/runner/work/ical-generator/ical-generator/test/alarm.ts",
              "file": "/test/alarm.ts",
              "beforeHooks": [],
              "afterHooks": [],
              "tests": [
                {
                  "title": "shoult throw an error without type",
                  "fullTitle": "ical-generator Alarm generate() shoult throw an error without type",
                  "timedOut": false,
                  "duration": 0,
                  "state": "passed",
                  "speed": "fast",
                  "pass": true,
                  "fail": false,
                  "pending": false,
                  "context": null,
                  "code": "const a = new alarm_1.default({ trigger: 300 }, new event_1.default({}, new calendar_1.default()));\nassert_1.default.throws(function () {\n    a.toString();\n}, /`type`/);",
                  "err": {},
                  "uuid": "46c9c1cf-8e44-4f9a-b930-9c79d8dfa9f4",
                  "parentUUID": "b29acd19-f8d2-47a1-8590-93b09f8305ad",
                  "isHook": false,
                  "skipped": false
                },
                {
                  "title": "shoult throw an error without trigger",
                  "fullTitle": "ical-generator Alarm generate() shoult throw an error without trigger",
                  "timedOut": false,
                  "duration": 1,
                  "state": "passed",
                  "speed": "fast",
                  "pass": true,
                  "fail": false,
                  "pending": false,
                  "context": null,
                  "code": "const a = new alarm_1.default({ type: alarm_1.ICalAlarmType.display }, new event_1.default({}, new calendar_1.default()));\nassert_1.default.throws(function () {\n    a.toString();\n}, /`trigger`/);",
                  "err": {},
                  "uuid": "621daee3-b9c5-4e27-b4e1-29d56f5885a6",
                  "parentUUID": "b29acd19-f8d2-47a1-8590-93b09f8305ad",
                  "isHook": false,
                  "skipped": false
                },
                {
                  "title": "shoult throw an error if repeat is set but interval isn't",
                  "fullTitle": "ical-generator Alarm generate() shoult throw an error if repeat is set but interval isn't",
                  "timedOut": false,
                  "duration": 0,
                  "state": "passed",
                  "speed": "fast",
                  "pass": true,
                  "fail": false,
                  "pending": false,
                  "context": null,
                  "code": "const a = new alarm_1.default({ type: alarm_1.ICalAlarmType.display, trigger: 300, repeat: 4 }, new event_1.default({}, new calendar_1.default()));\nassert_1.default.throws(function () {\n    a.toString();\n}, /for `interval`/);",
                  "err": {},
                  "uuid": "931c5819-ca7f-45e8-8cd3-d08b974cf288",
                  "parentUUID": "b29acd19-f8d2-47a1-8590-93b09f8305ad",
                  "isHook": false,
                  "skipped": false
                },
                {
                  "title": "shoult throw an error if interval is set but repeat isn't",
                  "fullTitle": "ical-generator Alarm generate() shoult throw an error if interval is set but repeat isn't",
                  "timedOut": false,
                  "duration": 0,
                  "state": "passed",
                  "speed": "fast",
                  "pass": true,
                  "fail": false,
                  "pending": false,
                  "context": null,
                  "code": "const a = new alarm_1.default({\n    type: alarm_1.ICalAlarmType.display,\n    trigger: 300,\n    interval: 60\n}, new event_1.default({}, new calendar_1.default()));\nassert_1.default.throws(function () {\n    a.toString();\n}, /for `repeat`/);",
                  "err": {},
                  "uuid": "e1386521-5cb4-4f36-a1ee-265d2320647e",
                  "parentUUID": "b29acd19-f8d2-47a1-8590-93b09f8305ad",
                  "isHook": false,
                  "skipped": false
                }
              ],
              "suites": [],
              "passes": [
                "46c9c1cf-8e44-4f9a-b930-9c79d8dfa9f4",
                "621daee3-b9c5-4e27-b4e1-29d56f5885a6",
                "931c5819-ca7f-45e8-8cd3-d08b974cf288",
                "e1386521-5cb4-4f36-a1ee-265d2320647e"
              ],
              "failures": [],
              "pending": [],
              "skipped": [],
              "duration": 1,
              "root": false,
              "rootEmpty": false,
              "_timeout": 2000
            }
          ],
          "passes": [],
          "failures": [],
          "pending": [],
          "skipped": [],
          "duration": 0,
          "root": false,
          "rootEmpty": false,
          "_timeout": 2000
        },
        {
          "uuid": "ce0fca7f-3493-41fe-bd46-5e0b0d419b56",
          "title": "ical-generator Attendee",
          "fullFile": "/home/runner/work/ical-generator/ical-generator/test/attendee.ts",
          "file": "/test/attendee.ts",
          "beforeHooks": [],
          "afterHooks": [],
          "tests": [],
          "suites": [
            {
              "uuid": "7b086986-13a0-44b1-9866-19224b530bf6",
              "title": "constructor()",
              "fullFile": "/home/runner/work/ical-generator/ical-generator/test/attendee.ts",
              "file": "/test/attendee.ts",
              "beforeHooks": [],
              "afterHooks": [],
              "tests": [
                {
                  "title": "shoud set data from constructor",
                  "fullTitle": "ical-generator Attendee constructor() shoud set data from constructor",
                  "timedOut": false,
                  "duration": 1,
                  "state": "passed",
                  "speed": "fast",
                  "pass": true,
                  "fail": false,
                  "pending": false,
                  "context": null,
                  "code": "const data = {\n    name: 'John Doe',\n    email: 'john@example.org',\n    mailto: 'john+calendar@example.org',\n    sentBy: null,\n    status: attendee_1.ICalAttendeeStatus.ACCEPTED,\n    role: attendee_1.ICalAttendeeRole.REQ,\n    rsvp: false,\n    type: attendee_1.ICalAttendeeType.INDIVIDUAL,\n    delegatedTo: null,\n    delegatedFrom: null,\n    x: []\n};\nconst event = new attendee_1.default(data, new event_1.default({}, new calendar_1.default()));\nassert_1.default.deepStrictEqual(event.toJSON(), data);",
                  "err": {},
                  "uuid": "cf9bb2d4-1055-4ea6-a2b4-9d31c74e8420",
                  "parentUUID": "7b086986-13a0-44b1-9866-19224b530bf6",
                  "isHook": false,
                  "skipped": false
                },
                {
                  "title": "shouldn't work without event reference",
                  "fullTitle": "ical-generator Attendee constructor() shouldn't work without event reference",
                  "timedOut": false,
                  "duration": 0,
                  "state": "passed",
                  "speed": "fast",
                  "pass": true,
                  "fail": false,
                  "pending": false,
                  "context": null,
                  "code": "assert_1.default.throws(function () {\n    // @ts-ignore\n    new attendee_1.default({ email: 'foo@bar.com' });\n}, /`event`/);",
                  "err": {},
                  "uuid": "7d2975b2-17ef-4d32-b03a-b326ca1bb554",
                  "parentUUID": "7b086986-13a0-44b1-9866-19224b530bf6",
                  "isHook": false,
                  "skipped": false
                }
              ],
              "suites": [],
              "passes": [
                "cf9bb2d4-1055-4ea6-a2b4-9d31c74e8420",
                "7d2975b2-17ef-4d32-b03a-b326ca1bb554"
              ],
              "failures": [],
              "pending": [],
              "skipped": [],
              "duration": 1,
              "root": false,
              "rootEmpty": false,
              "_timeout": 2000
            },
            {
              "uuid": "7469fcf3-5226-448d-9335-5f63fefd1a1d",
              "title": "name()",
              "fullFile": "/home/runner/work/ical-generator/ical-generator/test/attendee.ts",
              "file": "/test/attendee.ts",
              "beforeHooks": [],
              "afterHooks": [],
              "tests": [
                {
                  "title": "getter should return value",
                  "fullTitle": "ical-generator Attendee name() getter should return value",
                  "timedOut": false,
                  "duration": 0,
                  "state": "passed",
                  "speed": "fast",
                  "pass": true,
                  "fail": false,
                  "pending": false,
                  "context": null,
                  "code": "const a = new attendee_1.default({}, new event_1.default({}, new calendar_1.default()));\nassert_1.default.strictEqual(a.name(), null);\na.name('Sebastian');\nassert_1.default.strictEqual(a.name(), 'Sebastian');",
                  "err": {},
                  "uuid": "5d80246e-1d42-415c-b0e3-84db84192c88",
                  "parentUUID": "7469fcf3-5226-448d-9335-5f63fefd1a1d",
                  "isHook": false,
                  "skipped": false
                },
                {
                  "title": "setter should return this",
                  "fullTitle": "ical-generator Attendee name() setter should return this",
                  "timedOut": false,
                  "duration": 0,
                  "state": "passed",
                  "speed": "fast",
                  "pass": true,
                  "fail": false,
                  "pending": false,
                  "context": null,
                  "code": "const a = new attendee_1.default({}, new event_1.default({}, new calendar_1.default()));\nassert_1.default.deepStrictEqual(a, a.name(null));\nassert_1.default.deepStrictEqual(a, a.name('Sebastian'));",
                  "err": {},
                  "uuid": "f5a73d5a-28e7-44be-9ee6-eb16d9f2a113",
                  "parentUUID": "7469fcf3-5226-448d-9335-5f63fefd1a1d",
                  "isHook": false,
                  "skipped": false
                },
                {
                  "title": "setter should change something",
                  "fullTitle": "ical-generator Attendee name() setter should change something",
                  "timedOut": false,
                  "duration": 0,
                  "state": "passed",
                  "speed": "fast",
                  "pass": true,
                  "fail": false,
                  "pending": false,
                  "context": null,
                  "code": "const a = new attendee_1.default({}, new event_1.default({}, new calendar_1.default()));\na.name('Sebastian');\nassert_1.default.strictEqual(a.name(), 'Sebastian');\na.name(null);\nassert_1.default.strictEqual(a.name(), null);",
                  "err": {},
                  "uuid": "9fbf6923-2d92-44f3-a53e-6981c7181c77",
                  "parentUUID": "7469fcf3-5226-448d-9335-5f63fefd1a1d",
                  "isHook": false,
                  "skipped": false
                }
              ],
              "suites": [],
              "passes": [
                "5d80246e-1d42-415c-b0e3-84db84192c88",
                "f5a73d5a-28e7-44be-9ee6-eb16d9f2a113",
                "9fbf6923-2d92-44f3-a53e-6981c7181c77"
              ],
              "failures": [],
              "pending": [],
              "skipped": [],
              "duration": 0,
              "root": false,
              "rootEmpty": false,
              "_timeout": 2000
            },
            {
              "uuid": "547e93e4-7f09-47a9-a975-ca68f72ae803",
              "title": "email()",
              "fullFile": "/home/runner/work/ical-generator/ical-generator/test/attendee.ts",
              "file": "/test/attendee.ts",
              "beforeHooks": [],
              "afterHooks": [],
              "tests": [
                {
                  "title": "getter should return value",
                  "fullTitle": "ical-generator Attendee email() getter should return value",
                  "timedOut": false,
                  "duration": 0,
                  "state": "passed",
                  "speed": "fast",
                  "pass": true,
                  "fail": false,
                  "pending": false,
                  "context": null,
                  "code": "const a = new attendee_1.default({}, new event_1.default({}, new calendar_1.default())).email('foo@example.com');\nassert_1.default.strictEqual(a.email(), 'foo@example.com');",
                  "err": {},
                  "uuid": "c1074775-a39b-498a-8b3f-ad3752bbacf5",
                  "parentUUID": "547e93e4-7f09-47a9-a975-ca68f72ae803",
                  "isHook": false,
                  "skipped": false
                },
                {
                  "title": "setter should return this",
                  "fullTitle": "ical-generator Attendee email() setter should return this",
                  "timedOut": false,
                  "duration": 0,
                  "state": "passed",
                  "speed": "fast",
                  "pass": true,
                  "fail": false,
                  "pending": false,
                  "context": null,
                  "code": "const a = new attendee_1.default({}, new event_1.default({}, new calendar_1.default()));\nassert_1.default.deepStrictEqual(a, a.email('foo@example.com'));",
                  "err": {},
                  "uuid": "5b4e70bc-95de-4bb7-9bf8-9cf9b776048a",
                  "parentUUID": "547e93e4-7f09-47a9-a975-ca68f72ae803",
                  "isHook": false,
                  "skipped": false
                },
                {
                  "title": "should change something",
                  "fullTitle": "ical-generator Attendee email() should change something",
                  "timedOut": false,
                  "duration": 0,
                  "state": "passed",
                  "speed": "fast",
                  "pass": true,
                  "fail": false,
                  "pending": false,
                  "context": null,
                  "code": "const a = new attendee_1.default({ email: 'mail@example.com' }, new event_1.default({}, new calendar_1.default()));\nassert_1.default.ok(a.toString().indexOf('mail@example.com') > -1);",
                  "err": {},
                  "uuid": "09d6970b-1fb9-4246-9698-0811011157a3",
                  "parentUUID": "547e93e4-7f09-47a9-a975-ca68f72ae803",
                  "isHook": false,
                  "skipped": false
                }
              ],
              "suites": [],
              "passes": [
                "c1074775-a39b-498a-8b3f-ad3752bbacf5",
                "5b4e70bc-95de-4bb7-9bf8-9cf9b776048a",
                "09d6970b-1fb9-4246-9698-0811011157a3"
              ],
              "failures": [],
              "pending": [],
              "skipped": [],
              "duration": 0,
              "root": false,
              "rootEmpty": false,
              "_timeout": 2000
            },
            {
              "uuid": "4972889a-4ff8-4fe4-80e6-2af99ad76204",
              "title": "mailto()",
              "fullFile": "/home/runner/work/ical-generator/ical-generator/test/attendee.ts",
              "file": "/test/attendee.ts",
              "beforeHooks": [],
              "afterHooks": [],
              "tests": [
                {
                  "title": "getter should return value",
                  "fullTitle": "ical-generator Attendee mailto() getter should return value",
                  "timedOut": false,
                  "duration": 0,
                  "state": "passed",
                  "speed": "fast",
                  "pass": true,
                  "fail": false,
                  "pending": false,
                  "context": null,
                  "code": "const a = new attendee_1.default({}, new event_1.default({}, new calendar_1.default()));\nassert_1.default.strictEqual(a.mailto(), null);\na.mailto('foo@example.com');\nassert_1.default.strictEqual(a.mailto(), 'foo@example.com');",
                  "err": {},
                  "uuid": "d87f282d-9b85-4aa2-8c83-b9032b3d58d3",
                  "parentUUID": "4972889a-4ff8-4fe4-80e6-2af99ad76204",
                  "isHook": false,
                  "skipped": false
                },
                {
                  "title": "setter should return this",
                  "fullTitle": "ical-generator Attendee mailto() setter should return this",
                  "timedOut": false,
                  "duration": 0,
                  "state": "passed",
                  "speed": "fast",
                  "pass": true,
                  "fail": false,
                  "pending": false,
                  "context": null,
                  "code": "const a = new attendee_1.default({}, new event_1.default({}, new calendar_1.default()));\nassert_1.default.deepStrictEqual(a, a.mailto(null));\nassert_1.default.deepStrictEqual(a, a.mailto('foo@example.com'));",
                  "err": {},
                  "uuid": "822fa9e0-0c44-4063-84c0-56831077fcb7",
                  "parentUUID": "4972889a-4ff8-4fe4-80e6-2af99ad76204",
                  "isHook": false,
                  "skipped": false
                },
                {
                  "title": "should change mailto and keep email if present",
                  "fullTitle": "ical-generator Attendee mailto() should change mailto and keep email if present",
                  "timedOut": false,
                  "duration": 0,
                  "state": "passed",
                  "speed": "fast",
                  "pass": true,
                  "fail": false,
                  "pending": false,
                  "context": null,
                  "code": "const a = new attendee_1.default({ email: 'mail@example.com' }, new event_1.default({}, new calendar_1.default()));\na.mailto('mail2@example2.com');\nassert_1.default.ok(a.toString().indexOf('EMAIL=mail@example.com') > -1 &&\n    a.toString().indexOf('MAILTO:mail2@example2.com') > -1);",
                  "err": {},
                  "uuid": "5885fc57-7478-4abf-945d-49a6f33979d8",
                  "parentUUID": "4972889a-4ff8-4fe4-80e6-2af99ad76204",
                  "isHook": false,
                  "skipped": false
                }
              ],
              "suites": [],
              "passes": [
                "d87f282d-9b85-4aa2-8c83-b9032b3d58d3",
                "822fa9e0-0c44-4063-84c0-56831077fcb7",
                "5885fc57-7478-4abf-945d-49a6f33979d8"
              ],
              "failures": [],
              "pending": [],
              "skipped": [],
              "duration": 0,
              "root": false,
              "rootEmpty": false,
              "_timeout": 2000
            },
            {
              "uuid": "27f020e5-4fc0-4260-87f7-f39391b2d7a1",
              "title": "sentBy()",
              "fullFile": "/home/runner/work/ical-generator/ical-generator/test/attendee.ts",
              "file": "/test/attendee.ts",
              "beforeHooks": [],
              "afterHooks": [],
              "tests": [
                {
                  "title": "getter should return value",
                  "fullTitle": "ical-generator Attendee sentBy() getter should return value",
                  "timedOut": false,
                  "duration": 0,
                  "state": "passed",
                  "speed": "fast",
                  "pass": true,
                  "fail": false,
                  "pending": false,
                  "context": null,
                  "code": "const a = new attendee_1.default({}, new event_1.default({}, new calendar_1.default())).sentBy('foo@example.com');\nassert_1.default.strictEqual(a.sentBy(), 'foo@example.com');",
                  "err": {},
                  "uuid": "9dba62f3-83b3-4301-91bf-e235703c0d12",
                  "parentUUID": "27f020e5-4fc0-4260-87f7-f39391b2d7a1",
                  "isHook": false,
                  "skipped": false
                },
                {
                  "title": "setter should return this",
                  "fullTitle": "ical-generator Attendee sentBy() setter should return this",
                  "timedOut": false,
                  "duration": 0,
                  "state": "passed",
                  "speed": "fast",
                  "pass": true,
                  "fail": false,
                  "pending": false,
                  "context": null,
                  "code": "const a = new attendee_1.default({}, new event_1.default({}, new calendar_1.default()));\nassert_1.default.deepStrictEqual(a, a.sentBy('foo@example.com'));",
                  "err": {},
                  "uuid": "dbb32cf1-0790-424d-acdc-946a3295830b",
                  "parentUUID": "27f020e5-4fc0-4260-87f7-f39391b2d7a1",
                  "isHook": false,
                  "skipped": false
                },
                {
                  "title": "should change something",
                  "fullTitle": "ical-generator Attendee sentBy() should change something",
                  "timedOut": false,
                  "duration": 0,
                  "state": "passed",
                  "speed": "fast",
                  "pass": true,
                  "fail": false,
                  "pending": false,
                  "context": null,
[...]
              "file": "/test/tools.ts",
              "beforeHooks": [],
              "afterHooks": [],
              "tests": [],
              "suites": [
                {
                  "uuid": "0c985db1-928f-4419-a655-0d1367841c45",
                  "title": "Date",
                  "fullFile": "/home/runner/work/ical-generator/ical-generator/test/tools.ts",
                  "file": "/test/tools.ts",
                  "beforeHooks": [],
                  "afterHooks": [],
                  "tests": [
                    {
                      "title": "should work with valid Date",
                      "fullTitle": "ICalTools checkDate() Date should work with valid Date",
                      "timedOut": false,
                      "duration": 0,
                      "state": "passed",
                      "speed": "fast",
                      "pass": true,
                      "fail": false,
                      "pending": false,
                      "context": null,
                      "code": "const date = new Date();\nassert_1.default.equal((0, tools_1.checkDate)(date, 'foo'), date);",
                      "err": {},
                      "uuid": "81e343d2-94be-4b12-bd00-c22ae3dd10bc",
                      "parentUUID": "0c985db1-928f-4419-a655-0d1367841c45",
                      "isHook": false,
                      "skipped": false
                    },
                    {
                      "title": "should throw error for invalid Date",
                      "fullTitle": "ICalTools checkDate() Date should throw error for invalid Date",
                      "timedOut": false,
                      "duration": 0,
                      "state": "passed",
                      "speed": "fast",
                      "pass": true,
                      "fail": false,
                      "pending": false,
                      "context": null,
                      "code": "const date = new Date('foo');\nassert_1.default.throws(() => {\n    (0, tools_1.checkDate)(date, 'foo');\n}, /`foo` has to be a valid date!/);",
                      "err": {},
                      "uuid": "ea84b9c6-cd65-40a9-9c0d-7c7c4cbbfd18",
                      "parentUUID": "0c985db1-928f-4419-a655-0d1367841c45",
                      "isHook": false,
                      "skipped": false
                    }
                  ],
                  "suites": [],
                  "passes": [
                    "81e343d2-94be-4b12-bd00-c22ae3dd10bc",
                    "ea84b9c6-cd65-40a9-9c0d-7c7c4cbbfd18"
                  ],
                  "failures": [],
                  "pending": [],
                  "skipped": [],
                  "duration": 0,
                  "root": false,
                  "rootEmpty": false,
                  "_timeout": 2000
                },
                {
                  "uuid": "f6bf6260-3475-4a72-9ebf-b23092a67749",
                  "title": "String",
                  "fullFile": "/home/runner/work/ical-generator/ical-generator/test/tools.ts",
                  "file": "/test/tools.ts",
                  "beforeHooks": [],
                  "afterHooks": [],
                  "tests": [
                    {
                      "title": "should work with valid String",
                      "fullTitle": "ICalTools checkDate() String should work with valid String",
                      "timedOut": false,
                      "duration": 1,
                      "state": "passed",
                      "speed": "fast",
                      "pass": true,
                      "fail": false,
                      "pending": false,
                      "context": null,
                      "code": "const date = '2021-03-28T13:15:23.587Z';\nassert_1.default.equal((0, tools_1.checkDate)(date, 'foo'), date);",
                      "err": {},
                      "uuid": "1a277ba4-6dc6-4f4e-814e-b2dd874571fc",
                      "parentUUID": "f6bf6260-3475-4a72-9ebf-b23092a67749",
                      "isHook": false,
                      "skipped": false
                    },
                    {
                      "title": "should throw error for invalid String",
                      "fullTitle": "ICalTools checkDate() String should throw error for invalid String",
                      "timedOut": false,
                      "duration": 0,
                      "state": "passed",
                      "speed": "fast",
                      "pass": true,
                      "fail": false,
                      "pending": false,
                      "context": null,
                      "code": "const date = 'foo';\nassert_1.default.throws(() => {\n    (0, tools_1.checkDate)(date, 'foo');\n}, /`foo` has to be a valid date!/);",
                      "err": {},
                      "uuid": "60bdf892-c564-46d2-ac6a-4b5e4e844004",
                      "parentUUID": "f6bf6260-3475-4a72-9ebf-b23092a67749",
                      "isHook": false,
                      "skipped": false
                    }
                  ],
                  "suites": [],
                  "passes": [
                    "1a277ba4-6dc6-4f4e-814e-b2dd874571fc",
                    "60bdf892-c564-46d2-ac6a-4b5e4e844004"
                  ],
                  "failures": [],
                  "pending": [],
                  "skipped": [],
                  "duration": 1,
                  "root": false,
                  "rootEmpty": false,
                  "_timeout": 2000
                },
                {
                  "uuid": "49ecc3d4-b86c-4ac8-b426-47fd3e9d1670",
                  "title": "Luxon",
                  "fullFile": "/home/runner/work/ical-generator/ical-generator/test/tools.ts",
                  "file": "/test/tools.ts",
                  "beforeHooks": [],
                  "afterHooks": [],
                  "tests": [
                    {
                      "title": "should work with valid Luxon",
                      "fullTitle": "ICalTools checkDate() Luxon should work with valid Luxon",
                      "timedOut": false,
                      "duration": 0,
                      "state": "passed",
                      "speed": "fast",
                      "pass": true,
                      "fail": false,
                      "pending": false,
                      "context": null,
                      "code": "const date = luxon_1.DateTime.now();\nassert_1.default.equal((0, tools_1.checkDate)(date, 'foo'), date);",
                      "err": {},
                      "uuid": "4b9399b1-e0cb-40b8-8bf3-4fcae1c4907b",
                      "parentUUID": "49ecc3d4-b86c-4ac8-b426-47fd3e9d1670",
                      "isHook": false,
                      "skipped": false
                    },
                    {
                      "title": "should throw error for invalid Luxon",
                      "fullTitle": "ICalTools checkDate() Luxon should throw error for invalid Luxon",
                      "timedOut": false,
                      "duration": 1,
                      "state": "passed",
                      "speed": "fast",
                      "pass": true,
                      "fail": false,
                      "pending": false,
                      "context": null,
                      "code": "const date = luxon_1.DateTime.fromISO('foo');\nassert_1.default.throws(() => {\n    (0, tools_1.checkDate)(date, 'foo');\n}, /`foo` has to be a valid date!/);",
                      "err": {},
                      "uuid": "058b07f3-853a-4e39-8065-7a0d24092bfc",
                      "parentUUID": "49ecc3d4-b86c-4ac8-b426-47fd3e9d1670",
                      "isHook": false,
                      "skipped": false
                    }
                  ],
                  "suites": [],
                  "passes": [
                    "4b9399b1-e0cb-40b8-8bf3-4fcae1c4907b",
                    "058b07f3-853a-4e39-8065-7a0d24092bfc"
                  ],
                  "failures": [],
                  "pending": [],
                  "skipped": [],
                  "duration": 1,
                  "root": false,
                  "rootEmpty": false,
                  "_timeout": 2000
                },
                {
                  "uuid": "19f53545-656d-4cb0-a53f-a6b2af79029f",
                  "title": "Moment",
                  "fullFile": "/home/runner/work/ical-generator/ical-generator/test/tools.ts",
                  "file": "/test/tools.ts",
                  "beforeHooks": [],
                  "afterHooks": [],
                  "tests": [
                    {
                      "title": "should work with valid Moment",
                      "fullTitle": "ICalTools checkDate() Moment should work with valid Moment",
                      "timedOut": false,
                      "duration": 0,
                      "state": "passed",
                      "speed": "fast",
                      "pass": true,
                      "fail": false,
                      "pending": false,
                      "context": null,
                      "code": "const date = (0, moment_timezone_1.default)();\nassert_1.default.equal((0, tools_1.checkDate)(date, 'foo'), date);",
                      "err": {},
                      "uuid": "847c0883-8355-49bc-a544-16e8983a3f60",
                      "parentUUID": "19f53545-656d-4cb0-a53f-a6b2af79029f",
                      "isHook": false,
                      "skipped": false
                    },
                    {
                      "title": "should throw error for invalid Moment",
                      "fullTitle": "ICalTools checkDate() Moment should throw error for invalid Moment",
                      "timedOut": false,
                      "duration": 0,
                      "state": "passed",
                      "speed": "fast",
                      "pass": true,
                      "fail": false,
                      "pending": false,
                      "context": null,
                      "code": "const date = (0, moment_timezone_1.default)('foo');\nassert_1.default.throws(() => {\n    (0, tools_1.checkDate)(date, 'foo');\n}, /`foo` has to be a valid date!/);",
                      "err": {},
                      "uuid": "df32df5d-795d-4dd7-8891-479b0b2b93f4",
                      "parentUUID": "19f53545-656d-4cb0-a53f-a6b2af79029f",
                      "isHook": false,
                      "skipped": false
                    }
                  ],
                  "suites": [],
                  "passes": [
                    "847c0883-8355-49bc-a544-16e8983a3f60",
                    "df32df5d-795d-4dd7-8891-479b0b2b93f4"
                  ],
                  "failures": [],
                  "pending": [],
                  "skipped": [],
                  "duration": 0,
                  "root": false,
                  "rootEmpty": false,
                  "_timeout": 2000
                },
                {
                  "uuid": "57554245-89f9-4c4a-a9de-cae8e468d22a",
                  "title": "Day.js",
                  "fullFile": "/home/runner/work/ical-generator/ical-generator/test/tools.ts",
                  "file": "/test/tools.ts",
                  "beforeHooks": [],
                  "afterHooks": [],
                  "tests": [
                    {
                      "title": "should work with valid Day.js",
                      "fullTitle": "ICalTools checkDate() Day.js should work with valid Day.js",
                      "timedOut": false,
                      "duration": 0,
                      "state": "passed",
                      "speed": "fast",
                      "pass": true,
                      "fail": false,
                      "pending": false,
                      "context": null,
                      "code": "const date = (0, dayjs_1.default)();\nassert_1.default.equal((0, tools_1.checkDate)(date, 'foo'), date);",
                      "err": {},
                      "uuid": "e31492d2-c8d2-43f3-96d5-b3f5980059b4",
                      "parentUUID": "57554245-89f9-4c4a-a9de-cae8e468d22a",
                      "isHook": false,
                      "skipped": false
                    },
                    {
                      "title": "should throw error for invalid Day.js",
                      "fullTitle": "ICalTools checkDate() Day.js should throw error for invalid Day.js",
                      "timedOut": false,
                      "duration": 0,
                      "state": "passed",
                      "speed": "fast",
                      "pass": true,
                      "fail": false,
                      "pending": false,
                      "context": null,
                      "code": "const date = (0, dayjs_1.default)('foo');\nassert_1.default.throws(() => {\n    (0, tools_1.checkDate)(date, 'foo');\n}, /`foo` has to be a valid date!/);",
                      "err": {},
                      "uuid": "886688a0-e968-4891-a179-868232976efd",
                      "parentUUID": "57554245-89f9-4c4a-a9de-cae8e468d22a",
                      "isHook": false,
                      "skipped": false
                    }
                  ],
                  "suites": [],
                  "passes": [
                    "e31492d2-c8d2-43f3-96d5-b3f5980059b4",
                    "886688a0-e968-4891-a179-868232976efd"
                  ],
                  "failures": [],
                  "pending": [],
                  "skipped": [],
                  "duration": 0,
                  "root": false,
                  "rootEmpty": false,
                  "_timeout": 2000
                }
              ],
              "passes": [],
              "failures": [],
              "pending": [],
              "skipped": [],
              "duration": 0,
              "root": false,
              "rootEmpty": false,
              "_timeout": 2000
            },
            {
              "uuid": "dd35fd78-2110-4a5a-91d5-d77120d1c3cc",
              "title": "toDate()",
              "fullFile": "/home/runner/work/ical-generator/ical-generator/test/tools.ts",
              "file": "/test/tools.ts",
              "beforeHooks": [],
              "afterHooks": [],
              "tests": [
                {
                  "title": "should work with strings",
                  "fullTitle": "ICalTools toDate() should work with strings",
                  "timedOut": false,
                  "duration": 0,
                  "state": "passed",
                  "speed": "fast",
                  "pass": true,
                  "fail": false,
                  "pending": false,
                  "context": null,
                  "code": "const date = new Date();\nassert_1.default.deepStrictEqual((0, tools_1.toDate)(date.toJSON()), date);",
                  "err": {},
                  "uuid": "615afa5e-4847-4e93-9204-86b838df4771",
                  "parentUUID": "dd35fd78-2110-4a5a-91d5-d77120d1c3cc",
                  "isHook": false,
                  "skipped": false
                },
                {
                  "title": "should work with native Date",
                  "fullTitle": "ICalTools toDate() should work with native Date",
                  "timedOut": false,
                  "duration": 0,
                  "state": "passed",
                  "speed": "fast",
                  "pass": true,
                  "fail": false,
                  "pending": false,
                  "context": null,
                  "code": "const date = new Date();\nassert_1.default.deepStrictEqual((0, tools_1.toDate)(date), date);",
                  "err": {},
                  "uuid": "64f28227-3144-412b-853f-9cea180d3151",
                  "parentUUID": "dd35fd78-2110-4a5a-91d5-d77120d1c3cc",
                  "isHook": false,
                  "skipped": false
                },
                {
                  "title": "should work with moment object",
                  "fullTitle": "ICalTools toDate() should work with moment object",
                  "timedOut": false,
                  "duration": 0,
                  "state": "passed",
                  "speed": "fast",
                  "pass": true,
                  "fail": false,
                  "pending": false,
                  "context": null,
                  "code": "const date = new Date();\nassert_1.default.deepStrictEqual((0, tools_1.toDate)((0, moment_timezone_1.default)(date)), date);",
                  "err": {},
                  "uuid": "8faa9835-8738-4b30-aa79-2a65d1a27d14",
                  "parentUUID": "dd35fd78-2110-4a5a-91d5-d77120d1c3cc",
                  "isHook": false,
                  "skipped": false
                },
                {
                  "title": "should work with Day.js object",
                  "fullTitle": "ICalTools toDate() should work with Day.js object",
                  "timedOut": false,
                  "duration": 0,
                  "state": "passed",
                  "speed": "fast",
                  "pass": true,
                  "fail": false,
                  "pending": false,
                  "context": null,
                  "code": "const date = new Date();\nassert_1.default.deepStrictEqual((0, tools_1.toDate)((0, dayjs_1.default)(date)), date);",
                  "err": {},
                  "uuid": "ea19bfb7-8360-4e68-878f-2ee80e6f5861",
                  "parentUUID": "dd35fd78-2110-4a5a-91d5-d77120d1c3cc",
                  "isHook": false,
                  "skipped": false
                },
                {
                  "title": "should work with luxon DateTime object",
                  "fullTitle": "ICalTools toDate() should work with luxon DateTime object",
                  "timedOut": false,
                  "duration": 0,
                  "state": "passed",
                  "speed": "fast",
                  "pass": true,
                  "fail": false,
                  "pending": false,
                  "context": null,
                  "code": "const date = new Date();\nassert_1.default.deepStrictEqual((0, tools_1.toDate)(luxon_1.DateTime.fromJSDate(date)), date);",
                  "err": {},
                  "uuid": "440dc0b2-8056-4d1d-8ef0-3b055f9e9430",
                  "parentUUID": "dd35fd78-2110-4a5a-91d5-d77120d1c3cc",
                  "isHook": false,
                  "skipped": false
                }
              ],
              "suites": [],
              "passes": [
                "615afa5e-4847-4e93-9204-86b838df4771",
                "64f28227-3144-412b-853f-9cea180d3151",
                "8faa9835-8738-4b30-aa79-2a65d1a27d14",
                "ea19bfb7-8360-4e68-878f-2ee80e6f5861",
                "440dc0b2-8056-4d1d-8ef0-3b055f9e9430"
              ],
              "failures": [],
              "pending": [],
              "skipped": [],
              "duration": 0,
              "root": false,
              "rootEmpty": false,
              "_timeout": 2000
            }
          ],
          "passes": [],
          "failures": [],
          "pending": [],
          "skipped": [],
          "duration": 0,
          "root": false,
          "rootEmpty": false,
          "_timeout": 2000
        }
      ],
      "passes": [],
      "failures": [],
      "pending": [],
      "skipped": [],
      "duration": 0,
      "root": true,
      "rootEmpty": true,
      "_timeout": 2000
    }
  ],
  "meta": {
    "mocha": {
      "version": "10.0.0"
    },
    "mochawesome": {
      "options": {
        "quiet": false,
        "reportFilename": "mochawesome",
        "saveHtml": true,
        "saveJson": true,
        "consoleReporter": "spec",
        "useInlineDiffs": false,
        "code": true
      },
      "version": "7.1.3"
    },
    "marge": {
      "options": null,
      "version": "6.2.0"
    }
  }
}