{
  "stats": {
    "suites": 131,
    "tests": 447,
    "passes": 445,
    "pending": 2,
    "failures": 0,
    "start": "2025-01-21T14:39:44.723Z",
    "end": "2025-01-21T14:39:44.879Z",
    "duration": 156,
    "testsRegistered": 447,
    "passPercent": 100,
    "pendingPercent": 0.44742729306487694,
    "other": 0,
    "hasOther": false,
    "skipped": 0,
    "hasSkipped": false
  },
  "results": [
    {
      "uuid": "40bfb9e4-b02c-47d7-b861-97e3da73c46e",
      "title": "",
      "fullFile": "",
      "file": "",
      "beforeHooks": [],
      "afterHooks": [],
      "tests": [],
      "suites": [
        {
          "uuid": "b7c6b3fe-d8e9-4025-99be-ef6d75eecca9",
          "title": "ical-generator Alarm",
          "fullFile": "/home/runner/work/ical-generator/ical-generator/test/alarm.ts",
          "file": "/test/alarm.ts",
          "beforeHooks": [],
          "afterHooks": [],
          "tests": [],
          "suites": [
            {
              "uuid": "fc7f5245-2900-41de-a33f-354c8f55f9ec",
              "title": "constructor()",
              "fullFile": "/home/runner/work/ical-generator/ical-generator/test/alarm.ts",
              "file": "/test/alarm.ts",
              "beforeHooks": [],
              "afterHooks": [],
              "tests": [
                {
                  "title": "shouldn't work without event reference",
                  "fullTitle": "ical-generator Alarm constructor() shouldn't work without event reference",
                  "timedOut": false,
                  "duration": 1,
                  "state": "passed",
                  "speed": "fast",
                  "pass": true,
                  "fail": false,
                  "pending": false,
                  "context": null,
                  "code": "assert.throws(function(){new ICalAlarm({type:ICalAlarmType.display},null)},/`event`/)",
                  "err": {},
                  "uuid": "01b20615-3b9b-40dd-8f0f-ff914b4d5ab3",
                  "parentUUID": "fc7f5245-2900-41de-a33f-354c8f55f9ec",
                  "isHook": false,
                  "skipped": false
                },
                {
                  "title": "should ignore unknown data attributes",
                  "fullTitle": "ical-generator Alarm constructor() should ignore unknown data attributes",
                  "timedOut": false,
                  "duration": 1,
                  "state": "passed",
                  "speed": "fast",
                  "pass": true,
                  "fail": false,
                  "pending": false,
                  "context": null,
                  "code": "const a=new ICalAlarm({unknown:true,type:ICalAlarmType.display},new ICalEvent({start:new Date},new ICalCalendar));assert.strictEqual(a.type(),\"display\")",
                  "err": {},
                  "uuid": "ecff9da2-a03c-49f9-91ed-80dc948de545",
                  "parentUUID": "fc7f5245-2900-41de-a33f-354c8f55f9ec",
                  "isHook": false,
                  "skipped": false
                }
              ],
              "suites": [],
              "passes": [
                "01b20615-3b9b-40dd-8f0f-ff914b4d5ab3",
                "ecff9da2-a03c-49f9-91ed-80dc948de545"
              ],
              "failures": [],
              "pending": [],
              "skipped": [],
              "duration": 2,
              "root": false,
              "rootEmpty": false,
              "_timeout": 2000
            },
            {
              "uuid": "27f2b099-fd8b-4967-b6b7-27228f35f0ee",
              "title": "type()",
              "fullFile": "/home/runner/work/ical-generator/ical-generator/test/alarm.ts",
              "file": "/test/alarm.ts",
              "beforeHooks": [],
              "afterHooks": [],
              "tests": [
                {
                  "title": "setter should return this",
                  "fullTitle": "ical-generator Alarm type() setter should return this",
                  "timedOut": false,
                  "duration": 0,
                  "state": "passed",
                  "speed": "fast",
                  "pass": true,
                  "fail": false,
                  "pending": false,
                  "context": null,
                  "code": "const a=new ICalAlarm({},new ICalEvent({start:new Date},new ICalCalendar));assert.deepStrictEqual(a,a.type(ICalAlarmType.display))",
                  "err": {},
                  "uuid": "9602a192-606f-494d-a43f-491ebdbe6dbc",
                  "parentUUID": "27f2b099-fd8b-4967-b6b7-27228f35f0ee",
                  "isHook": false,
                  "skipped": false
                },
                {
                  "title": "getter should return value",
                  "fullTitle": "ical-generator Alarm type() getter should return value",
                  "timedOut": false,
                  "duration": 1,
                  "state": "passed",
                  "speed": "fast",
                  "pass": true,
                  "fail": false,
                  "pending": false,
                  "context": null,
                  "code": "const a=new ICalAlarm({},new ICalEvent({start:new Date},new ICalCalendar));assert.strictEqual(a.type(),\"display\");a.type(ICalAlarmType.audio);assert.strictEqual(a.type(),\"audio\")",
                  "err": {},
                  "uuid": "2f00cdc8-0e15-47d5-9431-fff418daa780",
                  "parentUUID": "27f2b099-fd8b-4967-b6b7-27228f35f0ee",
                  "isHook": false,
                  "skipped": false
                },
                {
                  "title": "should throw error when type not allowed",
                  "fullTitle": "ical-generator Alarm type() should throw error when type not allowed",
                  "timedOut": false,
                  "duration": 0,
                  "state": "passed",
                  "speed": "fast",
                  "pass": true,
                  "fail": false,
                  "pending": false,
                  "context": null,
                  "code": "const a=new ICalAlarm({},new ICalEvent({start:new Date},new ICalCalendar));assert.throws(function(){a.type(\"BANANA\")},/`type`/);assert.throws(function(){a.type(null)},/`type`/)",
                  "err": {},
                  "uuid": "47d82063-ff76-4dd2-8bf8-b851ff8b80a7",
                  "parentUUID": "27f2b099-fd8b-4967-b6b7-27228f35f0ee",
                  "isHook": false,
                  "skipped": false
                },
                {
                  "title": "should change something",
                  "fullTitle": "ical-generator Alarm type() should change something",
                  "timedOut": false,
                  "duration": 1,
                  "state": "passed",
                  "speed": "fast",
                  "pass": true,
                  "fail": false,
                  "pending": false,
                  "context": null,
                  "code": "const a=new ICalAlarm({},new ICalEvent({start:new Date},new ICalCalendar));assert.ok(a.toString().indexOf(\"ACTION:DISPLAY\")>-1)",
                  "err": {},
                  "uuid": "15a88034-aacb-4b51-8afa-0deafab6b497",
                  "parentUUID": "27f2b099-fd8b-4967-b6b7-27228f35f0ee",
                  "isHook": false,
                  "skipped": false
                }
              ],
              "suites": [],
              "passes": [
                "9602a192-606f-494d-a43f-491ebdbe6dbc",
                "2f00cdc8-0e15-47d5-9431-fff418daa780",
                "47d82063-ff76-4dd2-8bf8-b851ff8b80a7",
                "15a88034-aacb-4b51-8afa-0deafab6b497"
              ],
              "failures": [],
              "pending": [],
              "skipped": [],
              "duration": 2,
              "root": false,
              "rootEmpty": false,
              "_timeout": 2000
            },
            {
              "uuid": "e7ecc670-c31a-4134-9ae2-6a407eadc886",
              "title": "trigger()",
              "fullFile": "/home/runner/work/ical-generator/ical-generator/test/alarm.ts",
              "file": "/test/alarm.ts",
              "beforeHooks": [],
              "afterHooks": [],
              "tests": [
                {
                  "title": "setter should return this",
                  "fullTitle": "ical-generator Alarm trigger() setter should return this",
                  "timedOut": false,
                  "duration": 0,
                  "state": "passed",
                  "speed": "fast",
                  "pass": true,
                  "fail": false,
                  "pending": false,
                  "context": null,
                  "code": "const a=new ICalAlarm({},new ICalEvent({start:new Date},new ICalCalendar));assert.deepStrictEqual(a,a.trigger(60*10))",
                  "err": {},
                  "uuid": "1cd8ed8d-5e6a-4ac6-a125-8282f132246a",
                  "parentUUID": "e7ecc670-c31a-4134-9ae2-6a407eadc886",
                  "isHook": false,
                  "skipped": false
                },
                {
                  "title": "getter should return value",
                  "fullTitle": "ical-generator Alarm trigger() getter should return value",
                  "timedOut": false,
                  "duration": 0,
                  "state": "passed",
                  "speed": "fast",
                  "pass": true,
                  "fail": false,
                  "pending": false,
                  "context": null,
                  "code": "const a=new ICalAlarm({},new ICalEvent({start:new Date},new ICalCalendar));const now=new Date;assert.strictEqual(a.trigger(),600);assert.strictEqual(a.triggerAfter(),-600);a.trigger(300);assert.strictEqual(a.trigger(),300);assert.strictEqual(a.triggerAfter(),-300);a.trigger(now);const dateResult=a.trigger();assert.deepStrictEqual(dateResult,now)",
                  "err": {},
                  "uuid": "f869874f-5476-4c60-8f4a-abe4d52ae2ae",
                  "parentUUID": "e7ecc670-c31a-4134-9ae2-6a407eadc886",
                  "isHook": false,
                  "skipped": false
                },
                {
                  "title": "should throw error when trigger not allowed",
                  "fullTitle": "ical-generator Alarm trigger() should throw error when trigger not allowed",
                  "timedOut": false,
                  "duration": 0,
                  "state": "passed",
                  "speed": "fast",
                  "pass": true,
                  "fail": false,
                  "pending": false,
                  "context": null,
                  "code": "const a=new ICalAlarm({},new ICalEvent({start:new Date},new ICalCalendar));assert.throws(function(){a.trigger(Infinity)},/`trigger`/);assert.throws(function(){a.trigger(\"hi\")},/`trigger`/);assert.throws(function(){a.trigger(true)},/`trigger`/)",
                  "err": {},
                  "uuid": "91e42471-0421-4b4d-8466-61cecb7e0f83",
                  "parentUUID": "e7ecc670-c31a-4134-9ae2-6a407eadc886",
                  "isHook": false,
                  "skipped": false
                },
                {
                  "title": "setter should work with date",
                  "fullTitle": "ical-generator Alarm trigger() setter should work with date",
                  "timedOut": false,
                  "duration": 0,
                  "state": "passed",
                  "speed": "fast",
                  "pass": true,
                  "fail": false,
                  "pending": false,
                  "context": null,
                  "code": "const a=new ICalAlarm({},new ICalEvent({start:new Date},new ICalCalendar));a.trigger(new Date);assert.ok(a.trigger()instanceof Date)",
                  "err": {},
                  "uuid": "7515c506-b859-4362-885a-0217dab9cf7f",
                  "parentUUID": "e7ecc670-c31a-4134-9ae2-6a407eadc886",
                  "isHook": false,
                  "skipped": false
                },
                {
                  "title": "setter should work with moment instance",
                  "fullTitle": "ical-generator Alarm trigger() setter should work with moment instance",
                  "timedOut": false,
                  "duration": 1,
                  "state": "passed",
                  "speed": "fast",
                  "pass": true,
                  "fail": false,
                  "pending": false,
                  "context": null,
                  "code": "const a=new ICalAlarm({},new ICalEvent({start:new Date},new ICalCalendar));a.trigger(moment());assert.ok(moment.isMoment(a.trigger()))",
                  "err": {},
                  "uuid": "cb992980-ac09-44fa-8e1f-fd30bd2c8a5e",
                  "parentUUID": "e7ecc670-c31a-4134-9ae2-6a407eadc886",
                  "isHook": false,
                  "skipped": false
                },
                {
                  "title": "setter should work with number",
                  "fullTitle": "ical-generator Alarm trigger() setter should work with number",
                  "timedOut": false,
                  "duration": 0,
                  "state": "passed",
                  "speed": "fast",
                  "pass": true,
                  "fail": false,
                  "pending": false,
                  "context": null,
                  "code": "const a=new ICalAlarm({},new ICalEvent({start:new Date},new ICalCalendar));a.trigger(2*60);assert.strictEqual(a.trigger(),120)",
                  "err": {},
                  "uuid": "0bdc4101-096a-4841-a003-7ecf8d6be5a7",
                  "parentUUID": "e7ecc670-c31a-4134-9ae2-6a407eadc886",
                  "isHook": false,
                  "skipped": false
                },
                {
                  "title": "should change something",
                  "fullTitle": "ical-generator Alarm trigger() should change something",
                  "timedOut": false,
                  "duration": 2,
                  "state": "passed",
                  "speed": "fast",
                  "pass": true,
                  "fail": false,
                  "pending": false,
                  "context": null,
                  "code": "const trigger=moment(\"2015-02-01T13:38:45.000Z\");const a=new ICalAlarm({},new ICalEvent({start:new Date},new ICalCalendar));assert.ok(a.toString().includes(\"TRIGGER:-PT10M\"));a.trigger(trigger);assert.ok(a.toString().includes(\"TRIGGER;VALUE=DATE-TIME:20150201T133845Z\"))",
                  "err": {},
                  "uuid": "8c256d6a-ee8f-4cf0-afd7-48c9931c6154",
                  "parentUUID": "e7ecc670-c31a-4134-9ae2-6a407eadc886",
                  "isHook": false,
                  "skipped": false
                }
              ],
              "suites": [],
              "passes": [
                "1cd8ed8d-5e6a-4ac6-a125-8282f132246a",
                "f869874f-5476-4c60-8f4a-abe4d52ae2ae",
                "91e42471-0421-4b4d-8466-61cecb7e0f83",
                "7515c506-b859-4362-885a-0217dab9cf7f",
                "cb992980-ac09-44fa-8e1f-fd30bd2c8a5e",
                "0bdc4101-096a-4841-a003-7ecf8d6be5a7",
                "8c256d6a-ee8f-4cf0-afd7-48c9931c6154"
              ],
              "failures": [],
              "pending": [],
              "skipped": [],
              "duration": 3,
              "root": false,
              "rootEmpty": false,
              "_timeout": 2000
            },
            {
              "uuid": "915461ee-5c5c-4500-845d-78da8f297736",
              "title": "triggerAfter()",
              "fullFile": "/home/runner/work/ical-generator/ical-generator/test/alarm.ts",
              "file": "/test/alarm.ts",
              "beforeHooks": [],
              "afterHooks": [],
              "tests": [
                {
                  "title": "setter should return this",
                  "fullTitle": "ical-generator Alarm triggerAfter() setter should return this",
                  "timedOut": false,
                  "duration": 0,
                  "state": "passed",
                  "speed": "fast",
                  "pass": true,
                  "fail": false,
                  "pending": false,
                  "context": null,
                  "code": "const a=new ICalAlarm({},new ICalEvent({start:new Date},new ICalCalendar));assert.deepStrictEqual(a,a.triggerAfter(60*10))",
                  "err": {},
                  "uuid": "7f7b7b2e-2c32-409d-bd29-1787cde5a65c",
                  "parentUUID": "915461ee-5c5c-4500-845d-78da8f297736",
                  "isHook": false,
                  "skipped": false
                },
                {
                  "title": "getter should return value",
                  "fullTitle": "ical-generator Alarm triggerAfter() getter should return value",
                  "timedOut": false,
                  "duration": 0,
                  "state": "passed",
                  "speed": "fast",
                  "pass": true,
                  "fail": false,
                  "pending": false,
                  "context": null,
                  "code": "const a=new ICalAlarm({},new ICalEvent({start:new Date},new ICalCalendar)).triggerAfter(300);assert.strictEqual(a.triggerAfter(),300);assert.strictEqual(a.trigger(),-300)",
                  "err": {},
                  "uuid": "3068f257-352d-49d4-9418-9423407fc70f",
                  "parentUUID": "915461ee-5c5c-4500-845d-78da8f297736",
                  "isHook": false,
                  "skipped": false
                },
                {
                  "title": "setter should work with number",
                  "fullTitle": "ical-generator Alarm triggerAfter() setter should work with number",
                  "timedOut": false,
                  "duration": 0,
                  "state": "passed",
                  "speed": "fast",
                  "pass": true,
                  "fail": false,
                  "pending": false,
                  "context": null,
                  "code": "const a=new ICalAlarm({},new ICalEvent({start:new Date},new ICalCalendar));a.triggerAfter(120);assert.strictEqual(a.trigger(),-120)",
                  "err": {},
                  "uuid": "2ec9c232-bc07-4357-8a27-b26e13e4059b",
                  "parentUUID": "915461ee-5c5c-4500-845d-78da8f297736",
                  "isHook": false,
                  "skipped": false
                },
                {
                  "title": "setter should throw error when trigger not allowed",
                  "fullTitle": "ical-generator Alarm triggerAfter() setter should throw error when trigger not allowed",
                  "timedOut": false,
                  "duration": 0,
                  "state": "passed",
                  "speed": "fast",
                  "pass": true,
                  "fail": false,
                  "pending": false,
                  "context": null,
                  "code": "const a=new ICalAlarm({},new ICalEvent({start:new Date},new ICalCalendar));assert.throws(function(){a.triggerAfter(Infinity)},/`trigger`/);assert.throws(function(){a.triggerAfter(\"hi\")},/`trigger`/);assert.throws(function(){a.triggerAfter(true)},/`trigger`/)",
                  "err": {},
                  "uuid": "8fd108e3-1d70-40bf-b728-d26effff8c27",
                  "parentUUID": "915461ee-5c5c-4500-845d-78da8f297736",
                  "isHook": false,
                  "skipped": false
                },
                {
                  "title": "should change something",
                  "fullTitle": "ical-generator Alarm triggerAfter() should change something",
                  "timedOut": false,
                  "duration": 1,
                  "state": "passed",
                  "speed": "fast",
                  "pass": true,
                  "fail": false,
                  "pending": false,
                  "context": null,
                  "code": "const trigger=moment(\"20150201T133845Z\");const a=new ICalAlarm({triggerAfter:600},new ICalEvent({start:new Date},new ICalCalendar));assert.ok(a.toString().indexOf(\"TRIGGER;RELATED=END:PT10M\")>-1);a.triggerAfter(trigger);assert.ok(a.toString().indexOf(\"TRIGGER;VALUE=DATE-TIME:20150201T133845Z\")>-1)",
                  "err": {},
                  "uuid": "2d402660-14e7-487a-a51f-d87aa5294aec",
                  "parentUUID": "915461ee-5c5c-4500-845d-78da8f297736",
                  "isHook": false,
                  "skipped": false
                }
              ],
              "suites": [],
              "passes": [
                "7f7b7b2e-2c32-409d-bd29-1787cde5a65c",
                "3068f257-352d-49d4-9418-9423407fc70f",
                "2ec9c232-bc07-4357-8a27-b26e13e4059b",
                "8fd108e3-1d70-40bf-b728-d26effff8c27",
                "2d402660-14e7-487a-a51f-d87aa5294aec"
              ],
              "failures": [],
              "pending": [],
              "skipped": [],
              "duration": 1,
              "root": false,
              "rootEmpty": false,
              "_timeout": 2000
            },
            {
              "uuid": "25671a37-0603-41fa-8db2-7b51205e499d",
              "title": "triggerBefore()",
              "fullFile": "/home/runner/work/ical-generator/ical-generator/test/alarm.ts",
              "file": "/test/alarm.ts",
              "beforeHooks": [],
              "afterHooks": [],
              "tests": [
                {
                  "title": "setter should return this",
                  "fullTitle": "ical-generator Alarm triggerBefore() setter should return this",
                  "timedOut": false,
                  "duration": 0,
                  "state": "passed",
                  "speed": "fast",
                  "pass": true,
                  "fail": false,
                  "pending": false,
                  "context": null,
                  "code": "const a=new ICalAlarm({},new ICalEvent({start:new Date},new ICalCalendar));assert.deepStrictEqual(a,a.triggerBefore(60*10))",
                  "err": {},
                  "uuid": "4af95567-b863-45b6-96f1-4ff3f6adca25",
                  "parentUUID": "25671a37-0603-41fa-8db2-7b51205e499d",
                  "isHook": false,
                  "skipped": false
                },
                {
                  "title": "getter should return value",
                  "fullTitle": "ical-generator Alarm triggerBefore() getter should return value",
                  "timedOut": false,
                  "duration": 0,
                  "state": "passed",
                  "speed": "fast",
                  "pass": true,
                  "fail": false,
                  "pending": false,
                  "context": null,
                  "code": "const a=new ICalAlarm({},new ICalEvent({start:new Date},new ICalCalendar));const now=new Date;assert.strictEqual(a.triggerBefore(),600);a.trigger(300);assert.strictEqual(a.triggerBefore(),300);a.trigger(now);const dateResult=a.triggerBefore();assert.deepStrictEqual(dateResult,now)",
                  "err": {},
                  "uuid": "80410d20-75db-4811-80cd-d37fa67e6a42",
                  "parentUUID": "25671a37-0603-41fa-8db2-7b51205e499d",
                  "isHook": false,
                  "skipped": false
                },
                {
                  "title": "should throw error when trigger not allowed",
                  "fullTitle": "ical-generator Alarm triggerBefore() should throw error when trigger not allowed",
                  "timedOut": false,
                  "duration": 0,
                  "state": "passed",
                  "speed": "fast",
                  "pass": true,
                  "fail": false,
                  "pending": false,
                  "context": null,
                  "code": "const a=new ICalAlarm({},new ICalEvent({start:new Date},new ICalCalendar));assert.throws(function(){a.triggerBefore(Infinity)},/`trigger`/);assert.throws(function(){a.triggerBefore(\"hi\")},/`trigger`/);assert.throws(function(){a.triggerBefore(true)},/`trigger`/)",
                  "err": {},
                  "uuid": "e1107aa5-8c68-43e1-ade0-562a2f78632d",
                  "parentUUID": "25671a37-0603-41fa-8db2-7b51205e499d",
                  "isHook": false,
                  "skipped": false
                },
                {
                  "title": "setter should work with date",
                  "fullTitle": "ical-generator Alarm triggerBefore() setter should work with date",
                  "timedOut": false,
                  "duration": 0,
                  "state": "passed",
                  "speed": "fast",
                  "pass": true,
                  "fail": false,
                  "pending": false,
                  "context": null,
                  "code": "const a=new ICalAlarm({},new ICalEvent({start:new Date},new ICalCalendar));const now=new Date;a.triggerBefore(now);assert.deepStrictEqual(a.trigger(),now)",
                  "err": {},
                  "uuid": "2dc49a0c-2002-48b7-82ec-07e13a265600",
                  "parentUUID": "25671a37-0603-41fa-8db2-7b51205e499d",
                  "isHook": false,
                  "skipped": false
                },
                {
                  "title": "setter should work with moment instance",
                  "fullTitle": "ical-generator Alarm triggerBefore() setter should work with moment instance",
                  "timedOut": false,
                  "duration": 0,
                  "state": "passed",
                  "speed": "fast",
                  "pass": true,
                  "fail": false,
                  "pending": false,
                  "context": null,
                  "code": "const a=new ICalAlarm({triggerBefore:moment()},new ICalEvent({start:new Date},new ICalCalendar));assert.ok(moment.isMoment(a.trigger()))",
                  "err": {},
                  "uuid": "1b22ff2e-41d1-4fed-b597-104195eada80",
                  "parentUUID": "25671a37-0603-41fa-8db2-7b51205e499d",
                  "isHook": false,
                  "skipped": false
                },
                {
                  "title": "setter should work with number",
                  "fullTitle": "ical-generator Alarm triggerBefore() setter should work with number",
                  "timedOut": false,
                  "duration": 0,
                  "state": "passed",
                  "speed": "fast",
                  "pass": true,
                  "fail": false,
                  "pending": false,
                  "context": null,
                  "code": "const a=new ICalAlarm({},new ICalEvent({start:new Date},new ICalCalendar));a.triggerBefore(2*60);assert.strictEqual(a.trigger(),120)",
                  "err": {},
                  "uuid": "ebdd09b0-ac75-4951-9967-0cda51e39cc2",
                  "parentUUID": "25671a37-0603-41fa-8db2-7b51205e499d",
                  "isHook": false,
                  "skipped": false
                },
                {
                  "title": "should change something",
                  "fullTitle": "ical-generator Alarm triggerBefore() should change something",
                  "timedOut": false,
                  "duration": 0,
                  "state": "passed",
                  "speed": "fast",
                  "pass": true,
                  "fail": false,
                  "pending": false,
                  "context": null,
                  "code": "const trigger=moment(\"2015-02-01T13:38:45.000Z\");const a=new ICalAlarm({},new ICalEvent({start:new Date},new ICalCalendar));assert.ok(a.toString().indexOf(\"TRIGGER:-PT10M\")>-1);a.triggerBefore(trigger);assert.ok(a.toString().indexOf(\"TRIGGER;VALUE=DATE-TIME:20150201T133845Z\")>-1)",
                  "err": {},
                  "uuid": "360f4e9c-1ccd-4314-9bcd-4e510990b172",
                  "parentUUID": "25671a37-0603-41fa-8db2-7b51205e499d",
                  "isHook": false,
                  "skipped": false
                }
              ],
              "suites": [],
              "passes": [
                "4af95567-b863-45b6-96f1-4ff3f6adca25",
                "80410d20-75db-4811-80cd-d37fa67e6a42",
                "e1107aa5-8c68-43e1-ade0-562a2f78632d",
                "2dc49a0c-2002-48b7-82ec-07e13a265600",
                "1b22ff2e-41d1-4fed-b597-104195eada80",
                "ebdd09b0-ac75-4951-9967-0cda51e39cc2",
                "360f4e9c-1ccd-4314-9bcd-4e510990b172"
              ],
              "failures": [],
              "pending": [],
              "skipped": [],
              "duration": 0,
              "root": false,
              "rootEmpty": false,
              "_timeout": 2000
            },
            {
              "uuid": "5c45525d-5fb9-453e-9a4a-d23d6e899f59",
              "title": "relatesTo()",
              "fullFile": "/home/runner/work/ical-generator/ical-generator/test/alarm.ts",
              "file": "/test/alarm.ts",
              "beforeHooks": [],
              "afterHooks": [],
              "tests": [
                {
                  "title": "setter should return this",
                  "fullTitle": "ical-generator Alarm relatesTo() setter should return this",
                  "timedOut": false,
                  "duration": 0,
                  "state": "passed",
                  "speed": "fast",
                  "pass": true,
                  "fail": false,
                  "pending": false,
                  "context": null,
                  "code": "const a=new ICalAlarm({},new ICalEvent({start:new Date},new ICalCalendar));assert.deepStrictEqual(a,a.relatesTo(null));assert.deepStrictEqual(a,a.relatesTo(ICalAlarmRelatesTo.end))",
                  "err": {},
                  "uuid": "78ac1abf-5ef2-47ff-a17a-936c54fa1fd0",
                  "parentUUID": "5c45525d-5fb9-453e-9a4a-d23d6e899f59",
                  "isHook": false,
                  "skipped": false
                },
                {
                  "title": "getter should return value",
                  "fullTitle": "ical-generator Alarm relatesTo() getter should return value",
                  "timedOut": false,
                  "duration": 0,
                  "state": "passed",
                  "speed": "fast",
                  "pass": true,
                  "fail": false,
                  "pending": false,
                  "context": null,
                  "code": "const a=new ICalAlarm({},new ICalEvent({start:new Date},new ICalCalendar));a.relatesTo(ICalAlarmRelatesTo.end);assert.strictEqual(a.relatesTo(),ICalAlarmRelatesTo.end);a.relatesTo(null);assert.strictEqual(a.relatesTo(),null)",
                  "err": {},
                  "uuid": "0c66593b-c732-4594-872f-c219ff9d2c5a",
                  "parentUUID": "5c45525d-5fb9-453e-9a4a-d23d6e899f59",
                  "isHook": false,
                  "skipped": false
                },
                {
                  "title": "should throw if value is not `null`, \"START\" or \"END\"",
                  "fullTitle": "ical-generator Alarm relatesTo() should throw if value is not `null`, \"START\" or \"END\"",
                  "timedOut": false,
                  "duration": 0,
                  "state": "passed",
                  "speed": "fast",
                  "pass": true,
                  "fail": false,
                  "pending": false,
                  "context": null,
                  "code": "const a=new ICalAlarm({},new ICalEvent({start:new Date},new ICalCalendar));assert.throws(function(){a.relatesTo(\"hi\")},/`relatesTo`/);assert.throws(function(){a.relatesTo(true)},/`relatesTo`/);assert.throws(function(){a.relatesTo(Infinity)},/`relatesTo`/)",
                  "err": {},
                  "uuid": "24d1eaba-cde2-46c1-b19c-3c9f5274b5e9",
                  "parentUUID": "5c45525d-5fb9-453e-9a4a-d23d6e899f59",
                  "isHook": false,
                  "skipped": false
                },
                {
                  "title": "should change RELATED",
                  "fullTitle": "ical-generator Alarm relatesTo() should change RELATED",
                  "timedOut": false,
                  "duration": 0,
                  "state": "passed",
                  "speed": "fast",
                  "pass": true,
                  "fail": false,
                  "pending": false,
                  "context": null,
                  "code": "const a=new ICalAlarm({},new ICalEvent({start:new Date},new ICalCalendar));assert.ok(a.toString().indexOf(\"RELATED=START\")===-1);a.relatesTo(ICalAlarmRelatesTo.start);assert.ok(a.toString().indexOf(\"RELATED=START\")>-1);a.relatesTo(ICalAlarmRelatesTo.end);assert.ok(a.toString().indexOf(\"RELATED=END\")>-1)",
                  "err": {},
                  "uuid": "157c7a75-2b1a-447c-8804-fd49887d2a06",
                  "parentUUID": "5c45525d-5fb9-453e-9a4a-d23d6e899f59",
                  "isHook": false,
                  "skipped": false
                }
              ],
              "suites": [],
              "passes": [
                "78ac1abf-5ef2-47ff-a17a-936c54fa1fd0",
                "0c66593b-c732-4594-872f-c219ff9d2c5a",
                "24d1eaba-cde2-46c1-b19c-3c9f5274b5e9",
                "157c7a75-2b1a-447c-8804-fd49887d2a06"
              ],
              "failures": [],
              "pending": [],
              "skipped": [],
              "duration": 0,
              "root": false,
              "rootEmpty": false,
              "_timeout": 2000
            },
            {
              "uuid": "f1e42083-5465-4aeb-95fc-ee398da73585",
              "title": "repeat()",
              "fullFile": "/home/runner/work/ical-generator/ical-generator/test/alarm.ts",
              "file": "/test/alarm.ts",
              "beforeHooks": [],
              "afterHooks": [],
              "tests": [
                {
                  "title": "setter should return this",
                  "fullTitle": "ical-generator Alarm repeat() setter should return this",
                  "timedOut": false,
                  "duration": 0,
                  "state": "passed",
                  "speed": "fast",
                  "pass": true,
                  "fail": false,
                  "pending": false,
                  "context": null,
                  "code": "const a=new ICalAlarm({},new ICalEvent({start:new Date},new ICalCalendar));assert.deepStrictEqual(a,a.repeat({times:4,interval:60}))",
                  "err": {},
                  "uuid": "e300e626-390d-4b8c-8cc6-e6315324b4a9",
                  "parentUUID": "f1e42083-5465-4aeb-95fc-ee398da73585",
                  "isHook": false,
                  "skipped": false
                },
                {
                  "title": "getter should return value",
                  "fullTitle": "ical-generator Alarm repeat() getter should return value",
                  "timedOut": false,
                  "duration": 0,
                  "state": "passed",
                  "speed": "fast",
                  "pass": true,
                  "fail": false,
                  "pending": false,
                  "context": null,
                  "code": "const a=new ICalAlarm({},new ICalEvent({start:new Date},new ICalCalendar));assert.strictEqual(a.repeat(),null);a.repeat({times:4,interval:60});assert.deepStrictEqual(a.repeat(),{times:4,interval:60})",
                  "err": {},
                  "uuid": "f0fe9419-01c8-49ca-9f69-54c2629664ce",
                  "parentUUID": "f1e42083-5465-4aeb-95fc-ee398da73585",
                  "isHook": false,
                  "skipped": false
                },
                {
                  "title": "should throw error if repeat not allowed",
                  "fullTitle": "ical-generator Alarm repeat() should throw error if repeat not allowed",
                  "timedOut": false,
                  "duration": 1,
                  "state": "passed",
                  "speed": "fast",
                  "pass": true,
                  "fail": false,
                  "pending": false,
                  "context": null,
                  "code": "const a=new ICalAlarm({},new ICalEvent({start:new Date},new ICalCalendar));assert.throws(function(){a.repeat({times:Infinity,interval:60})},/`repeat.times`/);assert.throws(function(){a.repeat({times:\"hi\",interval:60})},/`repeat.times`/);assert.throws(function(){a.repeat({times:true,interval:60})},/`repeat.times`/);assert.throws(function(){a.repeat({times:4,interval:Infinity})},/`repeat.interval`/);assert.throws(function(){a.repeat({times:4,interval:\"hi\"})},/`repeat.interval`/);assert.throws(function(){a.repeat({times:4,interval:true})},/`repeat.interval`/)",
                  "err": {},
                  "uuid": "954d21d8-caef-458b-80b3-14ff6bfdd475",
                  "parentUUID": "f1e42083-5465-4aeb-95fc-ee398da73585",
                  "isHook": false,
                  "skipped": false
                },
                {
                  "title": "should change something",
                  "fullTitle": "ical-generator Alarm repeat() should change something",
                  "timedOut": false,
                  "duration": 0,
                  "state": "passed",
                  "speed": "fast",
                  "pass": true,
                  "fail": false,
                  "pending": false,
                  "context": null,
                  "code": "const a=new ICalAlarm({trigger:300,repeat:{times:42,interval:90}},new ICalEvent({start:new Date},new ICalCalendar));assert.ok(a.toString().includes(\"REPEAT:42\"));assert.ok(a.toString().includes(\"DURATION:PT1M30S\"));a.repeat(null);assert.ok(!a.toString().includes(\"REPEAT:42\"));assert.ok(!a.toString().includes(\"DURATION:PT1M30S\"))",
                  "err": {},
                  "uuid": "7ae8a3ca-8509-4880-976a-1e89a5f9bd6c",
                  "parentUUID": "f1e42083-5465-4aeb-95fc-ee398da73585",
                  "isHook": false,
                  "skipped": false
                },
                {
                  "title": "should throw an error if repeat is set but interval isn't",
                  "fullTitle": "ical-generator Alarm repeat() should throw an error if repeat is set but interval isn't",
                  "timedOut": false,
                  "duration": 0,
                  "state": "passed",
                  "speed": "fast",
                  "pass": true,
                  "fail": false,
                  "pending": false,
                  "context": null,
                  "code": "assert.throws(function(){new ICalAlarm({trigger:300,repeat:{times:4,interval:null}},new ICalEvent({start:new Date},new ICalCalendar))},/`repeat.interval`/)",
                  "err": {},
                  "uuid": "b8aae2d8-bc72-4f40-8da9-debb3f125e00",
                  "parentUUID": "f1e42083-5465-4aeb-95fc-ee398da73585",
                  "isHook": false,
                  "skipped": false
                },
                {
                  "title": "should throw an error if interval is set but repeat isn't",
                  "fullTitle": "ical-generator Alarm repeat() should throw an error if interval is set but repeat isn't",
                  "timedOut": false,
                  "duration": 0,
                  "state": "passed",
                  "speed": "fast",
                  "pass": true,
                  "fail": false,
                  "pending": false,
                  "context": null,
                  "code": "assert.throws(function(){new ICalAlarm({trigger:300,repeat:{times:null,interval:60}},new ICalEvent({start:new Date},new ICalCalendar))},/`repeat.times`/)",
                  "err": {},
                  "uuid": "6cc046fa-9313-4048-8de2-ad64c6607164",
                  "parentUUID": "f1e42083-5465-4aeb-95fc-ee398da73585",
                  "isHook": false,
                  "skipped": false
                },
                {
                  "title": "should throw an error if interval is of wrong type",
                  "fullTitle": "ical-generator Alarm repeat() should throw an error if interval is of wrong type",
                  "timedOut": false,
                  "duration": 1,
                  "state": "passed",
                  "speed": "fast",
                  "pass": true,
                  "fail": false,
                  "pending": false,
                  "context": null,
                  "code": "assert.throws(function(){new ICalAlarm({trigger:300,repeat:true},new ICalEvent({start:new Date},new ICalCalendar))},/`repeat` is not correct, must be an object!/)",
                  "err": {},
                  "uuid": "dca918eb-8ff5-4a65-af86-68462c38d3aa",
                  "parentUUID": "f1e42083-5465-4aeb-95fc-ee398da73585",
                  "isHook": false,
                  "skipped": false
                }
              ],
              "suites": [],
              "passes": [
                "e300e626-390d-4b8c-8cc6-e6315324b4a9",
                "f0fe9419-01c8-49ca-9f69-54c2629664ce",
                "954d21d8-caef-458b-80b3-14ff6bfdd475",
                "7ae8a3ca-8509-4880-976a-1e89a5f9bd6c",
                "b8aae2d8-bc72-4f40-8da9-debb3f125e00",
                "6cc046fa-9313-4048-8de2-ad64c6607164",
                "dca918eb-8ff5-4a65-af86-68462c38d3aa"
              ],
              "failures": [],
              "pending": [],
              "skipped": [],
              "duration": 2,
              "root": false,
              "rootEmpty": false,
              "_timeout": 2000
            },
            {
              "uuid": "4ade3e58-b0b4-4601-a15d-269e8f9c8630",
              "title": "attach()",
              "fullFile": "/home/runner/work/ical-generator/ical-generator/test/alarm.ts",
              "file": "/test/alarm.ts",
              "beforeHooks": [],
              "afterHooks": [],
              "tests": [
                {
                  "title": "setter should return this",
                  "fullTitle": "ical-generator Alarm attach() setter should return this",
                  "timedOut": false,
                  "duration": 0,
                  "state": "passed",
                  "speed": "fast",
                  "pass": true,
                  "fail": false,
                  "pending": false,
                  "context": null,
                  "code": "const a=new ICalAlarm({},new ICalEvent({start:new Date},new ICalCalendar));assert.deepStrictEqual(a,a.attach(null));assert.deepStrictEqual(a,a.attach(\"https://sebbo.net/beep.aud\"))",
                  "err": {},
                  "uuid": "0055a7e6-6512-4733-b475-edd0bda2e780",
                  "parentUUID": "4ade3e58-b0b4-4601-a15d-269e8f9c8630",
                  "isHook": false,
                  "skipped": false
                },
                {
                  "title": "getter should return value",
                  "fullTitle": "ical-generator Alarm attach() getter should return value",
                  "timedOut": false,
                  "duration": 0,
                  "state": "passed",
                  "speed": "fast",
                  "pass": true,
                  "fail": false,
                  "pending": false,
                  "context": null,
                  "code": "const t={uri:\"https://example.com/alarm.aud\",mime:\"audio/basic\"};const a=new ICalAlarm({},new ICalEvent({start:new Date},new ICalCalendar));assert.strictEqual(a.attach(),null);a.attach(t);assert.deepStrictEqual(a.attach(),t);a.attach(\"https://www.example.com/beep.aud\");assert.deepStrictEqual(a.attach(),{uri:\"https://www.example.com/beep.aud\",mime:null});a.attach({uri:\"https://www.example.com/beep.aud\"});assert.deepStrictEqual(a.attach(),{uri:\"https://www.example.com/beep.aud\",mime:null});a.attach(null);assert.strictEqual(a.attach(),null)",
                  "err": {},
                  "uuid": "7172e616-2eb1-4714-8265-38d59d653f50",
                  "parentUUID": "4ade3e58-b0b4-4601-a15d-269e8f9c8630",
                  "isHook": false,
                  "skipped": false
                },
                {
                  "title": "should throw error withour uri",
                  "fullTitle": "ical-generator Alarm attach() should throw error withour uri",
                  "timedOut": false,
                  "duration": 0,
                  "state": "passed",
                  "speed": "fast",
                  "pass": true,
                  "fail": false,
                  "pending": false,
                  "context": null,
                  "code": "const a=new ICalAlarm({},new ICalEvent({start:new Date},new ICalCalendar));assert.throws(function(){a.attach({mime:\"audio/basic\"})},/`attach.uri`/)",
                  "err": {},
                  "uuid": "c04d5f6b-8cd2-4cb4-949d-d0c9a272678a",
                  "parentUUID": "4ade3e58-b0b4-4601-a15d-269e8f9c8630",
                  "isHook": false,
                  "skipped": false
                },
                {
                  "title": "should throw error when unknown format",
                  "fullTitle": "ical-generator Alarm attach() should throw error when unknown format",
                  "timedOut": false,
                  "duration": 0,
                  "state": "passed",
                  "speed": "fast",
                  "pass": true,
                  "fail": false,
                  "pending": false,
                  "context": null,
                  "code": "const a=new ICalAlarm({},new ICalEvent({start:new Date},new ICalCalendar));assert.throws(function(){a.attach(Infinity)},/`attachment`/)",
                  "err": {},
                  "uuid": "aed729a2-84b3-4135-a331-3fc377437f4c",
                  "parentUUID": "4ade3e58-b0b4-4601-a15d-269e8f9c8630",
                  "isHook": false,
                  "skipped": false
                },
                {
                  "title": "should change something",
                  "fullTitle": "ical-generator Alarm attach() should change something",
                  "timedOut": false,
                  "duration": 0,
                  "state": "passed",
                  "speed": "fast",
                  "pass": true,
                  "fail": false,
                  "pending": false,
                  "context": null,
                  "code": "const a=new ICalAlarm({type:ICalAlarmType.audio},new ICalEvent({start:new Date},new ICalCalendar));assert.ok(a.toString().indexOf(\"\\r\\nATTACH;VALUE=URI:Basso\")>-1);a.attach(\"https://example.com/beep.aud\");assert.ok(a.toString().indexOf(\"\\r\\nATTACH;VALUE=URI:https://example.com/beep.aud\")>-1);a.attach({uri:\"https://example.com/beep.aud\",mime:\"audio/basic\"});assert.ok(a.toString().indexOf(\"\\r\\nATTACH;FMTTYPE=audio/basic:https://example.com/beep.aud\")>-1)",
                  "err": {},
                  "uuid": "ded9e291-ee2f-479e-9ca1-e147abcf7893",
                  "parentUUID": "4ade3e58-b0b4-4601-a15d-269e8f9c8630",
                  "isHook": false,
                  "skipped": false
                }
              ],
              "suites": [],
              "passes": [
                "0055a7e6-6512-4733-b475-edd0bda2e780",
                "7172e616-2eb1-4714-8265-38d59d653f50",
                "c04d5f6b-8cd2-4cb4-949d-d0c9a272678a",
                "aed729a2-84b3-4135-a331-3fc377437f4c",
                "ded9e291-ee2f-479e-9ca1-e147abcf7893"
              ],
              "failures": [],
              "pending": [],
              "skipped": [],
              "duration": 0,
              "root": false,
              "rootEmpty": false,
              "_timeout": 2000
            },
            {
              "uuid": "22ed6bf7-fce7-42ed-9fcf-3ed3f1be290b",
              "title": "description()",
              "fullFile": "/home/runner/work/ical-generator/ical-generator/test/alarm.ts",
              "file": "/test/alarm.ts",
              "beforeHooks": [],
              "afterHooks": [],
              "tests": [
                {
                  "title": "setter should return this",
                  "fullTitle": "ical-generator Alarm description() setter should return this",
                  "timedOut": false,
                  "duration": 0,
                  "state": "passed",
                  "speed": "fast",
                  "pass": true,
                  "fail": false,
                  "pending": false,
                  "context": null,
                  "code": "const a=new ICalAlarm({},new ICalEvent({start:new Date},new ICalCalendar));assert.deepStrictEqual(a,a.description(null));assert.deepStrictEqual(a,a.description(\"Hey Ho!\"))",
                  "err": {},
                  "uuid": "aa2809b0-c6b9-412a-ae49-190e9d1491f2",
                  "parentUUID": "22ed6bf7-fce7-42ed-9fcf-3ed3f1be290b",
                  "isHook": false,
                  "skipped": false
                },
                {
                  "title": "getter should return value",
                  "fullTitle": "ical-generator Alarm description() getter should return value",
                  "timedOut": false,
                  "duration": 0,
                  "state": "passed",
                  "speed": "fast",
                  "pass": true,
                  "fail": false,
                  "pending": false,
                  "context": null,
                  "code": "const a=new ICalAlarm({},new ICalEvent({start:new Date},new ICalCalendar));assert.deepStrictEqual(a.description(),null);a.description(\"blablabla\");assert.deepStrictEqual(a.description(),\"blablabla\");a.description(null);assert.deepStrictEqual(a.description(),null)",
                  "err": {},
                  "uuid": "9b637022-282d-4edc-9cfa-a3db0ddc889e",
                  "parentUUID": "22ed6bf7-fce7-42ed-9fcf-3ed3f1be290b",
                  "isHook": false,
                  "skipped": false
                },
                {
                  "title": "should change something",
                  "fullTitle": "ical-generator Alarm description() should change something",
                  "timedOut": false,
                  "duration": 0,
                  "state": "passed",
                  "speed": "fast",
                  "pass": true,
                  "fail": false,
                  "pending": false,
                  "context": null,
                  "code": "const a=new ICalAlarm({description:\"Huibuh!\"},new ICalEvent({start:new Date},new ICalCalendar));assert.ok(a.toString().indexOf(\"\\r\\nDESCRIPTION:Huibuh\")>-1)",
                  "err": {},
                  "uuid": "68679b5b-146b-457a-9c5e-309459c5aa00",
                  "parentUUID": "22ed6bf7-fce7-42ed-9fcf-3ed3f1be290b",
                  "isHook": false,
                  "skipped": false
                },
                {
                  "title": "should fallback to event summary",
                  "fullTitle": "ical-generator Alarm description() should fallback to event summary",
                  "timedOut": false,
                  "duration": 0,
                  "state": "passed",
                  "speed": "fast",
                  "pass": true,
                  "fail": false,
                  "pending": false,
                  "context": null,
                  "code": "const a=new ICalAlarm({description:\"Example Event\"},new ICalEvent({start:new Date},new ICalCalendar));assert.ok(a.toString().indexOf(\"\\r\\nDESCRIPTION:Example Event\")>-1)",
                  "err": {},
                  "uuid": "55e5665d-596c-4480-aaf9-4511d049ad40",
                  "parentUUID": "22ed6bf7-fce7-42ed-9fcf-3ed3f1be290b",
                  "isHook": false,
                  "skipped": false
                }
              ],
              "suites": [],
              "passes": [
                "aa2809b0-c6b9-412a-ae49-190e9d1491f2",
                "9b637022-282d-4edc-9cfa-a3db0ddc889e",
                "68679b5b-146b-457a-9c5e-309459c5aa00",
                "55e5665d-596c-4480-aaf9-4511d049ad40"
              ],
              "failures": [],
              "pending": [],
              "skipped": [],
              "duration": 0,
              "root": false,
              "rootEmpty": false,
              "_timeout": 2000
            },
            {
              "uuid": "e99cc8d0-b36e-4fc1-9451-492f82ffa63b",
              "title": "summary()",
              "fullFile": "/home/runner/work/ical-generator/ical-generator/test/alarm.ts",
              "file": "/test/alarm.ts",
              "beforeHooks": [],
              "afterHooks": [],
              "tests": [
                {
                  "title": "setter should return this",
                  "fullTitle": "ical-generator Alarm summary() setter should return this",
                  "timedOut": false,
                  "duration": 0,
                  "state": "passed",
                  "speed": "fast",
                  "pass": true,
                  "fail": false,
                  "pending": false,
                  "context": null,
                  "code": "const a=new ICalAlarm({},new ICalEvent({start:new Date},new ICalCalendar));assert.deepStrictEqual(a,a.summary(null));assert.deepStrictEqual(a,a.summary(\"Hey Ho!\"))",
                  "err": {},
                  "uuid": "c1b21e48-4fec-4e57-8fa1-0656abc1e52b",
                  "parentUUID": "e99cc8d0-b36e-4fc1-9451-492f82ffa63b",
                  "isHook": false,
                  "skipped": false
                },
                {
                  "title": "getter should return value",
                  "fullTitle": "ical-generator Alarm summary() getter should return value",
                  "timedOut": false,
                  "duration": 0,
                  "state": "passed",
                  "speed": "fast",
                  "pass": true,
                  "fail": false,
                  "pending": false,
                  "context": null,
                  "code": "const a=new ICalAlarm({},new ICalEvent({start:new Date},new ICalCalendar));assert.deepStrictEqual(a.summary(),null);a.summary(\"blablabla\");assert.deepStrictEqual(a.summary(),\"blablabla\");a.summary(null);assert.deepStrictEqual(a.summary(),null)",
                  "err": {},
                  "uuid": "09f871ed-142f-463d-b504-d21a45e3e9ba",
                  "parentUUID": "e99cc8d0-b36e-4fc1-9451-492f82ffa63b",
                  "isHook": false,
                  "skipped": false
                },
                {
                  "title": "should change something",
                  "fullTitle": "ical-generator Alarm summary() should change something",
                  "timedOut": false,
                  "duration": 1,
                  "state": "passed",
                  "speed": "fast",
                  "pass": true,
                  "fail": false,
                  "pending": false,
                  "context": null,
                  "code": "const a=new ICalAlarm({type:ICalAlarmType.email,summary:\"Huibuh!\"},new ICalEvent({start:new Date},new ICalCalendar));assert.ok(a.toString().indexOf(\"\\r\\nSUMMARY:Huibuh\")>-1)",
                  "err": {},
                  "uuid": "dd3e794b-ebdc-4d2b-8b44-77894a1b04d7",
                  "parentUUID": "e99cc8d0-b36e-4fc1-9451-492f82ffa63b",
                  "isHook": false,
                  "skipped": false
                },
                {
                  "title": "should fallback to event summary",
                  "fullTitle": "ical-generator Alarm summary() should fallback to event summary",
                  "timedOut": false,
                  "duration": 0,
                  "state": "passed",
                  "speed": "fast",
                  "pass": true,
                  "fail": false,
                  "pending": false,
                  "context": null,
                  "code": "const a=new ICalAlarm({type:ICalAlarmType.email},new ICalEvent({start:new Date,summary:\"Example Event\"},new ICalCalendar));assert.ok(a.toString().indexOf(\"\\r\\nSUMMARY:Example Event\")>-1)",
                  "err": {},
                  "uuid": "19664774-f9fc-4bc8-9d05-11e82a68dd57",
                  "parentUUID": "e99cc8d0-b36e-4fc1-9451-492f82ffa63b",
                  "isHook": false,
                  "skipped": false
                }
              ],
              "suites": [],
              "passes": [
                "c1b21e48-4fec-4e57-8fa1-0656abc1e52b",
                "09f871ed-142f-463d-b504-d21a45e3e9ba",
                "dd3e794b-ebdc-4d2b-8b44-77894a1b04d7",
                "19664774-f9fc-4bc8-9d05-11e82a68dd57"
              ],
              "failures": [],
              "pending": [],
              "skipped": [],
              "duration": 1,
              "root": false,
              "rootEmpty": false,
              "_timeout": 2000
            },
            {
              "uuid": "97dbc696-df51-40ce-ac9d-c04ae7ea4f85",
              "title": "createAttendee()",
              "fullFile": "/home/runner/work/ical-generator/ical-generator/test/alarm.ts",
              "file": "/test/alarm.ts",
              "beforeHooks": [],
              "afterHooks": [],
              "tests": [
                {
                  "title": "if Attendee passed, it should add and return it",
                  "fullTitle": "ical-generator Alarm createAttendee() if Attendee passed, it should add and return it",
                  "timedOut": false,
                  "duration": 0,
                  "state": "passed",
                  "speed": "fast",
                  "pass": true,
                  "fail": false,
                  "pending": false,
                  "context": null,
                  "code": "const alarm=new ICalEvent({start:new Date},new ICalCalendar).createAlarm({type:ICalAlarmType.email});const attendee=new ICalAttendee({email:\"mail@example.com\"},alarm);assert.strictEqual(alarm.createAttendee(attendee),attendee,\"createAttendee returns attendee\");assert.deepStrictEqual(alarm.attendees()[0],attendee,\"attendee pushed\")",
                  "err": {},
                  "uuid": "441feaed-3fd1-470f-ad02-35e80ac9ac2e",
                  "parentUUID": "97dbc696-df51-40ce-ac9d-c04ae7ea4f85",
                  "isHook": false,
                  "skipped": false
                },
                {
                  "title": "should return a ICalAttendee instance",
                  "fullTitle": "ical-generator Alarm createAttendee() should return a ICalAttendee instance",
                  "timedOut": false,
                  "duration": 0,
                  "state": "passed",
                  "speed": "fast",
                  "pass": true,
                  "fail": false,
                  "pending": false,
                  "context": null,
                  "code": "const alarm=new ICalEvent({start:new Date},new ICalCalendar).createAlarm({type:ICalAlarmType.email});;assert.ok(alarm.createAttendee({email:\"mail@example.com\"})instanceof ICalAttendee);assert.strictEqual(alarm.attendees.length,1,\"attendee pushed\")",
                  "err": {},
                  "uuid": "4c6e5f84-bac4-470f-90da-f09ab4ce4712",
                  "parentUUID": "97dbc696-df51-40ce-ac9d-c04ae7ea4f85",
                  "isHook": false,
                  "skipped": false
                },
                {
                  "title": "should accept string",
                  "fullTitle": "ical-generator Alarm createAttendee() should accept string",
                  "timedOut": false,
                  "duration": 0,
                  "state": "passed",
                  "speed": "fast",
                  "pass": true,
                  "fail": false,
                  "pending": false,
                  "context": null,
                  "code": "const alarm=new ICalEvent({start:new Date},new ICalCalendar).createAlarm({type:ICalAlarmType.email});;const attendee=alarm.createAttendee(\"Zac <zac@example.com>\");assert.strictEqual(attendee.name(),\"Zac\");assert.strictEqual(attendee.email(),\"zac@example.com\");assert.strictEqual(alarm.attendees().length,1,\"attendee pushed\")",
                  "err": {},
                  "uuid": "5fc4aeb2-f750-4fdf-85c3-5ceb470cf78b",
                  "parentUUID": "97dbc696-df51-40ce-ac9d-c04ae7ea4f85",
                  "isHook": false,
                  "skipped": false
                },
                {
                  "title": "should throw error when string misformated",
                  "fullTitle": "ical-generator Alarm createAttendee() should throw error when string misformated",
                  "timedOut": false,
                  "duration": 0,
                  "state": "passed",
                  "speed": "fast",
                  "pass": true,
                  "fail": false,
                  "pending": false,
                  "context": null,
                  "code": "const alarm=new ICalEvent({start:new Date},new ICalCalendar).createAlarm({type:ICalAlarmType.email});;assert.throws(function(){alarm.createAttendee(\"foo bar\")},/isn't formated correctly/)",
                  "err": {},
                  "uuid": "af5fd5a6-ddeb-4135-8d61-ccc239f95f61",
                  "parentUUID": "97dbc696-df51-40ce-ac9d-c04ae7ea4f85",
                  "isHook": false,
                  "skipped": false
                },
                {
                  "title": "should accept object",
                  "fullTitle": "ical-generator Alarm createAttendee() should accept object",
                  "timedOut": false,
                  "duration": 0,
                  "state": "passed",
                  "speed": "fast",
                  "pass": true,
                  "fail": false,
                  "pending": false,
                  "context": null,
                  "code": "const alarm=new ICalEvent({start:new Date},new ICalCalendar).createAlarm({type:ICalAlarmType.email});const attendee=alarm.createAttendee({name:\"Zac\",email:\"zac@example.com\"});assert.strictEqual(attendee.name(),\"Zac\");assert.strictEqual(attendee.email(),\"zac@example.com\");assert.strictEqual(alarm.attendees().length,1,\"attendee pushed\");assert.ok(alarm.toString().includes('ATTENDEE;ROLE=REQ-PARTICIPANT;CN=\"Zac\":MAILTO:zac@example.com'))",
                  "err": {},
                  "uuid": "7f8cf3d0-957f-410d-b15c-fd32ca11a166",
                  "parentUUID": "97dbc696-df51-40ce-ac9d-c04ae7ea4f85",
                  "isHook": false,
                  "skipped": false
                }
              ],
              "suites": [],
              "passes": [
                "441feaed-3fd1-470f-ad02-35e80ac9ac2e",
                "4c6e5f84-bac4-470f-90da-f09ab4ce4712",
                "5fc4aeb2-f750-4fdf-85c3-5ceb470cf78b",
                "af5fd5a6-ddeb-4135-8d61-ccc239f95f61",
                "7f8cf3d0-957f-410d-b15c-fd32ca11a166"
              ],
              "failures": [],
              "pending": [],
              "skipped": [],
              "duration": 0,
              "root": false,
              "rootEmpty": false,
              "_timeout": 2000
            },
            {
              "uuid": "0416b1ca-761d-4cf4-a830-d8f199a75a1e",
              "title": "attendees()",
              "fullFile": "/home/runner/work/ical-generator/ical-generator/test/alarm.ts",
              "file": "/test/alarm.ts",
              "beforeHooks": [],
              "afterHooks": [],
              "tests": [
                {
                  "title": "getter should return an array of attendees…",
                  "fullTitle": "ical-generator Alarm attendees() getter should return an array of attendees…",
                  "timedOut": false,
                  "duration": 0,
                  "state": "passed",
                  "speed": "fast",
                  "pass": true,
                  "fail": false,
                  "pending": false,
                  "context": null,
                  "code": "const alarm=new ICalEvent({start:new Date},new ICalCalendar).createAlarm({type:ICalAlarmType.email});assert.strictEqual(alarm.attendees().length,0);const attendee=alarm.createAttendee({email:\"mail@example.com\"});assert.strictEqual(alarm.attendees().length,1);assert.deepStrictEqual(alarm.attendees()[0],attendee)",
                  "err": {},
                  "uuid": "29b52e79-775c-4ad0-859e-dd0694e7f598",
                  "parentUUID": "0416b1ca-761d-4cf4-a830-d8f199a75a1e",
                  "isHook": false,
                  "skipped": false
                },
                {
                  "title": "setter should add attendees and return this",
                  "fullTitle": "ical-generator Alarm attendees() setter should add attendees and return this",
                  "timedOut": false,
                  "duration": 0,
                  "state": "passed",
                  "speed": "fast",
                  "pass": true,
                  "fail": false,
                  "pending": false,
                  "context": null,
                  "code": "const alarm=new ICalEvent({start:new Date},new ICalCalendar).createAlarm({type:ICalAlarmType.email});const foo=alarm.attendees([{name:\"Person A\",email:\"a@example.com\"},{name:\"Person B\",email:\"b@example.com\"}]);assert.strictEqual(alarm.attendees().length,2);assert.deepStrictEqual(foo,alarm)",
                  "err": {},
                  "uuid": "7e8d1c2b-a165-4a2b-a4e3-013957c6330d",
                  "parentUUID": "0416b1ca-761d-4cf4-a830-d8f199a75a1e",
                  "isHook": false,
                  "skipped": false
                }
              ],
              "suites": [],
              "passes": [
                "29b52e79-775c-4ad0-859e-dd0694e7f598",
                "7e8d1c2b-a165-4a2b-a4e3-013957c6330d"
              ],
              "failures": [],
              "pending": [],
              "skipped": [],
              "duration": 0,
              "root": false,
              "rootEmpty": false,
              "_timeout": 2000
            },
            {
              "uuid": "2b5f7d99-b654-4b98-878d-b2ab170637da",
              "title": "x()",
              "fullFile": "/home/runner/work/ical-generator/ical-generator/test/alarm.ts",
              "file": "/test/alarm.ts",
              "beforeHooks": [],
              "afterHooks": [],
              "tests": [
                {
                  "title": "is there",
                  "fullTitle": "ical-generator Alarm x() is there",
                  "timedOut": false,
                  "duration": 0,
                  "state": "passed",
                  "speed": "fast",
                  "pass": true,
                  "fail": false,
                  "pending": false,
                  "context": null,
                  "code": "const a=new ICalAlarm({},new ICalEvent({start:new Date},new ICalCalendar));assert.deepStrictEqual(a,a.x(\"X-FOO\",\"bar\"))",
                  "err": {},
                  "uuid": "7be2e0e0-936d-42d0-a501-94813f3eecfb",
                  "parentUUID": "2b5f7d99-b654-4b98-878d-b2ab170637da",
                  "isHook": false,
                  "skipped": false
                }
              ],
              "suites": [],
              "passes": [
                "7be2e0e0-936d-42d0-a501-94813f3eecfb"
              ],
              "failures": [],
              "pending": [],
              "skipped": [],
              "duration": 0,
              "root": false,
              "rootEmpty": false,
              "_timeout": 2000
            },
            {
              "uuid": "e2138bc4-b808-42ac-8ce3-0bc247040aef",
              "title": "toJSON()",
              "fullFile": "/home/runner/work/ical-generator/ical-generator/test/alarm.ts",
              "file": "/test/alarm.ts",
              "beforeHooks": [],
              "afterHooks": [],
              "tests": [
                {
                  "title": "should work",
                  "fullTitle": "ical-generator Alarm toJSON() should work",
                  "timedOut": false,
                  "duration": 0,
                  "state": "passed",
                  "speed": "fast",
                  "pass": true,
                  "fail": false,
                  "pending": false,
                  "context": null,
                  "code": "const a=new ICalAlarm({},new ICalEvent({start:new Date},new ICalCalendar));a.type(ICalAlarmType.display);a.trigger(120);assert.deepStrictEqual(a.toJSON(),{attach:null,attendees:[],description:null,relatesTo:null,interval:null,repeat:null,summary:null,trigger:120,type:\"display\",x:[]})",
                  "err": {},
                  "uuid": "b52d82c6-456f-48a8-80ed-64b60547cf7c",
                  "parentUUID": "e2138bc4-b808-42ac-8ce3-0bc247040aef",
                  "isHook": false,
                  "skipped": false
                },
                {
                  "title": "should be compatible with constructor (type check)",
                  "fullTitle": "ical-generator Alarm toJSON() should be compatible with constructor (type check)",
                  "timedOut": false,
                  "duration": 0,
                  "state": "passed",
                  "speed": "fast",
                  "pass": true,
                  "fail": false,
                  "pending": false,
                  "context": null,
                  "code": "const a=new ICalAlarm({},new ICalEvent({start:new Date},new ICalCalendar));new ICalAlarm(a.toJSON(),new ICalEvent({start:new Date},new ICalCalendar))",
                  "err": {},
                  "uuid": "5078063e-087a-49e8-ab21-a37210e12051",
                  "parentUUID": "e2138bc4-b808-42ac-8ce3-0bc247040aef",
                  "isHook": false,
                  "skipped": false
                }
              ],
              "suites": [],
              "passes": [
                "b52d82c6-456f-48a8-80ed-64b60547cf7c",
                "5078063e-087a-49e8-ab21-a37210e12051"
              ],
              "failures": [],
              "pending": [],
              "skipped": [],
              "duration": 0,
              "root": false,
              "rootEmpty": false,
              "_timeout": 2000
            }
          ],
          "passes": [],
          "failures": [],
          "pending": [],
          "skipped": [],
          "duration": 0,
          "root": false,
          "rootEmpty": false,
          "_timeout": 2000
        },
        {
          "uuid": "eb647e8b-763e-4424-8036-68711341a860",
          "title": "ical-generator Attendee",
          "fullFile": "/home/runner/work/ical-generator/ical-generator/test/attendee.ts",
          "file": "/test/attendee.ts",
          "beforeHooks": [],
          "afterHooks": [],
          "tests": [],
          "suites": [
            {
              "uuid": "344d8c33-3285-42c5-a82a-7dfb43b9e4fe",
              "title": "constructor()",
              "fullFile": "/home/runner/work/ical-generator/ical-generator/test/attendee.ts",
              "file": "/test/attendee.ts",
              "beforeHooks": [],
              "afterHooks": [],
              "tests": [
                {
                  "title": "shoud set data from constructor",
                  "fullTitle": "ical-generator Attendee constructor() shoud set data from constructor",
                  "timedOut": false,
                  "duration": 1,
                  "state": "passed",
                  "speed": "fast",
                  "pass": true,
                  "fail": false,
                  "pending": false,
                  "context": null,
                  "code": "const data={name:\"John Doe\",email:\"john@example.org\",mailto:\"john+calendar@example.org\",sentBy:null,status:ICalAttendeeStatus.ACCEPTED,role:ICalAttendeeRole.REQ,rsvp:false,type:ICalAttendeeType.INDIVIDUAL,delegatedTo:null,delegatedFrom:null,x:[]};const event=new ICalAttendee(data,new ICalEvent({start:new Date},new ICalCalendar));assert.deepStrictEqual(event.toJSON(),data)",
                  "err": {},
                  "uuid": "16fc2deb-363d-42c1-8914-5ebd7ea78439",
                  "parentUUID": "344d8c33-3285-42c5-a82a-7dfb43b9e4fe",
                  "isHook": false,
                  "skipped": false
                },
                {
                  "title": "shouldn't work without event reference",
                  "fullTitle": "ical-generator Attendee constructor() shouldn't work without event reference",
                  "timedOut": false,
                  "duration": 0,
                  "state": "passed",
                  "speed": "fast",
                  "pass": true,
                  "fail": false,
                  "pending": false,
                  "context": null,
                  "code": "assert.throws(function(){new ICalAttendee({email:\"foo@bar.com\"})},/`event`/)",
                  "err": {},
                  "uuid": "1ab7a510-2f96-4e2d-a6a6-d3263f1048d8",
                  "parentUUID": "344d8c33-3285-42c5-a82a-7dfb43b9e4fe",
                  "isHook": false,
                  "skipped": false
                },
                {
                  "title": "should throw an error without email",
                  "fullTitle": "ical-generator Attendee constructor() should throw an error without email",
                  "timedOut": false,
                  "duration": 0,
                  "state": "passed",
                  "speed": "fast",
                  "pass": true,
                  "fail": false,
                  "pending": false,
                  "context": null,
                  "code": "assert.throws(function(){new ICalAttendee({name:\"Testuser\"},new ICalEvent({start:new Date},new ICalCalendar))},/`email`/)",
                  "err": {},
                  "uuid": "4a11bdac-c288-4a2f-b7b1-94a3c1ecc1fd",
                  "parentUUID": "344d8c33-3285-42c5-a82a-7dfb43b9e4fe",
                  "isHook": false,
                  "skipped": false
                }
              ],
              "suites": [],
              "passes": [
                "16fc2deb-363d-42c1-8914-5ebd7ea78439",
                "1ab7a510-2f96-4e2d-a6a6-d3263f1048d8",
                "4a11bdac-c288-4a2f-b7b1-94a3c1ecc1fd"
              ],
              "failures": [],
              "pending": [],
              "skipped": [],
              "duration": 1,
              "root": false,
              "rootEmpty": false,
              "_timeout": 2000
            },
            {
              "uuid": "179eadd5-b902-4cfe-850b-5d42ba61bdb8",
              "title": "name()",
              "fullFile": "/home/runner/work/ical-generator/ical-generator/test/attendee.ts",
              "file": "/test/attendee.ts",
              "beforeHooks": [],
              "afterHooks": [],
              "tests": [
                {
                  "title": "getter should return value",
                  "fullTitle": "ical-generator Attendee name() getter should return value",
                  "timedOut": false,
                  "duration": 0,
                  "state": "passed",
                  "speed": "fast",
                  "pass": true,
                  "fail": false,
                  "pending": false,
                  "context": null,
                  "code": "const a=new ICalAttendee({email:\"foo@example.com\"},new ICalEvent({start:new Date},new ICalCalendar));assert.strictEqual(a.name(),null);a.name(\"Sebastian\");assert.strictEqual(a.name(),\"Sebastian\")",
                  "err": {},
                  "uuid": "9044ebac-da47-4bba-a402-c6a5d0ca1bb7",
                  "parentUUID": "179eadd5-b902-4cfe-850b-5d42ba61bdb8",
                  "isHook": false,
                  "skipped": false
                },
                {
                  "title": "setter should return this",
                  "fullTitle": "ical-generator Attendee name() setter should return this",
                  "timedOut": false,
                  "duration": 0,
                  "state": "passed",
                  "speed": "fast",
                  "pass": true,
                  "fail": false,
                  "pending": false,
                  "context": null,
                  "code": "const a=new ICalAttendee({email:\"foo@example.com\"},new ICalEvent({start:new Date},new ICalCalendar));assert.deepStrictEqual(a,a.name(null));assert.deepStrictEqual(a,a.name(\"Sebastian\"))",
                  "err": {},
                  "uuid": "c5d4064e-a44d-4483-9494-180e856850bc",
                  "parentUUID": "179eadd5-b902-4cfe-850b-5d42ba61bdb8",
                  "isHook": false,
                  "skipped": false
                },
                {
                  "title": "setter should change something",
                  "fullTitle": "ical-generator Attendee name() setter should change something",
                  "timedOut": false,
                  "duration": 0,
                  "state": "passed",
                  "speed": "fast",
                  "pass": true,
                  "fail": false,
                  "pending": false,
                  "context": null,
                  "code": "const a=new ICalAttendee({email:\"foo@example.com\"},new ICalEvent({start:new Date},new ICalCalendar));a.name(\"Sebastian\");assert.strictEqual(a.name(),\"Sebastian\");a.name(null);assert.strictEqual(a.name(),null)",
                  "err": {},
                  "uuid": "39b38b90-d3e1-4112-b6e3-ecf44568a138",
                  "parentUUID": "179eadd5-b902-4cfe-850b-5d42ba61bdb8",
                  "isHook": false,
                  "skipped": false
                }
              ],
              "suites": [],
              "passes": [
                "9044ebac-da47-4bba-a402-c6a5d0ca1bb7",
                "c5d4064e-a44d-4483-9494-180e856850bc",
                "39b38b90-d3e1-4112-b6e3-ecf44568a138"
              ],
              "failures": [],
              "pending": [],
              "skipped": [],
              "duration": 0,
              "root": false,
              "rootEmpty": false,
              "_timeout": 2000
            },
            {
              "uuid": "34ab7404-2bd6-46af-b93d-438fd065855b",
              "title": "email()",
              "fullFile": "/home/runner/work/ical-generator/ical-generator/test/attendee.ts",
              "file": "/test/attendee.ts",
              "beforeHooks": [],
              "afterHooks": [],
              "tests": [
                {
                  "title": "getter should return value",
                  "fullTitle": "ical-generator Attendee email() getter should return value",
                  "timedOut": false,
                  "duration": 0,
                  "state": "passed",
                  "speed": "fast",
                  "pass": true,
                  "fail": false,
                  "pending": false,
                  "context": null,
                  "code": "const a=new ICalAttendee({email:\"foo@example.com\"},new ICalEvent({start:new Date},new ICalCalendar)).email(\"foo@example.com\");assert.strictEqual(a.email(),\"foo@example.com\")",
                  "err": {},
                  "uuid": "9979ea9c-4047-4750-9b96-06ac149b3e12",
                  "parentUUID": "34ab7404-2bd6-46af-b93d-438fd065855b",
                  "isHook": false,
                  "skipped": false
                },
                {
                  "title": "setter should return this",
                  "fullTitle": "ical-generator Attendee email() setter should return this",
                  "timedOut": false,
                  "duration": 0,
                  "state": "passed",
                  "speed": "fast",
                  "pass": true,
                  "fail": false,
                  "pending": false,
                  "context": null,
                  "code": "const a=new ICalAttendee({email:\"foo@example.com\"},new ICalEvent({start:new Date},new ICalCalendar));assert.deepStrictEqual(a,a.email(\"foo@example.com\"))",
[...]
                      "err": {},
                      "uuid": "d765512c-c329-48bb-97c6-249acaa931ad",
                      "parentUUID": "3b9e9180-62dc-4c63-80f9-e705133272ef",
                      "isHook": false,
                      "skipped": false
                    }
                  ],
                  "suites": [],
                  "passes": [
                    "34153811-4465-4ba0-83ad-4791c8236742",
                    "d765512c-c329-48bb-97c6-249acaa931ad"
                  ],
                  "failures": [],
                  "pending": [],
                  "skipped": [],
                  "duration": 0,
                  "root": false,
                  "rootEmpty": false,
                  "_timeout": 2000
                },
                {
                  "uuid": "786fdfd5-4438-4047-ba2f-291f63791f69",
                  "title": "Luxon",
                  "fullFile": "/home/runner/work/ical-generator/ical-generator/test/tools.ts",
                  "file": "/test/tools.ts",
                  "beforeHooks": [],
                  "afterHooks": [],
                  "tests": [
                    {
                      "title": "should work with valid Luxon",
                      "fullTitle": "ICalTools checkDate() Luxon should work with valid Luxon",
                      "timedOut": false,
                      "duration": 0,
                      "state": "passed",
                      "speed": "fast",
                      "pass": true,
                      "fail": false,
                      "pending": false,
                      "context": null,
                      "code": "const date=DateTime.now();assert.equal(checkDate(date,\"foo\"),date)",
                      "err": {},
                      "uuid": "d008a08d-869a-4611-b353-580191cea6a7",
                      "parentUUID": "786fdfd5-4438-4047-ba2f-291f63791f69",
                      "isHook": false,
                      "skipped": false
                    },
                    {
                      "title": "should throw error for invalid Luxon",
                      "fullTitle": "ICalTools checkDate() Luxon should throw error for invalid Luxon",
                      "timedOut": false,
                      "duration": 1,
                      "state": "passed",
                      "speed": "fast",
                      "pass": true,
                      "fail": false,
                      "pending": false,
                      "context": null,
                      "code": "const date=DateTime.fromISO(\"foo\");assert.throws(()=>{checkDate(date,\"foo\")},/`foo` has to be a valid date!/)",
                      "err": {},
                      "uuid": "49f19027-ed70-4363-8b77-80cc2daed88e",
                      "parentUUID": "786fdfd5-4438-4047-ba2f-291f63791f69",
                      "isHook": false,
                      "skipped": false
                    }
                  ],
                  "suites": [],
                  "passes": [
                    "d008a08d-869a-4611-b353-580191cea6a7",
                    "49f19027-ed70-4363-8b77-80cc2daed88e"
                  ],
                  "failures": [],
                  "pending": [],
                  "skipped": [],
                  "duration": 1,
                  "root": false,
                  "rootEmpty": false,
                  "_timeout": 2000
                },
                {
                  "uuid": "dc2aeaac-f425-44e2-b892-5741d7eaad80",
                  "title": "Moment",
                  "fullFile": "/home/runner/work/ical-generator/ical-generator/test/tools.ts",
                  "file": "/test/tools.ts",
                  "beforeHooks": [],
                  "afterHooks": [],
                  "tests": [
                    {
                      "title": "should work with valid Moment",
                      "fullTitle": "ICalTools checkDate() Moment should work with valid Moment",
                      "timedOut": false,
                      "duration": 0,
                      "state": "passed",
                      "speed": "fast",
                      "pass": true,
                      "fail": false,
                      "pending": false,
                      "context": null,
                      "code": "const date=moment();assert.equal(checkDate(date,\"foo\"),date)",
                      "err": {},
                      "uuid": "c9988fbf-d991-4da7-b7cd-3edf2c210c97",
                      "parentUUID": "dc2aeaac-f425-44e2-b892-5741d7eaad80",
                      "isHook": false,
                      "skipped": false
                    },
                    {
                      "title": "should throw error for invalid Moment",
                      "fullTitle": "ICalTools checkDate() Moment should throw error for invalid Moment",
                      "timedOut": false,
                      "duration": 1,
                      "state": "passed",
                      "speed": "fast",
                      "pass": true,
                      "fail": false,
                      "pending": false,
                      "context": null,
                      "code": "const date=moment(\"foo\",\"MM/DD/YYYY\",true);assert.throws(()=>{checkDate(date,\"foo\")},/`foo` has to be a valid date!/)",
                      "err": {},
                      "uuid": "e832aaba-009e-48ca-a17b-9dcd22ee1093",
                      "parentUUID": "dc2aeaac-f425-44e2-b892-5741d7eaad80",
                      "isHook": false,
                      "skipped": false
                    }
                  ],
                  "suites": [],
                  "passes": [
                    "c9988fbf-d991-4da7-b7cd-3edf2c210c97",
                    "e832aaba-009e-48ca-a17b-9dcd22ee1093"
                  ],
                  "failures": [],
                  "pending": [],
                  "skipped": [],
                  "duration": 1,
                  "root": false,
                  "rootEmpty": false,
                  "_timeout": 2000
                },
                {
                  "uuid": "a16a1bdf-840f-4a83-9293-fbdf39487f93",
                  "title": "Day.js",
                  "fullFile": "/home/runner/work/ical-generator/ical-generator/test/tools.ts",
                  "file": "/test/tools.ts",
                  "beforeHooks": [],
                  "afterHooks": [],
                  "tests": [
                    {
                      "title": "should work with valid Day.js",
                      "fullTitle": "ICalTools checkDate() Day.js should work with valid Day.js",
                      "timedOut": false,
                      "duration": 0,
                      "state": "passed",
                      "speed": "fast",
                      "pass": true,
                      "fail": false,
                      "pending": false,
                      "context": null,
                      "code": "const date=dayjs();assert.equal(checkDate(date,\"foo\"),date)",
                      "err": {},
                      "uuid": "c8f4ceed-857c-4e45-841e-f990a5cf45d4",
                      "parentUUID": "a16a1bdf-840f-4a83-9293-fbdf39487f93",
                      "isHook": false,
                      "skipped": false
                    },
                    {
                      "title": "should throw error for invalid Day.js",
                      "fullTitle": "ICalTools checkDate() Day.js should throw error for invalid Day.js",
                      "timedOut": false,
                      "duration": 0,
                      "state": "passed",
                      "speed": "fast",
                      "pass": true,
                      "fail": false,
                      "pending": false,
                      "context": null,
                      "code": "const date=dayjs(\"foo\");assert.throws(()=>{checkDate(date,\"foo\")},/`foo` has to be a valid date!/)",
                      "err": {},
                      "uuid": "e8115ae0-c341-40b3-b2ca-480028e84574",
                      "parentUUID": "a16a1bdf-840f-4a83-9293-fbdf39487f93",
                      "isHook": false,
                      "skipped": false
                    }
                  ],
                  "suites": [],
                  "passes": [
                    "c8f4ceed-857c-4e45-841e-f990a5cf45d4",
                    "e8115ae0-c341-40b3-b2ca-480028e84574"
                  ],
                  "failures": [],
                  "pending": [],
                  "skipped": [],
                  "duration": 0,
                  "root": false,
                  "rootEmpty": false,
                  "_timeout": 2000
                }
              ],
              "passes": [],
              "failures": [],
              "pending": [],
              "skipped": [],
              "duration": 0,
              "root": false,
              "rootEmpty": false,
              "_timeout": 2000
            },
            {
              "uuid": "2e234956-bad7-400f-91eb-91e850a09daa",
              "title": "toDate()",
              "fullFile": "/home/runner/work/ical-generator/ical-generator/test/tools.ts",
              "file": "/test/tools.ts",
              "beforeHooks": [],
              "afterHooks": [],
              "tests": [
                {
                  "title": "should work with strings",
                  "fullTitle": "ICalTools toDate() should work with strings",
                  "timedOut": false,
                  "duration": 0,
                  "state": "passed",
                  "speed": "fast",
                  "pass": true,
                  "fail": false,
                  "pending": false,
                  "context": null,
                  "code": "const date=new Date;assert.deepStrictEqual(toDate(date.toJSON()),date)",
                  "err": {},
                  "uuid": "5c97be7b-a07e-4ba0-8fab-82a7b6afba5a",
                  "parentUUID": "2e234956-bad7-400f-91eb-91e850a09daa",
                  "isHook": false,
                  "skipped": false
                },
                {
                  "title": "should work with native Date",
                  "fullTitle": "ICalTools toDate() should work with native Date",
                  "timedOut": false,
                  "duration": 0,
                  "state": "passed",
                  "speed": "fast",
                  "pass": true,
                  "fail": false,
                  "pending": false,
                  "context": null,
                  "code": "const date=new Date;assert.deepStrictEqual(toDate(date),date)",
                  "err": {},
                  "uuid": "2255dcdf-200f-4f91-a07c-fa43c292bb4a",
                  "parentUUID": "2e234956-bad7-400f-91eb-91e850a09daa",
                  "isHook": false,
                  "skipped": false
                },
                {
                  "title": "should work with moment object",
                  "fullTitle": "ICalTools toDate() should work with moment object",
                  "timedOut": false,
                  "duration": 0,
                  "state": "passed",
                  "speed": "fast",
                  "pass": true,
                  "fail": false,
                  "pending": false,
                  "context": null,
                  "code": "const date=new Date;assert.deepStrictEqual(toDate(moment(date)),date)",
                  "err": {},
                  "uuid": "7d30ca13-86af-40ea-b88b-ae08891b89a4",
                  "parentUUID": "2e234956-bad7-400f-91eb-91e850a09daa",
                  "isHook": false,
                  "skipped": false
                },
                {
                  "title": "should work with moment-timezone object",
                  "fullTitle": "ICalTools toDate() should work with moment-timezone object",
                  "timedOut": false,
                  "duration": 0,
                  "state": "passed",
                  "speed": "fast",
                  "pass": true,
                  "fail": false,
                  "pending": false,
                  "context": null,
                  "code": "const date=new Date;assert.deepStrictEqual(toDate(momentTz(date)),date)",
                  "err": {},
                  "uuid": "2dd64b33-4e75-45ec-bd89-dff5abb4283a",
                  "parentUUID": "2e234956-bad7-400f-91eb-91e850a09daa",
                  "isHook": false,
                  "skipped": false
                },
                {
                  "title": "should work with Day.js object",
                  "fullTitle": "ICalTools toDate() should work with Day.js object",
                  "timedOut": false,
                  "duration": 0,
                  "state": "passed",
                  "speed": "fast",
                  "pass": true,
                  "fail": false,
                  "pending": false,
                  "context": null,
                  "code": "const date=new Date;assert.deepStrictEqual(toDate(dayjs(date)),date)",
                  "err": {},
                  "uuid": "c423bc6d-c1f9-4409-9977-1062b6676c64",
                  "parentUUID": "2e234956-bad7-400f-91eb-91e850a09daa",
                  "isHook": false,
                  "skipped": false
                },
                {
                  "title": "should work with luxon DateTime object",
                  "fullTitle": "ICalTools toDate() should work with luxon DateTime object",
                  "timedOut": false,
                  "duration": 0,
                  "state": "passed",
                  "speed": "fast",
                  "pass": true,
                  "fail": false,
                  "pending": false,
                  "context": null,
                  "code": "const date=new Date;assert.deepStrictEqual(toDate(DateTime.fromJSDate(date)),date)",
                  "err": {},
                  "uuid": "abf06254-92c5-4a3c-9c36-fcee075bc2c5",
                  "parentUUID": "2e234956-bad7-400f-91eb-91e850a09daa",
                  "isHook": false,
                  "skipped": false
                }
              ],
              "suites": [],
              "passes": [
                "5c97be7b-a07e-4ba0-8fab-82a7b6afba5a",
                "2255dcdf-200f-4f91-a07c-fa43c292bb4a",
                "7d30ca13-86af-40ea-b88b-ae08891b89a4",
                "2dd64b33-4e75-45ec-bd89-dff5abb4283a",
                "c423bc6d-c1f9-4409-9977-1062b6676c64",
                "abf06254-92c5-4a3c-9c36-fcee075bc2c5"
              ],
              "failures": [],
              "pending": [],
              "skipped": [],
              "duration": 0,
              "root": false,
              "rootEmpty": false,
              "_timeout": 2000
            },
            {
              "uuid": "c916a8ff-fa70-450f-9aa6-25e3ade1034f",
              "title": "toDurationString()",
              "fullFile": "/home/runner/work/ical-generator/ical-generator/test/tools.ts",
              "file": "/test/tools.ts",
              "beforeHooks": [],
              "afterHooks": [],
              "tests": [
                {
                  "title": "should work",
                  "fullTitle": "ICalTools toDurationString() should work",
                  "timedOut": false,
                  "duration": 0,
                  "state": "passed",
                  "speed": "fast",
                  "pass": true,
                  "fail": false,
                  "pending": false,
                  "context": null,
                  "code": "assert.strictEqual(toDurationString(0),\"PT0S\");assert.strictEqual(toDurationString(1),\"PT1S\");assert.strictEqual(toDurationString(60),\"PT1M\");assert.strictEqual(toDurationString(3600),\"PT1H\");assert.strictEqual(toDurationString(86400),\"P1D\");assert.strictEqual(toDurationString(-3600),\"-PT1H\")",
                  "err": {},
                  "uuid": "2a5f8de0-1db3-402d-8abe-ca8f5d543fcc",
                  "parentUUID": "c916a8ff-fa70-450f-9aa6-25e3ade1034f",
                  "isHook": false,
                  "skipped": false
                }
              ],
              "suites": [],
              "passes": [
                "2a5f8de0-1db3-402d-8abe-ca8f5d543fcc"
              ],
              "failures": [],
              "pending": [],
              "skipped": [],
              "duration": 0,
              "root": false,
              "rootEmpty": false,
              "_timeout": 2000
            }
          ],
          "passes": [],
          "failures": [],
          "pending": [],
          "skipped": [],
          "duration": 0,
          "root": false,
          "rootEmpty": false,
          "_timeout": 2000
        },
        {
          "uuid": "03b8239f-c966-4b92-b49d-661f363bf0f1",
          "title": "ical-generator Types",
          "fullFile": "/home/runner/work/ical-generator/ical-generator/test/types.ts",
          "file": "/test/types.ts",
          "beforeHooks": [],
          "afterHooks": [],
          "tests": [
            {
              "title": "stubs should be compatible with third party libraries",
              "fullTitle": "ical-generator Types stubs should be compatible with third party libraries",
              "timedOut": false,
              "duration": 0,
              "state": "passed",
              "speed": "fast",
              "pass": true,
              "fail": false,
              "pending": false,
              "context": null,
              "code": "assert.ok(dayJsTest,\"day.js stub should be compatible\");assert.ok(luxonTest,\"luxon stub should be compatible\");assert.ok(momentTest,\"moment stub should be compatible\");assert.ok(momentTimezoneTest,\"moment-timezone stub should be compatible\");assert.ok(rruleTest,\"rrule stub should be compatible\")",
              "err": {},
              "uuid": "70b5c0cb-6430-4cc4-be33-a649f29bb980",
              "parentUUID": "03b8239f-c966-4b92-b49d-661f363bf0f1",
              "isHook": false,
              "skipped": false
            },
            {
              "title": "calendar data should be compatible with calendar json data",
              "fullTitle": "ical-generator Types calendar data should be compatible with calendar json data",
              "timedOut": false,
              "duration": 0,
              "state": "passed",
              "speed": "fast",
              "pass": true,
              "fail": false,
              "pending": false,
              "context": null,
              "code": "assert.ok(attendeeJson,\"attendee json data should be compatible\");assert.ok(calendarJson,\"calendar json data should be compatible\");assert.ok(categoryJson,\"category json data should be compatible\");assert.ok(eventJson,\"event json data should be compatible\")",
              "err": {},
              "uuid": "a843c077-7d03-4f65-b1d0-293a7049e971",
              "parentUUID": "03b8239f-c966-4b92-b49d-661f363bf0f1",
              "isHook": false,
              "skipped": false
            }
          ],
          "suites": [],
          "passes": [
            "70b5c0cb-6430-4cc4-be33-a649f29bb980",
            "a843c077-7d03-4f65-b1d0-293a7049e971"
          ],
          "failures": [],
          "pending": [],
          "skipped": [],
          "duration": 0,
          "root": false,
          "rootEmpty": false,
          "_timeout": 2000
        }
      ],
      "passes": [],
      "failures": [],
      "pending": [],
      "skipped": [],
      "duration": 0,
      "root": true,
      "rootEmpty": true,
      "_timeout": 2000
    }
  ],
  "meta": {
    "mocha": {
      "version": "11.0.1"
    },
    "mochawesome": {
      "options": {
        "quiet": false,
        "reportFilename": "mochawesome",
        "saveHtml": true,
        "saveJson": true,
        "consoleReporter": "spec",
        "useInlineDiffs": false,
        "code": true
      },
      "version": "7.1.3"
    },
    "marge": {
      "options": null,
      "version": "6.2.0"
    }
  }
}