{
  "stats": {
    "suites": 104,
    "tests": 372,
    "passes": 372,
    "pending": 0,
    "failures": 0,
    "start": "2021-03-24T19:18:52.877Z",
    "end": "2021-03-24T19:18:53.100Z",
    "duration": 223,
    "testsRegistered": 372,
    "passPercent": 100,
    "pendingPercent": 0,
    "other": 0,
    "hasOther": false,
    "skipped": 0,
    "hasSkipped": false
  },
  "results": [
    {
      "uuid": "47d2cc13-deb8-4b38-84a8-5a4c434bbd90",
      "title": "",
      "fullFile": "",
      "file": "",
      "beforeHooks": [],
      "afterHooks": [],
      "tests": [],
      "suites": [
        {
          "uuid": "0b2f6608-c0b9-4d8c-b972-39505646014b",
          "title": "ical-generator Alarm",
          "fullFile": "/home/runner/work/ical-generator/ical-generator/test/alarm.ts",
          "file": "/test/alarm.ts",
          "beforeHooks": [],
          "afterHooks": [],
          "tests": [],
          "suites": [
            {
              "uuid": "443a78b9-6054-4253-832c-05a73302173c",
              "title": "constructor()",
              "fullFile": "/home/runner/work/ical-generator/ical-generator/test/alarm.ts",
              "file": "/test/alarm.ts",
              "beforeHooks": [],
              "afterHooks": [],
              "tests": [
                {
                  "title": "shouldn't work without event reference",
                  "fullTitle": "ical-generator Alarm constructor() shouldn't work without event reference",
                  "timedOut": false,
                  "duration": 0,
                  "state": "passed",
                  "speed": "fast",
                  "pass": true,
                  "fail": false,
                  "pending": false,
                  "context": null,
                  "code": "assert_1.default.throws(function () {\n    // @ts-ignore\n    new alarm_1.default({ type: alarm_1.ICalAlarmType.display }, null);\n}, /`event`/);",
                  "err": {},
                  "uuid": "4cfe7438-28ca-487d-8818-8a41615b69dd",
                  "parentUUID": "443a78b9-6054-4253-832c-05a73302173c",
                  "isHook": false,
                  "skipped": false
                },
                {
                  "title": "should ignore unknown data attributes",
                  "fullTitle": "ical-generator Alarm constructor() should ignore unknown data attributes",
                  "timedOut": false,
                  "duration": 0,
                  "state": "passed",
                  "speed": "fast",
                  "pass": true,
                  "fail": false,
                  "pending": false,
                  "context": null,
                  "code": "const a = new alarm_1.default({\n    // @ts-ignore\n    unknown: true,\n    type: alarm_1.ICalAlarmType.display\n}, new event_1.default({}, new calendar_1.default()));\nassert_1.default.strictEqual(a.type(), 'display');",
                  "err": {},
                  "uuid": "ea575f0d-ed93-498b-96f1-26a966ca6d13",
                  "parentUUID": "443a78b9-6054-4253-832c-05a73302173c",
                  "isHook": false,
                  "skipped": false
                }
              ],
              "suites": [],
              "passes": [
                "4cfe7438-28ca-487d-8818-8a41615b69dd",
                "ea575f0d-ed93-498b-96f1-26a966ca6d13"
              ],
              "failures": [],
              "pending": [],
              "skipped": [],
              "duration": 0,
              "root": false,
              "rootEmpty": false,
              "_timeout": 2000
            },
            {
              "uuid": "65e9e264-bea9-469b-a704-fc935dccf70d",
              "title": "type()",
              "fullFile": "/home/runner/work/ical-generator/ical-generator/test/alarm.ts",
              "file": "/test/alarm.ts",
              "beforeHooks": [],
              "afterHooks": [],
              "tests": [
                {
                  "title": "setter should return this",
                  "fullTitle": "ical-generator Alarm type() setter should return this",
                  "timedOut": false,
                  "duration": 1,
                  "state": "passed",
                  "speed": "fast",
                  "pass": true,
                  "fail": false,
                  "pending": false,
                  "context": null,
                  "code": "const a = new alarm_1.default({}, new event_1.default({}, new calendar_1.default()));\nassert_1.default.deepStrictEqual(a, a.type(null));\nassert_1.default.deepStrictEqual(a, a.type(alarm_1.ICalAlarmType.display));",
                  "err": {},
                  "uuid": "1e040912-4187-4cb0-9e78-417186d97636",
                  "parentUUID": "65e9e264-bea9-469b-a704-fc935dccf70d",
                  "isHook": false,
                  "skipped": false
                },
                {
                  "title": "getter should return value",
                  "fullTitle": "ical-generator Alarm type() getter should return value",
                  "timedOut": false,
                  "duration": 0,
                  "state": "passed",
                  "speed": "fast",
                  "pass": true,
                  "fail": false,
                  "pending": false,
                  "context": null,
                  "code": "const a = new alarm_1.default({}, new event_1.default({}, new calendar_1.default()));\nassert_1.default.strictEqual(a.type(), null);\na.type(alarm_1.ICalAlarmType.display);\nassert_1.default.strictEqual(a.type(), 'display');\na.type(null);\nassert_1.default.strictEqual(a.type(), null);",
                  "err": {},
                  "uuid": "2212457f-f98c-45fb-a399-ad85756914c7",
                  "parentUUID": "65e9e264-bea9-469b-a704-fc935dccf70d",
                  "isHook": false,
                  "skipped": false
                },
                {
                  "title": "should throw error when type not allowed",
                  "fullTitle": "ical-generator Alarm type() should throw error when type not allowed",
                  "timedOut": false,
                  "duration": 0,
                  "state": "passed",
                  "speed": "fast",
                  "pass": true,
                  "fail": false,
                  "pending": false,
                  "context": null,
                  "code": "const a = new alarm_1.default({}, new event_1.default({}, new calendar_1.default()));\nassert_1.default.throws(function () {\n    // @ts-ignore\n    a.type('BANANA');\n}, /`type`/);",
                  "err": {},
                  "uuid": "9f02efc6-21db-4d78-a902-3e4c2cca60af",
                  "parentUUID": "65e9e264-bea9-469b-a704-fc935dccf70d",
                  "isHook": false,
                  "skipped": false
                },
                {
                  "title": "should change something",
                  "fullTitle": "ical-generator Alarm type() should change something",
                  "timedOut": false,
                  "duration": 1,
                  "state": "passed",
                  "speed": "fast",
                  "pass": true,
                  "fail": false,
                  "pending": false,
                  "context": null,
                  "code": "const a = new alarm_1.default({\n    type: alarm_1.ICalAlarmType.display,\n    trigger: 60 * 10\n}, new event_1.default({}, new calendar_1.default()));\nassert_1.default.ok(a.toString().indexOf('ACTION:DISPLAY') > -1);",
                  "err": {},
                  "uuid": "ecd1ec0c-8a1e-489d-b322-774ad71172ca",
                  "parentUUID": "65e9e264-bea9-469b-a704-fc935dccf70d",
                  "isHook": false,
                  "skipped": false
                }
              ],
              "suites": [],
              "passes": [
                "1e040912-4187-4cb0-9e78-417186d97636",
                "2212457f-f98c-45fb-a399-ad85756914c7",
                "9f02efc6-21db-4d78-a902-3e4c2cca60af",
                "ecd1ec0c-8a1e-489d-b322-774ad71172ca"
              ],
              "failures": [],
              "pending": [],
              "skipped": [],
              "duration": 2,
              "root": false,
              "rootEmpty": false,
              "_timeout": 2000
            },
            {
              "uuid": "205907d1-809c-4e9c-b91c-95f38ef83721",
              "title": "trigger()",
              "fullFile": "/home/runner/work/ical-generator/ical-generator/test/alarm.ts",
              "file": "/test/alarm.ts",
              "beforeHooks": [],
              "afterHooks": [],
              "tests": [
                {
                  "title": "setter should return this",
                  "fullTitle": "ical-generator Alarm trigger() setter should return this",
                  "timedOut": false,
                  "duration": 0,
                  "state": "passed",
                  "speed": "fast",
                  "pass": true,
                  "fail": false,
                  "pending": false,
                  "context": null,
                  "code": "const a = new alarm_1.default({}, new event_1.default({}, new calendar_1.default()));\nassert_1.default.deepStrictEqual(a, a.trigger(null));\nassert_1.default.deepStrictEqual(a, a.trigger(60 * 10));",
                  "err": {},
                  "uuid": "8a803d9d-d925-4787-97b2-35b3fc20a2ae",
                  "parentUUID": "205907d1-809c-4e9c-b91c-95f38ef83721",
                  "isHook": false,
                  "skipped": false
                },
                {
                  "title": "getter should return value",
                  "fullTitle": "ical-generator Alarm trigger() getter should return value",
                  "timedOut": false,
                  "duration": 0,
                  "state": "passed",
                  "speed": "fast",
                  "pass": true,
                  "fail": false,
                  "pending": false,
                  "context": null,
                  "code": "const a = new alarm_1.default({}, new event_1.default({}, new calendar_1.default()));\nconst now = new Date();\nassert_1.default.strictEqual(a.trigger(), null);\nassert_1.default.strictEqual(a.triggerAfter(), null);\na.trigger(300);\nassert_1.default.strictEqual(a.trigger(), 300);\nassert_1.default.strictEqual(a.triggerAfter(), -300);\n// Date\na.trigger(now);\nconst dateResult = a.trigger();\nassert_1.default.deepStrictEqual(dateResult, now);\n// Null\na.trigger(null);\nassert_1.default.strictEqual(a.trigger(), null);\nassert_1.default.strictEqual(a.triggerAfter(), null);",
                  "err": {},
                  "uuid": "4d21d975-7ced-42bb-8651-0c4b0e4ea18b",
                  "parentUUID": "205907d1-809c-4e9c-b91c-95f38ef83721",
                  "isHook": false,
                  "skipped": false
                },
                {
                  "title": "should throw error when trigger not allowed",
                  "fullTitle": "ical-generator Alarm trigger() should throw error when trigger not allowed",
                  "timedOut": false,
                  "duration": 0,
                  "state": "passed",
                  "speed": "fast",
                  "pass": true,
                  "fail": false,
                  "pending": false,
                  "context": null,
                  "code": "const a = new alarm_1.default({}, new event_1.default({}, new calendar_1.default()));\nassert_1.default.throws(function () {\n    a.trigger(Infinity);\n}, /`trigger`/);\nassert_1.default.throws(function () {\n    // @ts-ignore\n    a.trigger('hi');\n}, /`trigger`/);\nassert_1.default.throws(function () {\n    // @ts-ignore\n    a.trigger(true);\n}, /`trigger`/);",
                  "err": {},
                  "uuid": "25ca7f5c-100f-49e5-95a3-110a65b42738",
                  "parentUUID": "205907d1-809c-4e9c-b91c-95f38ef83721",
                  "isHook": false,
                  "skipped": false
                },
                {
                  "title": "setter should work with null",
                  "fullTitle": "ical-generator Alarm trigger() setter should work with null",
                  "timedOut": false,
                  "duration": 1,
                  "state": "passed",
                  "speed": "fast",
                  "pass": true,
                  "fail": false,
                  "pending": false,
                  "context": null,
                  "code": "const a = new alarm_1.default({}, new event_1.default({}, new calendar_1.default()));\na.trigger(60 * 10);\na.trigger(null);\nassert_1.default.strictEqual(a.trigger(), null);",
                  "err": {},
                  "uuid": "0e3e0994-7043-4bb4-95c5-215008128f83",
                  "parentUUID": "205907d1-809c-4e9c-b91c-95f38ef83721",
                  "isHook": false,
                  "skipped": false
                },
                {
                  "title": "setter should work with date",
                  "fullTitle": "ical-generator Alarm trigger() setter should work with date",
                  "timedOut": false,
                  "duration": 0,
                  "state": "passed",
                  "speed": "fast",
                  "pass": true,
                  "fail": false,
                  "pending": false,
                  "context": null,
                  "code": "const a = new alarm_1.default({}, new event_1.default({}, new calendar_1.default()));\na.trigger(new Date());\nassert_1.default.ok(a.trigger() instanceof Date);",
                  "err": {},
                  "uuid": "87654fa7-6606-43fb-905b-57aa62de8610",
                  "parentUUID": "205907d1-809c-4e9c-b91c-95f38ef83721",
                  "isHook": false,
                  "skipped": false
                },
                {
                  "title": "setter should work with moment instance",
                  "fullTitle": "ical-generator Alarm trigger() setter should work with moment instance",
                  "timedOut": false,
                  "duration": 1,
                  "state": "passed",
                  "speed": "fast",
                  "pass": true,
                  "fail": false,
                  "pending": false,
                  "context": null,
                  "code": "const a = new alarm_1.default({}, new event_1.default({}, new calendar_1.default()));\na.trigger(moment_timezone_1.default());\nassert_1.default.ok(moment_timezone_1.default.isMoment(a.trigger()));",
                  "err": {},
                  "uuid": "2527246d-285a-4c30-a8cc-2815311f71d0",
                  "parentUUID": "205907d1-809c-4e9c-b91c-95f38ef83721",
                  "isHook": false,
                  "skipped": false
                },
                {
                  "title": "setter should work with number",
                  "fullTitle": "ical-generator Alarm trigger() setter should work with number",
                  "timedOut": false,
                  "duration": 0,
                  "state": "passed",
                  "speed": "fast",
                  "pass": true,
                  "fail": false,
                  "pending": false,
                  "context": null,
                  "code": "const a = new alarm_1.default({}, new event_1.default({}, new calendar_1.default()));\na.trigger(2 * 60);\nassert_1.default.strictEqual(a.trigger(), 120);",
                  "err": {},
                  "uuid": "bc67bdef-8034-494e-95a3-1dbd5c4183d6",
                  "parentUUID": "205907d1-809c-4e9c-b91c-95f38ef83721",
                  "isHook": false,
                  "skipped": false
                },
                {
                  "title": "should change something",
                  "fullTitle": "ical-generator Alarm trigger() should change something",
                  "timedOut": false,
                  "duration": 3,
                  "state": "passed",
                  "speed": "fast",
                  "pass": true,
                  "fail": false,
                  "pending": false,
                  "context": null,
                  "code": "const trigger = moment_timezone_1.default('2015-02-01T13:38:45.000Z');\nconst a = new alarm_1.default({ type: alarm_1.ICalAlarmType.display, trigger: 60 * 10 }, new event_1.default({}, new calendar_1.default()));\nassert_1.default.ok(a.toString().indexOf('TRIGGER:-PT10M') > -1);\na.trigger(trigger);\nassert_1.default.ok(a.toString().indexOf('TRIGGER;VALUE=DATE-TIME:20150201T133845Z') > -1);",
                  "err": {},
                  "uuid": "e2ab110a-8390-468f-8d02-592aa39c01ff",
                  "parentUUID": "205907d1-809c-4e9c-b91c-95f38ef83721",
                  "isHook": false,
                  "skipped": false
                }
              ],
              "suites": [],
              "passes": [
                "8a803d9d-d925-4787-97b2-35b3fc20a2ae",
                "4d21d975-7ced-42bb-8651-0c4b0e4ea18b",
                "25ca7f5c-100f-49e5-95a3-110a65b42738",
                "0e3e0994-7043-4bb4-95c5-215008128f83",
                "87654fa7-6606-43fb-905b-57aa62de8610",
                "2527246d-285a-4c30-a8cc-2815311f71d0",
                "bc67bdef-8034-494e-95a3-1dbd5c4183d6",
                "e2ab110a-8390-468f-8d02-592aa39c01ff"
              ],
              "failures": [],
              "pending": [],
              "skipped": [],
              "duration": 5,
              "root": false,
              "rootEmpty": false,
              "_timeout": 2000
            },
            {
              "uuid": "2376fd69-c6e8-4daa-ada6-a932cf5e37f7",
              "title": "triggerAfter()",
              "fullFile": "/home/runner/work/ical-generator/ical-generator/test/alarm.ts",
              "file": "/test/alarm.ts",
              "beforeHooks": [],
              "afterHooks": [],
              "tests": [
                {
                  "title": "setter should return this",
                  "fullTitle": "ical-generator Alarm triggerAfter() setter should return this",
                  "timedOut": false,
                  "duration": 0,
                  "state": "passed",
                  "speed": "fast",
                  "pass": true,
                  "fail": false,
                  "pending": false,
                  "context": null,
                  "code": "const a = new alarm_1.default({}, new event_1.default({}, new calendar_1.default()));\nassert_1.default.deepStrictEqual(a, a.triggerAfter(60 * 10));",
                  "err": {},
                  "uuid": "b7a0334c-533b-4bdb-8a6e-4d77ed52a295",
                  "parentUUID": "2376fd69-c6e8-4daa-ada6-a932cf5e37f7",
                  "isHook": false,
                  "skipped": false
                },
                {
                  "title": "getter should return value",
                  "fullTitle": "ical-generator Alarm triggerAfter() getter should return value",
                  "timedOut": false,
                  "duration": 0,
                  "state": "passed",
                  "speed": "fast",
                  "pass": true,
                  "fail": false,
                  "pending": false,
                  "context": null,
                  "code": "const a = new alarm_1.default({}, new event_1.default({}, new calendar_1.default())).triggerAfter(300);\nassert_1.default.strictEqual(a.triggerAfter(), 300);\nassert_1.default.strictEqual(a.trigger(), -300);",
                  "err": {},
                  "uuid": "d376b024-95a2-45d5-9d92-7e1bba316949",
                  "parentUUID": "2376fd69-c6e8-4daa-ada6-a932cf5e37f7",
                  "isHook": false,
                  "skipped": false
                },
                {
                  "title": "setter should work with number",
                  "fullTitle": "ical-generator Alarm triggerAfter() setter should work with number",
                  "timedOut": false,
                  "duration": 0,
                  "state": "passed",
                  "speed": "fast",
                  "pass": true,
                  "fail": false,
                  "pending": false,
                  "context": null,
                  "code": "const a = new alarm_1.default({}, new event_1.default({}, new calendar_1.default()));\na.triggerAfter(120);\nassert_1.default.strictEqual(a.trigger(), -120);",
                  "err": {},
                  "uuid": "444f4684-6ccb-4c4e-a78a-f6096121ad00",
                  "parentUUID": "2376fd69-c6e8-4daa-ada6-a932cf5e37f7",
                  "isHook": false,
                  "skipped": false
                },
                {
                  "title": "setter should throw error when trigger not allowed",
                  "fullTitle": "ical-generator Alarm triggerAfter() setter should throw error when trigger not allowed",
                  "timedOut": false,
                  "duration": 0,
                  "state": "passed",
                  "speed": "fast",
                  "pass": true,
                  "fail": false,
                  "pending": false,
                  "context": null,
                  "code": "const a = new alarm_1.default({}, new event_1.default({}, new calendar_1.default()));\nassert_1.default.throws(function () {\n    a.triggerAfter(Infinity);\n}, /`trigger`/);\nassert_1.default.throws(function () {\n    // @ts-ignore\n    a.triggerAfter('hi');\n}, /`trigger`/);\nassert_1.default.throws(function () {\n    // @ts-ignore\n    a.triggerAfter(true);\n}, /`trigger`/);",
                  "err": {},
                  "uuid": "30e4ff27-b448-459d-8731-eaa890f677de",
                  "parentUUID": "2376fd69-c6e8-4daa-ada6-a932cf5e37f7",
                  "isHook": false,
                  "skipped": false
                },
                {
                  "title": "should change something",
                  "fullTitle": "ical-generator Alarm triggerAfter() should change something",
                  "timedOut": false,
                  "duration": 1,
                  "state": "passed",
                  "speed": "fast",
                  "pass": true,
                  "fail": false,
                  "pending": false,
                  "context": null,
                  "code": "const trigger = moment_timezone_1.default('20150201T133845Z');\nconst a = new alarm_1.default({ type: alarm_1.ICalAlarmType.display, triggerAfter: 60 * 10 }, new event_1.default({}, new calendar_1.default()));\nassert_1.default.ok(a.toString().indexOf('TRIGGER;RELATED=END:PT10M') > -1);\na.triggerAfter(trigger);\nassert_1.default.ok(a.toString().indexOf('TRIGGER;VALUE=DATE-TIME:20150201T133845Z') > -1);",
                  "err": {},
                  "uuid": "f1be189b-8262-42d6-8465-618f782709fb",
                  "parentUUID": "2376fd69-c6e8-4daa-ada6-a932cf5e37f7",
                  "isHook": false,
                  "skipped": false
                }
              ],
              "suites": [],
              "passes": [
                "b7a0334c-533b-4bdb-8a6e-4d77ed52a295",
                "d376b024-95a2-45d5-9d92-7e1bba316949",
                "444f4684-6ccb-4c4e-a78a-f6096121ad00",
                "30e4ff27-b448-459d-8731-eaa890f677de",
                "f1be189b-8262-42d6-8465-618f782709fb"
              ],
              "failures": [],
              "pending": [],
              "skipped": [],
              "duration": 1,
              "root": false,
              "rootEmpty": false,
              "_timeout": 2000
            },
            {
              "uuid": "c99b19bc-1c04-4394-a65f-d385feaf60f2",
              "title": "triggerBefore()",
              "fullFile": "/home/runner/work/ical-generator/ical-generator/test/alarm.ts",
              "file": "/test/alarm.ts",
              "beforeHooks": [],
              "afterHooks": [],
              "tests": [
                {
                  "title": "setter should return this",
                  "fullTitle": "ical-generator Alarm triggerBefore() setter should return this",
                  "timedOut": false,
                  "duration": 0,
                  "state": "passed",
                  "speed": "fast",
                  "pass": true,
                  "fail": false,
                  "pending": false,
                  "context": null,
                  "code": "const a = new alarm_1.default({}, new event_1.default({}, new calendar_1.default()));\nassert_1.default.deepStrictEqual(a, a.triggerBefore(null));\nassert_1.default.deepStrictEqual(a, a.triggerBefore(60 * 10));",
                  "err": {},
                  "uuid": "7c3e7e12-e1ab-4fe4-9460-6fcf58946178",
                  "parentUUID": "c99b19bc-1c04-4394-a65f-d385feaf60f2",
                  "isHook": false,
                  "skipped": false
                },
                {
                  "title": "getter should return value",
                  "fullTitle": "ical-generator Alarm triggerBefore() getter should return value",
                  "timedOut": false,
                  "duration": 0,
                  "state": "passed",
                  "speed": "fast",
                  "pass": true,
                  "fail": false,
                  "pending": false,
                  "context": null,
                  "code": "const a = new alarm_1.default({}, new event_1.default({}, new calendar_1.default()));\nconst now = new Date();\nassert_1.default.strictEqual(a.triggerBefore(), null);\na.trigger(300);\nassert_1.default.strictEqual(a.triggerBefore(), 300);\n// Date\na.trigger(now);\nconst dateResult = a.triggerBefore();\nassert_1.default.deepStrictEqual(dateResult, now);\n// Null\na.trigger(null);\nassert_1.default.strictEqual(a.triggerBefore(), null);",
                  "err": {},
                  "uuid": "3c08e4f0-688d-486f-ba68-118707c82fa7",
                  "parentUUID": "c99b19bc-1c04-4394-a65f-d385feaf60f2",
                  "isHook": false,
                  "skipped": false
                },
                {
                  "title": "should throw error when trigger not allowed",
                  "fullTitle": "ical-generator Alarm triggerBefore() should throw error when trigger not allowed",
                  "timedOut": false,
                  "duration": 0,
                  "state": "passed",
                  "speed": "fast",
                  "pass": true,
                  "fail": false,
                  "pending": false,
                  "context": null,
                  "code": "const a = new alarm_1.default({}, new event_1.default({}, new calendar_1.default()));\nassert_1.default.throws(function () {\n    a.triggerBefore(Infinity);\n}, /`trigger`/);\nassert_1.default.throws(function () {\n    // @ts-ignore\n    a.triggerBefore('hi');\n}, /`trigger`/);\nassert_1.default.throws(function () {\n    // @ts-ignore\n    a.triggerBefore(true);\n}, /`trigger`/);",
                  "err": {},
                  "uuid": "21ac7193-b62e-4196-8871-7c5dac53f728",
                  "parentUUID": "c99b19bc-1c04-4394-a65f-d385feaf60f2",
                  "isHook": false,
                  "skipped": false
                },
                {
                  "title": "setter should work with null",
                  "fullTitle": "ical-generator Alarm triggerBefore() setter should work with null",
                  "timedOut": false,
                  "duration": 0,
                  "state": "passed",
                  "speed": "fast",
                  "pass": true,
                  "fail": false,
                  "pending": false,
                  "context": null,
                  "code": "const a = new alarm_1.default({}, new event_1.default({}, new calendar_1.default()));\na.triggerBefore(60 * 10);\na.triggerBefore(null);\nassert_1.default.strictEqual(a.trigger(), null);",
                  "err": {},
                  "uuid": "44ee3675-00f0-457e-afab-80e0620de298",
                  "parentUUID": "c99b19bc-1c04-4394-a65f-d385feaf60f2",
                  "isHook": false,
                  "skipped": false
                },
                {
                  "title": "setter should work with date",
                  "fullTitle": "ical-generator Alarm triggerBefore() setter should work with date",
                  "timedOut": false,
                  "duration": 0,
                  "state": "passed",
                  "speed": "fast",
                  "pass": true,
                  "fail": false,
                  "pending": false,
                  "context": null,
                  "code": "const a = new alarm_1.default({}, new event_1.default({}, new calendar_1.default()));\nconst now = new Date();\na.triggerBefore(now);\nassert_1.default.deepStrictEqual(a.trigger(), now);",
                  "err": {},
                  "uuid": "db4de71d-f8c2-492b-b294-e8329c6ade19",
                  "parentUUID": "c99b19bc-1c04-4394-a65f-d385feaf60f2",
                  "isHook": false,
                  "skipped": false
                },
                {
                  "title": "setter should work with moment instance",
                  "fullTitle": "ical-generator Alarm triggerBefore() setter should work with moment instance",
                  "timedOut": false,
                  "duration": 0,
                  "state": "passed",
                  "speed": "fast",
                  "pass": true,
                  "fail": false,
                  "pending": false,
                  "context": null,
                  "code": "const a = new alarm_1.default({}, new event_1.default({}, new calendar_1.default()));\na.triggerBefore(moment_timezone_1.default());\nassert_1.default.ok(moment_timezone_1.default.isMoment(a.trigger()));",
                  "err": {},
                  "uuid": "2f63092a-a124-4ea5-bcbe-c8a440e24d37",
                  "parentUUID": "c99b19bc-1c04-4394-a65f-d385feaf60f2",
                  "isHook": false,
                  "skipped": false
                },
                {
                  "title": "setter should work with number",
                  "fullTitle": "ical-generator Alarm triggerBefore() setter should work with number",
                  "timedOut": false,
                  "duration": 0,
                  "state": "passed",
                  "speed": "fast",
                  "pass": true,
                  "fail": false,
                  "pending": false,
                  "context": null,
                  "code": "const a = new alarm_1.default({}, new event_1.default({}, new calendar_1.default()));\na.triggerBefore(2 * 60);\nassert_1.default.strictEqual(a.trigger(), 120);",
                  "err": {},
                  "uuid": "879a717e-978d-4bbb-a9ff-b099213b6c06",
                  "parentUUID": "c99b19bc-1c04-4394-a65f-d385feaf60f2",
                  "isHook": false,
                  "skipped": false
                },
                {
                  "title": "should change something",
                  "fullTitle": "ical-generator Alarm triggerBefore() should change something",
                  "timedOut": false,
                  "duration": 0,
                  "state": "passed",
                  "speed": "fast",
                  "pass": true,
                  "fail": false,
                  "pending": false,
                  "context": null,
                  "code": "const trigger = moment_timezone_1.default('2015-02-01T13:38:45.000Z');\nconst a = new alarm_1.default({ type: alarm_1.ICalAlarmType.display, triggerBefore: 60 * 10 }, new event_1.default({}, new calendar_1.default()));\nassert_1.default.ok(a.toString().indexOf('TRIGGER:-PT10M') > -1);\na.triggerBefore(trigger);\nassert_1.default.ok(a.toString().indexOf('TRIGGER;VALUE=DATE-TIME:20150201T133845Z') > -1);",
                  "err": {},
                  "uuid": "63291ada-4a34-48d4-803a-a1cb5135d490",
                  "parentUUID": "c99b19bc-1c04-4394-a65f-d385feaf60f2",
                  "isHook": false,
                  "skipped": false
                }
              ],
              "suites": [],
              "passes": [
                "7c3e7e12-e1ab-4fe4-9460-6fcf58946178",
                "3c08e4f0-688d-486f-ba68-118707c82fa7",
                "21ac7193-b62e-4196-8871-7c5dac53f728",
                "44ee3675-00f0-457e-afab-80e0620de298",
                "db4de71d-f8c2-492b-b294-e8329c6ade19",
                "2f63092a-a124-4ea5-bcbe-c8a440e24d37",
                "879a717e-978d-4bbb-a9ff-b099213b6c06",
                "63291ada-4a34-48d4-803a-a1cb5135d490"
              ],
              "failures": [],
              "pending": [],
              "skipped": [],
              "duration": 0,
              "root": false,
              "rootEmpty": false,
              "_timeout": 2000
            },
            {
              "uuid": "5212306f-6208-4208-91b4-3b0f24202f43",
              "title": "repeat()",
              "fullFile": "/home/runner/work/ical-generator/ical-generator/test/alarm.ts",
              "file": "/test/alarm.ts",
              "beforeHooks": [],
              "afterHooks": [],
              "tests": [
                {
                  "title": "setter should return this",
                  "fullTitle": "ical-generator Alarm repeat() setter should return this",
                  "timedOut": false,
                  "duration": 0,
                  "state": "passed",
                  "speed": "fast",
                  "pass": true,
                  "fail": false,
                  "pending": false,
                  "context": null,
                  "code": "const a = new alarm_1.default({}, new event_1.default({}, new calendar_1.default()));\nassert_1.default.deepStrictEqual(a, a.repeat(null));\nassert_1.default.deepStrictEqual(a, a.repeat(4));",
                  "err": {},
                  "uuid": "421624f1-04d6-41f3-92ca-fd9d7c2f0413",
                  "parentUUID": "5212306f-6208-4208-91b4-3b0f24202f43",
                  "isHook": false,
                  "skipped": false
                },
                {
                  "title": "getter should return value",
                  "fullTitle": "ical-generator Alarm repeat() getter should return value",
                  "timedOut": false,
                  "duration": 0,
                  "state": "passed",
                  "speed": "fast",
                  "pass": true,
                  "fail": false,
                  "pending": false,
                  "context": null,
                  "code": "const a = new alarm_1.default({}, new event_1.default({}, new calendar_1.default()));\nassert_1.default.strictEqual(a.repeat(), null);\na.repeat(100);\nassert_1.default.strictEqual(a.repeat(), 100);\na.repeat(null);\nassert_1.default.strictEqual(a.repeat(), null);",
                  "err": {},
                  "uuid": "09e39e41-1011-4efa-91e7-685b77981317",
                  "parentUUID": "5212306f-6208-4208-91b4-3b0f24202f43",
                  "isHook": false,
                  "skipped": false
                },
                {
                  "title": "should throw error if repeat not allowed",
                  "fullTitle": "ical-generator Alarm repeat() should throw error if repeat not allowed",
                  "timedOut": false,
                  "duration": 1,
                  "state": "passed",
                  "speed": "fast",
                  "pass": true,
                  "fail": false,
                  "pending": false,
                  "context": null,
                  "code": "const a = new alarm_1.default({}, new event_1.default({}, new calendar_1.default()));\nassert_1.default.throws(function () {\n    a.repeat(Infinity);\n}, /`repeat`/);\nassert_1.default.throws(function () {\n    // @ts-ignore\n    a.repeat('hi');\n}, /`repeat`/);\nassert_1.default.throws(function () {\n    // @ts-ignore\n    a.repeat(true);\n}, /`repeat`/);",
                  "err": {},
                  "uuid": "050b7568-5eb0-4d26-bebf-bfd68b319cfb",
                  "parentUUID": "5212306f-6208-4208-91b4-3b0f24202f43",
                  "isHook": false,
                  "skipped": false
                },
                {
                  "title": "should change something",
                  "fullTitle": "ical-generator Alarm repeat() should change something",
                  "timedOut": false,
                  "duration": 0,
                  "state": "passed",
                  "speed": "fast",
                  "pass": true,
                  "fail": false,
                  "pending": false,
                  "context": null,
                  "code": "const a = new alarm_1.default({\n    type: alarm_1.ICalAlarmType.display,\n    trigger: 300,\n    repeat: 42,\n    interval: 60\n}, new event_1.default({}, new calendar_1.default()));\nassert_1.default.ok(a.toString().indexOf('REPEAT:42') > -1);",
                  "err": {},
                  "uuid": "aa4ae23b-949e-4c57-90d9-640ac1e7adcf",
                  "parentUUID": "5212306f-6208-4208-91b4-3b0f24202f43",
                  "isHook": false,
                  "skipped": false
                }
              ],
              "suites": [],
              "passes": [
                "421624f1-04d6-41f3-92ca-fd9d7c2f0413",
                "09e39e41-1011-4efa-91e7-685b77981317",
                "050b7568-5eb0-4d26-bebf-bfd68b319cfb",
                "aa4ae23b-949e-4c57-90d9-640ac1e7adcf"
              ],
              "failures": [],
              "pending": [],
              "skipped": [],
              "duration": 1,
              "root": false,
              "rootEmpty": false,
              "_timeout": 2000
            },
            {
              "uuid": "8108958b-6b9b-4e88-bc05-718f353f93a7",
              "title": "interval()",
              "fullFile": "/home/runner/work/ical-generator/ical-generator/test/alarm.ts",
              "file": "/test/alarm.ts",
              "beforeHooks": [],
              "afterHooks": [],
              "tests": [
                {
                  "title": "setter should return this",
                  "fullTitle": "ical-generator Alarm interval() setter should return this",
                  "timedOut": false,
                  "duration": 0,
                  "state": "passed",
                  "speed": "fast",
                  "pass": true,
                  "fail": false,
                  "pending": false,
                  "context": null,
                  "code": "const a = new alarm_1.default({}, new event_1.default({}, new calendar_1.default()));\nassert_1.default.deepStrictEqual(a, a.interval(null));\nassert_1.default.deepStrictEqual(a, a.interval(60));",
                  "err": {},
                  "uuid": "4c35a41f-6c0a-476c-893c-d4976a571735",
                  "parentUUID": "8108958b-6b9b-4e88-bc05-718f353f93a7",
                  "isHook": false,
                  "skipped": false
                },
                {
                  "title": "getter should return value",
                  "fullTitle": "ical-generator Alarm interval() getter should return value",
                  "timedOut": false,
                  "duration": 0,
                  "state": "passed",
                  "speed": "fast",
                  "pass": true,
                  "fail": false,
                  "pending": false,
                  "context": null,
                  "code": "const a = new alarm_1.default({}, new event_1.default({}, new calendar_1.default()));\nassert_1.default.strictEqual(a.interval(), null);\na.interval(30);\nassert_1.default.strictEqual(a.interval(), 30);\na.interval(null);\nassert_1.default.strictEqual(a.interval(), null);",
                  "err": {},
                  "uuid": "8f5c34e7-0b6e-4799-8382-82acade64eb6",
                  "parentUUID": "8108958b-6b9b-4e88-bc05-718f353f93a7",
                  "isHook": false,
                  "skipped": false
                },
                {
                  "title": "should throw error if repeat not allowed",
                  "fullTitle": "ical-generator Alarm interval() should throw error if repeat not allowed",
                  "timedOut": false,
                  "duration": 0,
                  "state": "passed",
                  "speed": "fast",
                  "pass": true,
                  "fail": false,
                  "pending": false,
                  "context": null,
                  "code": "const a = new alarm_1.default({}, new event_1.default({}, new calendar_1.default()));\nassert_1.default.throws(function () {\n    a.interval(Infinity);\n}, /`interval`/);\nassert_1.default.throws(function () {\n    // @ts-ignore\n    a.interval('hi');\n}, /`interval`/);\nassert_1.default.throws(function () {\n    // @ts-ignore\n    a.interval(true);\n}, /`interval`/);",
                  "err": {},
                  "uuid": "8e1269a4-4327-4e1a-845a-031d399317ff",
                  "parentUUID": "8108958b-6b9b-4e88-bc05-718f353f93a7",
                  "isHook": false,
                  "skipped": false
                },
                {
                  "title": "should change something",
                  "fullTitle": "ical-generator Alarm interval() should change something",
                  "timedOut": false,
                  "duration": 0,
                  "state": "passed",
                  "speed": "fast",
                  "pass": true,
                  "fail": false,
                  "pending": false,
                  "context": null,
                  "code": "const a = new alarm_1.default({\n    type: alarm_1.ICalAlarmType.display,\n    trigger: 300,\n    repeat: 42,\n    interval: 90\n}, new event_1.default({}, new calendar_1.default()));\nassert_1.default.ok(a.toString().indexOf('DURATION:PT1M30S') > -1);",
                  "err": {},
                  "uuid": "dc3d1102-e33c-4f65-ab07-372ccb5288a4",
                  "parentUUID": "8108958b-6b9b-4e88-bc05-718f353f93a7",
                  "isHook": false,
                  "skipped": false
                }
              ],
              "suites": [],
              "passes": [
                "4c35a41f-6c0a-476c-893c-d4976a571735",
                "8f5c34e7-0b6e-4799-8382-82acade64eb6",
                "8e1269a4-4327-4e1a-845a-031d399317ff",
                "dc3d1102-e33c-4f65-ab07-372ccb5288a4"
              ],
              "failures": [],
              "pending": [],
              "skipped": [],
              "duration": 0,
              "root": false,
              "rootEmpty": false,
              "_timeout": 2000
            },
            {
              "uuid": "474d89a8-b511-4b45-bfee-842e7fac3b87",
              "title": "attach()",
              "fullFile": "/home/runner/work/ical-generator/ical-generator/test/alarm.ts",
              "file": "/test/alarm.ts",
              "beforeHooks": [],
              "afterHooks": [],
              "tests": [
                {
                  "title": "setter should return this",
                  "fullTitle": "ical-generator Alarm attach() setter should return this",
                  "timedOut": false,
                  "duration": 0,
                  "state": "passed",
                  "speed": "fast",
                  "pass": true,
                  "fail": false,
                  "pending": false,
                  "context": null,
                  "code": "const a = new alarm_1.default({}, new event_1.default({}, new calendar_1.default()));\nassert_1.default.deepStrictEqual(a, a.attach(null));\nassert_1.default.deepStrictEqual(a, a.attach('https://sebbo.net/beep.aud'));",
                  "err": {},
                  "uuid": "4058eb2d-e162-45dc-97bd-1f7d5b4a0407",
                  "parentUUID": "474d89a8-b511-4b45-bfee-842e7fac3b87",
                  "isHook": false,
                  "skipped": false
                },
                {
                  "title": "getter should return value",
                  "fullTitle": "ical-generator Alarm attach() getter should return value",
                  "timedOut": false,
                  "duration": 0,
                  "state": "passed",
                  "speed": "fast",
                  "pass": true,
                  "fail": false,
                  "pending": false,
                  "context": null,
                  "code": "const t = { uri: 'https://example.com/alarm.aud', mime: 'audio/basic' };\nconst a = new alarm_1.default({}, new event_1.default({}, new calendar_1.default()));\nassert_1.default.strictEqual(a.attach(), null);\na.attach(t);\nassert_1.default.deepStrictEqual(a.attach(), t);\na.attach('https://www.example.com/beep.aud');\nassert_1.default.deepStrictEqual(a.attach(), {\n    uri: 'https://www.example.com/beep.aud',\n    mime: null\n});\na.attach({\n    uri: 'https://www.example.com/beep.aud'\n});\nassert_1.default.deepStrictEqual(a.attach(), {\n    uri: 'https://www.example.com/beep.aud',\n    mime: null\n});\na.attach(null);\nassert_1.default.strictEqual(a.attach(), null);",
                  "err": {},
                  "uuid": "539bbf23-d226-490f-8a45-ac73f7f8366b",
                  "parentUUID": "474d89a8-b511-4b45-bfee-842e7fac3b87",
                  "isHook": false,
                  "skipped": false
                },
                {
                  "title": "should throw error withour uri",
                  "fullTitle": "ical-generator Alarm attach() should throw error withour uri",
                  "timedOut": false,
                  "duration": 0,
                  "state": "passed",
                  "speed": "fast",
                  "pass": true,
                  "fail": false,
                  "pending": false,
                  "context": null,
                  "code": "const a = new alarm_1.default({}, new event_1.default({}, new calendar_1.default()));\nassert_1.default.throws(function () {\n    // @ts-ignore\n    a.attach({ mime: 'audio/basic' });\n}, /`attach.uri`/);",
                  "err": {},
                  "uuid": "11614a69-efd4-4efa-8487-2b59b66df623",
                  "parentUUID": "474d89a8-b511-4b45-bfee-842e7fac3b87",
                  "isHook": false,
                  "skipped": false
                },
                {
                  "title": "should throw error when unknown format",
                  "fullTitle": "ical-generator Alarm attach() should throw error when unknown format",
                  "timedOut": false,
                  "duration": 0,
                  "state": "passed",
                  "speed": "fast",
                  "pass": true,
                  "fail": false,
                  "pending": false,
                  "context": null,
                  "code": "const a = new alarm_1.default({}, new event_1.default({}, new calendar_1.default()));\nassert_1.default.throws(function () {\n    // @ts-ignore\n    a.attach(Infinity);\n}, /`attach`/);",
                  "err": {},
                  "uuid": "4308f7a8-ebda-4d55-ab72-856d53679e31",
                  "parentUUID": "474d89a8-b511-4b45-bfee-842e7fac3b87",
                  "isHook": false,
                  "skipped": false
                },
                {
                  "title": "should change something",
                  "fullTitle": "ical-generator Alarm attach() should change something",
                  "timedOut": false,
                  "duration": 0,
                  "state": "passed",
                  "speed": "fast",
                  "pass": true,
                  "fail": false,
                  "pending": false,
                  "context": null,
                  "code": "const a = new alarm_1.default({\n    type: alarm_1.ICalAlarmType.audio,\n    trigger: 300\n}, new event_1.default({}, new calendar_1.default()));\nassert_1.default.ok(a.toString().indexOf('\\r\\nATTACH;VALUE=URI:Basso') > -1);\na.attach('https://example.com/beep.aud');\nassert_1.default.ok(a.toString().indexOf('\\r\\nATTACH;VALUE=URI:https://example.com/beep.aud') > -1);\na.attach({\n    uri: 'https://example.com/beep.aud',\n    mime: 'audio/basic'\n});\nassert_1.default.ok(a.toString().indexOf('\\r\\nATTACH;FMTTYPE=audio/basic:https://example.com/beep.aud') > -1);",
                  "err": {},
                  "uuid": "ab388e98-a98b-4bec-a168-137715724ce4",
                  "parentUUID": "474d89a8-b511-4b45-bfee-842e7fac3b87",
                  "isHook": false,
                  "skipped": false
                }
              ],
              "suites": [],
              "passes": [
                "4058eb2d-e162-45dc-97bd-1f7d5b4a0407",
                "539bbf23-d226-490f-8a45-ac73f7f8366b",
                "11614a69-efd4-4efa-8487-2b59b66df623",
                "4308f7a8-ebda-4d55-ab72-856d53679e31",
                "ab388e98-a98b-4bec-a168-137715724ce4"
              ],
              "failures": [],
              "pending": [],
              "skipped": [],
              "duration": 0,
              "root": false,
              "rootEmpty": false,
              "_timeout": 2000
            },
            {
              "uuid": "a57406ee-308c-4c41-b634-fc8d4bf3a59e",
              "title": "description()",
              "fullFile": "/home/runner/work/ical-generator/ical-generator/test/alarm.ts",
              "file": "/test/alarm.ts",
              "beforeHooks": [],
              "afterHooks": [],
              "tests": [
                {
                  "title": "setter should return this",
                  "fullTitle": "ical-generator Alarm description() setter should return this",
                  "timedOut": false,
                  "duration": 0,
                  "state": "passed",
                  "speed": "fast",
                  "pass": true,
                  "fail": false,
                  "pending": false,
                  "context": null,
                  "code": "const a = new alarm_1.default({}, new event_1.default({}, new calendar_1.default()));\nassert_1.default.deepStrictEqual(a, a.description(null));\nassert_1.default.deepStrictEqual(a, a.description('Hey Ho!'));",
                  "err": {},
                  "uuid": "3edad2a9-e8c8-463a-a9c8-216c58b0cbee",
                  "parentUUID": "a57406ee-308c-4c41-b634-fc8d4bf3a59e",
                  "isHook": false,
                  "skipped": false
                },
                {
                  "title": "getter should return value",
                  "fullTitle": "ical-generator Alarm description() getter should return value",
                  "timedOut": false,
                  "duration": 0,
                  "state": "passed",
                  "speed": "fast",
                  "pass": true,
                  "fail": false,
                  "pending": false,
                  "context": null,
                  "code": "const a = new alarm_1.default({}, new event_1.default({}, new calendar_1.default()));\nassert_1.default.deepStrictEqual(a.description(), null);\na.description('blablabla');\nassert_1.default.deepStrictEqual(a.description(), 'blablabla');\na.description(null);\nassert_1.default.deepStrictEqual(a.description(), null);",
                  "err": {},
                  "uuid": "658737ed-0366-45ef-b320-f51135837a15",
                  "parentUUID": "a57406ee-308c-4c41-b634-fc8d4bf3a59e",
                  "isHook": false,
                  "skipped": false
                },
                {
                  "title": "should change something",
                  "fullTitle": "ical-generator Alarm description() should change something",
                  "timedOut": false,
                  "duration": 0,
                  "state": "passed",
                  "speed": "fast",
                  "pass": true,
                  "fail": false,
                  "pending": false,
                  "context": null,
                  "code": "const a = new alarm_1.default({\n    type: alarm_1.ICalAlarmType.display,\n    trigger: 300,\n    description: 'Huibuh!'\n}, new event_1.default({}, new calendar_1.default()));\nassert_1.default.ok(a.toString().indexOf('\\r\\nDESCRIPTION:Huibuh') > -1);",
                  "err": {},
                  "uuid": "6a4434c8-de09-477d-9fb8-733248f1787a",
                  "parentUUID": "a57406ee-308c-4c41-b634-fc8d4bf3a59e",
                  "isHook": false,
                  "skipped": false
                },
                {
                  "title": "should fallback to event summary",
                  "fullTitle": "ical-generator Alarm description() should fallback to event summary",
                  "timedOut": false,
                  "duration": 0,
                  "state": "passed",
                  "speed": "fast",
                  "pass": true,
                  "fail": false,
                  "pending": false,
                  "context": null,
                  "code": "const a = new alarm_1.default({\n    type: alarm_1.ICalAlarmType.display,\n    trigger: 300\n}, new event_1.default({\n    summary: 'Example Event'\n}, new calendar_1.default()));\nassert_1.default.ok(a.toString().indexOf('\\r\\nDESCRIPTION:Example Event') > -1);",
                  "err": {},
                  "uuid": "47c3b5c6-0698-4335-a560-338af8bbe5ba",
                  "parentUUID": "a57406ee-308c-4c41-b634-fc8d4bf3a59e",
                  "isHook": false,
                  "skipped": false
                }
              ],
              "suites": [],
              "passes": [
                "3edad2a9-e8c8-463a-a9c8-216c58b0cbee",
                "658737ed-0366-45ef-b320-f51135837a15",
                "6a4434c8-de09-477d-9fb8-733248f1787a",
                "47c3b5c6-0698-4335-a560-338af8bbe5ba"
              ],
              "failures": [],
              "pending": [],
              "skipped": [],
              "duration": 0,
              "root": false,
              "rootEmpty": false,
              "_timeout": 2000
            },
            {
              "uuid": "1eaff590-b3d7-4174-9edb-b7d5141098ba",
              "title": "x()",
              "fullFile": "/home/runner/work/ical-generator/ical-generator/test/alarm.ts",
              "file": "/test/alarm.ts",
              "beforeHooks": [],
              "afterHooks": [],
              "tests": [
                {
                  "title": "is there",
                  "fullTitle": "ical-generator Alarm x() is there",
                  "timedOut": false,
                  "duration": 0,
                  "state": "passed",
                  "speed": "fast",
                  "pass": true,
                  "fail": false,
                  "pending": false,
                  "context": null,
                  "code": "const a = new alarm_1.default({}, new event_1.default({}, new calendar_1.default()));\nassert_1.default.deepStrictEqual(a, a.x('X-FOO', 'bar'));",
                  "err": {},
                  "uuid": "fc1a7c61-0368-4e68-be8b-3ea90ffe1dbc",
                  "parentUUID": "1eaff590-b3d7-4174-9edb-b7d5141098ba",
                  "isHook": false,
                  "skipped": false
                }
              ],
              "suites": [],
              "passes": [
                "fc1a7c61-0368-4e68-be8b-3ea90ffe1dbc"
              ],
              "failures": [],
              "pending": [],
              "skipped": [],
              "duration": 0,
              "root": false,
              "rootEmpty": false,
              "_timeout": 2000
            },
            {
              "uuid": "54e3e41f-9b29-4a91-97d3-eb93a9fa5a07",
              "title": "toJSON()",
              "fullFile": "/home/runner/work/ical-generator/ical-generator/test/alarm.ts",
              "file": "/test/alarm.ts",
              "beforeHooks": [],
              "afterHooks": [],
              "tests": [
                {
                  "title": "should work",
                  "fullTitle": "ical-generator Alarm toJSON() should work",
                  "timedOut": false,
                  "duration": 0,
                  "state": "passed",
                  "speed": "fast",
                  "pass": true,
                  "fail": false,
                  "pending": false,
                  "context": null,
                  "code": "const a = new alarm_1.default({}, new event_1.default({}, new calendar_1.default()));\na.type(alarm_1.ICalAlarmType.display);\na.trigger(120);\nassert_1.default.deepStrictEqual(a.toJSON(), {\n    attach: null,\n    description: null,\n    interval: null,\n    repeat: null,\n    trigger: 120,\n    type: 'display',\n    x: []\n});",
                  "err": {},
                  "uuid": "0f585da9-8817-4b43-8e9c-3b6d8902dbdf",
                  "parentUUID": "54e3e41f-9b29-4a91-97d3-eb93a9fa5a07",
                  "isHook": false,
                  "skipped": false
                },
                {
                  "title": "should be compatible with constructor (type check)",
                  "fullTitle": "ical-generator Alarm toJSON() should be compatible with constructor (type check)",
                  "timedOut": false,
                  "duration": 0,
                  "state": "passed",
                  "speed": "fast",
                  "pass": true,
                  "fail": false,
                  "pending": false,
                  "context": null,
                  "code": "const a = new alarm_1.default({}, new event_1.default({}, new calendar_1.default()));\nnew alarm_1.default(a.toJSON(), new event_1.default({}, new calendar_1.default()));",
                  "err": {},
                  "uuid": "927b1b36-38f2-4bf6-8f5b-24ed855ddc3d",
                  "parentUUID": "54e3e41f-9b29-4a91-97d3-eb93a9fa5a07",
                  "isHook": false,
                  "skipped": false
                }
              ],
              "suites": [],
              "passes": [
                "0f585da9-8817-4b43-8e9c-3b6d8902dbdf",
                "927b1b36-38f2-4bf6-8f5b-24ed855ddc3d"
              ],
              "failures": [],
              "pending": [],
              "skipped": [],
              "duration": 0,
              "root": false,
              "rootEmpty": false,
              "_timeout": 2000
            },
            {
              "uuid": "ef700eb0-11bd-42bc-a491-e4d93f41f9f5",
              "title": "generate()",
              "fullFile": "/home/runner/work/ical-generator/ical-generator/test/alarm.ts",
              "file": "/test/alarm.ts",
              "beforeHooks": [],
              "afterHooks": [],
              "tests": [
                {
                  "title": "shoult throw an error without type",
                  "fullTitle": "ical-generator Alarm generate() shoult throw an error without type",
                  "timedOut": false,
                  "duration": 0,
                  "state": "passed",
                  "speed": "fast",
                  "pass": true,
                  "fail": false,
                  "pending": false,
                  "context": null,
                  "code": "const a = new alarm_1.default({ trigger: 300 }, new event_1.default({}, new calendar_1.default()));\nassert_1.default.throws(function () {\n    a.toString();\n}, /`type`/);",
                  "err": {},
                  "uuid": "b0cf7782-7627-4436-b230-5cf50971a3e5",
                  "parentUUID": "ef700eb0-11bd-42bc-a491-e4d93f41f9f5",
                  "isHook": false,
                  "skipped": false
                },
                {
                  "title": "shoult throw an error without trigger",
                  "fullTitle": "ical-generator Alarm generate() shoult throw an error without trigger",
                  "timedOut": false,
                  "duration": 0,
                  "state": "passed",
                  "speed": "fast",
                  "pass": true,
                  "fail": false,
                  "pending": false,
                  "context": null,
                  "code": "const a = new alarm_1.default({ type: alarm_1.ICalAlarmType.display }, new event_1.default({}, new calendar_1.default()));\nassert_1.default.throws(function () {\n    a.toString();\n}, /`trigger`/);",
                  "err": {},
                  "uuid": "f3283020-f46b-4be5-8c65-842c8a8a41b7",
                  "parentUUID": "ef700eb0-11bd-42bc-a491-e4d93f41f9f5",
                  "isHook": false,
                  "skipped": false
                },
                {
                  "title": "shoult throw an error if repeat is set but interval isn't",
                  "fullTitle": "ical-generator Alarm generate() shoult throw an error if repeat is set but interval isn't",
                  "timedOut": false,
                  "duration": 0,
                  "state": "passed",
                  "speed": "fast",
                  "pass": true,
                  "fail": false,
                  "pending": false,
                  "context": null,
                  "code": "const a = new alarm_1.default({ type: alarm_1.ICalAlarmType.display, trigger: 300, repeat: 4 }, new event_1.default({}, new calendar_1.default()));\nassert_1.default.throws(function () {\n    a.toString();\n}, /for `interval`/);",
                  "err": {},
                  "uuid": "c728452e-5473-424a-b1bd-2deb24136ad3",
                  "parentUUID": "ef700eb0-11bd-42bc-a491-e4d93f41f9f5",
                  "isHook": false,
                  "skipped": false
                },
                {
                  "title": "shoult throw an error if interval is set but repeat isn't",
                  "fullTitle": "ical-generator Alarm generate() shoult throw an error if interval is set but repeat isn't",
                  "timedOut": false,
                  "duration": 0,
                  "state": "passed",
                  "speed": "fast",
                  "pass": true,
                  "fail": false,
                  "pending": false,
                  "context": null,
                  "code": "const a = new alarm_1.default({\n    type: alarm_1.ICalAlarmType.display,\n    trigger: 300,\n    interval: 60\n}, new event_1.default({}, new calendar_1.default()));\nassert_1.default.throws(function () {\n    a.toString();\n}, /for `repeat`/);",
                  "err": {},
                  "uuid": "611b347e-4504-43ca-86e4-cbae6fcdc79c",
                  "parentUUID": "ef700eb0-11bd-42bc-a491-e4d93f41f9f5",
                  "isHook": false,
                  "skipped": false
                }
              ],
              "suites": [],
              "passes": [
                "b0cf7782-7627-4436-b230-5cf50971a3e5",
                "f3283020-f46b-4be5-8c65-842c8a8a41b7",
                "c728452e-5473-424a-b1bd-2deb24136ad3",
                "611b347e-4504-43ca-86e4-cbae6fcdc79c"
              ],
              "failures": [],
              "pending": [],
              "skipped": [],
              "duration": 0,
              "root": false,
              "rootEmpty": false,
              "_timeout": 2000
            }
          ],
          "passes": [],
          "failures": [],
          "pending": [],
          "skipped": [],
          "duration": 0,
          "root": false,
          "rootEmpty": false,
          "_timeout": 2000
        },
        {
          "uuid": "b743b45a-d3a8-416f-8355-73843c3c8bd1",
          "title": "ical-generator Attendee",
          "fullFile": "/home/runner/work/ical-generator/ical-generator/test/attendee.ts",
          "file": "/test/attendee.ts",
          "beforeHooks": [],
          "afterHooks": [],
          "tests": [],
          "suites": [
            {
              "uuid": "a2cc60b4-fac6-45bb-b383-173335f8249b",
              "title": "constructor()",
              "fullFile": "/home/runner/work/ical-generator/ical-generator/test/attendee.ts",
              "file": "/test/attendee.ts",
              "beforeHooks": [],
              "afterHooks": [],
              "tests": [
                {
                  "title": "shouldn't work without event reference",
                  "fullTitle": "ical-generator Attendee constructor() shouldn't work without event reference",
                  "timedOut": false,
                  "duration": 0,
                  "state": "passed",
                  "speed": "fast",
                  "pass": true,
                  "fail": false,
                  "pending": false,
                  "context": null,
                  "code": "assert_1.default.throws(function () {\n    // @ts-ignore\n    new attendee_1.default({ email: 'foo@bar.com' });\n}, /`event`/);",
                  "err": {},
                  "uuid": "e7950434-5355-409b-be9f-595ec4ec62ab",
                  "parentUUID": "a2cc60b4-fac6-45bb-b383-173335f8249b",
                  "isHook": false,
                  "skipped": false
                }
              ],
              "suites": [],
              "passes": [
                "e7950434-5355-409b-be9f-595ec4ec62ab"
              ],
              "failures": [],
              "pending": [],
              "skipped": [],
              "duration": 0,
              "root": false,
              "rootEmpty": false,
              "_timeout": 2000
            },
            {
              "uuid": "f58cf400-355a-44ca-ba36-171c2008d3b4",
              "title": "name()",
              "fullFile": "/home/runner/work/ical-generator/ical-generator/test/attendee.ts",
              "file": "/test/attendee.ts",
              "beforeHooks": [],
              "afterHooks": [],
              "tests": [
                {
                  "title": "getter should return value",
                  "fullTitle": "ical-generator Attendee name() getter should return value",
                  "timedOut": false,
                  "duration": 1,
                  "state": "passed",
                  "speed": "fast",
                  "pass": true,
                  "fail": false,
                  "pending": false,
                  "context": null,
                  "code": "const a = new attendee_1.default({}, new event_1.default({}, new calendar_1.default()));\nassert_1.default.strictEqual(a.name(), null);\na.name('Sebastian');\nassert_1.default.strictEqual(a.name(), 'Sebastian');",
                  "err": {},
                  "uuid": "708647fb-9bfd-49e1-8275-0010e696f2f6",
                  "parentUUID": "f58cf400-355a-44ca-ba36-171c2008d3b4",
                  "isHook": false,
                  "skipped": false
                },
                {
                  "title": "setter should return this",
                  "fullTitle": "ical-generator Attendee name() setter should return this",
                  "timedOut": false,
                  "duration": 0,
                  "state": "passed",
                  "speed": "fast",
                  "pass": true,
                  "fail": false,
                  "pending": false,
                  "context": null,
                  "code": "const a = new attendee_1.default({}, new event_1.default({}, new calendar_1.default()));\nassert_1.default.deepStrictEqual(a, a.name(null));\nassert_1.default.deepStrictEqual(a, a.name('Sebastian'));",
                  "err": {},
                  "uuid": "bbeb507a-c7f8-4bd8-bdfa-b670483e7a4e",
                  "parentUUID": "f58cf400-355a-44ca-ba36-171c2008d3b4",
                  "isHook": false,
                  "skipped": false
                },
                {
                  "title": "setter should change something",
                  "fullTitle": "ical-generator Attendee name() setter should change something",
                  "timedOut": false,
                  "duration": 0,
                  "state": "passed",
                  "speed": "fast",
                  "pass": true,
                  "fail": false,
                  "pending": false,
                  "context": null,
                  "code": "const a = new attendee_1.default({}, new event_1.default({}, new calendar_1.default()));\na.name('Sebastian');\nassert_1.default.strictEqual(a.name(), 'Sebastian');\na.name(null);\nassert_1.default.strictEqual(a.name(), null);",
                  "err": {},
                  "uuid": "ff4526ae-9234-4076-9667-45608d1370c9",
                  "parentUUID": "f58cf400-355a-44ca-ba36-171c2008d3b4",
                  "isHook": false,
                  "skipped": false
                }
              ],
              "suites": [],
              "passes": [
                "708647fb-9bfd-49e1-8275-0010e696f2f6",
                "bbeb507a-c7f8-4bd8-bdfa-b670483e7a4e",
                "ff4526ae-9234-4076-9667-45608d1370c9"
              ],
              "failures": [],
              "pending": [],
              "skipped": [],
              "duration": 1,
              "root": false,
              "rootEmpty": false,
              "_timeout": 2000
            },
            {
              "uuid": "e89ff8ac-af97-4dc0-9ebe-9a749513c142",
              "title": "email()",
              "fullFile": "/home/runner/work/ical-generator/ical-generator/test/attendee.ts",
              "file": "/test/attendee.ts",
              "beforeHooks": [],
              "afterHooks": [],
              "tests": [
                {
                  "title": "getter should return value",
                  "fullTitle": "ical-generator Attendee email() getter should return value",
                  "timedOut": false,
                  "duration": 1,
                  "state": "passed",
                  "speed": "fast",
                  "pass": true,
                  "fail": false,
                  "pending": false,
                  "context": null,
                  "code": "const a = new attendee_1.default({}, new event_1.default({}, new calendar_1.default())).email('foo@example.com');\nassert_1.default.strictEqual(a.email(), 'foo@example.com');",
                  "err": {},
                  "uuid": "19ce4bb4-b877-4131-b339-c1b5df9849ce",
                  "parentUUID": "e89ff8ac-af97-4dc0-9ebe-9a749513c142",
                  "isHook": false,
                  "skipped": false
                },
                {
                  "title": "setter should return this",
                  "fullTitle": "ical-generator Attendee email() setter should return this",
                  "timedOut": false,
                  "duration": 0,
                  "state": "passed",
                  "speed": "fast",
                  "pass": true,
                  "fail": false,
                  "pending": false,
                  "context": null,
                  "code": "const a = new attendee_1.default({}, new event_1.default({}, new calendar_1.default()));\nassert_1.default.deepStrictEqual(a, a.email('foo@example.com'));",
                  "err": {},
                  "uuid": "217154cc-aaa8-4e33-a6c3-8d65f3751bae",
                  "parentUUID": "e89ff8ac-af97-4dc0-9ebe-9a749513c142",
                  "isHook": false,
                  "skipped": false
                },
                {
                  "title": "should change something",
                  "fullTitle": "ical-generator Attendee email() should change something",
                  "timedOut": false,
                  "duration": 0,
                  "state": "passed",
                  "speed": "fast",
                  "pass": true,
                  "fail": false,
                  "pending": false,
                  "context": null,
                  "code": "const a = new attendee_1.default({ email: 'mail@example.com' }, new event_1.default({}, new calendar_1.default()));\nassert_1.default.ok(a.toString().indexOf('mail@example.com') > -1);",
                  "err": {},
                  "uuid": "af8aade8-c5ce-465e-b5f3-9fd7a5a44d30",
                  "parentUUID": "e89ff8ac-af97-4dc0-9ebe-9a749513c142",
                  "isHook": false,
                  "skipped": false
                }
              ],
              "suites": [],
              "passes": [
                "19ce4bb4-b877-4131-b339-c1b5df9849ce",
                "217154cc-aaa8-4e33-a6c3-8d65f3751bae",
                "af8aade8-c5ce-465e-b5f3-9fd7a5a44d30"
              ],
              "failures": [],
              "pending": [],
              "skipped": [],
              "duration": 1,
              "root": false,
              "rootEmpty": false,
              "_timeout": 2000
            },
            {
              "uuid": "3b2b05ca-a62a-4d3b-995f-6e9125627292",
              "title": "mailto()",
              "fullFile": "/home/runner/work/ical-generator/ical-generator/test/attendee.ts",
              "file": "/test/attendee.ts",
              "beforeHooks": [],
              "afterHooks": [],
              "tests": [
                {
                  "title": "getter should return value",
                  "fullTitle": "ical-generator Attendee mailto() getter should return value",
                  "timedOut": false,
                  "duration": 0,
                  "state": "passed",
                  "speed": "fast",
                  "pass": true,
                  "fail": false,
                  "pending": false,
                  "context": null,
                  "code": "const a = new attendee_1.default({}, new event_1.default({}, new calendar_1.default()));\nassert_1.default.strictEqual(a.mailto(), null);\na.mailto('foo@example.com');\nassert_1.default.strictEqual(a.mailto(), 'foo@example.com');",
                  "err": {},
                  "uuid": "60a39bce-c5c8-4297-8768-3118dc5b4147",
                  "parentUUID": "3b2b05ca-a62a-4d3b-995f-6e9125627292",
                  "isHook": false,
                  "skipped": false
                },
                {
                  "title": "setter should return this",
                  "fullTitle": "ical-generator Attendee mailto() setter should return this",
                  "timedOut": false,
                  "duration": 0,
                  "state": "passed",
                  "speed": "fast",
                  "pass": true,
                  "fail": false,
                  "pending": false,
                  "context": null,
                  "code": "const a = new attendee_1.default({}, new event_1.default({}, new calendar_1.default()));\nassert_1.default.deepStrictEqual(a, a.mailto(null));\nassert_1.default.deepStrictEqual(a, a.mailto('foo@example.com'));",
                  "err": {},
                  "uuid": "c4ea4752-5203-4572-9517-475f43223429",
                  "parentUUID": "3b2b05ca-a62a-4d3b-995f-6e9125627292",
                  "isHook": false,
                  "skipped": false
                },
                {
                  "title": "should change mailto and keep email if present",
                  "fullTitle": "ical-generator Attendee mailto() should change mailto and keep email if present",
                  "timedOut": false,
                  "duration": 0,
                  "state": "passed",
                  "speed": "fast",
                  "pass": true,
                  "fail": false,
                  "pending": false,
                  "context": null,
                  "code": "const a = new attendee_1.default({ email: 'mail@example.com' }, new event_1.default({}, new calendar_1.default()));\na.mailto('mail2@example2.com');\nassert_1.default.ok(a.toString().indexOf('EMAIL=mail@example.com') > -1 &&\n    a.toString().indexOf('MAILTO:mail2@example2.com') > -1);",
                  "err": {},
                  "uuid": "a86f7484-e904-4ccf-9205-797add4e7549",
                  "parentUUID": "3b2b05ca-a62a-4d3b-995f-6e9125627292",
                  "isHook": false,
                  "skipped": false
                }
              ],
              "suites": [],
              "passes": [
                "60a39bce-c5c8-4297-8768-3118dc5b4147",
                "c4ea4752-5203-4572-9517-475f43223429",
                "a86f7484-e904-4ccf-9205-797add4e7549"
              ],
              "failures": [],
              "pending": [],
              "skipped": [],
              "duration": 0,
              "root": false,
              "rootEmpty": false,
              "_timeout": 2000
            },
            {
              "uuid": "a4ab667c-bef5-430c-9f6f-44b1d89852ec",
              "title": "role()",
              "fullFile": "/home/runner/work/ical-generator/ical-generator/test/attendee.ts",
              "file": "/test/attendee.ts",
              "beforeHooks": [],
              "afterHooks": [],
              "tests": [
                {
                  "title": "setter should return this",
                  "fullTitle": "ical-generator Attendee role() setter should return this",
                  "timedOut": false,
                  "duration": 0,
                  "state": "passed",
                  "speed": "fast",
                  "pass": true,
                  "fail": false,
                  "pending": false,
                  "context": null,
                  "code": "const a = new attendee_1.default({}, new event_1.default({}, new calendar_1.default()));\nassert_1.default.deepStrictEqual(a, a.role(attendee_1.ICalAttendeeRole.REQ));",
                  "err": {},
                  "uuid": "af940363-6f04-48a4-be2c-0b2096ac4729",
                  "parentUUID": "a4ab667c-bef5-430c-9f6f-44b1d89852ec",
                  "isHook": false,
                  "skipped": false
                },
                {
                  "title": "getter should return value",
                  "fullTitle": "ical-generator Attendee role() getter should return value",
                  "timedOut": false,
                  "duration": 0,
                  "state": "passed",
                  "speed": "fast",
                  "pass": true,
                  "fail": false,
                  "pending": false,
                  "context": null,
                  "code": "const a = new attendee_1.default({}, new event_1.default({}, new calendar_1.default())).role(attendee_1.ICalAttendeeRole.REQ);\nassert_1.default.strictEqual(a.role(), 'REQ-PARTICIPANT');",
                  "err": {},
                  "uuid": "51b048be-953e-4701-ac8b-38389948866d",
                  "parentUUID": "a4ab667c-bef5-430c-9f6f-44b1d89852ec",
                  "isHook": false,
                  "skipped": false
                },
                {
                  "title": "should throw error when method empty",
                  "fullTitle": "ical-generator Attendee role() should throw error when method empty",
                  "timedOut": false,
                  "duration": 0,
                  "state": "passed",
                  "speed": "fast",
                  "pass": true,
                  "fail": false,
                  "pending": false,
                  "context": null,
                  "code": "const a = new attendee_1.default({}, new event_1.default({}, new calendar_1.default()));\nassert_1.default.throws(function () {\n    // @ts-ignore\n    a.role('');\n}, /Input must be one of the following: CHAIR, REQ-PARTICIPANT, OPT-PARTICIPANT, NON-PARTICIPANT/);",
                  "err": {},
                  "uuid": "76a4740e-4d4b-4aba-83d3-f1c90c1958e4",
                  "parentUUID": "a4ab667c-bef5-430c-9f6f-44b1d89852ec",
                  "isHook": false,
                  "skipped": false
                },
                {
                  "title": "should throw error when method not allowed",
                  "fullTitle": "ical-generator Attendee role() should throw error when method not allowed",
                  "timedOut": false,
                  "duration": 0,
                  "state": "passed",
                  "speed": "fast",
                  "pass": true,
                  "fail": false,
                  "pending": false,
                  "context": null,
                  "code": "const a = new attendee_1.default({}, new event_1.default({}, new calendar_1.default()));\nassert_1.default.throws(function () {\n    // @ts-ignore\n    a.role('COOKING');\n}, /must be one of the following/);",
                  "err": {},
                  "uuid": "910eff7b-c545-4703-8c93-cbb8e4184255",
                  "parentUUID": "a4ab667c-bef5-430c-9f6f-44b1d89852ec",
[...]
                  "duration": 0,
                  "root": false,
                  "rootEmpty": false,
                  "_timeout": 2000
                },
                {
                  "uuid": "ddad6e1c-1f11-497e-84dc-842bc6017f9a",
                  "title": "Luxon",
                  "fullFile": "/home/runner/work/ical-generator/ical-generator/test/tools.ts",
                  "file": "/test/tools.ts",
                  "beforeHooks": [],
                  "afterHooks": [],
                  "tests": [
                    {
                      "title": "should work without setting a timezone",
                      "fullTitle": "ICalTools formatDate() Luxon should work without setting a timezone",
                      "timedOut": false,
                      "duration": 19,
                      "state": "passed",
                      "speed": "fast",
                      "pass": true,
                      "fail": false,
                      "pending": false,
                      "context": null,
                      "code": "assert_1.default.strictEqual(tools_1.formatDate(null, luxon_1.DateTime.fromISO('2018-07-05T18:24:00.052Z'), false, false), '20180705T182400Z');",
                      "err": {},
                      "uuid": "456001c7-83f5-40c9-81a2-fb9ea4369e92",
                      "parentUUID": "ddad6e1c-1f11-497e-84dc-842bc6017f9a",
                      "isHook": false,
                      "skipped": false
                    },
                    {
                      "title": "should work with timezone in event / calendar (with moment-timezone)",
                      "fullTitle": "ICalTools formatDate() Luxon should work with timezone in event / calendar (with moment-timezone)",
                      "timedOut": false,
                      "duration": 2,
                      "state": "passed",
                      "speed": "fast",
                      "pass": true,
                      "fail": false,
                      "pending": false,
                      "context": null,
                      "code": "assert_1.default.strictEqual(tools_1.formatDate('Canada/Saskatchewan', luxon_1.DateTime.fromISO('2018-07-05T18:24:00.052Z'), false, false), '20180705T122400');",
                      "err": {},
                      "uuid": "5102f20a-373b-47a5-93c8-eec96b1ee075",
                      "parentUUID": "ddad6e1c-1f11-497e-84dc-842bc6017f9a",
                      "isHook": false,
                      "skipped": false
                    },
                    {
                      "title": "should work with floating flag",
                      "fullTitle": "ICalTools formatDate() Luxon should work with floating flag",
                      "timedOut": false,
                      "duration": 0,
                      "state": "passed",
                      "speed": "fast",
                      "pass": true,
                      "fail": false,
                      "pending": false,
                      "context": null,
                      "code": "assert_1.default.strictEqual(tools_1.formatDate(null, luxon_1.DateTime.fromISO('2018-07-05T18:24:00.052'), false, true), '20180705T182400');",
                      "err": {},
                      "uuid": "6abed687-47de-4095-b326-bd9d92849d34",
                      "parentUUID": "ddad6e1c-1f11-497e-84dc-842bc6017f9a",
                      "isHook": false,
                      "skipped": false
                    }
                  ],
                  "suites": [],
                  "passes": [
                    "456001c7-83f5-40c9-81a2-fb9ea4369e92",
                    "5102f20a-373b-47a5-93c8-eec96b1ee075",
                    "6abed687-47de-4095-b326-bd9d92849d34"
                  ],
                  "failures": [],
                  "pending": [],
                  "skipped": [],
                  "duration": 21,
                  "root": false,
                  "rootEmpty": false,
                  "_timeout": 2000
                },
                {
                  "uuid": "0754c9ac-7af2-4d8c-b790-afdd5e858163",
                  "title": "Day.js",
                  "fullFile": "/home/runner/work/ical-generator/ical-generator/test/tools.ts",
                  "file": "/test/tools.ts",
                  "beforeHooks": [],
                  "afterHooks": [],
                  "tests": [
                    {
                      "title": "should work without setting a timezone",
                      "fullTitle": "ICalTools formatDate() Day.js should work without setting a timezone",
                      "timedOut": false,
                      "duration": 3,
                      "state": "passed",
                      "speed": "fast",
                      "pass": true,
                      "fail": false,
                      "pending": false,
                      "context": null,
                      "code": "assert_1.default.strictEqual(tools_1.formatDate(null, dayjs_1.default('2018-07-05T18:24:00.052Z'), false, false), '20180705T182400Z');",
                      "err": {},
                      "uuid": "9fa33ffe-0c3e-495b-be96-a551331e2a7b",
                      "parentUUID": "0754c9ac-7af2-4d8c-b790-afdd5e858163",
                      "isHook": false,
                      "skipped": false
                    },
                    {
                      "title": "should work with timezone in event / calendar (with moment-timezone)",
                      "fullTitle": "ICalTools formatDate() Day.js should work with timezone in event / calendar (with moment-timezone)",
                      "timedOut": false,
                      "duration": 1,
                      "state": "passed",
                      "speed": "fast",
                      "pass": true,
                      "fail": false,
                      "pending": false,
                      "context": null,
                      "code": "assert_1.default.strictEqual(tools_1.formatDate('Canada/Saskatchewan', dayjs_1.default('2018-07-05T18:24:00.052Z'), false, false), '20180705T122400');",
                      "err": {},
                      "uuid": "e828a41d-042b-481d-8108-5f1b60ec530f",
                      "parentUUID": "0754c9ac-7af2-4d8c-b790-afdd5e858163",
                      "isHook": false,
                      "skipped": false
                    },
                    {
                      "title": "should work with floating flag",
                      "fullTitle": "ICalTools formatDate() Day.js should work with floating flag",
                      "timedOut": false,
                      "duration": 1,
                      "state": "passed",
                      "speed": "fast",
                      "pass": true,
                      "fail": false,
                      "pending": false,
                      "context": null,
                      "code": "assert_1.default.strictEqual(tools_1.formatDate(null, dayjs_1.default('2018-07-05T18:24:00.052'), false, true), '20180705T182400');",
                      "err": {},
                      "uuid": "77363b20-ec09-4f8b-9b8b-bdf7eba877c8",
                      "parentUUID": "0754c9ac-7af2-4d8c-b790-afdd5e858163",
                      "isHook": false,
                      "skipped": false
                    }
                  ],
                  "suites": [],
                  "passes": [
                    "9fa33ffe-0c3e-495b-be96-a551331e2a7b",
                    "e828a41d-042b-481d-8108-5f1b60ec530f",
                    "77363b20-ec09-4f8b-9b8b-bdf7eba877c8"
                  ],
                  "failures": [],
                  "pending": [],
                  "skipped": [],
                  "duration": 5,
                  "root": false,
                  "rootEmpty": false,
                  "_timeout": 2000
                }
              ],
              "passes": [],
              "failures": [],
              "pending": [],
              "skipped": [],
              "duration": 0,
              "root": false,
              "rootEmpty": false,
              "_timeout": 2000
            },
            {
              "uuid": "4ae2c9b8-c3cc-49c7-97bd-421f561f1a5e",
              "title": "formatDateTZ()",
              "fullFile": "/home/runner/work/ical-generator/ical-generator/test/tools.ts",
              "file": "/test/tools.ts",
              "beforeHooks": [],
              "afterHooks": [],
              "tests": [
                {
                  "title": "should work with timezone",
                  "fullTitle": "ICalTools formatDateTZ() should work with timezone",
                  "timedOut": false,
                  "duration": 0,
                  "state": "passed",
                  "speed": "fast",
                  "pass": true,
                  "fail": false,
                  "pending": false,
                  "context": null,
                  "code": "const ed = { timezone: 'Europe/Berlin' };\nassert_1.default.strictEqual(tools_1.formatDateTZ('Europe/Berlin', 'DSTART', moment_timezone_1.default('2018-07-02T15:48:05.000Z'), ed), 'DSTART;TZID=Europe/Berlin:20180702T174805');",
                  "err": {},
                  "uuid": "af982489-d7d0-4825-9b39-bd148a92de2d",
                  "parentUUID": "4ae2c9b8-c3cc-49c7-97bd-421f561f1a5e",
                  "isHook": false,
                  "skipped": false
                },
                {
                  "title": "should work without timezone",
                  "fullTitle": "ICalTools formatDateTZ() should work without timezone",
                  "timedOut": false,
                  "duration": 0,
                  "state": "passed",
                  "speed": "fast",
                  "pass": true,
                  "fail": false,
                  "pending": false,
                  "context": null,
                  "code": "assert_1.default.strictEqual(tools_1.formatDateTZ(null, 'DSTART', '2018-07-02T15:48:05.000Z', {}), 'DSTART:20180702T154805Z');",
                  "err": {},
                  "uuid": "756c1cff-883f-4f08-8502-8e4f43668824",
                  "parentUUID": "4ae2c9b8-c3cc-49c7-97bd-421f561f1a5e",
                  "isHook": false,
                  "skipped": false
                }
              ],
              "suites": [],
              "passes": [
                "af982489-d7d0-4825-9b39-bd148a92de2d",
                "756c1cff-883f-4f08-8502-8e4f43668824"
              ],
              "failures": [],
              "pending": [],
              "skipped": [],
              "duration": 0,
              "root": false,
              "rootEmpty": false,
              "_timeout": 2000
            },
            {
              "uuid": "f72ee462-93ca-45f7-ad1e-6a3a9dc6984a",
              "title": "escape()",
              "fullFile": "/home/runner/work/ical-generator/ical-generator/test/tools.ts",
              "file": "/test/tools.ts",
              "beforeHooks": [],
              "afterHooks": [],
              "tests": [
                {
                  "title": "should escape \\",
                  "fullTitle": "ICalTools escape() should escape \\",
                  "timedOut": false,
                  "duration": 0,
                  "state": "passed",
                  "speed": "fast",
                  "pass": true,
                  "fail": false,
                  "pending": false,
                  "context": null,
                  "code": "assert_1.default.strictEqual(tools_1.escape('Lorem \\\\ipsum'), 'Lorem \\\\\\\\ipsum');",
                  "err": {},
                  "uuid": "3a95f877-40b8-407f-94f1-ccbda0723510",
                  "parentUUID": "f72ee462-93ca-45f7-ad1e-6a3a9dc6984a",
                  "isHook": false,
                  "skipped": false
                },
                {
                  "title": "should escape ;",
                  "fullTitle": "ICalTools escape() should escape ;",
                  "timedOut": false,
                  "duration": 0,
                  "state": "passed",
                  "speed": "fast",
                  "pass": true,
                  "fail": false,
                  "pending": false,
                  "context": null,
                  "code": "assert_1.default.strictEqual(tools_1.escape('Lorem ;ipsum'), 'Lorem \\\\;ipsum');",
                  "err": {},
                  "uuid": "c80be547-f37e-4313-a65a-a4b16aac6657",
                  "parentUUID": "f72ee462-93ca-45f7-ad1e-6a3a9dc6984a",
                  "isHook": false,
                  "skipped": false
                },
                {
                  "title": "should escape ,",
                  "fullTitle": "ICalTools escape() should escape ,",
                  "timedOut": false,
                  "duration": 0,
                  "state": "passed",
                  "speed": "fast",
                  "pass": true,
                  "fail": false,
                  "pending": false,
                  "context": null,
                  "code": "assert_1.default.strictEqual(tools_1.escape('Lorem, ipsum'), 'Lorem\\\\, ipsum');",
                  "err": {},
                  "uuid": "f8a4fb54-7f4a-4d78-a826-e24f0f2335fa",
                  "parentUUID": "f72ee462-93ca-45f7-ad1e-6a3a9dc6984a",
                  "isHook": false,
                  "skipped": false
                },
                {
                  "title": "should escape \\r",
                  "fullTitle": "ICalTools escape() should escape \\r",
                  "timedOut": false,
                  "duration": 0,
                  "state": "passed",
                  "speed": "fast",
                  "pass": true,
                  "fail": false,
                  "pending": false,
                  "context": null,
                  "code": "assert_1.default.strictEqual(tools_1.escape('Lorem \\ripsum'), 'Lorem \\\\nipsum');",
                  "err": {},
                  "uuid": "52d6a59e-b570-406c-975d-69702319e68c",
                  "parentUUID": "f72ee462-93ca-45f7-ad1e-6a3a9dc6984a",
                  "isHook": false,
                  "skipped": false
                },
                {
                  "title": "should escape \\n",
                  "fullTitle": "ICalTools escape() should escape \\n",
                  "timedOut": false,
                  "duration": 0,
                  "state": "passed",
                  "speed": "fast",
                  "pass": true,
                  "fail": false,
                  "pending": false,
                  "context": null,
                  "code": "assert_1.default.strictEqual(tools_1.escape('Lorem \\nipsum'), 'Lorem \\\\nipsum');",
                  "err": {},
                  "uuid": "4599c920-190c-4a23-ad4a-6b23167d8acf",
                  "parentUUID": "f72ee462-93ca-45f7-ad1e-6a3a9dc6984a",
                  "isHook": false,
                  "skipped": false
                },
                {
                  "title": "should escape \\r\\n",
                  "fullTitle": "ICalTools escape() should escape \\r\\n",
                  "timedOut": false,
                  "duration": 0,
                  "state": "passed",
                  "speed": "fast",
                  "pass": true,
                  "fail": false,
                  "pending": false,
                  "context": null,
                  "code": "assert_1.default.strictEqual(tools_1.escape('Lorem \\r\\nipsum'), 'Lorem \\\\nipsum');",
                  "err": {},
                  "uuid": "c7160608-53c1-43d1-95fe-dc372e200aae",
                  "parentUUID": "f72ee462-93ca-45f7-ad1e-6a3a9dc6984a",
                  "isHook": false,
                  "skipped": false
                }
              ],
              "suites": [],
              "passes": [
                "3a95f877-40b8-407f-94f1-ccbda0723510",
                "c80be547-f37e-4313-a65a-a4b16aac6657",
                "f8a4fb54-7f4a-4d78-a826-e24f0f2335fa",
                "52d6a59e-b570-406c-975d-69702319e68c",
                "4599c920-190c-4a23-ad4a-6b23167d8acf",
                "c7160608-53c1-43d1-95fe-dc372e200aae"
              ],
              "failures": [],
              "pending": [],
              "skipped": [],
              "duration": 0,
              "root": false,
              "rootEmpty": false,
              "_timeout": 2000
            },
            {
              "uuid": "2280af1e-8cde-4e4f-a5b5-d6c7ff3ce3b6",
              "title": "foldLines()",
              "fullFile": "/home/runner/work/ical-generator/ical-generator/test/tools.ts",
              "file": "/test/tools.ts",
              "beforeHooks": [],
              "afterHooks": [],
              "tests": [
                {
                  "title": "should basically work correctly",
                  "fullTitle": "ICalTools foldLines() should basically work correctly",
                  "timedOut": false,
                  "duration": 0,
                  "state": "passed",
                  "speed": "fast",
                  "pass": true,
                  "fail": false,
                  "pending": false,
                  "context": null,
                  "code": "assert_1.default.strictEqual(tools_1.foldLines('12345678ikjhgztrde546rf7g8hjiomkjnhgqfcdxerdftgzuinjhgcfvtzvzvuwcbiweciujzvguhbghbbqwxowidoi21e8981'), '12345678ikjhgztrde546rf7g8hjiomkjnhgqfcdxerdftgzuinjhgcfvtzvzvuwcbiweciujz\\r\\n vguhbghbbqwxowidoi21e8981');",
                  "err": {},
                  "uuid": "22facaed-d9f6-4c64-9d1e-b401246786bf",
                  "parentUUID": "2280af1e-8cde-4e4f-a5b5-d6c7ff3ce3b6",
                  "isHook": false,
                  "skipped": false
                },
                {
                  "title": "should not split surrogate pairs",
                  "fullTitle": "ICalTools foldLines() should not split surrogate pairs",
                  "timedOut": false,
                  "duration": 0,
                  "state": "passed",
                  "speed": "fast",
                  "pass": true,
                  "fail": false,
                  "pending": false,
                  "context": null,
                  "code": "assert_1.default.strictEqual(tools_1.foldLines('👋🏼12345678ikjhgztrde546rf7g8hjiomkjnhgqfcdxerdftgzuinjhgcfvtzvzvuwcbiweciujvguhbghbbqwxowidoi21e8981'), '👋🏼12345678ikjhgztrde546rf7g8hjiomkjnhgqfcdxerdftgzuinjhgcfvtzvzvuwcb\\r\\n iweciujvguhbghbbqwxowidoi21e8981');",
                  "err": {},
                  "uuid": "97dca086-697d-4463-8e46-7832c64d32a0",
                  "parentUUID": "2280af1e-8cde-4e4f-a5b5-d6c7ff3ce3b6",
                  "isHook": false,
                  "skipped": false
                }
              ],
              "suites": [],
              "passes": [
                "22facaed-d9f6-4c64-9d1e-b401246786bf",
                "97dca086-697d-4463-8e46-7832c64d32a0"
              ],
              "failures": [],
              "pending": [],
              "skipped": [],
              "duration": 0,
              "root": false,
              "rootEmpty": false,
              "_timeout": 2000
            }
          ],
          "passes": [],
          "failures": [],
          "pending": [],
          "skipped": [],
          "duration": 0,
          "root": false,
          "rootEmpty": false,
          "_timeout": 2000
        }
      ],
      "passes": [],
      "failures": [],
      "pending": [],
      "skipped": [],
      "duration": 0,
      "root": true,
      "rootEmpty": true,
      "_timeout": 2000
    }
  ],
  "meta": {
    "mocha": {
      "version": "8.3.0"
    },
    "mochawesome": {
      "options": {
        "quiet": false,
        "reportFilename": "mochawesome",
        "saveHtml": true,
        "saveJson": true,
        "consoleReporter": "spec",
        "useInlineDiffs": false,
        "code": true
      },
      "version": "6.2.2"
    },
    "marge": {
      "options": null,
      "version": "5.2.0"
    }
  }
}