{
  "stats": {
    "suites": 124,
    "tests": 429,
    "passes": 427,
    "pending": 2,
    "failures": 0,
    "start": "2024-01-02T10:09:43.996Z",
    "end": "2024-01-02T10:09:44.155Z",
    "duration": 159,
    "testsRegistered": 429,
    "passPercent": 100,
    "pendingPercent": 0.4662004662004662,
    "other": 0,
    "hasOther": false,
    "skipped": 0,
    "hasSkipped": false
  },
  "results": [
    {
      "uuid": "28017bbd-db36-49f5-8a17-361b6278feb6",
      "title": "",
      "fullFile": "",
      "file": "",
      "beforeHooks": [],
      "afterHooks": [],
      "tests": [],
      "suites": [
        {
          "uuid": "d713b11e-a413-4c0f-a1d6-d2c572321609",
          "title": "ical-generator Alarm",
          "fullFile": "/home/runner/work/ical-generator/ical-generator/test/alarm.ts",
          "file": "/test/alarm.ts",
          "beforeHooks": [],
          "afterHooks": [],
          "tests": [],
          "suites": [
            {
              "uuid": "8b580d74-fc6c-4e29-9fac-f273a7e38974",
              "title": "constructor()",
              "fullFile": "/home/runner/work/ical-generator/ical-generator/test/alarm.ts",
              "file": "/test/alarm.ts",
              "beforeHooks": [],
              "afterHooks": [],
              "tests": [
                {
                  "title": "shouldn't work without event reference",
                  "fullTitle": "ical-generator Alarm constructor() shouldn't work without event reference",
                  "timedOut": false,
                  "duration": 0,
                  "state": "passed",
                  "speed": "fast",
                  "pass": true,
                  "fail": false,
                  "pending": false,
                  "context": null,
                  "code": "assert.throws(function () {\n    // @ts-ignore\n    new ICalAlarm({ type: ICalAlarmType.display }, null);\n}, /`event`/);",
                  "err": {},
                  "uuid": "b04e193d-a95f-4fad-b06c-58c3032d1208",
                  "parentUUID": "8b580d74-fc6c-4e29-9fac-f273a7e38974",
                  "isHook": false,
                  "skipped": false
                },
                {
                  "title": "should ignore unknown data attributes",
                  "fullTitle": "ical-generator Alarm constructor() should ignore unknown data attributes",
                  "timedOut": false,
                  "duration": 1,
                  "state": "passed",
                  "speed": "fast",
                  "pass": true,
                  "fail": false,
                  "pending": false,
                  "context": null,
                  "code": "const a = new ICalAlarm({\n    // @ts-ignore\n    unknown: true,\n    type: ICalAlarmType.display\n}, new ICalEvent({\n    start: new Date()\n}, new ICalCalendar()));\nassert.strictEqual(a.type(), 'display');",
                  "err": {},
                  "uuid": "65277112-9b54-4bee-a2a4-747d2b4d6ded",
                  "parentUUID": "8b580d74-fc6c-4e29-9fac-f273a7e38974",
                  "isHook": false,
                  "skipped": false
                }
              ],
              "suites": [],
              "passes": [
                "b04e193d-a95f-4fad-b06c-58c3032d1208",
                "65277112-9b54-4bee-a2a4-747d2b4d6ded"
              ],
              "failures": [],
              "pending": [],
              "skipped": [],
              "duration": 1,
              "root": false,
              "rootEmpty": false,
              "_timeout": 2000
            },
            {
              "uuid": "07667be7-c4da-4b8e-be6a-987134ca97db",
              "title": "type()",
              "fullFile": "/home/runner/work/ical-generator/ical-generator/test/alarm.ts",
              "file": "/test/alarm.ts",
              "beforeHooks": [],
              "afterHooks": [],
              "tests": [
                {
                  "title": "setter should return this",
                  "fullTitle": "ical-generator Alarm type() setter should return this",
                  "timedOut": false,
                  "duration": 1,
                  "state": "passed",
                  "speed": "fast",
                  "pass": true,
                  "fail": false,
                  "pending": false,
                  "context": null,
                  "code": "const a = new ICalAlarm({}, new ICalEvent({\n    start: new Date()\n}, new ICalCalendar()));\nassert.deepStrictEqual(a, a.type(ICalAlarmType.display));",
                  "err": {},
                  "uuid": "db488624-e117-4982-acff-6f4a36a34a03",
                  "parentUUID": "07667be7-c4da-4b8e-be6a-987134ca97db",
                  "isHook": false,
                  "skipped": false
                },
                {
                  "title": "getter should return value",
                  "fullTitle": "ical-generator Alarm type() getter should return value",
                  "timedOut": false,
                  "duration": 0,
                  "state": "passed",
                  "speed": "fast",
                  "pass": true,
                  "fail": false,
                  "pending": false,
                  "context": null,
                  "code": "const a = new ICalAlarm({}, new ICalEvent({\n    start: new Date()\n}, new ICalCalendar()));\nassert.strictEqual(a.type(), 'display');\na.type(ICalAlarmType.audio);\nassert.strictEqual(a.type(), 'audio');",
                  "err": {},
                  "uuid": "91e23176-9791-4b7e-a2f3-117d4771c395",
                  "parentUUID": "07667be7-c4da-4b8e-be6a-987134ca97db",
                  "isHook": false,
                  "skipped": false
                },
                {
                  "title": "should throw error when type not allowed",
                  "fullTitle": "ical-generator Alarm type() should throw error when type not allowed",
                  "timedOut": false,
                  "duration": 0,
                  "state": "passed",
                  "speed": "fast",
                  "pass": true,
                  "fail": false,
                  "pending": false,
                  "context": null,
                  "code": "const a = new ICalAlarm({}, new ICalEvent({\n    start: new Date()\n}, new ICalCalendar()));\nassert.throws(function () {\n    // @ts-ignore\n    a.type('BANANA');\n}, /`type`/);\nassert.throws(function () {\n    // @ts-ignore\n    a.type(null);\n}, /`type`/);",
                  "err": {},
                  "uuid": "754b845a-5c76-4a08-9506-a42030df06b0",
                  "parentUUID": "07667be7-c4da-4b8e-be6a-987134ca97db",
                  "isHook": false,
                  "skipped": false
                },
                {
                  "title": "should change something",
                  "fullTitle": "ical-generator Alarm type() should change something",
                  "timedOut": false,
                  "duration": 0,
                  "state": "passed",
                  "speed": "fast",
                  "pass": true,
                  "fail": false,
                  "pending": false,
                  "context": null,
                  "code": "const a = new ICalAlarm({}, new ICalEvent({ start: new Date() }, new ICalCalendar()));\nassert.ok(a.toString().indexOf('ACTION:DISPLAY') > -1);",
                  "err": {},
                  "uuid": "95426db2-c90e-4981-a546-6ef525fc3c28",
                  "parentUUID": "07667be7-c4da-4b8e-be6a-987134ca97db",
                  "isHook": false,
                  "skipped": false
                }
              ],
              "suites": [],
              "passes": [
                "db488624-e117-4982-acff-6f4a36a34a03",
                "91e23176-9791-4b7e-a2f3-117d4771c395",
                "754b845a-5c76-4a08-9506-a42030df06b0",
                "95426db2-c90e-4981-a546-6ef525fc3c28"
              ],
              "failures": [],
              "pending": [],
              "skipped": [],
              "duration": 1,
              "root": false,
              "rootEmpty": false,
              "_timeout": 2000
            },
            {
              "uuid": "8883a371-70a8-47e8-8c43-53157ab3bcab",
              "title": "trigger()",
              "fullFile": "/home/runner/work/ical-generator/ical-generator/test/alarm.ts",
              "file": "/test/alarm.ts",
              "beforeHooks": [],
              "afterHooks": [],
              "tests": [
                {
                  "title": "setter should return this",
                  "fullTitle": "ical-generator Alarm trigger() setter should return this",
                  "timedOut": false,
                  "duration": 1,
                  "state": "passed",
                  "speed": "fast",
                  "pass": true,
                  "fail": false,
                  "pending": false,
                  "context": null,
                  "code": "const a = new ICalAlarm({}, new ICalEvent({ start: new Date() }, new ICalCalendar()));\nassert.deepStrictEqual(a, a.trigger(60 * 10));",
                  "err": {},
                  "uuid": "e9581223-f249-4697-98eb-3a378aff164c",
                  "parentUUID": "8883a371-70a8-47e8-8c43-53157ab3bcab",
                  "isHook": false,
                  "skipped": false
                },
                {
                  "title": "getter should return value",
                  "fullTitle": "ical-generator Alarm trigger() getter should return value",
                  "timedOut": false,
                  "duration": 0,
                  "state": "passed",
                  "speed": "fast",
                  "pass": true,
                  "fail": false,
                  "pending": false,
                  "context": null,
                  "code": "const a = new ICalAlarm({}, new ICalEvent({ start: new Date() }, new ICalCalendar()));\nconst now = new Date();\nassert.strictEqual(a.trigger(), 600);\nassert.strictEqual(a.triggerAfter(), -600);\na.trigger(300);\nassert.strictEqual(a.trigger(), 300);\nassert.strictEqual(a.triggerAfter(), -300);\n// Date\na.trigger(now);\nconst dateResult = a.trigger();\nassert.deepStrictEqual(dateResult, now);",
                  "err": {},
                  "uuid": "8a082462-cb7c-4adf-bab0-024849a2fc36",
                  "parentUUID": "8883a371-70a8-47e8-8c43-53157ab3bcab",
                  "isHook": false,
                  "skipped": false
                },
                {
                  "title": "should throw error when trigger not allowed",
                  "fullTitle": "ical-generator Alarm trigger() should throw error when trigger not allowed",
                  "timedOut": false,
                  "duration": 0,
                  "state": "passed",
                  "speed": "fast",
                  "pass": true,
                  "fail": false,
                  "pending": false,
                  "context": null,
                  "code": "const a = new ICalAlarm({}, new ICalEvent({ start: new Date() }, new ICalCalendar()));\nassert.throws(function () {\n    a.trigger(Infinity);\n}, /`trigger`/);\nassert.throws(function () {\n    // @ts-ignore\n    a.trigger('hi');\n}, /`trigger`/);\nassert.throws(function () {\n    // @ts-ignore\n    a.trigger(true);\n}, /`trigger`/);",
                  "err": {},
                  "uuid": "ce553884-b908-4be4-b7fa-95a5a62f5788",
                  "parentUUID": "8883a371-70a8-47e8-8c43-53157ab3bcab",
                  "isHook": false,
                  "skipped": false
                },
                {
                  "title": "setter should work with date",
                  "fullTitle": "ical-generator Alarm trigger() setter should work with date",
                  "timedOut": false,
                  "duration": 0,
                  "state": "passed",
                  "speed": "fast",
                  "pass": true,
                  "fail": false,
                  "pending": false,
                  "context": null,
                  "code": "const a = new ICalAlarm({}, new ICalEvent({ start: new Date() }, new ICalCalendar()));\na.trigger(new Date());\nassert.ok(a.trigger() instanceof Date);",
                  "err": {},
                  "uuid": "49914279-0b49-443b-8bb2-51337f279c8f",
                  "parentUUID": "8883a371-70a8-47e8-8c43-53157ab3bcab",
                  "isHook": false,
                  "skipped": false
                },
                {
                  "title": "setter should work with moment instance",
                  "fullTitle": "ical-generator Alarm trigger() setter should work with moment instance",
                  "timedOut": false,
                  "duration": 0,
                  "state": "passed",
                  "speed": "fast",
                  "pass": true,
                  "fail": false,
                  "pending": false,
                  "context": null,
                  "code": "const a = new ICalAlarm({}, new ICalEvent({ start: new Date() }, new ICalCalendar()));\na.trigger(moment());\nassert.ok(moment.isMoment(a.trigger()));",
                  "err": {},
                  "uuid": "ab67929b-f9df-4d12-ac8c-006a62acb412",
                  "parentUUID": "8883a371-70a8-47e8-8c43-53157ab3bcab",
                  "isHook": false,
                  "skipped": false
                },
                {
                  "title": "setter should work with number",
                  "fullTitle": "ical-generator Alarm trigger() setter should work with number",
                  "timedOut": false,
                  "duration": 0,
                  "state": "passed",
                  "speed": "fast",
                  "pass": true,
                  "fail": false,
                  "pending": false,
                  "context": null,
                  "code": "const a = new ICalAlarm({}, new ICalEvent({ start: new Date() }, new ICalCalendar()));\na.trigger(2 * 60);\nassert.strictEqual(a.trigger(), 120);",
                  "err": {},
                  "uuid": "f056673d-7366-40bb-aa67-9d8d051eb847",
                  "parentUUID": "8883a371-70a8-47e8-8c43-53157ab3bcab",
                  "isHook": false,
                  "skipped": false
                },
                {
                  "title": "should change something",
                  "fullTitle": "ical-generator Alarm trigger() should change something",
                  "timedOut": false,
                  "duration": 2,
                  "state": "passed",
                  "speed": "fast",
                  "pass": true,
                  "fail": false,
                  "pending": false,
                  "context": null,
                  "code": "const trigger = moment('2015-02-01T13:38:45.000Z');\nconst a = new ICalAlarm({}, new ICalEvent({ start: new Date() }, new ICalCalendar()));\nassert.ok(a.toString().includes('TRIGGER:-PT10M'));\na.trigger(trigger);\nassert.ok(a.toString().includes('TRIGGER;VALUE=DATE-TIME:20150201T133845Z'));",
                  "err": {},
                  "uuid": "d8f41d78-fd6c-4230-9d61-261ed6b6adbd",
                  "parentUUID": "8883a371-70a8-47e8-8c43-53157ab3bcab",
                  "isHook": false,
                  "skipped": false
                }
              ],
              "suites": [],
              "passes": [
                "e9581223-f249-4697-98eb-3a378aff164c",
                "8a082462-cb7c-4adf-bab0-024849a2fc36",
                "ce553884-b908-4be4-b7fa-95a5a62f5788",
                "49914279-0b49-443b-8bb2-51337f279c8f",
                "ab67929b-f9df-4d12-ac8c-006a62acb412",
                "f056673d-7366-40bb-aa67-9d8d051eb847",
                "d8f41d78-fd6c-4230-9d61-261ed6b6adbd"
              ],
              "failures": [],
              "pending": [],
              "skipped": [],
              "duration": 3,
              "root": false,
              "rootEmpty": false,
              "_timeout": 2000
            },
            {
              "uuid": "bedfb499-59a4-4aae-b490-ff2a1e3f3ec8",
              "title": "triggerAfter()",
              "fullFile": "/home/runner/work/ical-generator/ical-generator/test/alarm.ts",
              "file": "/test/alarm.ts",
              "beforeHooks": [],
              "afterHooks": [],
              "tests": [
                {
                  "title": "setter should return this",
                  "fullTitle": "ical-generator Alarm triggerAfter() setter should return this",
                  "timedOut": false,
                  "duration": 0,
                  "state": "passed",
                  "speed": "fast",
                  "pass": true,
                  "fail": false,
                  "pending": false,
                  "context": null,
                  "code": "const a = new ICalAlarm({}, new ICalEvent({ start: new Date() }, new ICalCalendar()));\nassert.deepStrictEqual(a, a.triggerAfter(60 * 10));",
                  "err": {},
                  "uuid": "bb3f7692-e429-4348-a62e-ef37c38cbaa2",
                  "parentUUID": "bedfb499-59a4-4aae-b490-ff2a1e3f3ec8",
                  "isHook": false,
                  "skipped": false
                },
                {
                  "title": "getter should return value",
                  "fullTitle": "ical-generator Alarm triggerAfter() getter should return value",
                  "timedOut": false,
                  "duration": 0,
                  "state": "passed",
                  "speed": "fast",
                  "pass": true,
                  "fail": false,
                  "pending": false,
                  "context": null,
                  "code": "const a = new ICalAlarm({}, new ICalEvent({ start: new Date() }, new ICalCalendar())).triggerAfter(300);\nassert.strictEqual(a.triggerAfter(), 300);\nassert.strictEqual(a.trigger(), -300);",
                  "err": {},
                  "uuid": "7ccc4bc3-907b-4a07-a85f-9641590668fb",
                  "parentUUID": "bedfb499-59a4-4aae-b490-ff2a1e3f3ec8",
                  "isHook": false,
                  "skipped": false
                },
                {
                  "title": "setter should work with number",
                  "fullTitle": "ical-generator Alarm triggerAfter() setter should work with number",
                  "timedOut": false,
                  "duration": 0,
                  "state": "passed",
                  "speed": "fast",
                  "pass": true,
                  "fail": false,
                  "pending": false,
                  "context": null,
                  "code": "const a = new ICalAlarm({}, new ICalEvent({ start: new Date() }, new ICalCalendar()));\na.triggerAfter(120);\nassert.strictEqual(a.trigger(), -120);",
                  "err": {},
                  "uuid": "b0cf3667-73ff-4ce8-aa04-88cff79e5464",
                  "parentUUID": "bedfb499-59a4-4aae-b490-ff2a1e3f3ec8",
                  "isHook": false,
                  "skipped": false
                },
                {
                  "title": "setter should throw error when trigger not allowed",
                  "fullTitle": "ical-generator Alarm triggerAfter() setter should throw error when trigger not allowed",
                  "timedOut": false,
                  "duration": 0,
                  "state": "passed",
                  "speed": "fast",
                  "pass": true,
                  "fail": false,
                  "pending": false,
                  "context": null,
                  "code": "const a = new ICalAlarm({}, new ICalEvent({ start: new Date() }, new ICalCalendar()));\nassert.throws(function () {\n    a.triggerAfter(Infinity);\n}, /`trigger`/);\nassert.throws(function () {\n    // @ts-ignore\n    a.triggerAfter('hi');\n}, /`trigger`/);\nassert.throws(function () {\n    // @ts-ignore\n    a.triggerAfter(true);\n}, /`trigger`/);",
                  "err": {},
                  "uuid": "833bd1ea-ad22-4d0d-91ce-def16d967e56",
                  "parentUUID": "bedfb499-59a4-4aae-b490-ff2a1e3f3ec8",
                  "isHook": false,
                  "skipped": false
                },
                {
                  "title": "should change something",
                  "fullTitle": "ical-generator Alarm triggerAfter() should change something",
                  "timedOut": false,
                  "duration": 1,
                  "state": "passed",
                  "speed": "fast",
                  "pass": true,
                  "fail": false,
                  "pending": false,
                  "context": null,
                  "code": "const trigger = moment('20150201T133845Z');\nconst a = new ICalAlarm({ triggerAfter: 600 }, new ICalEvent({ start: new Date() }, new ICalCalendar()));\nassert.ok(a.toString().indexOf('TRIGGER;RELATED=END:PT10M') > -1);\na.triggerAfter(trigger);\nassert.ok(a.toString().indexOf('TRIGGER;VALUE=DATE-TIME:20150201T133845Z') > -1);",
                  "err": {},
                  "uuid": "63e8ee99-7a16-422a-b1ae-b854cb5c2745",
                  "parentUUID": "bedfb499-59a4-4aae-b490-ff2a1e3f3ec8",
                  "isHook": false,
                  "skipped": false
                }
              ],
              "suites": [],
              "passes": [
                "bb3f7692-e429-4348-a62e-ef37c38cbaa2",
                "7ccc4bc3-907b-4a07-a85f-9641590668fb",
                "b0cf3667-73ff-4ce8-aa04-88cff79e5464",
                "833bd1ea-ad22-4d0d-91ce-def16d967e56",
                "63e8ee99-7a16-422a-b1ae-b854cb5c2745"
              ],
              "failures": [],
              "pending": [],
              "skipped": [],
              "duration": 1,
              "root": false,
              "rootEmpty": false,
              "_timeout": 2000
            },
            {
              "uuid": "b7d6938b-1cdb-400a-8818-a85ea2608d41",
              "title": "triggerBefore()",
              "fullFile": "/home/runner/work/ical-generator/ical-generator/test/alarm.ts",
              "file": "/test/alarm.ts",
              "beforeHooks": [],
              "afterHooks": [],
              "tests": [
                {
                  "title": "setter should return this",
                  "fullTitle": "ical-generator Alarm triggerBefore() setter should return this",
                  "timedOut": false,
                  "duration": 0,
                  "state": "passed",
                  "speed": "fast",
                  "pass": true,
                  "fail": false,
                  "pending": false,
                  "context": null,
                  "code": "const a = new ICalAlarm({}, new ICalEvent({ start: new Date() }, new ICalCalendar()));\nassert.deepStrictEqual(a, a.triggerBefore(60 * 10));",
                  "err": {},
                  "uuid": "97d03af3-47cb-448d-b5f9-3c2070b8f7d9",
                  "parentUUID": "b7d6938b-1cdb-400a-8818-a85ea2608d41",
                  "isHook": false,
                  "skipped": false
                },
                {
                  "title": "getter should return value",
                  "fullTitle": "ical-generator Alarm triggerBefore() getter should return value",
                  "timedOut": false,
                  "duration": 0,
                  "state": "passed",
                  "speed": "fast",
                  "pass": true,
                  "fail": false,
                  "pending": false,
                  "context": null,
                  "code": "const a = new ICalAlarm({}, new ICalEvent({ start: new Date() }, new ICalCalendar()));\nconst now = new Date();\nassert.strictEqual(a.triggerBefore(), 600);\na.trigger(300);\nassert.strictEqual(a.triggerBefore(), 300);\n// Date\na.trigger(now);\nconst dateResult = a.triggerBefore();\nassert.deepStrictEqual(dateResult, now);",
                  "err": {},
                  "uuid": "357a1a54-fe62-4199-94bf-b7829c41bd6b",
                  "parentUUID": "b7d6938b-1cdb-400a-8818-a85ea2608d41",
                  "isHook": false,
                  "skipped": false
                },
                {
                  "title": "should throw error when trigger not allowed",
                  "fullTitle": "ical-generator Alarm triggerBefore() should throw error when trigger not allowed",
                  "timedOut": false,
                  "duration": 0,
                  "state": "passed",
                  "speed": "fast",
                  "pass": true,
                  "fail": false,
                  "pending": false,
                  "context": null,
                  "code": "const a = new ICalAlarm({}, new ICalEvent({ start: new Date() }, new ICalCalendar()));\nassert.throws(function () {\n    a.triggerBefore(Infinity);\n}, /`trigger`/);\nassert.throws(function () {\n    // @ts-ignore\n    a.triggerBefore('hi');\n}, /`trigger`/);\nassert.throws(function () {\n    // @ts-ignore\n    a.triggerBefore(true);\n}, /`trigger`/);",
                  "err": {},
                  "uuid": "82e50b50-3609-4639-98c7-ce5f82be0077",
                  "parentUUID": "b7d6938b-1cdb-400a-8818-a85ea2608d41",
                  "isHook": false,
                  "skipped": false
                },
                {
                  "title": "setter should work with date",
                  "fullTitle": "ical-generator Alarm triggerBefore() setter should work with date",
                  "timedOut": false,
                  "duration": 0,
                  "state": "passed",
                  "speed": "fast",
                  "pass": true,
                  "fail": false,
                  "pending": false,
                  "context": null,
                  "code": "const a = new ICalAlarm({}, new ICalEvent({ start: new Date() }, new ICalCalendar()));\nconst now = new Date();\na.triggerBefore(now);\nassert.deepStrictEqual(a.trigger(), now);",
                  "err": {},
                  "uuid": "28c48139-791c-4786-af62-6aff393250cc",
                  "parentUUID": "b7d6938b-1cdb-400a-8818-a85ea2608d41",
                  "isHook": false,
                  "skipped": false
                },
                {
                  "title": "setter should work with moment instance",
                  "fullTitle": "ical-generator Alarm triggerBefore() setter should work with moment instance",
                  "timedOut": false,
                  "duration": 0,
                  "state": "passed",
                  "speed": "fast",
                  "pass": true,
                  "fail": false,
                  "pending": false,
                  "context": null,
                  "code": "const a = new ICalAlarm({ triggerBefore: moment() }, new ICalEvent({ start: new Date() }, new ICalCalendar()));\nassert.ok(moment.isMoment(a.trigger()));",
                  "err": {},
                  "uuid": "2778efee-d011-46a4-bf3d-5931988bd03d",
                  "parentUUID": "b7d6938b-1cdb-400a-8818-a85ea2608d41",
                  "isHook": false,
                  "skipped": false
                },
                {
                  "title": "setter should work with number",
                  "fullTitle": "ical-generator Alarm triggerBefore() setter should work with number",
                  "timedOut": false,
                  "duration": 0,
                  "state": "passed",
                  "speed": "fast",
                  "pass": true,
                  "fail": false,
                  "pending": false,
                  "context": null,
                  "code": "const a = new ICalAlarm({}, new ICalEvent({ start: new Date() }, new ICalCalendar()));\na.triggerBefore(2 * 60);\nassert.strictEqual(a.trigger(), 120);",
                  "err": {},
                  "uuid": "c55cb85e-790d-47db-b30c-b3116a1a2efb",
                  "parentUUID": "b7d6938b-1cdb-400a-8818-a85ea2608d41",
                  "isHook": false,
                  "skipped": false
                },
                {
                  "title": "should change something",
                  "fullTitle": "ical-generator Alarm triggerBefore() should change something",
                  "timedOut": false,
                  "duration": 0,
                  "state": "passed",
                  "speed": "fast",
                  "pass": true,
                  "fail": false,
                  "pending": false,
                  "context": null,
                  "code": "const trigger = moment('2015-02-01T13:38:45.000Z');\nconst a = new ICalAlarm({}, new ICalEvent({ start: new Date() }, new ICalCalendar()));\nassert.ok(a.toString().indexOf('TRIGGER:-PT10M') > -1);\na.triggerBefore(trigger);\nassert.ok(a.toString().indexOf('TRIGGER;VALUE=DATE-TIME:20150201T133845Z') > -1);",
                  "err": {},
                  "uuid": "beeeb87a-4314-4c37-9abd-faecb97c80c5",
                  "parentUUID": "b7d6938b-1cdb-400a-8818-a85ea2608d41",
                  "isHook": false,
                  "skipped": false
                }
              ],
              "suites": [],
              "passes": [
                "97d03af3-47cb-448d-b5f9-3c2070b8f7d9",
                "357a1a54-fe62-4199-94bf-b7829c41bd6b",
                "82e50b50-3609-4639-98c7-ce5f82be0077",
                "28c48139-791c-4786-af62-6aff393250cc",
                "2778efee-d011-46a4-bf3d-5931988bd03d",
                "c55cb85e-790d-47db-b30c-b3116a1a2efb",
                "beeeb87a-4314-4c37-9abd-faecb97c80c5"
              ],
              "failures": [],
              "pending": [],
              "skipped": [],
              "duration": 0,
              "root": false,
              "rootEmpty": false,
              "_timeout": 2000
            },
            {
              "uuid": "76d8e6f5-1466-4c3f-a917-19579d882645",
              "title": "relatesTo()",
              "fullFile": "/home/runner/work/ical-generator/ical-generator/test/alarm.ts",
              "file": "/test/alarm.ts",
              "beforeHooks": [],
              "afterHooks": [],
              "tests": [
                {
                  "title": "setter should return this",
                  "fullTitle": "ical-generator Alarm relatesTo() setter should return this",
                  "timedOut": false,
                  "duration": 0,
                  "state": "passed",
                  "speed": "fast",
                  "pass": true,
                  "fail": false,
                  "pending": false,
                  "context": null,
                  "code": "const a = new ICalAlarm({}, new ICalEvent({ start: new Date() }, new ICalCalendar()));\nassert.deepStrictEqual(a, a.relatesTo(null));\nassert.deepStrictEqual(a, a.relatesTo(ICalAlarmRelatesTo.end));",
                  "err": {},
                  "uuid": "5f4ae645-ebef-45b2-b82f-7dff2fe74e3c",
                  "parentUUID": "76d8e6f5-1466-4c3f-a917-19579d882645",
                  "isHook": false,
                  "skipped": false
                },
                {
                  "title": "getter should return value",
                  "fullTitle": "ical-generator Alarm relatesTo() getter should return value",
                  "timedOut": false,
                  "duration": 0,
                  "state": "passed",
                  "speed": "fast",
                  "pass": true,
                  "fail": false,
                  "pending": false,
                  "context": null,
                  "code": "const a = new ICalAlarm({}, new ICalEvent({ start: new Date() }, new ICalCalendar()));\na.relatesTo(ICalAlarmRelatesTo.end);\nassert.strictEqual(a.relatesTo(), ICalAlarmRelatesTo.end);\na.relatesTo(null);\nassert.strictEqual(a.relatesTo(), null);",
                  "err": {},
                  "uuid": "755f1520-9c56-4b89-849a-efcd6c339e59",
                  "parentUUID": "76d8e6f5-1466-4c3f-a917-19579d882645",
                  "isHook": false,
                  "skipped": false
                },
                {
                  "title": "should throw if value is not `null`, \"START\" or \"END\"",
                  "fullTitle": "ical-generator Alarm relatesTo() should throw if value is not `null`, \"START\" or \"END\"",
                  "timedOut": false,
                  "duration": 0,
                  "state": "passed",
                  "speed": "fast",
                  "pass": true,
                  "fail": false,
                  "pending": false,
                  "context": null,
                  "code": "const a = new ICalAlarm({}, new ICalEvent({ start: new Date() }, new ICalCalendar()));\nassert.throws(function () {\n    // @ts-ignore\n    a.relatesTo('hi');\n}, /`relatesTo`/);\nassert.throws(function () {\n    // @ts-ignore\n    a.relatesTo(true);\n}, /`relatesTo`/);\nassert.throws(function () {\n    // @ts-ignore\n    a.relatesTo(Infinity);\n}, /`relatesTo`/);",
                  "err": {},
                  "uuid": "0b24f51b-443e-44c5-9e4d-6b5ee9a2b0d6",
                  "parentUUID": "76d8e6f5-1466-4c3f-a917-19579d882645",
                  "isHook": false,
                  "skipped": false
                },
                {
                  "title": "should change RELATED",
                  "fullTitle": "ical-generator Alarm relatesTo() should change RELATED",
                  "timedOut": false,
                  "duration": 0,
                  "state": "passed",
                  "speed": "fast",
                  "pass": true,
                  "fail": false,
                  "pending": false,
                  "context": null,
                  "code": "const a = new ICalAlarm({}, new ICalEvent({ start: new Date() }, new ICalCalendar()));\nassert.ok(a.toString().indexOf('RELATED=START') === -1);\na.relatesTo(ICalAlarmRelatesTo.start);\nassert.ok(a.toString().indexOf('RELATED=START') > -1);\na.relatesTo(ICalAlarmRelatesTo.end);\nassert.ok(a.toString().indexOf('RELATED=END') > -1);",
                  "err": {},
                  "uuid": "56adc71c-9553-4617-83fe-9118af843bd5",
                  "parentUUID": "76d8e6f5-1466-4c3f-a917-19579d882645",
                  "isHook": false,
                  "skipped": false
                }
              ],
              "suites": [],
              "passes": [
                "5f4ae645-ebef-45b2-b82f-7dff2fe74e3c",
                "755f1520-9c56-4b89-849a-efcd6c339e59",
                "0b24f51b-443e-44c5-9e4d-6b5ee9a2b0d6",
                "56adc71c-9553-4617-83fe-9118af843bd5"
              ],
              "failures": [],
              "pending": [],
              "skipped": [],
              "duration": 0,
              "root": false,
              "rootEmpty": false,
              "_timeout": 2000
            },
            {
              "uuid": "18f1b518-7500-447b-8f39-1e6e6e5b0fcf",
              "title": "repeat()",
              "fullFile": "/home/runner/work/ical-generator/ical-generator/test/alarm.ts",
              "file": "/test/alarm.ts",
              "beforeHooks": [],
              "afterHooks": [],
              "tests": [
                {
                  "title": "setter should return this",
                  "fullTitle": "ical-generator Alarm repeat() setter should return this",
                  "timedOut": false,
                  "duration": 0,
                  "state": "passed",
                  "speed": "fast",
                  "pass": true,
                  "fail": false,
                  "pending": false,
                  "context": null,
                  "code": "const a = new ICalAlarm({}, new ICalEvent({ start: new Date() }, new ICalCalendar()));\nassert.deepStrictEqual(a, a.repeat({\n    times: 4,\n    interval: 60\n}));",
                  "err": {},
                  "uuid": "a7dd8e49-e317-4403-9125-a4f9916d084f",
                  "parentUUID": "18f1b518-7500-447b-8f39-1e6e6e5b0fcf",
                  "isHook": false,
                  "skipped": false
                },
                {
                  "title": "getter should return value",
                  "fullTitle": "ical-generator Alarm repeat() getter should return value",
                  "timedOut": false,
                  "duration": 0,
                  "state": "passed",
                  "speed": "fast",
                  "pass": true,
                  "fail": false,
                  "pending": false,
                  "context": null,
                  "code": "const a = new ICalAlarm({}, new ICalEvent({ start: new Date() }, new ICalCalendar()));\nassert.strictEqual(a.repeat(), null);\na.repeat({ times: 4, interval: 60 });\nassert.deepStrictEqual(a.repeat(), { times: 4, interval: 60 });",
                  "err": {},
                  "uuid": "12c0381b-1f08-4a98-a581-3dc8ecce7a6b",
                  "parentUUID": "18f1b518-7500-447b-8f39-1e6e6e5b0fcf",
                  "isHook": false,
                  "skipped": false
                },
                {
                  "title": "should throw error if repeat not allowed",
                  "fullTitle": "ical-generator Alarm repeat() should throw error if repeat not allowed",
                  "timedOut": false,
                  "duration": 0,
                  "state": "passed",
                  "speed": "fast",
                  "pass": true,
                  "fail": false,
                  "pending": false,
                  "context": null,
                  "code": "const a = new ICalAlarm({}, new ICalEvent({ start: new Date() }, new ICalCalendar()));\nassert.throws(function () {\n    a.repeat({\n        times: Infinity,\n        interval: 60\n    });\n}, /`repeat.times`/);\nassert.throws(function () {\n    a.repeat({\n        // @ts-ignore\n        times: 'hi',\n        interval: 60\n    });\n}, /`repeat.times`/);\nassert.throws(function () {\n    a.repeat({\n        // @ts-ignore\n        times: true,\n        interval: 60\n    });\n}, /`repeat.times`/);\nassert.throws(function () {\n    a.repeat({\n        times: 4,\n        interval: Infinity\n    });\n}, /`repeat.interval`/);\nassert.throws(function () {\n    a.repeat({\n        times: 4,\n        // @ts-ignore\n        interval: 'hi'\n    });\n}, /`repeat.interval`/);\nassert.throws(function () {\n    a.repeat({\n        times: 4,\n        // @ts-ignore\n        interval: true\n    });\n}, /`repeat.interval`/);",
                  "err": {},
                  "uuid": "d67bc23a-2995-47e7-99ec-eb1694b6835c",
                  "parentUUID": "18f1b518-7500-447b-8f39-1e6e6e5b0fcf",
                  "isHook": false,
                  "skipped": false
                },
                {
                  "title": "should change something",
                  "fullTitle": "ical-generator Alarm repeat() should change something",
                  "timedOut": false,
                  "duration": 0,
                  "state": "passed",
                  "speed": "fast",
                  "pass": true,
                  "fail": false,
                  "pending": false,
                  "context": null,
                  "code": "const a = new ICalAlarm({\n    trigger: 300,\n    repeat: {\n        times: 42,\n        interval: 90\n    }\n}, new ICalEvent({ start: new Date() }, new ICalCalendar()));\nassert.ok(a.toString().includes('REPEAT:42'));\nassert.ok(a.toString().includes('DURATION:PT1M30S'));\na.repeat(null);\nassert.ok(!a.toString().includes('REPEAT:42'));\nassert.ok(!a.toString().includes('DURATION:PT1M30S'));",
                  "err": {},
                  "uuid": "7272e1e3-49bc-4cf9-8c92-06e72873f19c",
                  "parentUUID": "18f1b518-7500-447b-8f39-1e6e6e5b0fcf",
                  "isHook": false,
                  "skipped": false
                },
                {
                  "title": "should throw an error if repeat is set but interval isn't",
                  "fullTitle": "ical-generator Alarm repeat() should throw an error if repeat is set but interval isn't",
                  "timedOut": false,
                  "duration": 0,
                  "state": "passed",
                  "speed": "fast",
                  "pass": true,
                  "fail": false,
                  "pending": false,
                  "context": null,
                  "code": "assert.throws(function () {\n    new ICalAlarm({\n        trigger: 300,\n        repeat: {\n            times: 4,\n            // @ts-ignore\n            interval: null\n        }\n    }, new ICalEvent({ start: new Date() }, new ICalCalendar()));\n}, /`repeat.interval`/);",
                  "err": {},
                  "uuid": "3220c7fb-2b75-4158-ab6b-45ba71869fb9",
                  "parentUUID": "18f1b518-7500-447b-8f39-1e6e6e5b0fcf",
                  "isHook": false,
                  "skipped": false
                },
                {
                  "title": "should throw an error if interval is set but repeat isn't",
                  "fullTitle": "ical-generator Alarm repeat() should throw an error if interval is set but repeat isn't",
                  "timedOut": false,
                  "duration": 0,
                  "state": "passed",
                  "speed": "fast",
                  "pass": true,
                  "fail": false,
                  "pending": false,
                  "context": null,
                  "code": "assert.throws(function () {\n    new ICalAlarm({\n        trigger: 300,\n        repeat: {\n            // @ts-ignore\n            times: null,\n            interval: 60\n        }\n    }, new ICalEvent({ start: new Date() }, new ICalCalendar()));\n}, /`repeat.times`/);",
                  "err": {},
                  "uuid": "cd80f20e-fd8b-46a3-ad1f-3f8749bedbdd",
                  "parentUUID": "18f1b518-7500-447b-8f39-1e6e6e5b0fcf",
                  "isHook": false,
                  "skipped": false
                },
                {
                  "title": "should throw an error if interval is of wrong type",
                  "fullTitle": "ical-generator Alarm repeat() should throw an error if interval is of wrong type",
                  "timedOut": false,
                  "duration": 0,
                  "state": "passed",
                  "speed": "fast",
                  "pass": true,
                  "fail": false,
                  "pending": false,
                  "context": null,
                  "code": "assert.throws(function () {\n    new ICalAlarm({\n        trigger: 300,\n        // @ts-ignore\n        repeat: true\n    }, new ICalEvent({ start: new Date() }, new ICalCalendar()));\n}, /`repeat` is not correct, must be an object!/);",
                  "err": {},
                  "uuid": "9d5e8efd-0554-443c-a143-07c77536b676",
                  "parentUUID": "18f1b518-7500-447b-8f39-1e6e6e5b0fcf",
                  "isHook": false,
                  "skipped": false
                }
              ],
              "suites": [],
              "passes": [
                "a7dd8e49-e317-4403-9125-a4f9916d084f",
                "12c0381b-1f08-4a98-a581-3dc8ecce7a6b",
                "d67bc23a-2995-47e7-99ec-eb1694b6835c",
                "7272e1e3-49bc-4cf9-8c92-06e72873f19c",
                "3220c7fb-2b75-4158-ab6b-45ba71869fb9",
                "cd80f20e-fd8b-46a3-ad1f-3f8749bedbdd",
                "9d5e8efd-0554-443c-a143-07c77536b676"
              ],
              "failures": [],
              "pending": [],
              "skipped": [],
              "duration": 0,
              "root": false,
              "rootEmpty": false,
              "_timeout": 2000
            },
            {
              "uuid": "ea2a2cf1-cef6-496a-b73c-8a5a35e5712b",
              "title": "attach()",
              "fullFile": "/home/runner/work/ical-generator/ical-generator/test/alarm.ts",
              "file": "/test/alarm.ts",
              "beforeHooks": [],
              "afterHooks": [],
              "tests": [
                {
                  "title": "setter should return this",
                  "fullTitle": "ical-generator Alarm attach() setter should return this",
                  "timedOut": false,
                  "duration": 1,
                  "state": "passed",
                  "speed": "fast",
                  "pass": true,
                  "fail": false,
                  "pending": false,
                  "context": null,
                  "code": "const a = new ICalAlarm({}, new ICalEvent({ start: new Date() }, new ICalCalendar()));\nassert.deepStrictEqual(a, a.attach(null));\nassert.deepStrictEqual(a, a.attach('https://sebbo.net/beep.aud'));",
                  "err": {},
                  "uuid": "b4dc49d1-b860-47ea-a6b6-22acb532242d",
                  "parentUUID": "ea2a2cf1-cef6-496a-b73c-8a5a35e5712b",
                  "isHook": false,
                  "skipped": false
                },
                {
                  "title": "getter should return value",
                  "fullTitle": "ical-generator Alarm attach() getter should return value",
                  "timedOut": false,
                  "duration": 0,
                  "state": "passed",
                  "speed": "fast",
                  "pass": true,
                  "fail": false,
                  "pending": false,
                  "context": null,
                  "code": "const t = { uri: 'https://example.com/alarm.aud', mime: 'audio/basic' };\nconst a = new ICalAlarm({}, new ICalEvent({ start: new Date() }, new ICalCalendar()));\nassert.strictEqual(a.attach(), null);\na.attach(t);\nassert.deepStrictEqual(a.attach(), t);\na.attach('https://www.example.com/beep.aud');\nassert.deepStrictEqual(a.attach(), {\n    uri: 'https://www.example.com/beep.aud',\n    mime: null\n});\na.attach({\n    uri: 'https://www.example.com/beep.aud'\n});\nassert.deepStrictEqual(a.attach(), {\n    uri: 'https://www.example.com/beep.aud',\n    mime: null\n});\na.attach(null);\nassert.strictEqual(a.attach(), null);",
                  "err": {},
                  "uuid": "3f8d842e-f7e0-48c4-aa3a-6e06d22b8a36",
                  "parentUUID": "ea2a2cf1-cef6-496a-b73c-8a5a35e5712b",
                  "isHook": false,
                  "skipped": false
                },
                {
                  "title": "should throw error withour uri",
                  "fullTitle": "ical-generator Alarm attach() should throw error withour uri",
                  "timedOut": false,
                  "duration": 0,
                  "state": "passed",
                  "speed": "fast",
                  "pass": true,
                  "fail": false,
                  "pending": false,
                  "context": null,
                  "code": "const a = new ICalAlarm({}, new ICalEvent({ start: new Date() }, new ICalCalendar()));\nassert.throws(function () {\n    // @ts-ignore\n    a.attach({ mime: 'audio/basic' });\n}, /`attach.uri`/);",
                  "err": {},
                  "uuid": "a050226f-9abd-4a3f-8b35-53cbb08f0f17",
                  "parentUUID": "ea2a2cf1-cef6-496a-b73c-8a5a35e5712b",
                  "isHook": false,
                  "skipped": false
                },
                {
                  "title": "should throw error when unknown format",
                  "fullTitle": "ical-generator Alarm attach() should throw error when unknown format",
                  "timedOut": false,
                  "duration": 0,
                  "state": "passed",
                  "speed": "fast",
                  "pass": true,
                  "fail": false,
                  "pending": false,
                  "context": null,
                  "code": "const a = new ICalAlarm({}, new ICalEvent({ start: new Date() }, new ICalCalendar()));\nassert.throws(function () {\n    // @ts-ignore\n    a.attach(Infinity);\n}, /`attachment`/);",
                  "err": {},
                  "uuid": "5606920e-edd2-4471-9606-7f4bb48cb3bd",
                  "parentUUID": "ea2a2cf1-cef6-496a-b73c-8a5a35e5712b",
                  "isHook": false,
                  "skipped": false
                },
                {
                  "title": "should change something",
                  "fullTitle": "ical-generator Alarm attach() should change something",
                  "timedOut": false,
                  "duration": 0,
                  "state": "passed",
                  "speed": "fast",
                  "pass": true,
                  "fail": false,
                  "pending": false,
                  "context": null,
                  "code": "const a = new ICalAlarm({ type: ICalAlarmType.audio }, new ICalEvent({ start: new Date() }, new ICalCalendar()));\nassert.ok(a.toString().indexOf('\\r\\nATTACH;VALUE=URI:Basso') > -1);\na.attach('https://example.com/beep.aud');\nassert.ok(a.toString().indexOf('\\r\\nATTACH;VALUE=URI:https://example.com/beep.aud') > -1);\na.attach({\n    uri: 'https://example.com/beep.aud',\n    mime: 'audio/basic'\n});\nassert.ok(a.toString().indexOf('\\r\\nATTACH;FMTTYPE=audio/basic:https://example.com/beep.aud') > -1);",
                  "err": {},
                  "uuid": "43d9f82e-f558-4882-9a75-e836119a1b37",
                  "parentUUID": "ea2a2cf1-cef6-496a-b73c-8a5a35e5712b",
                  "isHook": false,
                  "skipped": false
                }
              ],
              "suites": [],
              "passes": [
                "b4dc49d1-b860-47ea-a6b6-22acb532242d",
                "3f8d842e-f7e0-48c4-aa3a-6e06d22b8a36",
                "a050226f-9abd-4a3f-8b35-53cbb08f0f17",
                "5606920e-edd2-4471-9606-7f4bb48cb3bd",
                "43d9f82e-f558-4882-9a75-e836119a1b37"
              ],
              "failures": [],
              "pending": [],
              "skipped": [],
              "duration": 1,
              "root": false,
              "rootEmpty": false,
              "_timeout": 2000
            },
            {
              "uuid": "de9cfdc7-f570-4ab9-ad17-49325aa7b30a",
              "title": "description()",
              "fullFile": "/home/runner/work/ical-generator/ical-generator/test/alarm.ts",
              "file": "/test/alarm.ts",
              "beforeHooks": [],
              "afterHooks": [],
              "tests": [
                {
                  "title": "setter should return this",
                  "fullTitle": "ical-generator Alarm description() setter should return this",
                  "timedOut": false,
                  "duration": 0,
                  "state": "passed",
                  "speed": "fast",
                  "pass": true,
                  "fail": false,
                  "pending": false,
                  "context": null,
                  "code": "const a = new ICalAlarm({}, new ICalEvent({ start: new Date() }, new ICalCalendar()));\nassert.deepStrictEqual(a, a.description(null));\nassert.deepStrictEqual(a, a.description('Hey Ho!'));",
                  "err": {},
                  "uuid": "62173c10-de9b-43e6-88a9-075ce865758a",
                  "parentUUID": "de9cfdc7-f570-4ab9-ad17-49325aa7b30a",
                  "isHook": false,
                  "skipped": false
                },
                {
                  "title": "getter should return value",
                  "fullTitle": "ical-generator Alarm description() getter should return value",
                  "timedOut": false,
                  "duration": 0,
                  "state": "passed",
                  "speed": "fast",
                  "pass": true,
                  "fail": false,
                  "pending": false,
                  "context": null,
                  "code": "const a = new ICalAlarm({}, new ICalEvent({ start: new Date() }, new ICalCalendar()));\nassert.deepStrictEqual(a.description(), null);\na.description('blablabla');\nassert.deepStrictEqual(a.description(), 'blablabla');\na.description(null);\nassert.deepStrictEqual(a.description(), null);",
                  "err": {},
                  "uuid": "61de09e7-79a0-4e10-9390-a5cf4618d3f4",
                  "parentUUID": "de9cfdc7-f570-4ab9-ad17-49325aa7b30a",
                  "isHook": false,
                  "skipped": false
                },
                {
                  "title": "should change something",
                  "fullTitle": "ical-generator Alarm description() should change something",
                  "timedOut": false,
                  "duration": 1,
                  "state": "passed",
                  "speed": "fast",
                  "pass": true,
                  "fail": false,
                  "pending": false,
                  "context": null,
                  "code": "const a = new ICalAlarm({\n    description: 'Huibuh!'\n}, new ICalEvent({ start: new Date() }, new ICalCalendar()));\nassert.ok(a.toString().indexOf('\\r\\nDESCRIPTION:Huibuh') > -1);",
                  "err": {},
                  "uuid": "427494f8-5f8a-4fd9-98c9-a9b33366d393",
                  "parentUUID": "de9cfdc7-f570-4ab9-ad17-49325aa7b30a",
                  "isHook": false,
                  "skipped": false
                },
                {
                  "title": "should fallback to event summary",
                  "fullTitle": "ical-generator Alarm description() should fallback to event summary",
                  "timedOut": false,
                  "duration": 0,
                  "state": "passed",
                  "speed": "fast",
                  "pass": true,
                  "fail": false,
                  "pending": false,
                  "context": null,
                  "code": "const a = new ICalAlarm({ description: 'Example Event' }, new ICalEvent({ start: new Date() }, new ICalCalendar()));\nassert.ok(a.toString().indexOf('\\r\\nDESCRIPTION:Example Event') > -1);",
                  "err": {},
                  "uuid": "1281727c-490a-4370-94ef-10fe76688eb6",
                  "parentUUID": "de9cfdc7-f570-4ab9-ad17-49325aa7b30a",
                  "isHook": false,
                  "skipped": false
                }
              ],
              "suites": [],
              "passes": [
                "62173c10-de9b-43e6-88a9-075ce865758a",
                "61de09e7-79a0-4e10-9390-a5cf4618d3f4",
                "427494f8-5f8a-4fd9-98c9-a9b33366d393",
                "1281727c-490a-4370-94ef-10fe76688eb6"
              ],
              "failures": [],
              "pending": [],
              "skipped": [],
              "duration": 1,
              "root": false,
              "rootEmpty": false,
              "_timeout": 2000
            },
            {
              "uuid": "b36213a2-8128-4eb9-8dc6-e47c9067ba5f",
              "title": "x()",
              "fullFile": "/home/runner/work/ical-generator/ical-generator/test/alarm.ts",
              "file": "/test/alarm.ts",
              "beforeHooks": [],
              "afterHooks": [],
              "tests": [
                {
                  "title": "is there",
                  "fullTitle": "ical-generator Alarm x() is there",
                  "timedOut": false,
                  "duration": 0,
                  "state": "passed",
                  "speed": "fast",
                  "pass": true,
                  "fail": false,
                  "pending": false,
                  "context": null,
                  "code": "const a = new ICalAlarm({}, new ICalEvent({ start: new Date() }, new ICalCalendar()));\nassert.deepStrictEqual(a, a.x('X-FOO', 'bar'));",
                  "err": {},
                  "uuid": "10ba69ec-6735-42bc-9ef0-05d9e6dc0eda",
                  "parentUUID": "b36213a2-8128-4eb9-8dc6-e47c9067ba5f",
                  "isHook": false,
                  "skipped": false
                }
              ],
              "suites": [],
              "passes": [
                "10ba69ec-6735-42bc-9ef0-05d9e6dc0eda"
              ],
              "failures": [],
              "pending": [],
              "skipped": [],
              "duration": 0,
              "root": false,
              "rootEmpty": false,
              "_timeout": 2000
            },
            {
              "uuid": "75f99e7e-2997-4f82-81bc-879a7d3a5f95",
              "title": "toJSON()",
              "fullFile": "/home/runner/work/ical-generator/ical-generator/test/alarm.ts",
              "file": "/test/alarm.ts",
              "beforeHooks": [],
              "afterHooks": [],
              "tests": [
                {
                  "title": "should work",
                  "fullTitle": "ical-generator Alarm toJSON() should work",
                  "timedOut": false,
                  "duration": 1,
                  "state": "passed",
                  "speed": "fast",
                  "pass": true,
                  "fail": false,
                  "pending": false,
                  "context": null,
                  "code": "const a = new ICalAlarm({}, new ICalEvent({ start: new Date() }, new ICalCalendar()));\na.type(ICalAlarmType.display);\na.trigger(120);\nassert.deepStrictEqual(a.toJSON(), {\n    attach: null,\n    description: null,\n    relatesTo: null,\n    interval: null,\n    repeat: null,\n    trigger: 120,\n    type: 'display',\n    x: []\n});",
                  "err": {},
                  "uuid": "998c78ca-b9f5-4d6b-bf51-a6fdcdde8f5f",
                  "parentUUID": "75f99e7e-2997-4f82-81bc-879a7d3a5f95",
                  "isHook": false,
                  "skipped": false
                },
                {
                  "title": "should be compatible with constructor (type check)",
                  "fullTitle": "ical-generator Alarm toJSON() should be compatible with constructor (type check)",
                  "timedOut": false,
                  "duration": 0,
                  "state": "passed",
                  "speed": "fast",
                  "pass": true,
                  "fail": false,
                  "pending": false,
                  "context": null,
                  "code": "const a = new ICalAlarm({}, new ICalEvent({ start: new Date() }, new ICalCalendar()));\nnew ICalAlarm(a.toJSON(), new ICalEvent({ start: new Date() }, new ICalCalendar()));",
                  "err": {},
                  "uuid": "7d4823fd-82a4-4c2a-b799-c73c301db317",
                  "parentUUID": "75f99e7e-2997-4f82-81bc-879a7d3a5f95",
                  "isHook": false,
                  "skipped": false
                }
              ],
              "suites": [],
              "passes": [
                "998c78ca-b9f5-4d6b-bf51-a6fdcdde8f5f",
                "7d4823fd-82a4-4c2a-b799-c73c301db317"
              ],
              "failures": [],
              "pending": [],
              "skipped": [],
              "duration": 1,
              "root": false,
              "rootEmpty": false,
              "_timeout": 2000
            }
          ],
          "passes": [],
          "failures": [],
          "pending": [],
          "skipped": [],
          "duration": 0,
          "root": false,
          "rootEmpty": false,
          "_timeout": 2000
        },
        {
          "uuid": "7b121659-867c-41ec-a67c-86bbafa245f1",
          "title": "ical-generator Attendee",
          "fullFile": "/home/runner/work/ical-generator/ical-generator/test/attendee.ts",
          "file": "/test/attendee.ts",
          "beforeHooks": [],
          "afterHooks": [],
          "tests": [],
          "suites": [
            {
              "uuid": "cbe5fe28-afd2-4a5d-9140-3e4d70dd438a",
              "title": "constructor()",
              "fullFile": "/home/runner/work/ical-generator/ical-generator/test/attendee.ts",
              "file": "/test/attendee.ts",
              "beforeHooks": [],
              "afterHooks": [],
              "tests": [
                {
                  "title": "shoud set data from constructor",
                  "fullTitle": "ical-generator Attendee constructor() shoud set data from constructor",
                  "timedOut": false,
                  "duration": 1,
                  "state": "passed",
                  "speed": "fast",
                  "pass": true,
                  "fail": false,
                  "pending": false,
                  "context": null,
                  "code": "const data = {\n    name: 'John Doe',\n    email: 'john@example.org',\n    mailto: 'john+calendar@example.org',\n    sentBy: null,\n    status: ICalAttendeeStatus.ACCEPTED,\n    role: ICalAttendeeRole.REQ,\n    rsvp: false,\n    type: ICalAttendeeType.INDIVIDUAL,\n    delegatedTo: null,\n    delegatedFrom: null,\n    x: []\n};\nconst event = new ICalAttendee(data, new ICalEvent({ start: new Date() }, new ICalCalendar()));\nassert.deepStrictEqual(event.toJSON(), data);",
                  "err": {},
                  "uuid": "b41fbb03-deb9-4a96-b825-5044a9d4421a",
                  "parentUUID": "cbe5fe28-afd2-4a5d-9140-3e4d70dd438a",
                  "isHook": false,
                  "skipped": false
                },
                {
                  "title": "shouldn't work without event reference",
                  "fullTitle": "ical-generator Attendee constructor() shouldn't work without event reference",
                  "timedOut": false,
                  "duration": 0,
                  "state": "passed",
                  "speed": "fast",
                  "pass": true,
                  "fail": false,
                  "pending": false,
                  "context": null,
                  "code": "assert.throws(function () {\n    // @ts-ignore\n    new ICalAttendee({ email: 'foo@bar.com' });\n}, /`event`/);",
                  "err": {},
                  "uuid": "76eb714e-8154-4631-8820-0b9bd06fd7a2",
                  "parentUUID": "cbe5fe28-afd2-4a5d-9140-3e4d70dd438a",
                  "isHook": false,
                  "skipped": false
                },
                {
                  "title": "should throw an error without email",
                  "fullTitle": "ical-generator Attendee constructor() should throw an error without email",
                  "timedOut": false,
                  "duration": 0,
                  "state": "passed",
                  "speed": "fast",
                  "pass": true,
                  "fail": false,
                  "pending": false,
                  "context": null,
                  "code": "assert.throws(function () {\n    new ICalAttendee(\n    // @ts-ignore\n    { name: 'Testuser' }, new ICalEvent({ start: new Date() }, new ICalCalendar()));\n}, /`email`/);",
                  "err": {},
                  "uuid": "0e56c403-527f-40f3-8e49-aab00ab70d54",
                  "parentUUID": "cbe5fe28-afd2-4a5d-9140-3e4d70dd438a",
                  "isHook": false,
                  "skipped": false
                }
              ],
              "suites": [],
              "passes": [
                "b41fbb03-deb9-4a96-b825-5044a9d4421a",
                "76eb714e-8154-4631-8820-0b9bd06fd7a2",
                "0e56c403-527f-40f3-8e49-aab00ab70d54"
              ],
              "failures": [],
              "pending": [],
              "skipped": [],
              "duration": 1,
              "root": false,
              "rootEmpty": false,
              "_timeout": 2000
            },
            {
              "uuid": "cb028fff-ca9e-4eb4-88c8-a56b9c794a5a",
              "title": "name()",
              "fullFile": "/home/runner/work/ical-generator/ical-generator/test/attendee.ts",
              "file": "/test/attendee.ts",
              "beforeHooks": [],
              "afterHooks": [],
              "tests": [
                {
                  "title": "getter should return value",
                  "fullTitle": "ical-generator Attendee name() getter should return value",
                  "timedOut": false,
                  "duration": 0,
                  "state": "passed",
                  "speed": "fast",
                  "pass": true,
                  "fail": false,
                  "pending": false,
                  "context": null,
                  "code": "const a = new ICalAttendee({ email: 'foo@example.com' }, new ICalEvent({ start: new Date() }, new ICalCalendar()));\nassert.strictEqual(a.name(), null);\na.name('Sebastian');\nassert.strictEqual(a.name(), 'Sebastian');",
                  "err": {},
                  "uuid": "0b7e8f54-7004-440f-99ae-782eecdd2d93",
                  "parentUUID": "cb028fff-ca9e-4eb4-88c8-a56b9c794a5a",
                  "isHook": false,
                  "skipped": false
                },
                {
                  "title": "setter should return this",
                  "fullTitle": "ical-generator Attendee name() setter should return this",
                  "timedOut": false,
                  "duration": 0,
                  "state": "passed",
                  "speed": "fast",
                  "pass": true,
                  "fail": false,
                  "pending": false,
                  "context": null,
                  "code": "const a = new ICalAttendee({ email: 'foo@example.com' }, new ICalEvent({ start: new Date() }, new ICalCalendar()));\nassert.deepStrictEqual(a, a.name(null));\nassert.deepStrictEqual(a, a.name('Sebastian'));",
                  "err": {},
                  "uuid": "2d2fe799-104b-49e2-a5ec-7ac1003387b2",
                  "parentUUID": "cb028fff-ca9e-4eb4-88c8-a56b9c794a5a",
                  "isHook": false,
                  "skipped": false
                },
                {
                  "title": "setter should change something",
                  "fullTitle": "ical-generator Attendee name() setter should change something",
                  "timedOut": false,
                  "duration": 0,
                  "state": "passed",
                  "speed": "fast",
                  "pass": true,
                  "fail": false,
                  "pending": false,
                  "context": null,
                  "code": "const a = new ICalAttendee({ email: 'foo@example.com' }, new ICalEvent({ start: new Date() }, new ICalCalendar()));\na.name('Sebastian');\nassert.strictEqual(a.name(), 'Sebastian');\na.name(null);\nassert.strictEqual(a.name(), null);",
                  "err": {},
                  "uuid": "2bb6b4b8-1995-4cfd-ba46-4e459c1a7eab",
                  "parentUUID": "cb028fff-ca9e-4eb4-88c8-a56b9c794a5a",
                  "isHook": false,
                  "skipped": false
                }
              ],
              "suites": [],
              "passes": [
                "0b7e8f54-7004-440f-99ae-782eecdd2d93",
                "2d2fe799-104b-49e2-a5ec-7ac1003387b2",
                "2bb6b4b8-1995-4cfd-ba46-4e459c1a7eab"
              ],
              "failures": [],
              "pending": [],
              "skipped": [],
              "duration": 0,
              "root": false,
              "rootEmpty": false,
              "_timeout": 2000
            },
            {
              "uuid": "54c1fc2d-10bf-4980-97bd-5e388f45ee6c",
              "title": "email()",
              "fullFile": "/home/runner/work/ical-generator/ical-generator/test/attendee.ts",
              "file": "/test/attendee.ts",
              "beforeHooks": [],
              "afterHooks": [],
              "tests": [
                {
                  "title": "getter should return value",
                  "fullTitle": "ical-generator Attendee email() getter should return value",
                  "timedOut": false,
                  "duration": 0,
                  "state": "passed",
                  "speed": "fast",
                  "pass": true,
                  "fail": false,
                  "pending": false,
                  "context": null,
                  "code": "const a = new ICalAttendee({ email: 'foo@example.com' }, new ICalEvent({ start: new Date() }, new ICalCalendar())).email('foo@example.com');\nassert.strictEqual(a.email(), 'foo@example.com');",
                  "err": {},
                  "uuid": "9f993b31-b1d6-4beb-9b38-47e57c6a01b2",
                  "parentUUID": "54c1fc2d-10bf-4980-97bd-5e388f45ee6c",
                  "isHook": false,
                  "skipped": false
                },
                {
                  "title": "setter should return this",
                  "fullTitle": "ical-generator Attendee email() setter should return this",
                  "timedOut": false,
                  "duration": 1,
                  "state": "passed",
                  "speed": "fast",
                  "pass": true,
                  "fail": false,
                  "pending": false,
                  "context": null,
                  "code": "const a = new ICalAttendee({ email: 'foo@example.com' }, new ICalEvent({ start: new Date() }, new ICalCalendar()));\nassert.deepStrictEqual(a, a.email('foo@example.com'));",
                  "err": {},
                  "uuid": "62a811e7-2f0b-40bd-8fc0-e0f13c9a8c77",
                  "parentUUID": "54c1fc2d-10bf-4980-97bd-5e388f45ee6c",
                  "isHook": false,
                  "skipped": false
                },
                {
                  "title": "should change something",
                  "fullTitle": "ical-generator Attendee email() should change something",
                  "timedOut": false,
                  "duration": 0,
                  "state": "passed",
                  "speed": "fast",
                  "pass": true,
                  "fail": false,
                  "pending": false,
                  "context": null,
                  "code": "const a = new ICalAttendee({ email: 'mail@example.com' }, new ICalEvent({ start: new Date() }, new ICalCalendar()));\nassert.ok(a.toString().indexOf('mail@example.com') > -1);",
                  "err": {},
                  "uuid": "df803d02-6f7b-4603-9be3-fee6e9df00f0",
                  "parentUUID": "54c1fc2d-10bf-4980-97bd-5e388f45ee6c",
                  "isHook": false,
                  "skipped": false
                }
              ],
              "suites": [],
              "passes": [
                "9f993b31-b1d6-4beb-9b38-47e57c6a01b2",
                "62a811e7-2f0b-40bd-8fc0-e0f13c9a8c77",
                "df803d02-6f7b-4603-9be3-fee6e9df00f0"
              ],
              "failures": [],
              "pending": [],
              "skipped": [],
              "duration": 1,
              "root": false,
              "rootEmpty": false,
              "_timeout": 2000
            },
            {
              "uuid": "d9df5a0d-2704-420f-8f54-17cd3b72e303",
              "title": "mailto()",
              "fullFile": "/home/runner/work/ical-generator/ical-generator/test/attendee.ts",
              "file": "/test/attendee.ts",
              "beforeHooks": [],
              "afterHooks": [],
              "tests": [
                {
                  "title": "getter should return value",
                  "fullTitle": "ical-generator Attendee mailto() getter should return value",
                  "timedOut": false,
                  "duration": 0,
                  "state": "passed",
                  "speed": "fast",
                  "pass": true,
                  "fail": false,
                  "pending": false,
                  "context": null,
                  "code": "const a = new ICalAttendee({ email: 'foo@example.com' }, new ICalEvent({ start: new Date() }, new ICalCalendar()));\nassert.strictEqual(a.mailto(), null);\na.mailto('foo@example.com');\nassert.strictEqual(a.mailto(), 'foo@example.com');",
                  "err": {},
                  "uuid": "f0f38b14-83ae-4540-98fa-c85b0290fbe3",
                  "parentUUID": "d9df5a0d-2704-420f-8f54-17cd3b72e303",
                  "isHook": false,
                  "skipped": false
                },
                {
                  "title": "setter should return this",
                  "fullTitle": "ical-generator Attendee mailto() setter should return this",
                  "timedOut": false,
                  "duration": 0,
                  "state": "passed",
                  "speed": "fast",
                  "pass": true,
                  "fail": false,
                  "pending": false,
                  "context": null,
                  "code": "const a = new ICalAttendee({ email: 'foo@example.com' }, new ICalEvent({ start: new Date() }, new ICalCalendar()));\nassert.deepStrictEqual(a, a.mailto(null));\nassert.deepStrictEqual(a, a.mailto('foo@example.com'));",
                  "err": {},
                  "uuid": "ef195bee-d169-4830-aa1f-0f664c96fb25",
                  "parentUUID": "d9df5a0d-2704-420f-8f54-17cd3b72e303",
                  "isHook": false,
                  "skipped": false
                },
                {
                  "title": "should change mailto and keep email if present",
                  "fullTitle": "ical-generator Attendee mailto() should change mailto and keep email if present",
                  "timedOut": false,
                  "duration": 0,
                  "state": "passed",
                  "speed": "fast",
                  "pass": true,
                  "fail": false,
                  "pending": false,
                  "context": null,
                  "code": "const a = new ICalAttendee({ email: 'mail@example.com' }, new ICalEvent({ start: new Date() }, new ICalCalendar()));\na.mailto('mail2@example2.com');\nassert.ok(a.toString().indexOf('EMAIL=mail@example.com') > -1 &&\n    a.toString().indexOf('MAILTO:mail2@example2.com') > -1);",
                  "err": {},
                  "uuid": "ec8946d0-de6d-43c0-b602-5b277706014e",
                  "parentUUID": "d9df5a0d-2704-420f-8f54-17cd3b72e303",
                  "isHook": false,
                  "skipped": false
                }
              ],
              "suites": [],
              "passes": [
                "f0f38b14-83ae-4540-98fa-c85b0290fbe3",
                "ef195bee-d169-4830-aa1f-0f664c96fb25",
                "ec8946d0-de6d-43c0-b602-5b277706014e"
              ],
              "failures": [],
              "pending": [],
              "skipped": [],
              "duration": 0,
              "root": false,
              "rootEmpty": false,
              "_timeout": 2000
            },
            {
              "uuid": "51fe5e04-ec12-4845-aead-977028d7df40",
              "title": "sentBy()",
              "fullFile": "/home/runner/work/ical-generator/ical-generator/test/attendee.ts",
              "file": "/test/attendee.ts",
              "beforeHooks": [],
              "afterHooks": [],
              "tests": [
                {
                  "title": "getter should return value",
                  "fullTitle": "ical-generator Attendee sentBy() getter should return value",
                  "timedOut": false,
                  "duration": 0,
                  "state": "passed",
                  "speed": "fast",
                  "pass": true,
                  "fail": false,
                  "pending": false,
                  "context": null,
                  "code": "const a = new ICalAttendee({ email: 'foo@example.com' }, new ICalEvent({ start: new Date() }, new ICalCalendar())).sentBy('foo@example.com');\nassert.strictEqual(a.sentBy(), 'foo@example.com');",
                  "err": {},
                  "uuid": "edb40ce2-5770-422c-b180-81fc39691f1f",
                  "parentUUID": "51fe5e04-ec12-4845-aead-977028d7df40",
                  "isHook": false,
                  "skipped": false
                },
                {
                  "title": "setter should return this",
                  "fullTitle": "ical-generator Attendee sentBy() setter should return this",
                  "timedOut": false,
                  "duration": 0,
                  "state": "passed",
                  "speed": "fast",
                  "pass": true,
                  "fail": false,
                  "pending": false,
                  "context": null,
                  "code": "const a = new ICalAttendee({ email: 'foo@example.com' }, new ICalEvent({ start: new Date() }, new ICalCalendar()));\nassert.deepStrictEqual(a, a.sentBy('foo@example.com'));",
                  "err": {},
                  "uuid": "48447f17-84e7-4c2a-bafd-c3a78f7854b6",
                  "parentUUID": "51fe5e04-ec12-4845-aead-977028d7df40",
                  "isHook": false,
                  "skipped": false
                },
                {
                  "title": "should change something",
                  "fullTitle": "ical-generator Attendee sentBy() should change something",
                  "timedOut": false,
                  "duration": 0,
                  "state": "passed",
                  "speed": "fast",
                  "pass": true,
                  "fail": false,
                  "pending": false,
                  "context": null,
                  "code": "const a = new ICalAttendee({ email: 'foo@example.com', sentBy: 'bar@example.com' }, new ICalEvent({ start: new Date() }, new ICalCalendar()));\nassert.ok(a.toString().includes('bar@example.com'));",
                  "err": {},
                  "uuid": "a012a782-f204-48dd-a1bb-71eedffd9798",
                  "parentUUID": "51fe5e04-ec12-4845-aead-977028d7df40",
                  "isHook": false,
                  "skipped": false
                }
              ],
              "suites": [],
              "passes": [
                "edb40ce2-5770-422c-b180-81fc39691f1f",
                "48447f17-84e7-4c2a-bafd-c3a78f7854b6",
                "a012a782-f204-48dd-a1bb-71eedffd9798"
              ],
              "failures": [],
              "pending": [],
              "skipped": [],
              "duration": 0,
              "root": false,
              "rootEmpty": false,
              "_timeout": 2000
            },
            {
              "uuid": "09c7877a-8039-40e4-a79a-da447be45828",
              "title": "role()",
              "fullFile": "/home/runner/work/ical-generator/ical-generator/test/attendee.ts",
              "file": "/test/attendee.ts",
              "beforeHooks": [],
              "afterHooks": [],
              "tests": [
                {
                  "title": "setter should return this",
                  "fullTitle": "ical-generator Attendee role() setter should return this",
                  "timedOut": false,
                  "duration": 0,
                  "state": "passed",
                  "speed": "fast",
                  "pass": true,
                  "fail": false,
                  "pending": false,
                  "context": null,
                  "code": "const a = new ICalAttendee({ email: 'foo@example.com' }, new ICalEvent({ start: new Date() }, new ICalCalendar()));\nassert.deepStrictEqual(a, a.role(ICalAttendeeRole.REQ));",
                  "err": {},
                  "uuid": "7ad3aada-dc34-4796-ba10-27a5a900d7dc",
                  "parentUUID": "09c7877a-8039-40e4-a79a-da447be45828",
                  "isHook": false,
                  "skipped": false
                },
                {
                  "title": "getter should return value",
                  "fullTitle": "ical-generator Attendee role() getter should return value",
                  "timedOut": false,
                  "duration": 0,
                  "state": "passed",
                  "speed": "fast",
                  "pass": true,
                  "fail": false,
                  "pending": false,
                  "context": null,
                  "code": "const a = new ICalAttendee({ email: 'foo@example.com' }, new ICalEvent({ start: new Date() }, new ICalCalendar())).role(ICalAttendeeRole.REQ);\nassert.strictEqual(a.role(), 'REQ-PARTICIPANT');",
                  "err": {},
                  "uuid": "cc03a33f-b246-4305-bd72-2e36c7a65d68",
                  "parentUUID": "09c7877a-8039-40e4-a79a-da447be45828",
                  "isHook": false,
                  "skipped": false
                },
                {
                  "title": "should throw error when method empty",
                  "fullTitle": "ical-generator Attendee role() should throw error when method empty",
[...]
                  "afterHooks": [],
                  "tests": [
                    {
                      "title": "should work with valid String",
                      "fullTitle": "ICalTools checkDate() String should work with valid String",
                      "timedOut": false,
                      "duration": 0,
                      "state": "passed",
                      "speed": "fast",
                      "pass": true,
                      "fail": false,
                      "pending": false,
                      "context": null,
                      "code": "const date = '2021-03-28T13:15:23.587Z';\nassert.equal(checkDate(date, 'foo'), date);",
                      "err": {},
                      "uuid": "56012d24-a234-42f5-810d-4ed47ebab9de",
                      "parentUUID": "ce0b61d0-f99c-4cd0-a46a-34043e2eed33",
                      "isHook": false,
                      "skipped": false
                    },
                    {
                      "title": "should throw error for invalid String",
                      "fullTitle": "ICalTools checkDate() String should throw error for invalid String",
                      "timedOut": false,
                      "duration": 0,
                      "state": "passed",
                      "speed": "fast",
                      "pass": true,
                      "fail": false,
                      "pending": false,
                      "context": null,
                      "code": "const date = 'foo';\nassert.throws(() => {\n    checkDate(date, 'foo');\n}, /`foo` has to be a valid date!/);",
                      "err": {},
                      "uuid": "d9b98621-3365-406d-b110-29e6eb522fa3",
                      "parentUUID": "ce0b61d0-f99c-4cd0-a46a-34043e2eed33",
                      "isHook": false,
                      "skipped": false
                    }
                  ],
                  "suites": [],
                  "passes": [
                    "56012d24-a234-42f5-810d-4ed47ebab9de",
                    "d9b98621-3365-406d-b110-29e6eb522fa3"
                  ],
                  "failures": [],
                  "pending": [],
                  "skipped": [],
                  "duration": 0,
                  "root": false,
                  "rootEmpty": false,
                  "_timeout": 2000
                },
                {
                  "uuid": "a26b6fa1-4e06-4762-86c5-c3193d852af6",
                  "title": "Luxon",
                  "fullFile": "/home/runner/work/ical-generator/ical-generator/test/tools.ts",
                  "file": "/test/tools.ts",
                  "beforeHooks": [],
                  "afterHooks": [],
                  "tests": [
                    {
                      "title": "should work with valid Luxon",
                      "fullTitle": "ICalTools checkDate() Luxon should work with valid Luxon",
                      "timedOut": false,
                      "duration": 1,
                      "state": "passed",
                      "speed": "fast",
                      "pass": true,
                      "fail": false,
                      "pending": false,
                      "context": null,
                      "code": "const date = DateTime.now();\nassert.equal(checkDate(date, 'foo'), date);",
                      "err": {},
                      "uuid": "7b28acf6-cb1b-4fa1-9a79-28d6296aa799",
                      "parentUUID": "a26b6fa1-4e06-4762-86c5-c3193d852af6",
                      "isHook": false,
                      "skipped": false
                    },
                    {
                      "title": "should throw error for invalid Luxon",
                      "fullTitle": "ICalTools checkDate() Luxon should throw error for invalid Luxon",
                      "timedOut": false,
                      "duration": 0,
                      "state": "passed",
                      "speed": "fast",
                      "pass": true,
                      "fail": false,
                      "pending": false,
                      "context": null,
                      "code": "const date = DateTime.fromISO('foo');\nassert.throws(() => {\n    checkDate(date, 'foo');\n}, /`foo` has to be a valid date!/);",
                      "err": {},
                      "uuid": "79afe906-bf38-481e-bb88-282d3caaefe6",
                      "parentUUID": "a26b6fa1-4e06-4762-86c5-c3193d852af6",
                      "isHook": false,
                      "skipped": false
                    }
                  ],
                  "suites": [],
                  "passes": [
                    "7b28acf6-cb1b-4fa1-9a79-28d6296aa799",
                    "79afe906-bf38-481e-bb88-282d3caaefe6"
                  ],
                  "failures": [],
                  "pending": [],
                  "skipped": [],
                  "duration": 1,
                  "root": false,
                  "rootEmpty": false,
                  "_timeout": 2000
                },
                {
                  "uuid": "a5975d87-c59e-4680-a8bc-b402b4251796",
                  "title": "Moment",
                  "fullFile": "/home/runner/work/ical-generator/ical-generator/test/tools.ts",
                  "file": "/test/tools.ts",
                  "beforeHooks": [],
                  "afterHooks": [],
                  "tests": [
                    {
                      "title": "should work with valid Moment",
                      "fullTitle": "ICalTools checkDate() Moment should work with valid Moment",
                      "timedOut": false,
                      "duration": 0,
                      "state": "passed",
                      "speed": "fast",
                      "pass": true,
                      "fail": false,
                      "pending": false,
                      "context": null,
                      "code": "const date = moment();\nassert.equal(checkDate(date, 'foo'), date);",
                      "err": {},
                      "uuid": "11f714e5-ed84-4e4f-99d3-b17ddd1c0351",
                      "parentUUID": "a5975d87-c59e-4680-a8bc-b402b4251796",
                      "isHook": false,
                      "skipped": false
                    },
                    {
                      "title": "should throw error for invalid Moment",
                      "fullTitle": "ICalTools checkDate() Moment should throw error for invalid Moment",
                      "timedOut": false,
                      "duration": 1,
                      "state": "passed",
                      "speed": "fast",
                      "pass": true,
                      "fail": false,
                      "pending": false,
                      "context": null,
                      "code": "const date = moment('foo', 'MM/DD/YYYY', true);\nassert.throws(() => {\n    checkDate(date, 'foo');\n}, /`foo` has to be a valid date!/);",
                      "err": {},
                      "uuid": "2b978c66-2b4b-4aff-8da2-c979593de766",
                      "parentUUID": "a5975d87-c59e-4680-a8bc-b402b4251796",
                      "isHook": false,
                      "skipped": false
                    }
                  ],
                  "suites": [],
                  "passes": [
                    "11f714e5-ed84-4e4f-99d3-b17ddd1c0351",
                    "2b978c66-2b4b-4aff-8da2-c979593de766"
                  ],
                  "failures": [],
                  "pending": [],
                  "skipped": [],
                  "duration": 1,
                  "root": false,
                  "rootEmpty": false,
                  "_timeout": 2000
                },
                {
                  "uuid": "a6a2a4af-fe5b-49cd-997f-fcdaee733e08",
                  "title": "Day.js",
                  "fullFile": "/home/runner/work/ical-generator/ical-generator/test/tools.ts",
                  "file": "/test/tools.ts",
                  "beforeHooks": [],
                  "afterHooks": [],
                  "tests": [
                    {
                      "title": "should work with valid Day.js",
                      "fullTitle": "ICalTools checkDate() Day.js should work with valid Day.js",
                      "timedOut": false,
                      "duration": 0,
                      "state": "passed",
                      "speed": "fast",
                      "pass": true,
                      "fail": false,
                      "pending": false,
                      "context": null,
                      "code": "const date = dayjs();\nassert.equal(checkDate(date, 'foo'), date);",
                      "err": {},
                      "uuid": "c475c6b8-d904-4c5c-aa4a-5fcdb684d97b",
                      "parentUUID": "a6a2a4af-fe5b-49cd-997f-fcdaee733e08",
                      "isHook": false,
                      "skipped": false
                    },
                    {
                      "title": "should throw error for invalid Day.js",
                      "fullTitle": "ICalTools checkDate() Day.js should throw error for invalid Day.js",
                      "timedOut": false,
                      "duration": 0,
                      "state": "passed",
                      "speed": "fast",
                      "pass": true,
                      "fail": false,
                      "pending": false,
                      "context": null,
                      "code": "const date = dayjs('foo');\nassert.throws(() => {\n    checkDate(date, 'foo');\n}, /`foo` has to be a valid date!/);",
                      "err": {},
                      "uuid": "c69c306a-a996-40ac-86e9-60dbc3930ee2",
                      "parentUUID": "a6a2a4af-fe5b-49cd-997f-fcdaee733e08",
                      "isHook": false,
                      "skipped": false
                    }
                  ],
                  "suites": [],
                  "passes": [
                    "c475c6b8-d904-4c5c-aa4a-5fcdb684d97b",
                    "c69c306a-a996-40ac-86e9-60dbc3930ee2"
                  ],
                  "failures": [],
                  "pending": [],
                  "skipped": [],
                  "duration": 0,
                  "root": false,
                  "rootEmpty": false,
                  "_timeout": 2000
                }
              ],
              "passes": [],
              "failures": [],
              "pending": [],
              "skipped": [],
              "duration": 0,
              "root": false,
              "rootEmpty": false,
              "_timeout": 2000
            },
            {
              "uuid": "13990031-e179-409f-be2a-8cdfae01be6d",
              "title": "toDate()",
              "fullFile": "/home/runner/work/ical-generator/ical-generator/test/tools.ts",
              "file": "/test/tools.ts",
              "beforeHooks": [],
              "afterHooks": [],
              "tests": [
                {
                  "title": "should work with strings",
                  "fullTitle": "ICalTools toDate() should work with strings",
                  "timedOut": false,
                  "duration": 1,
                  "state": "passed",
                  "speed": "fast",
                  "pass": true,
                  "fail": false,
                  "pending": false,
                  "context": null,
                  "code": "const date = new Date();\nassert.deepStrictEqual(toDate(date.toJSON()), date);",
                  "err": {},
                  "uuid": "ad5e0326-de94-40f7-ba6f-d17d7fd22bb0",
                  "parentUUID": "13990031-e179-409f-be2a-8cdfae01be6d",
                  "isHook": false,
                  "skipped": false
                },
                {
                  "title": "should work with native Date",
                  "fullTitle": "ICalTools toDate() should work with native Date",
                  "timedOut": false,
                  "duration": 0,
                  "state": "passed",
                  "speed": "fast",
                  "pass": true,
                  "fail": false,
                  "pending": false,
                  "context": null,
                  "code": "const date = new Date();\nassert.deepStrictEqual(toDate(date), date);",
                  "err": {},
                  "uuid": "4c72ea6d-d13e-479d-9d6c-bfcbe15cc480",
                  "parentUUID": "13990031-e179-409f-be2a-8cdfae01be6d",
                  "isHook": false,
                  "skipped": false
                },
                {
                  "title": "should work with moment object",
                  "fullTitle": "ICalTools toDate() should work with moment object",
                  "timedOut": false,
                  "duration": 0,
                  "state": "passed",
                  "speed": "fast",
                  "pass": true,
                  "fail": false,
                  "pending": false,
                  "context": null,
                  "code": "const date = new Date();\nassert.deepStrictEqual(toDate(moment(date)), date);",
                  "err": {},
                  "uuid": "7ff27a4a-4417-4d98-b806-15c19d71e7b6",
                  "parentUUID": "13990031-e179-409f-be2a-8cdfae01be6d",
                  "isHook": false,
                  "skipped": false
                },
                {
                  "title": "should work with moment-timezone object",
                  "fullTitle": "ICalTools toDate() should work with moment-timezone object",
                  "timedOut": false,
                  "duration": 0,
                  "state": "passed",
                  "speed": "fast",
                  "pass": true,
                  "fail": false,
                  "pending": false,
                  "context": null,
                  "code": "const date = new Date();\nassert.deepStrictEqual(toDate(momentTz(date)), date);",
                  "err": {},
                  "uuid": "cfd9d181-213b-4602-9f72-aee7ed75cbe5",
                  "parentUUID": "13990031-e179-409f-be2a-8cdfae01be6d",
                  "isHook": false,
                  "skipped": false
                },
                {
                  "title": "should work with Day.js object",
                  "fullTitle": "ICalTools toDate() should work with Day.js object",
                  "timedOut": false,
                  "duration": 0,
                  "state": "passed",
                  "speed": "fast",
                  "pass": true,
                  "fail": false,
                  "pending": false,
                  "context": null,
                  "code": "const date = new Date();\nassert.deepStrictEqual(toDate(dayjs(date)), date);",
                  "err": {},
                  "uuid": "e49602cc-ff04-4c53-acc1-73a093bc3f26",
                  "parentUUID": "13990031-e179-409f-be2a-8cdfae01be6d",
                  "isHook": false,
                  "skipped": false
                },
                {
                  "title": "should work with luxon DateTime object",
                  "fullTitle": "ICalTools toDate() should work with luxon DateTime object",
                  "timedOut": false,
                  "duration": 0,
                  "state": "passed",
                  "speed": "fast",
                  "pass": true,
                  "fail": false,
                  "pending": false,
                  "context": null,
                  "code": "const date = new Date();\nassert.deepStrictEqual(toDate(DateTime.fromJSDate(date)), date);",
                  "err": {},
                  "uuid": "41d7c7cf-d064-42b8-bb43-9521483db274",
                  "parentUUID": "13990031-e179-409f-be2a-8cdfae01be6d",
                  "isHook": false,
                  "skipped": false
                }
              ],
              "suites": [],
              "passes": [
                "ad5e0326-de94-40f7-ba6f-d17d7fd22bb0",
                "4c72ea6d-d13e-479d-9d6c-bfcbe15cc480",
                "7ff27a4a-4417-4d98-b806-15c19d71e7b6",
                "cfd9d181-213b-4602-9f72-aee7ed75cbe5",
                "e49602cc-ff04-4c53-acc1-73a093bc3f26",
                "41d7c7cf-d064-42b8-bb43-9521483db274"
              ],
              "failures": [],
              "pending": [],
              "skipped": [],
              "duration": 1,
              "root": false,
              "rootEmpty": false,
              "_timeout": 2000
            }
          ],
          "passes": [],
          "failures": [],
          "pending": [],
          "skipped": [],
          "duration": 0,
          "root": false,
          "rootEmpty": false,
          "_timeout": 2000
        },
        {
          "uuid": "60ce00e0-f569-447a-ab62-d9fa845edfc2",
          "title": "ical-generator Types",
          "fullFile": "/home/runner/work/ical-generator/ical-generator/test/types.ts",
          "file": "/test/types.ts",
          "beforeHooks": [],
          "afterHooks": [],
          "tests": [
            {
              "title": "stubs should be compatible with third party libraries",
              "fullTitle": "ical-generator Types stubs should be compatible with third party libraries",
              "timedOut": false,
              "duration": 0,
              "state": "passed",
              "speed": "fast",
              "pass": true,
              "fail": false,
              "pending": false,
              "context": null,
              "code": "assert.ok(dayJsTest, 'day.js stub should be compatible');\nassert.ok(luxonTest, 'luxon stub should be compatible');\nassert.ok(momentTest, 'moment stub should be compatible');\nassert.ok(momentTimezoneTest, 'moment-timezone stub should be compatible');\nassert.ok(rruleTest, 'rrule stub should be compatible');",
              "err": {},
              "uuid": "60c01608-2f29-4031-842a-df7fc7c13f5d",
              "parentUUID": "60ce00e0-f569-447a-ab62-d9fa845edfc2",
              "isHook": false,
              "skipped": false
            },
            {
              "title": "calendar data should be compatible with calendar json data",
              "fullTitle": "ical-generator Types calendar data should be compatible with calendar json data",
              "timedOut": false,
              "duration": 0,
              "state": "passed",
              "speed": "fast",
              "pass": true,
              "fail": false,
              "pending": false,
              "context": null,
              "code": "assert.ok(attendeeJson, 'attendee json data should be compatible');\nassert.ok(calendarJson, 'calendar json data should be compatible');\nassert.ok(categoryJson, 'category json data should be compatible');\nassert.ok(eventJson, 'event json data should be compatible');",
              "err": {},
              "uuid": "0e854676-bdf0-4c33-b1fb-e89aa9cc1610",
              "parentUUID": "60ce00e0-f569-447a-ab62-d9fa845edfc2",
              "isHook": false,
              "skipped": false
            }
          ],
          "suites": [],
          "passes": [
            "60c01608-2f29-4031-842a-df7fc7c13f5d",
            "0e854676-bdf0-4c33-b1fb-e89aa9cc1610"
          ],
          "failures": [],
          "pending": [],
          "skipped": [],
          "duration": 0,
          "root": false,
          "rootEmpty": false,
          "_timeout": 2000
        }
      ],
      "passes": [],
      "failures": [],
      "pending": [],
      "skipped": [],
      "duration": 0,
      "root": true,
      "rootEmpty": true,
      "_timeout": 2000
    }
  ],
  "meta": {
    "mocha": {
      "version": "10.2.0"
    },
    "mochawesome": {
      "options": {
        "quiet": false,
        "reportFilename": "mochawesome",
        "saveHtml": true,
        "saveJson": true,
        "consoleReporter": "spec",
        "useInlineDiffs": false,
        "code": true
      },
      "version": "7.1.3"
    },
    "marge": {
      "options": null,
      "version": "6.2.0"
    }
  }
}