{
  "stats": {
    "suites": 133,
    "tests": 463,
    "passes": 461,
    "pending": 2,
    "failures": 0,
    "start": "2025-11-11T18:35:23.088Z",
    "end": "2025-11-11T18:35:23.269Z",
    "duration": 181,
    "testsRegistered": 463,
    "passPercent": 100,
    "pendingPercent": 0.4319654427645789,
    "other": 0,
    "hasOther": false,
    "skipped": 0,
    "hasSkipped": false
  },
  "results": [
    {
      "uuid": "0ef7d41f-2b1f-4d38-bc18-b54822de3ba7",
      "title": "",
      "fullFile": "",
      "file": "",
      "beforeHooks": [],
      "afterHooks": [],
      "tests": [],
      "suites": [
        {
          "uuid": "4893472b-f682-451f-be6d-17f31ad6d68e",
          "title": "ical-generator Alarm",
          "fullFile": "/home/runner/work/ical-generator/ical-generator/test/alarm.ts",
          "file": "/test/alarm.ts",
          "beforeHooks": [],
          "afterHooks": [],
          "tests": [],
          "suites": [
            {
              "uuid": "54077336-1553-4fb1-827d-7caf50ad6516",
              "title": "constructor()",
              "fullFile": "/home/runner/work/ical-generator/ical-generator/test/alarm.ts",
              "file": "/test/alarm.ts",
              "beforeHooks": [],
              "afterHooks": [],
              "tests": [
                {
                  "title": "shouldn't work without event reference",
                  "fullTitle": "ical-generator Alarm constructor() shouldn't work without event reference",
                  "timedOut": false,
                  "duration": 1,
                  "state": "passed",
                  "speed": "fast",
                  "pass": true,
                  "fail": false,
                  "pending": false,
                  "context": null,
                  "code": "import_assert.default.throws(function(){new import_alarm.default({type:import_alarm.ICalAlarmType.display},null)},/`event`/)",
                  "err": {},
                  "uuid": "90024a8e-0f77-4827-be56-9f5ae9616243",
                  "parentUUID": "54077336-1553-4fb1-827d-7caf50ad6516",
                  "isHook": false,
                  "skipped": false
                },
                {
                  "title": "should ignore unknown data attributes",
                  "fullTitle": "ical-generator Alarm constructor() should ignore unknown data attributes",
                  "timedOut": false,
                  "duration": 0,
                  "state": "passed",
                  "speed": "fast",
                  "pass": true,
                  "fail": false,
                  "pending": false,
                  "context": null,
                  "code": "const a=new import_alarm.default({type:import_alarm.ICalAlarmType.display,unknown:true},new import_event.default({start:new Date},new import_calendar.default));import_assert.default.strictEqual(a.type(),\"display\")",
                  "err": {},
                  "uuid": "c18c1cd8-3c43-417a-8d68-30f4326d78f6",
                  "parentUUID": "54077336-1553-4fb1-827d-7caf50ad6516",
                  "isHook": false,
                  "skipped": false
                }
              ],
              "suites": [],
              "passes": [
                "90024a8e-0f77-4827-be56-9f5ae9616243",
                "c18c1cd8-3c43-417a-8d68-30f4326d78f6"
              ],
              "failures": [],
              "pending": [],
              "skipped": [],
              "duration": 1,
              "root": false,
              "rootEmpty": false,
              "_timeout": 2000
            },
            {
              "uuid": "100bfa7b-ddb9-4952-8f4e-c1793df1ba4d",
              "title": "type()",
              "fullFile": "/home/runner/work/ical-generator/ical-generator/test/alarm.ts",
              "file": "/test/alarm.ts",
              "beforeHooks": [],
              "afterHooks": [],
              "tests": [
                {
                  "title": "setter should return this",
                  "fullTitle": "ical-generator Alarm type() setter should return this",
                  "timedOut": false,
                  "duration": 0,
                  "state": "passed",
                  "speed": "fast",
                  "pass": true,
                  "fail": false,
                  "pending": false,
                  "context": null,
                  "code": "const a=new import_alarm.default({},new import_event.default({start:new Date},new import_calendar.default));import_assert.default.deepStrictEqual(a,a.type(import_alarm.ICalAlarmType.display))",
                  "err": {},
                  "uuid": "9d2e9131-1d92-4df3-9880-eb1d3c9579fb",
                  "parentUUID": "100bfa7b-ddb9-4952-8f4e-c1793df1ba4d",
                  "isHook": false,
                  "skipped": false
                },
                {
                  "title": "getter should return value",
                  "fullTitle": "ical-generator Alarm type() getter should return value",
                  "timedOut": false,
                  "duration": 0,
                  "state": "passed",
                  "speed": "fast",
                  "pass": true,
                  "fail": false,
                  "pending": false,
                  "context": null,
                  "code": "const a=new import_alarm.default({},new import_event.default({start:new Date},new import_calendar.default));import_assert.default.strictEqual(a.type(),\"display\");a.type(import_alarm.ICalAlarmType.audio);import_assert.default.strictEqual(a.type(),\"audio\")",
                  "err": {},
                  "uuid": "8d542b35-f877-4da3-b05e-9c3868a3c0f5",
                  "parentUUID": "100bfa7b-ddb9-4952-8f4e-c1793df1ba4d",
                  "isHook": false,
                  "skipped": false
                },
                {
                  "title": "should throw error when type not allowed",
                  "fullTitle": "ical-generator Alarm type() should throw error when type not allowed",
                  "timedOut": false,
                  "duration": 0,
                  "state": "passed",
                  "speed": "fast",
                  "pass": true,
                  "fail": false,
                  "pending": false,
                  "context": null,
                  "code": "const a=new import_alarm.default({},new import_event.default({start:new Date},new import_calendar.default));import_assert.default.throws(function(){a.type(\"BANANA\")},/`type`/);import_assert.default.throws(function(){a.type(null)},/`type`/)",
                  "err": {},
                  "uuid": "ddca7b28-0c5a-4153-b459-cdb605aabb25",
                  "parentUUID": "100bfa7b-ddb9-4952-8f4e-c1793df1ba4d",
                  "isHook": false,
                  "skipped": false
                },
                {
                  "title": "should change something",
                  "fullTitle": "ical-generator Alarm type() should change something",
                  "timedOut": false,
                  "duration": 1,
                  "state": "passed",
                  "speed": "fast",
                  "pass": true,
                  "fail": false,
                  "pending": false,
                  "context": null,
                  "code": "const a=new import_alarm.default({},new import_event.default({start:new Date},new import_calendar.default));import_assert.default.ok(a.toString().indexOf(\"ACTION:DISPLAY\")>-1)",
                  "err": {},
                  "uuid": "9fa8f200-162f-4c00-9ce8-07f42add9ebc",
                  "parentUUID": "100bfa7b-ddb9-4952-8f4e-c1793df1ba4d",
                  "isHook": false,
                  "skipped": false
                }
              ],
              "suites": [],
              "passes": [
                "9d2e9131-1d92-4df3-9880-eb1d3c9579fb",
                "8d542b35-f877-4da3-b05e-9c3868a3c0f5",
                "ddca7b28-0c5a-4153-b459-cdb605aabb25",
                "9fa8f200-162f-4c00-9ce8-07f42add9ebc"
              ],
              "failures": [],
              "pending": [],
              "skipped": [],
              "duration": 1,
              "root": false,
              "rootEmpty": false,
              "_timeout": 2000
            },
            {
              "uuid": "df06f212-afd7-46d7-95b9-b71f9cb9d6d8",
              "title": "trigger()",
              "fullFile": "/home/runner/work/ical-generator/ical-generator/test/alarm.ts",
              "file": "/test/alarm.ts",
              "beforeHooks": [],
              "afterHooks": [],
              "tests": [
                {
                  "title": "setter should return this",
                  "fullTitle": "ical-generator Alarm trigger() setter should return this",
                  "timedOut": false,
                  "duration": 0,
                  "state": "passed",
                  "speed": "fast",
                  "pass": true,
                  "fail": false,
                  "pending": false,
                  "context": null,
                  "code": "const a=new import_alarm.default({},new import_event.default({start:new Date},new import_calendar.default));import_assert.default.deepStrictEqual(a,a.trigger(60*10))",
                  "err": {},
                  "uuid": "c099fda1-88a1-43b4-997f-feaf36be027f",
                  "parentUUID": "df06f212-afd7-46d7-95b9-b71f9cb9d6d8",
                  "isHook": false,
                  "skipped": false
                },
                {
                  "title": "getter should return value",
                  "fullTitle": "ical-generator Alarm trigger() getter should return value",
                  "timedOut": false,
                  "duration": 1,
                  "state": "passed",
                  "speed": "fast",
                  "pass": true,
                  "fail": false,
                  "pending": false,
                  "context": null,
                  "code": "const a=new import_alarm.default({},new import_event.default({start:new Date},new import_calendar.default));const now=new Date;import_assert.default.strictEqual(a.trigger(),600);import_assert.default.strictEqual(a.triggerAfter(),-600);a.trigger(300);import_assert.default.strictEqual(a.trigger(),300);import_assert.default.strictEqual(a.triggerAfter(),-300);a.trigger(now);const dateResult=a.trigger();import_assert.default.deepStrictEqual(dateResult,now)",
                  "err": {},
                  "uuid": "a37186df-263d-4e6a-8db2-92f037a6f3dc",
                  "parentUUID": "df06f212-afd7-46d7-95b9-b71f9cb9d6d8",
                  "isHook": false,
                  "skipped": false
                },
                {
                  "title": "should throw error when trigger not allowed",
                  "fullTitle": "ical-generator Alarm trigger() should throw error when trigger not allowed",
                  "timedOut": false,
                  "duration": 0,
                  "state": "passed",
                  "speed": "fast",
                  "pass": true,
                  "fail": false,
                  "pending": false,
                  "context": null,
                  "code": "const a=new import_alarm.default({},new import_event.default({start:new Date},new import_calendar.default));import_assert.default.throws(function(){a.trigger(Infinity)},/`trigger`/);import_assert.default.throws(function(){a.trigger(\"hi\")},/`trigger`/);import_assert.default.throws(function(){a.trigger(true)},/`trigger`/)",
                  "err": {},
                  "uuid": "cffa4c4a-d2bd-406b-bb7d-8edb825e0991",
                  "parentUUID": "df06f212-afd7-46d7-95b9-b71f9cb9d6d8",
                  "isHook": false,
                  "skipped": false
                },
                {
                  "title": "setter should work with date",
                  "fullTitle": "ical-generator Alarm trigger() setter should work with date",
                  "timedOut": false,
                  "duration": 1,
                  "state": "passed",
                  "speed": "fast",
                  "pass": true,
                  "fail": false,
                  "pending": false,
                  "context": null,
                  "code": "const a=new import_alarm.default({},new import_event.default({start:new Date},new import_calendar.default));a.trigger(new Date);import_assert.default.ok(a.trigger()instanceof Date)",
                  "err": {},
                  "uuid": "78b4f30d-83c3-4495-ab60-4727c2ba771f",
                  "parentUUID": "df06f212-afd7-46d7-95b9-b71f9cb9d6d8",
                  "isHook": false,
                  "skipped": false
                },
                {
                  "title": "setter should work with moment instance",
                  "fullTitle": "ical-generator Alarm trigger() setter should work with moment instance",
                  "timedOut": false,
                  "duration": 0,
                  "state": "passed",
                  "speed": "fast",
                  "pass": true,
                  "fail": false,
                  "pending": false,
                  "context": null,
                  "code": "const a=new import_alarm.default({},new import_event.default({start:new Date},new import_calendar.default));a.trigger((0,import_moment_timezone.default)());import_assert.default.ok(import_moment_timezone.default.isMoment(a.trigger()))",
                  "err": {},
                  "uuid": "43fd0eee-37f8-4298-9111-2f87e7d646f4",
                  "parentUUID": "df06f212-afd7-46d7-95b9-b71f9cb9d6d8",
                  "isHook": false,
                  "skipped": false
                },
                {
                  "title": "setter should work with number",
                  "fullTitle": "ical-generator Alarm trigger() setter should work with number",
                  "timedOut": false,
                  "duration": 0,
                  "state": "passed",
                  "speed": "fast",
                  "pass": true,
                  "fail": false,
                  "pending": false,
                  "context": null,
                  "code": "const a=new import_alarm.default({},new import_event.default({start:new Date},new import_calendar.default));a.trigger(2*60);import_assert.default.strictEqual(a.trigger(),120)",
                  "err": {},
                  "uuid": "e9c3a682-270a-4d8a-99cf-778720978f7b",
                  "parentUUID": "df06f212-afd7-46d7-95b9-b71f9cb9d6d8",
                  "isHook": false,
                  "skipped": false
                },
                {
                  "title": "should change something",
                  "fullTitle": "ical-generator Alarm trigger() should change something",
                  "timedOut": false,
                  "duration": 3,
                  "state": "passed",
                  "speed": "fast",
                  "pass": true,
                  "fail": false,
                  "pending": false,
                  "context": null,
                  "code": "const trigger=(0,import_moment_timezone.default)(\"2015-02-01T13:38:45.000Z\");const a=new import_alarm.default({},new import_event.default({start:new Date},new import_calendar.default));import_assert.default.ok(a.toString().includes(\"TRIGGER:-PT10M\"));a.trigger(trigger);import_assert.default.ok(a.toString().includes(\"TRIGGER;VALUE=DATE-TIME:20150201T133845Z\"))",
                  "err": {},
                  "uuid": "8625547b-56f5-494b-8d23-6929cf7fb919",
                  "parentUUID": "df06f212-afd7-46d7-95b9-b71f9cb9d6d8",
                  "isHook": false,
                  "skipped": false
                }
              ],
              "suites": [],
              "passes": [
                "c099fda1-88a1-43b4-997f-feaf36be027f",
                "a37186df-263d-4e6a-8db2-92f037a6f3dc",
                "cffa4c4a-d2bd-406b-bb7d-8edb825e0991",
                "78b4f30d-83c3-4495-ab60-4727c2ba771f",
                "43fd0eee-37f8-4298-9111-2f87e7d646f4",
                "e9c3a682-270a-4d8a-99cf-778720978f7b",
                "8625547b-56f5-494b-8d23-6929cf7fb919"
              ],
              "failures": [],
              "pending": [],
              "skipped": [],
              "duration": 5,
              "root": false,
              "rootEmpty": false,
              "_timeout": 2000
            },
            {
              "uuid": "f97f52e0-c6d6-49ef-84b3-7d0e2cb8cabb",
              "title": "triggerAfter()",
              "fullFile": "/home/runner/work/ical-generator/ical-generator/test/alarm.ts",
              "file": "/test/alarm.ts",
              "beforeHooks": [],
              "afterHooks": [],
              "tests": [
                {
                  "title": "setter should return this",
                  "fullTitle": "ical-generator Alarm triggerAfter() setter should return this",
                  "timedOut": false,
                  "duration": 0,
                  "state": "passed",
                  "speed": "fast",
                  "pass": true,
                  "fail": false,
                  "pending": false,
                  "context": null,
                  "code": "const a=new import_alarm.default({},new import_event.default({start:new Date},new import_calendar.default));import_assert.default.deepStrictEqual(a,a.triggerAfter(60*10))",
                  "err": {},
                  "uuid": "644e3812-f4db-4e0a-8a2e-0917c78075ac",
                  "parentUUID": "f97f52e0-c6d6-49ef-84b3-7d0e2cb8cabb",
                  "isHook": false,
                  "skipped": false
                },
                {
                  "title": "getter should return value",
                  "fullTitle": "ical-generator Alarm triggerAfter() getter should return value",
                  "timedOut": false,
                  "duration": 0,
                  "state": "passed",
                  "speed": "fast",
                  "pass": true,
                  "fail": false,
                  "pending": false,
                  "context": null,
                  "code": "const a=new import_alarm.default({},new import_event.default({start:new Date},new import_calendar.default)).triggerAfter(300);import_assert.default.strictEqual(a.triggerAfter(),300);import_assert.default.strictEqual(a.trigger(),-300)",
                  "err": {},
                  "uuid": "e44fb585-42f4-4314-8aeb-6bffbd34297c",
                  "parentUUID": "f97f52e0-c6d6-49ef-84b3-7d0e2cb8cabb",
                  "isHook": false,
                  "skipped": false
                },
                {
                  "title": "setter should work with number",
                  "fullTitle": "ical-generator Alarm triggerAfter() setter should work with number",
                  "timedOut": false,
                  "duration": 0,
                  "state": "passed",
                  "speed": "fast",
                  "pass": true,
                  "fail": false,
                  "pending": false,
                  "context": null,
                  "code": "const a=new import_alarm.default({},new import_event.default({start:new Date},new import_calendar.default));a.triggerAfter(120);import_assert.default.strictEqual(a.trigger(),-120)",
                  "err": {},
                  "uuid": "2d54482d-954a-4827-98a3-2de102c12cd1",
                  "parentUUID": "f97f52e0-c6d6-49ef-84b3-7d0e2cb8cabb",
                  "isHook": false,
                  "skipped": false
                },
                {
                  "title": "setter should throw error when trigger not allowed",
                  "fullTitle": "ical-generator Alarm triggerAfter() setter should throw error when trigger not allowed",
                  "timedOut": false,
                  "duration": 0,
                  "state": "passed",
                  "speed": "fast",
                  "pass": true,
                  "fail": false,
                  "pending": false,
                  "context": null,
                  "code": "const a=new import_alarm.default({},new import_event.default({start:new Date},new import_calendar.default));import_assert.default.throws(function(){a.triggerAfter(Infinity)},/`trigger`/);import_assert.default.throws(function(){a.triggerAfter(\"hi\")},/`trigger`/);import_assert.default.throws(function(){a.triggerAfter(true)},/`trigger`/)",
                  "err": {},
                  "uuid": "83f04c24-d65a-4c9e-8e46-0bfe4e0c85eb",
                  "parentUUID": "f97f52e0-c6d6-49ef-84b3-7d0e2cb8cabb",
                  "isHook": false,
                  "skipped": false
                },
                {
                  "title": "should change something",
                  "fullTitle": "ical-generator Alarm triggerAfter() should change something",
                  "timedOut": false,
                  "duration": 1,
                  "state": "passed",
                  "speed": "fast",
                  "pass": true,
                  "fail": false,
                  "pending": false,
                  "context": null,
                  "code": "const trigger=(0,import_moment_timezone.default)(\"20150201T133845Z\");const a=new import_alarm.default({triggerAfter:600},new import_event.default({start:new Date},new import_calendar.default));import_assert.default.ok(a.toString().indexOf(\"TRIGGER;RELATED=END:PT10M\")>-1);a.triggerAfter(trigger);import_assert.default.ok(a.toString().indexOf(\"TRIGGER;VALUE=DATE-TIME:20150201T133845Z\")>-1)",
                  "err": {},
                  "uuid": "7b9eaef9-0fc6-4eb5-9af8-611daf72946b",
                  "parentUUID": "f97f52e0-c6d6-49ef-84b3-7d0e2cb8cabb",
                  "isHook": false,
                  "skipped": false
                }
              ],
              "suites": [],
              "passes": [
                "644e3812-f4db-4e0a-8a2e-0917c78075ac",
                "e44fb585-42f4-4314-8aeb-6bffbd34297c",
                "2d54482d-954a-4827-98a3-2de102c12cd1",
                "83f04c24-d65a-4c9e-8e46-0bfe4e0c85eb",
                "7b9eaef9-0fc6-4eb5-9af8-611daf72946b"
              ],
              "failures": [],
              "pending": [],
              "skipped": [],
              "duration": 1,
              "root": false,
              "rootEmpty": false,
              "_timeout": 2000
            },
            {
              "uuid": "7e9d25d9-b103-43dc-9f4b-253a793cde62",
              "title": "triggerBefore()",
              "fullFile": "/home/runner/work/ical-generator/ical-generator/test/alarm.ts",
              "file": "/test/alarm.ts",
              "beforeHooks": [],
              "afterHooks": [],
              "tests": [
                {
                  "title": "setter should return this",
                  "fullTitle": "ical-generator Alarm triggerBefore() setter should return this",
                  "timedOut": false,
                  "duration": 0,
                  "state": "passed",
                  "speed": "fast",
                  "pass": true,
                  "fail": false,
                  "pending": false,
                  "context": null,
                  "code": "const a=new import_alarm.default({},new import_event.default({start:new Date},new import_calendar.default));import_assert.default.deepStrictEqual(a,a.triggerBefore(60*10))",
                  "err": {},
                  "uuid": "81de88c3-2a9c-47fc-85f3-7b66d57199b3",
                  "parentUUID": "7e9d25d9-b103-43dc-9f4b-253a793cde62",
                  "isHook": false,
                  "skipped": false
                },
                {
                  "title": "getter should return value",
                  "fullTitle": "ical-generator Alarm triggerBefore() getter should return value",
                  "timedOut": false,
                  "duration": 0,
                  "state": "passed",
                  "speed": "fast",
                  "pass": true,
                  "fail": false,
                  "pending": false,
                  "context": null,
                  "code": "const a=new import_alarm.default({},new import_event.default({start:new Date},new import_calendar.default));const now=new Date;import_assert.default.strictEqual(a.triggerBefore(),600);a.trigger(300);import_assert.default.strictEqual(a.triggerBefore(),300);a.trigger(now);const dateResult=a.triggerBefore();import_assert.default.deepStrictEqual(dateResult,now)",
                  "err": {},
                  "uuid": "a74553d7-fc28-4a6e-8379-c0909d83682d",
                  "parentUUID": "7e9d25d9-b103-43dc-9f4b-253a793cde62",
                  "isHook": false,
                  "skipped": false
                },
                {
                  "title": "should throw error when trigger not allowed",
                  "fullTitle": "ical-generator Alarm triggerBefore() should throw error when trigger not allowed",
                  "timedOut": false,
                  "duration": 0,
                  "state": "passed",
                  "speed": "fast",
                  "pass": true,
                  "fail": false,
                  "pending": false,
                  "context": null,
                  "code": "const a=new import_alarm.default({},new import_event.default({start:new Date},new import_calendar.default));import_assert.default.throws(function(){a.triggerBefore(Infinity)},/`trigger`/);import_assert.default.throws(function(){a.triggerBefore(\"hi\")},/`trigger`/);import_assert.default.throws(function(){a.triggerBefore(true)},/`trigger`/)",
                  "err": {},
                  "uuid": "8560c95b-3e6c-4c90-a79d-79fc2f565c38",
                  "parentUUID": "7e9d25d9-b103-43dc-9f4b-253a793cde62",
                  "isHook": false,
                  "skipped": false
                },
                {
                  "title": "setter should work with date",
                  "fullTitle": "ical-generator Alarm triggerBefore() setter should work with date",
                  "timedOut": false,
                  "duration": 0,
                  "state": "passed",
                  "speed": "fast",
                  "pass": true,
                  "fail": false,
                  "pending": false,
                  "context": null,
                  "code": "const a=new import_alarm.default({},new import_event.default({start:new Date},new import_calendar.default));const now=new Date;a.triggerBefore(now);import_assert.default.deepStrictEqual(a.trigger(),now)",
                  "err": {},
                  "uuid": "a2680f9b-f376-4350-b040-38a8c2833a50",
                  "parentUUID": "7e9d25d9-b103-43dc-9f4b-253a793cde62",
                  "isHook": false,
                  "skipped": false
                },
                {
                  "title": "setter should work with moment instance",
                  "fullTitle": "ical-generator Alarm triggerBefore() setter should work with moment instance",
                  "timedOut": false,
                  "duration": 0,
                  "state": "passed",
                  "speed": "fast",
                  "pass": true,
                  "fail": false,
                  "pending": false,
                  "context": null,
                  "code": "const a=new import_alarm.default({triggerBefore:(0,import_moment_timezone.default)()},new import_event.default({start:new Date},new import_calendar.default));import_assert.default.ok(import_moment_timezone.default.isMoment(a.trigger()))",
                  "err": {},
                  "uuid": "9d44b81a-c079-4338-b429-15d918161522",
                  "parentUUID": "7e9d25d9-b103-43dc-9f4b-253a793cde62",
                  "isHook": false,
                  "skipped": false
                },
                {
                  "title": "setter should work with number",
                  "fullTitle": "ical-generator Alarm triggerBefore() setter should work with number",
                  "timedOut": false,
                  "duration": 0,
                  "state": "passed",
                  "speed": "fast",
                  "pass": true,
                  "fail": false,
                  "pending": false,
                  "context": null,
                  "code": "const a=new import_alarm.default({},new import_event.default({start:new Date},new import_calendar.default));a.triggerBefore(2*60);import_assert.default.strictEqual(a.trigger(),120)",
                  "err": {},
                  "uuid": "bc4d80b2-3da7-4e2e-810b-50cb33e343e1",
                  "parentUUID": "7e9d25d9-b103-43dc-9f4b-253a793cde62",
                  "isHook": false,
                  "skipped": false
                },
                {
                  "title": "should change something",
                  "fullTitle": "ical-generator Alarm triggerBefore() should change something",
                  "timedOut": false,
                  "duration": 0,
                  "state": "passed",
                  "speed": "fast",
                  "pass": true,
                  "fail": false,
                  "pending": false,
                  "context": null,
                  "code": "const trigger=(0,import_moment_timezone.default)(\"2015-02-01T13:38:45.000Z\");const a=new import_alarm.default({},new import_event.default({start:new Date},new import_calendar.default));import_assert.default.ok(a.toString().indexOf(\"TRIGGER:-PT10M\")>-1);a.triggerBefore(trigger);import_assert.default.ok(a.toString().indexOf(\"TRIGGER;VALUE=DATE-TIME:20150201T133845Z\")>-1)",
                  "err": {},
                  "uuid": "25247a7a-624b-4653-823c-d9a472d1f892",
                  "parentUUID": "7e9d25d9-b103-43dc-9f4b-253a793cde62",
                  "isHook": false,
                  "skipped": false
                }
              ],
              "suites": [],
              "passes": [
                "81de88c3-2a9c-47fc-85f3-7b66d57199b3",
                "a74553d7-fc28-4a6e-8379-c0909d83682d",
                "8560c95b-3e6c-4c90-a79d-79fc2f565c38",
                "a2680f9b-f376-4350-b040-38a8c2833a50",
                "9d44b81a-c079-4338-b429-15d918161522",
                "bc4d80b2-3da7-4e2e-810b-50cb33e343e1",
                "25247a7a-624b-4653-823c-d9a472d1f892"
              ],
              "failures": [],
              "pending": [],
              "skipped": [],
              "duration": 0,
              "root": false,
              "rootEmpty": false,
              "_timeout": 2000
            },
            {
              "uuid": "237604c6-a494-44fd-8cc4-2faaffd56ae9",
              "title": "relatesTo()",
              "fullFile": "/home/runner/work/ical-generator/ical-generator/test/alarm.ts",
              "file": "/test/alarm.ts",
              "beforeHooks": [],
              "afterHooks": [],
              "tests": [
                {
                  "title": "setter should return this",
                  "fullTitle": "ical-generator Alarm relatesTo() setter should return this",
                  "timedOut": false,
                  "duration": 0,
                  "state": "passed",
                  "speed": "fast",
                  "pass": true,
                  "fail": false,
                  "pending": false,
                  "context": null,
                  "code": "const a=new import_alarm.default({},new import_event.default({start:new Date},new import_calendar.default));import_assert.default.deepStrictEqual(a,a.relatesTo(null));import_assert.default.deepStrictEqual(a,a.relatesTo(import_alarm.ICalAlarmRelatesTo.end))",
                  "err": {},
                  "uuid": "256354b5-d248-444a-9ba2-c4dec035bd6c",
                  "parentUUID": "237604c6-a494-44fd-8cc4-2faaffd56ae9",
                  "isHook": false,
                  "skipped": false
                },
                {
                  "title": "getter should return value",
                  "fullTitle": "ical-generator Alarm relatesTo() getter should return value",
                  "timedOut": false,
                  "duration": 0,
                  "state": "passed",
                  "speed": "fast",
                  "pass": true,
                  "fail": false,
                  "pending": false,
                  "context": null,
                  "code": "const a=new import_alarm.default({},new import_event.default({start:new Date},new import_calendar.default));a.relatesTo(import_alarm.ICalAlarmRelatesTo.end);import_assert.default.strictEqual(a.relatesTo(),import_alarm.ICalAlarmRelatesTo.end);a.relatesTo(null);import_assert.default.strictEqual(a.relatesTo(),null)",
                  "err": {},
                  "uuid": "c2b4125b-6b46-413f-a5fa-b29a927691f5",
                  "parentUUID": "237604c6-a494-44fd-8cc4-2faaffd56ae9",
                  "isHook": false,
                  "skipped": false
                },
                {
                  "title": "should throw if value is not `null`, \"START\" or \"END\"",
                  "fullTitle": "ical-generator Alarm relatesTo() should throw if value is not `null`, \"START\" or \"END\"",
                  "timedOut": false,
                  "duration": 0,
                  "state": "passed",
                  "speed": "fast",
                  "pass": true,
                  "fail": false,
                  "pending": false,
                  "context": null,
                  "code": "const a=new import_alarm.default({},new import_event.default({start:new Date},new import_calendar.default));import_assert.default.throws(function(){a.relatesTo(\"hi\")},/`relatesTo`/);import_assert.default.throws(function(){a.relatesTo(true)},/`relatesTo`/);import_assert.default.throws(function(){a.relatesTo(Infinity)},/`relatesTo`/)",
                  "err": {},
                  "uuid": "ed514139-77e7-4997-a91e-0a54663f9b46",
                  "parentUUID": "237604c6-a494-44fd-8cc4-2faaffd56ae9",
                  "isHook": false,
                  "skipped": false
                },
                {
                  "title": "should change RELATED",
                  "fullTitle": "ical-generator Alarm relatesTo() should change RELATED",
                  "timedOut": false,
                  "duration": 0,
                  "state": "passed",
                  "speed": "fast",
                  "pass": true,
                  "fail": false,
                  "pending": false,
                  "context": null,
                  "code": "const a=new import_alarm.default({},new import_event.default({start:new Date},new import_calendar.default));import_assert.default.ok(a.toString().indexOf(\"RELATED=START\")===-1);a.relatesTo(import_alarm.ICalAlarmRelatesTo.start);import_assert.default.ok(a.toString().indexOf(\"RELATED=START\")>-1);a.relatesTo(import_alarm.ICalAlarmRelatesTo.end);import_assert.default.ok(a.toString().indexOf(\"RELATED=END\")>-1)",
                  "err": {},
                  "uuid": "0e4e50db-5c02-4fa0-ad9b-57fb6b12f1d4",
                  "parentUUID": "237604c6-a494-44fd-8cc4-2faaffd56ae9",
                  "isHook": false,
                  "skipped": false
                }
              ],
              "suites": [],
              "passes": [
                "256354b5-d248-444a-9ba2-c4dec035bd6c",
                "c2b4125b-6b46-413f-a5fa-b29a927691f5",
                "ed514139-77e7-4997-a91e-0a54663f9b46",
                "0e4e50db-5c02-4fa0-ad9b-57fb6b12f1d4"
              ],
              "failures": [],
              "pending": [],
              "skipped": [],
              "duration": 0,
              "root": false,
              "rootEmpty": false,
              "_timeout": 2000
            },
            {
              "uuid": "08bbb3e8-73b7-4ca7-bc54-fc917a1b1e8b",
              "title": "repeat()",
              "fullFile": "/home/runner/work/ical-generator/ical-generator/test/alarm.ts",
              "file": "/test/alarm.ts",
              "beforeHooks": [],
              "afterHooks": [],
              "tests": [
                {
                  "title": "setter should return this",
                  "fullTitle": "ical-generator Alarm repeat() setter should return this",
                  "timedOut": false,
                  "duration": 0,
                  "state": "passed",
                  "speed": "fast",
                  "pass": true,
                  "fail": false,
                  "pending": false,
                  "context": null,
                  "code": "const a=new import_alarm.default({},new import_event.default({start:new Date},new import_calendar.default));import_assert.default.deepStrictEqual(a,a.repeat({interval:60,times:4}))",
                  "err": {},
                  "uuid": "db9f62f0-c678-42bd-83e1-01af398b2687",
                  "parentUUID": "08bbb3e8-73b7-4ca7-bc54-fc917a1b1e8b",
                  "isHook": false,
                  "skipped": false
                },
                {
                  "title": "getter should return value",
                  "fullTitle": "ical-generator Alarm repeat() getter should return value",
                  "timedOut": false,
                  "duration": 0,
                  "state": "passed",
                  "speed": "fast",
                  "pass": true,
                  "fail": false,
                  "pending": false,
                  "context": null,
                  "code": "const a=new import_alarm.default({},new import_event.default({start:new Date},new import_calendar.default));import_assert.default.strictEqual(a.repeat(),null);a.repeat({interval:60,times:4});import_assert.default.deepStrictEqual(a.repeat(),{interval:60,times:4})",
                  "err": {},
                  "uuid": "970cd832-c576-4bde-9966-d2547d8e6432",
                  "parentUUID": "08bbb3e8-73b7-4ca7-bc54-fc917a1b1e8b",
                  "isHook": false,
                  "skipped": false
                },
                {
                  "title": "should throw error if repeat not allowed",
                  "fullTitle": "ical-generator Alarm repeat() should throw error if repeat not allowed",
                  "timedOut": false,
                  "duration": 1,
                  "state": "passed",
                  "speed": "fast",
                  "pass": true,
                  "fail": false,
                  "pending": false,
                  "context": null,
                  "code": "const a=new import_alarm.default({},new import_event.default({start:new Date},new import_calendar.default));import_assert.default.throws(function(){a.repeat({interval:60,times:Infinity})},/`repeat.times`/);import_assert.default.throws(function(){a.repeat({interval:60,times:\"hi\"})},/`repeat.times`/);import_assert.default.throws(function(){a.repeat({interval:60,times:true})},/`repeat.times`/);import_assert.default.throws(function(){a.repeat({interval:Infinity,times:4})},/`repeat.interval`/);import_assert.default.throws(function(){a.repeat({interval:\"hi\",times:4})},/`repeat.interval`/);import_assert.default.throws(function(){a.repeat({interval:true,times:4})},/`repeat.interval`/)",
                  "err": {},
                  "uuid": "d686cc7b-4bde-4864-8db0-3ed48f36ab2f",
                  "parentUUID": "08bbb3e8-73b7-4ca7-bc54-fc917a1b1e8b",
                  "isHook": false,
                  "skipped": false
                },
                {
                  "title": "should change something",
                  "fullTitle": "ical-generator Alarm repeat() should change something",
                  "timedOut": false,
                  "duration": 0,
                  "state": "passed",
                  "speed": "fast",
                  "pass": true,
                  "fail": false,
                  "pending": false,
                  "context": null,
                  "code": "const a=new import_alarm.default({repeat:{interval:90,times:42},trigger:300},new import_event.default({start:new Date},new import_calendar.default));import_assert.default.ok(a.toString().includes(\"REPEAT:42\"));import_assert.default.ok(a.toString().includes(\"DURATION:PT1M30S\"));a.repeat(null);import_assert.default.ok(!a.toString().includes(\"REPEAT:42\"));import_assert.default.ok(!a.toString().includes(\"DURATION:PT1M30S\"))",
                  "err": {},
                  "uuid": "eb94bedc-e1df-48cf-87f6-b4e21503680a",
                  "parentUUID": "08bbb3e8-73b7-4ca7-bc54-fc917a1b1e8b",
                  "isHook": false,
                  "skipped": false
                },
                {
                  "title": "should throw an error if repeat is set but interval isn't",
                  "fullTitle": "ical-generator Alarm repeat() should throw an error if repeat is set but interval isn't",
                  "timedOut": false,
                  "duration": 0,
                  "state": "passed",
                  "speed": "fast",
                  "pass": true,
                  "fail": false,
                  "pending": false,
                  "context": null,
                  "code": "import_assert.default.throws(function(){new import_alarm.default({repeat:{interval:null,times:4},trigger:300},new import_event.default({start:new Date},new import_calendar.default))},/`repeat.interval`/)",
                  "err": {},
                  "uuid": "d8a1a963-ec85-46fe-a5d8-f36f0d8f067c",
                  "parentUUID": "08bbb3e8-73b7-4ca7-bc54-fc917a1b1e8b",
                  "isHook": false,
                  "skipped": false
                },
                {
                  "title": "should throw an error if interval is set but repeat isn't",
                  "fullTitle": "ical-generator Alarm repeat() should throw an error if interval is set but repeat isn't",
                  "timedOut": false,
                  "duration": 0,
                  "state": "passed",
                  "speed": "fast",
                  "pass": true,
                  "fail": false,
                  "pending": false,
                  "context": null,
                  "code": "import_assert.default.throws(function(){new import_alarm.default({repeat:{interval:60,times:null},trigger:300},new import_event.default({start:new Date},new import_calendar.default))},/`repeat.times`/)",
                  "err": {},
                  "uuid": "31c9412d-57a6-4ab9-9b42-b087459fe681",
                  "parentUUID": "08bbb3e8-73b7-4ca7-bc54-fc917a1b1e8b",
                  "isHook": false,
                  "skipped": false
                },
                {
                  "title": "should throw an error if interval is of wrong type",
                  "fullTitle": "ical-generator Alarm repeat() should throw an error if interval is of wrong type",
                  "timedOut": false,
                  "duration": 0,
                  "state": "passed",
                  "speed": "fast",
                  "pass": true,
                  "fail": false,
                  "pending": false,
                  "context": null,
                  "code": "import_assert.default.throws(function(){new import_alarm.default({repeat:true,trigger:300},new import_event.default({start:new Date},new import_calendar.default))},/`repeat` is not correct, must be an object!/)",
                  "err": {},
                  "uuid": "48984d38-bac2-468f-839a-33cd9e2ef374",
                  "parentUUID": "08bbb3e8-73b7-4ca7-bc54-fc917a1b1e8b",
                  "isHook": false,
                  "skipped": false
                }
              ],
              "suites": [],
              "passes": [
                "db9f62f0-c678-42bd-83e1-01af398b2687",
                "970cd832-c576-4bde-9966-d2547d8e6432",
                "d686cc7b-4bde-4864-8db0-3ed48f36ab2f",
                "eb94bedc-e1df-48cf-87f6-b4e21503680a",
                "d8a1a963-ec85-46fe-a5d8-f36f0d8f067c",
                "31c9412d-57a6-4ab9-9b42-b087459fe681",
                "48984d38-bac2-468f-839a-33cd9e2ef374"
              ],
              "failures": [],
              "pending": [],
              "skipped": [],
              "duration": 1,
              "root": false,
              "rootEmpty": false,
              "_timeout": 2000
            },
            {
              "uuid": "4f13011e-cb8f-4198-b361-67985342505b",
              "title": "attach()",
              "fullFile": "/home/runner/work/ical-generator/ical-generator/test/alarm.ts",
              "file": "/test/alarm.ts",
              "beforeHooks": [],
              "afterHooks": [],
              "tests": [
                {
                  "title": "setter should return this",
                  "fullTitle": "ical-generator Alarm attach() setter should return this",
                  "timedOut": false,
                  "duration": 0,
                  "state": "passed",
                  "speed": "fast",
                  "pass": true,
                  "fail": false,
                  "pending": false,
                  "context": null,
                  "code": "const a=new import_alarm.default({},new import_event.default({start:new Date},new import_calendar.default));import_assert.default.deepStrictEqual(a,a.attach(null));import_assert.default.deepStrictEqual(a,a.attach(\"https://sebbo.net/beep.aud\"))",
                  "err": {},
                  "uuid": "2bdc8977-840a-4799-84e6-54be8747fa4f",
                  "parentUUID": "4f13011e-cb8f-4198-b361-67985342505b",
                  "isHook": false,
                  "skipped": false
                },
                {
                  "title": "getter should return value",
                  "fullTitle": "ical-generator Alarm attach() getter should return value",
                  "timedOut": false,
                  "duration": 1,
                  "state": "passed",
                  "speed": "fast",
                  "pass": true,
                  "fail": false,
                  "pending": false,
                  "context": null,
                  "code": "const t={mime:\"audio/basic\",uri:\"https://example.com/alarm.aud\"};const a=new import_alarm.default({},new import_event.default({start:new Date},new import_calendar.default));import_assert.default.strictEqual(a.attach(),null);a.attach(t);import_assert.default.deepStrictEqual(a.attach(),t);a.attach(\"https://www.example.com/beep.aud\");import_assert.default.deepStrictEqual(a.attach(),{mime:null,uri:\"https://www.example.com/beep.aud\"});a.attach({uri:\"https://www.example.com/beep.aud\"});import_assert.default.deepStrictEqual(a.attach(),{mime:null,uri:\"https://www.example.com/beep.aud\"});a.attach(null);import_assert.default.strictEqual(a.attach(),null)",
                  "err": {},
                  "uuid": "97f10f19-8c32-41d5-bdf4-58a642b299d5",
                  "parentUUID": "4f13011e-cb8f-4198-b361-67985342505b",
                  "isHook": false,
                  "skipped": false
                },
                {
                  "title": "should throw error withour uri",
                  "fullTitle": "ical-generator Alarm attach() should throw error withour uri",
                  "timedOut": false,
                  "duration": 0,
                  "state": "passed",
                  "speed": "fast",
                  "pass": true,
                  "fail": false,
                  "pending": false,
                  "context": null,
                  "code": "const a=new import_alarm.default({},new import_event.default({start:new Date},new import_calendar.default));import_assert.default.throws(function(){a.attach({mime:\"audio/basic\"})},/`attach.uri`/)",
                  "err": {},
                  "uuid": "321d142a-e8fe-471b-8d7b-33024764bb1b",
                  "parentUUID": "4f13011e-cb8f-4198-b361-67985342505b",
                  "isHook": false,
                  "skipped": false
                },
                {
                  "title": "should throw error when unknown format",
                  "fullTitle": "ical-generator Alarm attach() should throw error when unknown format",
                  "timedOut": false,
                  "duration": 0,
                  "state": "passed",
                  "speed": "fast",
                  "pass": true,
                  "fail": false,
                  "pending": false,
                  "context": null,
                  "code": "const a=new import_alarm.default({},new import_event.default({start:new Date},new import_calendar.default));import_assert.default.throws(function(){a.attach(Infinity)},/`attachment`/)",
                  "err": {},
                  "uuid": "86130a26-a925-4ed1-aa18-f1b9e54ef73e",
                  "parentUUID": "4f13011e-cb8f-4198-b361-67985342505b",
                  "isHook": false,
                  "skipped": false
                },
                {
                  "title": "should change something",
                  "fullTitle": "ical-generator Alarm attach() should change something",
                  "timedOut": false,
                  "duration": 0,
                  "state": "passed",
                  "speed": "fast",
                  "pass": true,
                  "fail": false,
                  "pending": false,
                  "context": null,
                  "code": "const a=new import_alarm.default({type:import_alarm.ICalAlarmType.audio},new import_event.default({start:new Date},new import_calendar.default));import_assert.default.ok(a.toString().indexOf(\"\\r\\nATTACH;VALUE=URI:Basso\")>-1);a.attach(\"https://example.com/beep.aud\");import_assert.default.ok(a.toString().indexOf(\"\\r\\nATTACH;VALUE=URI:https://example.com/beep.aud\")>-1);a.attach({mime:\"audio/basic\",uri:\"https://example.com/beep.aud\"});import_assert.default.ok(a.toString().indexOf(\"\\r\\nATTACH;FMTTYPE=audio/basic:https://example.com/beep.aud\")>-1)",
                  "err": {},
                  "uuid": "03abd45e-87e3-4c16-b612-cdae4bb08899",
                  "parentUUID": "4f13011e-cb8f-4198-b361-67985342505b",
                  "isHook": false,
                  "skipped": false
                }
              ],
              "suites": [],
              "passes": [
                "2bdc8977-840a-4799-84e6-54be8747fa4f",
                "97f10f19-8c32-41d5-bdf4-58a642b299d5",
                "321d142a-e8fe-471b-8d7b-33024764bb1b",
                "86130a26-a925-4ed1-aa18-f1b9e54ef73e",
                "03abd45e-87e3-4c16-b612-cdae4bb08899"
              ],
              "failures": [],
              "pending": [],
              "skipped": [],
              "duration": 1,
              "root": false,
              "rootEmpty": false,
              "_timeout": 2000
            },
            {
              "uuid": "90da60a7-8655-4e1f-878d-210f54287368",
              "title": "description()",
              "fullFile": "/home/runner/work/ical-generator/ical-generator/test/alarm.ts",
              "file": "/test/alarm.ts",
              "beforeHooks": [],
              "afterHooks": [],
              "tests": [
                {
                  "title": "setter should return this",
                  "fullTitle": "ical-generator Alarm description() setter should return this",
                  "timedOut": false,
                  "duration": 0,
                  "state": "passed",
                  "speed": "fast",
                  "pass": true,
                  "fail": false,
                  "pending": false,
                  "context": null,
                  "code": "const a=new import_alarm.default({},new import_event.default({start:new Date},new import_calendar.default));import_assert.default.deepStrictEqual(a,a.description(null));import_assert.default.deepStrictEqual(a,a.description(\"Hey Ho!\"))",
                  "err": {},
                  "uuid": "e6963f54-4964-4030-85b6-8236fcf5aba9",
                  "parentUUID": "90da60a7-8655-4e1f-878d-210f54287368",
                  "isHook": false,
                  "skipped": false
                },
                {
                  "title": "getter should return value",
                  "fullTitle": "ical-generator Alarm description() getter should return value",
                  "timedOut": false,
                  "duration": 0,
                  "state": "passed",
                  "speed": "fast",
                  "pass": true,
                  "fail": false,
                  "pending": false,
                  "context": null,
                  "code": "const a=new import_alarm.default({},new import_event.default({start:new Date},new import_calendar.default));import_assert.default.deepStrictEqual(a.description(),null);a.description(\"blablabla\");import_assert.default.deepStrictEqual(a.description(),\"blablabla\");a.description(null);import_assert.default.deepStrictEqual(a.description(),null)",
                  "err": {},
                  "uuid": "e5fa0c22-d41f-41c6-8fbf-4bf1857234e5",
                  "parentUUID": "90da60a7-8655-4e1f-878d-210f54287368",
                  "isHook": false,
                  "skipped": false
                },
                {
                  "title": "should change something",
                  "fullTitle": "ical-generator Alarm description() should change something",
                  "timedOut": false,
                  "duration": 0,
                  "state": "passed",
                  "speed": "fast",
                  "pass": true,
                  "fail": false,
                  "pending": false,
                  "context": null,
                  "code": "const a=new import_alarm.default({description:\"Huibuh!\"},new import_event.default({start:new Date},new import_calendar.default));import_assert.default.ok(a.toString().indexOf(\"\\r\\nDESCRIPTION:Huibuh\")>-1)",
                  "err": {},
                  "uuid": "c5a52305-330c-463d-a81e-ed21c21de4c7",
                  "parentUUID": "90da60a7-8655-4e1f-878d-210f54287368",
                  "isHook": false,
                  "skipped": false
                },
                {
                  "title": "should fallback to event summary",
                  "fullTitle": "ical-generator Alarm description() should fallback to event summary",
                  "timedOut": false,
                  "duration": 0,
                  "state": "passed",
                  "speed": "fast",
                  "pass": true,
                  "fail": false,
                  "pending": false,
                  "context": null,
                  "code": "const a=new import_alarm.default({description:\"Example Event\"},new import_event.default({start:new Date},new import_calendar.default));import_assert.default.ok(a.toString().indexOf(\"\\r\\nDESCRIPTION:Example Event\")>-1)",
                  "err": {},
                  "uuid": "faf72567-cac5-4756-8659-d0a12e675ba6",
                  "parentUUID": "90da60a7-8655-4e1f-878d-210f54287368",
                  "isHook": false,
                  "skipped": false
                }
              ],
              "suites": [],
              "passes": [
                "e6963f54-4964-4030-85b6-8236fcf5aba9",
                "e5fa0c22-d41f-41c6-8fbf-4bf1857234e5",
                "c5a52305-330c-463d-a81e-ed21c21de4c7",
                "faf72567-cac5-4756-8659-d0a12e675ba6"
              ],
              "failures": [],
              "pending": [],
              "skipped": [],
              "duration": 0,
              "root": false,
              "rootEmpty": false,
              "_timeout": 2000
            },
            {
              "uuid": "aac56c84-8295-4e45-838b-9e684b5d604a",
              "title": "summary()",
              "fullFile": "/home/runner/work/ical-generator/ical-generator/test/alarm.ts",
              "file": "/test/alarm.ts",
              "beforeHooks": [],
              "afterHooks": [],
              "tests": [
                {
                  "title": "setter should return this",
                  "fullTitle": "ical-generator Alarm summary() setter should return this",
                  "timedOut": false,
                  "duration": 0,
                  "state": "passed",
                  "speed": "fast",
                  "pass": true,
                  "fail": false,
                  "pending": false,
                  "context": null,
                  "code": "const a=new import_alarm.default({},new import_event.default({start:new Date},new import_calendar.default));import_assert.default.deepStrictEqual(a,a.summary(null));import_assert.default.deepStrictEqual(a,a.summary(\"Hey Ho!\"))",
                  "err": {},
                  "uuid": "c6aad1ce-6141-4188-a40f-de4b8d66a647",
                  "parentUUID": "aac56c84-8295-4e45-838b-9e684b5d604a",
                  "isHook": false,
                  "skipped": false
                },
                {
                  "title": "getter should return value",
                  "fullTitle": "ical-generator Alarm summary() getter should return value",
                  "timedOut": false,
                  "duration": 0,
                  "state": "passed",
                  "speed": "fast",
                  "pass": true,
                  "fail": false,
                  "pending": false,
                  "context": null,
                  "code": "const a=new import_alarm.default({},new import_event.default({start:new Date},new import_calendar.default));import_assert.default.deepStrictEqual(a.summary(),null);a.summary(\"blablabla\");import_assert.default.deepStrictEqual(a.summary(),\"blablabla\");a.summary(null);import_assert.default.deepStrictEqual(a.summary(),null)",
                  "err": {},
                  "uuid": "18ac77ba-2181-48b8-bb08-4161444b7738",
                  "parentUUID": "aac56c84-8295-4e45-838b-9e684b5d604a",
                  "isHook": false,
                  "skipped": false
                },
                {
                  "title": "should change something",
                  "fullTitle": "ical-generator Alarm summary() should change something",
                  "timedOut": false,
                  "duration": 0,
                  "state": "passed",
                  "speed": "fast",
                  "pass": true,
                  "fail": false,
                  "pending": false,
                  "context": null,
                  "code": "const a=new import_alarm.default({summary:\"Huibuh!\",type:import_alarm.ICalAlarmType.email},new import_event.default({start:new Date},new import_calendar.default));import_assert.default.ok(a.toString().indexOf(\"\\r\\nSUMMARY:Huibuh\")>-1)",
                  "err": {},
                  "uuid": "b5e61864-894f-46b3-a396-23b67f67c662",
                  "parentUUID": "aac56c84-8295-4e45-838b-9e684b5d604a",
                  "isHook": false,
                  "skipped": false
                },
                {
                  "title": "should fallback to event summary",
                  "fullTitle": "ical-generator Alarm summary() should fallback to event summary",
                  "timedOut": false,
                  "duration": 0,
                  "state": "passed",
                  "speed": "fast",
                  "pass": true,
                  "fail": false,
                  "pending": false,
                  "context": null,
                  "code": "const a=new import_alarm.default({type:import_alarm.ICalAlarmType.email},new import_event.default({start:new Date,summary:\"Example Event\"},new import_calendar.default));import_assert.default.ok(a.toString().indexOf(\"\\r\\nSUMMARY:Example Event\")>-1)",
                  "err": {},
                  "uuid": "1f6e8235-63d0-4468-8626-16f117d2132f",
                  "parentUUID": "aac56c84-8295-4e45-838b-9e684b5d604a",
                  "isHook": false,
                  "skipped": false
                }
              ],
              "suites": [],
              "passes": [
                "c6aad1ce-6141-4188-a40f-de4b8d66a647",
                "18ac77ba-2181-48b8-bb08-4161444b7738",
                "b5e61864-894f-46b3-a396-23b67f67c662",
                "1f6e8235-63d0-4468-8626-16f117d2132f"
              ],
              "failures": [],
              "pending": [],
              "skipped": [],
              "duration": 0,
              "root": false,
              "rootEmpty": false,
              "_timeout": 2000
            },
            {
              "uuid": "131bfd69-4929-4543-b748-4a8994656143",
              "title": "createAttendee()",
              "fullFile": "/home/runner/work/ical-generator/ical-generator/test/alarm.ts",
              "file": "/test/alarm.ts",
              "beforeHooks": [],
              "afterHooks": [],
              "tests": [
                {
                  "title": "if Attendee passed, it should add and return it",
                  "fullTitle": "ical-generator Alarm createAttendee() if Attendee passed, it should add and return it",
                  "timedOut": false,
                  "duration": 0,
                  "state": "passed",
                  "speed": "fast",
                  "pass": true,
                  "fail": false,
                  "pending": false,
                  "context": null,
                  "code": "const alarm=new import_event.default({start:new Date},new import_calendar.default).createAlarm({type:import_alarm.ICalAlarmType.email});const attendee=new import_attendee.default({email:\"mail@example.com\"},alarm);import_assert.default.strictEqual(alarm.createAttendee(attendee),attendee,\"createAttendee returns attendee\");import_assert.default.deepStrictEqual(alarm.attendees()[0],attendee,\"attendee pushed\")",
                  "err": {},
                  "uuid": "0e0c26c0-1a62-4eda-9825-a72942271bb7",
                  "parentUUID": "131bfd69-4929-4543-b748-4a8994656143",
                  "isHook": false,
                  "skipped": false
                },
                {
                  "title": "should return a ICalAttendee instance",
                  "fullTitle": "ical-generator Alarm createAttendee() should return a ICalAttendee instance",
                  "timedOut": false,
                  "duration": 0,
                  "state": "passed",
                  "speed": "fast",
                  "pass": true,
                  "fail": false,
                  "pending": false,
                  "context": null,
                  "code": "const alarm=new import_event.default({start:new Date},new import_calendar.default).createAlarm({type:import_alarm.ICalAlarmType.email});import_assert.default.ok(alarm.createAttendee({email:\"mail@example.com\"})instanceof import_attendee.default);import_assert.default.strictEqual(alarm.attendees.length,1,\"attendee pushed\")",
                  "err": {},
                  "uuid": "10e003e9-0ff6-4507-af0e-a3f96358456f",
                  "parentUUID": "131bfd69-4929-4543-b748-4a8994656143",
                  "isHook": false,
                  "skipped": false
                },
                {
                  "title": "should accept string",
                  "fullTitle": "ical-generator Alarm createAttendee() should accept string",
                  "timedOut": false,
                  "duration": 1,
                  "state": "passed",
                  "speed": "fast",
                  "pass": true,
                  "fail": false,
                  "pending": false,
                  "context": null,
                  "code": "const alarm=new import_event.default({start:new Date},new import_calendar.default).createAlarm({type:import_alarm.ICalAlarmType.email});const attendee=alarm.createAttendee(\"Zac <zac@example.com>\");import_assert.default.strictEqual(attendee.name(),\"Zac\");import_assert.default.strictEqual(attendee.email(),\"zac@example.com\");import_assert.default.strictEqual(alarm.attendees().length,1,\"attendee pushed\")",
                  "err": {},
                  "uuid": "52448aa1-355a-4aaf-a75a-f5e4282fff78",
                  "parentUUID": "131bfd69-4929-4543-b748-4a8994656143",
                  "isHook": false,
                  "skipped": false
                },
                {
                  "title": "should throw error when string misformated",
                  "fullTitle": "ical-generator Alarm createAttendee() should throw error when string misformated",
                  "timedOut": false,
                  "duration": 0,
                  "state": "passed",
                  "speed": "fast",
                  "pass": true,
                  "fail": false,
                  "pending": false,
                  "context": null,
                  "code": "const alarm=new import_event.default({start:new Date},new import_calendar.default).createAlarm({type:import_alarm.ICalAlarmType.email});import_assert.default.throws(function(){alarm.createAttendee(\"foo bar\")},/isn't formated correctly/)",
                  "err": {},
                  "uuid": "7f1aa4cf-d23d-4ea4-ba01-cfb9ba4a8ac5",
                  "parentUUID": "131bfd69-4929-4543-b748-4a8994656143",
                  "isHook": false,
                  "skipped": false
                },
                {
                  "title": "should accept object",
                  "fullTitle": "ical-generator Alarm createAttendee() should accept object",
                  "timedOut": false,
                  "duration": 0,
                  "state": "passed",
                  "speed": "fast",
                  "pass": true,
                  "fail": false,
                  "pending": false,
                  "context": null,
                  "code": "const alarm=new import_event.default({start:new Date},new import_calendar.default).createAlarm({type:import_alarm.ICalAlarmType.email});const attendee=alarm.createAttendee({email:\"zac@example.com\",name:\"Zac\"});import_assert.default.strictEqual(attendee.name(),\"Zac\");import_assert.default.strictEqual(attendee.email(),\"zac@example.com\");import_assert.default.strictEqual(alarm.attendees().length,1,\"attendee pushed\");import_assert.default.ok(alarm.toString().includes('ATTENDEE;ROLE=REQ-PARTICIPANT;CN=\"Zac\":MAILTO:zac@example.com'))",
                  "err": {},
                  "uuid": "2ca96616-81f9-49cb-a1cc-2dd13135b016",
                  "parentUUID": "131bfd69-4929-4543-b748-4a8994656143",
                  "isHook": false,
                  "skipped": false
                }
              ],
              "suites": [],
              "passes": [
                "0e0c26c0-1a62-4eda-9825-a72942271bb7",
                "10e003e9-0ff6-4507-af0e-a3f96358456f",
                "52448aa1-355a-4aaf-a75a-f5e4282fff78",
                "7f1aa4cf-d23d-4ea4-ba01-cfb9ba4a8ac5",
                "2ca96616-81f9-49cb-a1cc-2dd13135b016"
              ],
              "failures": [],
              "pending": [],
              "skipped": [],
              "duration": 1,
              "root": false,
              "rootEmpty": false,
              "_timeout": 2000
            },
            {
              "uuid": "28e41161-1138-46ab-9661-fd974033d32a",
              "title": "attendees()",
              "fullFile": "/home/runner/work/ical-generator/ical-generator/test/alarm.ts",
              "file": "/test/alarm.ts",
              "beforeHooks": [],
              "afterHooks": [],
              "tests": [
                {
                  "title": "getter should return an array of attendees…",
                  "fullTitle": "ical-generator Alarm attendees() getter should return an array of attendees…",
                  "timedOut": false,
                  "duration": 0,
                  "state": "passed",
                  "speed": "fast",
                  "pass": true,
                  "fail": false,
                  "pending": false,
                  "context": null,
                  "code": "const alarm=new import_event.default({start:new Date},new import_calendar.default).createAlarm({type:import_alarm.ICalAlarmType.email});import_assert.default.strictEqual(alarm.attendees().length,0);const attendee=alarm.createAttendee({email:\"mail@example.com\"});import_assert.default.strictEqual(alarm.attendees().length,1);import_assert.default.deepStrictEqual(alarm.attendees()[0],attendee)",
                  "err": {},
                  "uuid": "6a9eb505-8ee9-4fe9-abfe-cd020ea94583",
                  "parentUUID": "28e41161-1138-46ab-9661-fd974033d32a",
                  "isHook": false,
                  "skipped": false
                },
                {
                  "title": "setter should add attendees and return this",
                  "fullTitle": "ical-generator Alarm attendees() setter should add attendees and return this",
                  "timedOut": false,
                  "duration": 0,
                  "state": "passed",
                  "speed": "fast",
                  "pass": true,
                  "fail": false,
                  "pending": false,
                  "context": null,
                  "code": "const alarm=new import_event.default({start:new Date},new import_calendar.default).createAlarm({type:import_alarm.ICalAlarmType.email});const foo=alarm.attendees([{email:\"a@example.com\",name:\"Person A\"},{email:\"b@example.com\",name:\"Person B\"}]);import_assert.default.strictEqual(alarm.attendees().length,2);import_assert.default.deepStrictEqual(foo,alarm)",
                  "err": {},
                  "uuid": "37fd57b4-c789-44cf-9a0b-ca49390e4f9d",
                  "parentUUID": "28e41161-1138-46ab-9661-fd974033d32a",
                  "isHook": false,
                  "skipped": false
                }
              ],
              "suites": [],
              "passes": [
                "6a9eb505-8ee9-4fe9-abfe-cd020ea94583",
                "37fd57b4-c789-44cf-9a0b-ca49390e4f9d"
              ],
              "failures": [],
              "pending": [],
              "skipped": [],
              "duration": 0,
              "root": false,
              "rootEmpty": false,
              "_timeout": 2000
            },
            {
              "uuid": "6e9ae1f1-624a-4fc5-8157-8af2716856be",
              "title": "x()",
              "fullFile": "/home/runner/work/ical-generator/ical-generator/test/alarm.ts",
              "file": "/test/alarm.ts",
              "beforeHooks": [],
              "afterHooks": [],
              "tests": [
                {
                  "title": "is there",
                  "fullTitle": "ical-generator Alarm x() is there",
                  "timedOut": false,
                  "duration": 0,
                  "state": "passed",
                  "speed": "fast",
                  "pass": true,
                  "fail": false,
                  "pending": false,
                  "context": null,
                  "code": "const a=new import_alarm.default({},new import_event.default({start:new Date},new import_calendar.default));import_assert.default.deepStrictEqual(a,a.x(\"X-FOO\",\"bar\"))",
                  "err": {},
                  "uuid": "a239c27e-7eda-45e3-8d7a-939b2fb62c84",
                  "parentUUID": "6e9ae1f1-624a-4fc5-8157-8af2716856be",
                  "isHook": false,
                  "skipped": false
                }
              ],
              "suites": [],
              "passes": [
                "a239c27e-7eda-45e3-8d7a-939b2fb62c84"
              ],
              "failures": [],
              "pending": [],
              "skipped": [],
              "duration": 0,
              "root": false,
              "rootEmpty": false,
              "_timeout": 2000
            },
            {
              "uuid": "501785c0-5e2b-4f47-9e83-35ba57585ca7",
              "title": "toJSON()",
              "fullFile": "/home/runner/work/ical-generator/ical-generator/test/alarm.ts",
              "file": "/test/alarm.ts",
              "beforeHooks": [],
              "afterHooks": [],
              "tests": [
                {
                  "title": "should work",
                  "fullTitle": "ical-generator Alarm toJSON() should work",
                  "timedOut": false,
                  "duration": 1,
                  "state": "passed",
                  "speed": "fast",
                  "pass": true,
                  "fail": false,
                  "pending": false,
                  "context": null,
                  "code": "const a=new import_alarm.default({},new import_event.default({start:new Date},new import_calendar.default));a.type(import_alarm.ICalAlarmType.display);a.trigger(120);import_assert.default.deepStrictEqual(a.toJSON(),{attach:null,attendees:[],description:null,interval:null,relatesTo:null,repeat:null,summary:null,trigger:120,type:\"display\",x:[]})",
                  "err": {},
                  "uuid": "83992f9c-55da-4610-aeb3-26448db5f04b",
                  "parentUUID": "501785c0-5e2b-4f47-9e83-35ba57585ca7",
                  "isHook": false,
                  "skipped": false
                },
                {
                  "title": "should be compatible with constructor (type check)",
                  "fullTitle": "ical-generator Alarm toJSON() should be compatible with constructor (type check)",
                  "timedOut": false,
                  "duration": 0,
                  "state": "passed",
                  "speed": "fast",
                  "pass": true,
                  "fail": false,
                  "pending": false,
                  "context": null,
                  "code": "const a=new import_alarm.default({},new import_event.default({start:new Date},new import_calendar.default));new import_alarm.default(a.toJSON(),new import_event.default({start:new Date},new import_calendar.default))",
                  "err": {},
                  "uuid": "fabd5ad8-5636-47b0-9ec4-052d2df3612d",
                  "parentUUID": "501785c0-5e2b-4f47-9e83-35ba57585ca7",
                  "isHook": false,
                  "skipped": false
                }
              ],
              "suites": [],
              "passes": [
                "83992f9c-55da-4610-aeb3-26448db5f04b",
                "fabd5ad8-5636-47b0-9ec4-052d2df3612d"
              ],
              "failures": [],
              "pending": [],
              "skipped": [],
              "duration": 1,
              "root": false,
              "rootEmpty": false,
              "_timeout": 2000
            }
          ],
          "passes": [],
          "failures": [],
          "pending": [],
          "skipped": [],
          "duration": 0,
          "root": false,
          "rootEmpty": false,
          "_timeout": 2000
        },
        {
          "uuid": "a122a34c-a24c-49ea-836d-656ae36dbc81",
          "title": "ical-generator Attendee",
          "fullFile": "/home/runner/work/ical-generator/ical-generator/test/attendee.ts",
          "file": "/test/attendee.ts",
          "beforeHooks": [],
          "afterHooks": [],
          "tests": [],
          "suites": [
            {
              "uuid": "066b3c85-b08d-43be-8944-a56681518997",
              "title": "constructor()",
              "fullFile": "/home/runner/work/ical-generator/ical-generator/test/attendee.ts",
              "file": "/test/attendee.ts",
              "beforeHooks": [],
              "afterHooks": [],
              "tests": [
                {
                  "title": "shoud set data from constructor",
                  "fullTitle": "ical-generator Attendee constructor() shoud set data from constructor",
                  "timedOut": false,
                  "duration": 1,
                  "state": "passed",
                  "speed": "fast",
                  "pass": true,
                  "fail": false,
                  "pending": false,
                  "context": null,
                  "code": "const data={delegatedFrom:null,delegatedTo:null,email:\"john@example.org\",mailto:\"john+calendar@example.org\",name:\"John Doe\",role:import_attendee.ICalAttendeeRole.REQ,rsvp:false,scheduleAgent:import_attendee.ICalAttendeeScheduleAgent.CLIENT,sentBy:null,status:import_attendee.ICalAttendeeStatus.ACCEPTED,type:import_attendee.ICalAttendeeType.INDIVIDUAL,x:[]};const event=new import_attendee.default(data,new import_event.default({start:new Date},new import_calendar.default));import_assert.default.deepStrictEqual(event.toJSON(),data)",
                  "err": {},
                  "uuid": "a95e8f0b-d527-4291-bd47-5c25545d9377",
                  "parentUUID": "066b3c85-b08d-43be-8944-a56681518997",
                  "isHook": false,
                  "skipped": false
                },
                {
                  "title": "shouldn't work without event reference",
                  "fullTitle": "ical-generator Attendee constructor() shouldn't work without event reference",
                  "timedOut": false,
                  "duration": 0,
                  "state": "passed",
                  "speed": "fast",
                  "pass": true,
                  "fail": false,
                  "pending": false,
                  "context": null,
                  "code": "import_assert.default.throws(function(){new import_attendee.default({email:\"foo@bar.com\"})},/`event`/)",
                  "err": {},
                  "uuid": "3001e5af-9213-4b71-b00f-1dad1f3d72f3",
                  "parentUUID": "066b3c85-b08d-43be-8944-a56681518997",
                  "isHook": false,
                  "skipped": false
                },
                {
                  "title": "should throw an error without email",
                  "fullTitle": "ical-generator Attendee constructor() should throw an error without email",
                  "timedOut": false,
                  "duration": 0,
                  "state": "passed",
                  "speed": "fast",
                  "pass": true,
                  "fail": false,
                  "pending": false,
                  "context": null,
                  "code": "import_assert.default.throws(function(){new import_attendee.default({name:\"Testuser\"},new import_event.default({start:new Date},new import_calendar.default))},/`email`/)",
                  "err": {},
                  "uuid": "111bba50-e5bf-4e53-9d05-384bbe0f8b4f",
                  "parentUUID": "066b3c85-b08d-43be-8944-a56681518997",
                  "isHook": false,
                  "skipped": false
                }
              ],
              "suites": [],
              "passes": [
                "a95e8f0b-d527-4291-bd47-5c25545d9377",
                "3001e5af-9213-4b71-b00f-1dad1f3d72f3",
                "111bba50-e5bf-4e53-9d05-384bbe0f8b4f"
              ],
              "failures": [],
              "pending": [],
              "skipped": [],
              "duration": 1,
              "root": false,
              "rootEmpty": false,
              "_timeout": 2000
            },
            {
              "uuid": "00c38fc7-6ae6-4fdb-a283-5a79070fbd38",
              "title": "name()",
              "fullFile": "/home/runner/work/ical-generator/ical-generator/test/attendee.ts",
              "file": "/test/attendee.ts",
              "beforeHooks": [],
              "afterHooks": [],
              "tests": [
                {
                  "title": "getter should return value",
                  "fullTitle": "ical-generator Attendee name() getter should return value",
                  "timedOut": false,
                  "duration": 1,
                  "state": "passed",
                  "speed": "fast",
                  "pass": true,
                  "fail": false,
                  "pending": false,
                  "context": null,
                  "code": "const a=new import_attendee.default({email:\"foo@example.com\"},new import_event.default({start:new Date},new import_calendar.default));import_assert.default.strictEqual(a.name(),null);a.name(\"Sebastian\");import_assert.default.strictEqual(a.name(),\"Sebastian\")",
                  "err": {},
                  "uuid": "8f9c92fc-b622-49f4-b1fb-e18717af2ee3",
[...]
                  "title": "Luxon",
                  "fullFile": "/home/runner/work/ical-generator/ical-generator/test/tools.ts",
                  "file": "/test/tools.ts",
                  "beforeHooks": [],
                  "afterHooks": [],
                  "tests": [
                    {
                      "title": "should work with valid Luxon",
                      "fullTitle": "ICalTools checkDate() Luxon should work with valid Luxon",
                      "timedOut": false,
                      "duration": 0,
                      "state": "passed",
                      "speed": "fast",
                      "pass": true,
                      "fail": false,
                      "pending": false,
                      "context": null,
                      "code": "const date=import_luxon.DateTime.now();import_assert.default.equal((0,import_tools.checkDate)(date,\"foo\"),date)",
                      "err": {},
                      "uuid": "c27a649c-35ba-4923-95fd-2e4a0c8fc32d",
                      "parentUUID": "5b736110-26d0-4c0e-a48b-8290e0eef052",
                      "isHook": false,
                      "skipped": false
                    },
                    {
                      "title": "should throw error for invalid Luxon",
                      "fullTitle": "ICalTools checkDate() Luxon should throw error for invalid Luxon",
                      "timedOut": false,
                      "duration": 0,
                      "state": "passed",
                      "speed": "fast",
                      "pass": true,
                      "fail": false,
                      "pending": false,
                      "context": null,
                      "code": "const date=import_luxon.DateTime.fromISO(\"foo\");import_assert.default.throws(()=>{(0,import_tools.checkDate)(date,\"foo\")},/`foo` has to be a valid date!/)",
                      "err": {},
                      "uuid": "f6ac8759-a45b-4df2-83f1-845ca3320667",
                      "parentUUID": "5b736110-26d0-4c0e-a48b-8290e0eef052",
                      "isHook": false,
                      "skipped": false
                    }
                  ],
                  "suites": [],
                  "passes": [
                    "c27a649c-35ba-4923-95fd-2e4a0c8fc32d",
                    "f6ac8759-a45b-4df2-83f1-845ca3320667"
                  ],
                  "failures": [],
                  "pending": [],
                  "skipped": [],
                  "duration": 0,
                  "root": false,
                  "rootEmpty": false,
                  "_timeout": 2000
                },
                {
                  "uuid": "a556f647-6ec0-4421-b53d-4345b62bfbd0",
                  "title": "Moment",
                  "fullFile": "/home/runner/work/ical-generator/ical-generator/test/tools.ts",
                  "file": "/test/tools.ts",
                  "beforeHooks": [],
                  "afterHooks": [],
                  "tests": [
                    {
                      "title": "should work with valid Moment",
                      "fullTitle": "ICalTools checkDate() Moment should work with valid Moment",
                      "timedOut": false,
                      "duration": 0,
                      "state": "passed",
                      "speed": "fast",
                      "pass": true,
                      "fail": false,
                      "pending": false,
                      "context": null,
                      "code": "const date=(0,import_moment.default)();import_assert.default.equal((0,import_tools.checkDate)(date,\"foo\"),date)",
                      "err": {},
                      "uuid": "ae65fdc4-c18d-4567-9a12-ef0e2a0eecbb",
                      "parentUUID": "a556f647-6ec0-4421-b53d-4345b62bfbd0",
                      "isHook": false,
                      "skipped": false
                    },
                    {
                      "title": "should throw error for invalid Moment",
                      "fullTitle": "ICalTools checkDate() Moment should throw error for invalid Moment",
                      "timedOut": false,
                      "duration": 0,
                      "state": "passed",
                      "speed": "fast",
                      "pass": true,
                      "fail": false,
                      "pending": false,
                      "context": null,
                      "code": "const date=(0,import_moment.default)(\"foo\",\"MM/DD/YYYY\",true);import_assert.default.throws(()=>{(0,import_tools.checkDate)(date,\"foo\")},/`foo` has to be a valid date!/)",
                      "err": {},
                      "uuid": "ae3a8ee5-afd4-4b58-bb33-9d64f9f3dbc7",
                      "parentUUID": "a556f647-6ec0-4421-b53d-4345b62bfbd0",
                      "isHook": false,
                      "skipped": false
                    }
                  ],
                  "suites": [],
                  "passes": [
                    "ae65fdc4-c18d-4567-9a12-ef0e2a0eecbb",
                    "ae3a8ee5-afd4-4b58-bb33-9d64f9f3dbc7"
                  ],
                  "failures": [],
                  "pending": [],
                  "skipped": [],
                  "duration": 0,
                  "root": false,
                  "rootEmpty": false,
                  "_timeout": 2000
                },
                {
                  "uuid": "0eed19a5-e2f2-4299-aa5e-a4ed7e8ee094",
                  "title": "Day.js",
                  "fullFile": "/home/runner/work/ical-generator/ical-generator/test/tools.ts",
                  "file": "/test/tools.ts",
                  "beforeHooks": [],
                  "afterHooks": [],
                  "tests": [
                    {
                      "title": "should work with valid Day.js",
                      "fullTitle": "ICalTools checkDate() Day.js should work with valid Day.js",
                      "timedOut": false,
                      "duration": 0,
                      "state": "passed",
                      "speed": "fast",
                      "pass": true,
                      "fail": false,
                      "pending": false,
                      "context": null,
                      "code": "const date=(0,import_dayjs.default)();import_assert.default.equal((0,import_tools.checkDate)(date,\"foo\"),date)",
                      "err": {},
                      "uuid": "978b09cb-431a-4dfc-92ba-9c4786f89bb7",
                      "parentUUID": "0eed19a5-e2f2-4299-aa5e-a4ed7e8ee094",
                      "isHook": false,
                      "skipped": false
                    },
                    {
                      "title": "should throw error for invalid Day.js",
                      "fullTitle": "ICalTools checkDate() Day.js should throw error for invalid Day.js",
                      "timedOut": false,
                      "duration": 1,
                      "state": "passed",
                      "speed": "fast",
                      "pass": true,
                      "fail": false,
                      "pending": false,
                      "context": null,
                      "code": "const date=(0,import_dayjs.default)(\"foo\");import_assert.default.throws(()=>{(0,import_tools.checkDate)(date,\"foo\")},/`foo` has to be a valid date!/)",
                      "err": {},
                      "uuid": "f4404e7a-e789-4b27-8d95-e1994c9ece1a",
                      "parentUUID": "0eed19a5-e2f2-4299-aa5e-a4ed7e8ee094",
                      "isHook": false,
                      "skipped": false
                    }
                  ],
                  "suites": [],
                  "passes": [
                    "978b09cb-431a-4dfc-92ba-9c4786f89bb7",
                    "f4404e7a-e789-4b27-8d95-e1994c9ece1a"
                  ],
                  "failures": [],
                  "pending": [],
                  "skipped": [],
                  "duration": 1,
                  "root": false,
                  "rootEmpty": false,
                  "_timeout": 2000
                }
              ],
              "passes": [],
              "failures": [],
              "pending": [],
              "skipped": [],
              "duration": 0,
              "root": false,
              "rootEmpty": false,
              "_timeout": 2000
            },
            {
              "uuid": "7a85f256-a94a-4191-b4bd-c12146765492",
              "title": "toDate()",
              "fullFile": "/home/runner/work/ical-generator/ical-generator/test/tools.ts",
              "file": "/test/tools.ts",
              "beforeHooks": [],
              "afterHooks": [],
              "tests": [
                {
                  "title": "should work with strings",
                  "fullTitle": "ICalTools toDate() should work with strings",
                  "timedOut": false,
                  "duration": 0,
                  "state": "passed",
                  "speed": "fast",
                  "pass": true,
                  "fail": false,
                  "pending": false,
                  "context": null,
                  "code": "const date=new Date;import_assert.default.deepStrictEqual((0,import_tools.toDate)(date.toJSON()),date)",
                  "err": {},
                  "uuid": "9484ae8d-cf22-4363-b0fb-435f1f2b4fd4",
                  "parentUUID": "7a85f256-a94a-4191-b4bd-c12146765492",
                  "isHook": false,
                  "skipped": false
                },
                {
                  "title": "should work with native Date",
                  "fullTitle": "ICalTools toDate() should work with native Date",
                  "timedOut": false,
                  "duration": 0,
                  "state": "passed",
                  "speed": "fast",
                  "pass": true,
                  "fail": false,
                  "pending": false,
                  "context": null,
                  "code": "const date=new Date;import_assert.default.deepStrictEqual((0,import_tools.toDate)(date),date)",
                  "err": {},
                  "uuid": "a4c2d2f7-424d-4b7b-a160-51fc869072c6",
                  "parentUUID": "7a85f256-a94a-4191-b4bd-c12146765492",
                  "isHook": false,
                  "skipped": false
                },
                {
                  "title": "should work with moment object",
                  "fullTitle": "ICalTools toDate() should work with moment object",
                  "timedOut": false,
                  "duration": 0,
                  "state": "passed",
                  "speed": "fast",
                  "pass": true,
                  "fail": false,
                  "pending": false,
                  "context": null,
                  "code": "const date=new Date;import_assert.default.deepStrictEqual((0,import_tools.toDate)((0,import_moment.default)(date)),date)",
                  "err": {},
                  "uuid": "42a80c15-5adb-4560-b4a1-26372f3f0cdb",
                  "parentUUID": "7a85f256-a94a-4191-b4bd-c12146765492",
                  "isHook": false,
                  "skipped": false
                },
                {
                  "title": "should work with moment-timezone object",
                  "fullTitle": "ICalTools toDate() should work with moment-timezone object",
                  "timedOut": false,
                  "duration": 0,
                  "state": "passed",
                  "speed": "fast",
                  "pass": true,
                  "fail": false,
                  "pending": false,
                  "context": null,
                  "code": "const date=new Date;import_assert.default.deepStrictEqual((0,import_tools.toDate)((0,import_moment_timezone.default)(date)),date)",
                  "err": {},
                  "uuid": "d38b2d25-38ea-4484-9ab5-cb9ad9a2214d",
                  "parentUUID": "7a85f256-a94a-4191-b4bd-c12146765492",
                  "isHook": false,
                  "skipped": false
                },
                {
                  "title": "should work with Day.js object",
                  "fullTitle": "ICalTools toDate() should work with Day.js object",
                  "timedOut": false,
                  "duration": 1,
                  "state": "passed",
                  "speed": "fast",
                  "pass": true,
                  "fail": false,
                  "pending": false,
                  "context": null,
                  "code": "const date=new Date;import_assert.default.deepStrictEqual((0,import_tools.toDate)((0,import_dayjs.default)(date)),date)",
                  "err": {},
                  "uuid": "0d7c7e15-be0e-4980-a7be-05a984994cfa",
                  "parentUUID": "7a85f256-a94a-4191-b4bd-c12146765492",
                  "isHook": false,
                  "skipped": false
                },
                {
                  "title": "should work with luxon DateTime object",
                  "fullTitle": "ICalTools toDate() should work with luxon DateTime object",
                  "timedOut": false,
                  "duration": 0,
                  "state": "passed",
                  "speed": "fast",
                  "pass": true,
                  "fail": false,
                  "pending": false,
                  "context": null,
                  "code": "const date=new Date;import_assert.default.deepStrictEqual((0,import_tools.toDate)(import_luxon.DateTime.fromJSDate(date)),date)",
                  "err": {},
                  "uuid": "99327e65-1113-40d6-a372-b5f42f12be57",
                  "parentUUID": "7a85f256-a94a-4191-b4bd-c12146765492",
                  "isHook": false,
                  "skipped": false
                }
              ],
              "suites": [],
              "passes": [
                "9484ae8d-cf22-4363-b0fb-435f1f2b4fd4",
                "a4c2d2f7-424d-4b7b-a160-51fc869072c6",
                "42a80c15-5adb-4560-b4a1-26372f3f0cdb",
                "d38b2d25-38ea-4484-9ab5-cb9ad9a2214d",
                "0d7c7e15-be0e-4980-a7be-05a984994cfa",
                "99327e65-1113-40d6-a372-b5f42f12be57"
              ],
              "failures": [],
              "pending": [],
              "skipped": [],
              "duration": 1,
              "root": false,
              "rootEmpty": false,
              "_timeout": 2000
            },
            {
              "uuid": "8126bbf1-d7b2-42ec-8998-e0837bffabf0",
              "title": "toDurationString()",
              "fullFile": "/home/runner/work/ical-generator/ical-generator/test/tools.ts",
              "file": "/test/tools.ts",
              "beforeHooks": [],
              "afterHooks": [],
              "tests": [
                {
                  "title": "should work",
                  "fullTitle": "ICalTools toDurationString() should work",
                  "timedOut": false,
                  "duration": 0,
                  "state": "passed",
                  "speed": "fast",
                  "pass": true,
                  "fail": false,
                  "pending": false,
                  "context": null,
                  "code": "import_assert.default.strictEqual((0,import_tools.toDurationString)(0),\"PT0S\");import_assert.default.strictEqual((0,import_tools.toDurationString)(1),\"PT1S\");import_assert.default.strictEqual((0,import_tools.toDurationString)(60),\"PT1M\");import_assert.default.strictEqual((0,import_tools.toDurationString)(3600),\"PT1H\");import_assert.default.strictEqual((0,import_tools.toDurationString)(86400),\"P1D\");import_assert.default.strictEqual((0,import_tools.toDurationString)(-3600),\"-PT1H\")",
                  "err": {},
                  "uuid": "420519b9-e6f9-4ea3-b4d6-d9e04e55ca6c",
                  "parentUUID": "8126bbf1-d7b2-42ec-8998-e0837bffabf0",
                  "isHook": false,
                  "skipped": false
                }
              ],
              "suites": [],
              "passes": [
                "420519b9-e6f9-4ea3-b4d6-d9e04e55ca6c"
              ],
              "failures": [],
              "pending": [],
              "skipped": [],
              "duration": 0,
              "root": false,
              "rootEmpty": false,
              "_timeout": 2000
            }
          ],
          "passes": [],
          "failures": [],
          "pending": [],
          "skipped": [],
          "duration": 0,
          "root": false,
          "rootEmpty": false,
          "_timeout": 2000
        },
        {
          "uuid": "4dbc0274-6676-4035-bb6b-d5d6dfbab963",
          "title": "ical-generator Types",
          "fullFile": "/home/runner/work/ical-generator/ical-generator/test/types.ts",
          "file": "/test/types.ts",
          "beforeHooks": [],
          "afterHooks": [],
          "tests": [
            {
              "title": "stubs should be compatible with third party libraries",
              "fullTitle": "ical-generator Types stubs should be compatible with third party libraries",
              "timedOut": false,
              "duration": 0,
              "state": "passed",
              "speed": "fast",
              "pass": true,
              "fail": false,
              "pending": false,
              "context": null,
              "code": "assert.ok(dayJsTest,\"day.js stub should be compatible\");assert.ok(luxonTest,\"luxon stub should be compatible\");assert.ok(momentTest,\"moment stub should be compatible\");assert.ok(momentTimezoneTest,\"moment-timezone stub should be compatible\");assert.ok(rruleTest,\"rrule stub should be compatible\");assert.ok(dateFnsTzTest,\"date-fns/tz stub should be compatible\")",
              "err": {},
              "uuid": "8c9ed714-246e-487c-9625-621e1e99b31f",
              "parentUUID": "4dbc0274-6676-4035-bb6b-d5d6dfbab963",
              "isHook": false,
              "skipped": false
            },
            {
              "title": "calendar data should be compatible with calendar json data",
              "fullTitle": "ical-generator Types calendar data should be compatible with calendar json data",
              "timedOut": false,
              "duration": 1,
              "state": "passed",
              "speed": "fast",
              "pass": true,
              "fail": false,
              "pending": false,
              "context": null,
              "code": "assert.ok(attendeeJson,\"attendee json data should be compatible\");assert.ok(calendarJson,\"calendar json data should be compatible\");assert.ok(categoryJson,\"category json data should be compatible\");assert.ok(eventJson,\"event json data should be compatible\")",
              "err": {},
              "uuid": "34ffc73d-6134-418b-aeab-9c079333b61b",
              "parentUUID": "4dbc0274-6676-4035-bb6b-d5d6dfbab963",
              "isHook": false,
              "skipped": false
            }
          ],
          "suites": [],
          "passes": [
            "8c9ed714-246e-487c-9625-621e1e99b31f",
            "34ffc73d-6134-418b-aeab-9c079333b61b"
          ],
          "failures": [],
          "pending": [],
          "skipped": [],
          "duration": 1,
          "root": false,
          "rootEmpty": false,
          "_timeout": 2000
        }
      ],
      "passes": [],
      "failures": [],
      "pending": [],
      "skipped": [],
      "duration": 0,
      "root": true,
      "rootEmpty": true,
      "_timeout": 2000
    }
  ],
  "meta": {
    "mocha": {
      "version": "11.7.4"
    },
    "mochawesome": {
      "options": {
        "quiet": false,
        "reportFilename": "mochawesome",
        "saveHtml": true,
        "saveJson": true,
        "consoleReporter": "spec",
        "useInlineDiffs": false,
        "code": true
      },
      "version": "7.1.4"
    },
    "marge": {
      "options": null,
      "version": "6.3.0"
    }
  }
}