{
  "stats": {
    "suites": 124,
    "tests": 429,
    "passes": 427,
    "pending": 2,
    "failures": 0,
    "start": "2023-12-13T20:52:15.323Z",
    "end": "2023-12-13T20:52:15.479Z",
    "duration": 156,
    "testsRegistered": 429,
    "passPercent": 100,
    "pendingPercent": 0.4662004662004662,
    "other": 0,
    "hasOther": false,
    "skipped": 0,
    "hasSkipped": false
  },
  "results": [
    {
      "uuid": "3fcb02a0-f3cc-417f-8708-b967d9ede763",
      "title": "",
      "fullFile": "",
      "file": "",
      "beforeHooks": [],
      "afterHooks": [],
      "tests": [],
      "suites": [
        {
          "uuid": "55618132-1dc8-4a9f-931d-a1e1df16919e",
          "title": "ical-generator Alarm",
          "fullFile": "/home/runner/work/ical-generator/ical-generator/test/alarm.ts",
          "file": "/test/alarm.ts",
          "beforeHooks": [],
          "afterHooks": [],
          "tests": [],
          "suites": [
            {
              "uuid": "dcb95d05-7e32-4f2d-9745-bc767bce2fbe",
              "title": "constructor()",
              "fullFile": "/home/runner/work/ical-generator/ical-generator/test/alarm.ts",
              "file": "/test/alarm.ts",
              "beforeHooks": [],
              "afterHooks": [],
              "tests": [
                {
                  "title": "shouldn't work without event reference",
                  "fullTitle": "ical-generator Alarm constructor() shouldn't work without event reference",
                  "timedOut": false,
                  "duration": 0,
                  "state": "passed",
                  "speed": "fast",
                  "pass": true,
                  "fail": false,
                  "pending": false,
                  "context": null,
                  "code": "assert.throws(function () {\n    // @ts-ignore\n    new ICalAlarm({ type: ICalAlarmType.display }, null);\n}, /`event`/);",
                  "err": {},
                  "uuid": "035f9d10-12aa-416c-b1a1-47944924efb4",
                  "parentUUID": "dcb95d05-7e32-4f2d-9745-bc767bce2fbe",
                  "isHook": false,
                  "skipped": false
                },
                {
                  "title": "should ignore unknown data attributes",
                  "fullTitle": "ical-generator Alarm constructor() should ignore unknown data attributes",
                  "timedOut": false,
                  "duration": 1,
                  "state": "passed",
                  "speed": "fast",
                  "pass": true,
                  "fail": false,
                  "pending": false,
                  "context": null,
                  "code": "const a = new ICalAlarm({\n    // @ts-ignore\n    unknown: true,\n    type: ICalAlarmType.display\n}, new ICalEvent({\n    start: new Date()\n}, new ICalCalendar()));\nassert.strictEqual(a.type(), 'display');",
                  "err": {},
                  "uuid": "ab38ad13-5085-4daa-8741-b424cc827bed",
                  "parentUUID": "dcb95d05-7e32-4f2d-9745-bc767bce2fbe",
                  "isHook": false,
                  "skipped": false
                }
              ],
              "suites": [],
              "passes": [
                "035f9d10-12aa-416c-b1a1-47944924efb4",
                "ab38ad13-5085-4daa-8741-b424cc827bed"
              ],
              "failures": [],
              "pending": [],
              "skipped": [],
              "duration": 1,
              "root": false,
              "rootEmpty": false,
              "_timeout": 2000
            },
            {
              "uuid": "b82800b4-96bd-478b-91d6-2f100e362692",
              "title": "type()",
              "fullFile": "/home/runner/work/ical-generator/ical-generator/test/alarm.ts",
              "file": "/test/alarm.ts",
              "beforeHooks": [],
              "afterHooks": [],
              "tests": [
                {
                  "title": "setter should return this",
                  "fullTitle": "ical-generator Alarm type() setter should return this",
                  "timedOut": false,
                  "duration": 1,
                  "state": "passed",
                  "speed": "fast",
                  "pass": true,
                  "fail": false,
                  "pending": false,
                  "context": null,
                  "code": "const a = new ICalAlarm({}, new ICalEvent({\n    start: new Date()\n}, new ICalCalendar()));\nassert.deepStrictEqual(a, a.type(ICalAlarmType.display));",
                  "err": {},
                  "uuid": "d286aa49-795f-456e-8178-93410c542ee2",
                  "parentUUID": "b82800b4-96bd-478b-91d6-2f100e362692",
                  "isHook": false,
                  "skipped": false
                },
                {
                  "title": "getter should return value",
                  "fullTitle": "ical-generator Alarm type() getter should return value",
                  "timedOut": false,
                  "duration": 0,
                  "state": "passed",
                  "speed": "fast",
                  "pass": true,
                  "fail": false,
                  "pending": false,
                  "context": null,
                  "code": "const a = new ICalAlarm({}, new ICalEvent({\n    start: new Date()\n}, new ICalCalendar()));\nassert.strictEqual(a.type(), 'display');\na.type(ICalAlarmType.audio);\nassert.strictEqual(a.type(), 'audio');",
                  "err": {},
                  "uuid": "d0292eb1-1554-49c8-b8aa-e5e1f857c0a8",
                  "parentUUID": "b82800b4-96bd-478b-91d6-2f100e362692",
                  "isHook": false,
                  "skipped": false
                },
                {
                  "title": "should throw error when type not allowed",
                  "fullTitle": "ical-generator Alarm type() should throw error when type not allowed",
                  "timedOut": false,
                  "duration": 1,
                  "state": "passed",
                  "speed": "fast",
                  "pass": true,
                  "fail": false,
                  "pending": false,
                  "context": null,
                  "code": "const a = new ICalAlarm({}, new ICalEvent({\n    start: new Date()\n}, new ICalCalendar()));\nassert.throws(function () {\n    // @ts-ignore\n    a.type('BANANA');\n}, /`type`/);\nassert.throws(function () {\n    // @ts-ignore\n    a.type(null);\n}, /`type`/);",
                  "err": {},
                  "uuid": "832035db-add1-4363-b05a-b2c23ef17441",
                  "parentUUID": "b82800b4-96bd-478b-91d6-2f100e362692",
                  "isHook": false,
                  "skipped": false
                },
                {
                  "title": "should change something",
                  "fullTitle": "ical-generator Alarm type() should change something",
                  "timedOut": false,
                  "duration": 0,
                  "state": "passed",
                  "speed": "fast",
                  "pass": true,
                  "fail": false,
                  "pending": false,
                  "context": null,
                  "code": "const a = new ICalAlarm({}, new ICalEvent({ start: new Date() }, new ICalCalendar()));\nassert.ok(a.toString().indexOf('ACTION:DISPLAY') > -1);",
                  "err": {},
                  "uuid": "93983a22-4f34-4432-bd8b-4373fe38f1ee",
                  "parentUUID": "b82800b4-96bd-478b-91d6-2f100e362692",
                  "isHook": false,
                  "skipped": false
                }
              ],
              "suites": [],
              "passes": [
                "d286aa49-795f-456e-8178-93410c542ee2",
                "d0292eb1-1554-49c8-b8aa-e5e1f857c0a8",
                "832035db-add1-4363-b05a-b2c23ef17441",
                "93983a22-4f34-4432-bd8b-4373fe38f1ee"
              ],
              "failures": [],
              "pending": [],
              "skipped": [],
              "duration": 2,
              "root": false,
              "rootEmpty": false,
              "_timeout": 2000
            },
            {
              "uuid": "5b98d0e9-6593-4acf-a75f-ea0dc08ab380",
              "title": "trigger()",
              "fullFile": "/home/runner/work/ical-generator/ical-generator/test/alarm.ts",
              "file": "/test/alarm.ts",
              "beforeHooks": [],
              "afterHooks": [],
              "tests": [
                {
                  "title": "setter should return this",
                  "fullTitle": "ical-generator Alarm trigger() setter should return this",
                  "timedOut": false,
                  "duration": 0,
                  "state": "passed",
                  "speed": "fast",
                  "pass": true,
                  "fail": false,
                  "pending": false,
                  "context": null,
                  "code": "const a = new ICalAlarm({}, new ICalEvent({ start: new Date() }, new ICalCalendar()));\nassert.deepStrictEqual(a, a.trigger(60 * 10));",
                  "err": {},
                  "uuid": "c36dc3ec-85de-491d-ae76-1cf22df38213",
                  "parentUUID": "5b98d0e9-6593-4acf-a75f-ea0dc08ab380",
                  "isHook": false,
                  "skipped": false
                },
                {
                  "title": "getter should return value",
                  "fullTitle": "ical-generator Alarm trigger() getter should return value",
                  "timedOut": false,
                  "duration": 0,
                  "state": "passed",
                  "speed": "fast",
                  "pass": true,
                  "fail": false,
                  "pending": false,
                  "context": null,
                  "code": "const a = new ICalAlarm({}, new ICalEvent({ start: new Date() }, new ICalCalendar()));\nconst now = new Date();\nassert.strictEqual(a.trigger(), 600);\nassert.strictEqual(a.triggerAfter(), -600);\na.trigger(300);\nassert.strictEqual(a.trigger(), 300);\nassert.strictEqual(a.triggerAfter(), -300);\n// Date\na.trigger(now);\nconst dateResult = a.trigger();\nassert.deepStrictEqual(dateResult, now);",
                  "err": {},
                  "uuid": "4d3de5d5-a533-4868-9bd7-d3095c5d513c",
                  "parentUUID": "5b98d0e9-6593-4acf-a75f-ea0dc08ab380",
                  "isHook": false,
                  "skipped": false
                },
                {
                  "title": "should throw error when trigger not allowed",
                  "fullTitle": "ical-generator Alarm trigger() should throw error when trigger not allowed",
                  "timedOut": false,
                  "duration": 1,
                  "state": "passed",
                  "speed": "fast",
                  "pass": true,
                  "fail": false,
                  "pending": false,
                  "context": null,
                  "code": "const a = new ICalAlarm({}, new ICalEvent({ start: new Date() }, new ICalCalendar()));\nassert.throws(function () {\n    a.trigger(Infinity);\n}, /`trigger`/);\nassert.throws(function () {\n    // @ts-ignore\n    a.trigger('hi');\n}, /`trigger`/);\nassert.throws(function () {\n    // @ts-ignore\n    a.trigger(true);\n}, /`trigger`/);",
                  "err": {},
                  "uuid": "3b410eaf-a503-43e2-bbd0-0a8edfe05006",
                  "parentUUID": "5b98d0e9-6593-4acf-a75f-ea0dc08ab380",
                  "isHook": false,
                  "skipped": false
                },
                {
                  "title": "setter should work with date",
                  "fullTitle": "ical-generator Alarm trigger() setter should work with date",
                  "timedOut": false,
                  "duration": 0,
                  "state": "passed",
                  "speed": "fast",
                  "pass": true,
                  "fail": false,
                  "pending": false,
                  "context": null,
                  "code": "const a = new ICalAlarm({}, new ICalEvent({ start: new Date() }, new ICalCalendar()));\na.trigger(new Date());\nassert.ok(a.trigger() instanceof Date);",
                  "err": {},
                  "uuid": "04ffbd93-1175-49e2-adf9-f161566a0cb1",
                  "parentUUID": "5b98d0e9-6593-4acf-a75f-ea0dc08ab380",
                  "isHook": false,
                  "skipped": false
                },
                {
                  "title": "setter should work with moment instance",
                  "fullTitle": "ical-generator Alarm trigger() setter should work with moment instance",
                  "timedOut": false,
                  "duration": 0,
                  "state": "passed",
                  "speed": "fast",
                  "pass": true,
                  "fail": false,
                  "pending": false,
                  "context": null,
                  "code": "const a = new ICalAlarm({}, new ICalEvent({ start: new Date() }, new ICalCalendar()));\na.trigger(moment());\nassert.ok(moment.isMoment(a.trigger()));",
                  "err": {},
                  "uuid": "a08766e0-2ba0-4804-aca4-3fc941c0d5f4",
                  "parentUUID": "5b98d0e9-6593-4acf-a75f-ea0dc08ab380",
                  "isHook": false,
                  "skipped": false
                },
                {
                  "title": "setter should work with number",
                  "fullTitle": "ical-generator Alarm trigger() setter should work with number",
                  "timedOut": false,
                  "duration": 0,
                  "state": "passed",
                  "speed": "fast",
                  "pass": true,
                  "fail": false,
                  "pending": false,
                  "context": null,
                  "code": "const a = new ICalAlarm({}, new ICalEvent({ start: new Date() }, new ICalCalendar()));\na.trigger(2 * 60);\nassert.strictEqual(a.trigger(), 120);",
                  "err": {},
                  "uuid": "d6bf824d-5a7e-4a70-b958-377fe6022d04",
                  "parentUUID": "5b98d0e9-6593-4acf-a75f-ea0dc08ab380",
                  "isHook": false,
                  "skipped": false
                },
                {
                  "title": "should change something",
                  "fullTitle": "ical-generator Alarm trigger() should change something",
                  "timedOut": false,
                  "duration": 2,
                  "state": "passed",
                  "speed": "fast",
                  "pass": true,
                  "fail": false,
                  "pending": false,
                  "context": null,
                  "code": "const trigger = moment('2015-02-01T13:38:45.000Z');\nconst a = new ICalAlarm({}, new ICalEvent({ start: new Date() }, new ICalCalendar()));\nassert.ok(a.toString().includes('TRIGGER:-PT10M'));\na.trigger(trigger);\nassert.ok(a.toString().includes('TRIGGER;VALUE=DATE-TIME:20150201T133845Z'));",
                  "err": {},
                  "uuid": "f5d719dd-481f-4b4a-9176-00d1a22982fb",
                  "parentUUID": "5b98d0e9-6593-4acf-a75f-ea0dc08ab380",
                  "isHook": false,
                  "skipped": false
                }
              ],
              "suites": [],
              "passes": [
                "c36dc3ec-85de-491d-ae76-1cf22df38213",
                "4d3de5d5-a533-4868-9bd7-d3095c5d513c",
                "3b410eaf-a503-43e2-bbd0-0a8edfe05006",
                "04ffbd93-1175-49e2-adf9-f161566a0cb1",
                "a08766e0-2ba0-4804-aca4-3fc941c0d5f4",
                "d6bf824d-5a7e-4a70-b958-377fe6022d04",
                "f5d719dd-481f-4b4a-9176-00d1a22982fb"
              ],
              "failures": [],
              "pending": [],
              "skipped": [],
              "duration": 3,
              "root": false,
              "rootEmpty": false,
              "_timeout": 2000
            },
            {
              "uuid": "ad0e97b8-f2c3-47e7-9a73-709c0c957e10",
              "title": "triggerAfter()",
              "fullFile": "/home/runner/work/ical-generator/ical-generator/test/alarm.ts",
              "file": "/test/alarm.ts",
              "beforeHooks": [],
              "afterHooks": [],
              "tests": [
                {
                  "title": "setter should return this",
                  "fullTitle": "ical-generator Alarm triggerAfter() setter should return this",
                  "timedOut": false,
                  "duration": 0,
                  "state": "passed",
                  "speed": "fast",
                  "pass": true,
                  "fail": false,
                  "pending": false,
                  "context": null,
                  "code": "const a = new ICalAlarm({}, new ICalEvent({ start: new Date() }, new ICalCalendar()));\nassert.deepStrictEqual(a, a.triggerAfter(60 * 10));",
                  "err": {},
                  "uuid": "a4ae3505-a943-4a80-96dc-ad2dc24834c5",
                  "parentUUID": "ad0e97b8-f2c3-47e7-9a73-709c0c957e10",
                  "isHook": false,
                  "skipped": false
                },
                {
                  "title": "getter should return value",
                  "fullTitle": "ical-generator Alarm triggerAfter() getter should return value",
                  "timedOut": false,
                  "duration": 0,
                  "state": "passed",
                  "speed": "fast",
                  "pass": true,
                  "fail": false,
                  "pending": false,
                  "context": null,
                  "code": "const a = new ICalAlarm({}, new ICalEvent({ start: new Date() }, new ICalCalendar())).triggerAfter(300);\nassert.strictEqual(a.triggerAfter(), 300);\nassert.strictEqual(a.trigger(), -300);",
                  "err": {},
                  "uuid": "19f2f16b-fe8e-4f0f-bd01-56c9bb9b6eac",
                  "parentUUID": "ad0e97b8-f2c3-47e7-9a73-709c0c957e10",
                  "isHook": false,
                  "skipped": false
                },
                {
                  "title": "setter should work with number",
                  "fullTitle": "ical-generator Alarm triggerAfter() setter should work with number",
                  "timedOut": false,
                  "duration": 0,
                  "state": "passed",
                  "speed": "fast",
                  "pass": true,
                  "fail": false,
                  "pending": false,
                  "context": null,
                  "code": "const a = new ICalAlarm({}, new ICalEvent({ start: new Date() }, new ICalCalendar()));\na.triggerAfter(120);\nassert.strictEqual(a.trigger(), -120);",
                  "err": {},
                  "uuid": "f1fef648-9e86-42b0-b87f-55ea38f6242e",
                  "parentUUID": "ad0e97b8-f2c3-47e7-9a73-709c0c957e10",
                  "isHook": false,
                  "skipped": false
                },
                {
                  "title": "setter should throw error when trigger not allowed",
                  "fullTitle": "ical-generator Alarm triggerAfter() setter should throw error when trigger not allowed",
                  "timedOut": false,
                  "duration": 1,
                  "state": "passed",
                  "speed": "fast",
                  "pass": true,
                  "fail": false,
                  "pending": false,
                  "context": null,
                  "code": "const a = new ICalAlarm({}, new ICalEvent({ start: new Date() }, new ICalCalendar()));\nassert.throws(function () {\n    a.triggerAfter(Infinity);\n}, /`trigger`/);\nassert.throws(function () {\n    // @ts-ignore\n    a.triggerAfter('hi');\n}, /`trigger`/);\nassert.throws(function () {\n    // @ts-ignore\n    a.triggerAfter(true);\n}, /`trigger`/);",
                  "err": {},
                  "uuid": "375eaf0e-a5cd-4d46-a4be-b5e4b7fcbf41",
                  "parentUUID": "ad0e97b8-f2c3-47e7-9a73-709c0c957e10",
                  "isHook": false,
                  "skipped": false
                },
                {
                  "title": "should change something",
                  "fullTitle": "ical-generator Alarm triggerAfter() should change something",
                  "timedOut": false,
                  "duration": 0,
                  "state": "passed",
                  "speed": "fast",
                  "pass": true,
                  "fail": false,
                  "pending": false,
                  "context": null,
                  "code": "const trigger = moment('20150201T133845Z');\nconst a = new ICalAlarm({ triggerAfter: 600 }, new ICalEvent({ start: new Date() }, new ICalCalendar()));\nassert.ok(a.toString().indexOf('TRIGGER;RELATED=END:PT10M') > -1);\na.triggerAfter(trigger);\nassert.ok(a.toString().indexOf('TRIGGER;VALUE=DATE-TIME:20150201T133845Z') > -1);",
                  "err": {},
                  "uuid": "948e4f4c-b3af-4c53-a8b4-732cfb1de517",
                  "parentUUID": "ad0e97b8-f2c3-47e7-9a73-709c0c957e10",
                  "isHook": false,
                  "skipped": false
                }
              ],
              "suites": [],
              "passes": [
                "a4ae3505-a943-4a80-96dc-ad2dc24834c5",
                "19f2f16b-fe8e-4f0f-bd01-56c9bb9b6eac",
                "f1fef648-9e86-42b0-b87f-55ea38f6242e",
                "375eaf0e-a5cd-4d46-a4be-b5e4b7fcbf41",
                "948e4f4c-b3af-4c53-a8b4-732cfb1de517"
              ],
              "failures": [],
              "pending": [],
              "skipped": [],
              "duration": 1,
              "root": false,
              "rootEmpty": false,
              "_timeout": 2000
            },
            {
              "uuid": "ceae6e1b-bfb8-4201-8fce-112371f178a6",
              "title": "triggerBefore()",
              "fullFile": "/home/runner/work/ical-generator/ical-generator/test/alarm.ts",
              "file": "/test/alarm.ts",
              "beforeHooks": [],
              "afterHooks": [],
              "tests": [
                {
                  "title": "setter should return this",
                  "fullTitle": "ical-generator Alarm triggerBefore() setter should return this",
                  "timedOut": false,
                  "duration": 0,
                  "state": "passed",
                  "speed": "fast",
                  "pass": true,
                  "fail": false,
                  "pending": false,
                  "context": null,
                  "code": "const a = new ICalAlarm({}, new ICalEvent({ start: new Date() }, new ICalCalendar()));\nassert.deepStrictEqual(a, a.triggerBefore(60 * 10));",
                  "err": {},
                  "uuid": "92f43f2c-fe47-4cf8-8fd1-bc4302dba2ff",
                  "parentUUID": "ceae6e1b-bfb8-4201-8fce-112371f178a6",
                  "isHook": false,
                  "skipped": false
                },
                {
                  "title": "getter should return value",
                  "fullTitle": "ical-generator Alarm triggerBefore() getter should return value",
                  "timedOut": false,
                  "duration": 0,
                  "state": "passed",
                  "speed": "fast",
                  "pass": true,
                  "fail": false,
                  "pending": false,
                  "context": null,
                  "code": "const a = new ICalAlarm({}, new ICalEvent({ start: new Date() }, new ICalCalendar()));\nconst now = new Date();\nassert.strictEqual(a.triggerBefore(), 600);\na.trigger(300);\nassert.strictEqual(a.triggerBefore(), 300);\n// Date\na.trigger(now);\nconst dateResult = a.triggerBefore();\nassert.deepStrictEqual(dateResult, now);",
                  "err": {},
                  "uuid": "448664ce-ee74-4791-ab7a-1c4473147277",
                  "parentUUID": "ceae6e1b-bfb8-4201-8fce-112371f178a6",
                  "isHook": false,
                  "skipped": false
                },
                {
                  "title": "should throw error when trigger not allowed",
                  "fullTitle": "ical-generator Alarm triggerBefore() should throw error when trigger not allowed",
                  "timedOut": false,
                  "duration": 1,
                  "state": "passed",
                  "speed": "fast",
                  "pass": true,
                  "fail": false,
                  "pending": false,
                  "context": null,
                  "code": "const a = new ICalAlarm({}, new ICalEvent({ start: new Date() }, new ICalCalendar()));\nassert.throws(function () {\n    a.triggerBefore(Infinity);\n}, /`trigger`/);\nassert.throws(function () {\n    // @ts-ignore\n    a.triggerBefore('hi');\n}, /`trigger`/);\nassert.throws(function () {\n    // @ts-ignore\n    a.triggerBefore(true);\n}, /`trigger`/);",
                  "err": {},
                  "uuid": "aff7aaed-63ca-496b-a9c3-cb225bfadf9c",
                  "parentUUID": "ceae6e1b-bfb8-4201-8fce-112371f178a6",
                  "isHook": false,
                  "skipped": false
                },
                {
                  "title": "setter should work with date",
                  "fullTitle": "ical-generator Alarm triggerBefore() setter should work with date",
                  "timedOut": false,
                  "duration": 0,
                  "state": "passed",
                  "speed": "fast",
                  "pass": true,
                  "fail": false,
                  "pending": false,
                  "context": null,
                  "code": "const a = new ICalAlarm({}, new ICalEvent({ start: new Date() }, new ICalCalendar()));\nconst now = new Date();\na.triggerBefore(now);\nassert.deepStrictEqual(a.trigger(), now);",
                  "err": {},
                  "uuid": "5a24a2c6-deb8-4dcc-8500-b48a52fbd5a2",
                  "parentUUID": "ceae6e1b-bfb8-4201-8fce-112371f178a6",
                  "isHook": false,
                  "skipped": false
                },
                {
                  "title": "setter should work with moment instance",
                  "fullTitle": "ical-generator Alarm triggerBefore() setter should work with moment instance",
                  "timedOut": false,
                  "duration": 0,
                  "state": "passed",
                  "speed": "fast",
                  "pass": true,
                  "fail": false,
                  "pending": false,
                  "context": null,
                  "code": "const a = new ICalAlarm({ triggerBefore: moment() }, new ICalEvent({ start: new Date() }, new ICalCalendar()));\nassert.ok(moment.isMoment(a.trigger()));",
                  "err": {},
                  "uuid": "34f3b1ab-1923-4f5b-a7cd-a5aa5ba05e66",
                  "parentUUID": "ceae6e1b-bfb8-4201-8fce-112371f178a6",
                  "isHook": false,
                  "skipped": false
                },
                {
                  "title": "setter should work with number",
                  "fullTitle": "ical-generator Alarm triggerBefore() setter should work with number",
                  "timedOut": false,
                  "duration": 0,
                  "state": "passed",
                  "speed": "fast",
                  "pass": true,
                  "fail": false,
                  "pending": false,
                  "context": null,
                  "code": "const a = new ICalAlarm({}, new ICalEvent({ start: new Date() }, new ICalCalendar()));\na.triggerBefore(2 * 60);\nassert.strictEqual(a.trigger(), 120);",
                  "err": {},
                  "uuid": "46d35150-563a-469a-9a39-025e3e034203",
                  "parentUUID": "ceae6e1b-bfb8-4201-8fce-112371f178a6",
                  "isHook": false,
                  "skipped": false
                },
                {
                  "title": "should change something",
                  "fullTitle": "ical-generator Alarm triggerBefore() should change something",
                  "timedOut": false,
                  "duration": 0,
                  "state": "passed",
                  "speed": "fast",
                  "pass": true,
                  "fail": false,
                  "pending": false,
                  "context": null,
                  "code": "const trigger = moment('2015-02-01T13:38:45.000Z');\nconst a = new ICalAlarm({}, new ICalEvent({ start: new Date() }, new ICalCalendar()));\nassert.ok(a.toString().indexOf('TRIGGER:-PT10M') > -1);\na.triggerBefore(trigger);\nassert.ok(a.toString().indexOf('TRIGGER;VALUE=DATE-TIME:20150201T133845Z') > -1);",
                  "err": {},
                  "uuid": "d71dce77-8ea8-4291-a0ec-428b28b4480c",
                  "parentUUID": "ceae6e1b-bfb8-4201-8fce-112371f178a6",
                  "isHook": false,
                  "skipped": false
                }
              ],
              "suites": [],
              "passes": [
                "92f43f2c-fe47-4cf8-8fd1-bc4302dba2ff",
                "448664ce-ee74-4791-ab7a-1c4473147277",
                "aff7aaed-63ca-496b-a9c3-cb225bfadf9c",
                "5a24a2c6-deb8-4dcc-8500-b48a52fbd5a2",
                "34f3b1ab-1923-4f5b-a7cd-a5aa5ba05e66",
                "46d35150-563a-469a-9a39-025e3e034203",
                "d71dce77-8ea8-4291-a0ec-428b28b4480c"
              ],
              "failures": [],
              "pending": [],
              "skipped": [],
              "duration": 1,
              "root": false,
              "rootEmpty": false,
              "_timeout": 2000
            },
            {
              "uuid": "11618d63-ede5-4c0c-ae44-4c6fef44ae1f",
              "title": "relatesTo()",
              "fullFile": "/home/runner/work/ical-generator/ical-generator/test/alarm.ts",
              "file": "/test/alarm.ts",
              "beforeHooks": [],
              "afterHooks": [],
              "tests": [
                {
                  "title": "setter should return this",
                  "fullTitle": "ical-generator Alarm relatesTo() setter should return this",
                  "timedOut": false,
                  "duration": 0,
                  "state": "passed",
                  "speed": "fast",
                  "pass": true,
                  "fail": false,
                  "pending": false,
                  "context": null,
                  "code": "const a = new ICalAlarm({}, new ICalEvent({ start: new Date() }, new ICalCalendar()));\nassert.deepStrictEqual(a, a.relatesTo(null));\nassert.deepStrictEqual(a, a.relatesTo(ICalAlarmRelatesTo.end));",
                  "err": {},
                  "uuid": "47a66e17-21e9-43d8-896d-f019a025e2be",
                  "parentUUID": "11618d63-ede5-4c0c-ae44-4c6fef44ae1f",
                  "isHook": false,
                  "skipped": false
                },
                {
                  "title": "getter should return value",
                  "fullTitle": "ical-generator Alarm relatesTo() getter should return value",
                  "timedOut": false,
                  "duration": 0,
                  "state": "passed",
                  "speed": "fast",
                  "pass": true,
                  "fail": false,
                  "pending": false,
                  "context": null,
                  "code": "const a = new ICalAlarm({}, new ICalEvent({ start: new Date() }, new ICalCalendar()));\na.relatesTo(ICalAlarmRelatesTo.end);\nassert.strictEqual(a.relatesTo(), ICalAlarmRelatesTo.end);\na.relatesTo(null);\nassert.strictEqual(a.relatesTo(), null);",
                  "err": {},
                  "uuid": "1d37e101-0752-445d-8e93-a086f2b5b990",
                  "parentUUID": "11618d63-ede5-4c0c-ae44-4c6fef44ae1f",
                  "isHook": false,
                  "skipped": false
                },
                {
                  "title": "should throw if value is not `null`, \"START\" or \"END\"",
                  "fullTitle": "ical-generator Alarm relatesTo() should throw if value is not `null`, \"START\" or \"END\"",
                  "timedOut": false,
                  "duration": 0,
                  "state": "passed",
                  "speed": "fast",
                  "pass": true,
                  "fail": false,
                  "pending": false,
                  "context": null,
                  "code": "const a = new ICalAlarm({}, new ICalEvent({ start: new Date() }, new ICalCalendar()));\nassert.throws(function () {\n    // @ts-ignore\n    a.relatesTo('hi');\n}, /`relatesTo`/);\nassert.throws(function () {\n    // @ts-ignore\n    a.relatesTo(true);\n}, /`relatesTo`/);\nassert.throws(function () {\n    // @ts-ignore\n    a.relatesTo(Infinity);\n}, /`relatesTo`/);",
                  "err": {},
                  "uuid": "9ce9f755-f0f4-489c-aa0f-99f25f7debe6",
                  "parentUUID": "11618d63-ede5-4c0c-ae44-4c6fef44ae1f",
                  "isHook": false,
                  "skipped": false
                },
                {
                  "title": "should change RELATED",
                  "fullTitle": "ical-generator Alarm relatesTo() should change RELATED",
                  "timedOut": false,
                  "duration": 0,
                  "state": "passed",
                  "speed": "fast",
                  "pass": true,
                  "fail": false,
                  "pending": false,
                  "context": null,
                  "code": "const a = new ICalAlarm({}, new ICalEvent({ start: new Date() }, new ICalCalendar()));\nassert.ok(a.toString().indexOf('RELATED=START') === -1);\na.relatesTo(ICalAlarmRelatesTo.start);\nassert.ok(a.toString().indexOf('RELATED=START') > -1);\na.relatesTo(ICalAlarmRelatesTo.end);\nassert.ok(a.toString().indexOf('RELATED=END') > -1);",
                  "err": {},
                  "uuid": "6c13b9b6-96db-422d-84e2-ade5a8867883",
                  "parentUUID": "11618d63-ede5-4c0c-ae44-4c6fef44ae1f",
                  "isHook": false,
                  "skipped": false
                }
              ],
              "suites": [],
              "passes": [
                "47a66e17-21e9-43d8-896d-f019a025e2be",
                "1d37e101-0752-445d-8e93-a086f2b5b990",
                "9ce9f755-f0f4-489c-aa0f-99f25f7debe6",
                "6c13b9b6-96db-422d-84e2-ade5a8867883"
              ],
              "failures": [],
              "pending": [],
              "skipped": [],
              "duration": 0,
              "root": false,
              "rootEmpty": false,
              "_timeout": 2000
            },
            {
              "uuid": "7750b29c-ad64-4d80-875c-f8c7575b8407",
              "title": "repeat()",
              "fullFile": "/home/runner/work/ical-generator/ical-generator/test/alarm.ts",
              "file": "/test/alarm.ts",
              "beforeHooks": [],
              "afterHooks": [],
              "tests": [
                {
                  "title": "setter should return this",
                  "fullTitle": "ical-generator Alarm repeat() setter should return this",
                  "timedOut": false,
                  "duration": 1,
                  "state": "passed",
                  "speed": "fast",
                  "pass": true,
                  "fail": false,
                  "pending": false,
                  "context": null,
                  "code": "const a = new ICalAlarm({}, new ICalEvent({ start: new Date() }, new ICalCalendar()));\nassert.deepStrictEqual(a, a.repeat({\n    times: 4,\n    interval: 60\n}));",
                  "err": {},
                  "uuid": "51c38125-caee-43f4-aa3c-1c67b36d9da3",
                  "parentUUID": "7750b29c-ad64-4d80-875c-f8c7575b8407",
                  "isHook": false,
                  "skipped": false
                },
                {
                  "title": "getter should return value",
                  "fullTitle": "ical-generator Alarm repeat() getter should return value",
                  "timedOut": false,
                  "duration": 0,
                  "state": "passed",
                  "speed": "fast",
                  "pass": true,
                  "fail": false,
                  "pending": false,
                  "context": null,
                  "code": "const a = new ICalAlarm({}, new ICalEvent({ start: new Date() }, new ICalCalendar()));\nassert.strictEqual(a.repeat(), null);\na.repeat({ times: 4, interval: 60 });\nassert.deepStrictEqual(a.repeat(), { times: 4, interval: 60 });",
                  "err": {},
                  "uuid": "96fae39f-45c0-448c-a83b-0581c6a1372f",
                  "parentUUID": "7750b29c-ad64-4d80-875c-f8c7575b8407",
                  "isHook": false,
                  "skipped": false
                },
                {
                  "title": "should throw error if repeat not allowed",
                  "fullTitle": "ical-generator Alarm repeat() should throw error if repeat not allowed",
                  "timedOut": false,
                  "duration": 1,
                  "state": "passed",
                  "speed": "fast",
                  "pass": true,
                  "fail": false,
                  "pending": false,
                  "context": null,
                  "code": "const a = new ICalAlarm({}, new ICalEvent({ start: new Date() }, new ICalCalendar()));\nassert.throws(function () {\n    a.repeat({\n        times: Infinity,\n        interval: 60\n    });\n}, /`repeat.times`/);\nassert.throws(function () {\n    a.repeat({\n        // @ts-ignore\n        times: 'hi',\n        interval: 60\n    });\n}, /`repeat.times`/);\nassert.throws(function () {\n    a.repeat({\n        // @ts-ignore\n        times: true,\n        interval: 60\n    });\n}, /`repeat.times`/);\nassert.throws(function () {\n    a.repeat({\n        times: 4,\n        interval: Infinity\n    });\n}, /`repeat.interval`/);\nassert.throws(function () {\n    a.repeat({\n        times: 4,\n        // @ts-ignore\n        interval: 'hi'\n    });\n}, /`repeat.interval`/);\nassert.throws(function () {\n    a.repeat({\n        times: 4,\n        // @ts-ignore\n        interval: true\n    });\n}, /`repeat.interval`/);",
                  "err": {},
                  "uuid": "58106288-9f1d-4008-8acb-be3bb94f005c",
                  "parentUUID": "7750b29c-ad64-4d80-875c-f8c7575b8407",
                  "isHook": false,
                  "skipped": false
                },
                {
                  "title": "should change something",
                  "fullTitle": "ical-generator Alarm repeat() should change something",
                  "timedOut": false,
                  "duration": 0,
                  "state": "passed",
                  "speed": "fast",
                  "pass": true,
                  "fail": false,
                  "pending": false,
                  "context": null,
                  "code": "const a = new ICalAlarm({\n    trigger: 300,\n    repeat: {\n        times: 42,\n        interval: 90\n    }\n}, new ICalEvent({ start: new Date() }, new ICalCalendar()));\nassert.ok(a.toString().includes('REPEAT:42'));\nassert.ok(a.toString().includes('DURATION:PT1M30S'));\na.repeat(null);\nassert.ok(!a.toString().includes('REPEAT:42'));\nassert.ok(!a.toString().includes('DURATION:PT1M30S'));",
                  "err": {},
                  "uuid": "28849529-87f8-4dde-8c4e-0305521bc6a7",
                  "parentUUID": "7750b29c-ad64-4d80-875c-f8c7575b8407",
                  "isHook": false,
                  "skipped": false
                },
                {
                  "title": "should throw an error if repeat is set but interval isn't",
                  "fullTitle": "ical-generator Alarm repeat() should throw an error if repeat is set but interval isn't",
                  "timedOut": false,
                  "duration": 0,
                  "state": "passed",
                  "speed": "fast",
                  "pass": true,
                  "fail": false,
                  "pending": false,
                  "context": null,
                  "code": "assert.throws(function () {\n    new ICalAlarm({\n        trigger: 300,\n        repeat: {\n            times: 4,\n            // @ts-ignore\n            interval: null\n        }\n    }, new ICalEvent({ start: new Date() }, new ICalCalendar()));\n}, /`repeat.interval`/);",
                  "err": {},
                  "uuid": "4a753314-7962-44f5-957b-bad657ccf311",
                  "parentUUID": "7750b29c-ad64-4d80-875c-f8c7575b8407",
                  "isHook": false,
                  "skipped": false
                },
                {
                  "title": "should throw an error if interval is set but repeat isn't",
                  "fullTitle": "ical-generator Alarm repeat() should throw an error if interval is set but repeat isn't",
                  "timedOut": false,
                  "duration": 0,
                  "state": "passed",
                  "speed": "fast",
                  "pass": true,
                  "fail": false,
                  "pending": false,
                  "context": null,
                  "code": "assert.throws(function () {\n    new ICalAlarm({\n        trigger: 300,\n        repeat: {\n            // @ts-ignore\n            times: null,\n            interval: 60\n        }\n    }, new ICalEvent({ start: new Date() }, new ICalCalendar()));\n}, /`repeat.times`/);",
                  "err": {},
                  "uuid": "f6298c20-bdc6-46e0-8062-1c47614e7b90",
                  "parentUUID": "7750b29c-ad64-4d80-875c-f8c7575b8407",
                  "isHook": false,
                  "skipped": false
                },
                {
                  "title": "should throw an error if interval is of wrong type",
                  "fullTitle": "ical-generator Alarm repeat() should throw an error if interval is of wrong type",
                  "timedOut": false,
                  "duration": 1,
                  "state": "passed",
                  "speed": "fast",
                  "pass": true,
                  "fail": false,
                  "pending": false,
                  "context": null,
                  "code": "assert.throws(function () {\n    new ICalAlarm({\n        trigger: 300,\n        // @ts-ignore\n        repeat: true\n    }, new ICalEvent({ start: new Date() }, new ICalCalendar()));\n}, /`repeat` is not correct, must be an object!/);",
                  "err": {},
                  "uuid": "e4604793-f426-4bf7-8077-9d8f7b90f4a2",
                  "parentUUID": "7750b29c-ad64-4d80-875c-f8c7575b8407",
                  "isHook": false,
                  "skipped": false
                }
              ],
              "suites": [],
              "passes": [
                "51c38125-caee-43f4-aa3c-1c67b36d9da3",
                "96fae39f-45c0-448c-a83b-0581c6a1372f",
                "58106288-9f1d-4008-8acb-be3bb94f005c",
                "28849529-87f8-4dde-8c4e-0305521bc6a7",
                "4a753314-7962-44f5-957b-bad657ccf311",
                "f6298c20-bdc6-46e0-8062-1c47614e7b90",
                "e4604793-f426-4bf7-8077-9d8f7b90f4a2"
              ],
              "failures": [],
              "pending": [],
              "skipped": [],
              "duration": 3,
              "root": false,
              "rootEmpty": false,
              "_timeout": 2000
            },
            {
              "uuid": "a16b349c-2c11-4d78-b050-c78932e57bc4",
              "title": "attach()",
              "fullFile": "/home/runner/work/ical-generator/ical-generator/test/alarm.ts",
              "file": "/test/alarm.ts",
              "beforeHooks": [],
              "afterHooks": [],
              "tests": [
                {
                  "title": "setter should return this",
                  "fullTitle": "ical-generator Alarm attach() setter should return this",
                  "timedOut": false,
                  "duration": 0,
                  "state": "passed",
                  "speed": "fast",
                  "pass": true,
                  "fail": false,
                  "pending": false,
                  "context": null,
                  "code": "const a = new ICalAlarm({}, new ICalEvent({ start: new Date() }, new ICalCalendar()));\nassert.deepStrictEqual(a, a.attach(null));\nassert.deepStrictEqual(a, a.attach('https://sebbo.net/beep.aud'));",
                  "err": {},
                  "uuid": "1098e1e0-37d1-4fe5-bada-2a018766c012",
                  "parentUUID": "a16b349c-2c11-4d78-b050-c78932e57bc4",
                  "isHook": false,
                  "skipped": false
                },
                {
                  "title": "getter should return value",
                  "fullTitle": "ical-generator Alarm attach() getter should return value",
                  "timedOut": false,
                  "duration": 0,
                  "state": "passed",
                  "speed": "fast",
                  "pass": true,
                  "fail": false,
                  "pending": false,
                  "context": null,
                  "code": "const t = { uri: 'https://example.com/alarm.aud', mime: 'audio/basic' };\nconst a = new ICalAlarm({}, new ICalEvent({ start: new Date() }, new ICalCalendar()));\nassert.strictEqual(a.attach(), null);\na.attach(t);\nassert.deepStrictEqual(a.attach(), t);\na.attach('https://www.example.com/beep.aud');\nassert.deepStrictEqual(a.attach(), {\n    uri: 'https://www.example.com/beep.aud',\n    mime: null\n});\na.attach({\n    uri: 'https://www.example.com/beep.aud'\n});\nassert.deepStrictEqual(a.attach(), {\n    uri: 'https://www.example.com/beep.aud',\n    mime: null\n});\na.attach(null);\nassert.strictEqual(a.attach(), null);",
                  "err": {},
                  "uuid": "3454f8fa-d8cd-4761-8c7c-62bd1acba9ce",
                  "parentUUID": "a16b349c-2c11-4d78-b050-c78932e57bc4",
                  "isHook": false,
                  "skipped": false
                },
                {
                  "title": "should throw error withour uri",
                  "fullTitle": "ical-generator Alarm attach() should throw error withour uri",
                  "timedOut": false,
                  "duration": 0,
                  "state": "passed",
                  "speed": "fast",
                  "pass": true,
                  "fail": false,
                  "pending": false,
                  "context": null,
                  "code": "const a = new ICalAlarm({}, new ICalEvent({ start: new Date() }, new ICalCalendar()));\nassert.throws(function () {\n    // @ts-ignore\n    a.attach({ mime: 'audio/basic' });\n}, /`attach.uri`/);",
                  "err": {},
                  "uuid": "e9169548-badc-43e4-97c3-58d9d37e8607",
                  "parentUUID": "a16b349c-2c11-4d78-b050-c78932e57bc4",
                  "isHook": false,
                  "skipped": false
                },
                {
                  "title": "should throw error when unknown format",
                  "fullTitle": "ical-generator Alarm attach() should throw error when unknown format",
                  "timedOut": false,
                  "duration": 0,
                  "state": "passed",
                  "speed": "fast",
                  "pass": true,
                  "fail": false,
                  "pending": false,
                  "context": null,
                  "code": "const a = new ICalAlarm({}, new ICalEvent({ start: new Date() }, new ICalCalendar()));\nassert.throws(function () {\n    // @ts-ignore\n    a.attach(Infinity);\n}, /`attachment`/);",
                  "err": {},
                  "uuid": "01ce6ca2-be1a-4785-b64b-67b970cad438",
                  "parentUUID": "a16b349c-2c11-4d78-b050-c78932e57bc4",
                  "isHook": false,
                  "skipped": false
                },
                {
                  "title": "should change something",
                  "fullTitle": "ical-generator Alarm attach() should change something",
                  "timedOut": false,
                  "duration": 0,
                  "state": "passed",
                  "speed": "fast",
                  "pass": true,
                  "fail": false,
                  "pending": false,
                  "context": null,
                  "code": "const a = new ICalAlarm({ type: ICalAlarmType.audio }, new ICalEvent({ start: new Date() }, new ICalCalendar()));\nassert.ok(a.toString().indexOf('\\r\\nATTACH;VALUE=URI:Basso') > -1);\na.attach('https://example.com/beep.aud');\nassert.ok(a.toString().indexOf('\\r\\nATTACH;VALUE=URI:https://example.com/beep.aud') > -1);\na.attach({\n    uri: 'https://example.com/beep.aud',\n    mime: 'audio/basic'\n});\nassert.ok(a.toString().indexOf('\\r\\nATTACH;FMTTYPE=audio/basic:https://example.com/beep.aud') > -1);",
                  "err": {},
                  "uuid": "7703e951-e076-466d-adfa-a877ee0b1074",
                  "parentUUID": "a16b349c-2c11-4d78-b050-c78932e57bc4",
                  "isHook": false,
                  "skipped": false
                }
              ],
              "suites": [],
              "passes": [
                "1098e1e0-37d1-4fe5-bada-2a018766c012",
                "3454f8fa-d8cd-4761-8c7c-62bd1acba9ce",
                "e9169548-badc-43e4-97c3-58d9d37e8607",
                "01ce6ca2-be1a-4785-b64b-67b970cad438",
                "7703e951-e076-466d-adfa-a877ee0b1074"
              ],
              "failures": [],
              "pending": [],
              "skipped": [],
              "duration": 0,
              "root": false,
              "rootEmpty": false,
              "_timeout": 2000
            },
            {
              "uuid": "57c76cd8-01c7-4644-a80b-b4dc9f5d90d0",
              "title": "description()",
              "fullFile": "/home/runner/work/ical-generator/ical-generator/test/alarm.ts",
              "file": "/test/alarm.ts",
              "beforeHooks": [],
              "afterHooks": [],
              "tests": [
                {
                  "title": "setter should return this",
                  "fullTitle": "ical-generator Alarm description() setter should return this",
                  "timedOut": false,
                  "duration": 0,
                  "state": "passed",
                  "speed": "fast",
                  "pass": true,
                  "fail": false,
                  "pending": false,
                  "context": null,
                  "code": "const a = new ICalAlarm({}, new ICalEvent({ start: new Date() }, new ICalCalendar()));\nassert.deepStrictEqual(a, a.description(null));\nassert.deepStrictEqual(a, a.description('Hey Ho!'));",
                  "err": {},
                  "uuid": "6c002665-502e-42f4-bd97-15e3924a3e3f",
                  "parentUUID": "57c76cd8-01c7-4644-a80b-b4dc9f5d90d0",
                  "isHook": false,
                  "skipped": false
                },
                {
                  "title": "getter should return value",
                  "fullTitle": "ical-generator Alarm description() getter should return value",
                  "timedOut": false,
                  "duration": 0,
                  "state": "passed",
                  "speed": "fast",
                  "pass": true,
                  "fail": false,
                  "pending": false,
                  "context": null,
                  "code": "const a = new ICalAlarm({}, new ICalEvent({ start: new Date() }, new ICalCalendar()));\nassert.deepStrictEqual(a.description(), null);\na.description('blablabla');\nassert.deepStrictEqual(a.description(), 'blablabla');\na.description(null);\nassert.deepStrictEqual(a.description(), null);",
                  "err": {},
                  "uuid": "25effabf-3458-41e2-8302-69eb221ac54a",
                  "parentUUID": "57c76cd8-01c7-4644-a80b-b4dc9f5d90d0",
                  "isHook": false,
                  "skipped": false
                },
                {
                  "title": "should change something",
                  "fullTitle": "ical-generator Alarm description() should change something",
                  "timedOut": false,
                  "duration": 0,
                  "state": "passed",
                  "speed": "fast",
                  "pass": true,
                  "fail": false,
                  "pending": false,
                  "context": null,
                  "code": "const a = new ICalAlarm({\n    description: 'Huibuh!'\n}, new ICalEvent({ start: new Date() }, new ICalCalendar()));\nassert.ok(a.toString().indexOf('\\r\\nDESCRIPTION:Huibuh') > -1);",
                  "err": {},
                  "uuid": "718a4735-24c7-4854-a4ef-974bdd0e99d2",
                  "parentUUID": "57c76cd8-01c7-4644-a80b-b4dc9f5d90d0",
                  "isHook": false,
                  "skipped": false
                },
                {
                  "title": "should fallback to event summary",
                  "fullTitle": "ical-generator Alarm description() should fallback to event summary",
                  "timedOut": false,
                  "duration": 0,
                  "state": "passed",
                  "speed": "fast",
                  "pass": true,
                  "fail": false,
                  "pending": false,
                  "context": null,
                  "code": "const a = new ICalAlarm({ description: 'Example Event' }, new ICalEvent({ start: new Date() }, new ICalCalendar()));\nassert.ok(a.toString().indexOf('\\r\\nDESCRIPTION:Example Event') > -1);",
                  "err": {},
                  "uuid": "4a31d8b4-83d0-4739-a2a1-990d6d094c62",
                  "parentUUID": "57c76cd8-01c7-4644-a80b-b4dc9f5d90d0",
                  "isHook": false,
                  "skipped": false
                }
              ],
              "suites": [],
              "passes": [
                "6c002665-502e-42f4-bd97-15e3924a3e3f",
                "25effabf-3458-41e2-8302-69eb221ac54a",
                "718a4735-24c7-4854-a4ef-974bdd0e99d2",
                "4a31d8b4-83d0-4739-a2a1-990d6d094c62"
              ],
              "failures": [],
              "pending": [],
              "skipped": [],
              "duration": 0,
              "root": false,
              "rootEmpty": false,
              "_timeout": 2000
            },
            {
              "uuid": "74b3d4d4-bd97-4b89-9a82-813c73b465b9",
              "title": "x()",
              "fullFile": "/home/runner/work/ical-generator/ical-generator/test/alarm.ts",
              "file": "/test/alarm.ts",
              "beforeHooks": [],
              "afterHooks": [],
              "tests": [
                {
                  "title": "is there",
                  "fullTitle": "ical-generator Alarm x() is there",
                  "timedOut": false,
                  "duration": 1,
                  "state": "passed",
                  "speed": "fast",
                  "pass": true,
                  "fail": false,
                  "pending": false,
                  "context": null,
                  "code": "const a = new ICalAlarm({}, new ICalEvent({ start: new Date() }, new ICalCalendar()));\nassert.deepStrictEqual(a, a.x('X-FOO', 'bar'));",
                  "err": {},
                  "uuid": "f812ee2a-e2d9-4c75-b341-d22eaff59599",
                  "parentUUID": "74b3d4d4-bd97-4b89-9a82-813c73b465b9",
                  "isHook": false,
                  "skipped": false
                }
              ],
              "suites": [],
              "passes": [
                "f812ee2a-e2d9-4c75-b341-d22eaff59599"
              ],
              "failures": [],
              "pending": [],
              "skipped": [],
              "duration": 1,
              "root": false,
              "rootEmpty": false,
              "_timeout": 2000
            },
            {
              "uuid": "b3cfd6c6-8b54-4ddb-abb9-ea0922115bc4",
              "title": "toJSON()",
              "fullFile": "/home/runner/work/ical-generator/ical-generator/test/alarm.ts",
              "file": "/test/alarm.ts",
              "beforeHooks": [],
              "afterHooks": [],
              "tests": [
                {
                  "title": "should work",
                  "fullTitle": "ical-generator Alarm toJSON() should work",
                  "timedOut": false,
                  "duration": 0,
                  "state": "passed",
                  "speed": "fast",
                  "pass": true,
                  "fail": false,
                  "pending": false,
                  "context": null,
                  "code": "const a = new ICalAlarm({}, new ICalEvent({ start: new Date() }, new ICalCalendar()));\na.type(ICalAlarmType.display);\na.trigger(120);\nassert.deepStrictEqual(a.toJSON(), {\n    attach: null,\n    description: null,\n    relatesTo: null,\n    interval: null,\n    repeat: null,\n    trigger: 120,\n    type: 'display',\n    x: []\n});",
                  "err": {},
                  "uuid": "e4f3198d-3ba9-45a1-8615-dd6bb91cfd4b",
                  "parentUUID": "b3cfd6c6-8b54-4ddb-abb9-ea0922115bc4",
                  "isHook": false,
                  "skipped": false
                },
                {
                  "title": "should be compatible with constructor (type check)",
                  "fullTitle": "ical-generator Alarm toJSON() should be compatible with constructor (type check)",
                  "timedOut": false,
                  "duration": 0,
                  "state": "passed",
                  "speed": "fast",
                  "pass": true,
                  "fail": false,
                  "pending": false,
                  "context": null,
                  "code": "const a = new ICalAlarm({}, new ICalEvent({ start: new Date() }, new ICalCalendar()));\nnew ICalAlarm(a.toJSON(), new ICalEvent({ start: new Date() }, new ICalCalendar()));",
                  "err": {},
                  "uuid": "20647212-2e97-4c76-bc5e-474f738ada9a",
                  "parentUUID": "b3cfd6c6-8b54-4ddb-abb9-ea0922115bc4",
                  "isHook": false,
                  "skipped": false
                }
              ],
              "suites": [],
              "passes": [
                "e4f3198d-3ba9-45a1-8615-dd6bb91cfd4b",
                "20647212-2e97-4c76-bc5e-474f738ada9a"
              ],
              "failures": [],
              "pending": [],
              "skipped": [],
              "duration": 0,
              "root": false,
              "rootEmpty": false,
              "_timeout": 2000
            }
          ],
          "passes": [],
          "failures": [],
          "pending": [],
          "skipped": [],
          "duration": 0,
          "root": false,
          "rootEmpty": false,
          "_timeout": 2000
        },
        {
          "uuid": "8b491325-fc97-45f6-8bd9-3f0b5b6193e9",
          "title": "ical-generator Attendee",
          "fullFile": "/home/runner/work/ical-generator/ical-generator/test/attendee.ts",
          "file": "/test/attendee.ts",
          "beforeHooks": [],
          "afterHooks": [],
          "tests": [],
          "suites": [
            {
              "uuid": "23d8bb67-c964-4eb1-a965-1ea0a77d68a3",
              "title": "constructor()",
              "fullFile": "/home/runner/work/ical-generator/ical-generator/test/attendee.ts",
              "file": "/test/attendee.ts",
              "beforeHooks": [],
              "afterHooks": [],
              "tests": [
                {
                  "title": "shoud set data from constructor",
                  "fullTitle": "ical-generator Attendee constructor() shoud set data from constructor",
                  "timedOut": false,
                  "duration": 0,
                  "state": "passed",
                  "speed": "fast",
                  "pass": true,
                  "fail": false,
                  "pending": false,
                  "context": null,
                  "code": "const data = {\n    name: 'John Doe',\n    email: 'john@example.org',\n    mailto: 'john+calendar@example.org',\n    sentBy: null,\n    status: ICalAttendeeStatus.ACCEPTED,\n    role: ICalAttendeeRole.REQ,\n    rsvp: false,\n    type: ICalAttendeeType.INDIVIDUAL,\n    delegatedTo: null,\n    delegatedFrom: null,\n    x: []\n};\nconst event = new ICalAttendee(data, new ICalEvent({ start: new Date() }, new ICalCalendar()));\nassert.deepStrictEqual(event.toJSON(), data);",
                  "err": {},
                  "uuid": "d7dcec17-5822-42ff-8b0c-721d24bcf9c0",
                  "parentUUID": "23d8bb67-c964-4eb1-a965-1ea0a77d68a3",
                  "isHook": false,
                  "skipped": false
                },
                {
                  "title": "shouldn't work without event reference",
                  "fullTitle": "ical-generator Attendee constructor() shouldn't work without event reference",
                  "timedOut": false,
                  "duration": 0,
                  "state": "passed",
                  "speed": "fast",
                  "pass": true,
                  "fail": false,
                  "pending": false,
                  "context": null,
                  "code": "assert.throws(function () {\n    // @ts-ignore\n    new ICalAttendee({ email: 'foo@bar.com' });\n}, /`event`/);",
                  "err": {},
                  "uuid": "c7de448d-f5ba-4c84-b0df-74a4cd36b9f8",
                  "parentUUID": "23d8bb67-c964-4eb1-a965-1ea0a77d68a3",
                  "isHook": false,
                  "skipped": false
                },
                {
                  "title": "should throw an error without email",
                  "fullTitle": "ical-generator Attendee constructor() should throw an error without email",
                  "timedOut": false,
                  "duration": 0,
                  "state": "passed",
                  "speed": "fast",
                  "pass": true,
                  "fail": false,
                  "pending": false,
                  "context": null,
                  "code": "assert.throws(function () {\n    new ICalAttendee(\n    // @ts-ignore\n    { name: 'Testuser' }, new ICalEvent({ start: new Date() }, new ICalCalendar()));\n}, /`email`/);",
                  "err": {},
                  "uuid": "4f733663-2e91-4845-8fd8-08ba1e0c3ba5",
                  "parentUUID": "23d8bb67-c964-4eb1-a965-1ea0a77d68a3",
                  "isHook": false,
                  "skipped": false
                }
              ],
              "suites": [],
              "passes": [
                "d7dcec17-5822-42ff-8b0c-721d24bcf9c0",
                "c7de448d-f5ba-4c84-b0df-74a4cd36b9f8",
                "4f733663-2e91-4845-8fd8-08ba1e0c3ba5"
              ],
              "failures": [],
              "pending": [],
              "skipped": [],
              "duration": 0,
              "root": false,
              "rootEmpty": false,
              "_timeout": 2000
            },
            {
              "uuid": "5eb86775-708d-43a4-81d7-1de479b106c8",
              "title": "name()",
              "fullFile": "/home/runner/work/ical-generator/ical-generator/test/attendee.ts",
              "file": "/test/attendee.ts",
              "beforeHooks": [],
              "afterHooks": [],
              "tests": [
                {
                  "title": "getter should return value",
                  "fullTitle": "ical-generator Attendee name() getter should return value",
                  "timedOut": false,
                  "duration": 0,
                  "state": "passed",
                  "speed": "fast",
                  "pass": true,
                  "fail": false,
                  "pending": false,
                  "context": null,
                  "code": "const a = new ICalAttendee({ email: 'foo@example.com' }, new ICalEvent({ start: new Date() }, new ICalCalendar()));\nassert.strictEqual(a.name(), null);\na.name('Sebastian');\nassert.strictEqual(a.name(), 'Sebastian');",
                  "err": {},
                  "uuid": "a6a874cd-863a-4821-b948-0eb46609f32a",
                  "parentUUID": "5eb86775-708d-43a4-81d7-1de479b106c8",
                  "isHook": false,
                  "skipped": false
                },
                {
                  "title": "setter should return this",
                  "fullTitle": "ical-generator Attendee name() setter should return this",
                  "timedOut": false,
                  "duration": 0,
                  "state": "passed",
                  "speed": "fast",
                  "pass": true,
                  "fail": false,
                  "pending": false,
                  "context": null,
                  "code": "const a = new ICalAttendee({ email: 'foo@example.com' }, new ICalEvent({ start: new Date() }, new ICalCalendar()));\nassert.deepStrictEqual(a, a.name(null));\nassert.deepStrictEqual(a, a.name('Sebastian'));",
                  "err": {},
                  "uuid": "ddcc0d15-de2e-48cc-b1ac-8b7db8da75ee",
                  "parentUUID": "5eb86775-708d-43a4-81d7-1de479b106c8",
                  "isHook": false,
                  "skipped": false
                },
                {
                  "title": "setter should change something",
                  "fullTitle": "ical-generator Attendee name() setter should change something",
                  "timedOut": false,
                  "duration": 0,
                  "state": "passed",
                  "speed": "fast",
                  "pass": true,
                  "fail": false,
                  "pending": false,
                  "context": null,
                  "code": "const a = new ICalAttendee({ email: 'foo@example.com' }, new ICalEvent({ start: new Date() }, new ICalCalendar()));\na.name('Sebastian');\nassert.strictEqual(a.name(), 'Sebastian');\na.name(null);\nassert.strictEqual(a.name(), null);",
                  "err": {},
                  "uuid": "d00f1833-af31-4ab8-83ef-4079aca72861",
                  "parentUUID": "5eb86775-708d-43a4-81d7-1de479b106c8",
                  "isHook": false,
                  "skipped": false
                }
              ],
              "suites": [],
              "passes": [
                "a6a874cd-863a-4821-b948-0eb46609f32a",
                "ddcc0d15-de2e-48cc-b1ac-8b7db8da75ee",
                "d00f1833-af31-4ab8-83ef-4079aca72861"
              ],
              "failures": [],
              "pending": [],
              "skipped": [],
              "duration": 0,
              "root": false,
              "rootEmpty": false,
              "_timeout": 2000
            },
            {
              "uuid": "22b5da69-21f1-4c6d-b689-585438b31dd4",
              "title": "email()",
              "fullFile": "/home/runner/work/ical-generator/ical-generator/test/attendee.ts",
              "file": "/test/attendee.ts",
              "beforeHooks": [],
              "afterHooks": [],
              "tests": [
                {
                  "title": "getter should return value",
                  "fullTitle": "ical-generator Attendee email() getter should return value",
                  "timedOut": false,
                  "duration": 0,
                  "state": "passed",
                  "speed": "fast",
                  "pass": true,
                  "fail": false,
                  "pending": false,
                  "context": null,
                  "code": "const a = new ICalAttendee({ email: 'foo@example.com' }, new ICalEvent({ start: new Date() }, new ICalCalendar())).email('foo@example.com');\nassert.strictEqual(a.email(), 'foo@example.com');",
                  "err": {},
                  "uuid": "e3ed348b-f0f9-4202-b7c8-9ef1681db7e4",
                  "parentUUID": "22b5da69-21f1-4c6d-b689-585438b31dd4",
                  "isHook": false,
                  "skipped": false
                },
                {
                  "title": "setter should return this",
                  "fullTitle": "ical-generator Attendee email() setter should return this",
                  "timedOut": false,
                  "duration": 0,
                  "state": "passed",
                  "speed": "fast",
                  "pass": true,
                  "fail": false,
                  "pending": false,
                  "context": null,
                  "code": "const a = new ICalAttendee({ email: 'foo@example.com' }, new ICalEvent({ start: new Date() }, new ICalCalendar()));\nassert.deepStrictEqual(a, a.email('foo@example.com'));",
                  "err": {},
                  "uuid": "2198e332-6daa-483d-b353-3acd59e72834",
                  "parentUUID": "22b5da69-21f1-4c6d-b689-585438b31dd4",
                  "isHook": false,
                  "skipped": false
                },
                {
                  "title": "should change something",
                  "fullTitle": "ical-generator Attendee email() should change something",
                  "timedOut": false,
                  "duration": 0,
                  "state": "passed",
                  "speed": "fast",
                  "pass": true,
                  "fail": false,
                  "pending": false,
                  "context": null,
                  "code": "const a = new ICalAttendee({ email: 'mail@example.com' }, new ICalEvent({ start: new Date() }, new ICalCalendar()));\nassert.ok(a.toString().indexOf('mail@example.com') > -1);",
                  "err": {},
                  "uuid": "519b7b9b-bb95-4d21-8419-babdd838d18f",
                  "parentUUID": "22b5da69-21f1-4c6d-b689-585438b31dd4",
                  "isHook": false,
                  "skipped": false
                }
              ],
              "suites": [],
              "passes": [
                "e3ed348b-f0f9-4202-b7c8-9ef1681db7e4",
                "2198e332-6daa-483d-b353-3acd59e72834",
                "519b7b9b-bb95-4d21-8419-babdd838d18f"
              ],
              "failures": [],
              "pending": [],
              "skipped": [],
              "duration": 0,
              "root": false,
              "rootEmpty": false,
              "_timeout": 2000
            },
            {
              "uuid": "3eb7618b-c1c9-4e75-b7e9-a6a3b025f5b0",
              "title": "mailto()",
              "fullFile": "/home/runner/work/ical-generator/ical-generator/test/attendee.ts",
              "file": "/test/attendee.ts",
              "beforeHooks": [],
              "afterHooks": [],
              "tests": [
                {
                  "title": "getter should return value",
                  "fullTitle": "ical-generator Attendee mailto() getter should return value",
                  "timedOut": false,
                  "duration": 1,
                  "state": "passed",
                  "speed": "fast",
                  "pass": true,
                  "fail": false,
                  "pending": false,
                  "context": null,
                  "code": "const a = new ICalAttendee({ email: 'foo@example.com' }, new ICalEvent({ start: new Date() }, new ICalCalendar()));\nassert.strictEqual(a.mailto(), null);\na.mailto('foo@example.com');\nassert.strictEqual(a.mailto(), 'foo@example.com');",
                  "err": {},
                  "uuid": "8cc131c4-c8f2-45da-a141-c1fcecf8d9dc",
                  "parentUUID": "3eb7618b-c1c9-4e75-b7e9-a6a3b025f5b0",
                  "isHook": false,
                  "skipped": false
                },
                {
                  "title": "setter should return this",
                  "fullTitle": "ical-generator Attendee mailto() setter should return this",
                  "timedOut": false,
                  "duration": 0,
                  "state": "passed",
                  "speed": "fast",
                  "pass": true,
                  "fail": false,
                  "pending": false,
                  "context": null,
                  "code": "const a = new ICalAttendee({ email: 'foo@example.com' }, new ICalEvent({ start: new Date() }, new ICalCalendar()));\nassert.deepStrictEqual(a, a.mailto(null));\nassert.deepStrictEqual(a, a.mailto('foo@example.com'));",
                  "err": {},
                  "uuid": "2cc8b692-caad-433e-ba3e-e1df8def57a2",
                  "parentUUID": "3eb7618b-c1c9-4e75-b7e9-a6a3b025f5b0",
                  "isHook": false,
                  "skipped": false
                },
                {
                  "title": "should change mailto and keep email if present",
                  "fullTitle": "ical-generator Attendee mailto() should change mailto and keep email if present",
                  "timedOut": false,
                  "duration": 0,
                  "state": "passed",
                  "speed": "fast",
                  "pass": true,
                  "fail": false,
                  "pending": false,
                  "context": null,
                  "code": "const a = new ICalAttendee({ email: 'mail@example.com' }, new ICalEvent({ start: new Date() }, new ICalCalendar()));\na.mailto('mail2@example2.com');\nassert.ok(a.toString().indexOf('EMAIL=mail@example.com') > -1 &&\n    a.toString().indexOf('MAILTO:mail2@example2.com') > -1);",
                  "err": {},
                  "uuid": "9be57c6c-5daa-4826-b218-3b08a9cbb256",
                  "parentUUID": "3eb7618b-c1c9-4e75-b7e9-a6a3b025f5b0",
                  "isHook": false,
                  "skipped": false
                }
              ],
              "suites": [],
              "passes": [
                "8cc131c4-c8f2-45da-a141-c1fcecf8d9dc",
                "2cc8b692-caad-433e-ba3e-e1df8def57a2",
                "9be57c6c-5daa-4826-b218-3b08a9cbb256"
              ],
              "failures": [],
              "pending": [],
              "skipped": [],
              "duration": 1,
              "root": false,
              "rootEmpty": false,
              "_timeout": 2000
            },
            {
              "uuid": "e04e9afe-0073-4e4c-8134-7f2a488de4cc",
              "title": "sentBy()",
              "fullFile": "/home/runner/work/ical-generator/ical-generator/test/attendee.ts",
              "file": "/test/attendee.ts",
              "beforeHooks": [],
              "afterHooks": [],
              "tests": [
                {
                  "title": "getter should return value",
                  "fullTitle": "ical-generator Attendee sentBy() getter should return value",
                  "timedOut": false,
                  "duration": 0,
                  "state": "passed",
                  "speed": "fast",
                  "pass": true,
                  "fail": false,
                  "pending": false,
                  "context": null,
                  "code": "const a = new ICalAttendee({ email: 'foo@example.com' }, new ICalEvent({ start: new Date() }, new ICalCalendar())).sentBy('foo@example.com');\nassert.strictEqual(a.sentBy(), 'foo@example.com');",
                  "err": {},
                  "uuid": "aa65b36f-013e-42f6-b5b2-709bb7c6d437",
                  "parentUUID": "e04e9afe-0073-4e4c-8134-7f2a488de4cc",
                  "isHook": false,
                  "skipped": false
                },
                {
                  "title": "setter should return this",
                  "fullTitle": "ical-generator Attendee sentBy() setter should return this",
                  "timedOut": false,
                  "duration": 1,
                  "state": "passed",
                  "speed": "fast",
                  "pass": true,
                  "fail": false,
                  "pending": false,
                  "context": null,
                  "code": "const a = new ICalAttendee({ email: 'foo@example.com' }, new ICalEvent({ start: new Date() }, new ICalCalendar()));\nassert.deepStrictEqual(a, a.sentBy('foo@example.com'));",
                  "err": {},
                  "uuid": "4451f7e4-d4bc-4061-b4ad-9052a7d15826",
                  "parentUUID": "e04e9afe-0073-4e4c-8134-7f2a488de4cc",
                  "isHook": false,
                  "skipped": false
                },
                {
                  "title": "should change something",
                  "fullTitle": "ical-generator Attendee sentBy() should change something",
                  "timedOut": false,
                  "duration": 0,
                  "state": "passed",
                  "speed": "fast",
                  "pass": true,
                  "fail": false,
                  "pending": false,
                  "context": null,
                  "code": "const a = new ICalAttendee({ email: 'foo@example.com', sentBy: 'bar@example.com' }, new ICalEvent({ start: new Date() }, new ICalCalendar()));\nassert.ok(a.toString().includes('bar@example.com'));",
                  "err": {},
                  "uuid": "58ffa02d-1e6d-4866-8bd3-2e5efb1b6be7",
                  "parentUUID": "e04e9afe-0073-4e4c-8134-7f2a488de4cc",
                  "isHook": false,
                  "skipped": false
                }
              ],
              "suites": [],
              "passes": [
                "aa65b36f-013e-42f6-b5b2-709bb7c6d437",
                "4451f7e4-d4bc-4061-b4ad-9052a7d15826",
                "58ffa02d-1e6d-4866-8bd3-2e5efb1b6be7"
              ],
              "failures": [],
              "pending": [],
              "skipped": [],
              "duration": 1,
              "root": false,
              "rootEmpty": false,
              "_timeout": 2000
            },
            {
              "uuid": "b743178b-7435-494a-b7a3-30406f3428f2",
              "title": "role()",
              "fullFile": "/home/runner/work/ical-generator/ical-generator/test/attendee.ts",
              "file": "/test/attendee.ts",
              "beforeHooks": [],
              "afterHooks": [],
              "tests": [
                {
                  "title": "setter should return this",
                  "fullTitle": "ical-generator Attendee role() setter should return this",
                  "timedOut": false,
                  "duration": 0,
                  "state": "passed",
                  "speed": "fast",
                  "pass": true,
                  "fail": false,
                  "pending": false,
                  "context": null,
                  "code": "const a = new ICalAttendee({ email: 'foo@example.com' }, new ICalEvent({ start: new Date() }, new ICalCalendar()));\nassert.deepStrictEqual(a, a.role(ICalAttendeeRole.REQ));",
                  "err": {},
                  "uuid": "6b1eb0b8-60d6-4b63-b55e-622da31a0c1d",
                  "parentUUID": "b743178b-7435-494a-b7a3-30406f3428f2",
                  "isHook": false,
                  "skipped": false
                },
                {
                  "title": "getter should return value",
                  "fullTitle": "ical-generator Attendee role() getter should return value",
                  "timedOut": false,
                  "duration": 0,
                  "state": "passed",
                  "speed": "fast",
                  "pass": true,
                  "fail": false,
                  "pending": false,
                  "context": null,
                  "code": "const a = new ICalAttendee({ email: 'foo@example.com' }, new ICalEvent({ start: new Date() }, new ICalCalendar())).role(ICalAttendeeRole.REQ);\nassert.strictEqual(a.role(), 'REQ-PARTICIPANT');",
                  "err": {},
                  "uuid": "082ad59b-47b3-4639-be41-0c4682d69099",
                  "parentUUID": "b743178b-7435-494a-b7a3-30406f3428f2",
                  "isHook": false,
                  "skipped": false
                },
                {
                  "title": "should throw error when method empty",
                  "fullTitle": "ical-generator Attendee role() should throw error when method empty",
[...]
                  "afterHooks": [],
                  "tests": [
                    {
                      "title": "should work with valid String",
                      "fullTitle": "ICalTools checkDate() String should work with valid String",
                      "timedOut": false,
                      "duration": 0,
                      "state": "passed",
                      "speed": "fast",
                      "pass": true,
                      "fail": false,
                      "pending": false,
                      "context": null,
                      "code": "const date = '2021-03-28T13:15:23.587Z';\nassert.equal(checkDate(date, 'foo'), date);",
                      "err": {},
                      "uuid": "4cf8c705-ffcf-4c5c-b634-a32c85197b54",
                      "parentUUID": "0e1c4bfd-10a3-4087-aec0-fbb495c15829",
                      "isHook": false,
                      "skipped": false
                    },
                    {
                      "title": "should throw error for invalid String",
                      "fullTitle": "ICalTools checkDate() String should throw error for invalid String",
                      "timedOut": false,
                      "duration": 0,
                      "state": "passed",
                      "speed": "fast",
                      "pass": true,
                      "fail": false,
                      "pending": false,
                      "context": null,
                      "code": "const date = 'foo';\nassert.throws(() => {\n    checkDate(date, 'foo');\n}, /`foo` has to be a valid date!/);",
                      "err": {},
                      "uuid": "29124a79-bb7a-436d-8882-9aa526a1ce26",
                      "parentUUID": "0e1c4bfd-10a3-4087-aec0-fbb495c15829",
                      "isHook": false,
                      "skipped": false
                    }
                  ],
                  "suites": [],
                  "passes": [
                    "4cf8c705-ffcf-4c5c-b634-a32c85197b54",
                    "29124a79-bb7a-436d-8882-9aa526a1ce26"
                  ],
                  "failures": [],
                  "pending": [],
                  "skipped": [],
                  "duration": 0,
                  "root": false,
                  "rootEmpty": false,
                  "_timeout": 2000
                },
                {
                  "uuid": "46922f89-562f-41d3-91f2-a77b84d3fc60",
                  "title": "Luxon",
                  "fullFile": "/home/runner/work/ical-generator/ical-generator/test/tools.ts",
                  "file": "/test/tools.ts",
                  "beforeHooks": [],
                  "afterHooks": [],
                  "tests": [
                    {
                      "title": "should work with valid Luxon",
                      "fullTitle": "ICalTools checkDate() Luxon should work with valid Luxon",
                      "timedOut": false,
                      "duration": 0,
                      "state": "passed",
                      "speed": "fast",
                      "pass": true,
                      "fail": false,
                      "pending": false,
                      "context": null,
                      "code": "const date = DateTime.now();\nassert.equal(checkDate(date, 'foo'), date);",
                      "err": {},
                      "uuid": "f969191f-20a4-4edb-816e-5c4606daef97",
                      "parentUUID": "46922f89-562f-41d3-91f2-a77b84d3fc60",
                      "isHook": false,
                      "skipped": false
                    },
                    {
                      "title": "should throw error for invalid Luxon",
                      "fullTitle": "ICalTools checkDate() Luxon should throw error for invalid Luxon",
                      "timedOut": false,
                      "duration": 0,
                      "state": "passed",
                      "speed": "fast",
                      "pass": true,
                      "fail": false,
                      "pending": false,
                      "context": null,
                      "code": "const date = DateTime.fromISO('foo');\nassert.throws(() => {\n    checkDate(date, 'foo');\n}, /`foo` has to be a valid date!/);",
                      "err": {},
                      "uuid": "87d2e570-60cb-4ffd-b940-c7d25272902b",
                      "parentUUID": "46922f89-562f-41d3-91f2-a77b84d3fc60",
                      "isHook": false,
                      "skipped": false
                    }
                  ],
                  "suites": [],
                  "passes": [
                    "f969191f-20a4-4edb-816e-5c4606daef97",
                    "87d2e570-60cb-4ffd-b940-c7d25272902b"
                  ],
                  "failures": [],
                  "pending": [],
                  "skipped": [],
                  "duration": 0,
                  "root": false,
                  "rootEmpty": false,
                  "_timeout": 2000
                },
                {
                  "uuid": "4990f503-7302-4a67-9e2b-ee6b6e6ba06c",
                  "title": "Moment",
                  "fullFile": "/home/runner/work/ical-generator/ical-generator/test/tools.ts",
                  "file": "/test/tools.ts",
                  "beforeHooks": [],
                  "afterHooks": [],
                  "tests": [
                    {
                      "title": "should work with valid Moment",
                      "fullTitle": "ICalTools checkDate() Moment should work with valid Moment",
                      "timedOut": false,
                      "duration": 0,
                      "state": "passed",
                      "speed": "fast",
                      "pass": true,
                      "fail": false,
                      "pending": false,
                      "context": null,
                      "code": "const date = moment();\nassert.equal(checkDate(date, 'foo'), date);",
                      "err": {},
                      "uuid": "508eca61-6fb6-4e0d-bf76-bf51f7ef07e0",
                      "parentUUID": "4990f503-7302-4a67-9e2b-ee6b6e6ba06c",
                      "isHook": false,
                      "skipped": false
                    },
                    {
                      "title": "should throw error for invalid Moment",
                      "fullTitle": "ICalTools checkDate() Moment should throw error for invalid Moment",
                      "timedOut": false,
                      "duration": 0,
                      "state": "passed",
                      "speed": "fast",
                      "pass": true,
                      "fail": false,
                      "pending": false,
                      "context": null,
                      "code": "const date = moment('foo', 'MM/DD/YYYY', true);\nassert.throws(() => {\n    checkDate(date, 'foo');\n}, /`foo` has to be a valid date!/);",
                      "err": {},
                      "uuid": "d2d18c9b-b21e-48c1-b7d7-41d5f6a05f40",
                      "parentUUID": "4990f503-7302-4a67-9e2b-ee6b6e6ba06c",
                      "isHook": false,
                      "skipped": false
                    }
                  ],
                  "suites": [],
                  "passes": [
                    "508eca61-6fb6-4e0d-bf76-bf51f7ef07e0",
                    "d2d18c9b-b21e-48c1-b7d7-41d5f6a05f40"
                  ],
                  "failures": [],
                  "pending": [],
                  "skipped": [],
                  "duration": 0,
                  "root": false,
                  "rootEmpty": false,
                  "_timeout": 2000
                },
                {
                  "uuid": "8afec937-ec44-45dd-a603-0d7d0bdb313c",
                  "title": "Day.js",
                  "fullFile": "/home/runner/work/ical-generator/ical-generator/test/tools.ts",
                  "file": "/test/tools.ts",
                  "beforeHooks": [],
                  "afterHooks": [],
                  "tests": [
                    {
                      "title": "should work with valid Day.js",
                      "fullTitle": "ICalTools checkDate() Day.js should work with valid Day.js",
                      "timedOut": false,
                      "duration": 0,
                      "state": "passed",
                      "speed": "fast",
                      "pass": true,
                      "fail": false,
                      "pending": false,
                      "context": null,
                      "code": "const date = dayjs();\nassert.equal(checkDate(date, 'foo'), date);",
                      "err": {},
                      "uuid": "c4c3912b-035b-4cf4-aeca-20ad33419741",
                      "parentUUID": "8afec937-ec44-45dd-a603-0d7d0bdb313c",
                      "isHook": false,
                      "skipped": false
                    },
                    {
                      "title": "should throw error for invalid Day.js",
                      "fullTitle": "ICalTools checkDate() Day.js should throw error for invalid Day.js",
                      "timedOut": false,
                      "duration": 1,
                      "state": "passed",
                      "speed": "fast",
                      "pass": true,
                      "fail": false,
                      "pending": false,
                      "context": null,
                      "code": "const date = dayjs('foo');\nassert.throws(() => {\n    checkDate(date, 'foo');\n}, /`foo` has to be a valid date!/);",
                      "err": {},
                      "uuid": "bf14db1a-d313-40e7-92d5-78c3ab64c516",
                      "parentUUID": "8afec937-ec44-45dd-a603-0d7d0bdb313c",
                      "isHook": false,
                      "skipped": false
                    }
                  ],
                  "suites": [],
                  "passes": [
                    "c4c3912b-035b-4cf4-aeca-20ad33419741",
                    "bf14db1a-d313-40e7-92d5-78c3ab64c516"
                  ],
                  "failures": [],
                  "pending": [],
                  "skipped": [],
                  "duration": 1,
                  "root": false,
                  "rootEmpty": false,
                  "_timeout": 2000
                }
              ],
              "passes": [],
              "failures": [],
              "pending": [],
              "skipped": [],
              "duration": 0,
              "root": false,
              "rootEmpty": false,
              "_timeout": 2000
            },
            {
              "uuid": "3233988c-eafc-4f05-bb3f-0622aadcd924",
              "title": "toDate()",
              "fullFile": "/home/runner/work/ical-generator/ical-generator/test/tools.ts",
              "file": "/test/tools.ts",
              "beforeHooks": [],
              "afterHooks": [],
              "tests": [
                {
                  "title": "should work with strings",
                  "fullTitle": "ICalTools toDate() should work with strings",
                  "timedOut": false,
                  "duration": 0,
                  "state": "passed",
                  "speed": "fast",
                  "pass": true,
                  "fail": false,
                  "pending": false,
                  "context": null,
                  "code": "const date = new Date();\nassert.deepStrictEqual(toDate(date.toJSON()), date);",
                  "err": {},
                  "uuid": "2c1cbb0b-534c-4156-a2ed-cab9b8828e08",
                  "parentUUID": "3233988c-eafc-4f05-bb3f-0622aadcd924",
                  "isHook": false,
                  "skipped": false
                },
                {
                  "title": "should work with native Date",
                  "fullTitle": "ICalTools toDate() should work with native Date",
                  "timedOut": false,
                  "duration": 0,
                  "state": "passed",
                  "speed": "fast",
                  "pass": true,
                  "fail": false,
                  "pending": false,
                  "context": null,
                  "code": "const date = new Date();\nassert.deepStrictEqual(toDate(date), date);",
                  "err": {},
                  "uuid": "e5801428-a5f1-4b39-b1cc-5e53e43d107d",
                  "parentUUID": "3233988c-eafc-4f05-bb3f-0622aadcd924",
                  "isHook": false,
                  "skipped": false
                },
                {
                  "title": "should work with moment object",
                  "fullTitle": "ICalTools toDate() should work with moment object",
                  "timedOut": false,
                  "duration": 0,
                  "state": "passed",
                  "speed": "fast",
                  "pass": true,
                  "fail": false,
                  "pending": false,
                  "context": null,
                  "code": "const date = new Date();\nassert.deepStrictEqual(toDate(moment(date)), date);",
                  "err": {},
                  "uuid": "d08bc0a0-2676-407f-ba7d-5edcbd74e044",
                  "parentUUID": "3233988c-eafc-4f05-bb3f-0622aadcd924",
                  "isHook": false,
                  "skipped": false
                },
                {
                  "title": "should work with moment-timezone object",
                  "fullTitle": "ICalTools toDate() should work with moment-timezone object",
                  "timedOut": false,
                  "duration": 0,
                  "state": "passed",
                  "speed": "fast",
                  "pass": true,
                  "fail": false,
                  "pending": false,
                  "context": null,
                  "code": "const date = new Date();\nassert.deepStrictEqual(toDate(momentTz(date)), date);",
                  "err": {},
                  "uuid": "cd00e90d-549c-4bbb-9a78-b53f73273f82",
                  "parentUUID": "3233988c-eafc-4f05-bb3f-0622aadcd924",
                  "isHook": false,
                  "skipped": false
                },
                {
                  "title": "should work with Day.js object",
                  "fullTitle": "ICalTools toDate() should work with Day.js object",
                  "timedOut": false,
                  "duration": 0,
                  "state": "passed",
                  "speed": "fast",
                  "pass": true,
                  "fail": false,
                  "pending": false,
                  "context": null,
                  "code": "const date = new Date();\nassert.deepStrictEqual(toDate(dayjs(date)), date);",
                  "err": {},
                  "uuid": "cb79bc75-61a6-4c33-8681-57eb42a8a738",
                  "parentUUID": "3233988c-eafc-4f05-bb3f-0622aadcd924",
                  "isHook": false,
                  "skipped": false
                },
                {
                  "title": "should work with luxon DateTime object",
                  "fullTitle": "ICalTools toDate() should work with luxon DateTime object",
                  "timedOut": false,
                  "duration": 0,
                  "state": "passed",
                  "speed": "fast",
                  "pass": true,
                  "fail": false,
                  "pending": false,
                  "context": null,
                  "code": "const date = new Date();\nassert.deepStrictEqual(toDate(DateTime.fromJSDate(date)), date);",
                  "err": {},
                  "uuid": "8f07d7c1-486d-48bb-ad05-4902a784b855",
                  "parentUUID": "3233988c-eafc-4f05-bb3f-0622aadcd924",
                  "isHook": false,
                  "skipped": false
                }
              ],
              "suites": [],
              "passes": [
                "2c1cbb0b-534c-4156-a2ed-cab9b8828e08",
                "e5801428-a5f1-4b39-b1cc-5e53e43d107d",
                "d08bc0a0-2676-407f-ba7d-5edcbd74e044",
                "cd00e90d-549c-4bbb-9a78-b53f73273f82",
                "cb79bc75-61a6-4c33-8681-57eb42a8a738",
                "8f07d7c1-486d-48bb-ad05-4902a784b855"
              ],
              "failures": [],
              "pending": [],
              "skipped": [],
              "duration": 0,
              "root": false,
              "rootEmpty": false,
              "_timeout": 2000
            }
          ],
          "passes": [],
          "failures": [],
          "pending": [],
          "skipped": [],
          "duration": 0,
          "root": false,
          "rootEmpty": false,
          "_timeout": 2000
        },
        {
          "uuid": "c333590f-65b4-427e-aaa6-e5a6ab5c8bfc",
          "title": "ical-generator Types",
          "fullFile": "/home/runner/work/ical-generator/ical-generator/test/types.ts",
          "file": "/test/types.ts",
          "beforeHooks": [],
          "afterHooks": [],
          "tests": [
            {
              "title": "stubs should be compatible with third party libraries",
              "fullTitle": "ical-generator Types stubs should be compatible with third party libraries",
              "timedOut": false,
              "duration": 0,
              "state": "passed",
              "speed": "fast",
              "pass": true,
              "fail": false,
              "pending": false,
              "context": null,
              "code": "assert.ok(dayJsTest, 'day.js stub should be compatible');\nassert.ok(luxonTest, 'luxon stub should be compatible');\nassert.ok(momentTest, 'moment stub should be compatible');\nassert.ok(momentTimezoneTest, 'moment-timezone stub should be compatible');\nassert.ok(rruleTest, 'rrule stub should be compatible');",
              "err": {},
              "uuid": "d554fe23-4005-4d05-80c2-6d77d66497d4",
              "parentUUID": "c333590f-65b4-427e-aaa6-e5a6ab5c8bfc",
              "isHook": false,
              "skipped": false
            },
            {
              "title": "calendar data should be compatible with calendar json data",
              "fullTitle": "ical-generator Types calendar data should be compatible with calendar json data",
              "timedOut": false,
              "duration": 0,
              "state": "passed",
              "speed": "fast",
              "pass": true,
              "fail": false,
              "pending": false,
              "context": null,
              "code": "assert.ok(attendeeJson, 'attendee json data should be compatible');\nassert.ok(calendarJson, 'calendar json data should be compatible');\nassert.ok(categoryJson, 'category json data should be compatible');\nassert.ok(eventJson, 'event json data should be compatible');",
              "err": {},
              "uuid": "fd15747e-b382-47cd-aef5-403647b7e819",
              "parentUUID": "c333590f-65b4-427e-aaa6-e5a6ab5c8bfc",
              "isHook": false,
              "skipped": false
            }
          ],
          "suites": [],
          "passes": [
            "d554fe23-4005-4d05-80c2-6d77d66497d4",
            "fd15747e-b382-47cd-aef5-403647b7e819"
          ],
          "failures": [],
          "pending": [],
          "skipped": [],
          "duration": 0,
          "root": false,
          "rootEmpty": false,
          "_timeout": 2000
        }
      ],
      "passes": [],
      "failures": [],
      "pending": [],
      "skipped": [],
      "duration": 0,
      "root": true,
      "rootEmpty": true,
      "_timeout": 2000
    }
  ],
  "meta": {
    "mocha": {
      "version": "10.2.0"
    },
    "mochawesome": {
      "options": {
        "quiet": false,
        "reportFilename": "mochawesome",
        "saveHtml": true,
        "saveJson": true,
        "consoleReporter": "spec",
        "useInlineDiffs": false,
        "code": true
      },
      "version": "7.1.3"
    },
    "marge": {
      "options": null,
      "version": "6.2.0"
    }
  }
}