{
  "stats": {
    "suites": 133,
    "tests": 464,
    "passes": 462,
    "pending": 2,
    "failures": 0,
    "start": "2025-09-02T15:49:23.906Z",
    "end": "2025-09-02T15:49:24.084Z",
    "duration": 178,
    "testsRegistered": 464,
    "passPercent": 100,
    "pendingPercent": 0.43103448275862066,
    "other": 0,
    "hasOther": false,
    "skipped": 0,
    "hasSkipped": false
  },
  "results": [
    {
      "uuid": "1b624f35-7ccc-4b0d-8ed8-709b1cb96125",
      "title": "",
      "fullFile": "",
      "file": "",
      "beforeHooks": [],
      "afterHooks": [],
      "tests": [],
      "suites": [
        {
          "uuid": "741a0be7-96f7-4a33-8357-3b81b51f4f95",
          "title": "ical-generator Alarm",
          "fullFile": "/home/runner/work/ical-generator/ical-generator/test/alarm.ts",
          "file": "/test/alarm.ts",
          "beforeHooks": [],
          "afterHooks": [],
          "tests": [],
          "suites": [
            {
              "uuid": "a2b7a0ef-39c7-4729-81a9-38a06e668088",
              "title": "constructor()",
              "fullFile": "/home/runner/work/ical-generator/ical-generator/test/alarm.ts",
              "file": "/test/alarm.ts",
              "beforeHooks": [],
              "afterHooks": [],
              "tests": [
                {
                  "title": "shouldn't work without event reference",
                  "fullTitle": "ical-generator Alarm constructor() shouldn't work without event reference",
                  "timedOut": false,
                  "duration": 0,
                  "state": "passed",
                  "speed": "fast",
                  "pass": true,
                  "fail": false,
                  "pending": false,
                  "context": null,
                  "code": "import_assert.default.throws(function(){new import_alarm.default({type:import_alarm.ICalAlarmType.display},null)},/`event`/)",
                  "err": {},
                  "uuid": "778b89ad-82eb-4d7d-970a-d3aca6f2d3c2",
                  "parentUUID": "a2b7a0ef-39c7-4729-81a9-38a06e668088",
                  "isHook": false,
                  "skipped": false
                },
                {
                  "title": "should ignore unknown data attributes",
                  "fullTitle": "ical-generator Alarm constructor() should ignore unknown data attributes",
                  "timedOut": false,
                  "duration": 1,
                  "state": "passed",
                  "speed": "fast",
                  "pass": true,
                  "fail": false,
                  "pending": false,
                  "context": null,
                  "code": "const a=new import_alarm.default({type:import_alarm.ICalAlarmType.display,unknown:true},new import_event.default({start:new Date},new import_calendar.default));import_assert.default.strictEqual(a.type(),\"display\")",
                  "err": {},
                  "uuid": "56d96ec5-08bb-4ace-9195-c2232a8bac63",
                  "parentUUID": "a2b7a0ef-39c7-4729-81a9-38a06e668088",
                  "isHook": false,
                  "skipped": false
                }
              ],
              "suites": [],
              "passes": [
                "778b89ad-82eb-4d7d-970a-d3aca6f2d3c2",
                "56d96ec5-08bb-4ace-9195-c2232a8bac63"
              ],
              "failures": [],
              "pending": [],
              "skipped": [],
              "duration": 1,
              "root": false,
              "rootEmpty": false,
              "_timeout": 2000
            },
            {
              "uuid": "37a5de09-cd3d-4def-93c5-5743d3946ed8",
              "title": "type()",
              "fullFile": "/home/runner/work/ical-generator/ical-generator/test/alarm.ts",
              "file": "/test/alarm.ts",
              "beforeHooks": [],
              "afterHooks": [],
              "tests": [
                {
                  "title": "setter should return this",
                  "fullTitle": "ical-generator Alarm type() setter should return this",
                  "timedOut": false,
                  "duration": 0,
                  "state": "passed",
                  "speed": "fast",
                  "pass": true,
                  "fail": false,
                  "pending": false,
                  "context": null,
                  "code": "const a=new import_alarm.default({},new import_event.default({start:new Date},new import_calendar.default));import_assert.default.deepStrictEqual(a,a.type(import_alarm.ICalAlarmType.display))",
                  "err": {},
                  "uuid": "11b7ade4-55cb-424a-9757-332b047bec65",
                  "parentUUID": "37a5de09-cd3d-4def-93c5-5743d3946ed8",
                  "isHook": false,
                  "skipped": false
                },
                {
                  "title": "getter should return value",
                  "fullTitle": "ical-generator Alarm type() getter should return value",
                  "timedOut": false,
                  "duration": 0,
                  "state": "passed",
                  "speed": "fast",
                  "pass": true,
                  "fail": false,
                  "pending": false,
                  "context": null,
                  "code": "const a=new import_alarm.default({},new import_event.default({start:new Date},new import_calendar.default));import_assert.default.strictEqual(a.type(),\"display\");a.type(import_alarm.ICalAlarmType.audio);import_assert.default.strictEqual(a.type(),\"audio\")",
                  "err": {},
                  "uuid": "5eb07b74-ad66-44a5-94f8-39e605f8b690",
                  "parentUUID": "37a5de09-cd3d-4def-93c5-5743d3946ed8",
                  "isHook": false,
                  "skipped": false
                },
                {
                  "title": "should throw error when type not allowed",
                  "fullTitle": "ical-generator Alarm type() should throw error when type not allowed",
                  "timedOut": false,
                  "duration": 0,
                  "state": "passed",
                  "speed": "fast",
                  "pass": true,
                  "fail": false,
                  "pending": false,
                  "context": null,
                  "code": "const a=new import_alarm.default({},new import_event.default({start:new Date},new import_calendar.default));import_assert.default.throws(function(){a.type(\"BANANA\")},/`type`/);import_assert.default.throws(function(){a.type(null)},/`type`/)",
                  "err": {},
                  "uuid": "6158b359-db66-41c2-a27a-41169e0c6961",
                  "parentUUID": "37a5de09-cd3d-4def-93c5-5743d3946ed8",
                  "isHook": false,
                  "skipped": false
                },
                {
                  "title": "should change something",
                  "fullTitle": "ical-generator Alarm type() should change something",
                  "timedOut": false,
                  "duration": 0,
                  "state": "passed",
                  "speed": "fast",
                  "pass": true,
                  "fail": false,
                  "pending": false,
                  "context": null,
                  "code": "const a=new import_alarm.default({},new import_event.default({start:new Date},new import_calendar.default));import_assert.default.ok(a.toString().indexOf(\"ACTION:DISPLAY\")>-1)",
                  "err": {},
                  "uuid": "97c9a809-30d3-4357-9c12-4187311c3d86",
                  "parentUUID": "37a5de09-cd3d-4def-93c5-5743d3946ed8",
                  "isHook": false,
                  "skipped": false
                }
              ],
              "suites": [],
              "passes": [
                "11b7ade4-55cb-424a-9757-332b047bec65",
                "5eb07b74-ad66-44a5-94f8-39e605f8b690",
                "6158b359-db66-41c2-a27a-41169e0c6961",
                "97c9a809-30d3-4357-9c12-4187311c3d86"
              ],
              "failures": [],
              "pending": [],
              "skipped": [],
              "duration": 0,
              "root": false,
              "rootEmpty": false,
              "_timeout": 2000
            },
            {
              "uuid": "d075a4ab-a3b3-4098-b773-65595b8df852",
              "title": "trigger()",
              "fullFile": "/home/runner/work/ical-generator/ical-generator/test/alarm.ts",
              "file": "/test/alarm.ts",
              "beforeHooks": [],
              "afterHooks": [],
              "tests": [
                {
                  "title": "setter should return this",
                  "fullTitle": "ical-generator Alarm trigger() setter should return this",
                  "timedOut": false,
                  "duration": 1,
                  "state": "passed",
                  "speed": "fast",
                  "pass": true,
                  "fail": false,
                  "pending": false,
                  "context": null,
                  "code": "const a=new import_alarm.default({},new import_event.default({start:new Date},new import_calendar.default));import_assert.default.deepStrictEqual(a,a.trigger(60*10))",
                  "err": {},
                  "uuid": "4bdd2edf-1281-4a1a-bf26-1f12c57d970a",
                  "parentUUID": "d075a4ab-a3b3-4098-b773-65595b8df852",
                  "isHook": false,
                  "skipped": false
                },
                {
                  "title": "getter should return value",
                  "fullTitle": "ical-generator Alarm trigger() getter should return value",
                  "timedOut": false,
                  "duration": 0,
                  "state": "passed",
                  "speed": "fast",
                  "pass": true,
                  "fail": false,
                  "pending": false,
                  "context": null,
                  "code": "const a=new import_alarm.default({},new import_event.default({start:new Date},new import_calendar.default));const now=new Date;import_assert.default.strictEqual(a.trigger(),600);import_assert.default.strictEqual(a.triggerAfter(),-600);a.trigger(300);import_assert.default.strictEqual(a.trigger(),300);import_assert.default.strictEqual(a.triggerAfter(),-300);a.trigger(now);const dateResult=a.trigger();import_assert.default.deepStrictEqual(dateResult,now)",
                  "err": {},
                  "uuid": "5aca63ec-f3c1-4051-a600-a73ff3d217eb",
                  "parentUUID": "d075a4ab-a3b3-4098-b773-65595b8df852",
                  "isHook": false,
                  "skipped": false
                },
                {
                  "title": "should throw error when trigger not allowed",
                  "fullTitle": "ical-generator Alarm trigger() should throw error when trigger not allowed",
                  "timedOut": false,
                  "duration": 0,
                  "state": "passed",
                  "speed": "fast",
                  "pass": true,
                  "fail": false,
                  "pending": false,
                  "context": null,
                  "code": "const a=new import_alarm.default({},new import_event.default({start:new Date},new import_calendar.default));import_assert.default.throws(function(){a.trigger(Infinity)},/`trigger`/);import_assert.default.throws(function(){a.trigger(\"hi\")},/`trigger`/);import_assert.default.throws(function(){a.trigger(true)},/`trigger`/)",
                  "err": {},
                  "uuid": "10b41ff2-efee-4a11-b692-70c9768bb16e",
                  "parentUUID": "d075a4ab-a3b3-4098-b773-65595b8df852",
                  "isHook": false,
                  "skipped": false
                },
                {
                  "title": "setter should work with date",
                  "fullTitle": "ical-generator Alarm trigger() setter should work with date",
                  "timedOut": false,
                  "duration": 0,
                  "state": "passed",
                  "speed": "fast",
                  "pass": true,
                  "fail": false,
                  "pending": false,
                  "context": null,
                  "code": "const a=new import_alarm.default({},new import_event.default({start:new Date},new import_calendar.default));a.trigger(new Date);import_assert.default.ok(a.trigger()instanceof Date)",
                  "err": {},
                  "uuid": "fa98d2c4-8ca9-4aca-b53b-d1c5bf68f203",
                  "parentUUID": "d075a4ab-a3b3-4098-b773-65595b8df852",
                  "isHook": false,
                  "skipped": false
                },
                {
                  "title": "setter should work with moment instance",
                  "fullTitle": "ical-generator Alarm trigger() setter should work with moment instance",
                  "timedOut": false,
                  "duration": 0,
                  "state": "passed",
                  "speed": "fast",
                  "pass": true,
                  "fail": false,
                  "pending": false,
                  "context": null,
                  "code": "const a=new import_alarm.default({},new import_event.default({start:new Date},new import_calendar.default));a.trigger((0,import_moment_timezone.default)());import_assert.default.ok(import_moment_timezone.default.isMoment(a.trigger()))",
                  "err": {},
                  "uuid": "fdb7305c-08dc-4ec6-96cf-396f82791f05",
                  "parentUUID": "d075a4ab-a3b3-4098-b773-65595b8df852",
                  "isHook": false,
                  "skipped": false
                },
                {
                  "title": "setter should work with number",
                  "fullTitle": "ical-generator Alarm trigger() setter should work with number",
                  "timedOut": false,
                  "duration": 1,
                  "state": "passed",
                  "speed": "fast",
                  "pass": true,
                  "fail": false,
                  "pending": false,
                  "context": null,
                  "code": "const a=new import_alarm.default({},new import_event.default({start:new Date},new import_calendar.default));a.trigger(2*60);import_assert.default.strictEqual(a.trigger(),120)",
                  "err": {},
                  "uuid": "1608b529-2837-4073-b2b9-93ef2c68474e",
                  "parentUUID": "d075a4ab-a3b3-4098-b773-65595b8df852",
                  "isHook": false,
                  "skipped": false
                },
                {
                  "title": "should change something",
                  "fullTitle": "ical-generator Alarm trigger() should change something",
                  "timedOut": false,
                  "duration": 2,
                  "state": "passed",
                  "speed": "fast",
                  "pass": true,
                  "fail": false,
                  "pending": false,
                  "context": null,
                  "code": "const trigger=(0,import_moment_timezone.default)(\"2015-02-01T13:38:45.000Z\");const a=new import_alarm.default({},new import_event.default({start:new Date},new import_calendar.default));import_assert.default.ok(a.toString().includes(\"TRIGGER:-PT10M\"));a.trigger(trigger);import_assert.default.ok(a.toString().includes(\"TRIGGER;VALUE=DATE-TIME:20150201T133845Z\"))",
                  "err": {},
                  "uuid": "0d5752d7-8626-4c44-a5cd-4af34eae055a",
                  "parentUUID": "d075a4ab-a3b3-4098-b773-65595b8df852",
                  "isHook": false,
                  "skipped": false
                }
              ],
              "suites": [],
              "passes": [
                "4bdd2edf-1281-4a1a-bf26-1f12c57d970a",
                "5aca63ec-f3c1-4051-a600-a73ff3d217eb",
                "10b41ff2-efee-4a11-b692-70c9768bb16e",
                "fa98d2c4-8ca9-4aca-b53b-d1c5bf68f203",
                "fdb7305c-08dc-4ec6-96cf-396f82791f05",
                "1608b529-2837-4073-b2b9-93ef2c68474e",
                "0d5752d7-8626-4c44-a5cd-4af34eae055a"
              ],
              "failures": [],
              "pending": [],
              "skipped": [],
              "duration": 4,
              "root": false,
              "rootEmpty": false,
              "_timeout": 2000
            },
            {
              "uuid": "fbdb8bb2-926c-4c01-8704-1b229dd03222",
              "title": "triggerAfter()",
              "fullFile": "/home/runner/work/ical-generator/ical-generator/test/alarm.ts",
              "file": "/test/alarm.ts",
              "beforeHooks": [],
              "afterHooks": [],
              "tests": [
                {
                  "title": "setter should return this",
                  "fullTitle": "ical-generator Alarm triggerAfter() setter should return this",
                  "timedOut": false,
                  "duration": 0,
                  "state": "passed",
                  "speed": "fast",
                  "pass": true,
                  "fail": false,
                  "pending": false,
                  "context": null,
                  "code": "const a=new import_alarm.default({},new import_event.default({start:new Date},new import_calendar.default));import_assert.default.deepStrictEqual(a,a.triggerAfter(60*10))",
                  "err": {},
                  "uuid": "6aebf1c6-d685-449a-89b3-bd46d94c8c39",
                  "parentUUID": "fbdb8bb2-926c-4c01-8704-1b229dd03222",
                  "isHook": false,
                  "skipped": false
                },
                {
                  "title": "getter should return value",
                  "fullTitle": "ical-generator Alarm triggerAfter() getter should return value",
                  "timedOut": false,
                  "duration": 1,
                  "state": "passed",
                  "speed": "fast",
                  "pass": true,
                  "fail": false,
                  "pending": false,
                  "context": null,
                  "code": "const a=new import_alarm.default({},new import_event.default({start:new Date},new import_calendar.default)).triggerAfter(300);import_assert.default.strictEqual(a.triggerAfter(),300);import_assert.default.strictEqual(a.trigger(),-300)",
                  "err": {},
                  "uuid": "ec81c057-8dcc-4224-9f2d-8850a2242643",
                  "parentUUID": "fbdb8bb2-926c-4c01-8704-1b229dd03222",
                  "isHook": false,
                  "skipped": false
                },
                {
                  "title": "setter should work with number",
                  "fullTitle": "ical-generator Alarm triggerAfter() setter should work with number",
                  "timedOut": false,
                  "duration": 0,
                  "state": "passed",
                  "speed": "fast",
                  "pass": true,
                  "fail": false,
                  "pending": false,
                  "context": null,
                  "code": "const a=new import_alarm.default({},new import_event.default({start:new Date},new import_calendar.default));a.triggerAfter(120);import_assert.default.strictEqual(a.trigger(),-120)",
                  "err": {},
                  "uuid": "0df553b0-ea4b-48e6-9b9b-148a832203c9",
                  "parentUUID": "fbdb8bb2-926c-4c01-8704-1b229dd03222",
                  "isHook": false,
                  "skipped": false
                },
                {
                  "title": "setter should throw error when trigger not allowed",
                  "fullTitle": "ical-generator Alarm triggerAfter() setter should throw error when trigger not allowed",
                  "timedOut": false,
                  "duration": 0,
                  "state": "passed",
                  "speed": "fast",
                  "pass": true,
                  "fail": false,
                  "pending": false,
                  "context": null,
                  "code": "const a=new import_alarm.default({},new import_event.default({start:new Date},new import_calendar.default));import_assert.default.throws(function(){a.triggerAfter(Infinity)},/`trigger`/);import_assert.default.throws(function(){a.triggerAfter(\"hi\")},/`trigger`/);import_assert.default.throws(function(){a.triggerAfter(true)},/`trigger`/)",
                  "err": {},
                  "uuid": "811907aa-80fe-4725-9ffb-963c1e0153f5",
                  "parentUUID": "fbdb8bb2-926c-4c01-8704-1b229dd03222",
                  "isHook": false,
                  "skipped": false
                },
                {
                  "title": "should change something",
                  "fullTitle": "ical-generator Alarm triggerAfter() should change something",
                  "timedOut": false,
                  "duration": 1,
                  "state": "passed",
                  "speed": "fast",
                  "pass": true,
                  "fail": false,
                  "pending": false,
                  "context": null,
                  "code": "const trigger=(0,import_moment_timezone.default)(\"20150201T133845Z\");const a=new import_alarm.default({triggerAfter:600},new import_event.default({start:new Date},new import_calendar.default));import_assert.default.ok(a.toString().indexOf(\"TRIGGER;RELATED=END:PT10M\")>-1);a.triggerAfter(trigger);import_assert.default.ok(a.toString().indexOf(\"TRIGGER;VALUE=DATE-TIME:20150201T133845Z\")>-1)",
                  "err": {},
                  "uuid": "e9fb12ef-e796-4e96-bb36-687c22ff5548",
                  "parentUUID": "fbdb8bb2-926c-4c01-8704-1b229dd03222",
                  "isHook": false,
                  "skipped": false
                }
              ],
              "suites": [],
              "passes": [
                "6aebf1c6-d685-449a-89b3-bd46d94c8c39",
                "ec81c057-8dcc-4224-9f2d-8850a2242643",
                "0df553b0-ea4b-48e6-9b9b-148a832203c9",
                "811907aa-80fe-4725-9ffb-963c1e0153f5",
                "e9fb12ef-e796-4e96-bb36-687c22ff5548"
              ],
              "failures": [],
              "pending": [],
              "skipped": [],
              "duration": 2,
              "root": false,
              "rootEmpty": false,
              "_timeout": 2000
            },
            {
              "uuid": "2ff26678-549f-4996-9b06-9116ab1d0752",
              "title": "triggerBefore()",
              "fullFile": "/home/runner/work/ical-generator/ical-generator/test/alarm.ts",
              "file": "/test/alarm.ts",
              "beforeHooks": [],
              "afterHooks": [],
              "tests": [
                {
                  "title": "setter should return this",
                  "fullTitle": "ical-generator Alarm triggerBefore() setter should return this",
                  "timedOut": false,
                  "duration": 0,
                  "state": "passed",
                  "speed": "fast",
                  "pass": true,
                  "fail": false,
                  "pending": false,
                  "context": null,
                  "code": "const a=new import_alarm.default({},new import_event.default({start:new Date},new import_calendar.default));import_assert.default.deepStrictEqual(a,a.triggerBefore(60*10))",
                  "err": {},
                  "uuid": "6463c456-3fd7-424f-9daa-f0b2384662e4",
                  "parentUUID": "2ff26678-549f-4996-9b06-9116ab1d0752",
                  "isHook": false,
                  "skipped": false
                },
                {
                  "title": "getter should return value",
                  "fullTitle": "ical-generator Alarm triggerBefore() getter should return value",
                  "timedOut": false,
                  "duration": 0,
                  "state": "passed",
                  "speed": "fast",
                  "pass": true,
                  "fail": false,
                  "pending": false,
                  "context": null,
                  "code": "const a=new import_alarm.default({},new import_event.default({start:new Date},new import_calendar.default));const now=new Date;import_assert.default.strictEqual(a.triggerBefore(),600);a.trigger(300);import_assert.default.strictEqual(a.triggerBefore(),300);a.trigger(now);const dateResult=a.triggerBefore();import_assert.default.deepStrictEqual(dateResult,now)",
                  "err": {},
                  "uuid": "025bfd0b-7897-4895-af80-f893435e05aa",
                  "parentUUID": "2ff26678-549f-4996-9b06-9116ab1d0752",
                  "isHook": false,
                  "skipped": false
                },
                {
                  "title": "should throw error when trigger not allowed",
                  "fullTitle": "ical-generator Alarm triggerBefore() should throw error when trigger not allowed",
                  "timedOut": false,
                  "duration": 0,
                  "state": "passed",
                  "speed": "fast",
                  "pass": true,
                  "fail": false,
                  "pending": false,
                  "context": null,
                  "code": "const a=new import_alarm.default({},new import_event.default({start:new Date},new import_calendar.default));import_assert.default.throws(function(){a.triggerBefore(Infinity)},/`trigger`/);import_assert.default.throws(function(){a.triggerBefore(\"hi\")},/`trigger`/);import_assert.default.throws(function(){a.triggerBefore(true)},/`trigger`/)",
                  "err": {},
                  "uuid": "075fa6a7-3a27-4ea9-92a2-f5aa5591278c",
                  "parentUUID": "2ff26678-549f-4996-9b06-9116ab1d0752",
                  "isHook": false,
                  "skipped": false
                },
                {
                  "title": "setter should work with date",
                  "fullTitle": "ical-generator Alarm triggerBefore() setter should work with date",
                  "timedOut": false,
                  "duration": 0,
                  "state": "passed",
                  "speed": "fast",
                  "pass": true,
                  "fail": false,
                  "pending": false,
                  "context": null,
                  "code": "const a=new import_alarm.default({},new import_event.default({start:new Date},new import_calendar.default));const now=new Date;a.triggerBefore(now);import_assert.default.deepStrictEqual(a.trigger(),now)",
                  "err": {},
                  "uuid": "32244367-ab35-4b51-bee1-d847077c4550",
                  "parentUUID": "2ff26678-549f-4996-9b06-9116ab1d0752",
                  "isHook": false,
                  "skipped": false
                },
                {
                  "title": "setter should work with moment instance",
                  "fullTitle": "ical-generator Alarm triggerBefore() setter should work with moment instance",
                  "timedOut": false,
                  "duration": 1,
                  "state": "passed",
                  "speed": "fast",
                  "pass": true,
                  "fail": false,
                  "pending": false,
                  "context": null,
                  "code": "const a=new import_alarm.default({triggerBefore:(0,import_moment_timezone.default)()},new import_event.default({start:new Date},new import_calendar.default));import_assert.default.ok(import_moment_timezone.default.isMoment(a.trigger()))",
                  "err": {},
                  "uuid": "2fb717ea-e32e-4f1a-940f-603a98da1fde",
                  "parentUUID": "2ff26678-549f-4996-9b06-9116ab1d0752",
                  "isHook": false,
                  "skipped": false
                },
                {
                  "title": "setter should work with number",
                  "fullTitle": "ical-generator Alarm triggerBefore() setter should work with number",
                  "timedOut": false,
                  "duration": 0,
                  "state": "passed",
                  "speed": "fast",
                  "pass": true,
                  "fail": false,
                  "pending": false,
                  "context": null,
                  "code": "const a=new import_alarm.default({},new import_event.default({start:new Date},new import_calendar.default));a.triggerBefore(2*60);import_assert.default.strictEqual(a.trigger(),120)",
                  "err": {},
                  "uuid": "488d03e2-3e5d-447b-912c-e62247eb254c",
                  "parentUUID": "2ff26678-549f-4996-9b06-9116ab1d0752",
                  "isHook": false,
                  "skipped": false
                },
                {
                  "title": "should change something",
                  "fullTitle": "ical-generator Alarm triggerBefore() should change something",
                  "timedOut": false,
                  "duration": 0,
                  "state": "passed",
                  "speed": "fast",
                  "pass": true,
                  "fail": false,
                  "pending": false,
                  "context": null,
                  "code": "const trigger=(0,import_moment_timezone.default)(\"2015-02-01T13:38:45.000Z\");const a=new import_alarm.default({},new import_event.default({start:new Date},new import_calendar.default));import_assert.default.ok(a.toString().indexOf(\"TRIGGER:-PT10M\")>-1);a.triggerBefore(trigger);import_assert.default.ok(a.toString().indexOf(\"TRIGGER;VALUE=DATE-TIME:20150201T133845Z\")>-1)",
                  "err": {},
                  "uuid": "206d3296-f7c4-421b-8dd9-52ec29939268",
                  "parentUUID": "2ff26678-549f-4996-9b06-9116ab1d0752",
                  "isHook": false,
                  "skipped": false
                }
              ],
              "suites": [],
              "passes": [
                "6463c456-3fd7-424f-9daa-f0b2384662e4",
                "025bfd0b-7897-4895-af80-f893435e05aa",
                "075fa6a7-3a27-4ea9-92a2-f5aa5591278c",
                "32244367-ab35-4b51-bee1-d847077c4550",
                "2fb717ea-e32e-4f1a-940f-603a98da1fde",
                "488d03e2-3e5d-447b-912c-e62247eb254c",
                "206d3296-f7c4-421b-8dd9-52ec29939268"
              ],
              "failures": [],
              "pending": [],
              "skipped": [],
              "duration": 1,
              "root": false,
              "rootEmpty": false,
              "_timeout": 2000
            },
            {
              "uuid": "23e85d08-568d-4948-8923-33676b12df0c",
              "title": "relatesTo()",
              "fullFile": "/home/runner/work/ical-generator/ical-generator/test/alarm.ts",
              "file": "/test/alarm.ts",
              "beforeHooks": [],
              "afterHooks": [],
              "tests": [
                {
                  "title": "setter should return this",
                  "fullTitle": "ical-generator Alarm relatesTo() setter should return this",
                  "timedOut": false,
                  "duration": 0,
                  "state": "passed",
                  "speed": "fast",
                  "pass": true,
                  "fail": false,
                  "pending": false,
                  "context": null,
                  "code": "const a=new import_alarm.default({},new import_event.default({start:new Date},new import_calendar.default));import_assert.default.deepStrictEqual(a,a.relatesTo(null));import_assert.default.deepStrictEqual(a,a.relatesTo(import_alarm.ICalAlarmRelatesTo.end))",
                  "err": {},
                  "uuid": "ffa3e7a0-ebc6-4499-9494-9ef4fea605a3",
                  "parentUUID": "23e85d08-568d-4948-8923-33676b12df0c",
                  "isHook": false,
                  "skipped": false
                },
                {
                  "title": "getter should return value",
                  "fullTitle": "ical-generator Alarm relatesTo() getter should return value",
                  "timedOut": false,
                  "duration": 0,
                  "state": "passed",
                  "speed": "fast",
                  "pass": true,
                  "fail": false,
                  "pending": false,
                  "context": null,
                  "code": "const a=new import_alarm.default({},new import_event.default({start:new Date},new import_calendar.default));a.relatesTo(import_alarm.ICalAlarmRelatesTo.end);import_assert.default.strictEqual(a.relatesTo(),import_alarm.ICalAlarmRelatesTo.end);a.relatesTo(null);import_assert.default.strictEqual(a.relatesTo(),null)",
                  "err": {},
                  "uuid": "154afae0-8066-4dae-a26e-f7f3fb658369",
                  "parentUUID": "23e85d08-568d-4948-8923-33676b12df0c",
                  "isHook": false,
                  "skipped": false
                },
                {
                  "title": "should throw if value is not `null`, \"START\" or \"END\"",
                  "fullTitle": "ical-generator Alarm relatesTo() should throw if value is not `null`, \"START\" or \"END\"",
                  "timedOut": false,
                  "duration": 0,
                  "state": "passed",
                  "speed": "fast",
                  "pass": true,
                  "fail": false,
                  "pending": false,
                  "context": null,
                  "code": "const a=new import_alarm.default({},new import_event.default({start:new Date},new import_calendar.default));import_assert.default.throws(function(){a.relatesTo(\"hi\")},/`relatesTo`/);import_assert.default.throws(function(){a.relatesTo(true)},/`relatesTo`/);import_assert.default.throws(function(){a.relatesTo(Infinity)},/`relatesTo`/)",
                  "err": {},
                  "uuid": "712f6034-d099-4efc-8706-81201cfe7eab",
                  "parentUUID": "23e85d08-568d-4948-8923-33676b12df0c",
                  "isHook": false,
                  "skipped": false
                },
                {
                  "title": "should change RELATED",
                  "fullTitle": "ical-generator Alarm relatesTo() should change RELATED",
                  "timedOut": false,
                  "duration": 1,
                  "state": "passed",
                  "speed": "fast",
                  "pass": true,
                  "fail": false,
                  "pending": false,
                  "context": null,
                  "code": "const a=new import_alarm.default({},new import_event.default({start:new Date},new import_calendar.default));import_assert.default.ok(a.toString().indexOf(\"RELATED=START\")===-1);a.relatesTo(import_alarm.ICalAlarmRelatesTo.start);import_assert.default.ok(a.toString().indexOf(\"RELATED=START\")>-1);a.relatesTo(import_alarm.ICalAlarmRelatesTo.end);import_assert.default.ok(a.toString().indexOf(\"RELATED=END\")>-1)",
                  "err": {},
                  "uuid": "a1ffc2fa-02cb-4a40-8af9-ad87695efd99",
                  "parentUUID": "23e85d08-568d-4948-8923-33676b12df0c",
                  "isHook": false,
                  "skipped": false
                }
              ],
              "suites": [],
              "passes": [
                "ffa3e7a0-ebc6-4499-9494-9ef4fea605a3",
                "154afae0-8066-4dae-a26e-f7f3fb658369",
                "712f6034-d099-4efc-8706-81201cfe7eab",
                "a1ffc2fa-02cb-4a40-8af9-ad87695efd99"
              ],
              "failures": [],
              "pending": [],
              "skipped": [],
              "duration": 1,
              "root": false,
              "rootEmpty": false,
              "_timeout": 2000
            },
            {
              "uuid": "22ee1a2e-5028-4f29-befe-11f6fe22583d",
              "title": "repeat()",
              "fullFile": "/home/runner/work/ical-generator/ical-generator/test/alarm.ts",
              "file": "/test/alarm.ts",
              "beforeHooks": [],
              "afterHooks": [],
              "tests": [
                {
                  "title": "setter should return this",
                  "fullTitle": "ical-generator Alarm repeat() setter should return this",
                  "timedOut": false,
                  "duration": 0,
                  "state": "passed",
                  "speed": "fast",
                  "pass": true,
                  "fail": false,
                  "pending": false,
                  "context": null,
                  "code": "const a=new import_alarm.default({},new import_event.default({start:new Date},new import_calendar.default));import_assert.default.deepStrictEqual(a,a.repeat({interval:60,times:4}))",
                  "err": {},
                  "uuid": "e184f295-06bb-432c-a535-cb78338293b2",
                  "parentUUID": "22ee1a2e-5028-4f29-befe-11f6fe22583d",
                  "isHook": false,
                  "skipped": false
                },
                {
                  "title": "getter should return value",
                  "fullTitle": "ical-generator Alarm repeat() getter should return value",
                  "timedOut": false,
                  "duration": 1,
                  "state": "passed",
                  "speed": "fast",
                  "pass": true,
                  "fail": false,
                  "pending": false,
                  "context": null,
                  "code": "const a=new import_alarm.default({},new import_event.default({start:new Date},new import_calendar.default));import_assert.default.strictEqual(a.repeat(),null);a.repeat({interval:60,times:4});import_assert.default.deepStrictEqual(a.repeat(),{interval:60,times:4})",
                  "err": {},
                  "uuid": "6b6b510e-cb71-4bb8-ba7a-419c97d295d8",
                  "parentUUID": "22ee1a2e-5028-4f29-befe-11f6fe22583d",
                  "isHook": false,
                  "skipped": false
                },
                {
                  "title": "should throw error if repeat not allowed",
                  "fullTitle": "ical-generator Alarm repeat() should throw error if repeat not allowed",
                  "timedOut": false,
                  "duration": 0,
                  "state": "passed",
                  "speed": "fast",
                  "pass": true,
                  "fail": false,
                  "pending": false,
                  "context": null,
                  "code": "const a=new import_alarm.default({},new import_event.default({start:new Date},new import_calendar.default));import_assert.default.throws(function(){a.repeat({interval:60,times:Infinity})},/`repeat.times`/);import_assert.default.throws(function(){a.repeat({interval:60,times:\"hi\"})},/`repeat.times`/);import_assert.default.throws(function(){a.repeat({interval:60,times:true})},/`repeat.times`/);import_assert.default.throws(function(){a.repeat({interval:Infinity,times:4})},/`repeat.interval`/);import_assert.default.throws(function(){a.repeat({interval:\"hi\",times:4})},/`repeat.interval`/);import_assert.default.throws(function(){a.repeat({interval:true,times:4})},/`repeat.interval`/)",
                  "err": {},
                  "uuid": "3be873a6-b566-47d1-937b-01a144463513",
                  "parentUUID": "22ee1a2e-5028-4f29-befe-11f6fe22583d",
                  "isHook": false,
                  "skipped": false
                },
                {
                  "title": "should change something",
                  "fullTitle": "ical-generator Alarm repeat() should change something",
                  "timedOut": false,
                  "duration": 1,
                  "state": "passed",
                  "speed": "fast",
                  "pass": true,
                  "fail": false,
                  "pending": false,
                  "context": null,
                  "code": "const a=new import_alarm.default({repeat:{interval:90,times:42},trigger:300},new import_event.default({start:new Date},new import_calendar.default));import_assert.default.ok(a.toString().includes(\"REPEAT:42\"));import_assert.default.ok(a.toString().includes(\"DURATION:PT1M30S\"));a.repeat(null);import_assert.default.ok(!a.toString().includes(\"REPEAT:42\"));import_assert.default.ok(!a.toString().includes(\"DURATION:PT1M30S\"))",
                  "err": {},
                  "uuid": "ea1125cc-4a8b-4850-ac52-6fc6e8321d52",
                  "parentUUID": "22ee1a2e-5028-4f29-befe-11f6fe22583d",
                  "isHook": false,
                  "skipped": false
                },
                {
                  "title": "should throw an error if repeat is set but interval isn't",
                  "fullTitle": "ical-generator Alarm repeat() should throw an error if repeat is set but interval isn't",
                  "timedOut": false,
                  "duration": 0,
                  "state": "passed",
                  "speed": "fast",
                  "pass": true,
                  "fail": false,
                  "pending": false,
                  "context": null,
                  "code": "import_assert.default.throws(function(){new import_alarm.default({repeat:{interval:null,times:4},trigger:300},new import_event.default({start:new Date},new import_calendar.default))},/`repeat.interval`/)",
                  "err": {},
                  "uuid": "5c60a341-0d15-46ad-844c-acd66497f183",
                  "parentUUID": "22ee1a2e-5028-4f29-befe-11f6fe22583d",
                  "isHook": false,
                  "skipped": false
                },
                {
                  "title": "should throw an error if interval is set but repeat isn't",
                  "fullTitle": "ical-generator Alarm repeat() should throw an error if interval is set but repeat isn't",
                  "timedOut": false,
                  "duration": 0,
                  "state": "passed",
                  "speed": "fast",
                  "pass": true,
                  "fail": false,
                  "pending": false,
                  "context": null,
                  "code": "import_assert.default.throws(function(){new import_alarm.default({repeat:{interval:60,times:null},trigger:300},new import_event.default({start:new Date},new import_calendar.default))},/`repeat.times`/)",
                  "err": {},
                  "uuid": "35dd3969-8050-4943-b215-8a860515e929",
                  "parentUUID": "22ee1a2e-5028-4f29-befe-11f6fe22583d",
                  "isHook": false,
                  "skipped": false
                },
                {
                  "title": "should throw an error if interval is of wrong type",
                  "fullTitle": "ical-generator Alarm repeat() should throw an error if interval is of wrong type",
                  "timedOut": false,
                  "duration": 0,
                  "state": "passed",
                  "speed": "fast",
                  "pass": true,
                  "fail": false,
                  "pending": false,
                  "context": null,
                  "code": "import_assert.default.throws(function(){new import_alarm.default({repeat:true,trigger:300},new import_event.default({start:new Date},new import_calendar.default))},/`repeat` is not correct, must be an object!/)",
                  "err": {},
                  "uuid": "174a2970-300b-42be-973a-841d4c73f0e0",
                  "parentUUID": "22ee1a2e-5028-4f29-befe-11f6fe22583d",
                  "isHook": false,
                  "skipped": false
                }
              ],
              "suites": [],
              "passes": [
                "e184f295-06bb-432c-a535-cb78338293b2",
                "6b6b510e-cb71-4bb8-ba7a-419c97d295d8",
                "3be873a6-b566-47d1-937b-01a144463513",
                "ea1125cc-4a8b-4850-ac52-6fc6e8321d52",
                "5c60a341-0d15-46ad-844c-acd66497f183",
                "35dd3969-8050-4943-b215-8a860515e929",
                "174a2970-300b-42be-973a-841d4c73f0e0"
              ],
              "failures": [],
              "pending": [],
              "skipped": [],
              "duration": 2,
              "root": false,
              "rootEmpty": false,
              "_timeout": 2000
            },
            {
              "uuid": "ba28e4c3-54fb-457b-a7bc-e415836839e2",
              "title": "attach()",
              "fullFile": "/home/runner/work/ical-generator/ical-generator/test/alarm.ts",
              "file": "/test/alarm.ts",
              "beforeHooks": [],
              "afterHooks": [],
              "tests": [
                {
                  "title": "setter should return this",
                  "fullTitle": "ical-generator Alarm attach() setter should return this",
                  "timedOut": false,
                  "duration": 0,
                  "state": "passed",
                  "speed": "fast",
                  "pass": true,
                  "fail": false,
                  "pending": false,
                  "context": null,
                  "code": "const a=new import_alarm.default({},new import_event.default({start:new Date},new import_calendar.default));import_assert.default.deepStrictEqual(a,a.attach(null));import_assert.default.deepStrictEqual(a,a.attach(\"https://sebbo.net/beep.aud\"))",
                  "err": {},
                  "uuid": "55755b81-d0e6-45e9-99d7-3f852ef32367",
                  "parentUUID": "ba28e4c3-54fb-457b-a7bc-e415836839e2",
                  "isHook": false,
                  "skipped": false
                },
                {
                  "title": "getter should return value",
                  "fullTitle": "ical-generator Alarm attach() getter should return value",
                  "timedOut": false,
                  "duration": 0,
                  "state": "passed",
                  "speed": "fast",
                  "pass": true,
                  "fail": false,
                  "pending": false,
                  "context": null,
                  "code": "const t={mime:\"audio/basic\",uri:\"https://example.com/alarm.aud\"};const a=new import_alarm.default({},new import_event.default({start:new Date},new import_calendar.default));import_assert.default.strictEqual(a.attach(),null);a.attach(t);import_assert.default.deepStrictEqual(a.attach(),t);a.attach(\"https://www.example.com/beep.aud\");import_assert.default.deepStrictEqual(a.attach(),{mime:null,uri:\"https://www.example.com/beep.aud\"});a.attach({uri:\"https://www.example.com/beep.aud\"});import_assert.default.deepStrictEqual(a.attach(),{mime:null,uri:\"https://www.example.com/beep.aud\"});a.attach(null);import_assert.default.strictEqual(a.attach(),null)",
                  "err": {},
                  "uuid": "eed62d52-f757-4dc1-932d-5f6a757b1f0e",
                  "parentUUID": "ba28e4c3-54fb-457b-a7bc-e415836839e2",
                  "isHook": false,
                  "skipped": false
                },
                {
                  "title": "should throw error withour uri",
                  "fullTitle": "ical-generator Alarm attach() should throw error withour uri",
                  "timedOut": false,
                  "duration": 0,
                  "state": "passed",
                  "speed": "fast",
                  "pass": true,
                  "fail": false,
                  "pending": false,
                  "context": null,
                  "code": "const a=new import_alarm.default({},new import_event.default({start:new Date},new import_calendar.default));import_assert.default.throws(function(){a.attach({mime:\"audio/basic\"})},/`attach.uri`/)",
                  "err": {},
                  "uuid": "16ec00a8-1c9e-4ec1-b4bb-f18e23e62b3c",
                  "parentUUID": "ba28e4c3-54fb-457b-a7bc-e415836839e2",
                  "isHook": false,
                  "skipped": false
                },
                {
                  "title": "should throw error when unknown format",
                  "fullTitle": "ical-generator Alarm attach() should throw error when unknown format",
                  "timedOut": false,
                  "duration": 1,
                  "state": "passed",
                  "speed": "fast",
                  "pass": true,
                  "fail": false,
                  "pending": false,
                  "context": null,
                  "code": "const a=new import_alarm.default({},new import_event.default({start:new Date},new import_calendar.default));import_assert.default.throws(function(){a.attach(Infinity)},/`attachment`/)",
                  "err": {},
                  "uuid": "aa18b9ec-e354-4c56-96f0-3ef0fb701bfc",
                  "parentUUID": "ba28e4c3-54fb-457b-a7bc-e415836839e2",
                  "isHook": false,
                  "skipped": false
                },
                {
                  "title": "should change something",
                  "fullTitle": "ical-generator Alarm attach() should change something",
                  "timedOut": false,
                  "duration": 0,
                  "state": "passed",
                  "speed": "fast",
                  "pass": true,
                  "fail": false,
                  "pending": false,
                  "context": null,
                  "code": "const a=new import_alarm.default({type:import_alarm.ICalAlarmType.audio},new import_event.default({start:new Date},new import_calendar.default));import_assert.default.ok(a.toString().indexOf(\"\\r\\nATTACH;VALUE=URI:Basso\")>-1);a.attach(\"https://example.com/beep.aud\");import_assert.default.ok(a.toString().indexOf(\"\\r\\nATTACH;VALUE=URI:https://example.com/beep.aud\")>-1);a.attach({mime:\"audio/basic\",uri:\"https://example.com/beep.aud\"});import_assert.default.ok(a.toString().indexOf(\"\\r\\nATTACH;FMTTYPE=audio/basic:https://example.com/beep.aud\")>-1)",
                  "err": {},
                  "uuid": "df5a6679-e650-4d14-ac9c-4c9f7971b656",
                  "parentUUID": "ba28e4c3-54fb-457b-a7bc-e415836839e2",
                  "isHook": false,
                  "skipped": false
                }
              ],
              "suites": [],
              "passes": [
                "55755b81-d0e6-45e9-99d7-3f852ef32367",
                "eed62d52-f757-4dc1-932d-5f6a757b1f0e",
                "16ec00a8-1c9e-4ec1-b4bb-f18e23e62b3c",
                "aa18b9ec-e354-4c56-96f0-3ef0fb701bfc",
                "df5a6679-e650-4d14-ac9c-4c9f7971b656"
              ],
              "failures": [],
              "pending": [],
              "skipped": [],
              "duration": 1,
              "root": false,
              "rootEmpty": false,
              "_timeout": 2000
            },
            {
              "uuid": "20ec93fb-6183-497e-9a9b-6bbddd760bbd",
              "title": "description()",
              "fullFile": "/home/runner/work/ical-generator/ical-generator/test/alarm.ts",
              "file": "/test/alarm.ts",
              "beforeHooks": [],
              "afterHooks": [],
              "tests": [
                {
                  "title": "setter should return this",
                  "fullTitle": "ical-generator Alarm description() setter should return this",
                  "timedOut": false,
                  "duration": 0,
                  "state": "passed",
                  "speed": "fast",
                  "pass": true,
                  "fail": false,
                  "pending": false,
                  "context": null,
                  "code": "const a=new import_alarm.default({},new import_event.default({start:new Date},new import_calendar.default));import_assert.default.deepStrictEqual(a,a.description(null));import_assert.default.deepStrictEqual(a,a.description(\"Hey Ho!\"))",
                  "err": {},
                  "uuid": "ebc721c5-c1ed-4459-8c95-89bcb706e1bc",
                  "parentUUID": "20ec93fb-6183-497e-9a9b-6bbddd760bbd",
                  "isHook": false,
                  "skipped": false
                },
                {
                  "title": "getter should return value",
                  "fullTitle": "ical-generator Alarm description() getter should return value",
                  "timedOut": false,
                  "duration": 0,
                  "state": "passed",
                  "speed": "fast",
                  "pass": true,
                  "fail": false,
                  "pending": false,
                  "context": null,
                  "code": "const a=new import_alarm.default({},new import_event.default({start:new Date},new import_calendar.default));import_assert.default.deepStrictEqual(a.description(),null);a.description(\"blablabla\");import_assert.default.deepStrictEqual(a.description(),\"blablabla\");a.description(null);import_assert.default.deepStrictEqual(a.description(),null)",
                  "err": {},
                  "uuid": "fc7735d9-ef67-4028-831f-26b97688afd3",
                  "parentUUID": "20ec93fb-6183-497e-9a9b-6bbddd760bbd",
                  "isHook": false,
                  "skipped": false
                },
                {
                  "title": "should change something",
                  "fullTitle": "ical-generator Alarm description() should change something",
                  "timedOut": false,
                  "duration": 0,
                  "state": "passed",
                  "speed": "fast",
                  "pass": true,
                  "fail": false,
                  "pending": false,
                  "context": null,
                  "code": "const a=new import_alarm.default({description:\"Huibuh!\"},new import_event.default({start:new Date},new import_calendar.default));import_assert.default.ok(a.toString().indexOf(\"\\r\\nDESCRIPTION:Huibuh\")>-1)",
                  "err": {},
                  "uuid": "2b2e875a-74bc-47b2-9cad-80fcb4f5f2ac",
                  "parentUUID": "20ec93fb-6183-497e-9a9b-6bbddd760bbd",
                  "isHook": false,
                  "skipped": false
                },
                {
                  "title": "should fallback to event summary",
                  "fullTitle": "ical-generator Alarm description() should fallback to event summary",
                  "timedOut": false,
                  "duration": 0,
                  "state": "passed",
                  "speed": "fast",
                  "pass": true,
                  "fail": false,
                  "pending": false,
                  "context": null,
                  "code": "const a=new import_alarm.default({description:\"Example Event\"},new import_event.default({start:new Date},new import_calendar.default));import_assert.default.ok(a.toString().indexOf(\"\\r\\nDESCRIPTION:Example Event\")>-1)",
                  "err": {},
                  "uuid": "dc55a611-0dfb-4041-a867-7a8c7c15b144",
                  "parentUUID": "20ec93fb-6183-497e-9a9b-6bbddd760bbd",
                  "isHook": false,
                  "skipped": false
                }
              ],
              "suites": [],
              "passes": [
                "ebc721c5-c1ed-4459-8c95-89bcb706e1bc",
                "fc7735d9-ef67-4028-831f-26b97688afd3",
                "2b2e875a-74bc-47b2-9cad-80fcb4f5f2ac",
                "dc55a611-0dfb-4041-a867-7a8c7c15b144"
              ],
              "failures": [],
              "pending": [],
              "skipped": [],
              "duration": 0,
              "root": false,
              "rootEmpty": false,
              "_timeout": 2000
            },
            {
              "uuid": "6848725b-d87b-426e-b6a5-e3943dab5a34",
              "title": "summary()",
              "fullFile": "/home/runner/work/ical-generator/ical-generator/test/alarm.ts",
              "file": "/test/alarm.ts",
              "beforeHooks": [],
              "afterHooks": [],
              "tests": [
                {
                  "title": "setter should return this",
                  "fullTitle": "ical-generator Alarm summary() setter should return this",
                  "timedOut": false,
                  "duration": 0,
                  "state": "passed",
                  "speed": "fast",
                  "pass": true,
                  "fail": false,
                  "pending": false,
                  "context": null,
                  "code": "const a=new import_alarm.default({},new import_event.default({start:new Date},new import_calendar.default));import_assert.default.deepStrictEqual(a,a.summary(null));import_assert.default.deepStrictEqual(a,a.summary(\"Hey Ho!\"))",
                  "err": {},
                  "uuid": "c2537c0c-cd5a-40b5-b2d8-8ea2998b72e0",
                  "parentUUID": "6848725b-d87b-426e-b6a5-e3943dab5a34",
                  "isHook": false,
                  "skipped": false
                },
                {
                  "title": "getter should return value",
                  "fullTitle": "ical-generator Alarm summary() getter should return value",
                  "timedOut": false,
                  "duration": 0,
                  "state": "passed",
                  "speed": "fast",
                  "pass": true,
                  "fail": false,
                  "pending": false,
                  "context": null,
                  "code": "const a=new import_alarm.default({},new import_event.default({start:new Date},new import_calendar.default));import_assert.default.deepStrictEqual(a.summary(),null);a.summary(\"blablabla\");import_assert.default.deepStrictEqual(a.summary(),\"blablabla\");a.summary(null);import_assert.default.deepStrictEqual(a.summary(),null)",
                  "err": {},
                  "uuid": "a9ecf82d-9c63-4a70-a986-c3768f444506",
                  "parentUUID": "6848725b-d87b-426e-b6a5-e3943dab5a34",
                  "isHook": false,
                  "skipped": false
                },
                {
                  "title": "should change something",
                  "fullTitle": "ical-generator Alarm summary() should change something",
                  "timedOut": false,
                  "duration": 0,
                  "state": "passed",
                  "speed": "fast",
                  "pass": true,
                  "fail": false,
                  "pending": false,
                  "context": null,
                  "code": "const a=new import_alarm.default({summary:\"Huibuh!\",type:import_alarm.ICalAlarmType.email},new import_event.default({start:new Date},new import_calendar.default));import_assert.default.ok(a.toString().indexOf(\"\\r\\nSUMMARY:Huibuh\")>-1)",
                  "err": {},
                  "uuid": "b4b8fef2-36c8-45cf-96ca-aa89215d5388",
                  "parentUUID": "6848725b-d87b-426e-b6a5-e3943dab5a34",
                  "isHook": false,
                  "skipped": false
                },
                {
                  "title": "should fallback to event summary",
                  "fullTitle": "ical-generator Alarm summary() should fallback to event summary",
                  "timedOut": false,
                  "duration": 0,
                  "state": "passed",
                  "speed": "fast",
                  "pass": true,
                  "fail": false,
                  "pending": false,
                  "context": null,
                  "code": "const a=new import_alarm.default({type:import_alarm.ICalAlarmType.email},new import_event.default({start:new Date,summary:\"Example Event\"},new import_calendar.default));import_assert.default.ok(a.toString().indexOf(\"\\r\\nSUMMARY:Example Event\")>-1)",
                  "err": {},
                  "uuid": "33715e1b-6231-4c1f-ae1c-2da9686dcb7c",
                  "parentUUID": "6848725b-d87b-426e-b6a5-e3943dab5a34",
                  "isHook": false,
                  "skipped": false
                }
              ],
              "suites": [],
              "passes": [
                "c2537c0c-cd5a-40b5-b2d8-8ea2998b72e0",
                "a9ecf82d-9c63-4a70-a986-c3768f444506",
                "b4b8fef2-36c8-45cf-96ca-aa89215d5388",
                "33715e1b-6231-4c1f-ae1c-2da9686dcb7c"
              ],
              "failures": [],
              "pending": [],
              "skipped": [],
              "duration": 0,
              "root": false,
              "rootEmpty": false,
              "_timeout": 2000
            },
            {
              "uuid": "f862336d-b46d-4b11-930e-12eafca59a64",
              "title": "createAttendee()",
              "fullFile": "/home/runner/work/ical-generator/ical-generator/test/alarm.ts",
              "file": "/test/alarm.ts",
              "beforeHooks": [],
              "afterHooks": [],
              "tests": [
                {
                  "title": "if Attendee passed, it should add and return it",
                  "fullTitle": "ical-generator Alarm createAttendee() if Attendee passed, it should add and return it",
                  "timedOut": false,
                  "duration": 1,
                  "state": "passed",
                  "speed": "fast",
                  "pass": true,
                  "fail": false,
                  "pending": false,
                  "context": null,
                  "code": "const alarm=new import_event.default({start:new Date},new import_calendar.default).createAlarm({type:import_alarm.ICalAlarmType.email});const attendee=new import_attendee.default({email:\"mail@example.com\"},alarm);import_assert.default.strictEqual(alarm.createAttendee(attendee),attendee,\"createAttendee returns attendee\");import_assert.default.deepStrictEqual(alarm.attendees()[0],attendee,\"attendee pushed\")",
                  "err": {},
                  "uuid": "4740e2f6-d18f-408d-8126-f2b640cc2ef5",
                  "parentUUID": "f862336d-b46d-4b11-930e-12eafca59a64",
                  "isHook": false,
                  "skipped": false
                },
                {
                  "title": "should return a ICalAttendee instance",
                  "fullTitle": "ical-generator Alarm createAttendee() should return a ICalAttendee instance",
                  "timedOut": false,
                  "duration": 0,
                  "state": "passed",
                  "speed": "fast",
                  "pass": true,
                  "fail": false,
                  "pending": false,
                  "context": null,
                  "code": "const alarm=new import_event.default({start:new Date},new import_calendar.default).createAlarm({type:import_alarm.ICalAlarmType.email});import_assert.default.ok(alarm.createAttendee({email:\"mail@example.com\"})instanceof import_attendee.default);import_assert.default.strictEqual(alarm.attendees.length,1,\"attendee pushed\")",
                  "err": {},
                  "uuid": "20c409ee-247e-4340-91e7-be734f60899a",
                  "parentUUID": "f862336d-b46d-4b11-930e-12eafca59a64",
                  "isHook": false,
                  "skipped": false
                },
                {
                  "title": "should accept string",
                  "fullTitle": "ical-generator Alarm createAttendee() should accept string",
                  "timedOut": false,
                  "duration": 0,
                  "state": "passed",
                  "speed": "fast",
                  "pass": true,
                  "fail": false,
                  "pending": false,
                  "context": null,
                  "code": "const alarm=new import_event.default({start:new Date},new import_calendar.default).createAlarm({type:import_alarm.ICalAlarmType.email});const attendee=alarm.createAttendee(\"Zac <zac@example.com>\");import_assert.default.strictEqual(attendee.name(),\"Zac\");import_assert.default.strictEqual(attendee.email(),\"zac@example.com\");import_assert.default.strictEqual(alarm.attendees().length,1,\"attendee pushed\")",
                  "err": {},
                  "uuid": "a95c9180-f117-44b3-ae14-cad9365be46e",
                  "parentUUID": "f862336d-b46d-4b11-930e-12eafca59a64",
                  "isHook": false,
                  "skipped": false
                },
                {
                  "title": "should throw error when string misformated",
                  "fullTitle": "ical-generator Alarm createAttendee() should throw error when string misformated",
                  "timedOut": false,
                  "duration": 0,
                  "state": "passed",
                  "speed": "fast",
                  "pass": true,
                  "fail": false,
                  "pending": false,
                  "context": null,
                  "code": "const alarm=new import_event.default({start:new Date},new import_calendar.default).createAlarm({type:import_alarm.ICalAlarmType.email});import_assert.default.throws(function(){alarm.createAttendee(\"foo bar\")},/isn't formated correctly/)",
                  "err": {},
                  "uuid": "1e9edeb5-4dae-4186-a8ad-d813cb2b0079",
                  "parentUUID": "f862336d-b46d-4b11-930e-12eafca59a64",
                  "isHook": false,
                  "skipped": false
                },
                {
                  "title": "should accept object",
                  "fullTitle": "ical-generator Alarm createAttendee() should accept object",
                  "timedOut": false,
                  "duration": 0,
                  "state": "passed",
                  "speed": "fast",
                  "pass": true,
                  "fail": false,
                  "pending": false,
                  "context": null,
                  "code": "const alarm=new import_event.default({start:new Date},new import_calendar.default).createAlarm({type:import_alarm.ICalAlarmType.email});const attendee=alarm.createAttendee({email:\"zac@example.com\",name:\"Zac\"});import_assert.default.strictEqual(attendee.name(),\"Zac\");import_assert.default.strictEqual(attendee.email(),\"zac@example.com\");import_assert.default.strictEqual(alarm.attendees().length,1,\"attendee pushed\");import_assert.default.ok(alarm.toString().includes('ATTENDEE;ROLE=REQ-PARTICIPANT;CN=\"Zac\":MAILTO:zac@example.com'))",
                  "err": {},
                  "uuid": "edb888dd-88fb-479e-9ada-e69f00e604ca",
                  "parentUUID": "f862336d-b46d-4b11-930e-12eafca59a64",
                  "isHook": false,
                  "skipped": false
                }
              ],
              "suites": [],
              "passes": [
                "4740e2f6-d18f-408d-8126-f2b640cc2ef5",
                "20c409ee-247e-4340-91e7-be734f60899a",
                "a95c9180-f117-44b3-ae14-cad9365be46e",
                "1e9edeb5-4dae-4186-a8ad-d813cb2b0079",
                "edb888dd-88fb-479e-9ada-e69f00e604ca"
              ],
              "failures": [],
              "pending": [],
              "skipped": [],
              "duration": 1,
              "root": false,
              "rootEmpty": false,
              "_timeout": 2000
            },
            {
              "uuid": "493fbc4f-3a60-42d7-adee-8ecf13ad154d",
              "title": "attendees()",
              "fullFile": "/home/runner/work/ical-generator/ical-generator/test/alarm.ts",
              "file": "/test/alarm.ts",
              "beforeHooks": [],
              "afterHooks": [],
              "tests": [
                {
                  "title": "getter should return an array of attendees…",
                  "fullTitle": "ical-generator Alarm attendees() getter should return an array of attendees…",
                  "timedOut": false,
                  "duration": 0,
                  "state": "passed",
                  "speed": "fast",
                  "pass": true,
                  "fail": false,
                  "pending": false,
                  "context": null,
                  "code": "const alarm=new import_event.default({start:new Date},new import_calendar.default).createAlarm({type:import_alarm.ICalAlarmType.email});import_assert.default.strictEqual(alarm.attendees().length,0);const attendee=alarm.createAttendee({email:\"mail@example.com\"});import_assert.default.strictEqual(alarm.attendees().length,1);import_assert.default.deepStrictEqual(alarm.attendees()[0],attendee)",
                  "err": {},
                  "uuid": "46ef89ef-afb5-4147-a004-528f990891bb",
                  "parentUUID": "493fbc4f-3a60-42d7-adee-8ecf13ad154d",
                  "isHook": false,
                  "skipped": false
                },
                {
                  "title": "setter should add attendees and return this",
                  "fullTitle": "ical-generator Alarm attendees() setter should add attendees and return this",
                  "timedOut": false,
                  "duration": 0,
                  "state": "passed",
                  "speed": "fast",
                  "pass": true,
                  "fail": false,
                  "pending": false,
                  "context": null,
                  "code": "const alarm=new import_event.default({start:new Date},new import_calendar.default).createAlarm({type:import_alarm.ICalAlarmType.email});const foo=alarm.attendees([{email:\"a@example.com\",name:\"Person A\"},{email:\"b@example.com\",name:\"Person B\"}]);import_assert.default.strictEqual(alarm.attendees().length,2);import_assert.default.deepStrictEqual(foo,alarm)",
                  "err": {},
                  "uuid": "8e41d582-448a-4146-aa15-f7645f6d6212",
                  "parentUUID": "493fbc4f-3a60-42d7-adee-8ecf13ad154d",
                  "isHook": false,
                  "skipped": false
                }
              ],
              "suites": [],
              "passes": [
                "46ef89ef-afb5-4147-a004-528f990891bb",
                "8e41d582-448a-4146-aa15-f7645f6d6212"
              ],
              "failures": [],
              "pending": [],
              "skipped": [],
              "duration": 0,
              "root": false,
              "rootEmpty": false,
              "_timeout": 2000
            },
            {
              "uuid": "59b9b420-0a58-4d30-9c96-5ef97e7c6098",
              "title": "x()",
              "fullFile": "/home/runner/work/ical-generator/ical-generator/test/alarm.ts",
              "file": "/test/alarm.ts",
              "beforeHooks": [],
              "afterHooks": [],
              "tests": [
                {
                  "title": "is there",
                  "fullTitle": "ical-generator Alarm x() is there",
                  "timedOut": false,
                  "duration": 0,
                  "state": "passed",
                  "speed": "fast",
                  "pass": true,
                  "fail": false,
                  "pending": false,
                  "context": null,
                  "code": "const a=new import_alarm.default({},new import_event.default({start:new Date},new import_calendar.default));import_assert.default.deepStrictEqual(a,a.x(\"X-FOO\",\"bar\"))",
                  "err": {},
                  "uuid": "4c1b59d7-0932-4a5b-8e97-4221b55e5fa8",
                  "parentUUID": "59b9b420-0a58-4d30-9c96-5ef97e7c6098",
                  "isHook": false,
                  "skipped": false
                }
              ],
              "suites": [],
              "passes": [
                "4c1b59d7-0932-4a5b-8e97-4221b55e5fa8"
              ],
              "failures": [],
              "pending": [],
              "skipped": [],
              "duration": 0,
              "root": false,
              "rootEmpty": false,
              "_timeout": 2000
            },
            {
              "uuid": "42696fbf-b3ac-48a3-9125-08c52e91419a",
              "title": "toJSON()",
              "fullFile": "/home/runner/work/ical-generator/ical-generator/test/alarm.ts",
              "file": "/test/alarm.ts",
              "beforeHooks": [],
              "afterHooks": [],
              "tests": [
                {
                  "title": "should work",
                  "fullTitle": "ical-generator Alarm toJSON() should work",
                  "timedOut": false,
                  "duration": 0,
                  "state": "passed",
                  "speed": "fast",
                  "pass": true,
                  "fail": false,
                  "pending": false,
                  "context": null,
                  "code": "const a=new import_alarm.default({},new import_event.default({start:new Date},new import_calendar.default));a.type(import_alarm.ICalAlarmType.display);a.trigger(120);import_assert.default.deepStrictEqual(a.toJSON(),{attach:null,attendees:[],description:null,interval:null,relatesTo:null,repeat:null,summary:null,trigger:120,type:\"display\",x:[]})",
                  "err": {},
                  "uuid": "1cf7ac31-8d49-40c8-87e1-02a511398d96",
                  "parentUUID": "42696fbf-b3ac-48a3-9125-08c52e91419a",
                  "isHook": false,
                  "skipped": false
                },
                {
                  "title": "should be compatible with constructor (type check)",
                  "fullTitle": "ical-generator Alarm toJSON() should be compatible with constructor (type check)",
                  "timedOut": false,
                  "duration": 1,
                  "state": "passed",
                  "speed": "fast",
                  "pass": true,
                  "fail": false,
                  "pending": false,
                  "context": null,
                  "code": "const a=new import_alarm.default({},new import_event.default({start:new Date},new import_calendar.default));new import_alarm.default(a.toJSON(),new import_event.default({start:new Date},new import_calendar.default))",
                  "err": {},
                  "uuid": "023b4c3d-06b4-4e16-b4ec-8ad4728dcf46",
                  "parentUUID": "42696fbf-b3ac-48a3-9125-08c52e91419a",
                  "isHook": false,
                  "skipped": false
                }
              ],
              "suites": [],
              "passes": [
                "1cf7ac31-8d49-40c8-87e1-02a511398d96",
                "023b4c3d-06b4-4e16-b4ec-8ad4728dcf46"
              ],
              "failures": [],
              "pending": [],
              "skipped": [],
              "duration": 1,
              "root": false,
              "rootEmpty": false,
              "_timeout": 2000
            }
          ],
          "passes": [],
          "failures": [],
          "pending": [],
          "skipped": [],
          "duration": 0,
          "root": false,
          "rootEmpty": false,
          "_timeout": 2000
        },
        {
          "uuid": "fb1b3a7f-97f7-4cf1-a2b1-32f108ccaec7",
          "title": "ical-generator Attendee",
          "fullFile": "/home/runner/work/ical-generator/ical-generator/test/attendee.ts",
          "file": "/test/attendee.ts",
          "beforeHooks": [],
          "afterHooks": [],
          "tests": [],
          "suites": [
            {
              "uuid": "2f75811c-cc3e-4998-94a8-70f6fe27a9be",
              "title": "constructor()",
              "fullFile": "/home/runner/work/ical-generator/ical-generator/test/attendee.ts",
              "file": "/test/attendee.ts",
              "beforeHooks": [],
              "afterHooks": [],
              "tests": [
                {
                  "title": "shoud set data from constructor",
                  "fullTitle": "ical-generator Attendee constructor() shoud set data from constructor",
                  "timedOut": false,
                  "duration": 1,
                  "state": "passed",
                  "speed": "fast",
                  "pass": true,
                  "fail": false,
                  "pending": false,
                  "context": null,
                  "code": "const data={delegatedFrom:null,delegatedTo:null,email:\"john@example.org\",mailto:\"john+calendar@example.org\",name:\"John Doe\",role:import_attendee.ICalAttendeeRole.REQ,rsvp:false,scheduleAgent:import_attendee.ICalAttendeeScheduleAgent.CLIENT,sentBy:null,status:import_attendee.ICalAttendeeStatus.ACCEPTED,type:import_attendee.ICalAttendeeType.INDIVIDUAL,x:[]};const event=new import_attendee.default(data,new import_event.default({start:new Date},new import_calendar.default));import_assert.default.deepStrictEqual(event.toJSON(),data)",
                  "err": {},
                  "uuid": "4c2061fd-4eed-4a75-8546-d00d2d2d818a",
                  "parentUUID": "2f75811c-cc3e-4998-94a8-70f6fe27a9be",
                  "isHook": false,
                  "skipped": false
                },
                {
                  "title": "shouldn't work without event reference",
                  "fullTitle": "ical-generator Attendee constructor() shouldn't work without event reference",
                  "timedOut": false,
                  "duration": 0,
                  "state": "passed",
                  "speed": "fast",
                  "pass": true,
                  "fail": false,
                  "pending": false,
                  "context": null,
                  "code": "import_assert.default.throws(function(){new import_attendee.default({email:\"foo@bar.com\"})},/`event`/)",
                  "err": {},
                  "uuid": "e7f3161e-52b4-4fa0-82db-5698765c2d90",
                  "parentUUID": "2f75811c-cc3e-4998-94a8-70f6fe27a9be",
                  "isHook": false,
                  "skipped": false
                },
                {
                  "title": "should throw an error without email",
                  "fullTitle": "ical-generator Attendee constructor() should throw an error without email",
                  "timedOut": false,
                  "duration": 0,
                  "state": "passed",
                  "speed": "fast",
                  "pass": true,
                  "fail": false,
                  "pending": false,
                  "context": null,
                  "code": "import_assert.default.throws(function(){new import_attendee.default({name:\"Testuser\"},new import_event.default({start:new Date},new import_calendar.default))},/`email`/)",
                  "err": {},
                  "uuid": "f66072c9-b6d3-444c-a210-4953940176c6",
                  "parentUUID": "2f75811c-cc3e-4998-94a8-70f6fe27a9be",
                  "isHook": false,
                  "skipped": false
                }
              ],
              "suites": [],
              "passes": [
                "4c2061fd-4eed-4a75-8546-d00d2d2d818a",
                "e7f3161e-52b4-4fa0-82db-5698765c2d90",
                "f66072c9-b6d3-444c-a210-4953940176c6"
              ],
              "failures": [],
              "pending": [],
              "skipped": [],
              "duration": 1,
              "root": false,
              "rootEmpty": false,
              "_timeout": 2000
            },
            {
              "uuid": "d4244d59-c8f8-42f4-ae3f-d0bf49db60e6",
              "title": "name()",
              "fullFile": "/home/runner/work/ical-generator/ical-generator/test/attendee.ts",
              "file": "/test/attendee.ts",
              "beforeHooks": [],
              "afterHooks": [],
              "tests": [
                {
                  "title": "getter should return value",
                  "fullTitle": "ical-generator Attendee name() getter should return value",
                  "timedOut": false,
                  "duration": 0,
                  "state": "passed",
                  "speed": "fast",
                  "pass": true,
                  "fail": false,
                  "pending": false,
                  "context": null,
                  "code": "const a=new import_attendee.default({email:\"foo@example.com\"},new import_event.default({start:new Date},new import_calendar.default));import_assert.default.strictEqual(a.name(),null);a.name(\"Sebastian\");import_assert.default.strictEqual(a.name(),\"Sebastian\")",
                  "err": {},
                  "uuid": "5e51e8cd-fc86-4e62-9ff4-045827a3c374",
[...]
                  "title": "Luxon",
                  "fullFile": "/home/runner/work/ical-generator/ical-generator/test/tools.ts",
                  "file": "/test/tools.ts",
                  "beforeHooks": [],
                  "afterHooks": [],
                  "tests": [
                    {
                      "title": "should work with valid Luxon",
                      "fullTitle": "ICalTools checkDate() Luxon should work with valid Luxon",
                      "timedOut": false,
                      "duration": 0,
                      "state": "passed",
                      "speed": "fast",
                      "pass": true,
                      "fail": false,
                      "pending": false,
                      "context": null,
                      "code": "const date=import_luxon.DateTime.now();import_assert.default.equal((0,import_tools.checkDate)(date,\"foo\"),date)",
                      "err": {},
                      "uuid": "c0b9d7fe-6d99-46e2-b16b-11245f7b3e85",
                      "parentUUID": "90382767-8f3c-407c-a2dc-a256b2174f02",
                      "isHook": false,
                      "skipped": false
                    },
                    {
                      "title": "should throw error for invalid Luxon",
                      "fullTitle": "ICalTools checkDate() Luxon should throw error for invalid Luxon",
                      "timedOut": false,
                      "duration": 0,
                      "state": "passed",
                      "speed": "fast",
                      "pass": true,
                      "fail": false,
                      "pending": false,
                      "context": null,
                      "code": "const date=import_luxon.DateTime.fromISO(\"foo\");import_assert.default.throws(()=>{(0,import_tools.checkDate)(date,\"foo\")},/`foo` has to be a valid date!/)",
                      "err": {},
                      "uuid": "18df5eea-b5a6-4d50-aa7e-d73a11557284",
                      "parentUUID": "90382767-8f3c-407c-a2dc-a256b2174f02",
                      "isHook": false,
                      "skipped": false
                    }
                  ],
                  "suites": [],
                  "passes": [
                    "c0b9d7fe-6d99-46e2-b16b-11245f7b3e85",
                    "18df5eea-b5a6-4d50-aa7e-d73a11557284"
                  ],
                  "failures": [],
                  "pending": [],
                  "skipped": [],
                  "duration": 0,
                  "root": false,
                  "rootEmpty": false,
                  "_timeout": 2000
                },
                {
                  "uuid": "d53bda38-696d-4bd4-b2c2-417187e08f34",
                  "title": "Moment",
                  "fullFile": "/home/runner/work/ical-generator/ical-generator/test/tools.ts",
                  "file": "/test/tools.ts",
                  "beforeHooks": [],
                  "afterHooks": [],
                  "tests": [
                    {
                      "title": "should work with valid Moment",
                      "fullTitle": "ICalTools checkDate() Moment should work with valid Moment",
                      "timedOut": false,
                      "duration": 0,
                      "state": "passed",
                      "speed": "fast",
                      "pass": true,
                      "fail": false,
                      "pending": false,
                      "context": null,
                      "code": "const date=(0,import_moment.default)();import_assert.default.equal((0,import_tools.checkDate)(date,\"foo\"),date)",
                      "err": {},
                      "uuid": "e480c005-33a1-46a2-abbb-db06dec81429",
                      "parentUUID": "d53bda38-696d-4bd4-b2c2-417187e08f34",
                      "isHook": false,
                      "skipped": false
                    },
                    {
                      "title": "should throw error for invalid Moment",
                      "fullTitle": "ICalTools checkDate() Moment should throw error for invalid Moment",
                      "timedOut": false,
                      "duration": 0,
                      "state": "passed",
                      "speed": "fast",
                      "pass": true,
                      "fail": false,
                      "pending": false,
                      "context": null,
                      "code": "const date=(0,import_moment.default)(\"foo\",\"MM/DD/YYYY\",true);import_assert.default.throws(()=>{(0,import_tools.checkDate)(date,\"foo\")},/`foo` has to be a valid date!/)",
                      "err": {},
                      "uuid": "458fe03b-5a2a-46b1-96f1-cb31aecd9158",
                      "parentUUID": "d53bda38-696d-4bd4-b2c2-417187e08f34",
                      "isHook": false,
                      "skipped": false
                    }
                  ],
                  "suites": [],
                  "passes": [
                    "e480c005-33a1-46a2-abbb-db06dec81429",
                    "458fe03b-5a2a-46b1-96f1-cb31aecd9158"
                  ],
                  "failures": [],
                  "pending": [],
                  "skipped": [],
                  "duration": 0,
                  "root": false,
                  "rootEmpty": false,
                  "_timeout": 2000
                },
                {
                  "uuid": "34e42074-d25f-412a-8d11-f81d0e9787f7",
                  "title": "Day.js",
                  "fullFile": "/home/runner/work/ical-generator/ical-generator/test/tools.ts",
                  "file": "/test/tools.ts",
                  "beforeHooks": [],
                  "afterHooks": [],
                  "tests": [
                    {
                      "title": "should work with valid Day.js",
                      "fullTitle": "ICalTools checkDate() Day.js should work with valid Day.js",
                      "timedOut": false,
                      "duration": 0,
                      "state": "passed",
                      "speed": "fast",
                      "pass": true,
                      "fail": false,
                      "pending": false,
                      "context": null,
                      "code": "const date=(0,import_dayjs.default)();import_assert.default.equal((0,import_tools.checkDate)(date,\"foo\"),date)",
                      "err": {},
                      "uuid": "7edaaddc-990c-479c-b3b6-95cf0b737f4f",
                      "parentUUID": "34e42074-d25f-412a-8d11-f81d0e9787f7",
                      "isHook": false,
                      "skipped": false
                    },
                    {
                      "title": "should throw error for invalid Day.js",
                      "fullTitle": "ICalTools checkDate() Day.js should throw error for invalid Day.js",
                      "timedOut": false,
                      "duration": 0,
                      "state": "passed",
                      "speed": "fast",
                      "pass": true,
                      "fail": false,
                      "pending": false,
                      "context": null,
                      "code": "const date=(0,import_dayjs.default)(\"foo\");import_assert.default.throws(()=>{(0,import_tools.checkDate)(date,\"foo\")},/`foo` has to be a valid date!/)",
                      "err": {},
                      "uuid": "27e76f87-1224-48c5-b93e-a4fe5fba2561",
                      "parentUUID": "34e42074-d25f-412a-8d11-f81d0e9787f7",
                      "isHook": false,
                      "skipped": false
                    }
                  ],
                  "suites": [],
                  "passes": [
                    "7edaaddc-990c-479c-b3b6-95cf0b737f4f",
                    "27e76f87-1224-48c5-b93e-a4fe5fba2561"
                  ],
                  "failures": [],
                  "pending": [],
                  "skipped": [],
                  "duration": 0,
                  "root": false,
                  "rootEmpty": false,
                  "_timeout": 2000
                }
              ],
              "passes": [],
              "failures": [],
              "pending": [],
              "skipped": [],
              "duration": 0,
              "root": false,
              "rootEmpty": false,
              "_timeout": 2000
            },
            {
              "uuid": "4784c9dc-5d82-499c-8508-1319ef14741d",
              "title": "toDate()",
              "fullFile": "/home/runner/work/ical-generator/ical-generator/test/tools.ts",
              "file": "/test/tools.ts",
              "beforeHooks": [],
              "afterHooks": [],
              "tests": [
                {
                  "title": "should work with strings",
                  "fullTitle": "ICalTools toDate() should work with strings",
                  "timedOut": false,
                  "duration": 0,
                  "state": "passed",
                  "speed": "fast",
                  "pass": true,
                  "fail": false,
                  "pending": false,
                  "context": null,
                  "code": "const date=new Date;import_assert.default.deepStrictEqual((0,import_tools.toDate)(date.toJSON()),date)",
                  "err": {},
                  "uuid": "b61aea6f-dbc0-4c61-89ea-57f7c04b2f40",
                  "parentUUID": "4784c9dc-5d82-499c-8508-1319ef14741d",
                  "isHook": false,
                  "skipped": false
                },
                {
                  "title": "should work with native Date",
                  "fullTitle": "ICalTools toDate() should work with native Date",
                  "timedOut": false,
                  "duration": 0,
                  "state": "passed",
                  "speed": "fast",
                  "pass": true,
                  "fail": false,
                  "pending": false,
                  "context": null,
                  "code": "const date=new Date;import_assert.default.deepStrictEqual((0,import_tools.toDate)(date),date)",
                  "err": {},
                  "uuid": "2c6ae3e2-bd6b-4e41-b86b-407772a8c1d2",
                  "parentUUID": "4784c9dc-5d82-499c-8508-1319ef14741d",
                  "isHook": false,
                  "skipped": false
                },
                {
                  "title": "should work with moment object",
                  "fullTitle": "ICalTools toDate() should work with moment object",
                  "timedOut": false,
                  "duration": 0,
                  "state": "passed",
                  "speed": "fast",
                  "pass": true,
                  "fail": false,
                  "pending": false,
                  "context": null,
                  "code": "const date=new Date;import_assert.default.deepStrictEqual((0,import_tools.toDate)((0,import_moment.default)(date)),date)",
                  "err": {},
                  "uuid": "a3412ae5-5e0a-4d0d-b0fb-76cd854e5d9e",
                  "parentUUID": "4784c9dc-5d82-499c-8508-1319ef14741d",
                  "isHook": false,
                  "skipped": false
                },
                {
                  "title": "should work with moment-timezone object",
                  "fullTitle": "ICalTools toDate() should work with moment-timezone object",
                  "timedOut": false,
                  "duration": 1,
                  "state": "passed",
                  "speed": "fast",
                  "pass": true,
                  "fail": false,
                  "pending": false,
                  "context": null,
                  "code": "const date=new Date;import_assert.default.deepStrictEqual((0,import_tools.toDate)((0,import_moment_timezone.default)(date)),date)",
                  "err": {},
                  "uuid": "c5f7a47f-bbb5-497c-8f87-e0ed3d1c5911",
                  "parentUUID": "4784c9dc-5d82-499c-8508-1319ef14741d",
                  "isHook": false,
                  "skipped": false
                },
                {
                  "title": "should work with Day.js object",
                  "fullTitle": "ICalTools toDate() should work with Day.js object",
                  "timedOut": false,
                  "duration": 0,
                  "state": "passed",
                  "speed": "fast",
                  "pass": true,
                  "fail": false,
                  "pending": false,
                  "context": null,
                  "code": "const date=new Date;import_assert.default.deepStrictEqual((0,import_tools.toDate)((0,import_dayjs.default)(date)),date)",
                  "err": {},
                  "uuid": "476f78f0-d966-4ac3-9a90-11d06adc0b70",
                  "parentUUID": "4784c9dc-5d82-499c-8508-1319ef14741d",
                  "isHook": false,
                  "skipped": false
                },
                {
                  "title": "should work with luxon DateTime object",
                  "fullTitle": "ICalTools toDate() should work with luxon DateTime object",
                  "timedOut": false,
                  "duration": 0,
                  "state": "passed",
                  "speed": "fast",
                  "pass": true,
                  "fail": false,
                  "pending": false,
                  "context": null,
                  "code": "const date=new Date;import_assert.default.deepStrictEqual((0,import_tools.toDate)(import_luxon.DateTime.fromJSDate(date)),date)",
                  "err": {},
                  "uuid": "042f1d72-3609-462a-a9bb-977aab392ec6",
                  "parentUUID": "4784c9dc-5d82-499c-8508-1319ef14741d",
                  "isHook": false,
                  "skipped": false
                }
              ],
              "suites": [],
              "passes": [
                "b61aea6f-dbc0-4c61-89ea-57f7c04b2f40",
                "2c6ae3e2-bd6b-4e41-b86b-407772a8c1d2",
                "a3412ae5-5e0a-4d0d-b0fb-76cd854e5d9e",
                "c5f7a47f-bbb5-497c-8f87-e0ed3d1c5911",
                "476f78f0-d966-4ac3-9a90-11d06adc0b70",
                "042f1d72-3609-462a-a9bb-977aab392ec6"
              ],
              "failures": [],
              "pending": [],
              "skipped": [],
              "duration": 1,
              "root": false,
              "rootEmpty": false,
              "_timeout": 2000
            },
            {
              "uuid": "898dea9e-7799-451c-adc4-e86cfc08c973",
              "title": "toDurationString()",
              "fullFile": "/home/runner/work/ical-generator/ical-generator/test/tools.ts",
              "file": "/test/tools.ts",
              "beforeHooks": [],
              "afterHooks": [],
              "tests": [
                {
                  "title": "should work",
                  "fullTitle": "ICalTools toDurationString() should work",
                  "timedOut": false,
                  "duration": 0,
                  "state": "passed",
                  "speed": "fast",
                  "pass": true,
                  "fail": false,
                  "pending": false,
                  "context": null,
                  "code": "import_assert.default.strictEqual((0,import_tools.toDurationString)(0),\"PT0S\");import_assert.default.strictEqual((0,import_tools.toDurationString)(1),\"PT1S\");import_assert.default.strictEqual((0,import_tools.toDurationString)(60),\"PT1M\");import_assert.default.strictEqual((0,import_tools.toDurationString)(3600),\"PT1H\");import_assert.default.strictEqual((0,import_tools.toDurationString)(86400),\"P1D\");import_assert.default.strictEqual((0,import_tools.toDurationString)(-3600),\"-PT1H\")",
                  "err": {},
                  "uuid": "32197288-8250-4c4e-81a4-43cb66cf8789",
                  "parentUUID": "898dea9e-7799-451c-adc4-e86cfc08c973",
                  "isHook": false,
                  "skipped": false
                }
              ],
              "suites": [],
              "passes": [
                "32197288-8250-4c4e-81a4-43cb66cf8789"
              ],
              "failures": [],
              "pending": [],
              "skipped": [],
              "duration": 0,
              "root": false,
              "rootEmpty": false,
              "_timeout": 2000
            }
          ],
          "passes": [],
          "failures": [],
          "pending": [],
          "skipped": [],
          "duration": 0,
          "root": false,
          "rootEmpty": false,
          "_timeout": 2000
        },
        {
          "uuid": "a82b4fbc-f860-4745-b053-996e6ff1e948",
          "title": "ical-generator Types",
          "fullFile": "/home/runner/work/ical-generator/ical-generator/test/types.ts",
          "file": "/test/types.ts",
          "beforeHooks": [],
          "afterHooks": [],
          "tests": [
            {
              "title": "stubs should be compatible with third party libraries",
              "fullTitle": "ical-generator Types stubs should be compatible with third party libraries",
              "timedOut": false,
              "duration": 0,
              "state": "passed",
              "speed": "fast",
              "pass": true,
              "fail": false,
              "pending": false,
              "context": null,
              "code": "assert.ok(dayJsTest,\"day.js stub should be compatible\");assert.ok(luxonTest,\"luxon stub should be compatible\");assert.ok(momentTest,\"moment stub should be compatible\");assert.ok(momentTimezoneTest,\"moment-timezone stub should be compatible\");assert.ok(rruleTest,\"rrule stub should be compatible\");assert.ok(dateFnsTzTest,\"date-fns/tz stub should be compatible\")",
              "err": {},
              "uuid": "ff0cd492-ba8f-431c-ad2b-cb6ecdbecf29",
              "parentUUID": "a82b4fbc-f860-4745-b053-996e6ff1e948",
              "isHook": false,
              "skipped": false
            },
            {
              "title": "calendar data should be compatible with calendar json data",
              "fullTitle": "ical-generator Types calendar data should be compatible with calendar json data",
              "timedOut": false,
              "duration": 0,
              "state": "passed",
              "speed": "fast",
              "pass": true,
              "fail": false,
              "pending": false,
              "context": null,
              "code": "assert.ok(attendeeJson,\"attendee json data should be compatible\");assert.ok(calendarJson,\"calendar json data should be compatible\");assert.ok(categoryJson,\"category json data should be compatible\");assert.ok(eventJson,\"event json data should be compatible\")",
              "err": {},
              "uuid": "7701ef55-9c83-487f-a1ac-b6d0fd6a9a33",
              "parentUUID": "a82b4fbc-f860-4745-b053-996e6ff1e948",
              "isHook": false,
              "skipped": false
            }
          ],
          "suites": [],
          "passes": [
            "ff0cd492-ba8f-431c-ad2b-cb6ecdbecf29",
            "7701ef55-9c83-487f-a1ac-b6d0fd6a9a33"
          ],
          "failures": [],
          "pending": [],
          "skipped": [],
          "duration": 0,
          "root": false,
          "rootEmpty": false,
          "_timeout": 2000
        }
      ],
      "passes": [],
      "failures": [],
      "pending": [],
      "skipped": [],
      "duration": 0,
      "root": true,
      "rootEmpty": true,
      "_timeout": 2000
    }
  ],
  "meta": {
    "mocha": {
      "version": "11.7.1"
    },
    "mochawesome": {
      "options": {
        "quiet": false,
        "reportFilename": "mochawesome",
        "saveHtml": true,
        "saveJson": true,
        "consoleReporter": "spec",
        "useInlineDiffs": false,
        "code": true
      },
      "version": "7.1.3"
    },
    "marge": {
      "options": null,
      "version": "6.2.0"
    }
  }
}