{
  "stats": {
    "suites": 133,
    "tests": 464,
    "passes": 462,
    "pending": 2,
    "failures": 0,
    "start": "2025-08-05T09:25:46.049Z",
    "end": "2025-08-05T09:25:46.217Z",
    "duration": 168,
    "testsRegistered": 464,
    "passPercent": 100,
    "pendingPercent": 0.43103448275862066,
    "other": 0,
    "hasOther": false,
    "skipped": 0,
    "hasSkipped": false
  },
  "results": [
    {
      "uuid": "4d4d930d-08ae-4ad6-80bf-8a783f9224c0",
      "title": "",
      "fullFile": "",
      "file": "",
      "beforeHooks": [],
      "afterHooks": [],
      "tests": [],
      "suites": [
        {
          "uuid": "162ae300-7b54-4f6b-afa7-b3aee19208f0",
          "title": "ical-generator Alarm",
          "fullFile": "/home/runner/work/ical-generator/ical-generator/test/alarm.ts",
          "file": "/test/alarm.ts",
          "beforeHooks": [],
          "afterHooks": [],
          "tests": [],
          "suites": [
            {
              "uuid": "388a0e8d-e7c0-40b4-8861-d9fce091ea38",
              "title": "constructor()",
              "fullFile": "/home/runner/work/ical-generator/ical-generator/test/alarm.ts",
              "file": "/test/alarm.ts",
              "beforeHooks": [],
              "afterHooks": [],
              "tests": [
                {
                  "title": "shouldn't work without event reference",
                  "fullTitle": "ical-generator Alarm constructor() shouldn't work without event reference",
                  "timedOut": false,
                  "duration": 0,
                  "state": "passed",
                  "speed": "fast",
                  "pass": true,
                  "fail": false,
                  "pending": false,
                  "context": null,
                  "code": "import_assert.default.throws(function(){new import_alarm.default({type:import_alarm.ICalAlarmType.display},null)},/`event`/)",
                  "err": {},
                  "uuid": "233e7c3d-6097-4847-b89f-46faba9a4830",
                  "parentUUID": "388a0e8d-e7c0-40b4-8861-d9fce091ea38",
                  "isHook": false,
                  "skipped": false
                },
                {
                  "title": "should ignore unknown data attributes",
                  "fullTitle": "ical-generator Alarm constructor() should ignore unknown data attributes",
                  "timedOut": false,
                  "duration": 1,
                  "state": "passed",
                  "speed": "fast",
                  "pass": true,
                  "fail": false,
                  "pending": false,
                  "context": null,
                  "code": "const a=new import_alarm.default({type:import_alarm.ICalAlarmType.display,unknown:true},new import_event.default({start:new Date},new import_calendar.default));import_assert.default.strictEqual(a.type(),\"display\")",
                  "err": {},
                  "uuid": "646c6583-8cc3-4a34-9bfb-b113cc5c89a9",
                  "parentUUID": "388a0e8d-e7c0-40b4-8861-d9fce091ea38",
                  "isHook": false,
                  "skipped": false
                }
              ],
              "suites": [],
              "passes": [
                "233e7c3d-6097-4847-b89f-46faba9a4830",
                "646c6583-8cc3-4a34-9bfb-b113cc5c89a9"
              ],
              "failures": [],
              "pending": [],
              "skipped": [],
              "duration": 1,
              "root": false,
              "rootEmpty": false,
              "_timeout": 2000
            },
            {
              "uuid": "61d21c7e-3f25-4122-8dee-b80c4b8fe8ad",
              "title": "type()",
              "fullFile": "/home/runner/work/ical-generator/ical-generator/test/alarm.ts",
              "file": "/test/alarm.ts",
              "beforeHooks": [],
              "afterHooks": [],
              "tests": [
                {
                  "title": "setter should return this",
                  "fullTitle": "ical-generator Alarm type() setter should return this",
                  "timedOut": false,
                  "duration": 0,
                  "state": "passed",
                  "speed": "fast",
                  "pass": true,
                  "fail": false,
                  "pending": false,
                  "context": null,
                  "code": "const a=new import_alarm.default({},new import_event.default({start:new Date},new import_calendar.default));import_assert.default.deepStrictEqual(a,a.type(import_alarm.ICalAlarmType.display))",
                  "err": {},
                  "uuid": "fb0cfccb-2baa-4b23-9b46-e4ac8ed9477b",
                  "parentUUID": "61d21c7e-3f25-4122-8dee-b80c4b8fe8ad",
                  "isHook": false,
                  "skipped": false
                },
                {
                  "title": "getter should return value",
                  "fullTitle": "ical-generator Alarm type() getter should return value",
                  "timedOut": false,
                  "duration": 0,
                  "state": "passed",
                  "speed": "fast",
                  "pass": true,
                  "fail": false,
                  "pending": false,
                  "context": null,
                  "code": "const a=new import_alarm.default({},new import_event.default({start:new Date},new import_calendar.default));import_assert.default.strictEqual(a.type(),\"display\");a.type(import_alarm.ICalAlarmType.audio);import_assert.default.strictEqual(a.type(),\"audio\")",
                  "err": {},
                  "uuid": "a50bed02-3fde-421c-978d-a828b5518aa4",
                  "parentUUID": "61d21c7e-3f25-4122-8dee-b80c4b8fe8ad",
                  "isHook": false,
                  "skipped": false
                },
                {
                  "title": "should throw error when type not allowed",
                  "fullTitle": "ical-generator Alarm type() should throw error when type not allowed",
                  "timedOut": false,
                  "duration": 0,
                  "state": "passed",
                  "speed": "fast",
                  "pass": true,
                  "fail": false,
                  "pending": false,
                  "context": null,
                  "code": "const a=new import_alarm.default({},new import_event.default({start:new Date},new import_calendar.default));import_assert.default.throws(function(){a.type(\"BANANA\")},/`type`/);import_assert.default.throws(function(){a.type(null)},/`type`/)",
                  "err": {},
                  "uuid": "53abd211-1835-4bd0-bd15-0e881b0c510e",
                  "parentUUID": "61d21c7e-3f25-4122-8dee-b80c4b8fe8ad",
                  "isHook": false,
                  "skipped": false
                },
                {
                  "title": "should change something",
                  "fullTitle": "ical-generator Alarm type() should change something",
                  "timedOut": false,
                  "duration": 0,
                  "state": "passed",
                  "speed": "fast",
                  "pass": true,
                  "fail": false,
                  "pending": false,
                  "context": null,
                  "code": "const a=new import_alarm.default({},new import_event.default({start:new Date},new import_calendar.default));import_assert.default.ok(a.toString().indexOf(\"ACTION:DISPLAY\")>-1)",
                  "err": {},
                  "uuid": "0419fbbd-4faf-4e7e-8897-c1fb63180a9d",
                  "parentUUID": "61d21c7e-3f25-4122-8dee-b80c4b8fe8ad",
                  "isHook": false,
                  "skipped": false
                }
              ],
              "suites": [],
              "passes": [
                "fb0cfccb-2baa-4b23-9b46-e4ac8ed9477b",
                "a50bed02-3fde-421c-978d-a828b5518aa4",
                "53abd211-1835-4bd0-bd15-0e881b0c510e",
                "0419fbbd-4faf-4e7e-8897-c1fb63180a9d"
              ],
              "failures": [],
              "pending": [],
              "skipped": [],
              "duration": 0,
              "root": false,
              "rootEmpty": false,
              "_timeout": 2000
            },
            {
              "uuid": "3fc41346-9e24-4f8e-8ad0-23444539fc22",
              "title": "trigger()",
              "fullFile": "/home/runner/work/ical-generator/ical-generator/test/alarm.ts",
              "file": "/test/alarm.ts",
              "beforeHooks": [],
              "afterHooks": [],
              "tests": [
                {
                  "title": "setter should return this",
                  "fullTitle": "ical-generator Alarm trigger() setter should return this",
                  "timedOut": false,
                  "duration": 0,
                  "state": "passed",
                  "speed": "fast",
                  "pass": true,
                  "fail": false,
                  "pending": false,
                  "context": null,
                  "code": "const a=new import_alarm.default({},new import_event.default({start:new Date},new import_calendar.default));import_assert.default.deepStrictEqual(a,a.trigger(60*10))",
                  "err": {},
                  "uuid": "36994d41-00a6-44bd-a8a3-6bce7ecfffc6",
                  "parentUUID": "3fc41346-9e24-4f8e-8ad0-23444539fc22",
                  "isHook": false,
                  "skipped": false
                },
                {
                  "title": "getter should return value",
                  "fullTitle": "ical-generator Alarm trigger() getter should return value",
                  "timedOut": false,
                  "duration": 0,
                  "state": "passed",
                  "speed": "fast",
                  "pass": true,
                  "fail": false,
                  "pending": false,
                  "context": null,
                  "code": "const a=new import_alarm.default({},new import_event.default({start:new Date},new import_calendar.default));const now=new Date;import_assert.default.strictEqual(a.trigger(),600);import_assert.default.strictEqual(a.triggerAfter(),-600);a.trigger(300);import_assert.default.strictEqual(a.trigger(),300);import_assert.default.strictEqual(a.triggerAfter(),-300);a.trigger(now);const dateResult=a.trigger();import_assert.default.deepStrictEqual(dateResult,now)",
                  "err": {},
                  "uuid": "43b080fe-eb7f-4c1b-a45f-dad68da9a662",
                  "parentUUID": "3fc41346-9e24-4f8e-8ad0-23444539fc22",
                  "isHook": false,
                  "skipped": false
                },
                {
                  "title": "should throw error when trigger not allowed",
                  "fullTitle": "ical-generator Alarm trigger() should throw error when trigger not allowed",
                  "timedOut": false,
                  "duration": 0,
                  "state": "passed",
                  "speed": "fast",
                  "pass": true,
                  "fail": false,
                  "pending": false,
                  "context": null,
                  "code": "const a=new import_alarm.default({},new import_event.default({start:new Date},new import_calendar.default));import_assert.default.throws(function(){a.trigger(Infinity)},/`trigger`/);import_assert.default.throws(function(){a.trigger(\"hi\")},/`trigger`/);import_assert.default.throws(function(){a.trigger(true)},/`trigger`/)",
                  "err": {},
                  "uuid": "445519b6-bbf1-478b-8201-576398474e35",
                  "parentUUID": "3fc41346-9e24-4f8e-8ad0-23444539fc22",
                  "isHook": false,
                  "skipped": false
                },
                {
                  "title": "setter should work with date",
                  "fullTitle": "ical-generator Alarm trigger() setter should work with date",
                  "timedOut": false,
                  "duration": 1,
                  "state": "passed",
                  "speed": "fast",
                  "pass": true,
                  "fail": false,
                  "pending": false,
                  "context": null,
                  "code": "const a=new import_alarm.default({},new import_event.default({start:new Date},new import_calendar.default));a.trigger(new Date);import_assert.default.ok(a.trigger()instanceof Date)",
                  "err": {},
                  "uuid": "4eda764c-0fc2-44a3-8500-f673a7914669",
                  "parentUUID": "3fc41346-9e24-4f8e-8ad0-23444539fc22",
                  "isHook": false,
                  "skipped": false
                },
                {
                  "title": "setter should work with moment instance",
                  "fullTitle": "ical-generator Alarm trigger() setter should work with moment instance",
                  "timedOut": false,
                  "duration": 0,
                  "state": "passed",
                  "speed": "fast",
                  "pass": true,
                  "fail": false,
                  "pending": false,
                  "context": null,
                  "code": "const a=new import_alarm.default({},new import_event.default({start:new Date},new import_calendar.default));a.trigger((0,import_moment_timezone.default)());import_assert.default.ok(import_moment_timezone.default.isMoment(a.trigger()))",
                  "err": {},
                  "uuid": "bf94e579-fa66-4bc5-b16a-31037fd0ebc7",
                  "parentUUID": "3fc41346-9e24-4f8e-8ad0-23444539fc22",
                  "isHook": false,
                  "skipped": false
                },
                {
                  "title": "setter should work with number",
                  "fullTitle": "ical-generator Alarm trigger() setter should work with number",
                  "timedOut": false,
                  "duration": 0,
                  "state": "passed",
                  "speed": "fast",
                  "pass": true,
                  "fail": false,
                  "pending": false,
                  "context": null,
                  "code": "const a=new import_alarm.default({},new import_event.default({start:new Date},new import_calendar.default));a.trigger(2*60);import_assert.default.strictEqual(a.trigger(),120)",
                  "err": {},
                  "uuid": "732394f0-160f-4c39-86f1-952bbbb2a66c",
                  "parentUUID": "3fc41346-9e24-4f8e-8ad0-23444539fc22",
                  "isHook": false,
                  "skipped": false
                },
                {
                  "title": "should change something",
                  "fullTitle": "ical-generator Alarm trigger() should change something",
                  "timedOut": false,
                  "duration": 3,
                  "state": "passed",
                  "speed": "fast",
                  "pass": true,
                  "fail": false,
                  "pending": false,
                  "context": null,
                  "code": "const trigger=(0,import_moment_timezone.default)(\"2015-02-01T13:38:45.000Z\");const a=new import_alarm.default({},new import_event.default({start:new Date},new import_calendar.default));import_assert.default.ok(a.toString().includes(\"TRIGGER:-PT10M\"));a.trigger(trigger);import_assert.default.ok(a.toString().includes(\"TRIGGER;VALUE=DATE-TIME:20150201T133845Z\"))",
                  "err": {},
                  "uuid": "163f2e56-782b-4363-89b2-f9b842b31268",
                  "parentUUID": "3fc41346-9e24-4f8e-8ad0-23444539fc22",
                  "isHook": false,
                  "skipped": false
                }
              ],
              "suites": [],
              "passes": [
                "36994d41-00a6-44bd-a8a3-6bce7ecfffc6",
                "43b080fe-eb7f-4c1b-a45f-dad68da9a662",
                "445519b6-bbf1-478b-8201-576398474e35",
                "4eda764c-0fc2-44a3-8500-f673a7914669",
                "bf94e579-fa66-4bc5-b16a-31037fd0ebc7",
                "732394f0-160f-4c39-86f1-952bbbb2a66c",
                "163f2e56-782b-4363-89b2-f9b842b31268"
              ],
              "failures": [],
              "pending": [],
              "skipped": [],
              "duration": 4,
              "root": false,
              "rootEmpty": false,
              "_timeout": 2000
            },
            {
              "uuid": "7587ca20-609d-4ecc-97bc-cd78e9684c3d",
              "title": "triggerAfter()",
              "fullFile": "/home/runner/work/ical-generator/ical-generator/test/alarm.ts",
              "file": "/test/alarm.ts",
              "beforeHooks": [],
              "afterHooks": [],
              "tests": [
                {
                  "title": "setter should return this",
                  "fullTitle": "ical-generator Alarm triggerAfter() setter should return this",
                  "timedOut": false,
                  "duration": 0,
                  "state": "passed",
                  "speed": "fast",
                  "pass": true,
                  "fail": false,
                  "pending": false,
                  "context": null,
                  "code": "const a=new import_alarm.default({},new import_event.default({start:new Date},new import_calendar.default));import_assert.default.deepStrictEqual(a,a.triggerAfter(60*10))",
                  "err": {},
                  "uuid": "96e3af60-d7ab-467d-ba05-283d835a68ba",
                  "parentUUID": "7587ca20-609d-4ecc-97bc-cd78e9684c3d",
                  "isHook": false,
                  "skipped": false
                },
                {
                  "title": "getter should return value",
                  "fullTitle": "ical-generator Alarm triggerAfter() getter should return value",
                  "timedOut": false,
                  "duration": 0,
                  "state": "passed",
                  "speed": "fast",
                  "pass": true,
                  "fail": false,
                  "pending": false,
                  "context": null,
                  "code": "const a=new import_alarm.default({},new import_event.default({start:new Date},new import_calendar.default)).triggerAfter(300);import_assert.default.strictEqual(a.triggerAfter(),300);import_assert.default.strictEqual(a.trigger(),-300)",
                  "err": {},
                  "uuid": "1ecb5d4c-95ee-488c-a3a1-a7ec85454e08",
                  "parentUUID": "7587ca20-609d-4ecc-97bc-cd78e9684c3d",
                  "isHook": false,
                  "skipped": false
                },
                {
                  "title": "setter should work with number",
                  "fullTitle": "ical-generator Alarm triggerAfter() setter should work with number",
                  "timedOut": false,
                  "duration": 0,
                  "state": "passed",
                  "speed": "fast",
                  "pass": true,
                  "fail": false,
                  "pending": false,
                  "context": null,
                  "code": "const a=new import_alarm.default({},new import_event.default({start:new Date},new import_calendar.default));a.triggerAfter(120);import_assert.default.strictEqual(a.trigger(),-120)",
                  "err": {},
                  "uuid": "d7783719-6966-465b-ba44-4a5a6bfd2668",
                  "parentUUID": "7587ca20-609d-4ecc-97bc-cd78e9684c3d",
                  "isHook": false,
                  "skipped": false
                },
                {
                  "title": "setter should throw error when trigger not allowed",
                  "fullTitle": "ical-generator Alarm triggerAfter() setter should throw error when trigger not allowed",
                  "timedOut": false,
                  "duration": 1,
                  "state": "passed",
                  "speed": "fast",
                  "pass": true,
                  "fail": false,
                  "pending": false,
                  "context": null,
                  "code": "const a=new import_alarm.default({},new import_event.default({start:new Date},new import_calendar.default));import_assert.default.throws(function(){a.triggerAfter(Infinity)},/`trigger`/);import_assert.default.throws(function(){a.triggerAfter(\"hi\")},/`trigger`/);import_assert.default.throws(function(){a.triggerAfter(true)},/`trigger`/)",
                  "err": {},
                  "uuid": "2fff9f17-c1ec-497e-a3f6-611e8ebf073f",
                  "parentUUID": "7587ca20-609d-4ecc-97bc-cd78e9684c3d",
                  "isHook": false,
                  "skipped": false
                },
                {
                  "title": "should change something",
                  "fullTitle": "ical-generator Alarm triggerAfter() should change something",
                  "timedOut": false,
                  "duration": 1,
                  "state": "passed",
                  "speed": "fast",
                  "pass": true,
                  "fail": false,
                  "pending": false,
                  "context": null,
                  "code": "const trigger=(0,import_moment_timezone.default)(\"20150201T133845Z\");const a=new import_alarm.default({triggerAfter:600},new import_event.default({start:new Date},new import_calendar.default));import_assert.default.ok(a.toString().indexOf(\"TRIGGER;RELATED=END:PT10M\")>-1);a.triggerAfter(trigger);import_assert.default.ok(a.toString().indexOf(\"TRIGGER;VALUE=DATE-TIME:20150201T133845Z\")>-1)",
                  "err": {},
                  "uuid": "a510fa26-beb8-4f4c-b4f8-7806cce7c07d",
                  "parentUUID": "7587ca20-609d-4ecc-97bc-cd78e9684c3d",
                  "isHook": false,
                  "skipped": false
                }
              ],
              "suites": [],
              "passes": [
                "96e3af60-d7ab-467d-ba05-283d835a68ba",
                "1ecb5d4c-95ee-488c-a3a1-a7ec85454e08",
                "d7783719-6966-465b-ba44-4a5a6bfd2668",
                "2fff9f17-c1ec-497e-a3f6-611e8ebf073f",
                "a510fa26-beb8-4f4c-b4f8-7806cce7c07d"
              ],
              "failures": [],
              "pending": [],
              "skipped": [],
              "duration": 2,
              "root": false,
              "rootEmpty": false,
              "_timeout": 2000
            },
            {
              "uuid": "ffbc445b-4a59-4bb7-8608-c35b04cf4de0",
              "title": "triggerBefore()",
              "fullFile": "/home/runner/work/ical-generator/ical-generator/test/alarm.ts",
              "file": "/test/alarm.ts",
              "beforeHooks": [],
              "afterHooks": [],
              "tests": [
                {
                  "title": "setter should return this",
                  "fullTitle": "ical-generator Alarm triggerBefore() setter should return this",
                  "timedOut": false,
                  "duration": 0,
                  "state": "passed",
                  "speed": "fast",
                  "pass": true,
                  "fail": false,
                  "pending": false,
                  "context": null,
                  "code": "const a=new import_alarm.default({},new import_event.default({start:new Date},new import_calendar.default));import_assert.default.deepStrictEqual(a,a.triggerBefore(60*10))",
                  "err": {},
                  "uuid": "68c2c7b4-fb76-4047-938f-703c68ffadd9",
                  "parentUUID": "ffbc445b-4a59-4bb7-8608-c35b04cf4de0",
                  "isHook": false,
                  "skipped": false
                },
                {
                  "title": "getter should return value",
                  "fullTitle": "ical-generator Alarm triggerBefore() getter should return value",
                  "timedOut": false,
                  "duration": 0,
                  "state": "passed",
                  "speed": "fast",
                  "pass": true,
                  "fail": false,
                  "pending": false,
                  "context": null,
                  "code": "const a=new import_alarm.default({},new import_event.default({start:new Date},new import_calendar.default));const now=new Date;import_assert.default.strictEqual(a.triggerBefore(),600);a.trigger(300);import_assert.default.strictEqual(a.triggerBefore(),300);a.trigger(now);const dateResult=a.triggerBefore();import_assert.default.deepStrictEqual(dateResult,now)",
                  "err": {},
                  "uuid": "769fa51f-ba06-42ce-abf4-9ea9abee5b9b",
                  "parentUUID": "ffbc445b-4a59-4bb7-8608-c35b04cf4de0",
                  "isHook": false,
                  "skipped": false
                },
                {
                  "title": "should throw error when trigger not allowed",
                  "fullTitle": "ical-generator Alarm triggerBefore() should throw error when trigger not allowed",
                  "timedOut": false,
                  "duration": 1,
                  "state": "passed",
                  "speed": "fast",
                  "pass": true,
                  "fail": false,
                  "pending": false,
                  "context": null,
                  "code": "const a=new import_alarm.default({},new import_event.default({start:new Date},new import_calendar.default));import_assert.default.throws(function(){a.triggerBefore(Infinity)},/`trigger`/);import_assert.default.throws(function(){a.triggerBefore(\"hi\")},/`trigger`/);import_assert.default.throws(function(){a.triggerBefore(true)},/`trigger`/)",
                  "err": {},
                  "uuid": "e22e3f96-e9a3-4698-935a-4018a2bb7c2d",
                  "parentUUID": "ffbc445b-4a59-4bb7-8608-c35b04cf4de0",
                  "isHook": false,
                  "skipped": false
                },
                {
                  "title": "setter should work with date",
                  "fullTitle": "ical-generator Alarm triggerBefore() setter should work with date",
                  "timedOut": false,
                  "duration": 0,
                  "state": "passed",
                  "speed": "fast",
                  "pass": true,
                  "fail": false,
                  "pending": false,
                  "context": null,
                  "code": "const a=new import_alarm.default({},new import_event.default({start:new Date},new import_calendar.default));const now=new Date;a.triggerBefore(now);import_assert.default.deepStrictEqual(a.trigger(),now)",
                  "err": {},
                  "uuid": "99f5349d-b186-4f29-91e2-28357f351042",
                  "parentUUID": "ffbc445b-4a59-4bb7-8608-c35b04cf4de0",
                  "isHook": false,
                  "skipped": false
                },
                {
                  "title": "setter should work with moment instance",
                  "fullTitle": "ical-generator Alarm triggerBefore() setter should work with moment instance",
                  "timedOut": false,
                  "duration": 0,
                  "state": "passed",
                  "speed": "fast",
                  "pass": true,
                  "fail": false,
                  "pending": false,
                  "context": null,
                  "code": "const a=new import_alarm.default({triggerBefore:(0,import_moment_timezone.default)()},new import_event.default({start:new Date},new import_calendar.default));import_assert.default.ok(import_moment_timezone.default.isMoment(a.trigger()))",
                  "err": {},
                  "uuid": "47056894-71cf-434b-92fa-27f93d30aca9",
                  "parentUUID": "ffbc445b-4a59-4bb7-8608-c35b04cf4de0",
                  "isHook": false,
                  "skipped": false
                },
                {
                  "title": "setter should work with number",
                  "fullTitle": "ical-generator Alarm triggerBefore() setter should work with number",
                  "timedOut": false,
                  "duration": 0,
                  "state": "passed",
                  "speed": "fast",
                  "pass": true,
                  "fail": false,
                  "pending": false,
                  "context": null,
                  "code": "const a=new import_alarm.default({},new import_event.default({start:new Date},new import_calendar.default));a.triggerBefore(2*60);import_assert.default.strictEqual(a.trigger(),120)",
                  "err": {},
                  "uuid": "63784061-ed88-458a-9b0d-d24e2386582b",
                  "parentUUID": "ffbc445b-4a59-4bb7-8608-c35b04cf4de0",
                  "isHook": false,
                  "skipped": false
                },
                {
                  "title": "should change something",
                  "fullTitle": "ical-generator Alarm triggerBefore() should change something",
                  "timedOut": false,
                  "duration": 1,
                  "state": "passed",
                  "speed": "fast",
                  "pass": true,
                  "fail": false,
                  "pending": false,
                  "context": null,
                  "code": "const trigger=(0,import_moment_timezone.default)(\"2015-02-01T13:38:45.000Z\");const a=new import_alarm.default({},new import_event.default({start:new Date},new import_calendar.default));import_assert.default.ok(a.toString().indexOf(\"TRIGGER:-PT10M\")>-1);a.triggerBefore(trigger);import_assert.default.ok(a.toString().indexOf(\"TRIGGER;VALUE=DATE-TIME:20150201T133845Z\")>-1)",
                  "err": {},
                  "uuid": "b00855d6-0d40-415a-a9fc-1e7becfca858",
                  "parentUUID": "ffbc445b-4a59-4bb7-8608-c35b04cf4de0",
                  "isHook": false,
                  "skipped": false
                }
              ],
              "suites": [],
              "passes": [
                "68c2c7b4-fb76-4047-938f-703c68ffadd9",
                "769fa51f-ba06-42ce-abf4-9ea9abee5b9b",
                "e22e3f96-e9a3-4698-935a-4018a2bb7c2d",
                "99f5349d-b186-4f29-91e2-28357f351042",
                "47056894-71cf-434b-92fa-27f93d30aca9",
                "63784061-ed88-458a-9b0d-d24e2386582b",
                "b00855d6-0d40-415a-a9fc-1e7becfca858"
              ],
              "failures": [],
              "pending": [],
              "skipped": [],
              "duration": 2,
              "root": false,
              "rootEmpty": false,
              "_timeout": 2000
            },
            {
              "uuid": "49ecb3e8-6613-4f41-bec1-b5f9cfa7ca19",
              "title": "relatesTo()",
              "fullFile": "/home/runner/work/ical-generator/ical-generator/test/alarm.ts",
              "file": "/test/alarm.ts",
              "beforeHooks": [],
              "afterHooks": [],
              "tests": [
                {
                  "title": "setter should return this",
                  "fullTitle": "ical-generator Alarm relatesTo() setter should return this",
                  "timedOut": false,
                  "duration": 0,
                  "state": "passed",
                  "speed": "fast",
                  "pass": true,
                  "fail": false,
                  "pending": false,
                  "context": null,
                  "code": "const a=new import_alarm.default({},new import_event.default({start:new Date},new import_calendar.default));import_assert.default.deepStrictEqual(a,a.relatesTo(null));import_assert.default.deepStrictEqual(a,a.relatesTo(import_alarm.ICalAlarmRelatesTo.end))",
                  "err": {},
                  "uuid": "98bce7e5-4ddf-4e3a-93e2-37c9d206c8e6",
                  "parentUUID": "49ecb3e8-6613-4f41-bec1-b5f9cfa7ca19",
                  "isHook": false,
                  "skipped": false
                },
                {
                  "title": "getter should return value",
                  "fullTitle": "ical-generator Alarm relatesTo() getter should return value",
                  "timedOut": false,
                  "duration": 0,
                  "state": "passed",
                  "speed": "fast",
                  "pass": true,
                  "fail": false,
                  "pending": false,
                  "context": null,
                  "code": "const a=new import_alarm.default({},new import_event.default({start:new Date},new import_calendar.default));a.relatesTo(import_alarm.ICalAlarmRelatesTo.end);import_assert.default.strictEqual(a.relatesTo(),import_alarm.ICalAlarmRelatesTo.end);a.relatesTo(null);import_assert.default.strictEqual(a.relatesTo(),null)",
                  "err": {},
                  "uuid": "03a7bb9f-4a89-4b76-88b4-b304172370eb",
                  "parentUUID": "49ecb3e8-6613-4f41-bec1-b5f9cfa7ca19",
                  "isHook": false,
                  "skipped": false
                },
                {
                  "title": "should throw if value is not `null`, \"START\" or \"END\"",
                  "fullTitle": "ical-generator Alarm relatesTo() should throw if value is not `null`, \"START\" or \"END\"",
                  "timedOut": false,
                  "duration": 0,
                  "state": "passed",
                  "speed": "fast",
                  "pass": true,
                  "fail": false,
                  "pending": false,
                  "context": null,
                  "code": "const a=new import_alarm.default({},new import_event.default({start:new Date},new import_calendar.default));import_assert.default.throws(function(){a.relatesTo(\"hi\")},/`relatesTo`/);import_assert.default.throws(function(){a.relatesTo(true)},/`relatesTo`/);import_assert.default.throws(function(){a.relatesTo(Infinity)},/`relatesTo`/)",
                  "err": {},
                  "uuid": "0abcfb41-1635-46f9-ae5f-57fa392c3b02",
                  "parentUUID": "49ecb3e8-6613-4f41-bec1-b5f9cfa7ca19",
                  "isHook": false,
                  "skipped": false
                },
                {
                  "title": "should change RELATED",
                  "fullTitle": "ical-generator Alarm relatesTo() should change RELATED",
                  "timedOut": false,
                  "duration": 0,
                  "state": "passed",
                  "speed": "fast",
                  "pass": true,
                  "fail": false,
                  "pending": false,
                  "context": null,
                  "code": "const a=new import_alarm.default({},new import_event.default({start:new Date},new import_calendar.default));import_assert.default.ok(a.toString().indexOf(\"RELATED=START\")===-1);a.relatesTo(import_alarm.ICalAlarmRelatesTo.start);import_assert.default.ok(a.toString().indexOf(\"RELATED=START\")>-1);a.relatesTo(import_alarm.ICalAlarmRelatesTo.end);import_assert.default.ok(a.toString().indexOf(\"RELATED=END\")>-1)",
                  "err": {},
                  "uuid": "80a5bb3f-4e58-4257-a24d-87f367f3fb3a",
                  "parentUUID": "49ecb3e8-6613-4f41-bec1-b5f9cfa7ca19",
                  "isHook": false,
                  "skipped": false
                }
              ],
              "suites": [],
              "passes": [
                "98bce7e5-4ddf-4e3a-93e2-37c9d206c8e6",
                "03a7bb9f-4a89-4b76-88b4-b304172370eb",
                "0abcfb41-1635-46f9-ae5f-57fa392c3b02",
                "80a5bb3f-4e58-4257-a24d-87f367f3fb3a"
              ],
              "failures": [],
              "pending": [],
              "skipped": [],
              "duration": 0,
              "root": false,
              "rootEmpty": false,
              "_timeout": 2000
            },
            {
              "uuid": "2265cadd-a953-41a7-a970-b0d2382cabc9",
              "title": "repeat()",
              "fullFile": "/home/runner/work/ical-generator/ical-generator/test/alarm.ts",
              "file": "/test/alarm.ts",
              "beforeHooks": [],
              "afterHooks": [],
              "tests": [
                {
                  "title": "setter should return this",
                  "fullTitle": "ical-generator Alarm repeat() setter should return this",
                  "timedOut": false,
                  "duration": 0,
                  "state": "passed",
                  "speed": "fast",
                  "pass": true,
                  "fail": false,
                  "pending": false,
                  "context": null,
                  "code": "const a=new import_alarm.default({},new import_event.default({start:new Date},new import_calendar.default));import_assert.default.deepStrictEqual(a,a.repeat({interval:60,times:4}))",
                  "err": {},
                  "uuid": "02674c75-5753-4082-92b4-969ea4759ff3",
                  "parentUUID": "2265cadd-a953-41a7-a970-b0d2382cabc9",
                  "isHook": false,
                  "skipped": false
                },
                {
                  "title": "getter should return value",
                  "fullTitle": "ical-generator Alarm repeat() getter should return value",
                  "timedOut": false,
                  "duration": 0,
                  "state": "passed",
                  "speed": "fast",
                  "pass": true,
                  "fail": false,
                  "pending": false,
                  "context": null,
                  "code": "const a=new import_alarm.default({},new import_event.default({start:new Date},new import_calendar.default));import_assert.default.strictEqual(a.repeat(),null);a.repeat({interval:60,times:4});import_assert.default.deepStrictEqual(a.repeat(),{interval:60,times:4})",
                  "err": {},
                  "uuid": "ede2c323-5067-490b-b9f3-9df58c8c4ded",
                  "parentUUID": "2265cadd-a953-41a7-a970-b0d2382cabc9",
                  "isHook": false,
                  "skipped": false
                },
                {
                  "title": "should throw error if repeat not allowed",
                  "fullTitle": "ical-generator Alarm repeat() should throw error if repeat not allowed",
                  "timedOut": false,
                  "duration": 1,
                  "state": "passed",
                  "speed": "fast",
                  "pass": true,
                  "fail": false,
                  "pending": false,
                  "context": null,
                  "code": "const a=new import_alarm.default({},new import_event.default({start:new Date},new import_calendar.default));import_assert.default.throws(function(){a.repeat({interval:60,times:Infinity})},/`repeat.times`/);import_assert.default.throws(function(){a.repeat({interval:60,times:\"hi\"})},/`repeat.times`/);import_assert.default.throws(function(){a.repeat({interval:60,times:true})},/`repeat.times`/);import_assert.default.throws(function(){a.repeat({interval:Infinity,times:4})},/`repeat.interval`/);import_assert.default.throws(function(){a.repeat({interval:\"hi\",times:4})},/`repeat.interval`/);import_assert.default.throws(function(){a.repeat({interval:true,times:4})},/`repeat.interval`/)",
                  "err": {},
                  "uuid": "f4f19fee-6bce-46fc-9ae5-f4d174234c59",
                  "parentUUID": "2265cadd-a953-41a7-a970-b0d2382cabc9",
                  "isHook": false,
                  "skipped": false
                },
                {
                  "title": "should change something",
                  "fullTitle": "ical-generator Alarm repeat() should change something",
                  "timedOut": false,
                  "duration": 0,
                  "state": "passed",
                  "speed": "fast",
                  "pass": true,
                  "fail": false,
                  "pending": false,
                  "context": null,
                  "code": "const a=new import_alarm.default({repeat:{interval:90,times:42},trigger:300},new import_event.default({start:new Date},new import_calendar.default));import_assert.default.ok(a.toString().includes(\"REPEAT:42\"));import_assert.default.ok(a.toString().includes(\"DURATION:PT1M30S\"));a.repeat(null);import_assert.default.ok(!a.toString().includes(\"REPEAT:42\"));import_assert.default.ok(!a.toString().includes(\"DURATION:PT1M30S\"))",
                  "err": {},
                  "uuid": "376bdaef-cb7a-4817-b0f9-a3edf838314e",
                  "parentUUID": "2265cadd-a953-41a7-a970-b0d2382cabc9",
                  "isHook": false,
                  "skipped": false
                },
                {
                  "title": "should throw an error if repeat is set but interval isn't",
                  "fullTitle": "ical-generator Alarm repeat() should throw an error if repeat is set but interval isn't",
                  "timedOut": false,
                  "duration": 0,
                  "state": "passed",
                  "speed": "fast",
                  "pass": true,
                  "fail": false,
                  "pending": false,
                  "context": null,
                  "code": "import_assert.default.throws(function(){new import_alarm.default({repeat:{interval:null,times:4},trigger:300},new import_event.default({start:new Date},new import_calendar.default))},/`repeat.interval`/)",
                  "err": {},
                  "uuid": "d0a2120a-e016-4054-a850-0aee4b4b606e",
                  "parentUUID": "2265cadd-a953-41a7-a970-b0d2382cabc9",
                  "isHook": false,
                  "skipped": false
                },
                {
                  "title": "should throw an error if interval is set but repeat isn't",
                  "fullTitle": "ical-generator Alarm repeat() should throw an error if interval is set but repeat isn't",
                  "timedOut": false,
                  "duration": 0,
                  "state": "passed",
                  "speed": "fast",
                  "pass": true,
                  "fail": false,
                  "pending": false,
                  "context": null,
                  "code": "import_assert.default.throws(function(){new import_alarm.default({repeat:{interval:60,times:null},trigger:300},new import_event.default({start:new Date},new import_calendar.default))},/`repeat.times`/)",
                  "err": {},
                  "uuid": "7fea951a-0df7-4d4a-8e85-2ea0692eefe5",
                  "parentUUID": "2265cadd-a953-41a7-a970-b0d2382cabc9",
                  "isHook": false,
                  "skipped": false
                },
                {
                  "title": "should throw an error if interval is of wrong type",
                  "fullTitle": "ical-generator Alarm repeat() should throw an error if interval is of wrong type",
                  "timedOut": false,
                  "duration": 1,
                  "state": "passed",
                  "speed": "fast",
                  "pass": true,
                  "fail": false,
                  "pending": false,
                  "context": null,
                  "code": "import_assert.default.throws(function(){new import_alarm.default({repeat:true,trigger:300},new import_event.default({start:new Date},new import_calendar.default))},/`repeat` is not correct, must be an object!/)",
                  "err": {},
                  "uuid": "900ea74f-96c8-4731-a5d7-16ebeea22410",
                  "parentUUID": "2265cadd-a953-41a7-a970-b0d2382cabc9",
                  "isHook": false,
                  "skipped": false
                }
              ],
              "suites": [],
              "passes": [
                "02674c75-5753-4082-92b4-969ea4759ff3",
                "ede2c323-5067-490b-b9f3-9df58c8c4ded",
                "f4f19fee-6bce-46fc-9ae5-f4d174234c59",
                "376bdaef-cb7a-4817-b0f9-a3edf838314e",
                "d0a2120a-e016-4054-a850-0aee4b4b606e",
                "7fea951a-0df7-4d4a-8e85-2ea0692eefe5",
                "900ea74f-96c8-4731-a5d7-16ebeea22410"
              ],
              "failures": [],
              "pending": [],
              "skipped": [],
              "duration": 2,
              "root": false,
              "rootEmpty": false,
              "_timeout": 2000
            },
            {
              "uuid": "424eec24-92a7-4a19-896d-a1d81a297a90",
              "title": "attach()",
              "fullFile": "/home/runner/work/ical-generator/ical-generator/test/alarm.ts",
              "file": "/test/alarm.ts",
              "beforeHooks": [],
              "afterHooks": [],
              "tests": [
                {
                  "title": "setter should return this",
                  "fullTitle": "ical-generator Alarm attach() setter should return this",
                  "timedOut": false,
                  "duration": 0,
                  "state": "passed",
                  "speed": "fast",
                  "pass": true,
                  "fail": false,
                  "pending": false,
                  "context": null,
                  "code": "const a=new import_alarm.default({},new import_event.default({start:new Date},new import_calendar.default));import_assert.default.deepStrictEqual(a,a.attach(null));import_assert.default.deepStrictEqual(a,a.attach(\"https://sebbo.net/beep.aud\"))",
                  "err": {},
                  "uuid": "df6687e9-63a7-49ec-a97c-501df216dd6e",
                  "parentUUID": "424eec24-92a7-4a19-896d-a1d81a297a90",
                  "isHook": false,
                  "skipped": false
                },
                {
                  "title": "getter should return value",
                  "fullTitle": "ical-generator Alarm attach() getter should return value",
                  "timedOut": false,
                  "duration": 0,
                  "state": "passed",
                  "speed": "fast",
                  "pass": true,
                  "fail": false,
                  "pending": false,
                  "context": null,
                  "code": "const t={mime:\"audio/basic\",uri:\"https://example.com/alarm.aud\"};const a=new import_alarm.default({},new import_event.default({start:new Date},new import_calendar.default));import_assert.default.strictEqual(a.attach(),null);a.attach(t);import_assert.default.deepStrictEqual(a.attach(),t);a.attach(\"https://www.example.com/beep.aud\");import_assert.default.deepStrictEqual(a.attach(),{mime:null,uri:\"https://www.example.com/beep.aud\"});a.attach({uri:\"https://www.example.com/beep.aud\"});import_assert.default.deepStrictEqual(a.attach(),{mime:null,uri:\"https://www.example.com/beep.aud\"});a.attach(null);import_assert.default.strictEqual(a.attach(),null)",
                  "err": {},
                  "uuid": "c7cc35b8-976a-4f18-b9c7-e2025d7ca819",
                  "parentUUID": "424eec24-92a7-4a19-896d-a1d81a297a90",
                  "isHook": false,
                  "skipped": false
                },
                {
                  "title": "should throw error withour uri",
                  "fullTitle": "ical-generator Alarm attach() should throw error withour uri",
                  "timedOut": false,
                  "duration": 0,
                  "state": "passed",
                  "speed": "fast",
                  "pass": true,
                  "fail": false,
                  "pending": false,
                  "context": null,
                  "code": "const a=new import_alarm.default({},new import_event.default({start:new Date},new import_calendar.default));import_assert.default.throws(function(){a.attach({mime:\"audio/basic\"})},/`attach.uri`/)",
                  "err": {},
                  "uuid": "aa57dca7-4166-4554-8807-0d7e0388932d",
                  "parentUUID": "424eec24-92a7-4a19-896d-a1d81a297a90",
                  "isHook": false,
                  "skipped": false
                },
                {
                  "title": "should throw error when unknown format",
                  "fullTitle": "ical-generator Alarm attach() should throw error when unknown format",
                  "timedOut": false,
                  "duration": 0,
                  "state": "passed",
                  "speed": "fast",
                  "pass": true,
                  "fail": false,
                  "pending": false,
                  "context": null,
                  "code": "const a=new import_alarm.default({},new import_event.default({start:new Date},new import_calendar.default));import_assert.default.throws(function(){a.attach(Infinity)},/`attachment`/)",
                  "err": {},
                  "uuid": "7220539d-dbee-466c-8822-7786b25fc07d",
                  "parentUUID": "424eec24-92a7-4a19-896d-a1d81a297a90",
                  "isHook": false,
                  "skipped": false
                },
                {
                  "title": "should change something",
                  "fullTitle": "ical-generator Alarm attach() should change something",
                  "timedOut": false,
                  "duration": 0,
                  "state": "passed",
                  "speed": "fast",
                  "pass": true,
                  "fail": false,
                  "pending": false,
                  "context": null,
                  "code": "const a=new import_alarm.default({type:import_alarm.ICalAlarmType.audio},new import_event.default({start:new Date},new import_calendar.default));import_assert.default.ok(a.toString().indexOf(\"\\r\\nATTACH;VALUE=URI:Basso\")>-1);a.attach(\"https://example.com/beep.aud\");import_assert.default.ok(a.toString().indexOf(\"\\r\\nATTACH;VALUE=URI:https://example.com/beep.aud\")>-1);a.attach({mime:\"audio/basic\",uri:\"https://example.com/beep.aud\"});import_assert.default.ok(a.toString().indexOf(\"\\r\\nATTACH;FMTTYPE=audio/basic:https://example.com/beep.aud\")>-1)",
                  "err": {},
                  "uuid": "304714f3-cce7-4930-bfcd-f89423c28cc8",
                  "parentUUID": "424eec24-92a7-4a19-896d-a1d81a297a90",
                  "isHook": false,
                  "skipped": false
                }
              ],
              "suites": [],
              "passes": [
                "df6687e9-63a7-49ec-a97c-501df216dd6e",
                "c7cc35b8-976a-4f18-b9c7-e2025d7ca819",
                "aa57dca7-4166-4554-8807-0d7e0388932d",
                "7220539d-dbee-466c-8822-7786b25fc07d",
                "304714f3-cce7-4930-bfcd-f89423c28cc8"
              ],
              "failures": [],
              "pending": [],
              "skipped": [],
              "duration": 0,
              "root": false,
              "rootEmpty": false,
              "_timeout": 2000
            },
            {
              "uuid": "1f053b5e-8d2b-4c93-975b-dfc1c2c4899b",
              "title": "description()",
              "fullFile": "/home/runner/work/ical-generator/ical-generator/test/alarm.ts",
              "file": "/test/alarm.ts",
              "beforeHooks": [],
              "afterHooks": [],
              "tests": [
                {
                  "title": "setter should return this",
                  "fullTitle": "ical-generator Alarm description() setter should return this",
                  "timedOut": false,
                  "duration": 0,
                  "state": "passed",
                  "speed": "fast",
                  "pass": true,
                  "fail": false,
                  "pending": false,
                  "context": null,
                  "code": "const a=new import_alarm.default({},new import_event.default({start:new Date},new import_calendar.default));import_assert.default.deepStrictEqual(a,a.description(null));import_assert.default.deepStrictEqual(a,a.description(\"Hey Ho!\"))",
                  "err": {},
                  "uuid": "98280a2b-9d31-4a35-9823-10a436c22143",
                  "parentUUID": "1f053b5e-8d2b-4c93-975b-dfc1c2c4899b",
                  "isHook": false,
                  "skipped": false
                },
                {
                  "title": "getter should return value",
                  "fullTitle": "ical-generator Alarm description() getter should return value",
                  "timedOut": false,
                  "duration": 1,
                  "state": "passed",
                  "speed": "fast",
                  "pass": true,
                  "fail": false,
                  "pending": false,
                  "context": null,
                  "code": "const a=new import_alarm.default({},new import_event.default({start:new Date},new import_calendar.default));import_assert.default.deepStrictEqual(a.description(),null);a.description(\"blablabla\");import_assert.default.deepStrictEqual(a.description(),\"blablabla\");a.description(null);import_assert.default.deepStrictEqual(a.description(),null)",
                  "err": {},
                  "uuid": "5b447ec9-d70c-4220-a9d9-9e0ffffceb6c",
                  "parentUUID": "1f053b5e-8d2b-4c93-975b-dfc1c2c4899b",
                  "isHook": false,
                  "skipped": false
                },
                {
                  "title": "should change something",
                  "fullTitle": "ical-generator Alarm description() should change something",
                  "timedOut": false,
                  "duration": 0,
                  "state": "passed",
                  "speed": "fast",
                  "pass": true,
                  "fail": false,
                  "pending": false,
                  "context": null,
                  "code": "const a=new import_alarm.default({description:\"Huibuh!\"},new import_event.default({start:new Date},new import_calendar.default));import_assert.default.ok(a.toString().indexOf(\"\\r\\nDESCRIPTION:Huibuh\")>-1)",
                  "err": {},
                  "uuid": "2c7487eb-bcda-465f-88b9-30369c7625de",
                  "parentUUID": "1f053b5e-8d2b-4c93-975b-dfc1c2c4899b",
                  "isHook": false,
                  "skipped": false
                },
                {
                  "title": "should fallback to event summary",
                  "fullTitle": "ical-generator Alarm description() should fallback to event summary",
                  "timedOut": false,
                  "duration": 0,
                  "state": "passed",
                  "speed": "fast",
                  "pass": true,
                  "fail": false,
                  "pending": false,
                  "context": null,
                  "code": "const a=new import_alarm.default({description:\"Example Event\"},new import_event.default({start:new Date},new import_calendar.default));import_assert.default.ok(a.toString().indexOf(\"\\r\\nDESCRIPTION:Example Event\")>-1)",
                  "err": {},
                  "uuid": "23a84338-f8f4-4205-942b-14d49ce19ae8",
                  "parentUUID": "1f053b5e-8d2b-4c93-975b-dfc1c2c4899b",
                  "isHook": false,
                  "skipped": false
                }
              ],
              "suites": [],
              "passes": [
                "98280a2b-9d31-4a35-9823-10a436c22143",
                "5b447ec9-d70c-4220-a9d9-9e0ffffceb6c",
                "2c7487eb-bcda-465f-88b9-30369c7625de",
                "23a84338-f8f4-4205-942b-14d49ce19ae8"
              ],
              "failures": [],
              "pending": [],
              "skipped": [],
              "duration": 1,
              "root": false,
              "rootEmpty": false,
              "_timeout": 2000
            },
            {
              "uuid": "32d8e506-e651-4cc8-afe9-3665f8eb98f7",
              "title": "summary()",
              "fullFile": "/home/runner/work/ical-generator/ical-generator/test/alarm.ts",
              "file": "/test/alarm.ts",
              "beforeHooks": [],
              "afterHooks": [],
              "tests": [
                {
                  "title": "setter should return this",
                  "fullTitle": "ical-generator Alarm summary() setter should return this",
                  "timedOut": false,
                  "duration": 0,
                  "state": "passed",
                  "speed": "fast",
                  "pass": true,
                  "fail": false,
                  "pending": false,
                  "context": null,
                  "code": "const a=new import_alarm.default({},new import_event.default({start:new Date},new import_calendar.default));import_assert.default.deepStrictEqual(a,a.summary(null));import_assert.default.deepStrictEqual(a,a.summary(\"Hey Ho!\"))",
                  "err": {},
                  "uuid": "c983952b-bfff-416a-b0e7-2610abdb8e9b",
                  "parentUUID": "32d8e506-e651-4cc8-afe9-3665f8eb98f7",
                  "isHook": false,
                  "skipped": false
                },
                {
                  "title": "getter should return value",
                  "fullTitle": "ical-generator Alarm summary() getter should return value",
                  "timedOut": false,
                  "duration": 1,
                  "state": "passed",
                  "speed": "fast",
                  "pass": true,
                  "fail": false,
                  "pending": false,
                  "context": null,
                  "code": "const a=new import_alarm.default({},new import_event.default({start:new Date},new import_calendar.default));import_assert.default.deepStrictEqual(a.summary(),null);a.summary(\"blablabla\");import_assert.default.deepStrictEqual(a.summary(),\"blablabla\");a.summary(null);import_assert.default.deepStrictEqual(a.summary(),null)",
                  "err": {},
                  "uuid": "d71d4335-cb6d-4e9e-b60f-03e77f2cc970",
                  "parentUUID": "32d8e506-e651-4cc8-afe9-3665f8eb98f7",
                  "isHook": false,
                  "skipped": false
                },
                {
                  "title": "should change something",
                  "fullTitle": "ical-generator Alarm summary() should change something",
                  "timedOut": false,
                  "duration": 0,
                  "state": "passed",
                  "speed": "fast",
                  "pass": true,
                  "fail": false,
                  "pending": false,
                  "context": null,
                  "code": "const a=new import_alarm.default({summary:\"Huibuh!\",type:import_alarm.ICalAlarmType.email},new import_event.default({start:new Date},new import_calendar.default));import_assert.default.ok(a.toString().indexOf(\"\\r\\nSUMMARY:Huibuh\")>-1)",
                  "err": {},
                  "uuid": "7a68fb3b-59d0-4912-aac0-ae2a4449a6df",
                  "parentUUID": "32d8e506-e651-4cc8-afe9-3665f8eb98f7",
                  "isHook": false,
                  "skipped": false
                },
                {
                  "title": "should fallback to event summary",
                  "fullTitle": "ical-generator Alarm summary() should fallback to event summary",
                  "timedOut": false,
                  "duration": 0,
                  "state": "passed",
                  "speed": "fast",
                  "pass": true,
                  "fail": false,
                  "pending": false,
                  "context": null,
                  "code": "const a=new import_alarm.default({type:import_alarm.ICalAlarmType.email},new import_event.default({start:new Date,summary:\"Example Event\"},new import_calendar.default));import_assert.default.ok(a.toString().indexOf(\"\\r\\nSUMMARY:Example Event\")>-1)",
                  "err": {},
                  "uuid": "70e9b2bf-716e-4c0f-974c-2a41ce7030fe",
                  "parentUUID": "32d8e506-e651-4cc8-afe9-3665f8eb98f7",
                  "isHook": false,
                  "skipped": false
                }
              ],
              "suites": [],
              "passes": [
                "c983952b-bfff-416a-b0e7-2610abdb8e9b",
                "d71d4335-cb6d-4e9e-b60f-03e77f2cc970",
                "7a68fb3b-59d0-4912-aac0-ae2a4449a6df",
                "70e9b2bf-716e-4c0f-974c-2a41ce7030fe"
              ],
              "failures": [],
              "pending": [],
              "skipped": [],
              "duration": 1,
              "root": false,
              "rootEmpty": false,
              "_timeout": 2000
            },
            {
              "uuid": "cb3c44f4-2e68-4954-9d4c-af5bf3d31041",
              "title": "createAttendee()",
              "fullFile": "/home/runner/work/ical-generator/ical-generator/test/alarm.ts",
              "file": "/test/alarm.ts",
              "beforeHooks": [],
              "afterHooks": [],
              "tests": [
                {
                  "title": "if Attendee passed, it should add and return it",
                  "fullTitle": "ical-generator Alarm createAttendee() if Attendee passed, it should add and return it",
                  "timedOut": false,
                  "duration": 0,
                  "state": "passed",
                  "speed": "fast",
                  "pass": true,
                  "fail": false,
                  "pending": false,
                  "context": null,
                  "code": "const alarm=new import_event.default({start:new Date},new import_calendar.default).createAlarm({type:import_alarm.ICalAlarmType.email});const attendee=new import_attendee.default({email:\"mail@example.com\"},alarm);import_assert.default.strictEqual(alarm.createAttendee(attendee),attendee,\"createAttendee returns attendee\");import_assert.default.deepStrictEqual(alarm.attendees()[0],attendee,\"attendee pushed\")",
                  "err": {},
                  "uuid": "39713605-dc7b-4037-a71c-b6b9bf6fad61",
                  "parentUUID": "cb3c44f4-2e68-4954-9d4c-af5bf3d31041",
                  "isHook": false,
                  "skipped": false
                },
                {
                  "title": "should return a ICalAttendee instance",
                  "fullTitle": "ical-generator Alarm createAttendee() should return a ICalAttendee instance",
                  "timedOut": false,
                  "duration": 0,
                  "state": "passed",
                  "speed": "fast",
                  "pass": true,
                  "fail": false,
                  "pending": false,
                  "context": null,
                  "code": "const alarm=new import_event.default({start:new Date},new import_calendar.default).createAlarm({type:import_alarm.ICalAlarmType.email});import_assert.default.ok(alarm.createAttendee({email:\"mail@example.com\"})instanceof import_attendee.default);import_assert.default.strictEqual(alarm.attendees.length,1,\"attendee pushed\")",
                  "err": {},
                  "uuid": "de47fdf4-5975-4d60-b7df-47ed744094e5",
                  "parentUUID": "cb3c44f4-2e68-4954-9d4c-af5bf3d31041",
                  "isHook": false,
                  "skipped": false
                },
                {
                  "title": "should accept string",
                  "fullTitle": "ical-generator Alarm createAttendee() should accept string",
                  "timedOut": false,
                  "duration": 0,
                  "state": "passed",
                  "speed": "fast",
                  "pass": true,
                  "fail": false,
                  "pending": false,
                  "context": null,
                  "code": "const alarm=new import_event.default({start:new Date},new import_calendar.default).createAlarm({type:import_alarm.ICalAlarmType.email});const attendee=alarm.createAttendee(\"Zac <zac@example.com>\");import_assert.default.strictEqual(attendee.name(),\"Zac\");import_assert.default.strictEqual(attendee.email(),\"zac@example.com\");import_assert.default.strictEqual(alarm.attendees().length,1,\"attendee pushed\")",
                  "err": {},
                  "uuid": "8e044dba-cfb8-401f-8d34-1c6fc07e6c77",
                  "parentUUID": "cb3c44f4-2e68-4954-9d4c-af5bf3d31041",
                  "isHook": false,
                  "skipped": false
                },
                {
                  "title": "should throw error when string misformated",
                  "fullTitle": "ical-generator Alarm createAttendee() should throw error when string misformated",
                  "timedOut": false,
                  "duration": 0,
                  "state": "passed",
                  "speed": "fast",
                  "pass": true,
                  "fail": false,
                  "pending": false,
                  "context": null,
                  "code": "const alarm=new import_event.default({start:new Date},new import_calendar.default).createAlarm({type:import_alarm.ICalAlarmType.email});import_assert.default.throws(function(){alarm.createAttendee(\"foo bar\")},/isn't formated correctly/)",
                  "err": {},
                  "uuid": "6573886b-21e3-4179-8442-972d12bfca57",
                  "parentUUID": "cb3c44f4-2e68-4954-9d4c-af5bf3d31041",
                  "isHook": false,
                  "skipped": false
                },
                {
                  "title": "should accept object",
                  "fullTitle": "ical-generator Alarm createAttendee() should accept object",
                  "timedOut": false,
                  "duration": 0,
                  "state": "passed",
                  "speed": "fast",
                  "pass": true,
                  "fail": false,
                  "pending": false,
                  "context": null,
                  "code": "const alarm=new import_event.default({start:new Date},new import_calendar.default).createAlarm({type:import_alarm.ICalAlarmType.email});const attendee=alarm.createAttendee({email:\"zac@example.com\",name:\"Zac\"});import_assert.default.strictEqual(attendee.name(),\"Zac\");import_assert.default.strictEqual(attendee.email(),\"zac@example.com\");import_assert.default.strictEqual(alarm.attendees().length,1,\"attendee pushed\");import_assert.default.ok(alarm.toString().includes('ATTENDEE;ROLE=REQ-PARTICIPANT;CN=\"Zac\":MAILTO:zac@example.com'))",
                  "err": {},
                  "uuid": "1a61cb48-183c-4764-91cd-a7364d7adc41",
                  "parentUUID": "cb3c44f4-2e68-4954-9d4c-af5bf3d31041",
                  "isHook": false,
                  "skipped": false
                }
              ],
              "suites": [],
              "passes": [
                "39713605-dc7b-4037-a71c-b6b9bf6fad61",
                "de47fdf4-5975-4d60-b7df-47ed744094e5",
                "8e044dba-cfb8-401f-8d34-1c6fc07e6c77",
                "6573886b-21e3-4179-8442-972d12bfca57",
                "1a61cb48-183c-4764-91cd-a7364d7adc41"
              ],
              "failures": [],
              "pending": [],
              "skipped": [],
              "duration": 0,
              "root": false,
              "rootEmpty": false,
              "_timeout": 2000
            },
            {
              "uuid": "69b1c001-390b-4113-8e62-ce2a416feb23",
              "title": "attendees()",
              "fullFile": "/home/runner/work/ical-generator/ical-generator/test/alarm.ts",
              "file": "/test/alarm.ts",
              "beforeHooks": [],
              "afterHooks": [],
              "tests": [
                {
                  "title": "getter should return an array of attendees…",
                  "fullTitle": "ical-generator Alarm attendees() getter should return an array of attendees…",
                  "timedOut": false,
                  "duration": 0,
                  "state": "passed",
                  "speed": "fast",
                  "pass": true,
                  "fail": false,
                  "pending": false,
                  "context": null,
                  "code": "const alarm=new import_event.default({start:new Date},new import_calendar.default).createAlarm({type:import_alarm.ICalAlarmType.email});import_assert.default.strictEqual(alarm.attendees().length,0);const attendee=alarm.createAttendee({email:\"mail@example.com\"});import_assert.default.strictEqual(alarm.attendees().length,1);import_assert.default.deepStrictEqual(alarm.attendees()[0],attendee)",
                  "err": {},
                  "uuid": "b08bea8b-a0f7-4469-aed9-b9862c95069f",
                  "parentUUID": "69b1c001-390b-4113-8e62-ce2a416feb23",
                  "isHook": false,
                  "skipped": false
                },
                {
                  "title": "setter should add attendees and return this",
                  "fullTitle": "ical-generator Alarm attendees() setter should add attendees and return this",
                  "timedOut": false,
                  "duration": 0,
                  "state": "passed",
                  "speed": "fast",
                  "pass": true,
                  "fail": false,
                  "pending": false,
                  "context": null,
                  "code": "const alarm=new import_event.default({start:new Date},new import_calendar.default).createAlarm({type:import_alarm.ICalAlarmType.email});const foo=alarm.attendees([{email:\"a@example.com\",name:\"Person A\"},{email:\"b@example.com\",name:\"Person B\"}]);import_assert.default.strictEqual(alarm.attendees().length,2);import_assert.default.deepStrictEqual(foo,alarm)",
                  "err": {},
                  "uuid": "8e3433e3-dfc7-44b7-abb2-bc7a66d5d4f9",
                  "parentUUID": "69b1c001-390b-4113-8e62-ce2a416feb23",
                  "isHook": false,
                  "skipped": false
                }
              ],
              "suites": [],
              "passes": [
                "b08bea8b-a0f7-4469-aed9-b9862c95069f",
                "8e3433e3-dfc7-44b7-abb2-bc7a66d5d4f9"
              ],
              "failures": [],
              "pending": [],
              "skipped": [],
              "duration": 0,
              "root": false,
              "rootEmpty": false,
              "_timeout": 2000
            },
            {
              "uuid": "ba8f937b-42e6-49bb-af32-378951719d5c",
              "title": "x()",
              "fullFile": "/home/runner/work/ical-generator/ical-generator/test/alarm.ts",
              "file": "/test/alarm.ts",
              "beforeHooks": [],
              "afterHooks": [],
              "tests": [
                {
                  "title": "is there",
                  "fullTitle": "ical-generator Alarm x() is there",
                  "timedOut": false,
                  "duration": 0,
                  "state": "passed",
                  "speed": "fast",
                  "pass": true,
                  "fail": false,
                  "pending": false,
                  "context": null,
                  "code": "const a=new import_alarm.default({},new import_event.default({start:new Date},new import_calendar.default));import_assert.default.deepStrictEqual(a,a.x(\"X-FOO\",\"bar\"))",
                  "err": {},
                  "uuid": "acfd3ffc-a0fc-4636-bc23-c3d234142c87",
                  "parentUUID": "ba8f937b-42e6-49bb-af32-378951719d5c",
                  "isHook": false,
                  "skipped": false
                }
              ],
              "suites": [],
              "passes": [
                "acfd3ffc-a0fc-4636-bc23-c3d234142c87"
              ],
              "failures": [],
              "pending": [],
              "skipped": [],
              "duration": 0,
              "root": false,
              "rootEmpty": false,
              "_timeout": 2000
            },
            {
              "uuid": "fcb804d6-e839-4b64-8d11-63e1a705d007",
              "title": "toJSON()",
              "fullFile": "/home/runner/work/ical-generator/ical-generator/test/alarm.ts",
              "file": "/test/alarm.ts",
              "beforeHooks": [],
              "afterHooks": [],
              "tests": [
                {
                  "title": "should work",
                  "fullTitle": "ical-generator Alarm toJSON() should work",
                  "timedOut": false,
                  "duration": 0,
                  "state": "passed",
                  "speed": "fast",
                  "pass": true,
                  "fail": false,
                  "pending": false,
                  "context": null,
                  "code": "const a=new import_alarm.default({},new import_event.default({start:new Date},new import_calendar.default));a.type(import_alarm.ICalAlarmType.display);a.trigger(120);import_assert.default.deepStrictEqual(a.toJSON(),{attach:null,attendees:[],description:null,interval:null,relatesTo:null,repeat:null,summary:null,trigger:120,type:\"display\",x:[]})",
                  "err": {},
                  "uuid": "9cd4190d-6cb8-4ae2-a750-a9abafda8e94",
                  "parentUUID": "fcb804d6-e839-4b64-8d11-63e1a705d007",
                  "isHook": false,
                  "skipped": false
                },
                {
                  "title": "should be compatible with constructor (type check)",
                  "fullTitle": "ical-generator Alarm toJSON() should be compatible with constructor (type check)",
                  "timedOut": false,
                  "duration": 0,
                  "state": "passed",
                  "speed": "fast",
                  "pass": true,
                  "fail": false,
                  "pending": false,
                  "context": null,
                  "code": "const a=new import_alarm.default({},new import_event.default({start:new Date},new import_calendar.default));new import_alarm.default(a.toJSON(),new import_event.default({start:new Date},new import_calendar.default))",
                  "err": {},
                  "uuid": "477c5879-9dad-4f46-bb7b-43a3f8e39e13",
                  "parentUUID": "fcb804d6-e839-4b64-8d11-63e1a705d007",
                  "isHook": false,
                  "skipped": false
                }
              ],
              "suites": [],
              "passes": [
                "9cd4190d-6cb8-4ae2-a750-a9abafda8e94",
                "477c5879-9dad-4f46-bb7b-43a3f8e39e13"
              ],
              "failures": [],
              "pending": [],
              "skipped": [],
              "duration": 0,
              "root": false,
              "rootEmpty": false,
              "_timeout": 2000
            }
          ],
          "passes": [],
          "failures": [],
          "pending": [],
          "skipped": [],
          "duration": 0,
          "root": false,
          "rootEmpty": false,
          "_timeout": 2000
        },
        {
          "uuid": "0e56b97c-d0a6-414a-8542-d5a001d40a6f",
          "title": "ical-generator Attendee",
          "fullFile": "/home/runner/work/ical-generator/ical-generator/test/attendee.ts",
          "file": "/test/attendee.ts",
          "beforeHooks": [],
          "afterHooks": [],
          "tests": [],
          "suites": [
            {
              "uuid": "91cf115b-2734-400d-a3de-4257e7a3e3ab",
              "title": "constructor()",
              "fullFile": "/home/runner/work/ical-generator/ical-generator/test/attendee.ts",
              "file": "/test/attendee.ts",
              "beforeHooks": [],
              "afterHooks": [],
              "tests": [
                {
                  "title": "shoud set data from constructor",
                  "fullTitle": "ical-generator Attendee constructor() shoud set data from constructor",
                  "timedOut": false,
                  "duration": 0,
                  "state": "passed",
                  "speed": "fast",
                  "pass": true,
                  "fail": false,
                  "pending": false,
                  "context": null,
                  "code": "const data={delegatedFrom:null,delegatedTo:null,email:\"john@example.org\",mailto:\"john+calendar@example.org\",name:\"John Doe\",role:import_attendee.ICalAttendeeRole.REQ,rsvp:false,scheduleAgent:import_attendee.ICalAttendeeScheduleAgent.CLIENT,sentBy:null,status:import_attendee.ICalAttendeeStatus.ACCEPTED,type:import_attendee.ICalAttendeeType.INDIVIDUAL,x:[]};const event=new import_attendee.default(data,new import_event.default({start:new Date},new import_calendar.default));import_assert.default.deepStrictEqual(event.toJSON(),data)",
                  "err": {},
                  "uuid": "a45a2fe3-59bf-4e0c-b849-6b9825a43565",
                  "parentUUID": "91cf115b-2734-400d-a3de-4257e7a3e3ab",
                  "isHook": false,
                  "skipped": false
                },
                {
                  "title": "shouldn't work without event reference",
                  "fullTitle": "ical-generator Attendee constructor() shouldn't work without event reference",
                  "timedOut": false,
                  "duration": 0,
                  "state": "passed",
                  "speed": "fast",
                  "pass": true,
                  "fail": false,
                  "pending": false,
                  "context": null,
                  "code": "import_assert.default.throws(function(){new import_attendee.default({email:\"foo@bar.com\"})},/`event`/)",
                  "err": {},
                  "uuid": "319d1ab8-c24c-4900-89a5-9764031d470f",
                  "parentUUID": "91cf115b-2734-400d-a3de-4257e7a3e3ab",
                  "isHook": false,
                  "skipped": false
                },
                {
                  "title": "should throw an error without email",
                  "fullTitle": "ical-generator Attendee constructor() should throw an error without email",
                  "timedOut": false,
                  "duration": 0,
                  "state": "passed",
                  "speed": "fast",
                  "pass": true,
                  "fail": false,
                  "pending": false,
                  "context": null,
                  "code": "import_assert.default.throws(function(){new import_attendee.default({name:\"Testuser\"},new import_event.default({start:new Date},new import_calendar.default))},/`email`/)",
                  "err": {},
                  "uuid": "04443eb5-0bf6-40da-9420-030758216b4d",
                  "parentUUID": "91cf115b-2734-400d-a3de-4257e7a3e3ab",
                  "isHook": false,
                  "skipped": false
                }
              ],
              "suites": [],
              "passes": [
                "a45a2fe3-59bf-4e0c-b849-6b9825a43565",
                "319d1ab8-c24c-4900-89a5-9764031d470f",
                "04443eb5-0bf6-40da-9420-030758216b4d"
              ],
              "failures": [],
              "pending": [],
              "skipped": [],
              "duration": 0,
              "root": false,
              "rootEmpty": false,
              "_timeout": 2000
            },
            {
              "uuid": "0d648f8d-03de-40dd-a6e7-e77dce067e98",
              "title": "name()",
              "fullFile": "/home/runner/work/ical-generator/ical-generator/test/attendee.ts",
              "file": "/test/attendee.ts",
              "beforeHooks": [],
              "afterHooks": [],
              "tests": [
                {
                  "title": "getter should return value",
                  "fullTitle": "ical-generator Attendee name() getter should return value",
                  "timedOut": false,
                  "duration": 0,
                  "state": "passed",
                  "speed": "fast",
                  "pass": true,
                  "fail": false,
                  "pending": false,
                  "context": null,
                  "code": "const a=new import_attendee.default({email:\"foo@example.com\"},new import_event.default({start:new Date},new import_calendar.default));import_assert.default.strictEqual(a.name(),null);a.name(\"Sebastian\");import_assert.default.strictEqual(a.name(),\"Sebastian\")",
                  "err": {},
                  "uuid": "ed664171-5e24-4c09-b3ba-8f78c4ae2d30",
[...]
                  "title": "Luxon",
                  "fullFile": "/home/runner/work/ical-generator/ical-generator/test/tools.ts",
                  "file": "/test/tools.ts",
                  "beforeHooks": [],
                  "afterHooks": [],
                  "tests": [
                    {
                      "title": "should work with valid Luxon",
                      "fullTitle": "ICalTools checkDate() Luxon should work with valid Luxon",
                      "timedOut": false,
                      "duration": 0,
                      "state": "passed",
                      "speed": "fast",
                      "pass": true,
                      "fail": false,
                      "pending": false,
                      "context": null,
                      "code": "const date=import_luxon.DateTime.now();import_assert.default.equal((0,import_tools.checkDate)(date,\"foo\"),date)",
                      "err": {},
                      "uuid": "482b2d62-ded5-45a6-b019-5d6779121d72",
                      "parentUUID": "ebf566ca-7676-4983-982d-83753aa6ad8b",
                      "isHook": false,
                      "skipped": false
                    },
                    {
                      "title": "should throw error for invalid Luxon",
                      "fullTitle": "ICalTools checkDate() Luxon should throw error for invalid Luxon",
                      "timedOut": false,
                      "duration": 0,
                      "state": "passed",
                      "speed": "fast",
                      "pass": true,
                      "fail": false,
                      "pending": false,
                      "context": null,
                      "code": "const date=import_luxon.DateTime.fromISO(\"foo\");import_assert.default.throws(()=>{(0,import_tools.checkDate)(date,\"foo\")},/`foo` has to be a valid date!/)",
                      "err": {},
                      "uuid": "6d8d99fd-aee2-499b-be12-25ebaf9002de",
                      "parentUUID": "ebf566ca-7676-4983-982d-83753aa6ad8b",
                      "isHook": false,
                      "skipped": false
                    }
                  ],
                  "suites": [],
                  "passes": [
                    "482b2d62-ded5-45a6-b019-5d6779121d72",
                    "6d8d99fd-aee2-499b-be12-25ebaf9002de"
                  ],
                  "failures": [],
                  "pending": [],
                  "skipped": [],
                  "duration": 0,
                  "root": false,
                  "rootEmpty": false,
                  "_timeout": 2000
                },
                {
                  "uuid": "59e9d5ed-f455-4b3f-b56f-d1e4671f0eeb",
                  "title": "Moment",
                  "fullFile": "/home/runner/work/ical-generator/ical-generator/test/tools.ts",
                  "file": "/test/tools.ts",
                  "beforeHooks": [],
                  "afterHooks": [],
                  "tests": [
                    {
                      "title": "should work with valid Moment",
                      "fullTitle": "ICalTools checkDate() Moment should work with valid Moment",
                      "timedOut": false,
                      "duration": 0,
                      "state": "passed",
                      "speed": "fast",
                      "pass": true,
                      "fail": false,
                      "pending": false,
                      "context": null,
                      "code": "const date=(0,import_moment.default)();import_assert.default.equal((0,import_tools.checkDate)(date,\"foo\"),date)",
                      "err": {},
                      "uuid": "e32e3c16-8c20-4aae-b69c-b0c59817d5be",
                      "parentUUID": "59e9d5ed-f455-4b3f-b56f-d1e4671f0eeb",
                      "isHook": false,
                      "skipped": false
                    },
                    {
                      "title": "should throw error for invalid Moment",
                      "fullTitle": "ICalTools checkDate() Moment should throw error for invalid Moment",
                      "timedOut": false,
                      "duration": 0,
                      "state": "passed",
                      "speed": "fast",
                      "pass": true,
                      "fail": false,
                      "pending": false,
                      "context": null,
                      "code": "const date=(0,import_moment.default)(\"foo\",\"MM/DD/YYYY\",true);import_assert.default.throws(()=>{(0,import_tools.checkDate)(date,\"foo\")},/`foo` has to be a valid date!/)",
                      "err": {},
                      "uuid": "eed8ab26-064d-4527-901b-98b5145b70b7",
                      "parentUUID": "59e9d5ed-f455-4b3f-b56f-d1e4671f0eeb",
                      "isHook": false,
                      "skipped": false
                    }
                  ],
                  "suites": [],
                  "passes": [
                    "e32e3c16-8c20-4aae-b69c-b0c59817d5be",
                    "eed8ab26-064d-4527-901b-98b5145b70b7"
                  ],
                  "failures": [],
                  "pending": [],
                  "skipped": [],
                  "duration": 0,
                  "root": false,
                  "rootEmpty": false,
                  "_timeout": 2000
                },
                {
                  "uuid": "2871cdef-e486-4cb8-84fd-c99120eafab6",
                  "title": "Day.js",
                  "fullFile": "/home/runner/work/ical-generator/ical-generator/test/tools.ts",
                  "file": "/test/tools.ts",
                  "beforeHooks": [],
                  "afterHooks": [],
                  "tests": [
                    {
                      "title": "should work with valid Day.js",
                      "fullTitle": "ICalTools checkDate() Day.js should work with valid Day.js",
                      "timedOut": false,
                      "duration": 0,
                      "state": "passed",
                      "speed": "fast",
                      "pass": true,
                      "fail": false,
                      "pending": false,
                      "context": null,
                      "code": "const date=(0,import_dayjs.default)();import_assert.default.equal((0,import_tools.checkDate)(date,\"foo\"),date)",
                      "err": {},
                      "uuid": "47d2b5d3-68ba-47ba-839b-3e1219c5126d",
                      "parentUUID": "2871cdef-e486-4cb8-84fd-c99120eafab6",
                      "isHook": false,
                      "skipped": false
                    },
                    {
                      "title": "should throw error for invalid Day.js",
                      "fullTitle": "ICalTools checkDate() Day.js should throw error for invalid Day.js",
                      "timedOut": false,
                      "duration": 1,
                      "state": "passed",
                      "speed": "fast",
                      "pass": true,
                      "fail": false,
                      "pending": false,
                      "context": null,
                      "code": "const date=(0,import_dayjs.default)(\"foo\");import_assert.default.throws(()=>{(0,import_tools.checkDate)(date,\"foo\")},/`foo` has to be a valid date!/)",
                      "err": {},
                      "uuid": "c9097957-b8bf-4033-8cd1-f9c7a15f1f68",
                      "parentUUID": "2871cdef-e486-4cb8-84fd-c99120eafab6",
                      "isHook": false,
                      "skipped": false
                    }
                  ],
                  "suites": [],
                  "passes": [
                    "47d2b5d3-68ba-47ba-839b-3e1219c5126d",
                    "c9097957-b8bf-4033-8cd1-f9c7a15f1f68"
                  ],
                  "failures": [],
                  "pending": [],
                  "skipped": [],
                  "duration": 1,
                  "root": false,
                  "rootEmpty": false,
                  "_timeout": 2000
                }
              ],
              "passes": [],
              "failures": [],
              "pending": [],
              "skipped": [],
              "duration": 0,
              "root": false,
              "rootEmpty": false,
              "_timeout": 2000
            },
            {
              "uuid": "df4212e8-5ae6-4815-8d53-405414b5da63",
              "title": "toDate()",
              "fullFile": "/home/runner/work/ical-generator/ical-generator/test/tools.ts",
              "file": "/test/tools.ts",
              "beforeHooks": [],
              "afterHooks": [],
              "tests": [
                {
                  "title": "should work with strings",
                  "fullTitle": "ICalTools toDate() should work with strings",
                  "timedOut": false,
                  "duration": 0,
                  "state": "passed",
                  "speed": "fast",
                  "pass": true,
                  "fail": false,
                  "pending": false,
                  "context": null,
                  "code": "const date=new Date;import_assert.default.deepStrictEqual((0,import_tools.toDate)(date.toJSON()),date)",
                  "err": {},
                  "uuid": "c01c60b8-0449-4c67-9603-3331569b0c5a",
                  "parentUUID": "df4212e8-5ae6-4815-8d53-405414b5da63",
                  "isHook": false,
                  "skipped": false
                },
                {
                  "title": "should work with native Date",
                  "fullTitle": "ICalTools toDate() should work with native Date",
                  "timedOut": false,
                  "duration": 0,
                  "state": "passed",
                  "speed": "fast",
                  "pass": true,
                  "fail": false,
                  "pending": false,
                  "context": null,
                  "code": "const date=new Date;import_assert.default.deepStrictEqual((0,import_tools.toDate)(date),date)",
                  "err": {},
                  "uuid": "c64c1eea-3b09-496d-a118-5b1cc2243cc8",
                  "parentUUID": "df4212e8-5ae6-4815-8d53-405414b5da63",
                  "isHook": false,
                  "skipped": false
                },
                {
                  "title": "should work with moment object",
                  "fullTitle": "ICalTools toDate() should work with moment object",
                  "timedOut": false,
                  "duration": 0,
                  "state": "passed",
                  "speed": "fast",
                  "pass": true,
                  "fail": false,
                  "pending": false,
                  "context": null,
                  "code": "const date=new Date;import_assert.default.deepStrictEqual((0,import_tools.toDate)((0,import_moment.default)(date)),date)",
                  "err": {},
                  "uuid": "90027e6d-88f1-4b87-adb7-11daaf77edfe",
                  "parentUUID": "df4212e8-5ae6-4815-8d53-405414b5da63",
                  "isHook": false,
                  "skipped": false
                },
                {
                  "title": "should work with moment-timezone object",
                  "fullTitle": "ICalTools toDate() should work with moment-timezone object",
                  "timedOut": false,
                  "duration": 0,
                  "state": "passed",
                  "speed": "fast",
                  "pass": true,
                  "fail": false,
                  "pending": false,
                  "context": null,
                  "code": "const date=new Date;import_assert.default.deepStrictEqual((0,import_tools.toDate)((0,import_moment_timezone.default)(date)),date)",
                  "err": {},
                  "uuid": "dd2fdea3-6ad8-4f74-99f1-b53c7cd10a90",
                  "parentUUID": "df4212e8-5ae6-4815-8d53-405414b5da63",
                  "isHook": false,
                  "skipped": false
                },
                {
                  "title": "should work with Day.js object",
                  "fullTitle": "ICalTools toDate() should work with Day.js object",
                  "timedOut": false,
                  "duration": 0,
                  "state": "passed",
                  "speed": "fast",
                  "pass": true,
                  "fail": false,
                  "pending": false,
                  "context": null,
                  "code": "const date=new Date;import_assert.default.deepStrictEqual((0,import_tools.toDate)((0,import_dayjs.default)(date)),date)",
                  "err": {},
                  "uuid": "7e86b7d4-d6af-4a3c-ac88-b7eea8c0000b",
                  "parentUUID": "df4212e8-5ae6-4815-8d53-405414b5da63",
                  "isHook": false,
                  "skipped": false
                },
                {
                  "title": "should work with luxon DateTime object",
                  "fullTitle": "ICalTools toDate() should work with luxon DateTime object",
                  "timedOut": false,
                  "duration": 0,
                  "state": "passed",
                  "speed": "fast",
                  "pass": true,
                  "fail": false,
                  "pending": false,
                  "context": null,
                  "code": "const date=new Date;import_assert.default.deepStrictEqual((0,import_tools.toDate)(import_luxon.DateTime.fromJSDate(date)),date)",
                  "err": {},
                  "uuid": "4473f2d4-7bfc-450b-8c67-74df7925b7b8",
                  "parentUUID": "df4212e8-5ae6-4815-8d53-405414b5da63",
                  "isHook": false,
                  "skipped": false
                }
              ],
              "suites": [],
              "passes": [
                "c01c60b8-0449-4c67-9603-3331569b0c5a",
                "c64c1eea-3b09-496d-a118-5b1cc2243cc8",
                "90027e6d-88f1-4b87-adb7-11daaf77edfe",
                "dd2fdea3-6ad8-4f74-99f1-b53c7cd10a90",
                "7e86b7d4-d6af-4a3c-ac88-b7eea8c0000b",
                "4473f2d4-7bfc-450b-8c67-74df7925b7b8"
              ],
              "failures": [],
              "pending": [],
              "skipped": [],
              "duration": 0,
              "root": false,
              "rootEmpty": false,
              "_timeout": 2000
            },
            {
              "uuid": "73b188bd-e0a8-4856-b5ea-12e85159462f",
              "title": "toDurationString()",
              "fullFile": "/home/runner/work/ical-generator/ical-generator/test/tools.ts",
              "file": "/test/tools.ts",
              "beforeHooks": [],
              "afterHooks": [],
              "tests": [
                {
                  "title": "should work",
                  "fullTitle": "ICalTools toDurationString() should work",
                  "timedOut": false,
                  "duration": 0,
                  "state": "passed",
                  "speed": "fast",
                  "pass": true,
                  "fail": false,
                  "pending": false,
                  "context": null,
                  "code": "import_assert.default.strictEqual((0,import_tools.toDurationString)(0),\"PT0S\");import_assert.default.strictEqual((0,import_tools.toDurationString)(1),\"PT1S\");import_assert.default.strictEqual((0,import_tools.toDurationString)(60),\"PT1M\");import_assert.default.strictEqual((0,import_tools.toDurationString)(3600),\"PT1H\");import_assert.default.strictEqual((0,import_tools.toDurationString)(86400),\"P1D\");import_assert.default.strictEqual((0,import_tools.toDurationString)(-3600),\"-PT1H\")",
                  "err": {},
                  "uuid": "8f7b4946-19ec-424f-8326-60bdbffd2a58",
                  "parentUUID": "73b188bd-e0a8-4856-b5ea-12e85159462f",
                  "isHook": false,
                  "skipped": false
                }
              ],
              "suites": [],
              "passes": [
                "8f7b4946-19ec-424f-8326-60bdbffd2a58"
              ],
              "failures": [],
              "pending": [],
              "skipped": [],
              "duration": 0,
              "root": false,
              "rootEmpty": false,
              "_timeout": 2000
            }
          ],
          "passes": [],
          "failures": [],
          "pending": [],
          "skipped": [],
          "duration": 0,
          "root": false,
          "rootEmpty": false,
          "_timeout": 2000
        },
        {
          "uuid": "16d9bac4-17c2-422c-8aae-c4255dedef7b",
          "title": "ical-generator Types",
          "fullFile": "/home/runner/work/ical-generator/ical-generator/test/types.ts",
          "file": "/test/types.ts",
          "beforeHooks": [],
          "afterHooks": [],
          "tests": [
            {
              "title": "stubs should be compatible with third party libraries",
              "fullTitle": "ical-generator Types stubs should be compatible with third party libraries",
              "timedOut": false,
              "duration": 0,
              "state": "passed",
              "speed": "fast",
              "pass": true,
              "fail": false,
              "pending": false,
              "context": null,
              "code": "assert.ok(dayJsTest,\"day.js stub should be compatible\");assert.ok(luxonTest,\"luxon stub should be compatible\");assert.ok(momentTest,\"moment stub should be compatible\");assert.ok(momentTimezoneTest,\"moment-timezone stub should be compatible\");assert.ok(rruleTest,\"rrule stub should be compatible\");assert.ok(dateFnsTzTest,\"date-fns/tz stub should be compatible\")",
              "err": {},
              "uuid": "bc93490e-e184-4949-a901-d0a070d71377",
              "parentUUID": "16d9bac4-17c2-422c-8aae-c4255dedef7b",
              "isHook": false,
              "skipped": false
            },
            {
              "title": "calendar data should be compatible with calendar json data",
              "fullTitle": "ical-generator Types calendar data should be compatible with calendar json data",
              "timedOut": false,
              "duration": 0,
              "state": "passed",
              "speed": "fast",
              "pass": true,
              "fail": false,
              "pending": false,
              "context": null,
              "code": "assert.ok(attendeeJson,\"attendee json data should be compatible\");assert.ok(calendarJson,\"calendar json data should be compatible\");assert.ok(categoryJson,\"category json data should be compatible\");assert.ok(eventJson,\"event json data should be compatible\")",
              "err": {},
              "uuid": "9923c6a6-84d3-441b-b7f7-a6fee159143f",
              "parentUUID": "16d9bac4-17c2-422c-8aae-c4255dedef7b",
              "isHook": false,
              "skipped": false
            }
          ],
          "suites": [],
          "passes": [
            "bc93490e-e184-4949-a901-d0a070d71377",
            "9923c6a6-84d3-441b-b7f7-a6fee159143f"
          ],
          "failures": [],
          "pending": [],
          "skipped": [],
          "duration": 0,
          "root": false,
          "rootEmpty": false,
          "_timeout": 2000
        }
      ],
      "passes": [],
      "failures": [],
      "pending": [],
      "skipped": [],
      "duration": 0,
      "root": true,
      "rootEmpty": true,
      "_timeout": 2000
    }
  ],
  "meta": {
    "mocha": {
      "version": "11.7.1"
    },
    "mochawesome": {
      "options": {
        "quiet": false,
        "reportFilename": "mochawesome",
        "saveHtml": true,
        "saveJson": true,
        "consoleReporter": "spec",
        "useInlineDiffs": false,
        "code": true
      },
      "version": "7.1.3"
    },
    "marge": {
      "options": null,
      "version": "6.2.0"
    }
  }
}