{
  "stats": {
    "suites": 104,
    "tests": 367,
    "passes": 367,
    "pending": 0,
    "failures": 0,
    "start": "2021-03-23T21:57:37.935Z",
    "end": "2021-03-23T21:57:38.225Z",
    "duration": 290,
    "testsRegistered": 367,
    "passPercent": 100,
    "pendingPercent": 0,
    "other": 0,
    "hasOther": false,
    "skipped": 0,
    "hasSkipped": false
  },
  "results": [
    {
      "uuid": "a3a69164-f6df-4937-ac12-0925338c7f31",
      "title": "",
      "fullFile": "",
      "file": "",
      "beforeHooks": [],
      "afterHooks": [],
      "tests": [],
      "suites": [
        {
          "uuid": "bb5ec6fe-1017-4b15-95fa-1da3562e0352",
          "title": "ical-generator Alarm",
          "fullFile": "/home/runner/work/ical-generator/ical-generator/test/alarm.ts",
          "file": "/test/alarm.ts",
          "beforeHooks": [],
          "afterHooks": [],
          "tests": [],
          "suites": [
            {
              "uuid": "b08eb22b-820a-49e4-b935-f599096191ff",
              "title": "constructor()",
              "fullFile": "/home/runner/work/ical-generator/ical-generator/test/alarm.ts",
              "file": "/test/alarm.ts",
              "beforeHooks": [],
              "afterHooks": [],
              "tests": [
                {
                  "title": "shouldn't work without event reference",
                  "fullTitle": "ical-generator Alarm constructor() shouldn't work without event reference",
                  "timedOut": false,
                  "duration": 0,
                  "state": "passed",
                  "speed": "fast",
                  "pass": true,
                  "fail": false,
                  "pending": false,
                  "context": null,
                  "code": "assert_1.default.throws(function () {\n    // @ts-ignore\n    new alarm_1.default({ type: alarm_1.ICalAlarmType.display }, null);\n}, /`event`/);",
                  "err": {},
                  "uuid": "1cd7bae7-d48d-459a-b8e5-40eb5ad70477",
                  "parentUUID": "b08eb22b-820a-49e4-b935-f599096191ff",
                  "isHook": false,
                  "skipped": false
                },
                {
                  "title": "should ignore unknown data attributes",
                  "fullTitle": "ical-generator Alarm constructor() should ignore unknown data attributes",
                  "timedOut": false,
                  "duration": 1,
                  "state": "passed",
                  "speed": "fast",
                  "pass": true,
                  "fail": false,
                  "pending": false,
                  "context": null,
                  "code": "const a = new alarm_1.default({\n    // @ts-ignore\n    unknown: true,\n    type: alarm_1.ICalAlarmType.display\n}, new event_1.default({}, new calendar_1.default()));\nassert_1.default.strictEqual(a.type(), 'display');",
                  "err": {},
                  "uuid": "0ef2477a-1f5d-416d-b0a8-804868244ed9",
                  "parentUUID": "b08eb22b-820a-49e4-b935-f599096191ff",
                  "isHook": false,
                  "skipped": false
                }
              ],
              "suites": [],
              "passes": [
                "1cd7bae7-d48d-459a-b8e5-40eb5ad70477",
                "0ef2477a-1f5d-416d-b0a8-804868244ed9"
              ],
              "failures": [],
              "pending": [],
              "skipped": [],
              "duration": 1,
              "root": false,
              "rootEmpty": false,
              "_timeout": 2000
            },
            {
              "uuid": "1bfc5016-46b4-44d4-8bcc-cce2db9ac323",
              "title": "type()",
              "fullFile": "/home/runner/work/ical-generator/ical-generator/test/alarm.ts",
              "file": "/test/alarm.ts",
              "beforeHooks": [],
              "afterHooks": [],
              "tests": [
                {
                  "title": "setter should return this",
                  "fullTitle": "ical-generator Alarm type() setter should return this",
                  "timedOut": false,
                  "duration": 1,
                  "state": "passed",
                  "speed": "fast",
                  "pass": true,
                  "fail": false,
                  "pending": false,
                  "context": null,
                  "code": "const a = new alarm_1.default({}, new event_1.default({}, new calendar_1.default()));\nassert_1.default.deepStrictEqual(a, a.type(null));\nassert_1.default.deepStrictEqual(a, a.type(alarm_1.ICalAlarmType.display));",
                  "err": {},
                  "uuid": "df5678d7-c6d7-41d0-81e1-144d485b1f85",
                  "parentUUID": "1bfc5016-46b4-44d4-8bcc-cce2db9ac323",
                  "isHook": false,
                  "skipped": false
                },
                {
                  "title": "getter should return value",
                  "fullTitle": "ical-generator Alarm type() getter should return value",
                  "timedOut": false,
                  "duration": 0,
                  "state": "passed",
                  "speed": "fast",
                  "pass": true,
                  "fail": false,
                  "pending": false,
                  "context": null,
                  "code": "const a = new alarm_1.default({}, new event_1.default({}, new calendar_1.default()));\nassert_1.default.strictEqual(a.type(), null);\na.type(alarm_1.ICalAlarmType.display);\nassert_1.default.strictEqual(a.type(), 'display');\na.type(null);\nassert_1.default.strictEqual(a.type(), null);",
                  "err": {},
                  "uuid": "7077a6c4-4392-4a76-a707-eb134d889c46",
                  "parentUUID": "1bfc5016-46b4-44d4-8bcc-cce2db9ac323",
                  "isHook": false,
                  "skipped": false
                },
                {
                  "title": "should throw error when type not allowed",
                  "fullTitle": "ical-generator Alarm type() should throw error when type not allowed",
                  "timedOut": false,
                  "duration": 0,
                  "state": "passed",
                  "speed": "fast",
                  "pass": true,
                  "fail": false,
                  "pending": false,
                  "context": null,
                  "code": "const a = new alarm_1.default({}, new event_1.default({}, new calendar_1.default()));\nassert_1.default.throws(function () {\n    // @ts-ignore\n    a.type('BANANA');\n}, /`type`/);",
                  "err": {},
                  "uuid": "ff56519b-d892-40c7-bbe0-c21361b8a000",
                  "parentUUID": "1bfc5016-46b4-44d4-8bcc-cce2db9ac323",
                  "isHook": false,
                  "skipped": false
                },
                {
                  "title": "should change something",
                  "fullTitle": "ical-generator Alarm type() should change something",
                  "timedOut": false,
                  "duration": 0,
                  "state": "passed",
                  "speed": "fast",
                  "pass": true,
                  "fail": false,
                  "pending": false,
                  "context": null,
                  "code": "const a = new alarm_1.default({\n    type: alarm_1.ICalAlarmType.display,\n    trigger: 60 * 10\n}, new event_1.default({}, new calendar_1.default()));\nassert_1.default.ok(a.toString().indexOf('ACTION:DISPLAY') > -1);",
                  "err": {},
                  "uuid": "6974d12b-be58-4137-b67f-4d7aca998cf6",
                  "parentUUID": "1bfc5016-46b4-44d4-8bcc-cce2db9ac323",
                  "isHook": false,
                  "skipped": false
                }
              ],
              "suites": [],
              "passes": [
                "df5678d7-c6d7-41d0-81e1-144d485b1f85",
                "7077a6c4-4392-4a76-a707-eb134d889c46",
                "ff56519b-d892-40c7-bbe0-c21361b8a000",
                "6974d12b-be58-4137-b67f-4d7aca998cf6"
              ],
              "failures": [],
              "pending": [],
              "skipped": [],
              "duration": 1,
              "root": false,
              "rootEmpty": false,
              "_timeout": 2000
            },
            {
              "uuid": "e991416b-71ca-4501-82d2-5eefbd9963d5",
              "title": "trigger()",
              "fullFile": "/home/runner/work/ical-generator/ical-generator/test/alarm.ts",
              "file": "/test/alarm.ts",
              "beforeHooks": [],
              "afterHooks": [],
              "tests": [
                {
                  "title": "setter should return this",
                  "fullTitle": "ical-generator Alarm trigger() setter should return this",
                  "timedOut": false,
                  "duration": 0,
                  "state": "passed",
                  "speed": "fast",
                  "pass": true,
                  "fail": false,
                  "pending": false,
                  "context": null,
                  "code": "const a = new alarm_1.default({}, new event_1.default({}, new calendar_1.default()));\nassert_1.default.deepStrictEqual(a, a.trigger(null));\nassert_1.default.deepStrictEqual(a, a.trigger(60 * 10));",
                  "err": {},
                  "uuid": "a3179f22-2e2c-436e-af46-0a7bc45959d9",
                  "parentUUID": "e991416b-71ca-4501-82d2-5eefbd9963d5",
                  "isHook": false,
                  "skipped": false
                },
                {
                  "title": "getter should return value",
                  "fullTitle": "ical-generator Alarm trigger() getter should return value",
                  "timedOut": false,
                  "duration": 0,
                  "state": "passed",
                  "speed": "fast",
                  "pass": true,
                  "fail": false,
                  "pending": false,
                  "context": null,
                  "code": "const a = new alarm_1.default({}, new event_1.default({}, new calendar_1.default()));\nconst now = new Date();\nassert_1.default.strictEqual(a.trigger(), null);\nassert_1.default.strictEqual(a.triggerAfter(), null);\na.trigger(300);\nassert_1.default.strictEqual(a.trigger(), 300);\nassert_1.default.strictEqual(a.triggerAfter(), -300);\n// Date\na.trigger(now);\nconst dateResult = a.trigger();\nassert_1.default.deepStrictEqual(dateResult, now);\n// Null\na.trigger(null);\nassert_1.default.strictEqual(a.trigger(), null);\nassert_1.default.strictEqual(a.triggerAfter(), null);",
                  "err": {},
                  "uuid": "06219f75-3eb1-43f5-97cb-fd408378c100",
                  "parentUUID": "e991416b-71ca-4501-82d2-5eefbd9963d5",
                  "isHook": false,
                  "skipped": false
                },
                {
                  "title": "should throw error when trigger not allowed",
                  "fullTitle": "ical-generator Alarm trigger() should throw error when trigger not allowed",
                  "timedOut": false,
                  "duration": 1,
                  "state": "passed",
                  "speed": "fast",
                  "pass": true,
                  "fail": false,
                  "pending": false,
                  "context": null,
                  "code": "const a = new alarm_1.default({}, new event_1.default({}, new calendar_1.default()));\nassert_1.default.throws(function () {\n    a.trigger(Infinity);\n}, /`trigger`/);\nassert_1.default.throws(function () {\n    // @ts-ignore\n    a.trigger('hi');\n}, /`trigger`/);\nassert_1.default.throws(function () {\n    // @ts-ignore\n    a.trigger(true);\n}, /`trigger`/);",
                  "err": {},
                  "uuid": "abb96ee7-c4d4-4ca9-bbc0-e840de18505f",
                  "parentUUID": "e991416b-71ca-4501-82d2-5eefbd9963d5",
                  "isHook": false,
                  "skipped": false
                },
                {
                  "title": "setter should work with null",
                  "fullTitle": "ical-generator Alarm trigger() setter should work with null",
                  "timedOut": false,
                  "duration": 0,
                  "state": "passed",
                  "speed": "fast",
                  "pass": true,
                  "fail": false,
                  "pending": false,
                  "context": null,
                  "code": "const a = new alarm_1.default({}, new event_1.default({}, new calendar_1.default()));\na.trigger(60 * 10);\na.trigger(null);\nassert_1.default.strictEqual(a.trigger(), null);",
                  "err": {},
                  "uuid": "b9ae36d7-db04-4cef-a74a-16d714cdca29",
                  "parentUUID": "e991416b-71ca-4501-82d2-5eefbd9963d5",
                  "isHook": false,
                  "skipped": false
                },
                {
                  "title": "setter should work with date",
                  "fullTitle": "ical-generator Alarm trigger() setter should work with date",
                  "timedOut": false,
                  "duration": 0,
                  "state": "passed",
                  "speed": "fast",
                  "pass": true,
                  "fail": false,
                  "pending": false,
                  "context": null,
                  "code": "const a = new alarm_1.default({}, new event_1.default({}, new calendar_1.default()));\na.trigger(new Date());\nassert_1.default.ok(a.trigger() instanceof Date);",
                  "err": {},
                  "uuid": "cdc9303c-604e-4b3d-8b9f-d512307cd644",
                  "parentUUID": "e991416b-71ca-4501-82d2-5eefbd9963d5",
                  "isHook": false,
                  "skipped": false
                },
                {
                  "title": "setter should work with moment instance",
                  "fullTitle": "ical-generator Alarm trigger() setter should work with moment instance",
                  "timedOut": false,
                  "duration": 1,
                  "state": "passed",
                  "speed": "fast",
                  "pass": true,
                  "fail": false,
                  "pending": false,
                  "context": null,
                  "code": "const a = new alarm_1.default({}, new event_1.default({}, new calendar_1.default()));\na.trigger(moment_timezone_1.default());\nassert_1.default.ok(moment_timezone_1.default.isMoment(a.trigger()));",
                  "err": {},
                  "uuid": "a282d382-8d08-4498-9b8b-5a919ab2b762",
                  "parentUUID": "e991416b-71ca-4501-82d2-5eefbd9963d5",
                  "isHook": false,
                  "skipped": false
                },
                {
                  "title": "setter should work with number",
                  "fullTitle": "ical-generator Alarm trigger() setter should work with number",
                  "timedOut": false,
                  "duration": 0,
                  "state": "passed",
                  "speed": "fast",
                  "pass": true,
                  "fail": false,
                  "pending": false,
                  "context": null,
                  "code": "const a = new alarm_1.default({}, new event_1.default({}, new calendar_1.default()));\na.trigger(2 * 60);\nassert_1.default.strictEqual(a.trigger(), 120);",
                  "err": {},
                  "uuid": "1312defa-21ca-4079-ae3f-6e80596df2b9",
                  "parentUUID": "e991416b-71ca-4501-82d2-5eefbd9963d5",
                  "isHook": false,
                  "skipped": false
                },
                {
                  "title": "should change something",
                  "fullTitle": "ical-generator Alarm trigger() should change something",
                  "timedOut": false,
                  "duration": 3,
                  "state": "passed",
                  "speed": "fast",
                  "pass": true,
                  "fail": false,
                  "pending": false,
                  "context": null,
                  "code": "const trigger = moment_timezone_1.default('2015-02-01T13:38:45.000Z');\nconst a = new alarm_1.default({ type: alarm_1.ICalAlarmType.display, trigger: 60 * 10 }, new event_1.default({}, new calendar_1.default()));\nassert_1.default.ok(a.toString().indexOf('TRIGGER:-PT10M') > -1);\na.trigger(trigger);\nassert_1.default.ok(a.toString().indexOf('TRIGGER;VALUE=DATE-TIME:20150201T133845Z') > -1);",
                  "err": {},
                  "uuid": "387d7c1a-b25e-4180-9c55-a524c5421f88",
                  "parentUUID": "e991416b-71ca-4501-82d2-5eefbd9963d5",
                  "isHook": false,
                  "skipped": false
                }
              ],
              "suites": [],
              "passes": [
                "a3179f22-2e2c-436e-af46-0a7bc45959d9",
                "06219f75-3eb1-43f5-97cb-fd408378c100",
                "abb96ee7-c4d4-4ca9-bbc0-e840de18505f",
                "b9ae36d7-db04-4cef-a74a-16d714cdca29",
                "cdc9303c-604e-4b3d-8b9f-d512307cd644",
                "a282d382-8d08-4498-9b8b-5a919ab2b762",
                "1312defa-21ca-4079-ae3f-6e80596df2b9",
                "387d7c1a-b25e-4180-9c55-a524c5421f88"
              ],
              "failures": [],
              "pending": [],
              "skipped": [],
              "duration": 5,
              "root": false,
              "rootEmpty": false,
              "_timeout": 2000
            },
            {
              "uuid": "2e55edfc-7aa5-4b16-b5a8-01db899685f9",
              "title": "triggerAfter()",
              "fullFile": "/home/runner/work/ical-generator/ical-generator/test/alarm.ts",
              "file": "/test/alarm.ts",
              "beforeHooks": [],
              "afterHooks": [],
              "tests": [
                {
                  "title": "setter should return this",
                  "fullTitle": "ical-generator Alarm triggerAfter() setter should return this",
                  "timedOut": false,
                  "duration": 0,
                  "state": "passed",
                  "speed": "fast",
                  "pass": true,
                  "fail": false,
                  "pending": false,
                  "context": null,
                  "code": "const a = new alarm_1.default({}, new event_1.default({}, new calendar_1.default()));\nassert_1.default.deepStrictEqual(a, a.triggerAfter(60 * 10));",
                  "err": {},
                  "uuid": "7fb945a6-993f-48f7-bb7c-b6af3009c853",
                  "parentUUID": "2e55edfc-7aa5-4b16-b5a8-01db899685f9",
                  "isHook": false,
                  "skipped": false
                },
                {
                  "title": "getter should return value",
                  "fullTitle": "ical-generator Alarm triggerAfter() getter should return value",
                  "timedOut": false,
                  "duration": 1,
                  "state": "passed",
                  "speed": "fast",
                  "pass": true,
                  "fail": false,
                  "pending": false,
                  "context": null,
                  "code": "const a = new alarm_1.default({}, new event_1.default({}, new calendar_1.default())).triggerAfter(300);\nassert_1.default.strictEqual(a.triggerAfter(), 300);\nassert_1.default.strictEqual(a.trigger(), -300);",
                  "err": {},
                  "uuid": "586764f4-9758-41e1-b550-1e694a634a3f",
                  "parentUUID": "2e55edfc-7aa5-4b16-b5a8-01db899685f9",
                  "isHook": false,
                  "skipped": false
                },
                {
                  "title": "setter should work with number",
                  "fullTitle": "ical-generator Alarm triggerAfter() setter should work with number",
                  "timedOut": false,
                  "duration": 0,
                  "state": "passed",
                  "speed": "fast",
                  "pass": true,
                  "fail": false,
                  "pending": false,
                  "context": null,
                  "code": "const a = new alarm_1.default({}, new event_1.default({}, new calendar_1.default()));\na.triggerAfter(120);\nassert_1.default.strictEqual(a.trigger(), -120);",
                  "err": {},
                  "uuid": "5cb1ab38-e160-425a-a188-32a2db6d864f",
                  "parentUUID": "2e55edfc-7aa5-4b16-b5a8-01db899685f9",
                  "isHook": false,
                  "skipped": false
                },
                {
                  "title": "setter should throw error when trigger not allowed",
                  "fullTitle": "ical-generator Alarm triggerAfter() setter should throw error when trigger not allowed",
                  "timedOut": false,
                  "duration": 0,
                  "state": "passed",
                  "speed": "fast",
                  "pass": true,
                  "fail": false,
                  "pending": false,
                  "context": null,
                  "code": "const a = new alarm_1.default({}, new event_1.default({}, new calendar_1.default()));\nassert_1.default.throws(function () {\n    a.triggerAfter(Infinity);\n}, /`trigger`/);\nassert_1.default.throws(function () {\n    // @ts-ignore\n    a.triggerAfter('hi');\n}, /`trigger`/);\nassert_1.default.throws(function () {\n    // @ts-ignore\n    a.triggerAfter(true);\n}, /`trigger`/);",
                  "err": {},
                  "uuid": "5b956e03-cceb-499c-9f3d-b66a62789787",
                  "parentUUID": "2e55edfc-7aa5-4b16-b5a8-01db899685f9",
                  "isHook": false,
                  "skipped": false
                },
                {
                  "title": "should change something",
                  "fullTitle": "ical-generator Alarm triggerAfter() should change something",
                  "timedOut": false,
                  "duration": 1,
                  "state": "passed",
                  "speed": "fast",
                  "pass": true,
                  "fail": false,
                  "pending": false,
                  "context": null,
                  "code": "const trigger = moment_timezone_1.default('20150201T133845Z');\nconst a = new alarm_1.default({ type: alarm_1.ICalAlarmType.display, triggerAfter: 60 * 10 }, new event_1.default({}, new calendar_1.default()));\nassert_1.default.ok(a.toString().indexOf('TRIGGER;RELATED=END:PT10M') > -1);\na.triggerAfter(trigger);\nassert_1.default.ok(a.toString().indexOf('TRIGGER;VALUE=DATE-TIME:20150201T133845Z') > -1);",
                  "err": {},
                  "uuid": "a3d84878-984c-4f6d-b5a6-748efb3a306a",
                  "parentUUID": "2e55edfc-7aa5-4b16-b5a8-01db899685f9",
                  "isHook": false,
                  "skipped": false
                }
              ],
              "suites": [],
              "passes": [
                "7fb945a6-993f-48f7-bb7c-b6af3009c853",
                "586764f4-9758-41e1-b550-1e694a634a3f",
                "5cb1ab38-e160-425a-a188-32a2db6d864f",
                "5b956e03-cceb-499c-9f3d-b66a62789787",
                "a3d84878-984c-4f6d-b5a6-748efb3a306a"
              ],
              "failures": [],
              "pending": [],
              "skipped": [],
              "duration": 2,
              "root": false,
              "rootEmpty": false,
              "_timeout": 2000
            },
            {
              "uuid": "f8c2dad7-d93d-4fb3-be22-b7a543d3a48f",
              "title": "triggerBefore()",
              "fullFile": "/home/runner/work/ical-generator/ical-generator/test/alarm.ts",
              "file": "/test/alarm.ts",
              "beforeHooks": [],
              "afterHooks": [],
              "tests": [
                {
                  "title": "setter should return this",
                  "fullTitle": "ical-generator Alarm triggerBefore() setter should return this",
                  "timedOut": false,
                  "duration": 0,
                  "state": "passed",
                  "speed": "fast",
                  "pass": true,
                  "fail": false,
                  "pending": false,
                  "context": null,
                  "code": "const a = new alarm_1.default({}, new event_1.default({}, new calendar_1.default()));\nassert_1.default.deepStrictEqual(a, a.triggerBefore(null));\nassert_1.default.deepStrictEqual(a, a.triggerBefore(60 * 10));",
                  "err": {},
                  "uuid": "8fa6d872-be4f-4e87-86d1-9c47b5dc7f92",
                  "parentUUID": "f8c2dad7-d93d-4fb3-be22-b7a543d3a48f",
                  "isHook": false,
                  "skipped": false
                },
                {
                  "title": "getter should return value",
                  "fullTitle": "ical-generator Alarm triggerBefore() getter should return value",
                  "timedOut": false,
                  "duration": 0,
                  "state": "passed",
                  "speed": "fast",
                  "pass": true,
                  "fail": false,
                  "pending": false,
                  "context": null,
                  "code": "const a = new alarm_1.default({}, new event_1.default({}, new calendar_1.default()));\nconst now = new Date();\nassert_1.default.strictEqual(a.triggerBefore(), null);\na.trigger(300);\nassert_1.default.strictEqual(a.triggerBefore(), 300);\n// Date\na.trigger(now);\nconst dateResult = a.triggerBefore();\nassert_1.default.deepStrictEqual(dateResult, now);\n// Null\na.trigger(null);\nassert_1.default.strictEqual(a.triggerBefore(), null);",
                  "err": {},
                  "uuid": "9ce60002-3356-4f07-bf67-a03702ec327a",
                  "parentUUID": "f8c2dad7-d93d-4fb3-be22-b7a543d3a48f",
                  "isHook": false,
                  "skipped": false
                },
                {
                  "title": "should throw error when trigger not allowed",
                  "fullTitle": "ical-generator Alarm triggerBefore() should throw error when trigger not allowed",
                  "timedOut": false,
                  "duration": 0,
                  "state": "passed",
                  "speed": "fast",
                  "pass": true,
                  "fail": false,
                  "pending": false,
                  "context": null,
                  "code": "const a = new alarm_1.default({}, new event_1.default({}, new calendar_1.default()));\nassert_1.default.throws(function () {\n    a.triggerBefore(Infinity);\n}, /`trigger`/);\nassert_1.default.throws(function () {\n    // @ts-ignore\n    a.triggerBefore('hi');\n}, /`trigger`/);\nassert_1.default.throws(function () {\n    // @ts-ignore\n    a.triggerBefore(true);\n}, /`trigger`/);",
                  "err": {},
                  "uuid": "49e8725e-a933-4ee3-a402-f4878aa6485c",
                  "parentUUID": "f8c2dad7-d93d-4fb3-be22-b7a543d3a48f",
                  "isHook": false,
                  "skipped": false
                },
                {
                  "title": "setter should work with null",
                  "fullTitle": "ical-generator Alarm triggerBefore() setter should work with null",
                  "timedOut": false,
                  "duration": 0,
                  "state": "passed",
                  "speed": "fast",
                  "pass": true,
                  "fail": false,
                  "pending": false,
                  "context": null,
                  "code": "const a = new alarm_1.default({}, new event_1.default({}, new calendar_1.default()));\na.triggerBefore(60 * 10);\na.triggerBefore(null);\nassert_1.default.strictEqual(a.trigger(), null);",
                  "err": {},
                  "uuid": "83e63825-0144-46af-97d5-10d6974a1088",
                  "parentUUID": "f8c2dad7-d93d-4fb3-be22-b7a543d3a48f",
                  "isHook": false,
                  "skipped": false
                },
                {
                  "title": "setter should work with date",
                  "fullTitle": "ical-generator Alarm triggerBefore() setter should work with date",
                  "timedOut": false,
                  "duration": 0,
                  "state": "passed",
                  "speed": "fast",
                  "pass": true,
                  "fail": false,
                  "pending": false,
                  "context": null,
                  "code": "const a = new alarm_1.default({}, new event_1.default({}, new calendar_1.default()));\nconst now = new Date();\na.triggerBefore(now);\nassert_1.default.deepStrictEqual(a.trigger(), now);",
                  "err": {},
                  "uuid": "d2279dcf-d493-4e50-ab49-7083e3354bd8",
                  "parentUUID": "f8c2dad7-d93d-4fb3-be22-b7a543d3a48f",
                  "isHook": false,
                  "skipped": false
                },
                {
                  "title": "setter should work with moment instance",
                  "fullTitle": "ical-generator Alarm triggerBefore() setter should work with moment instance",
                  "timedOut": false,
                  "duration": 0,
                  "state": "passed",
                  "speed": "fast",
                  "pass": true,
                  "fail": false,
                  "pending": false,
                  "context": null,
                  "code": "const a = new alarm_1.default({}, new event_1.default({}, new calendar_1.default()));\na.triggerBefore(moment_timezone_1.default());\nassert_1.default.ok(moment_timezone_1.default.isMoment(a.trigger()));",
                  "err": {},
                  "uuid": "c22dfda1-ed2f-48fd-bdc6-c40046788864",
                  "parentUUID": "f8c2dad7-d93d-4fb3-be22-b7a543d3a48f",
                  "isHook": false,
                  "skipped": false
                },
                {
                  "title": "setter should work with number",
                  "fullTitle": "ical-generator Alarm triggerBefore() setter should work with number",
                  "timedOut": false,
                  "duration": 0,
                  "state": "passed",
                  "speed": "fast",
                  "pass": true,
                  "fail": false,
                  "pending": false,
                  "context": null,
                  "code": "const a = new alarm_1.default({}, new event_1.default({}, new calendar_1.default()));\na.triggerBefore(2 * 60);\nassert_1.default.strictEqual(a.trigger(), 120);",
                  "err": {},
                  "uuid": "85b7d137-58f3-4f39-b9da-82b4a49e4d29",
                  "parentUUID": "f8c2dad7-d93d-4fb3-be22-b7a543d3a48f",
                  "isHook": false,
                  "skipped": false
                },
                {
                  "title": "should change something",
                  "fullTitle": "ical-generator Alarm triggerBefore() should change something",
                  "timedOut": false,
                  "duration": 1,
                  "state": "passed",
                  "speed": "fast",
                  "pass": true,
                  "fail": false,
                  "pending": false,
                  "context": null,
                  "code": "const trigger = moment_timezone_1.default('2015-02-01T13:38:45.000Z');\nconst a = new alarm_1.default({ type: alarm_1.ICalAlarmType.display, triggerBefore: 60 * 10 }, new event_1.default({}, new calendar_1.default()));\nassert_1.default.ok(a.toString().indexOf('TRIGGER:-PT10M') > -1);\na.triggerBefore(trigger);\nassert_1.default.ok(a.toString().indexOf('TRIGGER;VALUE=DATE-TIME:20150201T133845Z') > -1);",
                  "err": {},
                  "uuid": "bf6abedd-54b0-4c25-9c99-5fd25a1b809a",
                  "parentUUID": "f8c2dad7-d93d-4fb3-be22-b7a543d3a48f",
                  "isHook": false,
                  "skipped": false
                }
              ],
              "suites": [],
              "passes": [
                "8fa6d872-be4f-4e87-86d1-9c47b5dc7f92",
                "9ce60002-3356-4f07-bf67-a03702ec327a",
                "49e8725e-a933-4ee3-a402-f4878aa6485c",
                "83e63825-0144-46af-97d5-10d6974a1088",
                "d2279dcf-d493-4e50-ab49-7083e3354bd8",
                "c22dfda1-ed2f-48fd-bdc6-c40046788864",
                "85b7d137-58f3-4f39-b9da-82b4a49e4d29",
                "bf6abedd-54b0-4c25-9c99-5fd25a1b809a"
              ],
              "failures": [],
              "pending": [],
              "skipped": [],
              "duration": 1,
              "root": false,
              "rootEmpty": false,
              "_timeout": 2000
            },
            {
              "uuid": "498dc9ef-650c-4b00-9937-765336a09d71",
              "title": "repeat()",
              "fullFile": "/home/runner/work/ical-generator/ical-generator/test/alarm.ts",
              "file": "/test/alarm.ts",
              "beforeHooks": [],
              "afterHooks": [],
              "tests": [
                {
                  "title": "setter should return this",
                  "fullTitle": "ical-generator Alarm repeat() setter should return this",
                  "timedOut": false,
                  "duration": 0,
                  "state": "passed",
                  "speed": "fast",
                  "pass": true,
                  "fail": false,
                  "pending": false,
                  "context": null,
                  "code": "const a = new alarm_1.default({}, new event_1.default({}, new calendar_1.default()));\nassert_1.default.deepStrictEqual(a, a.repeat(null));\nassert_1.default.deepStrictEqual(a, a.repeat(4));",
                  "err": {},
                  "uuid": "a518a31d-3f34-427f-bf2e-890e24c23c35",
                  "parentUUID": "498dc9ef-650c-4b00-9937-765336a09d71",
                  "isHook": false,
                  "skipped": false
                },
                {
                  "title": "getter should return value",
                  "fullTitle": "ical-generator Alarm repeat() getter should return value",
                  "timedOut": false,
                  "duration": 1,
                  "state": "passed",
                  "speed": "fast",
                  "pass": true,
                  "fail": false,
                  "pending": false,
                  "context": null,
                  "code": "const a = new alarm_1.default({}, new event_1.default({}, new calendar_1.default()));\nassert_1.default.strictEqual(a.repeat(), null);\na.repeat(100);\nassert_1.default.strictEqual(a.repeat(), 100);\na.repeat(null);\nassert_1.default.strictEqual(a.repeat(), null);",
                  "err": {},
                  "uuid": "a1d64dfd-146a-4813-a908-b730882a1395",
                  "parentUUID": "498dc9ef-650c-4b00-9937-765336a09d71",
                  "isHook": false,
                  "skipped": false
                },
                {
                  "title": "should throw error if repeat not allowed",
                  "fullTitle": "ical-generator Alarm repeat() should throw error if repeat not allowed",
                  "timedOut": false,
                  "duration": 0,
                  "state": "passed",
                  "speed": "fast",
                  "pass": true,
                  "fail": false,
                  "pending": false,
                  "context": null,
                  "code": "const a = new alarm_1.default({}, new event_1.default({}, new calendar_1.default()));\nassert_1.default.throws(function () {\n    a.repeat(Infinity);\n}, /`repeat`/);\nassert_1.default.throws(function () {\n    // @ts-ignore\n    a.repeat('hi');\n}, /`repeat`/);\nassert_1.default.throws(function () {\n    // @ts-ignore\n    a.repeat(true);\n}, /`repeat`/);",
                  "err": {},
                  "uuid": "7cc0d009-eac1-4371-9656-307a894dcd24",
                  "parentUUID": "498dc9ef-650c-4b00-9937-765336a09d71",
                  "isHook": false,
                  "skipped": false
                },
                {
                  "title": "should change something",
                  "fullTitle": "ical-generator Alarm repeat() should change something",
                  "timedOut": false,
                  "duration": 0,
                  "state": "passed",
                  "speed": "fast",
                  "pass": true,
                  "fail": false,
                  "pending": false,
                  "context": null,
                  "code": "const a = new alarm_1.default({\n    type: alarm_1.ICalAlarmType.display,\n    trigger: 300,\n    repeat: 42,\n    interval: 60\n}, new event_1.default({}, new calendar_1.default()));\nassert_1.default.ok(a.toString().indexOf('REPEAT:42') > -1);",
                  "err": {},
                  "uuid": "30c85549-dbcb-4591-bfb2-f2509039a2e9",
                  "parentUUID": "498dc9ef-650c-4b00-9937-765336a09d71",
                  "isHook": false,
                  "skipped": false
                }
              ],
              "suites": [],
              "passes": [
                "a518a31d-3f34-427f-bf2e-890e24c23c35",
                "a1d64dfd-146a-4813-a908-b730882a1395",
                "7cc0d009-eac1-4371-9656-307a894dcd24",
                "30c85549-dbcb-4591-bfb2-f2509039a2e9"
              ],
              "failures": [],
              "pending": [],
              "skipped": [],
              "duration": 1,
              "root": false,
              "rootEmpty": false,
              "_timeout": 2000
            },
            {
              "uuid": "ac8efd40-f882-4863-a309-decef7329044",
              "title": "interval()",
              "fullFile": "/home/runner/work/ical-generator/ical-generator/test/alarm.ts",
              "file": "/test/alarm.ts",
              "beforeHooks": [],
              "afterHooks": [],
              "tests": [
                {
                  "title": "setter should return this",
                  "fullTitle": "ical-generator Alarm interval() setter should return this",
                  "timedOut": false,
                  "duration": 1,
                  "state": "passed",
                  "speed": "fast",
                  "pass": true,
                  "fail": false,
                  "pending": false,
                  "context": null,
                  "code": "const a = new alarm_1.default({}, new event_1.default({}, new calendar_1.default()));\nassert_1.default.deepStrictEqual(a, a.interval(null));\nassert_1.default.deepStrictEqual(a, a.interval(60));",
                  "err": {},
                  "uuid": "44f06f15-b13e-45fd-b7ad-d1eddb346a6f",
                  "parentUUID": "ac8efd40-f882-4863-a309-decef7329044",
                  "isHook": false,
                  "skipped": false
                },
                {
                  "title": "getter should return value",
                  "fullTitle": "ical-generator Alarm interval() getter should return value",
                  "timedOut": false,
                  "duration": 0,
                  "state": "passed",
                  "speed": "fast",
                  "pass": true,
                  "fail": false,
                  "pending": false,
                  "context": null,
                  "code": "const a = new alarm_1.default({}, new event_1.default({}, new calendar_1.default()));\nassert_1.default.strictEqual(a.interval(), null);\na.interval(30);\nassert_1.default.strictEqual(a.interval(), 30);\na.interval(null);\nassert_1.default.strictEqual(a.interval(), null);",
                  "err": {},
                  "uuid": "9091cfa4-56fc-4109-91f8-d1007731a8d0",
                  "parentUUID": "ac8efd40-f882-4863-a309-decef7329044",
                  "isHook": false,
                  "skipped": false
                },
                {
                  "title": "should throw error if repeat not allowed",
                  "fullTitle": "ical-generator Alarm interval() should throw error if repeat not allowed",
                  "timedOut": false,
                  "duration": 0,
                  "state": "passed",
                  "speed": "fast",
                  "pass": true,
                  "fail": false,
                  "pending": false,
                  "context": null,
                  "code": "const a = new alarm_1.default({}, new event_1.default({}, new calendar_1.default()));\nassert_1.default.throws(function () {\n    a.interval(Infinity);\n}, /`interval`/);\nassert_1.default.throws(function () {\n    // @ts-ignore\n    a.interval('hi');\n}, /`interval`/);\nassert_1.default.throws(function () {\n    // @ts-ignore\n    a.interval(true);\n}, /`interval`/);",
                  "err": {},
                  "uuid": "d246159d-c7e4-407a-a13e-1615df94cdd6",
                  "parentUUID": "ac8efd40-f882-4863-a309-decef7329044",
                  "isHook": false,
                  "skipped": false
                },
                {
                  "title": "should change something",
                  "fullTitle": "ical-generator Alarm interval() should change something",
                  "timedOut": false,
                  "duration": 0,
                  "state": "passed",
                  "speed": "fast",
                  "pass": true,
                  "fail": false,
                  "pending": false,
                  "context": null,
                  "code": "const a = new alarm_1.default({\n    type: alarm_1.ICalAlarmType.display,\n    trigger: 300,\n    repeat: 42,\n    interval: 90\n}, new event_1.default({}, new calendar_1.default()));\nassert_1.default.ok(a.toString().indexOf('DURATION:PT1M30S') > -1);",
                  "err": {},
                  "uuid": "26028b92-fc5a-4212-a803-92b7bc065f14",
                  "parentUUID": "ac8efd40-f882-4863-a309-decef7329044",
                  "isHook": false,
                  "skipped": false
                }
              ],
              "suites": [],
              "passes": [
                "44f06f15-b13e-45fd-b7ad-d1eddb346a6f",
                "9091cfa4-56fc-4109-91f8-d1007731a8d0",
                "d246159d-c7e4-407a-a13e-1615df94cdd6",
                "26028b92-fc5a-4212-a803-92b7bc065f14"
              ],
              "failures": [],
              "pending": [],
              "skipped": [],
              "duration": 1,
              "root": false,
              "rootEmpty": false,
              "_timeout": 2000
            },
            {
              "uuid": "39d6fbee-d6cb-4d6b-b8be-3d7c5bc214a6",
              "title": "attach()",
              "fullFile": "/home/runner/work/ical-generator/ical-generator/test/alarm.ts",
              "file": "/test/alarm.ts",
              "beforeHooks": [],
              "afterHooks": [],
              "tests": [
                {
                  "title": "setter should return this",
                  "fullTitle": "ical-generator Alarm attach() setter should return this",
                  "timedOut": false,
                  "duration": 0,
                  "state": "passed",
                  "speed": "fast",
                  "pass": true,
                  "fail": false,
                  "pending": false,
                  "context": null,
                  "code": "const a = new alarm_1.default({}, new event_1.default({}, new calendar_1.default()));\nassert_1.default.deepStrictEqual(a, a.attach(null));\nassert_1.default.deepStrictEqual(a, a.attach('https://sebbo.net/beep.aud'));",
                  "err": {},
                  "uuid": "808e620a-cfa7-4183-b5d6-570d80aea67b",
                  "parentUUID": "39d6fbee-d6cb-4d6b-b8be-3d7c5bc214a6",
                  "isHook": false,
                  "skipped": false
                },
                {
                  "title": "getter should return value",
                  "fullTitle": "ical-generator Alarm attach() getter should return value",
                  "timedOut": false,
                  "duration": 0,
                  "state": "passed",
                  "speed": "fast",
                  "pass": true,
                  "fail": false,
                  "pending": false,
                  "context": null,
                  "code": "const t = { uri: 'https://example.com/alarm.aud', mime: 'audio/basic' };\nconst a = new alarm_1.default({}, new event_1.default({}, new calendar_1.default()));\nassert_1.default.strictEqual(a.attach(), null);\na.attach(t);\nassert_1.default.deepStrictEqual(a.attach(), t);\na.attach('https://www.example.com/beep.aud');\nassert_1.default.deepStrictEqual(a.attach(), {\n    uri: 'https://www.example.com/beep.aud',\n    mime: null\n});\na.attach({\n    uri: 'https://www.example.com/beep.aud'\n});\nassert_1.default.deepStrictEqual(a.attach(), {\n    uri: 'https://www.example.com/beep.aud',\n    mime: null\n});\na.attach(null);\nassert_1.default.strictEqual(a.attach(), null);",
                  "err": {},
                  "uuid": "7750c860-3fe8-461e-81b8-74cd251887a0",
                  "parentUUID": "39d6fbee-d6cb-4d6b-b8be-3d7c5bc214a6",
                  "isHook": false,
                  "skipped": false
                },
                {
                  "title": "should throw error withour uri",
                  "fullTitle": "ical-generator Alarm attach() should throw error withour uri",
                  "timedOut": false,
                  "duration": 1,
                  "state": "passed",
                  "speed": "fast",
                  "pass": true,
                  "fail": false,
                  "pending": false,
                  "context": null,
                  "code": "const a = new alarm_1.default({}, new event_1.default({}, new calendar_1.default()));\nassert_1.default.throws(function () {\n    // @ts-ignore\n    a.attach({ mime: 'audio/basic' });\n}, /`attach.uri`/);",
                  "err": {},
                  "uuid": "71c8ca85-12d4-40e5-926d-24696e727f88",
                  "parentUUID": "39d6fbee-d6cb-4d6b-b8be-3d7c5bc214a6",
                  "isHook": false,
                  "skipped": false
                },
                {
                  "title": "should throw error when unknown format",
                  "fullTitle": "ical-generator Alarm attach() should throw error when unknown format",
                  "timedOut": false,
                  "duration": 0,
                  "state": "passed",
                  "speed": "fast",
                  "pass": true,
                  "fail": false,
                  "pending": false,
                  "context": null,
                  "code": "const a = new alarm_1.default({}, new event_1.default({}, new calendar_1.default()));\nassert_1.default.throws(function () {\n    // @ts-ignore\n    a.attach(Infinity);\n}, /`attach`/);",
                  "err": {},
                  "uuid": "69ea4352-4d01-4bbd-8edd-3c0db7498ffa",
                  "parentUUID": "39d6fbee-d6cb-4d6b-b8be-3d7c5bc214a6",
                  "isHook": false,
                  "skipped": false
                },
                {
                  "title": "should change something",
                  "fullTitle": "ical-generator Alarm attach() should change something",
                  "timedOut": false,
                  "duration": 0,
                  "state": "passed",
                  "speed": "fast",
                  "pass": true,
                  "fail": false,
                  "pending": false,
                  "context": null,
                  "code": "const a = new alarm_1.default({\n    type: alarm_1.ICalAlarmType.audio,\n    trigger: 300\n}, new event_1.default({}, new calendar_1.default()));\nassert_1.default.ok(a.toString().indexOf('\\r\\nATTACH;VALUE=URI:Basso') > -1);\na.attach('https://example.com/beep.aud');\nassert_1.default.ok(a.toString().indexOf('\\r\\nATTACH;VALUE=URI:https://example.com/beep.aud') > -1);\na.attach({\n    uri: 'https://example.com/beep.aud',\n    mime: 'audio/basic'\n});\nassert_1.default.ok(a.toString().indexOf('\\r\\nATTACH;FMTTYPE=audio/basic:https://example.com/beep.aud') > -1);",
                  "err": {},
                  "uuid": "06626b32-85da-45e1-9875-513397818997",
                  "parentUUID": "39d6fbee-d6cb-4d6b-b8be-3d7c5bc214a6",
                  "isHook": false,
                  "skipped": false
                }
              ],
              "suites": [],
              "passes": [
                "808e620a-cfa7-4183-b5d6-570d80aea67b",
                "7750c860-3fe8-461e-81b8-74cd251887a0",
                "71c8ca85-12d4-40e5-926d-24696e727f88",
                "69ea4352-4d01-4bbd-8edd-3c0db7498ffa",
                "06626b32-85da-45e1-9875-513397818997"
              ],
              "failures": [],
              "pending": [],
              "skipped": [],
              "duration": 1,
              "root": false,
              "rootEmpty": false,
              "_timeout": 2000
            },
            {
              "uuid": "2fe8fbde-1af5-4a73-8245-c03540fc9c91",
              "title": "description()",
              "fullFile": "/home/runner/work/ical-generator/ical-generator/test/alarm.ts",
              "file": "/test/alarm.ts",
              "beforeHooks": [],
              "afterHooks": [],
              "tests": [
                {
                  "title": "setter should return this",
                  "fullTitle": "ical-generator Alarm description() setter should return this",
                  "timedOut": false,
                  "duration": 1,
                  "state": "passed",
                  "speed": "fast",
                  "pass": true,
                  "fail": false,
                  "pending": false,
                  "context": null,
                  "code": "const a = new alarm_1.default({}, new event_1.default({}, new calendar_1.default()));\nassert_1.default.deepStrictEqual(a, a.description(null));\nassert_1.default.deepStrictEqual(a, a.description('Hey Ho!'));",
                  "err": {},
                  "uuid": "de960e32-3647-43c5-9c33-7f6b34278c8d",
                  "parentUUID": "2fe8fbde-1af5-4a73-8245-c03540fc9c91",
                  "isHook": false,
                  "skipped": false
                },
                {
                  "title": "getter should return value",
                  "fullTitle": "ical-generator Alarm description() getter should return value",
                  "timedOut": false,
                  "duration": 0,
                  "state": "passed",
                  "speed": "fast",
                  "pass": true,
                  "fail": false,
                  "pending": false,
                  "context": null,
                  "code": "const a = new alarm_1.default({}, new event_1.default({}, new calendar_1.default()));\nassert_1.default.deepStrictEqual(a.description(), null);\na.description('blablabla');\nassert_1.default.deepStrictEqual(a.description(), 'blablabla');\na.description(null);\nassert_1.default.deepStrictEqual(a.description(), null);",
                  "err": {},
                  "uuid": "3e9fa379-7562-4b6c-a8e7-87a38489dbe2",
                  "parentUUID": "2fe8fbde-1af5-4a73-8245-c03540fc9c91",
                  "isHook": false,
                  "skipped": false
                },
                {
                  "title": "should change something",
                  "fullTitle": "ical-generator Alarm description() should change something",
                  "timedOut": false,
                  "duration": 0,
                  "state": "passed",
                  "speed": "fast",
                  "pass": true,
                  "fail": false,
                  "pending": false,
                  "context": null,
                  "code": "const a = new alarm_1.default({\n    type: alarm_1.ICalAlarmType.display,\n    trigger: 300,\n    description: 'Huibuh!'\n}, new event_1.default({}, new calendar_1.default()));\nassert_1.default.ok(a.toString().indexOf('\\r\\nDESCRIPTION:Huibuh') > -1);",
                  "err": {},
                  "uuid": "e04be10f-5276-4ab3-b705-cf5a337ee86f",
                  "parentUUID": "2fe8fbde-1af5-4a73-8245-c03540fc9c91",
                  "isHook": false,
                  "skipped": false
                },
                {
                  "title": "should fallback to event summary",
                  "fullTitle": "ical-generator Alarm description() should fallback to event summary",
                  "timedOut": false,
                  "duration": 0,
                  "state": "passed",
                  "speed": "fast",
                  "pass": true,
                  "fail": false,
                  "pending": false,
                  "context": null,
                  "code": "const a = new alarm_1.default({\n    type: alarm_1.ICalAlarmType.display,\n    trigger: 300\n}, new event_1.default({\n    summary: 'Example Event'\n}, new calendar_1.default()));\nassert_1.default.ok(a.toString().indexOf('\\r\\nDESCRIPTION:Example Event') > -1);",
                  "err": {},
                  "uuid": "ef61b58c-33d5-41c7-9fdb-fdd2b301d2f5",
                  "parentUUID": "2fe8fbde-1af5-4a73-8245-c03540fc9c91",
                  "isHook": false,
                  "skipped": false
                }
              ],
              "suites": [],
              "passes": [
                "de960e32-3647-43c5-9c33-7f6b34278c8d",
                "3e9fa379-7562-4b6c-a8e7-87a38489dbe2",
                "e04be10f-5276-4ab3-b705-cf5a337ee86f",
                "ef61b58c-33d5-41c7-9fdb-fdd2b301d2f5"
              ],
              "failures": [],
              "pending": [],
              "skipped": [],
              "duration": 1,
              "root": false,
              "rootEmpty": false,
              "_timeout": 2000
            },
            {
              "uuid": "1928f82e-d08e-477c-b7d5-4f06d326f8d5",
              "title": "x()",
              "fullFile": "/home/runner/work/ical-generator/ical-generator/test/alarm.ts",
              "file": "/test/alarm.ts",
              "beforeHooks": [],
              "afterHooks": [],
              "tests": [
                {
                  "title": "is there",
                  "fullTitle": "ical-generator Alarm x() is there",
                  "timedOut": false,
                  "duration": 0,
                  "state": "passed",
                  "speed": "fast",
                  "pass": true,
                  "fail": false,
                  "pending": false,
                  "context": null,
                  "code": "const a = new alarm_1.default({}, new event_1.default({}, new calendar_1.default()));\nassert_1.default.deepStrictEqual(a, a.x('X-FOO', 'bar'));",
                  "err": {},
                  "uuid": "036030e0-44c2-4e24-b9dc-d9b966b050bd",
                  "parentUUID": "1928f82e-d08e-477c-b7d5-4f06d326f8d5",
                  "isHook": false,
                  "skipped": false
                }
              ],
              "suites": [],
              "passes": [
                "036030e0-44c2-4e24-b9dc-d9b966b050bd"
              ],
              "failures": [],
              "pending": [],
              "skipped": [],
              "duration": 0,
              "root": false,
              "rootEmpty": false,
              "_timeout": 2000
            },
            {
              "uuid": "eeb0eaec-c04d-469e-bf31-e6a6c189c4c6",
              "title": "toJSON()",
              "fullFile": "/home/runner/work/ical-generator/ical-generator/test/alarm.ts",
              "file": "/test/alarm.ts",
              "beforeHooks": [],
              "afterHooks": [],
              "tests": [
                {
                  "title": "should work",
                  "fullTitle": "ical-generator Alarm toJSON() should work",
                  "timedOut": false,
                  "duration": 0,
                  "state": "passed",
                  "speed": "fast",
                  "pass": true,
                  "fail": false,
                  "pending": false,
                  "context": null,
                  "code": "const a = new alarm_1.default({}, new event_1.default({}, new calendar_1.default()));\na.type(alarm_1.ICalAlarmType.display);\na.trigger(120);\nassert_1.default.deepStrictEqual(a.toJSON(), {\n    attach: null,\n    description: null,\n    interval: null,\n    repeat: null,\n    trigger: 120,\n    type: 'display',\n    x: []\n});",
                  "err": {},
                  "uuid": "f50d818e-2d88-4478-823b-d7ab46b2cfc2",
                  "parentUUID": "eeb0eaec-c04d-469e-bf31-e6a6c189c4c6",
                  "isHook": false,
                  "skipped": false
                },
                {
                  "title": "should be compatible with constructor (type check)",
                  "fullTitle": "ical-generator Alarm toJSON() should be compatible with constructor (type check)",
                  "timedOut": false,
                  "duration": 1,
                  "state": "passed",
                  "speed": "fast",
                  "pass": true,
                  "fail": false,
                  "pending": false,
                  "context": null,
                  "code": "const a = new alarm_1.default({}, new event_1.default({}, new calendar_1.default()));\nnew alarm_1.default(a.toJSON(), new event_1.default({}, new calendar_1.default()));",
                  "err": {},
                  "uuid": "bfeeba5b-3289-436d-8962-88f6350f6cd9",
                  "parentUUID": "eeb0eaec-c04d-469e-bf31-e6a6c189c4c6",
                  "isHook": false,
                  "skipped": false
                }
              ],
              "suites": [],
              "passes": [
                "f50d818e-2d88-4478-823b-d7ab46b2cfc2",
                "bfeeba5b-3289-436d-8962-88f6350f6cd9"
              ],
              "failures": [],
              "pending": [],
              "skipped": [],
              "duration": 1,
              "root": false,
              "rootEmpty": false,
              "_timeout": 2000
            },
            {
              "uuid": "d649e383-fe61-4243-a689-0421c515ee5c",
              "title": "generate()",
              "fullFile": "/home/runner/work/ical-generator/ical-generator/test/alarm.ts",
              "file": "/test/alarm.ts",
              "beforeHooks": [],
              "afterHooks": [],
              "tests": [
                {
                  "title": "shoult throw an error without type",
                  "fullTitle": "ical-generator Alarm generate() shoult throw an error without type",
                  "timedOut": false,
                  "duration": 0,
                  "state": "passed",
                  "speed": "fast",
                  "pass": true,
                  "fail": false,
                  "pending": false,
                  "context": null,
                  "code": "const a = new alarm_1.default({ trigger: 300 }, new event_1.default({}, new calendar_1.default()));\nassert_1.default.throws(function () {\n    a.toString();\n}, /`type`/);",
                  "err": {},
                  "uuid": "420d3281-d0b1-4543-a923-3b70dd159023",
                  "parentUUID": "d649e383-fe61-4243-a689-0421c515ee5c",
                  "isHook": false,
                  "skipped": false
                },
                {
                  "title": "shoult throw an error without trigger",
                  "fullTitle": "ical-generator Alarm generate() shoult throw an error without trigger",
                  "timedOut": false,
                  "duration": 0,
                  "state": "passed",
                  "speed": "fast",
                  "pass": true,
                  "fail": false,
                  "pending": false,
                  "context": null,
                  "code": "const a = new alarm_1.default({ type: alarm_1.ICalAlarmType.display }, new event_1.default({}, new calendar_1.default()));\nassert_1.default.throws(function () {\n    a.toString();\n}, /`trigger`/);",
                  "err": {},
                  "uuid": "5b55cc48-801b-4121-9c96-2b230e180d00",
                  "parentUUID": "d649e383-fe61-4243-a689-0421c515ee5c",
                  "isHook": false,
                  "skipped": false
                },
                {
                  "title": "shoult throw an error if repeat is set but interval isn't",
                  "fullTitle": "ical-generator Alarm generate() shoult throw an error if repeat is set but interval isn't",
                  "timedOut": false,
                  "duration": 0,
                  "state": "passed",
                  "speed": "fast",
                  "pass": true,
                  "fail": false,
                  "pending": false,
                  "context": null,
                  "code": "const a = new alarm_1.default({ type: alarm_1.ICalAlarmType.display, trigger: 300, repeat: 4 }, new event_1.default({}, new calendar_1.default()));\nassert_1.default.throws(function () {\n    a.toString();\n}, /for `interval`/);",
                  "err": {},
                  "uuid": "cde63d1d-8f10-4cbb-8b12-686a07e7f515",
                  "parentUUID": "d649e383-fe61-4243-a689-0421c515ee5c",
                  "isHook": false,
                  "skipped": false
                },
                {
                  "title": "shoult throw an error if interval is set but repeat isn't",
                  "fullTitle": "ical-generator Alarm generate() shoult throw an error if interval is set but repeat isn't",
                  "timedOut": false,
                  "duration": 0,
                  "state": "passed",
                  "speed": "fast",
                  "pass": true,
                  "fail": false,
                  "pending": false,
                  "context": null,
                  "code": "const a = new alarm_1.default({\n    type: alarm_1.ICalAlarmType.display,\n    trigger: 300,\n    interval: 60\n}, new event_1.default({}, new calendar_1.default()));\nassert_1.default.throws(function () {\n    a.toString();\n}, /for `repeat`/);",
                  "err": {},
                  "uuid": "22daaa92-b16f-4c97-aee8-45cf7480c6e9",
                  "parentUUID": "d649e383-fe61-4243-a689-0421c515ee5c",
                  "isHook": false,
                  "skipped": false
                }
              ],
              "suites": [],
              "passes": [
                "420d3281-d0b1-4543-a923-3b70dd159023",
                "5b55cc48-801b-4121-9c96-2b230e180d00",
                "cde63d1d-8f10-4cbb-8b12-686a07e7f515",
                "22daaa92-b16f-4c97-aee8-45cf7480c6e9"
              ],
              "failures": [],
              "pending": [],
              "skipped": [],
              "duration": 0,
              "root": false,
              "rootEmpty": false,
              "_timeout": 2000
            }
          ],
          "passes": [],
          "failures": [],
          "pending": [],
          "skipped": [],
          "duration": 0,
          "root": false,
          "rootEmpty": false,
          "_timeout": 2000
        },
        {
          "uuid": "308b7bcb-3fd0-4226-a4bb-d41dd3c11f8b",
          "title": "ical-generator Attendee",
          "fullFile": "/home/runner/work/ical-generator/ical-generator/test/attendee.ts",
          "file": "/test/attendee.ts",
          "beforeHooks": [],
          "afterHooks": [],
          "tests": [],
          "suites": [
            {
              "uuid": "65b0626a-ec98-4f26-8216-de38414ee39a",
              "title": "constructor()",
              "fullFile": "/home/runner/work/ical-generator/ical-generator/test/attendee.ts",
              "file": "/test/attendee.ts",
              "beforeHooks": [],
              "afterHooks": [],
              "tests": [
                {
                  "title": "shouldn't work without event reference",
                  "fullTitle": "ical-generator Attendee constructor() shouldn't work without event reference",
                  "timedOut": false,
                  "duration": 0,
                  "state": "passed",
                  "speed": "fast",
                  "pass": true,
                  "fail": false,
                  "pending": false,
                  "context": null,
                  "code": "assert_1.default.throws(function () {\n    // @ts-ignore\n    new attendee_1.default({ email: 'foo@bar.com' });\n}, /`event`/);",
                  "err": {},
                  "uuid": "5dac3ba4-81d1-4c3d-a14c-304344db8723",
                  "parentUUID": "65b0626a-ec98-4f26-8216-de38414ee39a",
                  "isHook": false,
                  "skipped": false
                }
              ],
              "suites": [],
              "passes": [
                "5dac3ba4-81d1-4c3d-a14c-304344db8723"
              ],
              "failures": [],
              "pending": [],
              "skipped": [],
              "duration": 0,
              "root": false,
              "rootEmpty": false,
              "_timeout": 2000
            },
            {
              "uuid": "38060a5b-a629-48b5-883a-309c9acd9e11",
              "title": "name()",
              "fullFile": "/home/runner/work/ical-generator/ical-generator/test/attendee.ts",
              "file": "/test/attendee.ts",
              "beforeHooks": [],
              "afterHooks": [],
              "tests": [
                {
                  "title": "getter should return value",
                  "fullTitle": "ical-generator Attendee name() getter should return value",
                  "timedOut": false,
                  "duration": 0,
                  "state": "passed",
                  "speed": "fast",
                  "pass": true,
                  "fail": false,
                  "pending": false,
                  "context": null,
                  "code": "const a = new attendee_1.default({}, new event_1.default({}, new calendar_1.default()));\nassert_1.default.strictEqual(a.name(), null);\na.name('Sebastian');\nassert_1.default.strictEqual(a.name(), 'Sebastian');",
                  "err": {},
                  "uuid": "5151a818-04b7-4442-b32a-ea29b580b57d",
                  "parentUUID": "38060a5b-a629-48b5-883a-309c9acd9e11",
                  "isHook": false,
                  "skipped": false
                },
                {
                  "title": "setter should return this",
                  "fullTitle": "ical-generator Attendee name() setter should return this",
                  "timedOut": false,
                  "duration": 0,
                  "state": "passed",
                  "speed": "fast",
                  "pass": true,
                  "fail": false,
                  "pending": false,
                  "context": null,
                  "code": "const a = new attendee_1.default({}, new event_1.default({}, new calendar_1.default()));\nassert_1.default.deepStrictEqual(a, a.name(null));\nassert_1.default.deepStrictEqual(a, a.name('Sebastian'));",
                  "err": {},
                  "uuid": "a02da1db-b195-476f-a965-a5ee5b70ed73",
                  "parentUUID": "38060a5b-a629-48b5-883a-309c9acd9e11",
                  "isHook": false,
                  "skipped": false
                },
                {
                  "title": "setter should change something",
                  "fullTitle": "ical-generator Attendee name() setter should change something",
                  "timedOut": false,
                  "duration": 0,
                  "state": "passed",
                  "speed": "fast",
                  "pass": true,
                  "fail": false,
                  "pending": false,
                  "context": null,
                  "code": "const a = new attendee_1.default({}, new event_1.default({}, new calendar_1.default()));\na.name('Sebastian');\nassert_1.default.strictEqual(a.name(), 'Sebastian');\na.name(null);\nassert_1.default.strictEqual(a.name(), null);",
                  "err": {},
                  "uuid": "148ffa2d-0b26-4e59-905f-b2e30a514469",
                  "parentUUID": "38060a5b-a629-48b5-883a-309c9acd9e11",
                  "isHook": false,
                  "skipped": false
                }
              ],
              "suites": [],
              "passes": [
                "5151a818-04b7-4442-b32a-ea29b580b57d",
                "a02da1db-b195-476f-a965-a5ee5b70ed73",
                "148ffa2d-0b26-4e59-905f-b2e30a514469"
              ],
              "failures": [],
              "pending": [],
              "skipped": [],
              "duration": 0,
              "root": false,
              "rootEmpty": false,
              "_timeout": 2000
            },
            {
              "uuid": "33da2c1e-3c7f-43c8-9b9d-20c6f233fbbe",
              "title": "email()",
              "fullFile": "/home/runner/work/ical-generator/ical-generator/test/attendee.ts",
              "file": "/test/attendee.ts",
              "beforeHooks": [],
              "afterHooks": [],
              "tests": [
                {
                  "title": "getter should return value",
                  "fullTitle": "ical-generator Attendee email() getter should return value",
                  "timedOut": false,
                  "duration": 0,
                  "state": "passed",
                  "speed": "fast",
                  "pass": true,
                  "fail": false,
                  "pending": false,
                  "context": null,
                  "code": "const a = new attendee_1.default({}, new event_1.default({}, new calendar_1.default())).email('foo@example.com');\nassert_1.default.strictEqual(a.email(), 'foo@example.com');",
                  "err": {},
                  "uuid": "f9ae0c4c-dd57-4037-b9ef-61e7717b7683",
                  "parentUUID": "33da2c1e-3c7f-43c8-9b9d-20c6f233fbbe",
                  "isHook": false,
                  "skipped": false
                },
                {
                  "title": "setter should return this",
                  "fullTitle": "ical-generator Attendee email() setter should return this",
                  "timedOut": false,
                  "duration": 0,
                  "state": "passed",
                  "speed": "fast",
                  "pass": true,
                  "fail": false,
                  "pending": false,
                  "context": null,
                  "code": "const a = new attendee_1.default({}, new event_1.default({}, new calendar_1.default()));\nassert_1.default.deepStrictEqual(a, a.email('foo@example.com'));",
                  "err": {},
                  "uuid": "641d1b4c-8af6-4007-bdff-2ff114059ccd",
                  "parentUUID": "33da2c1e-3c7f-43c8-9b9d-20c6f233fbbe",
                  "isHook": false,
                  "skipped": false
                },
                {
                  "title": "should change something",
                  "fullTitle": "ical-generator Attendee email() should change something",
                  "timedOut": false,
                  "duration": 0,
                  "state": "passed",
                  "speed": "fast",
                  "pass": true,
                  "fail": false,
                  "pending": false,
                  "context": null,
                  "code": "const a = new attendee_1.default({ email: 'mail@example.com' }, new event_1.default({}, new calendar_1.default()));\nassert_1.default.ok(a.toString().indexOf('mail@example.com') > -1);",
                  "err": {},
                  "uuid": "696fd2fd-8a6e-4e93-a29c-7d6d5cdde82a",
                  "parentUUID": "33da2c1e-3c7f-43c8-9b9d-20c6f233fbbe",
                  "isHook": false,
                  "skipped": false
                }
              ],
              "suites": [],
              "passes": [
                "f9ae0c4c-dd57-4037-b9ef-61e7717b7683",
                "641d1b4c-8af6-4007-bdff-2ff114059ccd",
                "696fd2fd-8a6e-4e93-a29c-7d6d5cdde82a"
              ],
              "failures": [],
              "pending": [],
              "skipped": [],
              "duration": 0,
              "root": false,
              "rootEmpty": false,
              "_timeout": 2000
            },
            {
              "uuid": "d5884daa-8554-4130-bd40-c8581743231d",
              "title": "mailto()",
              "fullFile": "/home/runner/work/ical-generator/ical-generator/test/attendee.ts",
              "file": "/test/attendee.ts",
              "beforeHooks": [],
              "afterHooks": [],
              "tests": [
                {
                  "title": "getter should return value",
                  "fullTitle": "ical-generator Attendee mailto() getter should return value",
                  "timedOut": false,
                  "duration": 0,
                  "state": "passed",
                  "speed": "fast",
                  "pass": true,
                  "fail": false,
                  "pending": false,
                  "context": null,
                  "code": "const a = new attendee_1.default({}, new event_1.default({}, new calendar_1.default()));\nassert_1.default.strictEqual(a.mailto(), null);\na.mailto('foo@example.com');\nassert_1.default.strictEqual(a.mailto(), 'foo@example.com');",
                  "err": {},
                  "uuid": "aaff8141-6cd5-4710-9409-8cacee5f1783",
                  "parentUUID": "d5884daa-8554-4130-bd40-c8581743231d",
                  "isHook": false,
                  "skipped": false
                },
                {
                  "title": "setter should return this",
                  "fullTitle": "ical-generator Attendee mailto() setter should return this",
                  "timedOut": false,
                  "duration": 0,
                  "state": "passed",
                  "speed": "fast",
                  "pass": true,
                  "fail": false,
                  "pending": false,
                  "context": null,
                  "code": "const a = new attendee_1.default({}, new event_1.default({}, new calendar_1.default()));\nassert_1.default.deepStrictEqual(a, a.mailto(null));\nassert_1.default.deepStrictEqual(a, a.mailto('foo@example.com'));",
                  "err": {},
                  "uuid": "94c94cfa-298d-4c5f-b82e-0e314d09cf8b",
                  "parentUUID": "d5884daa-8554-4130-bd40-c8581743231d",
                  "isHook": false,
                  "skipped": false
                },
                {
                  "title": "should change mailto and keep email if present",
                  "fullTitle": "ical-generator Attendee mailto() should change mailto and keep email if present",
                  "timedOut": false,
                  "duration": 0,
                  "state": "passed",
                  "speed": "fast",
                  "pass": true,
                  "fail": false,
                  "pending": false,
                  "context": null,
                  "code": "const a = new attendee_1.default({ email: 'mail@example.com' }, new event_1.default({}, new calendar_1.default()));\na.mailto('mail2@example2.com');\nassert_1.default.ok(a.toString().indexOf('EMAIL=mail@example.com') > -1 &&\n    a.toString().indexOf('MAILTO:mail2@example2.com') > -1);",
                  "err": {},
                  "uuid": "f4692898-a154-4b66-a0dd-2b941e662fc2",
                  "parentUUID": "d5884daa-8554-4130-bd40-c8581743231d",
                  "isHook": false,
                  "skipped": false
                }
              ],
              "suites": [],
              "passes": [
                "aaff8141-6cd5-4710-9409-8cacee5f1783",
                "94c94cfa-298d-4c5f-b82e-0e314d09cf8b",
                "f4692898-a154-4b66-a0dd-2b941e662fc2"
              ],
              "failures": [],
              "pending": [],
              "skipped": [],
              "duration": 0,
              "root": false,
              "rootEmpty": false,
              "_timeout": 2000
            },
            {
              "uuid": "850a0fab-9681-4ae3-8f17-143054879334",
              "title": "role()",
              "fullFile": "/home/runner/work/ical-generator/ical-generator/test/attendee.ts",
              "file": "/test/attendee.ts",
              "beforeHooks": [],
              "afterHooks": [],
              "tests": [
                {
                  "title": "setter should return this",
                  "fullTitle": "ical-generator Attendee role() setter should return this",
                  "timedOut": false,
                  "duration": 0,
                  "state": "passed",
                  "speed": "fast",
                  "pass": true,
                  "fail": false,
                  "pending": false,
                  "context": null,
                  "code": "const a = new attendee_1.default({}, new event_1.default({}, new calendar_1.default()));\nassert_1.default.deepStrictEqual(a, a.role(attendee_1.ICalAttendeeRole.REQ));",
                  "err": {},
                  "uuid": "cfb2c1ad-9ec1-499f-864c-26986a0fc75c",
                  "parentUUID": "850a0fab-9681-4ae3-8f17-143054879334",
                  "isHook": false,
                  "skipped": false
                },
                {
                  "title": "getter should return value",
                  "fullTitle": "ical-generator Attendee role() getter should return value",
                  "timedOut": false,
                  "duration": 0,
                  "state": "passed",
                  "speed": "fast",
                  "pass": true,
                  "fail": false,
                  "pending": false,
                  "context": null,
                  "code": "const a = new attendee_1.default({}, new event_1.default({}, new calendar_1.default())).role(attendee_1.ICalAttendeeRole.REQ);\nassert_1.default.strictEqual(a.role(), 'REQ-PARTICIPANT');",
                  "err": {},
                  "uuid": "be8a1769-32f6-4aa8-a538-f27b8a26fd1c",
                  "parentUUID": "850a0fab-9681-4ae3-8f17-143054879334",
                  "isHook": false,
                  "skipped": false
                },
                {
                  "title": "should throw error when method empty",
                  "fullTitle": "ical-generator Attendee role() should throw error when method empty",
                  "timedOut": false,
                  "duration": 0,
                  "state": "passed",
                  "speed": "fast",
                  "pass": true,
                  "fail": false,
                  "pending": false,
                  "context": null,
                  "code": "const a = new attendee_1.default({}, new event_1.default({}, new calendar_1.default()));\nassert_1.default.throws(function () {\n    // @ts-ignore\n    a.role('');\n}, /Input must be one of the following: CHAIR, REQ-PARTICIPANT, OPT-PARTICIPANT, NON-PARTICIPANT/);",
                  "err": {},
                  "uuid": "b0a9a01b-21ed-420f-9092-a2d388135c6a",
                  "parentUUID": "850a0fab-9681-4ae3-8f17-143054879334",
                  "isHook": false,
                  "skipped": false
                },
                {
                  "title": "should throw error when method not allowed",
                  "fullTitle": "ical-generator Attendee role() should throw error when method not allowed",
                  "timedOut": false,
                  "duration": 0,
                  "state": "passed",
                  "speed": "fast",
                  "pass": true,
                  "fail": false,
                  "pending": false,
                  "context": null,
                  "code": "const a = new attendee_1.default({}, new event_1.default({}, new calendar_1.default()));\nassert_1.default.throws(function () {\n    // @ts-ignore\n    a.role('COOKING');\n}, /must be one of the following/);",
                  "err": {},
                  "uuid": "08f043da-4827-4b1f-bd17-16ce12d9cde7",
                  "parentUUID": "850a0fab-9681-4ae3-8f17-143054879334",
[...]
                  "duration": 0,
                  "root": false,
                  "rootEmpty": false,
                  "_timeout": 2000
                },
                {
                  "uuid": "65aa3101-594d-42d1-bf2d-00912a589c0a",
                  "title": "Luxon",
                  "fullFile": "/home/runner/work/ical-generator/ical-generator/test/tools.ts",
                  "file": "/test/tools.ts",
                  "beforeHooks": [],
                  "afterHooks": [],
                  "tests": [
                    {
                      "title": "should work without setting a timezone",
                      "fullTitle": "ICalTools formatDate() Luxon should work without setting a timezone",
                      "timedOut": false,
                      "duration": 19,
                      "state": "passed",
                      "speed": "fast",
                      "pass": true,
                      "fail": false,
                      "pending": false,
                      "context": null,
                      "code": "assert_1.default.strictEqual(tools_1.formatDate(null, luxon_1.DateTime.fromISO('2018-07-05T18:24:00.052Z'), false, false), '20180705T182400Z');",
                      "err": {},
                      "uuid": "6da13566-8341-4f70-ab79-ec94999027be",
                      "parentUUID": "65aa3101-594d-42d1-bf2d-00912a589c0a",
                      "isHook": false,
                      "skipped": false
                    },
                    {
                      "title": "should work with timezone in event / calendar (with moment-timezone)",
                      "fullTitle": "ICalTools formatDate() Luxon should work with timezone in event / calendar (with moment-timezone)",
                      "timedOut": false,
                      "duration": 2,
                      "state": "passed",
                      "speed": "fast",
                      "pass": true,
                      "fail": false,
                      "pending": false,
                      "context": null,
                      "code": "assert_1.default.strictEqual(tools_1.formatDate('Canada/Saskatchewan', luxon_1.DateTime.fromISO('2018-07-05T18:24:00.052Z'), false, false), '20180705T122400');",
                      "err": {},
                      "uuid": "7ed18d0b-9281-4cc0-9e57-b27ef95c9a4c",
                      "parentUUID": "65aa3101-594d-42d1-bf2d-00912a589c0a",
                      "isHook": false,
                      "skipped": false
                    },
                    {
                      "title": "should work with floating flag",
                      "fullTitle": "ICalTools formatDate() Luxon should work with floating flag",
                      "timedOut": false,
                      "duration": 1,
                      "state": "passed",
                      "speed": "fast",
                      "pass": true,
                      "fail": false,
                      "pending": false,
                      "context": null,
                      "code": "assert_1.default.strictEqual(tools_1.formatDate(null, luxon_1.DateTime.fromISO('2018-07-05T18:24:00.052'), false, true), '20180705T182400');",
                      "err": {},
                      "uuid": "e83d3cd0-f007-4fb5-8b84-932a1940f97e",
                      "parentUUID": "65aa3101-594d-42d1-bf2d-00912a589c0a",
                      "isHook": false,
                      "skipped": false
                    }
                  ],
                  "suites": [],
                  "passes": [
                    "6da13566-8341-4f70-ab79-ec94999027be",
                    "7ed18d0b-9281-4cc0-9e57-b27ef95c9a4c",
                    "e83d3cd0-f007-4fb5-8b84-932a1940f97e"
                  ],
                  "failures": [],
                  "pending": [],
                  "skipped": [],
                  "duration": 22,
                  "root": false,
                  "rootEmpty": false,
                  "_timeout": 2000
                },
                {
                  "uuid": "a961abf8-e15d-4d6a-a3fa-c6bc69fc1a6e",
                  "title": "Day.js",
                  "fullFile": "/home/runner/work/ical-generator/ical-generator/test/tools.ts",
                  "file": "/test/tools.ts",
                  "beforeHooks": [],
                  "afterHooks": [],
                  "tests": [
                    {
                      "title": "should work without setting a timezone",
                      "fullTitle": "ICalTools formatDate() Day.js should work without setting a timezone",
                      "timedOut": false,
                      "duration": 31,
                      "state": "passed",
                      "speed": "fast",
                      "pass": true,
                      "fail": false,
                      "pending": false,
                      "context": null,
                      "code": "assert_1.default.strictEqual(tools_1.formatDate(null, dayjs_1.default('2018-07-05T18:24:00.052Z'), false, false), '20180705T182400Z');",
                      "err": {},
                      "uuid": "0ff485bb-58fa-497a-a789-9266812a3c32",
                      "parentUUID": "a961abf8-e15d-4d6a-a3fa-c6bc69fc1a6e",
                      "isHook": false,
                      "skipped": false
                    },
                    {
                      "title": "should work with timezone in event / calendar (with moment-timezone)",
                      "fullTitle": "ICalTools formatDate() Day.js should work with timezone in event / calendar (with moment-timezone)",
                      "timedOut": false,
                      "duration": 1,
                      "state": "passed",
                      "speed": "fast",
                      "pass": true,
                      "fail": false,
                      "pending": false,
                      "context": null,
                      "code": "assert_1.default.strictEqual(tools_1.formatDate('Canada/Saskatchewan', dayjs_1.default('2018-07-05T18:24:00.052Z'), false, false), '20180705T122400');",
                      "err": {},
                      "uuid": "38ef9b5e-c73a-48ae-9b5a-98101a47cd68",
                      "parentUUID": "a961abf8-e15d-4d6a-a3fa-c6bc69fc1a6e",
                      "isHook": false,
                      "skipped": false
                    },
                    {
                      "title": "should work with floating flag",
                      "fullTitle": "ICalTools formatDate() Day.js should work with floating flag",
                      "timedOut": false,
                      "duration": 0,
                      "state": "passed",
                      "speed": "fast",
                      "pass": true,
                      "fail": false,
                      "pending": false,
                      "context": null,
                      "code": "assert_1.default.strictEqual(tools_1.formatDate(null, dayjs_1.default('2018-07-05T18:24:00.052'), false, true), '20180705T182400');",
                      "err": {},
                      "uuid": "ee82419f-a551-490e-8e14-500a6a4f2ee0",
                      "parentUUID": "a961abf8-e15d-4d6a-a3fa-c6bc69fc1a6e",
                      "isHook": false,
                      "skipped": false
                    }
                  ],
                  "suites": [],
                  "passes": [
                    "0ff485bb-58fa-497a-a789-9266812a3c32",
                    "38ef9b5e-c73a-48ae-9b5a-98101a47cd68",
                    "ee82419f-a551-490e-8e14-500a6a4f2ee0"
                  ],
                  "failures": [],
                  "pending": [],
                  "skipped": [],
                  "duration": 32,
                  "root": false,
                  "rootEmpty": false,
                  "_timeout": 2000
                }
              ],
              "passes": [],
              "failures": [],
              "pending": [],
              "skipped": [],
              "duration": 0,
              "root": false,
              "rootEmpty": false,
              "_timeout": 2000
            },
            {
              "uuid": "6a468919-35da-498f-9b6f-bceed30a2416",
              "title": "formatDateTZ()",
              "fullFile": "/home/runner/work/ical-generator/ical-generator/test/tools.ts",
              "file": "/test/tools.ts",
              "beforeHooks": [],
              "afterHooks": [],
              "tests": [
                {
                  "title": "should work with timezone",
                  "fullTitle": "ICalTools formatDateTZ() should work with timezone",
                  "timedOut": false,
                  "duration": 1,
                  "state": "passed",
                  "speed": "fast",
                  "pass": true,
                  "fail": false,
                  "pending": false,
                  "context": null,
                  "code": "const ed = { timezone: 'Europe/Berlin' };\nassert_1.default.strictEqual(tools_1.formatDateTZ('Europe/Berlin', 'DSTART', moment_timezone_1.default('2018-07-02T15:48:05.000Z'), ed), 'DSTART;TZID=Europe/Berlin:20180702T174805');",
                  "err": {},
                  "uuid": "b2a8c126-898f-4321-b28c-2a56a0f0541b",
                  "parentUUID": "6a468919-35da-498f-9b6f-bceed30a2416",
                  "isHook": false,
                  "skipped": false
                },
                {
                  "title": "should work without timezone",
                  "fullTitle": "ICalTools formatDateTZ() should work without timezone",
                  "timedOut": false,
                  "duration": 0,
                  "state": "passed",
                  "speed": "fast",
                  "pass": true,
                  "fail": false,
                  "pending": false,
                  "context": null,
                  "code": "assert_1.default.strictEqual(tools_1.formatDateTZ(null, 'DSTART', '2018-07-02T15:48:05.000Z', {}), 'DSTART:20180702T154805Z');",
                  "err": {},
                  "uuid": "13c7b741-a037-41b7-a510-58b7c54c736b",
                  "parentUUID": "6a468919-35da-498f-9b6f-bceed30a2416",
                  "isHook": false,
                  "skipped": false
                }
              ],
              "suites": [],
              "passes": [
                "b2a8c126-898f-4321-b28c-2a56a0f0541b",
                "13c7b741-a037-41b7-a510-58b7c54c736b"
              ],
              "failures": [],
              "pending": [],
              "skipped": [],
              "duration": 1,
              "root": false,
              "rootEmpty": false,
              "_timeout": 2000
            },
            {
              "uuid": "ed0851b7-480e-4c59-89f6-f473c6f031ff",
              "title": "escape()",
              "fullFile": "/home/runner/work/ical-generator/ical-generator/test/tools.ts",
              "file": "/test/tools.ts",
              "beforeHooks": [],
              "afterHooks": [],
              "tests": [
                {
                  "title": "should escape \\",
                  "fullTitle": "ICalTools escape() should escape \\",
                  "timedOut": false,
                  "duration": 0,
                  "state": "passed",
                  "speed": "fast",
                  "pass": true,
                  "fail": false,
                  "pending": false,
                  "context": null,
                  "code": "assert_1.default.strictEqual(tools_1.escape('Lorem \\\\ipsum'), 'Lorem \\\\\\\\ipsum');",
                  "err": {},
                  "uuid": "dff7f7e7-cd51-4511-b77d-a4bfe35db315",
                  "parentUUID": "ed0851b7-480e-4c59-89f6-f473c6f031ff",
                  "isHook": false,
                  "skipped": false
                },
                {
                  "title": "should escape ;",
                  "fullTitle": "ICalTools escape() should escape ;",
                  "timedOut": false,
                  "duration": 0,
                  "state": "passed",
                  "speed": "fast",
                  "pass": true,
                  "fail": false,
                  "pending": false,
                  "context": null,
                  "code": "assert_1.default.strictEqual(tools_1.escape('Lorem ;ipsum'), 'Lorem \\\\;ipsum');",
                  "err": {},
                  "uuid": "b58a1105-5a3e-463b-af3b-b977277651ce",
                  "parentUUID": "ed0851b7-480e-4c59-89f6-f473c6f031ff",
                  "isHook": false,
                  "skipped": false
                },
                {
                  "title": "should escape ,",
                  "fullTitle": "ICalTools escape() should escape ,",
                  "timedOut": false,
                  "duration": 0,
                  "state": "passed",
                  "speed": "fast",
                  "pass": true,
                  "fail": false,
                  "pending": false,
                  "context": null,
                  "code": "assert_1.default.strictEqual(tools_1.escape('Lorem, ipsum'), 'Lorem\\\\, ipsum');",
                  "err": {},
                  "uuid": "7248fa1e-22dc-4f03-a04e-1e2c745b4b26",
                  "parentUUID": "ed0851b7-480e-4c59-89f6-f473c6f031ff",
                  "isHook": false,
                  "skipped": false
                },
                {
                  "title": "should escape \\r",
                  "fullTitle": "ICalTools escape() should escape \\r",
                  "timedOut": false,
                  "duration": 0,
                  "state": "passed",
                  "speed": "fast",
                  "pass": true,
                  "fail": false,
                  "pending": false,
                  "context": null,
                  "code": "assert_1.default.strictEqual(tools_1.escape('Lorem \\ripsum'), 'Lorem \\\\nipsum');",
                  "err": {},
                  "uuid": "3e07b438-f81f-4fec-88e0-c99ccd18b8d1",
                  "parentUUID": "ed0851b7-480e-4c59-89f6-f473c6f031ff",
                  "isHook": false,
                  "skipped": false
                },
                {
                  "title": "should escape \\n",
                  "fullTitle": "ICalTools escape() should escape \\n",
                  "timedOut": false,
                  "duration": 0,
                  "state": "passed",
                  "speed": "fast",
                  "pass": true,
                  "fail": false,
                  "pending": false,
                  "context": null,
                  "code": "assert_1.default.strictEqual(tools_1.escape('Lorem \\nipsum'), 'Lorem \\\\nipsum');",
                  "err": {},
                  "uuid": "687a1cf9-6155-4a89-ac94-c41692977f9e",
                  "parentUUID": "ed0851b7-480e-4c59-89f6-f473c6f031ff",
                  "isHook": false,
                  "skipped": false
                },
                {
                  "title": "should escape \\r\\n",
                  "fullTitle": "ICalTools escape() should escape \\r\\n",
                  "timedOut": false,
                  "duration": 0,
                  "state": "passed",
                  "speed": "fast",
                  "pass": true,
                  "fail": false,
                  "pending": false,
                  "context": null,
                  "code": "assert_1.default.strictEqual(tools_1.escape('Lorem \\r\\nipsum'), 'Lorem \\\\nipsum');",
                  "err": {},
                  "uuid": "08e38f6b-3fbd-48c4-8851-3db5cbc92e7c",
                  "parentUUID": "ed0851b7-480e-4c59-89f6-f473c6f031ff",
                  "isHook": false,
                  "skipped": false
                }
              ],
              "suites": [],
              "passes": [
                "dff7f7e7-cd51-4511-b77d-a4bfe35db315",
                "b58a1105-5a3e-463b-af3b-b977277651ce",
                "7248fa1e-22dc-4f03-a04e-1e2c745b4b26",
                "3e07b438-f81f-4fec-88e0-c99ccd18b8d1",
                "687a1cf9-6155-4a89-ac94-c41692977f9e",
                "08e38f6b-3fbd-48c4-8851-3db5cbc92e7c"
              ],
              "failures": [],
              "pending": [],
              "skipped": [],
              "duration": 0,
              "root": false,
              "rootEmpty": false,
              "_timeout": 2000
            },
            {
              "uuid": "8f8a6c25-13f6-406f-aa08-3406104bba9c",
              "title": "foldLines()",
              "fullFile": "/home/runner/work/ical-generator/ical-generator/test/tools.ts",
              "file": "/test/tools.ts",
              "beforeHooks": [],
              "afterHooks": [],
              "tests": [
                {
                  "title": "should basically work correctly",
                  "fullTitle": "ICalTools foldLines() should basically work correctly",
                  "timedOut": false,
                  "duration": 0,
                  "state": "passed",
                  "speed": "fast",
                  "pass": true,
                  "fail": false,
                  "pending": false,
                  "context": null,
                  "code": "assert_1.default.strictEqual(tools_1.foldLines('12345678ikjhgztrde546rf7g8hjiomkjnhgqfcdxerdftgzuinjhgcfvtzvzvuwcbiweciujzvguhbghbbqwxowidoi21e8981'), '12345678ikjhgztrde546rf7g8hjiomkjnhgqfcdxerdftgzuinjhgcfvtzvzvuwcbiweciujz\\r\\n vguhbghbbqwxowidoi21e8981');",
                  "err": {},
                  "uuid": "82755e6b-4b75-4e4c-a53a-89fd008b065b",
                  "parentUUID": "8f8a6c25-13f6-406f-aa08-3406104bba9c",
                  "isHook": false,
                  "skipped": false
                },
                {
                  "title": "should not split surrogate pairs",
                  "fullTitle": "ICalTools foldLines() should not split surrogate pairs",
                  "timedOut": false,
                  "duration": 0,
                  "state": "passed",
                  "speed": "fast",
                  "pass": true,
                  "fail": false,
                  "pending": false,
                  "context": null,
                  "code": "assert_1.default.strictEqual(tools_1.foldLines('👋🏼12345678ikjhgztrde546rf7g8hjiomkjnhgqfcdxerdftgzuinjhgcfvtzvzvuwcbiweciujvguhbghbbqwxowidoi21e8981'), '👋🏼12345678ikjhgztrde546rf7g8hjiomkjnhgqfcdxerdftgzuinjhgcfvtzvzvuwcb\\r\\n iweciujvguhbghbbqwxowidoi21e8981');",
                  "err": {},
                  "uuid": "a46e848c-adda-440e-9989-a81ef98c3382",
                  "parentUUID": "8f8a6c25-13f6-406f-aa08-3406104bba9c",
                  "isHook": false,
                  "skipped": false
                }
              ],
              "suites": [],
              "passes": [
                "82755e6b-4b75-4e4c-a53a-89fd008b065b",
                "a46e848c-adda-440e-9989-a81ef98c3382"
              ],
              "failures": [],
              "pending": [],
              "skipped": [],
              "duration": 0,
              "root": false,
              "rootEmpty": false,
              "_timeout": 2000
            }
          ],
          "passes": [],
          "failures": [],
          "pending": [],
          "skipped": [],
          "duration": 0,
          "root": false,
          "rootEmpty": false,
          "_timeout": 2000
        }
      ],
      "passes": [],
      "failures": [],
      "pending": [],
      "skipped": [],
      "duration": 0,
      "root": true,
      "rootEmpty": true,
      "_timeout": 2000
    }
  ],
  "meta": {
    "mocha": {
      "version": "8.3.0"
    },
    "mochawesome": {
      "options": {
        "quiet": false,
        "reportFilename": "mochawesome",
        "saveHtml": true,
        "saveJson": true,
        "consoleReporter": "spec",
        "useInlineDiffs": false,
        "code": true
      },
      "version": "6.2.2"
    },
    "marge": {
      "options": null,
      "version": "5.2.0"
    }
  }
}