{
  "stats": {
    "suites": 131,
    "tests": 447,
    "passes": 445,
    "pending": 2,
    "failures": 0,
    "start": "2024-10-16T06:15:58.709Z",
    "end": "2024-10-16T06:15:58.866Z",
    "duration": 157,
    "testsRegistered": 447,
    "passPercent": 100,
    "pendingPercent": 0.44742729306487694,
    "other": 0,
    "hasOther": false,
    "skipped": 0,
    "hasSkipped": false
  },
  "results": [
    {
      "uuid": "1ab8171c-d2ed-4789-bbdd-162a2ab887d5",
      "title": "",
      "fullFile": "",
      "file": "",
      "beforeHooks": [],
      "afterHooks": [],
      "tests": [],
      "suites": [
        {
          "uuid": "a6cbf1a0-c4e7-43a0-a2d6-635f7feb5916",
          "title": "ical-generator Alarm",
          "fullFile": "/home/runner/work/ical-generator/ical-generator/test/alarm.ts",
          "file": "/test/alarm.ts",
          "beforeHooks": [],
          "afterHooks": [],
          "tests": [],
          "suites": [
            {
              "uuid": "018bdb81-d602-4fc6-b6bf-5ccb4d9e553a",
              "title": "constructor()",
              "fullFile": "/home/runner/work/ical-generator/ical-generator/test/alarm.ts",
              "file": "/test/alarm.ts",
              "beforeHooks": [],
              "afterHooks": [],
              "tests": [
                {
                  "title": "shouldn't work without event reference",
                  "fullTitle": "ical-generator Alarm constructor() shouldn't work without event reference",
                  "timedOut": false,
                  "duration": 0,
                  "state": "passed",
                  "speed": "fast",
                  "pass": true,
                  "fail": false,
                  "pending": false,
                  "context": null,
                  "code": "assert.throws(function(){new ICalAlarm({type:ICalAlarmType.display},null)},/`event`/)",
                  "err": {},
                  "uuid": "f50af488-eefe-4cc4-bbdc-e69f771a6a83",
                  "parentUUID": "018bdb81-d602-4fc6-b6bf-5ccb4d9e553a",
                  "isHook": false,
                  "skipped": false
                },
                {
                  "title": "should ignore unknown data attributes",
                  "fullTitle": "ical-generator Alarm constructor() should ignore unknown data attributes",
                  "timedOut": false,
                  "duration": 1,
                  "state": "passed",
                  "speed": "fast",
                  "pass": true,
                  "fail": false,
                  "pending": false,
                  "context": null,
                  "code": "const a=new ICalAlarm({unknown:true,type:ICalAlarmType.display},new ICalEvent({start:new Date},new ICalCalendar));assert.strictEqual(a.type(),\"display\")",
                  "err": {},
                  "uuid": "1de93d57-c70f-402d-9272-a0e4eca0dc6f",
                  "parentUUID": "018bdb81-d602-4fc6-b6bf-5ccb4d9e553a",
                  "isHook": false,
                  "skipped": false
                }
              ],
              "suites": [],
              "passes": [
                "f50af488-eefe-4cc4-bbdc-e69f771a6a83",
                "1de93d57-c70f-402d-9272-a0e4eca0dc6f"
              ],
              "failures": [],
              "pending": [],
              "skipped": [],
              "duration": 1,
              "root": false,
              "rootEmpty": false,
              "_timeout": 2000
            },
            {
              "uuid": "5423e785-e815-4ea2-a62c-0b297a56e0e0",
              "title": "type()",
              "fullFile": "/home/runner/work/ical-generator/ical-generator/test/alarm.ts",
              "file": "/test/alarm.ts",
              "beforeHooks": [],
              "afterHooks": [],
              "tests": [
                {
                  "title": "setter should return this",
                  "fullTitle": "ical-generator Alarm type() setter should return this",
                  "timedOut": false,
                  "duration": 1,
                  "state": "passed",
                  "speed": "fast",
                  "pass": true,
                  "fail": false,
                  "pending": false,
                  "context": null,
                  "code": "const a=new ICalAlarm({},new ICalEvent({start:new Date},new ICalCalendar));assert.deepStrictEqual(a,a.type(ICalAlarmType.display))",
                  "err": {},
                  "uuid": "318e3537-fe13-45c4-8c3b-9c254752cd0f",
                  "parentUUID": "5423e785-e815-4ea2-a62c-0b297a56e0e0",
                  "isHook": false,
                  "skipped": false
                },
                {
                  "title": "getter should return value",
                  "fullTitle": "ical-generator Alarm type() getter should return value",
                  "timedOut": false,
                  "duration": 0,
                  "state": "passed",
                  "speed": "fast",
                  "pass": true,
                  "fail": false,
                  "pending": false,
                  "context": null,
                  "code": "const a=new ICalAlarm({},new ICalEvent({start:new Date},new ICalCalendar));assert.strictEqual(a.type(),\"display\");a.type(ICalAlarmType.audio);assert.strictEqual(a.type(),\"audio\")",
                  "err": {},
                  "uuid": "ae616753-a64f-43b8-8560-3d419d2e269e",
                  "parentUUID": "5423e785-e815-4ea2-a62c-0b297a56e0e0",
                  "isHook": false,
                  "skipped": false
                },
                {
                  "title": "should throw error when type not allowed",
                  "fullTitle": "ical-generator Alarm type() should throw error when type not allowed",
                  "timedOut": false,
                  "duration": 0,
                  "state": "passed",
                  "speed": "fast",
                  "pass": true,
                  "fail": false,
                  "pending": false,
                  "context": null,
                  "code": "const a=new ICalAlarm({},new ICalEvent({start:new Date},new ICalCalendar));assert.throws(function(){a.type(\"BANANA\")},/`type`/);assert.throws(function(){a.type(null)},/`type`/)",
                  "err": {},
                  "uuid": "41b8a4dd-f689-4e1f-b979-75a15aad5c93",
                  "parentUUID": "5423e785-e815-4ea2-a62c-0b297a56e0e0",
                  "isHook": false,
                  "skipped": false
                },
                {
                  "title": "should change something",
                  "fullTitle": "ical-generator Alarm type() should change something",
                  "timedOut": false,
                  "duration": 0,
                  "state": "passed",
                  "speed": "fast",
                  "pass": true,
                  "fail": false,
                  "pending": false,
                  "context": null,
                  "code": "const a=new ICalAlarm({},new ICalEvent({start:new Date},new ICalCalendar));assert.ok(a.toString().indexOf(\"ACTION:DISPLAY\")>-1)",
                  "err": {},
                  "uuid": "b32e7edf-36c9-4b1f-9217-a691445c001b",
                  "parentUUID": "5423e785-e815-4ea2-a62c-0b297a56e0e0",
                  "isHook": false,
                  "skipped": false
                }
              ],
              "suites": [],
              "passes": [
                "318e3537-fe13-45c4-8c3b-9c254752cd0f",
                "ae616753-a64f-43b8-8560-3d419d2e269e",
                "41b8a4dd-f689-4e1f-b979-75a15aad5c93",
                "b32e7edf-36c9-4b1f-9217-a691445c001b"
              ],
              "failures": [],
              "pending": [],
              "skipped": [],
              "duration": 1,
              "root": false,
              "rootEmpty": false,
              "_timeout": 2000
            },
            {
              "uuid": "0df8dfb4-05db-4d17-9b7c-15d63956e289",
              "title": "trigger()",
              "fullFile": "/home/runner/work/ical-generator/ical-generator/test/alarm.ts",
              "file": "/test/alarm.ts",
              "beforeHooks": [],
              "afterHooks": [],
              "tests": [
                {
                  "title": "setter should return this",
                  "fullTitle": "ical-generator Alarm trigger() setter should return this",
                  "timedOut": false,
                  "duration": 1,
                  "state": "passed",
                  "speed": "fast",
                  "pass": true,
                  "fail": false,
                  "pending": false,
                  "context": null,
                  "code": "const a=new ICalAlarm({},new ICalEvent({start:new Date},new ICalCalendar));assert.deepStrictEqual(a,a.trigger(60*10))",
                  "err": {},
                  "uuid": "70d8c294-550b-452b-bfa7-1ac93b1bbb61",
                  "parentUUID": "0df8dfb4-05db-4d17-9b7c-15d63956e289",
                  "isHook": false,
                  "skipped": false
                },
                {
                  "title": "getter should return value",
                  "fullTitle": "ical-generator Alarm trigger() getter should return value",
                  "timedOut": false,
                  "duration": 0,
                  "state": "passed",
                  "speed": "fast",
                  "pass": true,
                  "fail": false,
                  "pending": false,
                  "context": null,
                  "code": "const a=new ICalAlarm({},new ICalEvent({start:new Date},new ICalCalendar));const now=new Date;assert.strictEqual(a.trigger(),600);assert.strictEqual(a.triggerAfter(),-600);a.trigger(300);assert.strictEqual(a.trigger(),300);assert.strictEqual(a.triggerAfter(),-300);a.trigger(now);const dateResult=a.trigger();assert.deepStrictEqual(dateResult,now)",
                  "err": {},
                  "uuid": "9db6305f-dd87-4c5e-a293-06dad30f4f1d",
                  "parentUUID": "0df8dfb4-05db-4d17-9b7c-15d63956e289",
                  "isHook": false,
                  "skipped": false
                },
                {
                  "title": "should throw error when trigger not allowed",
                  "fullTitle": "ical-generator Alarm trigger() should throw error when trigger not allowed",
                  "timedOut": false,
                  "duration": 0,
                  "state": "passed",
                  "speed": "fast",
                  "pass": true,
                  "fail": false,
                  "pending": false,
                  "context": null,
                  "code": "const a=new ICalAlarm({},new ICalEvent({start:new Date},new ICalCalendar));assert.throws(function(){a.trigger(Infinity)},/`trigger`/);assert.throws(function(){a.trigger(\"hi\")},/`trigger`/);assert.throws(function(){a.trigger(true)},/`trigger`/)",
                  "err": {},
                  "uuid": "320d97ce-ece9-43eb-b035-acb362089b6a",
                  "parentUUID": "0df8dfb4-05db-4d17-9b7c-15d63956e289",
                  "isHook": false,
                  "skipped": false
                },
                {
                  "title": "setter should work with date",
                  "fullTitle": "ical-generator Alarm trigger() setter should work with date",
                  "timedOut": false,
                  "duration": 1,
                  "state": "passed",
                  "speed": "fast",
                  "pass": true,
                  "fail": false,
                  "pending": false,
                  "context": null,
                  "code": "const a=new ICalAlarm({},new ICalEvent({start:new Date},new ICalCalendar));a.trigger(new Date);assert.ok(a.trigger()instanceof Date)",
                  "err": {},
                  "uuid": "2bde0fa0-aca9-4f76-854d-3bb05669a7ee",
                  "parentUUID": "0df8dfb4-05db-4d17-9b7c-15d63956e289",
                  "isHook": false,
                  "skipped": false
                },
                {
                  "title": "setter should work with moment instance",
                  "fullTitle": "ical-generator Alarm trigger() setter should work with moment instance",
                  "timedOut": false,
                  "duration": 0,
                  "state": "passed",
                  "speed": "fast",
                  "pass": true,
                  "fail": false,
                  "pending": false,
                  "context": null,
                  "code": "const a=new ICalAlarm({},new ICalEvent({start:new Date},new ICalCalendar));a.trigger(moment());assert.ok(moment.isMoment(a.trigger()))",
                  "err": {},
                  "uuid": "5f9b9928-6781-4deb-8d2b-f0615f7edc1c",
                  "parentUUID": "0df8dfb4-05db-4d17-9b7c-15d63956e289",
                  "isHook": false,
                  "skipped": false
                },
                {
                  "title": "setter should work with number",
                  "fullTitle": "ical-generator Alarm trigger() setter should work with number",
                  "timedOut": false,
                  "duration": 0,
                  "state": "passed",
                  "speed": "fast",
                  "pass": true,
                  "fail": false,
                  "pending": false,
                  "context": null,
                  "code": "const a=new ICalAlarm({},new ICalEvent({start:new Date},new ICalCalendar));a.trigger(2*60);assert.strictEqual(a.trigger(),120)",
                  "err": {},
                  "uuid": "0182d2d1-78e5-40d1-a349-211704f1d1d8",
                  "parentUUID": "0df8dfb4-05db-4d17-9b7c-15d63956e289",
                  "isHook": false,
                  "skipped": false
                },
                {
                  "title": "should change something",
                  "fullTitle": "ical-generator Alarm trigger() should change something",
                  "timedOut": false,
                  "duration": 2,
                  "state": "passed",
                  "speed": "fast",
                  "pass": true,
                  "fail": false,
                  "pending": false,
                  "context": null,
                  "code": "const trigger=moment(\"2015-02-01T13:38:45.000Z\");const a=new ICalAlarm({},new ICalEvent({start:new Date},new ICalCalendar));assert.ok(a.toString().includes(\"TRIGGER:-PT10M\"));a.trigger(trigger);assert.ok(a.toString().includes(\"TRIGGER;VALUE=DATE-TIME:20150201T133845Z\"))",
                  "err": {},
                  "uuid": "888f8cae-e3bb-4107-aed9-8ebf3ef5d943",
                  "parentUUID": "0df8dfb4-05db-4d17-9b7c-15d63956e289",
                  "isHook": false,
                  "skipped": false
                }
              ],
              "suites": [],
              "passes": [
                "70d8c294-550b-452b-bfa7-1ac93b1bbb61",
                "9db6305f-dd87-4c5e-a293-06dad30f4f1d",
                "320d97ce-ece9-43eb-b035-acb362089b6a",
                "2bde0fa0-aca9-4f76-854d-3bb05669a7ee",
                "5f9b9928-6781-4deb-8d2b-f0615f7edc1c",
                "0182d2d1-78e5-40d1-a349-211704f1d1d8",
                "888f8cae-e3bb-4107-aed9-8ebf3ef5d943"
              ],
              "failures": [],
              "pending": [],
              "skipped": [],
              "duration": 4,
              "root": false,
              "rootEmpty": false,
              "_timeout": 2000
            },
            {
              "uuid": "e26a04e4-03c8-4e39-9524-a5d0bdfd4797",
              "title": "triggerAfter()",
              "fullFile": "/home/runner/work/ical-generator/ical-generator/test/alarm.ts",
              "file": "/test/alarm.ts",
              "beforeHooks": [],
              "afterHooks": [],
              "tests": [
                {
                  "title": "setter should return this",
                  "fullTitle": "ical-generator Alarm triggerAfter() setter should return this",
                  "timedOut": false,
                  "duration": 0,
                  "state": "passed",
                  "speed": "fast",
                  "pass": true,
                  "fail": false,
                  "pending": false,
                  "context": null,
                  "code": "const a=new ICalAlarm({},new ICalEvent({start:new Date},new ICalCalendar));assert.deepStrictEqual(a,a.triggerAfter(60*10))",
                  "err": {},
                  "uuid": "a64276d2-1e06-4d78-9a70-30b4f770d71d",
                  "parentUUID": "e26a04e4-03c8-4e39-9524-a5d0bdfd4797",
                  "isHook": false,
                  "skipped": false
                },
                {
                  "title": "getter should return value",
                  "fullTitle": "ical-generator Alarm triggerAfter() getter should return value",
                  "timedOut": false,
                  "duration": 0,
                  "state": "passed",
                  "speed": "fast",
                  "pass": true,
                  "fail": false,
                  "pending": false,
                  "context": null,
                  "code": "const a=new ICalAlarm({},new ICalEvent({start:new Date},new ICalCalendar)).triggerAfter(300);assert.strictEqual(a.triggerAfter(),300);assert.strictEqual(a.trigger(),-300)",
                  "err": {},
                  "uuid": "39410240-654d-4263-8fe5-fc0ac92de7e0",
                  "parentUUID": "e26a04e4-03c8-4e39-9524-a5d0bdfd4797",
                  "isHook": false,
                  "skipped": false
                },
                {
                  "title": "setter should work with number",
                  "fullTitle": "ical-generator Alarm triggerAfter() setter should work with number",
                  "timedOut": false,
                  "duration": 0,
                  "state": "passed",
                  "speed": "fast",
                  "pass": true,
                  "fail": false,
                  "pending": false,
                  "context": null,
                  "code": "const a=new ICalAlarm({},new ICalEvent({start:new Date},new ICalCalendar));a.triggerAfter(120);assert.strictEqual(a.trigger(),-120)",
                  "err": {},
                  "uuid": "e0f4abcd-60f5-4cad-98be-6dcf9323aea6",
                  "parentUUID": "e26a04e4-03c8-4e39-9524-a5d0bdfd4797",
                  "isHook": false,
                  "skipped": false
                },
                {
                  "title": "setter should throw error when trigger not allowed",
                  "fullTitle": "ical-generator Alarm triggerAfter() setter should throw error when trigger not allowed",
                  "timedOut": false,
                  "duration": 1,
                  "state": "passed",
                  "speed": "fast",
                  "pass": true,
                  "fail": false,
                  "pending": false,
                  "context": null,
                  "code": "const a=new ICalAlarm({},new ICalEvent({start:new Date},new ICalCalendar));assert.throws(function(){a.triggerAfter(Infinity)},/`trigger`/);assert.throws(function(){a.triggerAfter(\"hi\")},/`trigger`/);assert.throws(function(){a.triggerAfter(true)},/`trigger`/)",
                  "err": {},
                  "uuid": "91fa1c06-c043-4fa0-94a5-3976c59c83e6",
                  "parentUUID": "e26a04e4-03c8-4e39-9524-a5d0bdfd4797",
                  "isHook": false,
                  "skipped": false
                },
                {
                  "title": "should change something",
                  "fullTitle": "ical-generator Alarm triggerAfter() should change something",
                  "timedOut": false,
                  "duration": 0,
                  "state": "passed",
                  "speed": "fast",
                  "pass": true,
                  "fail": false,
                  "pending": false,
                  "context": null,
                  "code": "const trigger=moment(\"20150201T133845Z\");const a=new ICalAlarm({triggerAfter:600},new ICalEvent({start:new Date},new ICalCalendar));assert.ok(a.toString().indexOf(\"TRIGGER;RELATED=END:PT10M\")>-1);a.triggerAfter(trigger);assert.ok(a.toString().indexOf(\"TRIGGER;VALUE=DATE-TIME:20150201T133845Z\")>-1)",
                  "err": {},
                  "uuid": "063df5b1-1fbd-436d-817f-950be39d1ee7",
                  "parentUUID": "e26a04e4-03c8-4e39-9524-a5d0bdfd4797",
                  "isHook": false,
                  "skipped": false
                }
              ],
              "suites": [],
              "passes": [
                "a64276d2-1e06-4d78-9a70-30b4f770d71d",
                "39410240-654d-4263-8fe5-fc0ac92de7e0",
                "e0f4abcd-60f5-4cad-98be-6dcf9323aea6",
                "91fa1c06-c043-4fa0-94a5-3976c59c83e6",
                "063df5b1-1fbd-436d-817f-950be39d1ee7"
              ],
              "failures": [],
              "pending": [],
              "skipped": [],
              "duration": 1,
              "root": false,
              "rootEmpty": false,
              "_timeout": 2000
            },
            {
              "uuid": "b7b7d0f9-6adf-4865-978c-ec49d02596ad",
              "title": "triggerBefore()",
              "fullFile": "/home/runner/work/ical-generator/ical-generator/test/alarm.ts",
              "file": "/test/alarm.ts",
              "beforeHooks": [],
              "afterHooks": [],
              "tests": [
                {
                  "title": "setter should return this",
                  "fullTitle": "ical-generator Alarm triggerBefore() setter should return this",
                  "timedOut": false,
                  "duration": 0,
                  "state": "passed",
                  "speed": "fast",
                  "pass": true,
                  "fail": false,
                  "pending": false,
                  "context": null,
                  "code": "const a=new ICalAlarm({},new ICalEvent({start:new Date},new ICalCalendar));assert.deepStrictEqual(a,a.triggerBefore(60*10))",
                  "err": {},
                  "uuid": "a9e19c9b-e29d-4956-802c-afe84b6adb4c",
                  "parentUUID": "b7b7d0f9-6adf-4865-978c-ec49d02596ad",
                  "isHook": false,
                  "skipped": false
                },
                {
                  "title": "getter should return value",
                  "fullTitle": "ical-generator Alarm triggerBefore() getter should return value",
                  "timedOut": false,
                  "duration": 0,
                  "state": "passed",
                  "speed": "fast",
                  "pass": true,
                  "fail": false,
                  "pending": false,
                  "context": null,
                  "code": "const a=new ICalAlarm({},new ICalEvent({start:new Date},new ICalCalendar));const now=new Date;assert.strictEqual(a.triggerBefore(),600);a.trigger(300);assert.strictEqual(a.triggerBefore(),300);a.trigger(now);const dateResult=a.triggerBefore();assert.deepStrictEqual(dateResult,now)",
                  "err": {},
                  "uuid": "b0cd5d7d-a6ae-4f82-9ead-cc52056da256",
                  "parentUUID": "b7b7d0f9-6adf-4865-978c-ec49d02596ad",
                  "isHook": false,
                  "skipped": false
                },
                {
                  "title": "should throw error when trigger not allowed",
                  "fullTitle": "ical-generator Alarm triggerBefore() should throw error when trigger not allowed",
                  "timedOut": false,
                  "duration": 0,
                  "state": "passed",
                  "speed": "fast",
                  "pass": true,
                  "fail": false,
                  "pending": false,
                  "context": null,
                  "code": "const a=new ICalAlarm({},new ICalEvent({start:new Date},new ICalCalendar));assert.throws(function(){a.triggerBefore(Infinity)},/`trigger`/);assert.throws(function(){a.triggerBefore(\"hi\")},/`trigger`/);assert.throws(function(){a.triggerBefore(true)},/`trigger`/)",
                  "err": {},
                  "uuid": "3a949e80-9eeb-4795-820e-e350d7c652f9",
                  "parentUUID": "b7b7d0f9-6adf-4865-978c-ec49d02596ad",
                  "isHook": false,
                  "skipped": false
                },
                {
                  "title": "setter should work with date",
                  "fullTitle": "ical-generator Alarm triggerBefore() setter should work with date",
                  "timedOut": false,
                  "duration": 0,
                  "state": "passed",
                  "speed": "fast",
                  "pass": true,
                  "fail": false,
                  "pending": false,
                  "context": null,
                  "code": "const a=new ICalAlarm({},new ICalEvent({start:new Date},new ICalCalendar));const now=new Date;a.triggerBefore(now);assert.deepStrictEqual(a.trigger(),now)",
                  "err": {},
                  "uuid": "2c634a19-b29a-47e8-9f5a-06ec56ee77c6",
                  "parentUUID": "b7b7d0f9-6adf-4865-978c-ec49d02596ad",
                  "isHook": false,
                  "skipped": false
                },
                {
                  "title": "setter should work with moment instance",
                  "fullTitle": "ical-generator Alarm triggerBefore() setter should work with moment instance",
                  "timedOut": false,
                  "duration": 0,
                  "state": "passed",
                  "speed": "fast",
                  "pass": true,
                  "fail": false,
                  "pending": false,
                  "context": null,
                  "code": "const a=new ICalAlarm({triggerBefore:moment()},new ICalEvent({start:new Date},new ICalCalendar));assert.ok(moment.isMoment(a.trigger()))",
                  "err": {},
                  "uuid": "1de82772-f5ea-4fd9-a732-16b85504599e",
                  "parentUUID": "b7b7d0f9-6adf-4865-978c-ec49d02596ad",
                  "isHook": false,
                  "skipped": false
                },
                {
                  "title": "setter should work with number",
                  "fullTitle": "ical-generator Alarm triggerBefore() setter should work with number",
                  "timedOut": false,
                  "duration": 0,
                  "state": "passed",
                  "speed": "fast",
                  "pass": true,
                  "fail": false,
                  "pending": false,
                  "context": null,
                  "code": "const a=new ICalAlarm({},new ICalEvent({start:new Date},new ICalCalendar));a.triggerBefore(2*60);assert.strictEqual(a.trigger(),120)",
                  "err": {},
                  "uuid": "3414ab0e-139e-4b2f-9311-aa38680c73a1",
                  "parentUUID": "b7b7d0f9-6adf-4865-978c-ec49d02596ad",
                  "isHook": false,
                  "skipped": false
                },
                {
                  "title": "should change something",
                  "fullTitle": "ical-generator Alarm triggerBefore() should change something",
                  "timedOut": false,
                  "duration": 0,
                  "state": "passed",
                  "speed": "fast",
                  "pass": true,
                  "fail": false,
                  "pending": false,
                  "context": null,
                  "code": "const trigger=moment(\"2015-02-01T13:38:45.000Z\");const a=new ICalAlarm({},new ICalEvent({start:new Date},new ICalCalendar));assert.ok(a.toString().indexOf(\"TRIGGER:-PT10M\")>-1);a.triggerBefore(trigger);assert.ok(a.toString().indexOf(\"TRIGGER;VALUE=DATE-TIME:20150201T133845Z\")>-1)",
                  "err": {},
                  "uuid": "5fb8c30f-6b97-45c2-ace6-0fbe1291ce76",
                  "parentUUID": "b7b7d0f9-6adf-4865-978c-ec49d02596ad",
                  "isHook": false,
                  "skipped": false
                }
              ],
              "suites": [],
              "passes": [
                "a9e19c9b-e29d-4956-802c-afe84b6adb4c",
                "b0cd5d7d-a6ae-4f82-9ead-cc52056da256",
                "3a949e80-9eeb-4795-820e-e350d7c652f9",
                "2c634a19-b29a-47e8-9f5a-06ec56ee77c6",
                "1de82772-f5ea-4fd9-a732-16b85504599e",
                "3414ab0e-139e-4b2f-9311-aa38680c73a1",
                "5fb8c30f-6b97-45c2-ace6-0fbe1291ce76"
              ],
              "failures": [],
              "pending": [],
              "skipped": [],
              "duration": 0,
              "root": false,
              "rootEmpty": false,
              "_timeout": 2000
            },
            {
              "uuid": "05fadaf4-b575-40ae-867b-faef827de32d",
              "title": "relatesTo()",
              "fullFile": "/home/runner/work/ical-generator/ical-generator/test/alarm.ts",
              "file": "/test/alarm.ts",
              "beforeHooks": [],
              "afterHooks": [],
              "tests": [
                {
                  "title": "setter should return this",
                  "fullTitle": "ical-generator Alarm relatesTo() setter should return this",
                  "timedOut": false,
                  "duration": 0,
                  "state": "passed",
                  "speed": "fast",
                  "pass": true,
                  "fail": false,
                  "pending": false,
                  "context": null,
                  "code": "const a=new ICalAlarm({},new ICalEvent({start:new Date},new ICalCalendar));assert.deepStrictEqual(a,a.relatesTo(null));assert.deepStrictEqual(a,a.relatesTo(ICalAlarmRelatesTo.end))",
                  "err": {},
                  "uuid": "e8f85e1b-3c4f-4889-bbcd-2e30b1468b3e",
                  "parentUUID": "05fadaf4-b575-40ae-867b-faef827de32d",
                  "isHook": false,
                  "skipped": false
                },
                {
                  "title": "getter should return value",
                  "fullTitle": "ical-generator Alarm relatesTo() getter should return value",
                  "timedOut": false,
                  "duration": 0,
                  "state": "passed",
                  "speed": "fast",
                  "pass": true,
                  "fail": false,
                  "pending": false,
                  "context": null,
                  "code": "const a=new ICalAlarm({},new ICalEvent({start:new Date},new ICalCalendar));a.relatesTo(ICalAlarmRelatesTo.end);assert.strictEqual(a.relatesTo(),ICalAlarmRelatesTo.end);a.relatesTo(null);assert.strictEqual(a.relatesTo(),null)",
                  "err": {},
                  "uuid": "9463e62c-388e-4853-904e-f4f72949f311",
                  "parentUUID": "05fadaf4-b575-40ae-867b-faef827de32d",
                  "isHook": false,
                  "skipped": false
                },
                {
                  "title": "should throw if value is not `null`, \"START\" or \"END\"",
                  "fullTitle": "ical-generator Alarm relatesTo() should throw if value is not `null`, \"START\" or \"END\"",
                  "timedOut": false,
                  "duration": 0,
                  "state": "passed",
                  "speed": "fast",
                  "pass": true,
                  "fail": false,
                  "pending": false,
                  "context": null,
                  "code": "const a=new ICalAlarm({},new ICalEvent({start:new Date},new ICalCalendar));assert.throws(function(){a.relatesTo(\"hi\")},/`relatesTo`/);assert.throws(function(){a.relatesTo(true)},/`relatesTo`/);assert.throws(function(){a.relatesTo(Infinity)},/`relatesTo`/)",
                  "err": {},
                  "uuid": "01f3e9d8-f529-47e9-9d73-7218d5162ad2",
                  "parentUUID": "05fadaf4-b575-40ae-867b-faef827de32d",
                  "isHook": false,
                  "skipped": false
                },
                {
                  "title": "should change RELATED",
                  "fullTitle": "ical-generator Alarm relatesTo() should change RELATED",
                  "timedOut": false,
                  "duration": 1,
                  "state": "passed",
                  "speed": "fast",
                  "pass": true,
                  "fail": false,
                  "pending": false,
                  "context": null,
                  "code": "const a=new ICalAlarm({},new ICalEvent({start:new Date},new ICalCalendar));assert.ok(a.toString().indexOf(\"RELATED=START\")===-1);a.relatesTo(ICalAlarmRelatesTo.start);assert.ok(a.toString().indexOf(\"RELATED=START\")>-1);a.relatesTo(ICalAlarmRelatesTo.end);assert.ok(a.toString().indexOf(\"RELATED=END\")>-1)",
                  "err": {},
                  "uuid": "1e6f7338-9210-4c5c-b757-46dae2b15476",
                  "parentUUID": "05fadaf4-b575-40ae-867b-faef827de32d",
                  "isHook": false,
                  "skipped": false
                }
              ],
              "suites": [],
              "passes": [
                "e8f85e1b-3c4f-4889-bbcd-2e30b1468b3e",
                "9463e62c-388e-4853-904e-f4f72949f311",
                "01f3e9d8-f529-47e9-9d73-7218d5162ad2",
                "1e6f7338-9210-4c5c-b757-46dae2b15476"
              ],
              "failures": [],
              "pending": [],
              "skipped": [],
              "duration": 1,
              "root": false,
              "rootEmpty": false,
              "_timeout": 2000
            },
            {
              "uuid": "8f378cae-f1de-4cb8-899b-12ea75e5500b",
              "title": "repeat()",
              "fullFile": "/home/runner/work/ical-generator/ical-generator/test/alarm.ts",
              "file": "/test/alarm.ts",
              "beforeHooks": [],
              "afterHooks": [],
              "tests": [
                {
                  "title": "setter should return this",
                  "fullTitle": "ical-generator Alarm repeat() setter should return this",
                  "timedOut": false,
                  "duration": 0,
                  "state": "passed",
                  "speed": "fast",
                  "pass": true,
                  "fail": false,
                  "pending": false,
                  "context": null,
                  "code": "const a=new ICalAlarm({},new ICalEvent({start:new Date},new ICalCalendar));assert.deepStrictEqual(a,a.repeat({times:4,interval:60}))",
                  "err": {},
                  "uuid": "3e888b07-4b4f-47bd-ad2a-d1caae9671ba",
                  "parentUUID": "8f378cae-f1de-4cb8-899b-12ea75e5500b",
                  "isHook": false,
                  "skipped": false
                },
                {
                  "title": "getter should return value",
                  "fullTitle": "ical-generator Alarm repeat() getter should return value",
                  "timedOut": false,
                  "duration": 0,
                  "state": "passed",
                  "speed": "fast",
                  "pass": true,
                  "fail": false,
                  "pending": false,
                  "context": null,
                  "code": "const a=new ICalAlarm({},new ICalEvent({start:new Date},new ICalCalendar));assert.strictEqual(a.repeat(),null);a.repeat({times:4,interval:60});assert.deepStrictEqual(a.repeat(),{times:4,interval:60})",
                  "err": {},
                  "uuid": "4c29b064-e129-42e8-a62d-cb737bf601fb",
                  "parentUUID": "8f378cae-f1de-4cb8-899b-12ea75e5500b",
                  "isHook": false,
                  "skipped": false
                },
                {
                  "title": "should throw error if repeat not allowed",
                  "fullTitle": "ical-generator Alarm repeat() should throw error if repeat not allowed",
                  "timedOut": false,
                  "duration": 1,
                  "state": "passed",
                  "speed": "fast",
                  "pass": true,
                  "fail": false,
                  "pending": false,
                  "context": null,
                  "code": "const a=new ICalAlarm({},new ICalEvent({start:new Date},new ICalCalendar));assert.throws(function(){a.repeat({times:Infinity,interval:60})},/`repeat.times`/);assert.throws(function(){a.repeat({times:\"hi\",interval:60})},/`repeat.times`/);assert.throws(function(){a.repeat({times:true,interval:60})},/`repeat.times`/);assert.throws(function(){a.repeat({times:4,interval:Infinity})},/`repeat.interval`/);assert.throws(function(){a.repeat({times:4,interval:\"hi\"})},/`repeat.interval`/);assert.throws(function(){a.repeat({times:4,interval:true})},/`repeat.interval`/)",
                  "err": {},
                  "uuid": "7ed3c0c7-519b-46a6-a6dc-00d656f2fd47",
                  "parentUUID": "8f378cae-f1de-4cb8-899b-12ea75e5500b",
                  "isHook": false,
                  "skipped": false
                },
                {
                  "title": "should change something",
                  "fullTitle": "ical-generator Alarm repeat() should change something",
                  "timedOut": false,
                  "duration": 0,
                  "state": "passed",
                  "speed": "fast",
                  "pass": true,
                  "fail": false,
                  "pending": false,
                  "context": null,
                  "code": "const a=new ICalAlarm({trigger:300,repeat:{times:42,interval:90}},new ICalEvent({start:new Date},new ICalCalendar));assert.ok(a.toString().includes(\"REPEAT:42\"));assert.ok(a.toString().includes(\"DURATION:PT1M30S\"));a.repeat(null);assert.ok(!a.toString().includes(\"REPEAT:42\"));assert.ok(!a.toString().includes(\"DURATION:PT1M30S\"))",
                  "err": {},
                  "uuid": "05e9da3e-6680-4443-a497-1806922e4328",
                  "parentUUID": "8f378cae-f1de-4cb8-899b-12ea75e5500b",
                  "isHook": false,
                  "skipped": false
                },
                {
                  "title": "should throw an error if repeat is set but interval isn't",
                  "fullTitle": "ical-generator Alarm repeat() should throw an error if repeat is set but interval isn't",
                  "timedOut": false,
                  "duration": 0,
                  "state": "passed",
                  "speed": "fast",
                  "pass": true,
                  "fail": false,
                  "pending": false,
                  "context": null,
                  "code": "assert.throws(function(){new ICalAlarm({trigger:300,repeat:{times:4,interval:null}},new ICalEvent({start:new Date},new ICalCalendar))},/`repeat.interval`/)",
                  "err": {},
                  "uuid": "42642c19-457c-4223-9e17-5fc4d343bf43",
                  "parentUUID": "8f378cae-f1de-4cb8-899b-12ea75e5500b",
                  "isHook": false,
                  "skipped": false
                },
                {
                  "title": "should throw an error if interval is set but repeat isn't",
                  "fullTitle": "ical-generator Alarm repeat() should throw an error if interval is set but repeat isn't",
                  "timedOut": false,
                  "duration": 1,
                  "state": "passed",
                  "speed": "fast",
                  "pass": true,
                  "fail": false,
                  "pending": false,
                  "context": null,
                  "code": "assert.throws(function(){new ICalAlarm({trigger:300,repeat:{times:null,interval:60}},new ICalEvent({start:new Date},new ICalCalendar))},/`repeat.times`/)",
                  "err": {},
                  "uuid": "50ab09e8-a4c0-4fe8-a340-63bb3536c13d",
                  "parentUUID": "8f378cae-f1de-4cb8-899b-12ea75e5500b",
                  "isHook": false,
                  "skipped": false
                },
                {
                  "title": "should throw an error if interval is of wrong type",
                  "fullTitle": "ical-generator Alarm repeat() should throw an error if interval is of wrong type",
                  "timedOut": false,
                  "duration": 0,
                  "state": "passed",
                  "speed": "fast",
                  "pass": true,
                  "fail": false,
                  "pending": false,
                  "context": null,
                  "code": "assert.throws(function(){new ICalAlarm({trigger:300,repeat:true},new ICalEvent({start:new Date},new ICalCalendar))},/`repeat` is not correct, must be an object!/)",
                  "err": {},
                  "uuid": "9290a20e-be5b-4a72-b890-afbf2ba6b273",
                  "parentUUID": "8f378cae-f1de-4cb8-899b-12ea75e5500b",
                  "isHook": false,
                  "skipped": false
                }
              ],
              "suites": [],
              "passes": [
                "3e888b07-4b4f-47bd-ad2a-d1caae9671ba",
                "4c29b064-e129-42e8-a62d-cb737bf601fb",
                "7ed3c0c7-519b-46a6-a6dc-00d656f2fd47",
                "05e9da3e-6680-4443-a497-1806922e4328",
                "42642c19-457c-4223-9e17-5fc4d343bf43",
                "50ab09e8-a4c0-4fe8-a340-63bb3536c13d",
                "9290a20e-be5b-4a72-b890-afbf2ba6b273"
              ],
              "failures": [],
              "pending": [],
              "skipped": [],
              "duration": 2,
              "root": false,
              "rootEmpty": false,
              "_timeout": 2000
            },
            {
              "uuid": "9adf615c-57c5-4ec0-b047-cfcfc3f88918",
              "title": "attach()",
              "fullFile": "/home/runner/work/ical-generator/ical-generator/test/alarm.ts",
              "file": "/test/alarm.ts",
              "beforeHooks": [],
              "afterHooks": [],
              "tests": [
                {
                  "title": "setter should return this",
                  "fullTitle": "ical-generator Alarm attach() setter should return this",
                  "timedOut": false,
                  "duration": 0,
                  "state": "passed",
                  "speed": "fast",
                  "pass": true,
                  "fail": false,
                  "pending": false,
                  "context": null,
                  "code": "const a=new ICalAlarm({},new ICalEvent({start:new Date},new ICalCalendar));assert.deepStrictEqual(a,a.attach(null));assert.deepStrictEqual(a,a.attach(\"https://sebbo.net/beep.aud\"))",
                  "err": {},
                  "uuid": "05aede4a-e8b8-4daa-bdef-483f97bf94da",
                  "parentUUID": "9adf615c-57c5-4ec0-b047-cfcfc3f88918",
                  "isHook": false,
                  "skipped": false
                },
                {
                  "title": "getter should return value",
                  "fullTitle": "ical-generator Alarm attach() getter should return value",
                  "timedOut": false,
                  "duration": 0,
                  "state": "passed",
                  "speed": "fast",
                  "pass": true,
                  "fail": false,
                  "pending": false,
                  "context": null,
                  "code": "const t={uri:\"https://example.com/alarm.aud\",mime:\"audio/basic\"};const a=new ICalAlarm({},new ICalEvent({start:new Date},new ICalCalendar));assert.strictEqual(a.attach(),null);a.attach(t);assert.deepStrictEqual(a.attach(),t);a.attach(\"https://www.example.com/beep.aud\");assert.deepStrictEqual(a.attach(),{uri:\"https://www.example.com/beep.aud\",mime:null});a.attach({uri:\"https://www.example.com/beep.aud\"});assert.deepStrictEqual(a.attach(),{uri:\"https://www.example.com/beep.aud\",mime:null});a.attach(null);assert.strictEqual(a.attach(),null)",
                  "err": {},
                  "uuid": "64f447e5-f1ec-46c3-91be-ac09bf6c4a12",
                  "parentUUID": "9adf615c-57c5-4ec0-b047-cfcfc3f88918",
                  "isHook": false,
                  "skipped": false
                },
                {
                  "title": "should throw error withour uri",
                  "fullTitle": "ical-generator Alarm attach() should throw error withour uri",
                  "timedOut": false,
                  "duration": 0,
                  "state": "passed",
                  "speed": "fast",
                  "pass": true,
                  "fail": false,
                  "pending": false,
                  "context": null,
                  "code": "const a=new ICalAlarm({},new ICalEvent({start:new Date},new ICalCalendar));assert.throws(function(){a.attach({mime:\"audio/basic\"})},/`attach.uri`/)",
                  "err": {},
                  "uuid": "2ce0623f-d296-4949-b2d9-9a309d23ae90",
                  "parentUUID": "9adf615c-57c5-4ec0-b047-cfcfc3f88918",
                  "isHook": false,
                  "skipped": false
                },
                {
                  "title": "should throw error when unknown format",
                  "fullTitle": "ical-generator Alarm attach() should throw error when unknown format",
                  "timedOut": false,
                  "duration": 0,
                  "state": "passed",
                  "speed": "fast",
                  "pass": true,
                  "fail": false,
                  "pending": false,
                  "context": null,
                  "code": "const a=new ICalAlarm({},new ICalEvent({start:new Date},new ICalCalendar));assert.throws(function(){a.attach(Infinity)},/`attachment`/)",
                  "err": {},
                  "uuid": "e63322b9-5f48-463d-92bc-484f8397fb41",
                  "parentUUID": "9adf615c-57c5-4ec0-b047-cfcfc3f88918",
                  "isHook": false,
                  "skipped": false
                },
                {
                  "title": "should change something",
                  "fullTitle": "ical-generator Alarm attach() should change something",
                  "timedOut": false,
                  "duration": 0,
                  "state": "passed",
                  "speed": "fast",
                  "pass": true,
                  "fail": false,
                  "pending": false,
                  "context": null,
                  "code": "const a=new ICalAlarm({type:ICalAlarmType.audio},new ICalEvent({start:new Date},new ICalCalendar));assert.ok(a.toString().indexOf(\"\\r\\nATTACH;VALUE=URI:Basso\")>-1);a.attach(\"https://example.com/beep.aud\");assert.ok(a.toString().indexOf(\"\\r\\nATTACH;VALUE=URI:https://example.com/beep.aud\")>-1);a.attach({uri:\"https://example.com/beep.aud\",mime:\"audio/basic\"});assert.ok(a.toString().indexOf(\"\\r\\nATTACH;FMTTYPE=audio/basic:https://example.com/beep.aud\")>-1)",
                  "err": {},
                  "uuid": "c70c4af9-7b01-4ea6-b907-2a02df2b9afe",
                  "parentUUID": "9adf615c-57c5-4ec0-b047-cfcfc3f88918",
                  "isHook": false,
                  "skipped": false
                }
              ],
              "suites": [],
              "passes": [
                "05aede4a-e8b8-4daa-bdef-483f97bf94da",
                "64f447e5-f1ec-46c3-91be-ac09bf6c4a12",
                "2ce0623f-d296-4949-b2d9-9a309d23ae90",
                "e63322b9-5f48-463d-92bc-484f8397fb41",
                "c70c4af9-7b01-4ea6-b907-2a02df2b9afe"
              ],
              "failures": [],
              "pending": [],
              "skipped": [],
              "duration": 0,
              "root": false,
              "rootEmpty": false,
              "_timeout": 2000
            },
            {
              "uuid": "728e7f4c-5629-4c11-b669-49ea250cfa7e",
              "title": "description()",
              "fullFile": "/home/runner/work/ical-generator/ical-generator/test/alarm.ts",
              "file": "/test/alarm.ts",
              "beforeHooks": [],
              "afterHooks": [],
              "tests": [
                {
                  "title": "setter should return this",
                  "fullTitle": "ical-generator Alarm description() setter should return this",
                  "timedOut": false,
                  "duration": 1,
                  "state": "passed",
                  "speed": "fast",
                  "pass": true,
                  "fail": false,
                  "pending": false,
                  "context": null,
                  "code": "const a=new ICalAlarm({},new ICalEvent({start:new Date},new ICalCalendar));assert.deepStrictEqual(a,a.description(null));assert.deepStrictEqual(a,a.description(\"Hey Ho!\"))",
                  "err": {},
                  "uuid": "d3603f78-7f66-4b3d-8bfe-7c39ebb2bb2e",
                  "parentUUID": "728e7f4c-5629-4c11-b669-49ea250cfa7e",
                  "isHook": false,
                  "skipped": false
                },
                {
                  "title": "getter should return value",
                  "fullTitle": "ical-generator Alarm description() getter should return value",
                  "timedOut": false,
                  "duration": 0,
                  "state": "passed",
                  "speed": "fast",
                  "pass": true,
                  "fail": false,
                  "pending": false,
                  "context": null,
                  "code": "const a=new ICalAlarm({},new ICalEvent({start:new Date},new ICalCalendar));assert.deepStrictEqual(a.description(),null);a.description(\"blablabla\");assert.deepStrictEqual(a.description(),\"blablabla\");a.description(null);assert.deepStrictEqual(a.description(),null)",
                  "err": {},
                  "uuid": "913b4c07-d57a-4707-b2bb-5c549bc401cb",
                  "parentUUID": "728e7f4c-5629-4c11-b669-49ea250cfa7e",
                  "isHook": false,
                  "skipped": false
                },
                {
                  "title": "should change something",
                  "fullTitle": "ical-generator Alarm description() should change something",
                  "timedOut": false,
                  "duration": 0,
                  "state": "passed",
                  "speed": "fast",
                  "pass": true,
                  "fail": false,
                  "pending": false,
                  "context": null,
                  "code": "const a=new ICalAlarm({description:\"Huibuh!\"},new ICalEvent({start:new Date},new ICalCalendar));assert.ok(a.toString().indexOf(\"\\r\\nDESCRIPTION:Huibuh\")>-1)",
                  "err": {},
                  "uuid": "d7e39409-10e2-4631-a943-6b5a753c8a24",
                  "parentUUID": "728e7f4c-5629-4c11-b669-49ea250cfa7e",
                  "isHook": false,
                  "skipped": false
                },
                {
                  "title": "should fallback to event summary",
                  "fullTitle": "ical-generator Alarm description() should fallback to event summary",
                  "timedOut": false,
                  "duration": 0,
                  "state": "passed",
                  "speed": "fast",
                  "pass": true,
                  "fail": false,
                  "pending": false,
                  "context": null,
                  "code": "const a=new ICalAlarm({description:\"Example Event\"},new ICalEvent({start:new Date},new ICalCalendar));assert.ok(a.toString().indexOf(\"\\r\\nDESCRIPTION:Example Event\")>-1)",
                  "err": {},
                  "uuid": "418d7860-ddb3-4bf6-ac9b-41b7f5ea10b0",
                  "parentUUID": "728e7f4c-5629-4c11-b669-49ea250cfa7e",
                  "isHook": false,
                  "skipped": false
                }
              ],
              "suites": [],
              "passes": [
                "d3603f78-7f66-4b3d-8bfe-7c39ebb2bb2e",
                "913b4c07-d57a-4707-b2bb-5c549bc401cb",
                "d7e39409-10e2-4631-a943-6b5a753c8a24",
                "418d7860-ddb3-4bf6-ac9b-41b7f5ea10b0"
              ],
              "failures": [],
              "pending": [],
              "skipped": [],
              "duration": 1,
              "root": false,
              "rootEmpty": false,
              "_timeout": 2000
            },
            {
              "uuid": "00e0a4c8-5a67-4c7d-9e92-65e993136d91",
              "title": "summary()",
              "fullFile": "/home/runner/work/ical-generator/ical-generator/test/alarm.ts",
              "file": "/test/alarm.ts",
              "beforeHooks": [],
              "afterHooks": [],
              "tests": [
                {
                  "title": "setter should return this",
                  "fullTitle": "ical-generator Alarm summary() setter should return this",
                  "timedOut": false,
                  "duration": 0,
                  "state": "passed",
                  "speed": "fast",
                  "pass": true,
                  "fail": false,
                  "pending": false,
                  "context": null,
                  "code": "const a=new ICalAlarm({},new ICalEvent({start:new Date},new ICalCalendar));assert.deepStrictEqual(a,a.summary(null));assert.deepStrictEqual(a,a.summary(\"Hey Ho!\"))",
                  "err": {},
                  "uuid": "65f779cb-d688-4af5-97e8-808f7ce4e847",
                  "parentUUID": "00e0a4c8-5a67-4c7d-9e92-65e993136d91",
                  "isHook": false,
                  "skipped": false
                },
                {
                  "title": "getter should return value",
                  "fullTitle": "ical-generator Alarm summary() getter should return value",
                  "timedOut": false,
                  "duration": 0,
                  "state": "passed",
                  "speed": "fast",
                  "pass": true,
                  "fail": false,
                  "pending": false,
                  "context": null,
                  "code": "const a=new ICalAlarm({},new ICalEvent({start:new Date},new ICalCalendar));assert.deepStrictEqual(a.summary(),null);a.summary(\"blablabla\");assert.deepStrictEqual(a.summary(),\"blablabla\");a.summary(null);assert.deepStrictEqual(a.summary(),null)",
                  "err": {},
                  "uuid": "57cc69d0-86dc-4fa9-8a82-cbd78ffbe495",
                  "parentUUID": "00e0a4c8-5a67-4c7d-9e92-65e993136d91",
                  "isHook": false,
                  "skipped": false
                },
                {
                  "title": "should change something",
                  "fullTitle": "ical-generator Alarm summary() should change something",
                  "timedOut": false,
                  "duration": 0,
                  "state": "passed",
                  "speed": "fast",
                  "pass": true,
                  "fail": false,
                  "pending": false,
                  "context": null,
                  "code": "const a=new ICalAlarm({type:ICalAlarmType.email,summary:\"Huibuh!\"},new ICalEvent({start:new Date},new ICalCalendar));assert.ok(a.toString().indexOf(\"\\r\\nSUMMARY:Huibuh\")>-1)",
                  "err": {},
                  "uuid": "d2087c47-869a-4b83-853d-b90a5c777a2c",
                  "parentUUID": "00e0a4c8-5a67-4c7d-9e92-65e993136d91",
                  "isHook": false,
                  "skipped": false
                },
                {
                  "title": "should fallback to event summary",
                  "fullTitle": "ical-generator Alarm summary() should fallback to event summary",
                  "timedOut": false,
                  "duration": 0,
                  "state": "passed",
                  "speed": "fast",
                  "pass": true,
                  "fail": false,
                  "pending": false,
                  "context": null,
                  "code": "const a=new ICalAlarm({type:ICalAlarmType.email},new ICalEvent({start:new Date,summary:\"Example Event\"},new ICalCalendar));assert.ok(a.toString().indexOf(\"\\r\\nSUMMARY:Example Event\")>-1)",
                  "err": {},
                  "uuid": "0afa2125-7bd7-481f-8527-26b31f1986ca",
                  "parentUUID": "00e0a4c8-5a67-4c7d-9e92-65e993136d91",
                  "isHook": false,
                  "skipped": false
                }
              ],
              "suites": [],
              "passes": [
                "65f779cb-d688-4af5-97e8-808f7ce4e847",
                "57cc69d0-86dc-4fa9-8a82-cbd78ffbe495",
                "d2087c47-869a-4b83-853d-b90a5c777a2c",
                "0afa2125-7bd7-481f-8527-26b31f1986ca"
              ],
              "failures": [],
              "pending": [],
              "skipped": [],
              "duration": 0,
              "root": false,
              "rootEmpty": false,
              "_timeout": 2000
            },
            {
              "uuid": "0592d30f-a689-419a-bbbd-f5558dbeed13",
              "title": "createAttendee()",
              "fullFile": "/home/runner/work/ical-generator/ical-generator/test/alarm.ts",
              "file": "/test/alarm.ts",
              "beforeHooks": [],
              "afterHooks": [],
              "tests": [
                {
                  "title": "if Attendee passed, it should add and return it",
                  "fullTitle": "ical-generator Alarm createAttendee() if Attendee passed, it should add and return it",
                  "timedOut": false,
                  "duration": 1,
                  "state": "passed",
                  "speed": "fast",
                  "pass": true,
                  "fail": false,
                  "pending": false,
                  "context": null,
                  "code": "const alarm=new ICalEvent({start:new Date},new ICalCalendar).createAlarm({type:ICalAlarmType.email});const attendee=new ICalAttendee({email:\"mail@example.com\"},alarm);assert.strictEqual(alarm.createAttendee(attendee),attendee,\"createAttendee returns attendee\");assert.deepStrictEqual(alarm.attendees()[0],attendee,\"attendee pushed\")",
                  "err": {},
                  "uuid": "51a8b924-50ec-4f2e-bc85-6706cbc19d38",
                  "parentUUID": "0592d30f-a689-419a-bbbd-f5558dbeed13",
                  "isHook": false,
                  "skipped": false
                },
                {
                  "title": "should return a ICalAttendee instance",
                  "fullTitle": "ical-generator Alarm createAttendee() should return a ICalAttendee instance",
                  "timedOut": false,
                  "duration": 0,
                  "state": "passed",
                  "speed": "fast",
                  "pass": true,
                  "fail": false,
                  "pending": false,
                  "context": null,
                  "code": "const alarm=new ICalEvent({start:new Date},new ICalCalendar).createAlarm({type:ICalAlarmType.email});;assert.ok(alarm.createAttendee({email:\"mail@example.com\"})instanceof ICalAttendee);assert.strictEqual(alarm.attendees.length,1,\"attendee pushed\")",
                  "err": {},
                  "uuid": "41a55cd8-62e2-45c4-b902-21fe8e1b302f",
                  "parentUUID": "0592d30f-a689-419a-bbbd-f5558dbeed13",
                  "isHook": false,
                  "skipped": false
                },
                {
                  "title": "should accept string",
                  "fullTitle": "ical-generator Alarm createAttendee() should accept string",
                  "timedOut": false,
                  "duration": 0,
                  "state": "passed",
                  "speed": "fast",
                  "pass": true,
                  "fail": false,
                  "pending": false,
                  "context": null,
                  "code": "const alarm=new ICalEvent({start:new Date},new ICalCalendar).createAlarm({type:ICalAlarmType.email});;const attendee=alarm.createAttendee(\"Zac <zac@example.com>\");assert.strictEqual(attendee.name(),\"Zac\");assert.strictEqual(attendee.email(),\"zac@example.com\");assert.strictEqual(alarm.attendees().length,1,\"attendee pushed\")",
                  "err": {},
                  "uuid": "faef4b7f-1d46-4c1d-b4f6-5adf3eb89f38",
                  "parentUUID": "0592d30f-a689-419a-bbbd-f5558dbeed13",
                  "isHook": false,
                  "skipped": false
                },
                {
                  "title": "should throw error when string misformated",
                  "fullTitle": "ical-generator Alarm createAttendee() should throw error when string misformated",
                  "timedOut": false,
                  "duration": 0,
                  "state": "passed",
                  "speed": "fast",
                  "pass": true,
                  "fail": false,
                  "pending": false,
                  "context": null,
                  "code": "const alarm=new ICalEvent({start:new Date},new ICalCalendar).createAlarm({type:ICalAlarmType.email});;assert.throws(function(){alarm.createAttendee(\"foo bar\")},/isn't formated correctly/)",
                  "err": {},
                  "uuid": "9c8f3c6e-cb4d-4c7f-bb62-913af55df817",
                  "parentUUID": "0592d30f-a689-419a-bbbd-f5558dbeed13",
                  "isHook": false,
                  "skipped": false
                },
                {
                  "title": "should accept object",
                  "fullTitle": "ical-generator Alarm createAttendee() should accept object",
                  "timedOut": false,
                  "duration": 0,
                  "state": "passed",
                  "speed": "fast",
                  "pass": true,
                  "fail": false,
                  "pending": false,
                  "context": null,
                  "code": "const alarm=new ICalEvent({start:new Date},new ICalCalendar).createAlarm({type:ICalAlarmType.email});const attendee=alarm.createAttendee({name:\"Zac\",email:\"zac@example.com\"});assert.strictEqual(attendee.name(),\"Zac\");assert.strictEqual(attendee.email(),\"zac@example.com\");assert.strictEqual(alarm.attendees().length,1,\"attendee pushed\");assert.ok(alarm.toString().includes('ATTENDEE;ROLE=REQ-PARTICIPANT;CN=\"Zac\":MAILTO:zac@example.com'))",
                  "err": {},
                  "uuid": "79043b21-c4b7-4f5a-a365-f235df349826",
                  "parentUUID": "0592d30f-a689-419a-bbbd-f5558dbeed13",
                  "isHook": false,
                  "skipped": false
                }
              ],
              "suites": [],
              "passes": [
                "51a8b924-50ec-4f2e-bc85-6706cbc19d38",
                "41a55cd8-62e2-45c4-b902-21fe8e1b302f",
                "faef4b7f-1d46-4c1d-b4f6-5adf3eb89f38",
                "9c8f3c6e-cb4d-4c7f-bb62-913af55df817",
                "79043b21-c4b7-4f5a-a365-f235df349826"
              ],
              "failures": [],
              "pending": [],
              "skipped": [],
              "duration": 1,
              "root": false,
              "rootEmpty": false,
              "_timeout": 2000
            },
            {
              "uuid": "a7afc166-1837-420a-b1fb-49540ce844a0",
              "title": "attendees()",
              "fullFile": "/home/runner/work/ical-generator/ical-generator/test/alarm.ts",
              "file": "/test/alarm.ts",
              "beforeHooks": [],
              "afterHooks": [],
              "tests": [
                {
                  "title": "getter should return an array of attendees…",
                  "fullTitle": "ical-generator Alarm attendees() getter should return an array of attendees…",
                  "timedOut": false,
                  "duration": 0,
                  "state": "passed",
                  "speed": "fast",
                  "pass": true,
                  "fail": false,
                  "pending": false,
                  "context": null,
                  "code": "const alarm=new ICalEvent({start:new Date},new ICalCalendar).createAlarm({type:ICalAlarmType.email});assert.strictEqual(alarm.attendees().length,0);const attendee=alarm.createAttendee({email:\"mail@example.com\"});assert.strictEqual(alarm.attendees().length,1);assert.deepStrictEqual(alarm.attendees()[0],attendee)",
                  "err": {},
                  "uuid": "c0635752-e86e-424f-a2e8-04bc4b161da4",
                  "parentUUID": "a7afc166-1837-420a-b1fb-49540ce844a0",
                  "isHook": false,
                  "skipped": false
                },
                {
                  "title": "setter should add attendees and return this",
                  "fullTitle": "ical-generator Alarm attendees() setter should add attendees and return this",
                  "timedOut": false,
                  "duration": 0,
                  "state": "passed",
                  "speed": "fast",
                  "pass": true,
                  "fail": false,
                  "pending": false,
                  "context": null,
                  "code": "const alarm=new ICalEvent({start:new Date},new ICalCalendar).createAlarm({type:ICalAlarmType.email});const foo=alarm.attendees([{name:\"Person A\",email:\"a@example.com\"},{name:\"Person B\",email:\"b@example.com\"}]);assert.strictEqual(alarm.attendees().length,2);assert.deepStrictEqual(foo,alarm)",
                  "err": {},
                  "uuid": "798df76a-c850-41a6-ac80-b4a280a3a711",
                  "parentUUID": "a7afc166-1837-420a-b1fb-49540ce844a0",
                  "isHook": false,
                  "skipped": false
                }
              ],
              "suites": [],
              "passes": [
                "c0635752-e86e-424f-a2e8-04bc4b161da4",
                "798df76a-c850-41a6-ac80-b4a280a3a711"
              ],
              "failures": [],
              "pending": [],
              "skipped": [],
              "duration": 0,
              "root": false,
              "rootEmpty": false,
              "_timeout": 2000
            },
            {
              "uuid": "bc3aed16-850b-4de7-9a87-29c2d85face6",
              "title": "x()",
              "fullFile": "/home/runner/work/ical-generator/ical-generator/test/alarm.ts",
              "file": "/test/alarm.ts",
              "beforeHooks": [],
              "afterHooks": [],
              "tests": [
                {
                  "title": "is there",
                  "fullTitle": "ical-generator Alarm x() is there",
                  "timedOut": false,
                  "duration": 0,
                  "state": "passed",
                  "speed": "fast",
                  "pass": true,
                  "fail": false,
                  "pending": false,
                  "context": null,
                  "code": "const a=new ICalAlarm({},new ICalEvent({start:new Date},new ICalCalendar));assert.deepStrictEqual(a,a.x(\"X-FOO\",\"bar\"))",
                  "err": {},
                  "uuid": "1d2ea36d-3925-4c42-9782-9a283bdd6fde",
                  "parentUUID": "bc3aed16-850b-4de7-9a87-29c2d85face6",
                  "isHook": false,
                  "skipped": false
                }
              ],
              "suites": [],
              "passes": [
                "1d2ea36d-3925-4c42-9782-9a283bdd6fde"
              ],
              "failures": [],
              "pending": [],
              "skipped": [],
              "duration": 0,
              "root": false,
              "rootEmpty": false,
              "_timeout": 2000
            },
            {
              "uuid": "5d833be9-dba5-4e48-a03c-f67742875a6c",
              "title": "toJSON()",
              "fullFile": "/home/runner/work/ical-generator/ical-generator/test/alarm.ts",
              "file": "/test/alarm.ts",
              "beforeHooks": [],
              "afterHooks": [],
              "tests": [
                {
                  "title": "should work",
                  "fullTitle": "ical-generator Alarm toJSON() should work",
                  "timedOut": false,
                  "duration": 0,
                  "state": "passed",
                  "speed": "fast",
                  "pass": true,
                  "fail": false,
                  "pending": false,
                  "context": null,
                  "code": "const a=new ICalAlarm({},new ICalEvent({start:new Date},new ICalCalendar));a.type(ICalAlarmType.display);a.trigger(120);assert.deepStrictEqual(a.toJSON(),{attach:null,attendees:[],description:null,relatesTo:null,interval:null,repeat:null,summary:null,trigger:120,type:\"display\",x:[]})",
                  "err": {},
                  "uuid": "e8746ede-2f29-46e1-816a-8272bb1bc3ed",
                  "parentUUID": "5d833be9-dba5-4e48-a03c-f67742875a6c",
                  "isHook": false,
                  "skipped": false
                },
                {
                  "title": "should be compatible with constructor (type check)",
                  "fullTitle": "ical-generator Alarm toJSON() should be compatible with constructor (type check)",
                  "timedOut": false,
                  "duration": 0,
                  "state": "passed",
                  "speed": "fast",
                  "pass": true,
                  "fail": false,
                  "pending": false,
                  "context": null,
                  "code": "const a=new ICalAlarm({},new ICalEvent({start:new Date},new ICalCalendar));new ICalAlarm(a.toJSON(),new ICalEvent({start:new Date},new ICalCalendar))",
                  "err": {},
                  "uuid": "3c46d3c8-f8e0-449e-ae91-2f83932a2379",
                  "parentUUID": "5d833be9-dba5-4e48-a03c-f67742875a6c",
                  "isHook": false,
                  "skipped": false
                }
              ],
              "suites": [],
              "passes": [
                "e8746ede-2f29-46e1-816a-8272bb1bc3ed",
                "3c46d3c8-f8e0-449e-ae91-2f83932a2379"
              ],
              "failures": [],
              "pending": [],
              "skipped": [],
              "duration": 0,
              "root": false,
              "rootEmpty": false,
              "_timeout": 2000
            }
          ],
          "passes": [],
          "failures": [],
          "pending": [],
          "skipped": [],
          "duration": 0,
          "root": false,
          "rootEmpty": false,
          "_timeout": 2000
        },
        {
          "uuid": "4b4e4cb6-dd9f-4df8-b732-99aee11b3e9c",
          "title": "ical-generator Attendee",
          "fullFile": "/home/runner/work/ical-generator/ical-generator/test/attendee.ts",
          "file": "/test/attendee.ts",
          "beforeHooks": [],
          "afterHooks": [],
          "tests": [],
          "suites": [
            {
              "uuid": "f556083f-3a9e-4272-8645-c41fa5bf94e7",
              "title": "constructor()",
              "fullFile": "/home/runner/work/ical-generator/ical-generator/test/attendee.ts",
              "file": "/test/attendee.ts",
              "beforeHooks": [],
              "afterHooks": [],
              "tests": [
                {
                  "title": "shoud set data from constructor",
                  "fullTitle": "ical-generator Attendee constructor() shoud set data from constructor",
                  "timedOut": false,
                  "duration": 0,
                  "state": "passed",
                  "speed": "fast",
                  "pass": true,
                  "fail": false,
                  "pending": false,
                  "context": null,
                  "code": "const data={name:\"John Doe\",email:\"john@example.org\",mailto:\"john+calendar@example.org\",sentBy:null,status:ICalAttendeeStatus.ACCEPTED,role:ICalAttendeeRole.REQ,rsvp:false,type:ICalAttendeeType.INDIVIDUAL,delegatedTo:null,delegatedFrom:null,x:[]};const event=new ICalAttendee(data,new ICalEvent({start:new Date},new ICalCalendar));assert.deepStrictEqual(event.toJSON(),data)",
                  "err": {},
                  "uuid": "b55e361c-89e5-4b30-a4b3-3b4583b7a24b",
                  "parentUUID": "f556083f-3a9e-4272-8645-c41fa5bf94e7",
                  "isHook": false,
                  "skipped": false
                },
                {
                  "title": "shouldn't work without event reference",
                  "fullTitle": "ical-generator Attendee constructor() shouldn't work without event reference",
                  "timedOut": false,
                  "duration": 0,
                  "state": "passed",
                  "speed": "fast",
                  "pass": true,
                  "fail": false,
                  "pending": false,
                  "context": null,
                  "code": "assert.throws(function(){new ICalAttendee({email:\"foo@bar.com\"})},/`event`/)",
                  "err": {},
                  "uuid": "ab93dd44-d87f-4468-b698-951518fcba4e",
                  "parentUUID": "f556083f-3a9e-4272-8645-c41fa5bf94e7",
                  "isHook": false,
                  "skipped": false
                },
                {
                  "title": "should throw an error without email",
                  "fullTitle": "ical-generator Attendee constructor() should throw an error without email",
                  "timedOut": false,
                  "duration": 0,
                  "state": "passed",
                  "speed": "fast",
                  "pass": true,
                  "fail": false,
                  "pending": false,
                  "context": null,
                  "code": "assert.throws(function(){new ICalAttendee({name:\"Testuser\"},new ICalEvent({start:new Date},new ICalCalendar))},/`email`/)",
                  "err": {},
                  "uuid": "db7e3bb1-6d3b-4aca-ae79-8a41f61709e7",
                  "parentUUID": "f556083f-3a9e-4272-8645-c41fa5bf94e7",
                  "isHook": false,
                  "skipped": false
                }
              ],
              "suites": [],
              "passes": [
                "b55e361c-89e5-4b30-a4b3-3b4583b7a24b",
                "ab93dd44-d87f-4468-b698-951518fcba4e",
                "db7e3bb1-6d3b-4aca-ae79-8a41f61709e7"
              ],
              "failures": [],
              "pending": [],
              "skipped": [],
              "duration": 0,
              "root": false,
              "rootEmpty": false,
              "_timeout": 2000
            },
            {
              "uuid": "01c3cabd-d35a-45bf-9c11-f2d0fdb387c2",
              "title": "name()",
              "fullFile": "/home/runner/work/ical-generator/ical-generator/test/attendee.ts",
              "file": "/test/attendee.ts",
              "beforeHooks": [],
              "afterHooks": [],
              "tests": [
                {
                  "title": "getter should return value",
                  "fullTitle": "ical-generator Attendee name() getter should return value",
                  "timedOut": false,
                  "duration": 0,
                  "state": "passed",
                  "speed": "fast",
                  "pass": true,
                  "fail": false,
                  "pending": false,
                  "context": null,
                  "code": "const a=new ICalAttendee({email:\"foo@example.com\"},new ICalEvent({start:new Date},new ICalCalendar));assert.strictEqual(a.name(),null);a.name(\"Sebastian\");assert.strictEqual(a.name(),\"Sebastian\")",
                  "err": {},
                  "uuid": "b9839d94-f448-4a45-a18e-b1ee3b3947f9",
                  "parentUUID": "01c3cabd-d35a-45bf-9c11-f2d0fdb387c2",
                  "isHook": false,
                  "skipped": false
                },
                {
                  "title": "setter should return this",
                  "fullTitle": "ical-generator Attendee name() setter should return this",
                  "timedOut": false,
                  "duration": 0,
                  "state": "passed",
                  "speed": "fast",
                  "pass": true,
                  "fail": false,
                  "pending": false,
                  "context": null,
                  "code": "const a=new ICalAttendee({email:\"foo@example.com\"},new ICalEvent({start:new Date},new ICalCalendar));assert.deepStrictEqual(a,a.name(null));assert.deepStrictEqual(a,a.name(\"Sebastian\"))",
                  "err": {},
                  "uuid": "04ae6424-2de1-46fb-a5b2-d10c3e09d43e",
                  "parentUUID": "01c3cabd-d35a-45bf-9c11-f2d0fdb387c2",
                  "isHook": false,
                  "skipped": false
                },
                {
                  "title": "setter should change something",
                  "fullTitle": "ical-generator Attendee name() setter should change something",
                  "timedOut": false,
                  "duration": 0,
                  "state": "passed",
                  "speed": "fast",
                  "pass": true,
                  "fail": false,
                  "pending": false,
                  "context": null,
                  "code": "const a=new ICalAttendee({email:\"foo@example.com\"},new ICalEvent({start:new Date},new ICalCalendar));a.name(\"Sebastian\");assert.strictEqual(a.name(),\"Sebastian\");a.name(null);assert.strictEqual(a.name(),null)",
                  "err": {},
                  "uuid": "625ad805-be79-408c-bb72-f12f89f8d992",
                  "parentUUID": "01c3cabd-d35a-45bf-9c11-f2d0fdb387c2",
                  "isHook": false,
                  "skipped": false
                }
              ],
              "suites": [],
              "passes": [
                "b9839d94-f448-4a45-a18e-b1ee3b3947f9",
                "04ae6424-2de1-46fb-a5b2-d10c3e09d43e",
                "625ad805-be79-408c-bb72-f12f89f8d992"
              ],
              "failures": [],
              "pending": [],
              "skipped": [],
              "duration": 0,
              "root": false,
              "rootEmpty": false,
              "_timeout": 2000
            },
            {
              "uuid": "15c5db72-012d-4eed-a8ce-eb0cc39952d6",
              "title": "email()",
              "fullFile": "/home/runner/work/ical-generator/ical-generator/test/attendee.ts",
              "file": "/test/attendee.ts",
              "beforeHooks": [],
              "afterHooks": [],
              "tests": [
                {
                  "title": "getter should return value",
                  "fullTitle": "ical-generator Attendee email() getter should return value",
                  "timedOut": false,
                  "duration": 0,
                  "state": "passed",
                  "speed": "fast",
                  "pass": true,
                  "fail": false,
                  "pending": false,
                  "context": null,
                  "code": "const a=new ICalAttendee({email:\"foo@example.com\"},new ICalEvent({start:new Date},new ICalCalendar)).email(\"foo@example.com\");assert.strictEqual(a.email(),\"foo@example.com\")",
                  "err": {},
                  "uuid": "75cc9507-ff5c-4420-a8a1-7b1652209dec",
                  "parentUUID": "15c5db72-012d-4eed-a8ce-eb0cc39952d6",
                  "isHook": false,
                  "skipped": false
                },
                {
                  "title": "setter should return this",
                  "fullTitle": "ical-generator Attendee email() setter should return this",
                  "timedOut": false,
                  "duration": 0,
                  "state": "passed",
                  "speed": "fast",
                  "pass": true,
                  "fail": false,
                  "pending": false,
                  "context": null,
                  "code": "const a=new ICalAttendee({email:\"foo@example.com\"},new ICalEvent({start:new Date},new ICalCalendar));assert.deepStrictEqual(a,a.email(\"foo@example.com\"))",
[...]
                      "err": {},
                      "uuid": "316a675b-ef16-474d-b7dd-bf6949f66ad4",
                      "parentUUID": "7a737b61-fa70-4c37-add3-419b76741985",
                      "isHook": false,
                      "skipped": false
                    }
                  ],
                  "suites": [],
                  "passes": [
                    "625056f3-0282-4a83-bc6a-c9ed8615884e",
                    "316a675b-ef16-474d-b7dd-bf6949f66ad4"
                  ],
                  "failures": [],
                  "pending": [],
                  "skipped": [],
                  "duration": 0,
                  "root": false,
                  "rootEmpty": false,
                  "_timeout": 2000
                },
                {
                  "uuid": "fd701381-a31a-44a3-8e97-bfd5b2237525",
                  "title": "Luxon",
                  "fullFile": "/home/runner/work/ical-generator/ical-generator/test/tools.ts",
                  "file": "/test/tools.ts",
                  "beforeHooks": [],
                  "afterHooks": [],
                  "tests": [
                    {
                      "title": "should work with valid Luxon",
                      "fullTitle": "ICalTools checkDate() Luxon should work with valid Luxon",
                      "timedOut": false,
                      "duration": 0,
                      "state": "passed",
                      "speed": "fast",
                      "pass": true,
                      "fail": false,
                      "pending": false,
                      "context": null,
                      "code": "const date=DateTime.now();assert.equal(checkDate(date,\"foo\"),date)",
                      "err": {},
                      "uuid": "e837dd63-a22d-408e-a5e8-910cdf621890",
                      "parentUUID": "fd701381-a31a-44a3-8e97-bfd5b2237525",
                      "isHook": false,
                      "skipped": false
                    },
                    {
                      "title": "should throw error for invalid Luxon",
                      "fullTitle": "ICalTools checkDate() Luxon should throw error for invalid Luxon",
                      "timedOut": false,
                      "duration": 0,
                      "state": "passed",
                      "speed": "fast",
                      "pass": true,
                      "fail": false,
                      "pending": false,
                      "context": null,
                      "code": "const date=DateTime.fromISO(\"foo\");assert.throws(()=>{checkDate(date,\"foo\")},/`foo` has to be a valid date!/)",
                      "err": {},
                      "uuid": "21720e18-8276-413e-b633-00793ec7cb40",
                      "parentUUID": "fd701381-a31a-44a3-8e97-bfd5b2237525",
                      "isHook": false,
                      "skipped": false
                    }
                  ],
                  "suites": [],
                  "passes": [
                    "e837dd63-a22d-408e-a5e8-910cdf621890",
                    "21720e18-8276-413e-b633-00793ec7cb40"
                  ],
                  "failures": [],
                  "pending": [],
                  "skipped": [],
                  "duration": 0,
                  "root": false,
                  "rootEmpty": false,
                  "_timeout": 2000
                },
                {
                  "uuid": "96862c02-65c1-4c3d-8e17-98221c029880",
                  "title": "Moment",
                  "fullFile": "/home/runner/work/ical-generator/ical-generator/test/tools.ts",
                  "file": "/test/tools.ts",
                  "beforeHooks": [],
                  "afterHooks": [],
                  "tests": [
                    {
                      "title": "should work with valid Moment",
                      "fullTitle": "ICalTools checkDate() Moment should work with valid Moment",
                      "timedOut": false,
                      "duration": 1,
                      "state": "passed",
                      "speed": "fast",
                      "pass": true,
                      "fail": false,
                      "pending": false,
                      "context": null,
                      "code": "const date=moment();assert.equal(checkDate(date,\"foo\"),date)",
                      "err": {},
                      "uuid": "945733c1-680c-4838-b800-40267074b87b",
                      "parentUUID": "96862c02-65c1-4c3d-8e17-98221c029880",
                      "isHook": false,
                      "skipped": false
                    },
                    {
                      "title": "should throw error for invalid Moment",
                      "fullTitle": "ICalTools checkDate() Moment should throw error for invalid Moment",
                      "timedOut": false,
                      "duration": 0,
                      "state": "passed",
                      "speed": "fast",
                      "pass": true,
                      "fail": false,
                      "pending": false,
                      "context": null,
                      "code": "const date=moment(\"foo\",\"MM/DD/YYYY\",true);assert.throws(()=>{checkDate(date,\"foo\")},/`foo` has to be a valid date!/)",
                      "err": {},
                      "uuid": "c1e15c94-fa44-44ac-8445-a138a382fd80",
                      "parentUUID": "96862c02-65c1-4c3d-8e17-98221c029880",
                      "isHook": false,
                      "skipped": false
                    }
                  ],
                  "suites": [],
                  "passes": [
                    "945733c1-680c-4838-b800-40267074b87b",
                    "c1e15c94-fa44-44ac-8445-a138a382fd80"
                  ],
                  "failures": [],
                  "pending": [],
                  "skipped": [],
                  "duration": 1,
                  "root": false,
                  "rootEmpty": false,
                  "_timeout": 2000
                },
                {
                  "uuid": "00677e4b-621d-41ec-b2ef-35a168b0092a",
                  "title": "Day.js",
                  "fullFile": "/home/runner/work/ical-generator/ical-generator/test/tools.ts",
                  "file": "/test/tools.ts",
                  "beforeHooks": [],
                  "afterHooks": [],
                  "tests": [
                    {
                      "title": "should work with valid Day.js",
                      "fullTitle": "ICalTools checkDate() Day.js should work with valid Day.js",
                      "timedOut": false,
                      "duration": 0,
                      "state": "passed",
                      "speed": "fast",
                      "pass": true,
                      "fail": false,
                      "pending": false,
                      "context": null,
                      "code": "const date=dayjs();assert.equal(checkDate(date,\"foo\"),date)",
                      "err": {},
                      "uuid": "3c909422-0654-4701-950c-7cb4fa05ff3f",
                      "parentUUID": "00677e4b-621d-41ec-b2ef-35a168b0092a",
                      "isHook": false,
                      "skipped": false
                    },
                    {
                      "title": "should throw error for invalid Day.js",
                      "fullTitle": "ICalTools checkDate() Day.js should throw error for invalid Day.js",
                      "timedOut": false,
                      "duration": 0,
                      "state": "passed",
                      "speed": "fast",
                      "pass": true,
                      "fail": false,
                      "pending": false,
                      "context": null,
                      "code": "const date=dayjs(\"foo\");assert.throws(()=>{checkDate(date,\"foo\")},/`foo` has to be a valid date!/)",
                      "err": {},
                      "uuid": "965090f3-bdf8-4ec0-ac1c-35b2a9f5ec47",
                      "parentUUID": "00677e4b-621d-41ec-b2ef-35a168b0092a",
                      "isHook": false,
                      "skipped": false
                    }
                  ],
                  "suites": [],
                  "passes": [
                    "3c909422-0654-4701-950c-7cb4fa05ff3f",
                    "965090f3-bdf8-4ec0-ac1c-35b2a9f5ec47"
                  ],
                  "failures": [],
                  "pending": [],
                  "skipped": [],
                  "duration": 0,
                  "root": false,
                  "rootEmpty": false,
                  "_timeout": 2000
                }
              ],
              "passes": [],
              "failures": [],
              "pending": [],
              "skipped": [],
              "duration": 0,
              "root": false,
              "rootEmpty": false,
              "_timeout": 2000
            },
            {
              "uuid": "5f0f709f-c517-475b-ade4-d0fae1670813",
              "title": "toDate()",
              "fullFile": "/home/runner/work/ical-generator/ical-generator/test/tools.ts",
              "file": "/test/tools.ts",
              "beforeHooks": [],
              "afterHooks": [],
              "tests": [
                {
                  "title": "should work with strings",
                  "fullTitle": "ICalTools toDate() should work with strings",
                  "timedOut": false,
                  "duration": 0,
                  "state": "passed",
                  "speed": "fast",
                  "pass": true,
                  "fail": false,
                  "pending": false,
                  "context": null,
                  "code": "const date=new Date;assert.deepStrictEqual(toDate(date.toJSON()),date)",
                  "err": {},
                  "uuid": "ee112ee6-d80b-4885-8292-af6af58d880c",
                  "parentUUID": "5f0f709f-c517-475b-ade4-d0fae1670813",
                  "isHook": false,
                  "skipped": false
                },
                {
                  "title": "should work with native Date",
                  "fullTitle": "ICalTools toDate() should work with native Date",
                  "timedOut": false,
                  "duration": 0,
                  "state": "passed",
                  "speed": "fast",
                  "pass": true,
                  "fail": false,
                  "pending": false,
                  "context": null,
                  "code": "const date=new Date;assert.deepStrictEqual(toDate(date),date)",
                  "err": {},
                  "uuid": "e6899ea4-0d1c-4ee8-b2f1-b85c9f807486",
                  "parentUUID": "5f0f709f-c517-475b-ade4-d0fae1670813",
                  "isHook": false,
                  "skipped": false
                },
                {
                  "title": "should work with moment object",
                  "fullTitle": "ICalTools toDate() should work with moment object",
                  "timedOut": false,
                  "duration": 0,
                  "state": "passed",
                  "speed": "fast",
                  "pass": true,
                  "fail": false,
                  "pending": false,
                  "context": null,
                  "code": "const date=new Date;assert.deepStrictEqual(toDate(moment(date)),date)",
                  "err": {},
                  "uuid": "d1176828-5f05-49db-90c1-334c91234b5a",
                  "parentUUID": "5f0f709f-c517-475b-ade4-d0fae1670813",
                  "isHook": false,
                  "skipped": false
                },
                {
                  "title": "should work with moment-timezone object",
                  "fullTitle": "ICalTools toDate() should work with moment-timezone object",
                  "timedOut": false,
                  "duration": 0,
                  "state": "passed",
                  "speed": "fast",
                  "pass": true,
                  "fail": false,
                  "pending": false,
                  "context": null,
                  "code": "const date=new Date;assert.deepStrictEqual(toDate(momentTz(date)),date)",
                  "err": {},
                  "uuid": "666d1975-0b8f-4054-b2c1-828a162a1fdd",
                  "parentUUID": "5f0f709f-c517-475b-ade4-d0fae1670813",
                  "isHook": false,
                  "skipped": false
                },
                {
                  "title": "should work with Day.js object",
                  "fullTitle": "ICalTools toDate() should work with Day.js object",
                  "timedOut": false,
                  "duration": 0,
                  "state": "passed",
                  "speed": "fast",
                  "pass": true,
                  "fail": false,
                  "pending": false,
                  "context": null,
                  "code": "const date=new Date;assert.deepStrictEqual(toDate(dayjs(date)),date)",
                  "err": {},
                  "uuid": "4ebeb166-7fc1-4161-96ab-b40d3475aa88",
                  "parentUUID": "5f0f709f-c517-475b-ade4-d0fae1670813",
                  "isHook": false,
                  "skipped": false
                },
                {
                  "title": "should work with luxon DateTime object",
                  "fullTitle": "ICalTools toDate() should work with luxon DateTime object",
                  "timedOut": false,
                  "duration": 0,
                  "state": "passed",
                  "speed": "fast",
                  "pass": true,
                  "fail": false,
                  "pending": false,
                  "context": null,
                  "code": "const date=new Date;assert.deepStrictEqual(toDate(DateTime.fromJSDate(date)),date)",
                  "err": {},
                  "uuid": "ebb7d98a-ea08-4dc9-bc07-d750b940e642",
                  "parentUUID": "5f0f709f-c517-475b-ade4-d0fae1670813",
                  "isHook": false,
                  "skipped": false
                }
              ],
              "suites": [],
              "passes": [
                "ee112ee6-d80b-4885-8292-af6af58d880c",
                "e6899ea4-0d1c-4ee8-b2f1-b85c9f807486",
                "d1176828-5f05-49db-90c1-334c91234b5a",
                "666d1975-0b8f-4054-b2c1-828a162a1fdd",
                "4ebeb166-7fc1-4161-96ab-b40d3475aa88",
                "ebb7d98a-ea08-4dc9-bc07-d750b940e642"
              ],
              "failures": [],
              "pending": [],
              "skipped": [],
              "duration": 0,
              "root": false,
              "rootEmpty": false,
              "_timeout": 2000
            },
            {
              "uuid": "982ed8a7-1f3f-481d-89e0-95976151b174",
              "title": "toDurationString()",
              "fullFile": "/home/runner/work/ical-generator/ical-generator/test/tools.ts",
              "file": "/test/tools.ts",
              "beforeHooks": [],
              "afterHooks": [],
              "tests": [
                {
                  "title": "should work",
                  "fullTitle": "ICalTools toDurationString() should work",
                  "timedOut": false,
                  "duration": 0,
                  "state": "passed",
                  "speed": "fast",
                  "pass": true,
                  "fail": false,
                  "pending": false,
                  "context": null,
                  "code": "assert.strictEqual(toDurationString(0),\"PT0S\");assert.strictEqual(toDurationString(1),\"PT1S\");assert.strictEqual(toDurationString(60),\"PT1M\");assert.strictEqual(toDurationString(3600),\"PT1H\");assert.strictEqual(toDurationString(86400),\"P1D\");assert.strictEqual(toDurationString(-3600),\"-PT1H\")",
                  "err": {},
                  "uuid": "5cd6f6f8-8058-4937-b1e1-62d5c6614953",
                  "parentUUID": "982ed8a7-1f3f-481d-89e0-95976151b174",
                  "isHook": false,
                  "skipped": false
                }
              ],
              "suites": [],
              "passes": [
                "5cd6f6f8-8058-4937-b1e1-62d5c6614953"
              ],
              "failures": [],
              "pending": [],
              "skipped": [],
              "duration": 0,
              "root": false,
              "rootEmpty": false,
              "_timeout": 2000
            }
          ],
          "passes": [],
          "failures": [],
          "pending": [],
          "skipped": [],
          "duration": 0,
          "root": false,
          "rootEmpty": false,
          "_timeout": 2000
        },
        {
          "uuid": "8c1ad212-f8da-4eef-9a62-fb1121220f17",
          "title": "ical-generator Types",
          "fullFile": "/home/runner/work/ical-generator/ical-generator/test/types.ts",
          "file": "/test/types.ts",
          "beforeHooks": [],
          "afterHooks": [],
          "tests": [
            {
              "title": "stubs should be compatible with third party libraries",
              "fullTitle": "ical-generator Types stubs should be compatible with third party libraries",
              "timedOut": false,
              "duration": 0,
              "state": "passed",
              "speed": "fast",
              "pass": true,
              "fail": false,
              "pending": false,
              "context": null,
              "code": "assert.ok(dayJsTest,\"day.js stub should be compatible\");assert.ok(luxonTest,\"luxon stub should be compatible\");assert.ok(momentTest,\"moment stub should be compatible\");assert.ok(momentTimezoneTest,\"moment-timezone stub should be compatible\");assert.ok(rruleTest,\"rrule stub should be compatible\")",
              "err": {},
              "uuid": "3e8041c5-af1c-478c-b17c-112120a9697a",
              "parentUUID": "8c1ad212-f8da-4eef-9a62-fb1121220f17",
              "isHook": false,
              "skipped": false
            },
            {
              "title": "calendar data should be compatible with calendar json data",
              "fullTitle": "ical-generator Types calendar data should be compatible with calendar json data",
              "timedOut": false,
              "duration": 0,
              "state": "passed",
              "speed": "fast",
              "pass": true,
              "fail": false,
              "pending": false,
              "context": null,
              "code": "assert.ok(attendeeJson,\"attendee json data should be compatible\");assert.ok(calendarJson,\"calendar json data should be compatible\");assert.ok(categoryJson,\"category json data should be compatible\");assert.ok(eventJson,\"event json data should be compatible\")",
              "err": {},
              "uuid": "84bd939e-829f-4a4f-90c3-d0f71e6f8d3d",
              "parentUUID": "8c1ad212-f8da-4eef-9a62-fb1121220f17",
              "isHook": false,
              "skipped": false
            }
          ],
          "suites": [],
          "passes": [
            "3e8041c5-af1c-478c-b17c-112120a9697a",
            "84bd939e-829f-4a4f-90c3-d0f71e6f8d3d"
          ],
          "failures": [],
          "pending": [],
          "skipped": [],
          "duration": 0,
          "root": false,
          "rootEmpty": false,
          "_timeout": 2000
        }
      ],
      "passes": [],
      "failures": [],
      "pending": [],
      "skipped": [],
      "duration": 0,
      "root": true,
      "rootEmpty": true,
      "_timeout": 2000
    }
  ],
  "meta": {
    "mocha": {
      "version": "10.7.3"
    },
    "mochawesome": {
      "options": {
        "quiet": false,
        "reportFilename": "mochawesome",
        "saveHtml": true,
        "saveJson": true,
        "consoleReporter": "spec",
        "useInlineDiffs": false,
        "code": true
      },
      "version": "7.1.3"
    },
    "marge": {
      "options": null,
      "version": "6.2.0"
    }
  }
}