{
  "stats": {
    "suites": 124,
    "tests": 421,
    "passes": 421,
    "pending": 0,
    "failures": 0,
    "start": "2022-03-21T14:35:41.288Z",
    "end": "2022-03-21T14:35:41.641Z",
    "duration": 353,
    "testsRegistered": 421,
    "passPercent": 100,
    "pendingPercent": 0,
    "other": 0,
    "hasOther": false,
    "skipped": 0,
    "hasSkipped": false
  },
  "results": [
    {
      "uuid": "fad6442c-fed3-400c-a079-e982c93cc677",
      "title": "",
      "fullFile": "",
      "file": "",
      "beforeHooks": [],
      "afterHooks": [],
      "tests": [],
      "suites": [
        {
          "uuid": "c7e86086-0f67-4b21-980b-5b777a549543",
          "title": "ical-generator Alarm",
          "fullFile": "/home/runner/work/ical-generator/ical-generator/test/alarm.ts",
          "file": "/test/alarm.ts",
          "beforeHooks": [],
          "afterHooks": [],
          "tests": [],
          "suites": [
            {
              "uuid": "6da4e39d-c890-4e45-8346-6e48aec522de",
              "title": "constructor()",
              "fullFile": "/home/runner/work/ical-generator/ical-generator/test/alarm.ts",
              "file": "/test/alarm.ts",
              "beforeHooks": [],
              "afterHooks": [],
              "tests": [
                {
                  "title": "shouldn't work without event reference",
                  "fullTitle": "ical-generator Alarm constructor() shouldn't work without event reference",
                  "timedOut": false,
                  "duration": 0,
                  "state": "passed",
                  "speed": "fast",
                  "pass": true,
                  "fail": false,
                  "pending": false,
                  "context": null,
                  "code": "assert_1.default.throws(function () {\n    // @ts-ignore\n    new alarm_1.default({ type: alarm_1.ICalAlarmType.display }, null);\n}, /`event`/);",
                  "err": {},
                  "uuid": "1bc88c5a-65fe-4dc0-8dcf-f56ee7ee8199",
                  "parentUUID": "6da4e39d-c890-4e45-8346-6e48aec522de",
                  "isHook": false,
                  "skipped": false
                },
                {
                  "title": "should ignore unknown data attributes",
                  "fullTitle": "ical-generator Alarm constructor() should ignore unknown data attributes",
                  "timedOut": false,
                  "duration": 1,
                  "state": "passed",
                  "speed": "fast",
                  "pass": true,
                  "fail": false,
                  "pending": false,
                  "context": null,
                  "code": "const a = new alarm_1.default({\n    // @ts-ignore\n    unknown: true,\n    type: alarm_1.ICalAlarmType.display\n}, new event_1.default({}, new calendar_1.default()));\nassert_1.default.strictEqual(a.type(), 'display');",
                  "err": {},
                  "uuid": "7cfc278c-12d1-4b55-8214-bad8f46c698e",
                  "parentUUID": "6da4e39d-c890-4e45-8346-6e48aec522de",
                  "isHook": false,
                  "skipped": false
                }
              ],
              "suites": [],
              "passes": [
                "1bc88c5a-65fe-4dc0-8dcf-f56ee7ee8199",
                "7cfc278c-12d1-4b55-8214-bad8f46c698e"
              ],
              "failures": [],
              "pending": [],
              "skipped": [],
              "duration": 1,
              "root": false,
              "rootEmpty": false,
              "_timeout": 2000
            },
            {
              "uuid": "1af91c4a-cc3a-4592-9127-5a15c3d9adc4",
              "title": "type()",
              "fullFile": "/home/runner/work/ical-generator/ical-generator/test/alarm.ts",
              "file": "/test/alarm.ts",
              "beforeHooks": [],
              "afterHooks": [],
              "tests": [
                {
                  "title": "setter should return this",
                  "fullTitle": "ical-generator Alarm type() setter should return this",
                  "timedOut": false,
                  "duration": 1,
                  "state": "passed",
                  "speed": "fast",
                  "pass": true,
                  "fail": false,
                  "pending": false,
                  "context": null,
                  "code": "const a = new alarm_1.default({}, new event_1.default({}, new calendar_1.default()));\nassert_1.default.deepStrictEqual(a, a.type(null));\nassert_1.default.deepStrictEqual(a, a.type(alarm_1.ICalAlarmType.display));",
                  "err": {},
                  "uuid": "26addc11-fe62-4c17-9c9e-3ee80d16afa7",
                  "parentUUID": "1af91c4a-cc3a-4592-9127-5a15c3d9adc4",
                  "isHook": false,
                  "skipped": false
                },
                {
                  "title": "getter should return value",
                  "fullTitle": "ical-generator Alarm type() getter should return value",
                  "timedOut": false,
                  "duration": 0,
                  "state": "passed",
                  "speed": "fast",
                  "pass": true,
                  "fail": false,
                  "pending": false,
                  "context": null,
                  "code": "const a = new alarm_1.default({}, new event_1.default({}, new calendar_1.default()));\nassert_1.default.strictEqual(a.type(), null);\na.type(alarm_1.ICalAlarmType.display);\nassert_1.default.strictEqual(a.type(), 'display');\na.type(null);\nassert_1.default.strictEqual(a.type(), null);",
                  "err": {},
                  "uuid": "9e9cb3f7-90b1-4552-acd0-1c4e4559c504",
                  "parentUUID": "1af91c4a-cc3a-4592-9127-5a15c3d9adc4",
                  "isHook": false,
                  "skipped": false
                },
                {
                  "title": "should throw error when type not allowed",
                  "fullTitle": "ical-generator Alarm type() should throw error when type not allowed",
                  "timedOut": false,
                  "duration": 0,
                  "state": "passed",
                  "speed": "fast",
                  "pass": true,
                  "fail": false,
                  "pending": false,
                  "context": null,
                  "code": "const a = new alarm_1.default({}, new event_1.default({}, new calendar_1.default()));\nassert_1.default.throws(function () {\n    // @ts-ignore\n    a.type('BANANA');\n}, /`type`/);",
                  "err": {},
                  "uuid": "f34c2f18-f406-4fc7-a6af-5677ce880120",
                  "parentUUID": "1af91c4a-cc3a-4592-9127-5a15c3d9adc4",
                  "isHook": false,
                  "skipped": false
                },
                {
                  "title": "should change something",
                  "fullTitle": "ical-generator Alarm type() should change something",
                  "timedOut": false,
                  "duration": 1,
                  "state": "passed",
                  "speed": "fast",
                  "pass": true,
                  "fail": false,
                  "pending": false,
                  "context": null,
                  "code": "const a = new alarm_1.default({\n    type: alarm_1.ICalAlarmType.display,\n    trigger: 60 * 10\n}, new event_1.default({}, new calendar_1.default()));\nassert_1.default.ok(a.toString().indexOf('ACTION:DISPLAY') > -1);",
                  "err": {},
                  "uuid": "e1b749c7-286b-40b2-bc43-527a6a54c7e1",
                  "parentUUID": "1af91c4a-cc3a-4592-9127-5a15c3d9adc4",
                  "isHook": false,
                  "skipped": false
                }
              ],
              "suites": [],
              "passes": [
                "26addc11-fe62-4c17-9c9e-3ee80d16afa7",
                "9e9cb3f7-90b1-4552-acd0-1c4e4559c504",
                "f34c2f18-f406-4fc7-a6af-5677ce880120",
                "e1b749c7-286b-40b2-bc43-527a6a54c7e1"
              ],
              "failures": [],
              "pending": [],
              "skipped": [],
              "duration": 2,
              "root": false,
              "rootEmpty": false,
              "_timeout": 2000
            },
            {
              "uuid": "d50bbba5-74cf-4e79-84bf-8bc9f2f68f49",
              "title": "trigger()",
              "fullFile": "/home/runner/work/ical-generator/ical-generator/test/alarm.ts",
              "file": "/test/alarm.ts",
              "beforeHooks": [],
              "afterHooks": [],
              "tests": [
                {
                  "title": "setter should return this",
                  "fullTitle": "ical-generator Alarm trigger() setter should return this",
                  "timedOut": false,
                  "duration": 0,
                  "state": "passed",
                  "speed": "fast",
                  "pass": true,
                  "fail": false,
                  "pending": false,
                  "context": null,
                  "code": "const a = new alarm_1.default({}, new event_1.default({}, new calendar_1.default()));\nassert_1.default.deepStrictEqual(a, a.trigger(null));\nassert_1.default.deepStrictEqual(a, a.trigger(60 * 10));",
                  "err": {},
                  "uuid": "73819777-cca3-447f-89cd-84b6dd932ddb",
                  "parentUUID": "d50bbba5-74cf-4e79-84bf-8bc9f2f68f49",
                  "isHook": false,
                  "skipped": false
                },
                {
                  "title": "getter should return value",
                  "fullTitle": "ical-generator Alarm trigger() getter should return value",
                  "timedOut": false,
                  "duration": 0,
                  "state": "passed",
                  "speed": "fast",
                  "pass": true,
                  "fail": false,
                  "pending": false,
                  "context": null,
                  "code": "const a = new alarm_1.default({}, new event_1.default({}, new calendar_1.default()));\nconst now = new Date();\nassert_1.default.strictEqual(a.trigger(), null);\nassert_1.default.strictEqual(a.triggerAfter(), null);\na.trigger(300);\nassert_1.default.strictEqual(a.trigger(), 300);\nassert_1.default.strictEqual(a.triggerAfter(), -300);\n// Date\na.trigger(now);\nconst dateResult = a.trigger();\nassert_1.default.deepStrictEqual(dateResult, now);\n// Null\na.trigger(null);\nassert_1.default.strictEqual(a.trigger(), null);\nassert_1.default.strictEqual(a.triggerAfter(), null);",
                  "err": {},
                  "uuid": "1c332922-3b1a-480b-82c6-f22d33e38e94",
                  "parentUUID": "d50bbba5-74cf-4e79-84bf-8bc9f2f68f49",
                  "isHook": false,
                  "skipped": false
                },
                {
                  "title": "should throw error when trigger not allowed",
                  "fullTitle": "ical-generator Alarm trigger() should throw error when trigger not allowed",
                  "timedOut": false,
                  "duration": 0,
                  "state": "passed",
                  "speed": "fast",
                  "pass": true,
                  "fail": false,
                  "pending": false,
                  "context": null,
                  "code": "const a = new alarm_1.default({}, new event_1.default({}, new calendar_1.default()));\nassert_1.default.throws(function () {\n    a.trigger(Infinity);\n}, /`trigger`/);\nassert_1.default.throws(function () {\n    // @ts-ignore\n    a.trigger('hi');\n}, /`trigger`/);\nassert_1.default.throws(function () {\n    // @ts-ignore\n    a.trigger(true);\n}, /`trigger`/);",
                  "err": {},
                  "uuid": "cd41c58f-048d-4d91-8512-2387ab8ae8e0",
                  "parentUUID": "d50bbba5-74cf-4e79-84bf-8bc9f2f68f49",
                  "isHook": false,
                  "skipped": false
                },
                {
                  "title": "setter should work with null",
                  "fullTitle": "ical-generator Alarm trigger() setter should work with null",
                  "timedOut": false,
                  "duration": 1,
                  "state": "passed",
                  "speed": "fast",
                  "pass": true,
                  "fail": false,
                  "pending": false,
                  "context": null,
                  "code": "const a = new alarm_1.default({}, new event_1.default({}, new calendar_1.default()));\na.trigger(60 * 10);\na.trigger(null);\nassert_1.default.strictEqual(a.trigger(), null);",
                  "err": {},
                  "uuid": "0e9ae1b2-367f-4dd8-9167-b0b6c7e73fc4",
                  "parentUUID": "d50bbba5-74cf-4e79-84bf-8bc9f2f68f49",
                  "isHook": false,
                  "skipped": false
                },
                {
                  "title": "setter should work with date",
                  "fullTitle": "ical-generator Alarm trigger() setter should work with date",
                  "timedOut": false,
                  "duration": 0,
                  "state": "passed",
                  "speed": "fast",
                  "pass": true,
                  "fail": false,
                  "pending": false,
                  "context": null,
                  "code": "const a = new alarm_1.default({}, new event_1.default({}, new calendar_1.default()));\na.trigger(new Date());\nassert_1.default.ok(a.trigger() instanceof Date);",
                  "err": {},
                  "uuid": "6ed704b3-d0d2-4dcc-a40c-057ed07bda34",
                  "parentUUID": "d50bbba5-74cf-4e79-84bf-8bc9f2f68f49",
                  "isHook": false,
                  "skipped": false
                },
                {
                  "title": "setter should work with moment instance",
                  "fullTitle": "ical-generator Alarm trigger() setter should work with moment instance",
                  "timedOut": false,
                  "duration": 1,
                  "state": "passed",
                  "speed": "fast",
                  "pass": true,
                  "fail": false,
                  "pending": false,
                  "context": null,
                  "code": "const a = new alarm_1.default({}, new event_1.default({}, new calendar_1.default()));\na.trigger((0, moment_timezone_1.default)());\nassert_1.default.ok(moment_timezone_1.default.isMoment(a.trigger()));",
                  "err": {},
                  "uuid": "22768b9c-fdc7-4d39-b349-fcca712140fa",
                  "parentUUID": "d50bbba5-74cf-4e79-84bf-8bc9f2f68f49",
                  "isHook": false,
                  "skipped": false
                },
                {
                  "title": "setter should work with number",
                  "fullTitle": "ical-generator Alarm trigger() setter should work with number",
                  "timedOut": false,
                  "duration": 0,
                  "state": "passed",
                  "speed": "fast",
                  "pass": true,
                  "fail": false,
                  "pending": false,
                  "context": null,
                  "code": "const a = new alarm_1.default({}, new event_1.default({}, new calendar_1.default()));\na.trigger(2 * 60);\nassert_1.default.strictEqual(a.trigger(), 120);",
                  "err": {},
                  "uuid": "3023abbd-fdfc-44f6-b610-aa57b418ad78",
                  "parentUUID": "d50bbba5-74cf-4e79-84bf-8bc9f2f68f49",
                  "isHook": false,
                  "skipped": false
                },
                {
                  "title": "should change something",
                  "fullTitle": "ical-generator Alarm trigger() should change something",
                  "timedOut": false,
                  "duration": 3,
                  "state": "passed",
                  "speed": "fast",
                  "pass": true,
                  "fail": false,
                  "pending": false,
                  "context": null,
                  "code": "const trigger = (0, moment_timezone_1.default)('2015-02-01T13:38:45.000Z');\nconst a = new alarm_1.default({ type: alarm_1.ICalAlarmType.display, trigger: 60 * 10 }, new event_1.default({}, new calendar_1.default()));\nassert_1.default.ok(a.toString().indexOf('TRIGGER:-PT10M') > -1);\na.trigger(trigger);\nassert_1.default.ok(a.toString().indexOf('TRIGGER;VALUE=DATE-TIME:20150201T133845Z') > -1);",
                  "err": {},
                  "uuid": "bba2fc33-5585-4fa0-a4fc-914bf24d2c9a",
                  "parentUUID": "d50bbba5-74cf-4e79-84bf-8bc9f2f68f49",
                  "isHook": false,
                  "skipped": false
                }
              ],
              "suites": [],
              "passes": [
                "73819777-cca3-447f-89cd-84b6dd932ddb",
                "1c332922-3b1a-480b-82c6-f22d33e38e94",
                "cd41c58f-048d-4d91-8512-2387ab8ae8e0",
                "0e9ae1b2-367f-4dd8-9167-b0b6c7e73fc4",
                "6ed704b3-d0d2-4dcc-a40c-057ed07bda34",
                "22768b9c-fdc7-4d39-b349-fcca712140fa",
                "3023abbd-fdfc-44f6-b610-aa57b418ad78",
                "bba2fc33-5585-4fa0-a4fc-914bf24d2c9a"
              ],
              "failures": [],
              "pending": [],
              "skipped": [],
              "duration": 5,
              "root": false,
              "rootEmpty": false,
              "_timeout": 2000
            },
            {
              "uuid": "b42e095a-f403-4f3c-a86c-f0ccc0f5a3a5",
              "title": "triggerAfter()",
              "fullFile": "/home/runner/work/ical-generator/ical-generator/test/alarm.ts",
              "file": "/test/alarm.ts",
              "beforeHooks": [],
              "afterHooks": [],
              "tests": [
                {
                  "title": "setter should return this",
                  "fullTitle": "ical-generator Alarm triggerAfter() setter should return this",
                  "timedOut": false,
                  "duration": 0,
                  "state": "passed",
                  "speed": "fast",
                  "pass": true,
                  "fail": false,
                  "pending": false,
                  "context": null,
                  "code": "const a = new alarm_1.default({}, new event_1.default({}, new calendar_1.default()));\nassert_1.default.deepStrictEqual(a, a.triggerAfter(60 * 10));",
                  "err": {},
                  "uuid": "cf536eb1-64c4-4ae6-9bdc-0a3173249908",
                  "parentUUID": "b42e095a-f403-4f3c-a86c-f0ccc0f5a3a5",
                  "isHook": false,
                  "skipped": false
                },
                {
                  "title": "getter should return value",
                  "fullTitle": "ical-generator Alarm triggerAfter() getter should return value",
                  "timedOut": false,
                  "duration": 0,
                  "state": "passed",
                  "speed": "fast",
                  "pass": true,
                  "fail": false,
                  "pending": false,
                  "context": null,
                  "code": "const a = new alarm_1.default({}, new event_1.default({}, new calendar_1.default())).triggerAfter(300);\nassert_1.default.strictEqual(a.triggerAfter(), 300);\nassert_1.default.strictEqual(a.trigger(), -300);",
                  "err": {},
                  "uuid": "5b6a02b1-feb8-42ad-b0f8-b23df438ed9d",
                  "parentUUID": "b42e095a-f403-4f3c-a86c-f0ccc0f5a3a5",
                  "isHook": false,
                  "skipped": false
                },
                {
                  "title": "setter should work with number",
                  "fullTitle": "ical-generator Alarm triggerAfter() setter should work with number",
                  "timedOut": false,
                  "duration": 0,
                  "state": "passed",
                  "speed": "fast",
                  "pass": true,
                  "fail": false,
                  "pending": false,
                  "context": null,
                  "code": "const a = new alarm_1.default({}, new event_1.default({}, new calendar_1.default()));\na.triggerAfter(120);\nassert_1.default.strictEqual(a.trigger(), -120);",
                  "err": {},
                  "uuid": "66aa6f67-99a5-4774-9310-4194b30af612",
                  "parentUUID": "b42e095a-f403-4f3c-a86c-f0ccc0f5a3a5",
                  "isHook": false,
                  "skipped": false
                },
                {
                  "title": "setter should throw error when trigger not allowed",
                  "fullTitle": "ical-generator Alarm triggerAfter() setter should throw error when trigger not allowed",
                  "timedOut": false,
                  "duration": 0,
                  "state": "passed",
                  "speed": "fast",
                  "pass": true,
                  "fail": false,
                  "pending": false,
                  "context": null,
                  "code": "const a = new alarm_1.default({}, new event_1.default({}, new calendar_1.default()));\nassert_1.default.throws(function () {\n    a.triggerAfter(Infinity);\n}, /`trigger`/);\nassert_1.default.throws(function () {\n    // @ts-ignore\n    a.triggerAfter('hi');\n}, /`trigger`/);\nassert_1.default.throws(function () {\n    // @ts-ignore\n    a.triggerAfter(true);\n}, /`trigger`/);",
                  "err": {},
                  "uuid": "186e06f3-6583-4f84-94d6-6e9e33c2e721",
                  "parentUUID": "b42e095a-f403-4f3c-a86c-f0ccc0f5a3a5",
                  "isHook": false,
                  "skipped": false
                },
                {
                  "title": "should change something",
                  "fullTitle": "ical-generator Alarm triggerAfter() should change something",
                  "timedOut": false,
                  "duration": 1,
                  "state": "passed",
                  "speed": "fast",
                  "pass": true,
                  "fail": false,
                  "pending": false,
                  "context": null,
                  "code": "const trigger = (0, moment_timezone_1.default)('20150201T133845Z');\nconst a = new alarm_1.default({ type: alarm_1.ICalAlarmType.display, triggerAfter: 60 * 10 }, new event_1.default({}, new calendar_1.default()));\nassert_1.default.ok(a.toString().indexOf('TRIGGER;RELATED=END:PT10M') > -1);\na.triggerAfter(trigger);\nassert_1.default.ok(a.toString().indexOf('TRIGGER;VALUE=DATE-TIME:20150201T133845Z') > -1);",
                  "err": {},
                  "uuid": "5f17125e-40b4-48ad-9761-126e4125c67d",
                  "parentUUID": "b42e095a-f403-4f3c-a86c-f0ccc0f5a3a5",
                  "isHook": false,
                  "skipped": false
                }
              ],
              "suites": [],
              "passes": [
                "cf536eb1-64c4-4ae6-9bdc-0a3173249908",
                "5b6a02b1-feb8-42ad-b0f8-b23df438ed9d",
                "66aa6f67-99a5-4774-9310-4194b30af612",
                "186e06f3-6583-4f84-94d6-6e9e33c2e721",
                "5f17125e-40b4-48ad-9761-126e4125c67d"
              ],
              "failures": [],
              "pending": [],
              "skipped": [],
              "duration": 1,
              "root": false,
              "rootEmpty": false,
              "_timeout": 2000
            },
            {
              "uuid": "212282a0-f6d7-471b-88e1-f047c3223ffb",
              "title": "triggerBefore()",
              "fullFile": "/home/runner/work/ical-generator/ical-generator/test/alarm.ts",
              "file": "/test/alarm.ts",
              "beforeHooks": [],
              "afterHooks": [],
              "tests": [
                {
                  "title": "setter should return this",
                  "fullTitle": "ical-generator Alarm triggerBefore() setter should return this",
                  "timedOut": false,
                  "duration": 0,
                  "state": "passed",
                  "speed": "fast",
                  "pass": true,
                  "fail": false,
                  "pending": false,
                  "context": null,
                  "code": "const a = new alarm_1.default({}, new event_1.default({}, new calendar_1.default()));\nassert_1.default.deepStrictEqual(a, a.triggerBefore(null));\nassert_1.default.deepStrictEqual(a, a.triggerBefore(60 * 10));",
                  "err": {},
                  "uuid": "68eb942e-023b-4b88-8cb2-8241ca03cc6f",
                  "parentUUID": "212282a0-f6d7-471b-88e1-f047c3223ffb",
                  "isHook": false,
                  "skipped": false
                },
                {
                  "title": "getter should return value",
                  "fullTitle": "ical-generator Alarm triggerBefore() getter should return value",
                  "timedOut": false,
                  "duration": 0,
                  "state": "passed",
                  "speed": "fast",
                  "pass": true,
                  "fail": false,
                  "pending": false,
                  "context": null,
                  "code": "const a = new alarm_1.default({}, new event_1.default({}, new calendar_1.default()));\nconst now = new Date();\nassert_1.default.strictEqual(a.triggerBefore(), null);\na.trigger(300);\nassert_1.default.strictEqual(a.triggerBefore(), 300);\n// Date\na.trigger(now);\nconst dateResult = a.triggerBefore();\nassert_1.default.deepStrictEqual(dateResult, now);\n// Null\na.trigger(null);\nassert_1.default.strictEqual(a.triggerBefore(), null);",
                  "err": {},
                  "uuid": "11fd185c-76f1-440c-a10f-afc57072ed01",
                  "parentUUID": "212282a0-f6d7-471b-88e1-f047c3223ffb",
                  "isHook": false,
                  "skipped": false
                },
                {
                  "title": "should throw error when trigger not allowed",
                  "fullTitle": "ical-generator Alarm triggerBefore() should throw error when trigger not allowed",
                  "timedOut": false,
                  "duration": 0,
                  "state": "passed",
                  "speed": "fast",
                  "pass": true,
                  "fail": false,
                  "pending": false,
                  "context": null,
                  "code": "const a = new alarm_1.default({}, new event_1.default({}, new calendar_1.default()));\nassert_1.default.throws(function () {\n    a.triggerBefore(Infinity);\n}, /`trigger`/);\nassert_1.default.throws(function () {\n    // @ts-ignore\n    a.triggerBefore('hi');\n}, /`trigger`/);\nassert_1.default.throws(function () {\n    // @ts-ignore\n    a.triggerBefore(true);\n}, /`trigger`/);",
                  "err": {},
                  "uuid": "20b1793c-3f6e-472a-9e2d-6e38ef747bf0",
                  "parentUUID": "212282a0-f6d7-471b-88e1-f047c3223ffb",
                  "isHook": false,
                  "skipped": false
                },
                {
                  "title": "setter should work with null",
                  "fullTitle": "ical-generator Alarm triggerBefore() setter should work with null",
                  "timedOut": false,
                  "duration": 1,
                  "state": "passed",
                  "speed": "fast",
                  "pass": true,
                  "fail": false,
                  "pending": false,
                  "context": null,
                  "code": "const a = new alarm_1.default({}, new event_1.default({}, new calendar_1.default()));\na.triggerBefore(60 * 10);\na.triggerBefore(null);\nassert_1.default.strictEqual(a.trigger(), null);",
                  "err": {},
                  "uuid": "b7f26169-fa29-4c61-97c1-4436212e36af",
                  "parentUUID": "212282a0-f6d7-471b-88e1-f047c3223ffb",
                  "isHook": false,
                  "skipped": false
                },
                {
                  "title": "setter should work with date",
                  "fullTitle": "ical-generator Alarm triggerBefore() setter should work with date",
                  "timedOut": false,
                  "duration": 0,
                  "state": "passed",
                  "speed": "fast",
                  "pass": true,
                  "fail": false,
                  "pending": false,
                  "context": null,
                  "code": "const a = new alarm_1.default({}, new event_1.default({}, new calendar_1.default()));\nconst now = new Date();\na.triggerBefore(now);\nassert_1.default.deepStrictEqual(a.trigger(), now);",
                  "err": {},
                  "uuid": "10d0db82-bba8-4f99-b63b-eb250f900e1c",
                  "parentUUID": "212282a0-f6d7-471b-88e1-f047c3223ffb",
                  "isHook": false,
                  "skipped": false
                },
                {
                  "title": "setter should work with moment instance",
                  "fullTitle": "ical-generator Alarm triggerBefore() setter should work with moment instance",
                  "timedOut": false,
                  "duration": 0,
                  "state": "passed",
                  "speed": "fast",
                  "pass": true,
                  "fail": false,
                  "pending": false,
                  "context": null,
                  "code": "const a = new alarm_1.default({}, new event_1.default({}, new calendar_1.default()));\na.triggerBefore((0, moment_timezone_1.default)());\nassert_1.default.ok(moment_timezone_1.default.isMoment(a.trigger()));",
                  "err": {},
                  "uuid": "cb06e7e1-3cc2-408b-b2b8-09b25f724540",
                  "parentUUID": "212282a0-f6d7-471b-88e1-f047c3223ffb",
                  "isHook": false,
                  "skipped": false
                },
                {
                  "title": "setter should work with number",
                  "fullTitle": "ical-generator Alarm triggerBefore() setter should work with number",
                  "timedOut": false,
                  "duration": 0,
                  "state": "passed",
                  "speed": "fast",
                  "pass": true,
                  "fail": false,
                  "pending": false,
                  "context": null,
                  "code": "const a = new alarm_1.default({}, new event_1.default({}, new calendar_1.default()));\na.triggerBefore(2 * 60);\nassert_1.default.strictEqual(a.trigger(), 120);",
                  "err": {},
                  "uuid": "eaf5b5da-e439-4556-b4be-97230bbd0d4f",
                  "parentUUID": "212282a0-f6d7-471b-88e1-f047c3223ffb",
                  "isHook": false,
                  "skipped": false
                },
                {
                  "title": "should change something",
                  "fullTitle": "ical-generator Alarm triggerBefore() should change something",
                  "timedOut": false,
                  "duration": 0,
                  "state": "passed",
                  "speed": "fast",
                  "pass": true,
                  "fail": false,
                  "pending": false,
                  "context": null,
                  "code": "const trigger = (0, moment_timezone_1.default)('2015-02-01T13:38:45.000Z');\nconst a = new alarm_1.default({ type: alarm_1.ICalAlarmType.display, triggerBefore: 60 * 10 }, new event_1.default({}, new calendar_1.default()));\nassert_1.default.ok(a.toString().indexOf('TRIGGER:-PT10M') > -1);\na.triggerBefore(trigger);\nassert_1.default.ok(a.toString().indexOf('TRIGGER;VALUE=DATE-TIME:20150201T133845Z') > -1);",
                  "err": {},
                  "uuid": "24e308e6-6e1b-4c0c-91d5-f01af5b4a1c2",
                  "parentUUID": "212282a0-f6d7-471b-88e1-f047c3223ffb",
                  "isHook": false,
                  "skipped": false
                }
              ],
              "suites": [],
              "passes": [
                "68eb942e-023b-4b88-8cb2-8241ca03cc6f",
                "11fd185c-76f1-440c-a10f-afc57072ed01",
                "20b1793c-3f6e-472a-9e2d-6e38ef747bf0",
                "b7f26169-fa29-4c61-97c1-4436212e36af",
                "10d0db82-bba8-4f99-b63b-eb250f900e1c",
                "cb06e7e1-3cc2-408b-b2b8-09b25f724540",
                "eaf5b5da-e439-4556-b4be-97230bbd0d4f",
                "24e308e6-6e1b-4c0c-91d5-f01af5b4a1c2"
              ],
              "failures": [],
              "pending": [],
              "skipped": [],
              "duration": 1,
              "root": false,
              "rootEmpty": false,
              "_timeout": 2000
            },
            {
              "uuid": "eddca9ba-56e1-4428-9f62-ec935c779555",
              "title": "repeat()",
              "fullFile": "/home/runner/work/ical-generator/ical-generator/test/alarm.ts",
              "file": "/test/alarm.ts",
              "beforeHooks": [],
              "afterHooks": [],
              "tests": [
                {
                  "title": "setter should return this",
                  "fullTitle": "ical-generator Alarm repeat() setter should return this",
                  "timedOut": false,
                  "duration": 0,
                  "state": "passed",
                  "speed": "fast",
                  "pass": true,
                  "fail": false,
                  "pending": false,
                  "context": null,
                  "code": "const a = new alarm_1.default({}, new event_1.default({}, new calendar_1.default()));\nassert_1.default.deepStrictEqual(a, a.repeat(null));\nassert_1.default.deepStrictEqual(a, a.repeat(4));",
                  "err": {},
                  "uuid": "c008ba9d-8ddf-4119-9e57-1517691440db",
                  "parentUUID": "eddca9ba-56e1-4428-9f62-ec935c779555",
                  "isHook": false,
                  "skipped": false
                },
                {
                  "title": "getter should return value",
                  "fullTitle": "ical-generator Alarm repeat() getter should return value",
                  "timedOut": false,
                  "duration": 0,
                  "state": "passed",
                  "speed": "fast",
                  "pass": true,
                  "fail": false,
                  "pending": false,
                  "context": null,
                  "code": "const a = new alarm_1.default({}, new event_1.default({}, new calendar_1.default()));\nassert_1.default.strictEqual(a.repeat(), null);\na.repeat(100);\nassert_1.default.strictEqual(a.repeat(), 100);\na.repeat(null);\nassert_1.default.strictEqual(a.repeat(), null);",
                  "err": {},
                  "uuid": "25a04167-b6e3-4d95-8510-d97c6fd8cdfc",
                  "parentUUID": "eddca9ba-56e1-4428-9f62-ec935c779555",
                  "isHook": false,
                  "skipped": false
                },
                {
                  "title": "should throw error if repeat not allowed",
                  "fullTitle": "ical-generator Alarm repeat() should throw error if repeat not allowed",
                  "timedOut": false,
                  "duration": 0,
                  "state": "passed",
                  "speed": "fast",
                  "pass": true,
                  "fail": false,
                  "pending": false,
                  "context": null,
                  "code": "const a = new alarm_1.default({}, new event_1.default({}, new calendar_1.default()));\nassert_1.default.throws(function () {\n    a.repeat(Infinity);\n}, /`repeat`/);\nassert_1.default.throws(function () {\n    // @ts-ignore\n    a.repeat('hi');\n}, /`repeat`/);\nassert_1.default.throws(function () {\n    // @ts-ignore\n    a.repeat(true);\n}, /`repeat`/);",
                  "err": {},
                  "uuid": "33da8bab-76aa-4fda-8383-cdcfc1d983ac",
                  "parentUUID": "eddca9ba-56e1-4428-9f62-ec935c779555",
                  "isHook": false,
                  "skipped": false
                },
                {
                  "title": "should change something",
                  "fullTitle": "ical-generator Alarm repeat() should change something",
                  "timedOut": false,
                  "duration": 1,
                  "state": "passed",
                  "speed": "fast",
                  "pass": true,
                  "fail": false,
                  "pending": false,
                  "context": null,
                  "code": "const a = new alarm_1.default({\n    type: alarm_1.ICalAlarmType.display,\n    trigger: 300,\n    repeat: 42,\n    interval: 60\n}, new event_1.default({}, new calendar_1.default()));\nassert_1.default.ok(a.toString().indexOf('REPEAT:42') > -1);",
                  "err": {},
                  "uuid": "06e5219f-c5d3-4d98-83ee-08dfff43c0cd",
                  "parentUUID": "eddca9ba-56e1-4428-9f62-ec935c779555",
                  "isHook": false,
                  "skipped": false
                }
              ],
              "suites": [],
              "passes": [
                "c008ba9d-8ddf-4119-9e57-1517691440db",
                "25a04167-b6e3-4d95-8510-d97c6fd8cdfc",
                "33da8bab-76aa-4fda-8383-cdcfc1d983ac",
                "06e5219f-c5d3-4d98-83ee-08dfff43c0cd"
              ],
              "failures": [],
              "pending": [],
              "skipped": [],
              "duration": 1,
              "root": false,
              "rootEmpty": false,
              "_timeout": 2000
            },
            {
              "uuid": "9bbff577-064f-445a-becd-b039b488d09c",
              "title": "interval()",
              "fullFile": "/home/runner/work/ical-generator/ical-generator/test/alarm.ts",
              "file": "/test/alarm.ts",
              "beforeHooks": [],
              "afterHooks": [],
              "tests": [
                {
                  "title": "setter should return this",
                  "fullTitle": "ical-generator Alarm interval() setter should return this",
                  "timedOut": false,
                  "duration": 0,
                  "state": "passed",
                  "speed": "fast",
                  "pass": true,
                  "fail": false,
                  "pending": false,
                  "context": null,
                  "code": "const a = new alarm_1.default({}, new event_1.default({}, new calendar_1.default()));\nassert_1.default.deepStrictEqual(a, a.interval(null));\nassert_1.default.deepStrictEqual(a, a.interval(60));",
                  "err": {},
                  "uuid": "9b0d9d1e-e4bb-47eb-a0ad-6b68f71d942d",
                  "parentUUID": "9bbff577-064f-445a-becd-b039b488d09c",
                  "isHook": false,
                  "skipped": false
                },
                {
                  "title": "getter should return value",
                  "fullTitle": "ical-generator Alarm interval() getter should return value",
                  "timedOut": false,
                  "duration": 0,
                  "state": "passed",
                  "speed": "fast",
                  "pass": true,
                  "fail": false,
                  "pending": false,
                  "context": null,
                  "code": "const a = new alarm_1.default({}, new event_1.default({}, new calendar_1.default()));\nassert_1.default.strictEqual(a.interval(), null);\na.interval(30);\nassert_1.default.strictEqual(a.interval(), 30);\na.interval(null);\nassert_1.default.strictEqual(a.interval(), null);",
                  "err": {},
                  "uuid": "c89e0a49-0ac5-42d3-b67b-b03f6cb2dbe6",
                  "parentUUID": "9bbff577-064f-445a-becd-b039b488d09c",
                  "isHook": false,
                  "skipped": false
                },
                {
                  "title": "should throw error if repeat not allowed",
                  "fullTitle": "ical-generator Alarm interval() should throw error if repeat not allowed",
                  "timedOut": false,
                  "duration": 0,
                  "state": "passed",
                  "speed": "fast",
                  "pass": true,
                  "fail": false,
                  "pending": false,
                  "context": null,
                  "code": "const a = new alarm_1.default({}, new event_1.default({}, new calendar_1.default()));\nassert_1.default.throws(function () {\n    a.interval(Infinity);\n}, /`interval`/);\nassert_1.default.throws(function () {\n    // @ts-ignore\n    a.interval('hi');\n}, /`interval`/);\nassert_1.default.throws(function () {\n    // @ts-ignore\n    a.interval(true);\n}, /`interval`/);",
                  "err": {},
                  "uuid": "696d7914-15a5-4930-8ac4-ea98047c3455",
                  "parentUUID": "9bbff577-064f-445a-becd-b039b488d09c",
                  "isHook": false,
                  "skipped": false
                },
                {
                  "title": "should change something",
                  "fullTitle": "ical-generator Alarm interval() should change something",
                  "timedOut": false,
                  "duration": 0,
                  "state": "passed",
                  "speed": "fast",
                  "pass": true,
                  "fail": false,
                  "pending": false,
                  "context": null,
                  "code": "const a = new alarm_1.default({\n    type: alarm_1.ICalAlarmType.display,\n    trigger: 300,\n    repeat: 42,\n    interval: 90\n}, new event_1.default({}, new calendar_1.default()));\nassert_1.default.ok(a.toString().indexOf('DURATION:PT1M30S') > -1);",
                  "err": {},
                  "uuid": "b4b05bd7-85b6-4410-8a3d-48bcf4a11983",
                  "parentUUID": "9bbff577-064f-445a-becd-b039b488d09c",
                  "isHook": false,
                  "skipped": false
                }
              ],
              "suites": [],
              "passes": [
                "9b0d9d1e-e4bb-47eb-a0ad-6b68f71d942d",
                "c89e0a49-0ac5-42d3-b67b-b03f6cb2dbe6",
                "696d7914-15a5-4930-8ac4-ea98047c3455",
                "b4b05bd7-85b6-4410-8a3d-48bcf4a11983"
              ],
              "failures": [],
              "pending": [],
              "skipped": [],
              "duration": 0,
              "root": false,
              "rootEmpty": false,
              "_timeout": 2000
            },
            {
              "uuid": "39eab2de-0290-4027-a009-4447463c3e60",
              "title": "attach()",
              "fullFile": "/home/runner/work/ical-generator/ical-generator/test/alarm.ts",
              "file": "/test/alarm.ts",
              "beforeHooks": [],
              "afterHooks": [],
              "tests": [
                {
                  "title": "setter should return this",
                  "fullTitle": "ical-generator Alarm attach() setter should return this",
                  "timedOut": false,
                  "duration": 0,
                  "state": "passed",
                  "speed": "fast",
                  "pass": true,
                  "fail": false,
                  "pending": false,
                  "context": null,
                  "code": "const a = new alarm_1.default({}, new event_1.default({}, new calendar_1.default()));\nassert_1.default.deepStrictEqual(a, a.attach(null));\nassert_1.default.deepStrictEqual(a, a.attach('https://sebbo.net/beep.aud'));",
                  "err": {},
                  "uuid": "65181ac7-bd69-4e71-92f7-612c7508a4cd",
                  "parentUUID": "39eab2de-0290-4027-a009-4447463c3e60",
                  "isHook": false,
                  "skipped": false
                },
                {
                  "title": "getter should return value",
                  "fullTitle": "ical-generator Alarm attach() getter should return value",
                  "timedOut": false,
                  "duration": 1,
                  "state": "passed",
                  "speed": "fast",
                  "pass": true,
                  "fail": false,
                  "pending": false,
                  "context": null,
                  "code": "const t = { uri: 'https://example.com/alarm.aud', mime: 'audio/basic' };\nconst a = new alarm_1.default({}, new event_1.default({}, new calendar_1.default()));\nassert_1.default.strictEqual(a.attach(), null);\na.attach(t);\nassert_1.default.deepStrictEqual(a.attach(), t);\na.attach('https://www.example.com/beep.aud');\nassert_1.default.deepStrictEqual(a.attach(), {\n    uri: 'https://www.example.com/beep.aud',\n    mime: null\n});\na.attach({\n    uri: 'https://www.example.com/beep.aud'\n});\nassert_1.default.deepStrictEqual(a.attach(), {\n    uri: 'https://www.example.com/beep.aud',\n    mime: null\n});\na.attach(null);\nassert_1.default.strictEqual(a.attach(), null);",
                  "err": {},
                  "uuid": "d6dfc93d-2376-4fa4-bbde-264d4bf80f4d",
                  "parentUUID": "39eab2de-0290-4027-a009-4447463c3e60",
                  "isHook": false,
                  "skipped": false
                },
                {
                  "title": "should throw error withour uri",
                  "fullTitle": "ical-generator Alarm attach() should throw error withour uri",
                  "timedOut": false,
                  "duration": 0,
                  "state": "passed",
                  "speed": "fast",
                  "pass": true,
                  "fail": false,
                  "pending": false,
                  "context": null,
                  "code": "const a = new alarm_1.default({}, new event_1.default({}, new calendar_1.default()));\nassert_1.default.throws(function () {\n    // @ts-ignore\n    a.attach({ mime: 'audio/basic' });\n}, /`attach.uri`/);",
                  "err": {},
                  "uuid": "b50c0dc7-db07-4eb5-be6d-ac546bc731f4",
                  "parentUUID": "39eab2de-0290-4027-a009-4447463c3e60",
                  "isHook": false,
                  "skipped": false
                },
                {
                  "title": "should throw error when unknown format",
                  "fullTitle": "ical-generator Alarm attach() should throw error when unknown format",
                  "timedOut": false,
                  "duration": 0,
                  "state": "passed",
                  "speed": "fast",
                  "pass": true,
                  "fail": false,
                  "pending": false,
                  "context": null,
                  "code": "const a = new alarm_1.default({}, new event_1.default({}, new calendar_1.default()));\nassert_1.default.throws(function () {\n    // @ts-ignore\n    a.attach(Infinity);\n}, /`attachment`/);",
                  "err": {},
                  "uuid": "a13c10cb-3b6f-49e3-b29e-7cba01c8de89",
                  "parentUUID": "39eab2de-0290-4027-a009-4447463c3e60",
                  "isHook": false,
                  "skipped": false
                },
                {
                  "title": "should change something",
                  "fullTitle": "ical-generator Alarm attach() should change something",
                  "timedOut": false,
                  "duration": 1,
                  "state": "passed",
                  "speed": "fast",
                  "pass": true,
                  "fail": false,
                  "pending": false,
                  "context": null,
                  "code": "const a = new alarm_1.default({\n    type: alarm_1.ICalAlarmType.audio,\n    trigger: 300\n}, new event_1.default({}, new calendar_1.default()));\nassert_1.default.ok(a.toString().indexOf('\\r\\nATTACH;VALUE=URI:Basso') > -1);\na.attach('https://example.com/beep.aud');\nassert_1.default.ok(a.toString().indexOf('\\r\\nATTACH;VALUE=URI:https://example.com/beep.aud') > -1);\na.attach({\n    uri: 'https://example.com/beep.aud',\n    mime: 'audio/basic'\n});\nassert_1.default.ok(a.toString().indexOf('\\r\\nATTACH;FMTTYPE=audio/basic:https://example.com/beep.aud') > -1);",
                  "err": {},
                  "uuid": "dcfe0180-0696-49a2-b334-0db4452b2dbf",
                  "parentUUID": "39eab2de-0290-4027-a009-4447463c3e60",
                  "isHook": false,
                  "skipped": false
                }
              ],
              "suites": [],
              "passes": [
                "65181ac7-bd69-4e71-92f7-612c7508a4cd",
                "d6dfc93d-2376-4fa4-bbde-264d4bf80f4d",
                "b50c0dc7-db07-4eb5-be6d-ac546bc731f4",
                "a13c10cb-3b6f-49e3-b29e-7cba01c8de89",
                "dcfe0180-0696-49a2-b334-0db4452b2dbf"
              ],
              "failures": [],
              "pending": [],
              "skipped": [],
              "duration": 2,
              "root": false,
              "rootEmpty": false,
              "_timeout": 2000
            },
            {
              "uuid": "31f315b4-4df4-49fd-ae88-2835d402819b",
              "title": "description()",
              "fullFile": "/home/runner/work/ical-generator/ical-generator/test/alarm.ts",
              "file": "/test/alarm.ts",
              "beforeHooks": [],
              "afterHooks": [],
              "tests": [
                {
                  "title": "setter should return this",
                  "fullTitle": "ical-generator Alarm description() setter should return this",
                  "timedOut": false,
                  "duration": 0,
                  "state": "passed",
                  "speed": "fast",
                  "pass": true,
                  "fail": false,
                  "pending": false,
                  "context": null,
                  "code": "const a = new alarm_1.default({}, new event_1.default({}, new calendar_1.default()));\nassert_1.default.deepStrictEqual(a, a.description(null));\nassert_1.default.deepStrictEqual(a, a.description('Hey Ho!'));",
                  "err": {},
                  "uuid": "f729dfe8-81c8-40ab-9c3c-db7022c20d14",
                  "parentUUID": "31f315b4-4df4-49fd-ae88-2835d402819b",
                  "isHook": false,
                  "skipped": false
                },
                {
                  "title": "getter should return value",
                  "fullTitle": "ical-generator Alarm description() getter should return value",
                  "timedOut": false,
                  "duration": 0,
                  "state": "passed",
                  "speed": "fast",
                  "pass": true,
                  "fail": false,
                  "pending": false,
                  "context": null,
                  "code": "const a = new alarm_1.default({}, new event_1.default({}, new calendar_1.default()));\nassert_1.default.deepStrictEqual(a.description(), null);\na.description('blablabla');\nassert_1.default.deepStrictEqual(a.description(), 'blablabla');\na.description(null);\nassert_1.default.deepStrictEqual(a.description(), null);",
                  "err": {},
                  "uuid": "3ef83af7-3e9d-4426-8763-40133ffbf0df",
                  "parentUUID": "31f315b4-4df4-49fd-ae88-2835d402819b",
                  "isHook": false,
                  "skipped": false
                },
                {
                  "title": "should change something",
                  "fullTitle": "ical-generator Alarm description() should change something",
                  "timedOut": false,
                  "duration": 0,
                  "state": "passed",
                  "speed": "fast",
                  "pass": true,
                  "fail": false,
                  "pending": false,
                  "context": null,
                  "code": "const a = new alarm_1.default({\n    type: alarm_1.ICalAlarmType.display,\n    trigger: 300,\n    description: 'Huibuh!'\n}, new event_1.default({}, new calendar_1.default()));\nassert_1.default.ok(a.toString().indexOf('\\r\\nDESCRIPTION:Huibuh') > -1);",
                  "err": {},
                  "uuid": "bb109f51-9a09-4dfe-b711-9bb13ec08125",
                  "parentUUID": "31f315b4-4df4-49fd-ae88-2835d402819b",
                  "isHook": false,
                  "skipped": false
                },
                {
                  "title": "should fallback to event summary",
                  "fullTitle": "ical-generator Alarm description() should fallback to event summary",
                  "timedOut": false,
                  "duration": 0,
                  "state": "passed",
                  "speed": "fast",
                  "pass": true,
                  "fail": false,
                  "pending": false,
                  "context": null,
                  "code": "const a = new alarm_1.default({\n    type: alarm_1.ICalAlarmType.display,\n    trigger: 300\n}, new event_1.default({\n    summary: 'Example Event'\n}, new calendar_1.default()));\nassert_1.default.ok(a.toString().indexOf('\\r\\nDESCRIPTION:Example Event') > -1);",
                  "err": {},
                  "uuid": "c764ea1b-48bd-4b71-967a-b0321991451e",
                  "parentUUID": "31f315b4-4df4-49fd-ae88-2835d402819b",
                  "isHook": false,
                  "skipped": false
                }
              ],
              "suites": [],
              "passes": [
                "f729dfe8-81c8-40ab-9c3c-db7022c20d14",
                "3ef83af7-3e9d-4426-8763-40133ffbf0df",
                "bb109f51-9a09-4dfe-b711-9bb13ec08125",
                "c764ea1b-48bd-4b71-967a-b0321991451e"
              ],
              "failures": [],
              "pending": [],
              "skipped": [],
              "duration": 0,
              "root": false,
              "rootEmpty": false,
              "_timeout": 2000
            },
            {
              "uuid": "55ad61f3-5e7f-427e-8252-c9a60b73220d",
              "title": "x()",
              "fullFile": "/home/runner/work/ical-generator/ical-generator/test/alarm.ts",
              "file": "/test/alarm.ts",
              "beforeHooks": [],
              "afterHooks": [],
              "tests": [
                {
                  "title": "is there",
                  "fullTitle": "ical-generator Alarm x() is there",
                  "timedOut": false,
                  "duration": 0,
                  "state": "passed",
                  "speed": "fast",
                  "pass": true,
                  "fail": false,
                  "pending": false,
                  "context": null,
                  "code": "const a = new alarm_1.default({}, new event_1.default({}, new calendar_1.default()));\nassert_1.default.deepStrictEqual(a, a.x('X-FOO', 'bar'));",
                  "err": {},
                  "uuid": "22d0c067-9560-4b01-8d04-3b51cfd11c3e",
                  "parentUUID": "55ad61f3-5e7f-427e-8252-c9a60b73220d",
                  "isHook": false,
                  "skipped": false
                }
              ],
              "suites": [],
              "passes": [
                "22d0c067-9560-4b01-8d04-3b51cfd11c3e"
              ],
              "failures": [],
              "pending": [],
              "skipped": [],
              "duration": 0,
              "root": false,
              "rootEmpty": false,
              "_timeout": 2000
            },
            {
              "uuid": "ed86fbe9-4cef-48f8-a282-9bdef7c01127",
              "title": "toJSON()",
              "fullFile": "/home/runner/work/ical-generator/ical-generator/test/alarm.ts",
              "file": "/test/alarm.ts",
              "beforeHooks": [],
              "afterHooks": [],
              "tests": [
                {
                  "title": "should work",
                  "fullTitle": "ical-generator Alarm toJSON() should work",
                  "timedOut": false,
                  "duration": 1,
                  "state": "passed",
                  "speed": "fast",
                  "pass": true,
                  "fail": false,
                  "pending": false,
                  "context": null,
                  "code": "const a = new alarm_1.default({}, new event_1.default({}, new calendar_1.default()));\na.type(alarm_1.ICalAlarmType.display);\na.trigger(120);\nassert_1.default.deepStrictEqual(a.toJSON(), {\n    attach: null,\n    description: null,\n    interval: null,\n    repeat: null,\n    trigger: 120,\n    type: 'display',\n    x: []\n});",
                  "err": {},
                  "uuid": "e1c55afa-ca40-45aa-a80d-fba2a705b51c",
                  "parentUUID": "ed86fbe9-4cef-48f8-a282-9bdef7c01127",
                  "isHook": false,
                  "skipped": false
                },
                {
                  "title": "should be compatible with constructor (type check)",
                  "fullTitle": "ical-generator Alarm toJSON() should be compatible with constructor (type check)",
                  "timedOut": false,
                  "duration": 0,
                  "state": "passed",
                  "speed": "fast",
                  "pass": true,
                  "fail": false,
                  "pending": false,
                  "context": null,
                  "code": "const a = new alarm_1.default({}, new event_1.default({}, new calendar_1.default()));\nnew alarm_1.default(a.toJSON(), new event_1.default({}, new calendar_1.default()));",
                  "err": {},
                  "uuid": "726761ae-96ba-4912-b00d-dfb7c3c36fad",
                  "parentUUID": "ed86fbe9-4cef-48f8-a282-9bdef7c01127",
                  "isHook": false,
                  "skipped": false
                }
              ],
              "suites": [],
              "passes": [
                "e1c55afa-ca40-45aa-a80d-fba2a705b51c",
                "726761ae-96ba-4912-b00d-dfb7c3c36fad"
              ],
              "failures": [],
              "pending": [],
              "skipped": [],
              "duration": 1,
              "root": false,
              "rootEmpty": false,
              "_timeout": 2000
            },
            {
              "uuid": "da74cd3f-ef2d-4b25-8415-09701924ee6e",
              "title": "generate()",
              "fullFile": "/home/runner/work/ical-generator/ical-generator/test/alarm.ts",
              "file": "/test/alarm.ts",
              "beforeHooks": [],
              "afterHooks": [],
              "tests": [
                {
                  "title": "shoult throw an error without type",
                  "fullTitle": "ical-generator Alarm generate() shoult throw an error without type",
                  "timedOut": false,
                  "duration": 0,
                  "state": "passed",
                  "speed": "fast",
                  "pass": true,
                  "fail": false,
                  "pending": false,
                  "context": null,
                  "code": "const a = new alarm_1.default({ trigger: 300 }, new event_1.default({}, new calendar_1.default()));\nassert_1.default.throws(function () {\n    a.toString();\n}, /`type`/);",
                  "err": {},
                  "uuid": "4e811130-3294-44be-aab0-7d8e85c69c06",
                  "parentUUID": "da74cd3f-ef2d-4b25-8415-09701924ee6e",
                  "isHook": false,
                  "skipped": false
                },
                {
                  "title": "shoult throw an error without trigger",
                  "fullTitle": "ical-generator Alarm generate() shoult throw an error without trigger",
                  "timedOut": false,
                  "duration": 0,
                  "state": "passed",
                  "speed": "fast",
                  "pass": true,
                  "fail": false,
                  "pending": false,
                  "context": null,
                  "code": "const a = new alarm_1.default({ type: alarm_1.ICalAlarmType.display }, new event_1.default({}, new calendar_1.default()));\nassert_1.default.throws(function () {\n    a.toString();\n}, /`trigger`/);",
                  "err": {},
                  "uuid": "b0b84c9c-a355-4edf-894a-b4a5486ee3ed",
                  "parentUUID": "da74cd3f-ef2d-4b25-8415-09701924ee6e",
                  "isHook": false,
                  "skipped": false
                },
                {
                  "title": "shoult throw an error if repeat is set but interval isn't",
                  "fullTitle": "ical-generator Alarm generate() shoult throw an error if repeat is set but interval isn't",
                  "timedOut": false,
                  "duration": 0,
                  "state": "passed",
                  "speed": "fast",
                  "pass": true,
                  "fail": false,
                  "pending": false,
                  "context": null,
                  "code": "const a = new alarm_1.default({ type: alarm_1.ICalAlarmType.display, trigger: 300, repeat: 4 }, new event_1.default({}, new calendar_1.default()));\nassert_1.default.throws(function () {\n    a.toString();\n}, /for `interval`/);",
                  "err": {},
                  "uuid": "6d0b203b-8a8d-4448-80c0-4020ce28c693",
                  "parentUUID": "da74cd3f-ef2d-4b25-8415-09701924ee6e",
                  "isHook": false,
                  "skipped": false
                },
                {
                  "title": "shoult throw an error if interval is set but repeat isn't",
                  "fullTitle": "ical-generator Alarm generate() shoult throw an error if interval is set but repeat isn't",
                  "timedOut": false,
                  "duration": 7,
                  "state": "passed",
                  "speed": "fast",
                  "pass": true,
                  "fail": false,
                  "pending": false,
                  "context": null,
                  "code": "const a = new alarm_1.default({\n    type: alarm_1.ICalAlarmType.display,\n    trigger: 300,\n    interval: 60\n}, new event_1.default({}, new calendar_1.default()));\nassert_1.default.throws(function () {\n    a.toString();\n}, /for `repeat`/);",
                  "err": {},
                  "uuid": "5737268a-8f97-4288-97d2-817712c0947c",
                  "parentUUID": "da74cd3f-ef2d-4b25-8415-09701924ee6e",
                  "isHook": false,
                  "skipped": false
                }
              ],
              "suites": [],
              "passes": [
                "4e811130-3294-44be-aab0-7d8e85c69c06",
                "b0b84c9c-a355-4edf-894a-b4a5486ee3ed",
                "6d0b203b-8a8d-4448-80c0-4020ce28c693",
                "5737268a-8f97-4288-97d2-817712c0947c"
              ],
              "failures": [],
              "pending": [],
              "skipped": [],
              "duration": 7,
              "root": false,
              "rootEmpty": false,
              "_timeout": 2000
            }
          ],
          "passes": [],
          "failures": [],
          "pending": [],
          "skipped": [],
          "duration": 0,
          "root": false,
          "rootEmpty": false,
          "_timeout": 2000
        },
        {
          "uuid": "dcf9f4b5-58d0-4b22-bf59-49a776abc116",
          "title": "ical-generator Attendee",
          "fullFile": "/home/runner/work/ical-generator/ical-generator/test/attendee.ts",
          "file": "/test/attendee.ts",
          "beforeHooks": [],
          "afterHooks": [],
          "tests": [],
          "suites": [
            {
              "uuid": "d3bc2d91-0266-47a0-a30e-bc1720d90c44",
              "title": "constructor()",
              "fullFile": "/home/runner/work/ical-generator/ical-generator/test/attendee.ts",
              "file": "/test/attendee.ts",
              "beforeHooks": [],
              "afterHooks": [],
              "tests": [
                {
                  "title": "shoud set data from constructor",
                  "fullTitle": "ical-generator Attendee constructor() shoud set data from constructor",
                  "timedOut": false,
                  "duration": 0,
                  "state": "passed",
                  "speed": "fast",
                  "pass": true,
                  "fail": false,
                  "pending": false,
                  "context": null,
                  "code": "const data = {\n    name: 'John Doe',\n    email: 'john@example.org',\n    mailto: 'john+calendar@example.org',\n    status: attendee_1.ICalAttendeeStatus.ACCEPTED,\n    role: attendee_1.ICalAttendeeRole.REQ,\n    rsvp: false,\n    type: attendee_1.ICalAttendeeType.INDIVIDUAL,\n    delegatedTo: null,\n    delegatedFrom: null,\n    x: []\n};\nconst event = new attendee_1.default(data, new event_1.default({}, new calendar_1.default()));\nassert_1.default.deepStrictEqual(event.toJSON(), data);",
                  "err": {},
                  "uuid": "035cb570-e1df-4ab7-8b91-ae460cd1bec3",
                  "parentUUID": "d3bc2d91-0266-47a0-a30e-bc1720d90c44",
                  "isHook": false,
                  "skipped": false
                },
                {
                  "title": "shouldn't work without event reference",
                  "fullTitle": "ical-generator Attendee constructor() shouldn't work without event reference",
                  "timedOut": false,
                  "duration": 0,
                  "state": "passed",
                  "speed": "fast",
                  "pass": true,
                  "fail": false,
                  "pending": false,
                  "context": null,
                  "code": "assert_1.default.throws(function () {\n    // @ts-ignore\n    new attendee_1.default({ email: 'foo@bar.com' });\n}, /`event`/);",
                  "err": {},
                  "uuid": "63ee52e9-f246-44b8-90eb-fc6098000330",
                  "parentUUID": "d3bc2d91-0266-47a0-a30e-bc1720d90c44",
                  "isHook": false,
                  "skipped": false
                }
              ],
              "suites": [],
              "passes": [
                "035cb570-e1df-4ab7-8b91-ae460cd1bec3",
                "63ee52e9-f246-44b8-90eb-fc6098000330"
              ],
              "failures": [],
              "pending": [],
              "skipped": [],
              "duration": 0,
              "root": false,
              "rootEmpty": false,
              "_timeout": 2000
            },
            {
              "uuid": "edf42770-c8fc-4df4-a133-2526ff82e167",
              "title": "name()",
              "fullFile": "/home/runner/work/ical-generator/ical-generator/test/attendee.ts",
              "file": "/test/attendee.ts",
              "beforeHooks": [],
              "afterHooks": [],
              "tests": [
                {
                  "title": "getter should return value",
                  "fullTitle": "ical-generator Attendee name() getter should return value",
                  "timedOut": false,
                  "duration": 0,
                  "state": "passed",
                  "speed": "fast",
                  "pass": true,
                  "fail": false,
                  "pending": false,
                  "context": null,
                  "code": "const a = new attendee_1.default({}, new event_1.default({}, new calendar_1.default()));\nassert_1.default.strictEqual(a.name(), null);\na.name('Sebastian');\nassert_1.default.strictEqual(a.name(), 'Sebastian');",
                  "err": {},
                  "uuid": "d5933e06-e446-4dd6-a0a7-22f97f28c887",
                  "parentUUID": "edf42770-c8fc-4df4-a133-2526ff82e167",
                  "isHook": false,
                  "skipped": false
                },
                {
                  "title": "setter should return this",
                  "fullTitle": "ical-generator Attendee name() setter should return this",
                  "timedOut": false,
                  "duration": 0,
                  "state": "passed",
                  "speed": "fast",
                  "pass": true,
                  "fail": false,
                  "pending": false,
                  "context": null,
                  "code": "const a = new attendee_1.default({}, new event_1.default({}, new calendar_1.default()));\nassert_1.default.deepStrictEqual(a, a.name(null));\nassert_1.default.deepStrictEqual(a, a.name('Sebastian'));",
                  "err": {},
                  "uuid": "d5d99d03-7a9d-41f8-9b2b-77907f11cdd7",
                  "parentUUID": "edf42770-c8fc-4df4-a133-2526ff82e167",
                  "isHook": false,
                  "skipped": false
                },
                {
                  "title": "setter should change something",
                  "fullTitle": "ical-generator Attendee name() setter should change something",
                  "timedOut": false,
                  "duration": 0,
                  "state": "passed",
                  "speed": "fast",
                  "pass": true,
                  "fail": false,
                  "pending": false,
                  "context": null,
                  "code": "const a = new attendee_1.default({}, new event_1.default({}, new calendar_1.default()));\na.name('Sebastian');\nassert_1.default.strictEqual(a.name(), 'Sebastian');\na.name(null);\nassert_1.default.strictEqual(a.name(), null);",
                  "err": {},
                  "uuid": "0029a983-f0bd-424f-bfcf-3cb293935624",
                  "parentUUID": "edf42770-c8fc-4df4-a133-2526ff82e167",
                  "isHook": false,
                  "skipped": false
                }
              ],
              "suites": [],
              "passes": [
                "d5933e06-e446-4dd6-a0a7-22f97f28c887",
                "d5d99d03-7a9d-41f8-9b2b-77907f11cdd7",
                "0029a983-f0bd-424f-bfcf-3cb293935624"
              ],
              "failures": [],
              "pending": [],
              "skipped": [],
              "duration": 0,
              "root": false,
              "rootEmpty": false,
              "_timeout": 2000
            },
            {
              "uuid": "cacc9a08-c253-4207-ae50-87a5f8f603a4",
              "title": "email()",
              "fullFile": "/home/runner/work/ical-generator/ical-generator/test/attendee.ts",
              "file": "/test/attendee.ts",
              "beforeHooks": [],
              "afterHooks": [],
              "tests": [
                {
                  "title": "getter should return value",
                  "fullTitle": "ical-generator Attendee email() getter should return value",
                  "timedOut": false,
                  "duration": 1,
                  "state": "passed",
                  "speed": "fast",
                  "pass": true,
                  "fail": false,
                  "pending": false,
                  "context": null,
                  "code": "const a = new attendee_1.default({}, new event_1.default({}, new calendar_1.default())).email('foo@example.com');\nassert_1.default.strictEqual(a.email(), 'foo@example.com');",
                  "err": {},
                  "uuid": "a374f68d-f6f1-4d88-8884-2f751881249b",
                  "parentUUID": "cacc9a08-c253-4207-ae50-87a5f8f603a4",
                  "isHook": false,
                  "skipped": false
                },
                {
                  "title": "setter should return this",
                  "fullTitle": "ical-generator Attendee email() setter should return this",
                  "timedOut": false,
                  "duration": 0,
                  "state": "passed",
                  "speed": "fast",
                  "pass": true,
                  "fail": false,
                  "pending": false,
                  "context": null,
                  "code": "const a = new attendee_1.default({}, new event_1.default({}, new calendar_1.default()));\nassert_1.default.deepStrictEqual(a, a.email('foo@example.com'));",
                  "err": {},
                  "uuid": "7b735122-899f-461f-9975-0a4331586663",
                  "parentUUID": "cacc9a08-c253-4207-ae50-87a5f8f603a4",
                  "isHook": false,
                  "skipped": false
                },
                {
                  "title": "should change something",
                  "fullTitle": "ical-generator Attendee email() should change something",
                  "timedOut": false,
                  "duration": 0,
                  "state": "passed",
                  "speed": "fast",
                  "pass": true,
                  "fail": false,
                  "pending": false,
                  "context": null,
                  "code": "const a = new attendee_1.default({ email: 'mail@example.com' }, new event_1.default({}, new calendar_1.default()));\nassert_1.default.ok(a.toString().indexOf('mail@example.com') > -1);",
                  "err": {},
                  "uuid": "91a2be6d-db1b-4707-b69c-d811657076d8",
                  "parentUUID": "cacc9a08-c253-4207-ae50-87a5f8f603a4",
                  "isHook": false,
                  "skipped": false
                }
              ],
              "suites": [],
              "passes": [
                "a374f68d-f6f1-4d88-8884-2f751881249b",
                "7b735122-899f-461f-9975-0a4331586663",
                "91a2be6d-db1b-4707-b69c-d811657076d8"
              ],
              "failures": [],
              "pending": [],
              "skipped": [],
              "duration": 1,
              "root": false,
              "rootEmpty": false,
              "_timeout": 2000
            },
            {
              "uuid": "cfbf1fc9-e869-41ba-8dd0-00ea3c1f64f0",
              "title": "mailto()",
              "fullFile": "/home/runner/work/ical-generator/ical-generator/test/attendee.ts",
              "file": "/test/attendee.ts",
              "beforeHooks": [],
              "afterHooks": [],
              "tests": [
                {
                  "title": "getter should return value",
                  "fullTitle": "ical-generator Attendee mailto() getter should return value",
                  "timedOut": false,
                  "duration": 0,
                  "state": "passed",
                  "speed": "fast",
                  "pass": true,
                  "fail": false,
                  "pending": false,
                  "context": null,
                  "code": "const a = new attendee_1.default({}, new event_1.default({}, new calendar_1.default()));\nassert_1.default.strictEqual(a.mailto(), null);\na.mailto('foo@example.com');\nassert_1.default.strictEqual(a.mailto(), 'foo@example.com');",
                  "err": {},
                  "uuid": "0fdd454a-ef18-43b5-b243-dbac2e3bfba7",
                  "parentUUID": "cfbf1fc9-e869-41ba-8dd0-00ea3c1f64f0",
                  "isHook": false,
                  "skipped": false
                },
                {
                  "title": "setter should return this",
                  "fullTitle": "ical-generator Attendee mailto() setter should return this",
                  "timedOut": false,
                  "duration": 1,
                  "state": "passed",
                  "speed": "fast",
                  "pass": true,
                  "fail": false,
                  "pending": false,
                  "context": null,
                  "code": "const a = new attendee_1.default({}, new event_1.default({}, new calendar_1.default()));\nassert_1.default.deepStrictEqual(a, a.mailto(null));\nassert_1.default.deepStrictEqual(a, a.mailto('foo@example.com'));",
                  "err": {},
                  "uuid": "b71cf83b-74ae-46bb-995b-3e6ddefcfb35",
                  "parentUUID": "cfbf1fc9-e869-41ba-8dd0-00ea3c1f64f0",
                  "isHook": false,
                  "skipped": false
                },
                {
                  "title": "should change mailto and keep email if present",
                  "fullTitle": "ical-generator Attendee mailto() should change mailto and keep email if present",
                  "timedOut": false,
                  "duration": 0,
                  "state": "passed",
                  "speed": "fast",
                  "pass": true,
                  "fail": false,
                  "pending": false,
                  "context": null,
                  "code": "const a = new attendee_1.default({ email: 'mail@example.com' }, new event_1.default({}, new calendar_1.default()));\na.mailto('mail2@example2.com');\nassert_1.default.ok(a.toString().indexOf('EMAIL=mail@example.com') > -1 &&\n    a.toString().indexOf('MAILTO:mail2@example2.com') > -1);",
                  "err": {},
                  "uuid": "af769880-090c-4ff3-9cde-2464d007b83c",
                  "parentUUID": "cfbf1fc9-e869-41ba-8dd0-00ea3c1f64f0",
                  "isHook": false,
                  "skipped": false
                }
              ],
              "suites": [],
              "passes": [
                "0fdd454a-ef18-43b5-b243-dbac2e3bfba7",
                "b71cf83b-74ae-46bb-995b-3e6ddefcfb35",
                "af769880-090c-4ff3-9cde-2464d007b83c"
              ],
              "failures": [],
              "pending": [],
              "skipped": [],
              "duration": 1,
              "root": false,
              "rootEmpty": false,
              "_timeout": 2000
            },
            {
              "uuid": "c6dabdb9-b565-416b-a388-ab4cf9e6890c",
              "title": "role()",
              "fullFile": "/home/runner/work/ical-generator/ical-generator/test/attendee.ts",
              "file": "/test/attendee.ts",
              "beforeHooks": [],
              "afterHooks": [],
              "tests": [
                {
                  "title": "setter should return this",
                  "fullTitle": "ical-generator Attendee role() setter should return this",
                  "timedOut": false,
                  "duration": 0,
                  "state": "passed",
                  "speed": "fast",
                  "pass": true,
                  "fail": false,
                  "pending": false,
                  "context": null,
                  "code": "const a = new attendee_1.default({}, new event_1.default({}, new calendar_1.default()));\nassert_1.default.deepStrictEqual(a, a.role(attendee_1.ICalAttendeeRole.REQ));",
                  "err": {},
                  "uuid": "e41bc7c6-68ea-47dd-9691-fd5d8fca41eb",
                  "parentUUID": "c6dabdb9-b565-416b-a388-ab4cf9e6890c",
                  "isHook": false,
                  "skipped": false
                },
                {
                  "title": "getter should return value",
                  "fullTitle": "ical-generator Attendee role() getter should return value",
                  "timedOut": false,
                  "duration": 0,
                  "state": "passed",
                  "speed": "fast",
                  "pass": true,
                  "fail": false,
                  "pending": false,
                  "context": null,
                  "code": "const a = new attendee_1.default({}, new event_1.default({}, new calendar_1.default())).role(attendee_1.ICalAttendeeRole.REQ);\nassert_1.default.strictEqual(a.role(), 'REQ-PARTICIPANT');",
                  "err": {},
                  "uuid": "6b426292-726c-4a07-9842-f67711bd4a98",
                  "parentUUID": "c6dabdb9-b565-416b-a388-ab4cf9e6890c",
                  "isHook": false,
                  "skipped": false
                },
                {
                  "title": "should throw error when method empty",
                  "fullTitle": "ical-generator Attendee role() should throw error when method empty",
                  "timedOut": false,
                  "duration": 0,
                  "state": "passed",
                  "speed": "fast",
                  "pass": true,
                  "fail": false,
                  "pending": false,
                  "context": null,
[...]
              "file": "/test/tools.ts",
              "beforeHooks": [],
              "afterHooks": [],
              "tests": [],
              "suites": [
                {
                  "uuid": "3849d478-7aff-4e3d-9ba9-b5760584bdff",
                  "title": "Date",
                  "fullFile": "/home/runner/work/ical-generator/ical-generator/test/tools.ts",
                  "file": "/test/tools.ts",
                  "beforeHooks": [],
                  "afterHooks": [],
                  "tests": [
                    {
                      "title": "should work with valid Date",
                      "fullTitle": "ICalTools checkDate() Date should work with valid Date",
                      "timedOut": false,
                      "duration": 1,
                      "state": "passed",
                      "speed": "fast",
                      "pass": true,
                      "fail": false,
                      "pending": false,
                      "context": null,
                      "code": "const date = new Date();\nassert_1.default.equal((0, tools_1.checkDate)(date, 'foo'), date);",
                      "err": {},
                      "uuid": "cf812549-546f-4ea2-8afa-5a67a07c33f1",
                      "parentUUID": "3849d478-7aff-4e3d-9ba9-b5760584bdff",
                      "isHook": false,
                      "skipped": false
                    },
                    {
                      "title": "should throw error for invalid Date",
                      "fullTitle": "ICalTools checkDate() Date should throw error for invalid Date",
                      "timedOut": false,
                      "duration": 0,
                      "state": "passed",
                      "speed": "fast",
                      "pass": true,
                      "fail": false,
                      "pending": false,
                      "context": null,
                      "code": "const date = new Date('foo');\nassert_1.default.throws(() => {\n    (0, tools_1.checkDate)(date, 'foo');\n}, /`foo` has to be a valid date!/);",
                      "err": {},
                      "uuid": "caa9474d-cc8b-485b-8435-0d8a06a0546f",
                      "parentUUID": "3849d478-7aff-4e3d-9ba9-b5760584bdff",
                      "isHook": false,
                      "skipped": false
                    }
                  ],
                  "suites": [],
                  "passes": [
                    "cf812549-546f-4ea2-8afa-5a67a07c33f1",
                    "caa9474d-cc8b-485b-8435-0d8a06a0546f"
                  ],
                  "failures": [],
                  "pending": [],
                  "skipped": [],
                  "duration": 1,
                  "root": false,
                  "rootEmpty": false,
                  "_timeout": 2000
                },
                {
                  "uuid": "3c5ffb5f-bb3a-4189-9138-c7ff85df9bb1",
                  "title": "String",
                  "fullFile": "/home/runner/work/ical-generator/ical-generator/test/tools.ts",
                  "file": "/test/tools.ts",
                  "beforeHooks": [],
                  "afterHooks": [],
                  "tests": [
                    {
                      "title": "should work with valid String",
                      "fullTitle": "ICalTools checkDate() String should work with valid String",
                      "timedOut": false,
                      "duration": 0,
                      "state": "passed",
                      "speed": "fast",
                      "pass": true,
                      "fail": false,
                      "pending": false,
                      "context": null,
                      "code": "const date = '2021-03-28T13:15:23.587Z';\nassert_1.default.equal((0, tools_1.checkDate)(date, 'foo'), date);",
                      "err": {},
                      "uuid": "e1b436e0-9ab1-4ed0-af2b-172c5013a130",
                      "parentUUID": "3c5ffb5f-bb3a-4189-9138-c7ff85df9bb1",
                      "isHook": false,
                      "skipped": false
                    },
                    {
                      "title": "should throw error for invalid String",
                      "fullTitle": "ICalTools checkDate() String should throw error for invalid String",
                      "timedOut": false,
                      "duration": 0,
                      "state": "passed",
                      "speed": "fast",
                      "pass": true,
                      "fail": false,
                      "pending": false,
                      "context": null,
                      "code": "const date = 'foo';\nassert_1.default.throws(() => {\n    (0, tools_1.checkDate)(date, 'foo');\n}, /`foo` has to be a valid date!/);",
                      "err": {},
                      "uuid": "34bca1b6-576f-4906-a2f7-871c99decad1",
                      "parentUUID": "3c5ffb5f-bb3a-4189-9138-c7ff85df9bb1",
                      "isHook": false,
                      "skipped": false
                    }
                  ],
                  "suites": [],
                  "passes": [
                    "e1b436e0-9ab1-4ed0-af2b-172c5013a130",
                    "34bca1b6-576f-4906-a2f7-871c99decad1"
                  ],
                  "failures": [],
                  "pending": [],
                  "skipped": [],
                  "duration": 0,
                  "root": false,
                  "rootEmpty": false,
                  "_timeout": 2000
                },
                {
                  "uuid": "4149ba64-bb99-425c-a46b-a70aeeb0f630",
                  "title": "Luxon",
                  "fullFile": "/home/runner/work/ical-generator/ical-generator/test/tools.ts",
                  "file": "/test/tools.ts",
                  "beforeHooks": [],
                  "afterHooks": [],
                  "tests": [
                    {
                      "title": "should work with valid Luxon",
                      "fullTitle": "ICalTools checkDate() Luxon should work with valid Luxon",
                      "timedOut": false,
                      "duration": 0,
                      "state": "passed",
                      "speed": "fast",
                      "pass": true,
                      "fail": false,
                      "pending": false,
                      "context": null,
                      "code": "const date = luxon_1.DateTime.now();\nassert_1.default.equal((0, tools_1.checkDate)(date, 'foo'), date);",
                      "err": {},
                      "uuid": "e0323fe3-fb28-49f2-87dd-a4a2ada89612",
                      "parentUUID": "4149ba64-bb99-425c-a46b-a70aeeb0f630",
                      "isHook": false,
                      "skipped": false
                    },
                    {
                      "title": "should throw error for invalid Luxon",
                      "fullTitle": "ICalTools checkDate() Luxon should throw error for invalid Luxon",
                      "timedOut": false,
                      "duration": 1,
                      "state": "passed",
                      "speed": "fast",
                      "pass": true,
                      "fail": false,
                      "pending": false,
                      "context": null,
                      "code": "const date = luxon_1.DateTime.fromISO('foo');\nassert_1.default.throws(() => {\n    (0, tools_1.checkDate)(date, 'foo');\n}, /`foo` has to be a valid date!/);",
                      "err": {},
                      "uuid": "81302cfd-d750-4390-8bc6-d294fda26044",
                      "parentUUID": "4149ba64-bb99-425c-a46b-a70aeeb0f630",
                      "isHook": false,
                      "skipped": false
                    }
                  ],
                  "suites": [],
                  "passes": [
                    "e0323fe3-fb28-49f2-87dd-a4a2ada89612",
                    "81302cfd-d750-4390-8bc6-d294fda26044"
                  ],
                  "failures": [],
                  "pending": [],
                  "skipped": [],
                  "duration": 1,
                  "root": false,
                  "rootEmpty": false,
                  "_timeout": 2000
                },
                {
                  "uuid": "f1d06979-a46b-43a8-b0ad-a5f0406e7fef",
                  "title": "Moment",
                  "fullFile": "/home/runner/work/ical-generator/ical-generator/test/tools.ts",
                  "file": "/test/tools.ts",
                  "beforeHooks": [],
                  "afterHooks": [],
                  "tests": [
                    {
                      "title": "should work with valid Moment",
                      "fullTitle": "ICalTools checkDate() Moment should work with valid Moment",
                      "timedOut": false,
                      "duration": 0,
                      "state": "passed",
                      "speed": "fast",
                      "pass": true,
                      "fail": false,
                      "pending": false,
                      "context": null,
                      "code": "const date = (0, moment_timezone_1.default)();\nassert_1.default.equal((0, tools_1.checkDate)(date, 'foo'), date);",
                      "err": {},
                      "uuid": "59c1a706-75ed-468c-92a7-bdaf7adfbc94",
                      "parentUUID": "f1d06979-a46b-43a8-b0ad-a5f0406e7fef",
                      "isHook": false,
                      "skipped": false
                    },
                    {
                      "title": "should throw error for invalid Moment",
                      "fullTitle": "ICalTools checkDate() Moment should throw error for invalid Moment",
                      "timedOut": false,
                      "duration": 0,
                      "state": "passed",
                      "speed": "fast",
                      "pass": true,
                      "fail": false,
                      "pending": false,
                      "context": null,
                      "code": "const date = (0, moment_timezone_1.default)('foo');\nassert_1.default.throws(() => {\n    (0, tools_1.checkDate)(date, 'foo');\n}, /`foo` has to be a valid date!/);",
                      "err": {},
                      "uuid": "2b1b8a1b-ad47-420e-b268-55d801bd7a42",
                      "parentUUID": "f1d06979-a46b-43a8-b0ad-a5f0406e7fef",
                      "isHook": false,
                      "skipped": false
                    }
                  ],
                  "suites": [],
                  "passes": [
                    "59c1a706-75ed-468c-92a7-bdaf7adfbc94",
                    "2b1b8a1b-ad47-420e-b268-55d801bd7a42"
                  ],
                  "failures": [],
                  "pending": [],
                  "skipped": [],
                  "duration": 0,
                  "root": false,
                  "rootEmpty": false,
                  "_timeout": 2000
                },
                {
                  "uuid": "acf1bb94-4fda-4c9c-80da-cf0f626746c7",
                  "title": "Day.js",
                  "fullFile": "/home/runner/work/ical-generator/ical-generator/test/tools.ts",
                  "file": "/test/tools.ts",
                  "beforeHooks": [],
                  "afterHooks": [],
                  "tests": [
                    {
                      "title": "should work with valid Day.js",
                      "fullTitle": "ICalTools checkDate() Day.js should work with valid Day.js",
                      "timedOut": false,
                      "duration": 0,
                      "state": "passed",
                      "speed": "fast",
                      "pass": true,
                      "fail": false,
                      "pending": false,
                      "context": null,
                      "code": "const date = (0, dayjs_1.default)();\nassert_1.default.equal((0, tools_1.checkDate)(date, 'foo'), date);",
                      "err": {},
                      "uuid": "730cf119-b60c-4633-a305-74cf3a8b7f30",
                      "parentUUID": "acf1bb94-4fda-4c9c-80da-cf0f626746c7",
                      "isHook": false,
                      "skipped": false
                    },
                    {
                      "title": "should throw error for invalid Day.js",
                      "fullTitle": "ICalTools checkDate() Day.js should throw error for invalid Day.js",
                      "timedOut": false,
                      "duration": 0,
                      "state": "passed",
                      "speed": "fast",
                      "pass": true,
                      "fail": false,
                      "pending": false,
                      "context": null,
                      "code": "const date = (0, dayjs_1.default)('foo');\nassert_1.default.throws(() => {\n    (0, tools_1.checkDate)(date, 'foo');\n}, /`foo` has to be a valid date!/);",
                      "err": {},
                      "uuid": "0f4f2ee4-02dd-4ef4-b80e-e685f9b12e85",
                      "parentUUID": "acf1bb94-4fda-4c9c-80da-cf0f626746c7",
                      "isHook": false,
                      "skipped": false
                    }
                  ],
                  "suites": [],
                  "passes": [
                    "730cf119-b60c-4633-a305-74cf3a8b7f30",
                    "0f4f2ee4-02dd-4ef4-b80e-e685f9b12e85"
                  ],
                  "failures": [],
                  "pending": [],
                  "skipped": [],
                  "duration": 0,
                  "root": false,
                  "rootEmpty": false,
                  "_timeout": 2000
                }
              ],
              "passes": [],
              "failures": [],
              "pending": [],
              "skipped": [],
              "duration": 0,
              "root": false,
              "rootEmpty": false,
              "_timeout": 2000
            },
            {
              "uuid": "fcda8bf9-092a-4e34-a36a-714e2f8a31a8",
              "title": "toDate()",
              "fullFile": "/home/runner/work/ical-generator/ical-generator/test/tools.ts",
              "file": "/test/tools.ts",
              "beforeHooks": [],
              "afterHooks": [],
              "tests": [
                {
                  "title": "should work with strings",
                  "fullTitle": "ICalTools toDate() should work with strings",
                  "timedOut": false,
                  "duration": 0,
                  "state": "passed",
                  "speed": "fast",
                  "pass": true,
                  "fail": false,
                  "pending": false,
                  "context": null,
                  "code": "const date = new Date();\nassert_1.default.deepStrictEqual((0, tools_1.toDate)(date.toJSON()), date);",
                  "err": {},
                  "uuid": "6f249de6-443f-45f8-9654-89db6b8d249f",
                  "parentUUID": "fcda8bf9-092a-4e34-a36a-714e2f8a31a8",
                  "isHook": false,
                  "skipped": false
                },
                {
                  "title": "should work with native Date",
                  "fullTitle": "ICalTools toDate() should work with native Date",
                  "timedOut": false,
                  "duration": 0,
                  "state": "passed",
                  "speed": "fast",
                  "pass": true,
                  "fail": false,
                  "pending": false,
                  "context": null,
                  "code": "const date = new Date();\nassert_1.default.deepStrictEqual((0, tools_1.toDate)(date), date);",
                  "err": {},
                  "uuid": "ad8e75aa-bf55-49a3-94cb-7034b1696600",
                  "parentUUID": "fcda8bf9-092a-4e34-a36a-714e2f8a31a8",
                  "isHook": false,
                  "skipped": false
                },
                {
                  "title": "should work with moment object",
                  "fullTitle": "ICalTools toDate() should work with moment object",
                  "timedOut": false,
                  "duration": 0,
                  "state": "passed",
                  "speed": "fast",
                  "pass": true,
                  "fail": false,
                  "pending": false,
                  "context": null,
                  "code": "const date = new Date();\nassert_1.default.deepStrictEqual((0, tools_1.toDate)((0, moment_timezone_1.default)(date)), date);",
                  "err": {},
                  "uuid": "7cbdd50e-2953-43da-8ca9-d5d86973eee0",
                  "parentUUID": "fcda8bf9-092a-4e34-a36a-714e2f8a31a8",
                  "isHook": false,
                  "skipped": false
                },
                {
                  "title": "should work with Day.js object",
                  "fullTitle": "ICalTools toDate() should work with Day.js object",
                  "timedOut": false,
                  "duration": 1,
                  "state": "passed",
                  "speed": "fast",
                  "pass": true,
                  "fail": false,
                  "pending": false,
                  "context": null,
                  "code": "const date = new Date();\nassert_1.default.deepStrictEqual((0, tools_1.toDate)((0, dayjs_1.default)(date)), date);",
                  "err": {},
                  "uuid": "75d2f835-8579-4619-89f5-dbc2f1644dc3",
                  "parentUUID": "fcda8bf9-092a-4e34-a36a-714e2f8a31a8",
                  "isHook": false,
                  "skipped": false
                },
                {
                  "title": "should work with luxon DateTime object",
                  "fullTitle": "ICalTools toDate() should work with luxon DateTime object",
                  "timedOut": false,
                  "duration": 0,
                  "state": "passed",
                  "speed": "fast",
                  "pass": true,
                  "fail": false,
                  "pending": false,
                  "context": null,
                  "code": "const date = new Date();\nassert_1.default.deepStrictEqual((0, tools_1.toDate)(luxon_1.DateTime.fromJSDate(date)), date);",
                  "err": {},
                  "uuid": "e4868667-7836-449d-a6c3-dc317fc0d0b9",
                  "parentUUID": "fcda8bf9-092a-4e34-a36a-714e2f8a31a8",
                  "isHook": false,
                  "skipped": false
                }
              ],
              "suites": [],
              "passes": [
                "6f249de6-443f-45f8-9654-89db6b8d249f",
                "ad8e75aa-bf55-49a3-94cb-7034b1696600",
                "7cbdd50e-2953-43da-8ca9-d5d86973eee0",
                "75d2f835-8579-4619-89f5-dbc2f1644dc3",
                "e4868667-7836-449d-a6c3-dc317fc0d0b9"
              ],
              "failures": [],
              "pending": [],
              "skipped": [],
              "duration": 1,
              "root": false,
              "rootEmpty": false,
              "_timeout": 2000
            }
          ],
          "passes": [],
          "failures": [],
          "pending": [],
          "skipped": [],
          "duration": 0,
          "root": false,
          "rootEmpty": false,
          "_timeout": 2000
        }
      ],
      "passes": [],
      "failures": [],
      "pending": [],
      "skipped": [],
      "duration": 0,
      "root": true,
      "rootEmpty": true,
      "_timeout": 2000
    }
  ],
  "meta": {
    "mocha": {
      "version": "9.1.4"
    },
    "mochawesome": {
      "options": {
        "quiet": false,
        "reportFilename": "mochawesome",
        "saveHtml": true,
        "saveJson": true,
        "consoleReporter": "spec",
        "useInlineDiffs": false,
        "code": true
      },
      "version": "7.0.1"
    },
    "marge": {
      "options": null,
      "version": "6.0.1"
    }
  }
}