{
  "stats": {
    "suites": 130,
    "tests": 445,
    "passes": 443,
    "pending": 2,
    "failures": 0,
    "start": "2024-08-04T09:31:02.046Z",
    "end": "2024-08-04T09:31:02.206Z",
    "duration": 160,
    "testsRegistered": 445,
    "passPercent": 100,
    "pendingPercent": 0.44943820224719105,
    "other": 0,
    "hasOther": false,
    "skipped": 0,
    "hasSkipped": false
  },
  "results": [
    {
      "uuid": "5e467fd9-a7db-4397-b99c-3cdbb85c5477",
      "title": "",
      "fullFile": "",
      "file": "",
      "beforeHooks": [],
      "afterHooks": [],
      "tests": [],
      "suites": [
        {
          "uuid": "b56262c4-2713-467a-a7ef-7e180c8fc1ad",
          "title": "ical-generator Alarm",
          "fullFile": "/home/runner/work/ical-generator/ical-generator/test/alarm.ts",
          "file": "/test/alarm.ts",
          "beforeHooks": [],
          "afterHooks": [],
          "tests": [],
          "suites": [
            {
              "uuid": "ef39b5eb-19e5-44ec-b6cd-eeedb4226dda",
              "title": "constructor()",
              "fullFile": "/home/runner/work/ical-generator/ical-generator/test/alarm.ts",
              "file": "/test/alarm.ts",
              "beforeHooks": [],
              "afterHooks": [],
              "tests": [
                {
                  "title": "shouldn't work without event reference",
                  "fullTitle": "ical-generator Alarm constructor() shouldn't work without event reference",
                  "timedOut": false,
                  "duration": 0,
                  "state": "passed",
                  "speed": "fast",
                  "pass": true,
                  "fail": false,
                  "pending": false,
                  "context": null,
                  "code": "assert.throws(function () {\n    // @ts-ignore\n    new ICalAlarm({ type: ICalAlarmType.display }, null);\n}, /`event`/);",
                  "err": {},
                  "uuid": "657e445d-6945-4d34-afeb-e0c31392e0b4",
                  "parentUUID": "ef39b5eb-19e5-44ec-b6cd-eeedb4226dda",
                  "isHook": false,
                  "skipped": false
                },
                {
                  "title": "should ignore unknown data attributes",
                  "fullTitle": "ical-generator Alarm constructor() should ignore unknown data attributes",
                  "timedOut": false,
                  "duration": 1,
                  "state": "passed",
                  "speed": "fast",
                  "pass": true,
                  "fail": false,
                  "pending": false,
                  "context": null,
                  "code": "const a = new ICalAlarm({\n    // @ts-ignore\n    unknown: true,\n    type: ICalAlarmType.display\n}, new ICalEvent({\n    start: new Date()\n}, new ICalCalendar()));\nassert.strictEqual(a.type(), 'display');",
                  "err": {},
                  "uuid": "f103a789-3bcc-470e-83f9-73f6074cd327",
                  "parentUUID": "ef39b5eb-19e5-44ec-b6cd-eeedb4226dda",
                  "isHook": false,
                  "skipped": false
                }
              ],
              "suites": [],
              "passes": [
                "657e445d-6945-4d34-afeb-e0c31392e0b4",
                "f103a789-3bcc-470e-83f9-73f6074cd327"
              ],
              "failures": [],
              "pending": [],
              "skipped": [],
              "duration": 1,
              "root": false,
              "rootEmpty": false,
              "_timeout": 2000
            },
            {
              "uuid": "3773e29b-8b4c-4b1a-aac9-cbb460cc30bd",
              "title": "type()",
              "fullFile": "/home/runner/work/ical-generator/ical-generator/test/alarm.ts",
              "file": "/test/alarm.ts",
              "beforeHooks": [],
              "afterHooks": [],
              "tests": [
                {
                  "title": "setter should return this",
                  "fullTitle": "ical-generator Alarm type() setter should return this",
                  "timedOut": false,
                  "duration": 1,
                  "state": "passed",
                  "speed": "fast",
                  "pass": true,
                  "fail": false,
                  "pending": false,
                  "context": null,
                  "code": "const a = new ICalAlarm({}, new ICalEvent({\n    start: new Date()\n}, new ICalCalendar()));\nassert.deepStrictEqual(a, a.type(ICalAlarmType.display));",
                  "err": {},
                  "uuid": "ea21a87f-4b1f-48eb-a851-508cdb34103f",
                  "parentUUID": "3773e29b-8b4c-4b1a-aac9-cbb460cc30bd",
                  "isHook": false,
                  "skipped": false
                },
                {
                  "title": "getter should return value",
                  "fullTitle": "ical-generator Alarm type() getter should return value",
                  "timedOut": false,
                  "duration": 0,
                  "state": "passed",
                  "speed": "fast",
                  "pass": true,
                  "fail": false,
                  "pending": false,
                  "context": null,
                  "code": "const a = new ICalAlarm({}, new ICalEvent({\n    start: new Date()\n}, new ICalCalendar()));\nassert.strictEqual(a.type(), 'display');\na.type(ICalAlarmType.audio);\nassert.strictEqual(a.type(), 'audio');",
                  "err": {},
                  "uuid": "48b57c86-bf1c-47c6-9e08-8b7c8fa6a41e",
                  "parentUUID": "3773e29b-8b4c-4b1a-aac9-cbb460cc30bd",
                  "isHook": false,
                  "skipped": false
                },
                {
                  "title": "should throw error when type not allowed",
                  "fullTitle": "ical-generator Alarm type() should throw error when type not allowed",
                  "timedOut": false,
                  "duration": 0,
                  "state": "passed",
                  "speed": "fast",
                  "pass": true,
                  "fail": false,
                  "pending": false,
                  "context": null,
                  "code": "const a = new ICalAlarm({}, new ICalEvent({\n    start: new Date()\n}, new ICalCalendar()));\nassert.throws(function () {\n    // @ts-ignore\n    a.type('BANANA');\n}, /`type`/);\nassert.throws(function () {\n    // @ts-ignore\n    a.type(null);\n}, /`type`/);",
                  "err": {},
                  "uuid": "39ffd413-4478-4027-836b-947a716b261d",
                  "parentUUID": "3773e29b-8b4c-4b1a-aac9-cbb460cc30bd",
                  "isHook": false,
                  "skipped": false
                },
                {
                  "title": "should change something",
                  "fullTitle": "ical-generator Alarm type() should change something",
                  "timedOut": false,
                  "duration": 1,
                  "state": "passed",
                  "speed": "fast",
                  "pass": true,
                  "fail": false,
                  "pending": false,
                  "context": null,
                  "code": "const a = new ICalAlarm({}, new ICalEvent({ start: new Date() }, new ICalCalendar()));\nassert.ok(a.toString().indexOf('ACTION:DISPLAY') > -1);",
                  "err": {},
                  "uuid": "ac3de7f8-1d5f-47e0-ae0e-c04b9a74bf7e",
                  "parentUUID": "3773e29b-8b4c-4b1a-aac9-cbb460cc30bd",
                  "isHook": false,
                  "skipped": false
                }
              ],
              "suites": [],
              "passes": [
                "ea21a87f-4b1f-48eb-a851-508cdb34103f",
                "48b57c86-bf1c-47c6-9e08-8b7c8fa6a41e",
                "39ffd413-4478-4027-836b-947a716b261d",
                "ac3de7f8-1d5f-47e0-ae0e-c04b9a74bf7e"
              ],
              "failures": [],
              "pending": [],
              "skipped": [],
              "duration": 2,
              "root": false,
              "rootEmpty": false,
              "_timeout": 2000
            },
            {
              "uuid": "401c0ab2-ff6a-4056-b97d-8b270ea4f3a9",
              "title": "trigger()",
              "fullFile": "/home/runner/work/ical-generator/ical-generator/test/alarm.ts",
              "file": "/test/alarm.ts",
              "beforeHooks": [],
              "afterHooks": [],
              "tests": [
                {
                  "title": "setter should return this",
                  "fullTitle": "ical-generator Alarm trigger() setter should return this",
                  "timedOut": false,
                  "duration": 0,
                  "state": "passed",
                  "speed": "fast",
                  "pass": true,
                  "fail": false,
                  "pending": false,
                  "context": null,
                  "code": "const a = new ICalAlarm({}, new ICalEvent({ start: new Date() }, new ICalCalendar()));\nassert.deepStrictEqual(a, a.trigger(60 * 10));",
                  "err": {},
                  "uuid": "ad50c950-ef3c-44eb-81b9-9f604ec94572",
                  "parentUUID": "401c0ab2-ff6a-4056-b97d-8b270ea4f3a9",
                  "isHook": false,
                  "skipped": false
                },
                {
                  "title": "getter should return value",
                  "fullTitle": "ical-generator Alarm trigger() getter should return value",
                  "timedOut": false,
                  "duration": 1,
                  "state": "passed",
                  "speed": "fast",
                  "pass": true,
                  "fail": false,
                  "pending": false,
                  "context": null,
                  "code": "const a = new ICalAlarm({}, new ICalEvent({ start: new Date() }, new ICalCalendar()));\nconst now = new Date();\nassert.strictEqual(a.trigger(), 600);\nassert.strictEqual(a.triggerAfter(), -600);\na.trigger(300);\nassert.strictEqual(a.trigger(), 300);\nassert.strictEqual(a.triggerAfter(), -300);\n// Date\na.trigger(now);\nconst dateResult = a.trigger();\nassert.deepStrictEqual(dateResult, now);",
                  "err": {},
                  "uuid": "c4adb7cc-1202-4491-92f9-6e69900b3f30",
                  "parentUUID": "401c0ab2-ff6a-4056-b97d-8b270ea4f3a9",
                  "isHook": false,
                  "skipped": false
                },
                {
                  "title": "should throw error when trigger not allowed",
                  "fullTitle": "ical-generator Alarm trigger() should throw error when trigger not allowed",
                  "timedOut": false,
                  "duration": 0,
                  "state": "passed",
                  "speed": "fast",
                  "pass": true,
                  "fail": false,
                  "pending": false,
                  "context": null,
                  "code": "const a = new ICalAlarm({}, new ICalEvent({ start: new Date() }, new ICalCalendar()));\nassert.throws(function () {\n    a.trigger(Infinity);\n}, /`trigger`/);\nassert.throws(function () {\n    // @ts-ignore\n    a.trigger('hi');\n}, /`trigger`/);\nassert.throws(function () {\n    // @ts-ignore\n    a.trigger(true);\n}, /`trigger`/);",
                  "err": {},
                  "uuid": "337633e7-5888-4f04-b664-2d1392511839",
                  "parentUUID": "401c0ab2-ff6a-4056-b97d-8b270ea4f3a9",
                  "isHook": false,
                  "skipped": false
                },
                {
                  "title": "setter should work with date",
                  "fullTitle": "ical-generator Alarm trigger() setter should work with date",
                  "timedOut": false,
                  "duration": 0,
                  "state": "passed",
                  "speed": "fast",
                  "pass": true,
                  "fail": false,
                  "pending": false,
                  "context": null,
                  "code": "const a = new ICalAlarm({}, new ICalEvent({ start: new Date() }, new ICalCalendar()));\na.trigger(new Date());\nassert.ok(a.trigger() instanceof Date);",
                  "err": {},
                  "uuid": "e866bb93-61a6-44ae-8f8a-855a384b6381",
                  "parentUUID": "401c0ab2-ff6a-4056-b97d-8b270ea4f3a9",
                  "isHook": false,
                  "skipped": false
                },
                {
                  "title": "setter should work with moment instance",
                  "fullTitle": "ical-generator Alarm trigger() setter should work with moment instance",
                  "timedOut": false,
                  "duration": 0,
                  "state": "passed",
                  "speed": "fast",
                  "pass": true,
                  "fail": false,
                  "pending": false,
                  "context": null,
                  "code": "const a = new ICalAlarm({}, new ICalEvent({ start: new Date() }, new ICalCalendar()));\na.trigger(moment());\nassert.ok(moment.isMoment(a.trigger()));",
                  "err": {},
                  "uuid": "85719fb0-bac3-4af2-b2d1-560f62330c76",
                  "parentUUID": "401c0ab2-ff6a-4056-b97d-8b270ea4f3a9",
                  "isHook": false,
                  "skipped": false
                },
                {
                  "title": "setter should work with number",
                  "fullTitle": "ical-generator Alarm trigger() setter should work with number",
                  "timedOut": false,
                  "duration": 0,
                  "state": "passed",
                  "speed": "fast",
                  "pass": true,
                  "fail": false,
                  "pending": false,
                  "context": null,
                  "code": "const a = new ICalAlarm({}, new ICalEvent({ start: new Date() }, new ICalCalendar()));\na.trigger(2 * 60);\nassert.strictEqual(a.trigger(), 120);",
                  "err": {},
                  "uuid": "90612164-a82d-4393-bbd2-a831f239a363",
                  "parentUUID": "401c0ab2-ff6a-4056-b97d-8b270ea4f3a9",
                  "isHook": false,
                  "skipped": false
                },
                {
                  "title": "should change something",
                  "fullTitle": "ical-generator Alarm trigger() should change something",
                  "timedOut": false,
                  "duration": 2,
                  "state": "passed",
                  "speed": "fast",
                  "pass": true,
                  "fail": false,
                  "pending": false,
                  "context": null,
                  "code": "const trigger = moment('2015-02-01T13:38:45.000Z');\nconst a = new ICalAlarm({}, new ICalEvent({ start: new Date() }, new ICalCalendar()));\nassert.ok(a.toString().includes('TRIGGER:-PT10M'));\na.trigger(trigger);\nassert.ok(a.toString().includes('TRIGGER;VALUE=DATE-TIME:20150201T133845Z'));",
                  "err": {},
                  "uuid": "3e9d58c5-10e1-4f43-8a81-3cda71d45301",
                  "parentUUID": "401c0ab2-ff6a-4056-b97d-8b270ea4f3a9",
                  "isHook": false,
                  "skipped": false
                }
              ],
              "suites": [],
              "passes": [
                "ad50c950-ef3c-44eb-81b9-9f604ec94572",
                "c4adb7cc-1202-4491-92f9-6e69900b3f30",
                "337633e7-5888-4f04-b664-2d1392511839",
                "e866bb93-61a6-44ae-8f8a-855a384b6381",
                "85719fb0-bac3-4af2-b2d1-560f62330c76",
                "90612164-a82d-4393-bbd2-a831f239a363",
                "3e9d58c5-10e1-4f43-8a81-3cda71d45301"
              ],
              "failures": [],
              "pending": [],
              "skipped": [],
              "duration": 3,
              "root": false,
              "rootEmpty": false,
              "_timeout": 2000
            },
            {
              "uuid": "db8ca097-2c92-465d-b586-da790e31ee4c",
              "title": "triggerAfter()",
              "fullFile": "/home/runner/work/ical-generator/ical-generator/test/alarm.ts",
              "file": "/test/alarm.ts",
              "beforeHooks": [],
              "afterHooks": [],
              "tests": [
                {
                  "title": "setter should return this",
                  "fullTitle": "ical-generator Alarm triggerAfter() setter should return this",
                  "timedOut": false,
                  "duration": 0,
                  "state": "passed",
                  "speed": "fast",
                  "pass": true,
                  "fail": false,
                  "pending": false,
                  "context": null,
                  "code": "const a = new ICalAlarm({}, new ICalEvent({ start: new Date() }, new ICalCalendar()));\nassert.deepStrictEqual(a, a.triggerAfter(60 * 10));",
                  "err": {},
                  "uuid": "8584232a-13fe-4bad-be47-219f29f5ae40",
                  "parentUUID": "db8ca097-2c92-465d-b586-da790e31ee4c",
                  "isHook": false,
                  "skipped": false
                },
                {
                  "title": "getter should return value",
                  "fullTitle": "ical-generator Alarm triggerAfter() getter should return value",
                  "timedOut": false,
                  "duration": 0,
                  "state": "passed",
                  "speed": "fast",
                  "pass": true,
                  "fail": false,
                  "pending": false,
                  "context": null,
                  "code": "const a = new ICalAlarm({}, new ICalEvent({ start: new Date() }, new ICalCalendar())).triggerAfter(300);\nassert.strictEqual(a.triggerAfter(), 300);\nassert.strictEqual(a.trigger(), -300);",
                  "err": {},
                  "uuid": "0ed57524-cd80-4d86-8d5f-39e438abfb03",
                  "parentUUID": "db8ca097-2c92-465d-b586-da790e31ee4c",
                  "isHook": false,
                  "skipped": false
                },
                {
                  "title": "setter should work with number",
                  "fullTitle": "ical-generator Alarm triggerAfter() setter should work with number",
                  "timedOut": false,
                  "duration": 0,
                  "state": "passed",
                  "speed": "fast",
                  "pass": true,
                  "fail": false,
                  "pending": false,
                  "context": null,
                  "code": "const a = new ICalAlarm({}, new ICalEvent({ start: new Date() }, new ICalCalendar()));\na.triggerAfter(120);\nassert.strictEqual(a.trigger(), -120);",
                  "err": {},
                  "uuid": "21f1bd2b-8b5a-4b6c-bda1-1bd6d3ca4b24",
                  "parentUUID": "db8ca097-2c92-465d-b586-da790e31ee4c",
                  "isHook": false,
                  "skipped": false
                },
                {
                  "title": "setter should throw error when trigger not allowed",
                  "fullTitle": "ical-generator Alarm triggerAfter() setter should throw error when trigger not allowed",
                  "timedOut": false,
                  "duration": 0,
                  "state": "passed",
                  "speed": "fast",
                  "pass": true,
                  "fail": false,
                  "pending": false,
                  "context": null,
                  "code": "const a = new ICalAlarm({}, new ICalEvent({ start: new Date() }, new ICalCalendar()));\nassert.throws(function () {\n    a.triggerAfter(Infinity);\n}, /`trigger`/);\nassert.throws(function () {\n    // @ts-ignore\n    a.triggerAfter('hi');\n}, /`trigger`/);\nassert.throws(function () {\n    // @ts-ignore\n    a.triggerAfter(true);\n}, /`trigger`/);",
                  "err": {},
                  "uuid": "387f5fbf-47d7-4d31-b099-5e21f4bb8f3f",
                  "parentUUID": "db8ca097-2c92-465d-b586-da790e31ee4c",
                  "isHook": false,
                  "skipped": false
                },
                {
                  "title": "should change something",
                  "fullTitle": "ical-generator Alarm triggerAfter() should change something",
                  "timedOut": false,
                  "duration": 1,
                  "state": "passed",
                  "speed": "fast",
                  "pass": true,
                  "fail": false,
                  "pending": false,
                  "context": null,
                  "code": "const trigger = moment('20150201T133845Z');\nconst a = new ICalAlarm({ triggerAfter: 600 }, new ICalEvent({ start: new Date() }, new ICalCalendar()));\nassert.ok(a.toString().indexOf('TRIGGER;RELATED=END:PT10M') > -1);\na.triggerAfter(trigger);\nassert.ok(a.toString().indexOf('TRIGGER;VALUE=DATE-TIME:20150201T133845Z') > -1);",
                  "err": {},
                  "uuid": "10255558-9236-4da6-9c41-47530c394e1c",
                  "parentUUID": "db8ca097-2c92-465d-b586-da790e31ee4c",
                  "isHook": false,
                  "skipped": false
                }
              ],
              "suites": [],
              "passes": [
                "8584232a-13fe-4bad-be47-219f29f5ae40",
                "0ed57524-cd80-4d86-8d5f-39e438abfb03",
                "21f1bd2b-8b5a-4b6c-bda1-1bd6d3ca4b24",
                "387f5fbf-47d7-4d31-b099-5e21f4bb8f3f",
                "10255558-9236-4da6-9c41-47530c394e1c"
              ],
              "failures": [],
              "pending": [],
              "skipped": [],
              "duration": 1,
              "root": false,
              "rootEmpty": false,
              "_timeout": 2000
            },
            {
              "uuid": "f03e4879-b4a7-4c8d-b4f4-96192cbddabe",
              "title": "triggerBefore()",
              "fullFile": "/home/runner/work/ical-generator/ical-generator/test/alarm.ts",
              "file": "/test/alarm.ts",
              "beforeHooks": [],
              "afterHooks": [],
              "tests": [
                {
                  "title": "setter should return this",
                  "fullTitle": "ical-generator Alarm triggerBefore() setter should return this",
                  "timedOut": false,
                  "duration": 0,
                  "state": "passed",
                  "speed": "fast",
                  "pass": true,
                  "fail": false,
                  "pending": false,
                  "context": null,
                  "code": "const a = new ICalAlarm({}, new ICalEvent({ start: new Date() }, new ICalCalendar()));\nassert.deepStrictEqual(a, a.triggerBefore(60 * 10));",
                  "err": {},
                  "uuid": "3079d7da-1db5-47c4-9f0e-e44612eac3ef",
                  "parentUUID": "f03e4879-b4a7-4c8d-b4f4-96192cbddabe",
                  "isHook": false,
                  "skipped": false
                },
                {
                  "title": "getter should return value",
                  "fullTitle": "ical-generator Alarm triggerBefore() getter should return value",
                  "timedOut": false,
                  "duration": 0,
                  "state": "passed",
                  "speed": "fast",
                  "pass": true,
                  "fail": false,
                  "pending": false,
                  "context": null,
                  "code": "const a = new ICalAlarm({}, new ICalEvent({ start: new Date() }, new ICalCalendar()));\nconst now = new Date();\nassert.strictEqual(a.triggerBefore(), 600);\na.trigger(300);\nassert.strictEqual(a.triggerBefore(), 300);\n// Date\na.trigger(now);\nconst dateResult = a.triggerBefore();\nassert.deepStrictEqual(dateResult, now);",
                  "err": {},
                  "uuid": "d2d182a5-ece2-41f0-add7-bf0bdd0e6879",
                  "parentUUID": "f03e4879-b4a7-4c8d-b4f4-96192cbddabe",
                  "isHook": false,
                  "skipped": false
                },
                {
                  "title": "should throw error when trigger not allowed",
                  "fullTitle": "ical-generator Alarm triggerBefore() should throw error when trigger not allowed",
                  "timedOut": false,
                  "duration": 0,
                  "state": "passed",
                  "speed": "fast",
                  "pass": true,
                  "fail": false,
                  "pending": false,
                  "context": null,
                  "code": "const a = new ICalAlarm({}, new ICalEvent({ start: new Date() }, new ICalCalendar()));\nassert.throws(function () {\n    a.triggerBefore(Infinity);\n}, /`trigger`/);\nassert.throws(function () {\n    // @ts-ignore\n    a.triggerBefore('hi');\n}, /`trigger`/);\nassert.throws(function () {\n    // @ts-ignore\n    a.triggerBefore(true);\n}, /`trigger`/);",
                  "err": {},
                  "uuid": "1d21baac-22b9-476c-aa50-d51551e05858",
                  "parentUUID": "f03e4879-b4a7-4c8d-b4f4-96192cbddabe",
                  "isHook": false,
                  "skipped": false
                },
                {
                  "title": "setter should work with date",
                  "fullTitle": "ical-generator Alarm triggerBefore() setter should work with date",
                  "timedOut": false,
                  "duration": 0,
                  "state": "passed",
                  "speed": "fast",
                  "pass": true,
                  "fail": false,
                  "pending": false,
                  "context": null,
                  "code": "const a = new ICalAlarm({}, new ICalEvent({ start: new Date() }, new ICalCalendar()));\nconst now = new Date();\na.triggerBefore(now);\nassert.deepStrictEqual(a.trigger(), now);",
                  "err": {},
                  "uuid": "13c283d9-9750-4daf-a7bc-e92bed0a04ed",
                  "parentUUID": "f03e4879-b4a7-4c8d-b4f4-96192cbddabe",
                  "isHook": false,
                  "skipped": false
                },
                {
                  "title": "setter should work with moment instance",
                  "fullTitle": "ical-generator Alarm triggerBefore() setter should work with moment instance",
                  "timedOut": false,
                  "duration": 0,
                  "state": "passed",
                  "speed": "fast",
                  "pass": true,
                  "fail": false,
                  "pending": false,
                  "context": null,
                  "code": "const a = new ICalAlarm({ triggerBefore: moment() }, new ICalEvent({ start: new Date() }, new ICalCalendar()));\nassert.ok(moment.isMoment(a.trigger()));",
                  "err": {},
                  "uuid": "4b017ae2-8e71-4874-bcd4-2d9d7b423935",
                  "parentUUID": "f03e4879-b4a7-4c8d-b4f4-96192cbddabe",
                  "isHook": false,
                  "skipped": false
                },
                {
                  "title": "setter should work with number",
                  "fullTitle": "ical-generator Alarm triggerBefore() setter should work with number",
                  "timedOut": false,
                  "duration": 1,
                  "state": "passed",
                  "speed": "fast",
                  "pass": true,
                  "fail": false,
                  "pending": false,
                  "context": null,
                  "code": "const a = new ICalAlarm({}, new ICalEvent({ start: new Date() }, new ICalCalendar()));\na.triggerBefore(2 * 60);\nassert.strictEqual(a.trigger(), 120);",
                  "err": {},
                  "uuid": "be403ca4-aeb7-47b2-96bd-e39870a3b3f3",
                  "parentUUID": "f03e4879-b4a7-4c8d-b4f4-96192cbddabe",
                  "isHook": false,
                  "skipped": false
                },
                {
                  "title": "should change something",
                  "fullTitle": "ical-generator Alarm triggerBefore() should change something",
                  "timedOut": false,
                  "duration": 0,
                  "state": "passed",
                  "speed": "fast",
                  "pass": true,
                  "fail": false,
                  "pending": false,
                  "context": null,
                  "code": "const trigger = moment('2015-02-01T13:38:45.000Z');\nconst a = new ICalAlarm({}, new ICalEvent({ start: new Date() }, new ICalCalendar()));\nassert.ok(a.toString().indexOf('TRIGGER:-PT10M') > -1);\na.triggerBefore(trigger);\nassert.ok(a.toString().indexOf('TRIGGER;VALUE=DATE-TIME:20150201T133845Z') > -1);",
                  "err": {},
                  "uuid": "425d560f-9718-4238-83f9-98b270c9a402",
                  "parentUUID": "f03e4879-b4a7-4c8d-b4f4-96192cbddabe",
                  "isHook": false,
                  "skipped": false
                }
              ],
              "suites": [],
              "passes": [
                "3079d7da-1db5-47c4-9f0e-e44612eac3ef",
                "d2d182a5-ece2-41f0-add7-bf0bdd0e6879",
                "1d21baac-22b9-476c-aa50-d51551e05858",
                "13c283d9-9750-4daf-a7bc-e92bed0a04ed",
                "4b017ae2-8e71-4874-bcd4-2d9d7b423935",
                "be403ca4-aeb7-47b2-96bd-e39870a3b3f3",
                "425d560f-9718-4238-83f9-98b270c9a402"
              ],
              "failures": [],
              "pending": [],
              "skipped": [],
              "duration": 1,
              "root": false,
              "rootEmpty": false,
              "_timeout": 2000
            },
            {
              "uuid": "99347821-ef89-41ed-9bf4-8d5451af7ea0",
              "title": "relatesTo()",
              "fullFile": "/home/runner/work/ical-generator/ical-generator/test/alarm.ts",
              "file": "/test/alarm.ts",
              "beforeHooks": [],
              "afterHooks": [],
              "tests": [
                {
                  "title": "setter should return this",
                  "fullTitle": "ical-generator Alarm relatesTo() setter should return this",
                  "timedOut": false,
                  "duration": 1,
                  "state": "passed",
                  "speed": "fast",
                  "pass": true,
                  "fail": false,
                  "pending": false,
                  "context": null,
                  "code": "const a = new ICalAlarm({}, new ICalEvent({ start: new Date() }, new ICalCalendar()));\nassert.deepStrictEqual(a, a.relatesTo(null));\nassert.deepStrictEqual(a, a.relatesTo(ICalAlarmRelatesTo.end));",
                  "err": {},
                  "uuid": "baa32e00-b13e-4c64-9b89-8e61b9475769",
                  "parentUUID": "99347821-ef89-41ed-9bf4-8d5451af7ea0",
                  "isHook": false,
                  "skipped": false
                },
                {
                  "title": "getter should return value",
                  "fullTitle": "ical-generator Alarm relatesTo() getter should return value",
                  "timedOut": false,
                  "duration": 0,
                  "state": "passed",
                  "speed": "fast",
                  "pass": true,
                  "fail": false,
                  "pending": false,
                  "context": null,
                  "code": "const a = new ICalAlarm({}, new ICalEvent({ start: new Date() }, new ICalCalendar()));\na.relatesTo(ICalAlarmRelatesTo.end);\nassert.strictEqual(a.relatesTo(), ICalAlarmRelatesTo.end);\na.relatesTo(null);\nassert.strictEqual(a.relatesTo(), null);",
                  "err": {},
                  "uuid": "06044301-c65a-4fb3-96af-2899c8e9b47a",
                  "parentUUID": "99347821-ef89-41ed-9bf4-8d5451af7ea0",
                  "isHook": false,
                  "skipped": false
                },
                {
                  "title": "should throw if value is not `null`, \"START\" or \"END\"",
                  "fullTitle": "ical-generator Alarm relatesTo() should throw if value is not `null`, \"START\" or \"END\"",
                  "timedOut": false,
                  "duration": 0,
                  "state": "passed",
                  "speed": "fast",
                  "pass": true,
                  "fail": false,
                  "pending": false,
                  "context": null,
                  "code": "const a = new ICalAlarm({}, new ICalEvent({ start: new Date() }, new ICalCalendar()));\nassert.throws(function () {\n    // @ts-ignore\n    a.relatesTo('hi');\n}, /`relatesTo`/);\nassert.throws(function () {\n    // @ts-ignore\n    a.relatesTo(true);\n}, /`relatesTo`/);\nassert.throws(function () {\n    // @ts-ignore\n    a.relatesTo(Infinity);\n}, /`relatesTo`/);",
                  "err": {},
                  "uuid": "4f63ff24-9e5e-4c00-824c-709b3d4fd266",
                  "parentUUID": "99347821-ef89-41ed-9bf4-8d5451af7ea0",
                  "isHook": false,
                  "skipped": false
                },
                {
                  "title": "should change RELATED",
                  "fullTitle": "ical-generator Alarm relatesTo() should change RELATED",
                  "timedOut": false,
                  "duration": 0,
                  "state": "passed",
                  "speed": "fast",
                  "pass": true,
                  "fail": false,
                  "pending": false,
                  "context": null,
                  "code": "const a = new ICalAlarm({}, new ICalEvent({ start: new Date() }, new ICalCalendar()));\nassert.ok(a.toString().indexOf('RELATED=START') === -1);\na.relatesTo(ICalAlarmRelatesTo.start);\nassert.ok(a.toString().indexOf('RELATED=START') > -1);\na.relatesTo(ICalAlarmRelatesTo.end);\nassert.ok(a.toString().indexOf('RELATED=END') > -1);",
                  "err": {},
                  "uuid": "05ee9641-bc64-4b17-b3f8-9ab7faaa90bd",
                  "parentUUID": "99347821-ef89-41ed-9bf4-8d5451af7ea0",
                  "isHook": false,
                  "skipped": false
                }
              ],
              "suites": [],
              "passes": [
                "baa32e00-b13e-4c64-9b89-8e61b9475769",
                "06044301-c65a-4fb3-96af-2899c8e9b47a",
                "4f63ff24-9e5e-4c00-824c-709b3d4fd266",
                "05ee9641-bc64-4b17-b3f8-9ab7faaa90bd"
              ],
              "failures": [],
              "pending": [],
              "skipped": [],
              "duration": 1,
              "root": false,
              "rootEmpty": false,
              "_timeout": 2000
            },
            {
              "uuid": "8519187b-6ad9-4a7c-ad62-e2f937a665f9",
              "title": "repeat()",
              "fullFile": "/home/runner/work/ical-generator/ical-generator/test/alarm.ts",
              "file": "/test/alarm.ts",
              "beforeHooks": [],
              "afterHooks": [],
              "tests": [
                {
                  "title": "setter should return this",
                  "fullTitle": "ical-generator Alarm repeat() setter should return this",
                  "timedOut": false,
                  "duration": 0,
                  "state": "passed",
                  "speed": "fast",
                  "pass": true,
                  "fail": false,
                  "pending": false,
                  "context": null,
                  "code": "const a = new ICalAlarm({}, new ICalEvent({ start: new Date() }, new ICalCalendar()));\nassert.deepStrictEqual(a, a.repeat({\n    times: 4,\n    interval: 60\n}));",
                  "err": {},
                  "uuid": "7efab179-6610-462a-a9f9-a52c0d59083b",
                  "parentUUID": "8519187b-6ad9-4a7c-ad62-e2f937a665f9",
                  "isHook": false,
                  "skipped": false
                },
                {
                  "title": "getter should return value",
                  "fullTitle": "ical-generator Alarm repeat() getter should return value",
                  "timedOut": false,
                  "duration": 0,
                  "state": "passed",
                  "speed": "fast",
                  "pass": true,
                  "fail": false,
                  "pending": false,
                  "context": null,
                  "code": "const a = new ICalAlarm({}, new ICalEvent({ start: new Date() }, new ICalCalendar()));\nassert.strictEqual(a.repeat(), null);\na.repeat({ times: 4, interval: 60 });\nassert.deepStrictEqual(a.repeat(), { times: 4, interval: 60 });",
                  "err": {},
                  "uuid": "bb56987d-33d0-40e9-b7fa-944d9b7fb080",
                  "parentUUID": "8519187b-6ad9-4a7c-ad62-e2f937a665f9",
                  "isHook": false,
                  "skipped": false
                },
                {
                  "title": "should throw error if repeat not allowed",
                  "fullTitle": "ical-generator Alarm repeat() should throw error if repeat not allowed",
                  "timedOut": false,
                  "duration": 1,
                  "state": "passed",
                  "speed": "fast",
                  "pass": true,
                  "fail": false,
                  "pending": false,
                  "context": null,
                  "code": "const a = new ICalAlarm({}, new ICalEvent({ start: new Date() }, new ICalCalendar()));\nassert.throws(function () {\n    a.repeat({\n        times: Infinity,\n        interval: 60\n    });\n}, /`repeat.times`/);\nassert.throws(function () {\n    a.repeat({\n        // @ts-ignore\n        times: 'hi',\n        interval: 60\n    });\n}, /`repeat.times`/);\nassert.throws(function () {\n    a.repeat({\n        // @ts-ignore\n        times: true,\n        interval: 60\n    });\n}, /`repeat.times`/);\nassert.throws(function () {\n    a.repeat({\n        times: 4,\n        interval: Infinity\n    });\n}, /`repeat.interval`/);\nassert.throws(function () {\n    a.repeat({\n        times: 4,\n        // @ts-ignore\n        interval: 'hi'\n    });\n}, /`repeat.interval`/);\nassert.throws(function () {\n    a.repeat({\n        times: 4,\n        // @ts-ignore\n        interval: true\n    });\n}, /`repeat.interval`/);",
                  "err": {},
                  "uuid": "7cd3ab80-331c-437d-a460-529d633dc75b",
                  "parentUUID": "8519187b-6ad9-4a7c-ad62-e2f937a665f9",
                  "isHook": false,
                  "skipped": false
                },
                {
                  "title": "should change something",
                  "fullTitle": "ical-generator Alarm repeat() should change something",
                  "timedOut": false,
                  "duration": 0,
                  "state": "passed",
                  "speed": "fast",
                  "pass": true,
                  "fail": false,
                  "pending": false,
                  "context": null,
                  "code": "const a = new ICalAlarm({\n    trigger: 300,\n    repeat: {\n        times: 42,\n        interval: 90\n    }\n}, new ICalEvent({ start: new Date() }, new ICalCalendar()));\nassert.ok(a.toString().includes('REPEAT:42'));\nassert.ok(a.toString().includes('DURATION:PT1M30S'));\na.repeat(null);\nassert.ok(!a.toString().includes('REPEAT:42'));\nassert.ok(!a.toString().includes('DURATION:PT1M30S'));",
                  "err": {},
                  "uuid": "1df01c8d-801b-4b26-a1ff-8f205ea60e42",
                  "parentUUID": "8519187b-6ad9-4a7c-ad62-e2f937a665f9",
                  "isHook": false,
                  "skipped": false
                },
                {
                  "title": "should throw an error if repeat is set but interval isn't",
                  "fullTitle": "ical-generator Alarm repeat() should throw an error if repeat is set but interval isn't",
                  "timedOut": false,
                  "duration": 0,
                  "state": "passed",
                  "speed": "fast",
                  "pass": true,
                  "fail": false,
                  "pending": false,
                  "context": null,
                  "code": "assert.throws(function () {\n    new ICalAlarm({\n        trigger: 300,\n        repeat: {\n            times: 4,\n            // @ts-ignore\n            interval: null\n        }\n    }, new ICalEvent({ start: new Date() }, new ICalCalendar()));\n}, /`repeat.interval`/);",
                  "err": {},
                  "uuid": "3c62e7a1-c329-40e8-8624-87b584762fc7",
                  "parentUUID": "8519187b-6ad9-4a7c-ad62-e2f937a665f9",
                  "isHook": false,
                  "skipped": false
                },
                {
                  "title": "should throw an error if interval is set but repeat isn't",
                  "fullTitle": "ical-generator Alarm repeat() should throw an error if interval is set but repeat isn't",
                  "timedOut": false,
                  "duration": 1,
                  "state": "passed",
                  "speed": "fast",
                  "pass": true,
                  "fail": false,
                  "pending": false,
                  "context": null,
                  "code": "assert.throws(function () {\n    new ICalAlarm({\n        trigger: 300,\n        repeat: {\n            // @ts-ignore\n            times: null,\n            interval: 60\n        }\n    }, new ICalEvent({ start: new Date() }, new ICalCalendar()));\n}, /`repeat.times`/);",
                  "err": {},
                  "uuid": "a3d7c27d-9608-4494-a2a4-73f60090938a",
                  "parentUUID": "8519187b-6ad9-4a7c-ad62-e2f937a665f9",
                  "isHook": false,
                  "skipped": false
                },
                {
                  "title": "should throw an error if interval is of wrong type",
                  "fullTitle": "ical-generator Alarm repeat() should throw an error if interval is of wrong type",
                  "timedOut": false,
                  "duration": 0,
                  "state": "passed",
                  "speed": "fast",
                  "pass": true,
                  "fail": false,
                  "pending": false,
                  "context": null,
                  "code": "assert.throws(function () {\n    new ICalAlarm({\n        trigger: 300,\n        // @ts-ignore\n        repeat: true\n    }, new ICalEvent({ start: new Date() }, new ICalCalendar()));\n}, /`repeat` is not correct, must be an object!/);",
                  "err": {},
                  "uuid": "26c3e18a-c51d-4d55-828e-b9e59d882271",
                  "parentUUID": "8519187b-6ad9-4a7c-ad62-e2f937a665f9",
                  "isHook": false,
                  "skipped": false
                }
              ],
              "suites": [],
              "passes": [
                "7efab179-6610-462a-a9f9-a52c0d59083b",
                "bb56987d-33d0-40e9-b7fa-944d9b7fb080",
                "7cd3ab80-331c-437d-a460-529d633dc75b",
                "1df01c8d-801b-4b26-a1ff-8f205ea60e42",
                "3c62e7a1-c329-40e8-8624-87b584762fc7",
                "a3d7c27d-9608-4494-a2a4-73f60090938a",
                "26c3e18a-c51d-4d55-828e-b9e59d882271"
              ],
              "failures": [],
              "pending": [],
              "skipped": [],
              "duration": 2,
              "root": false,
              "rootEmpty": false,
              "_timeout": 2000
            },
            {
              "uuid": "99bbb697-0e60-4439-bfa5-4b8657afa65f",
              "title": "attach()",
              "fullFile": "/home/runner/work/ical-generator/ical-generator/test/alarm.ts",
              "file": "/test/alarm.ts",
              "beforeHooks": [],
              "afterHooks": [],
              "tests": [
                {
                  "title": "setter should return this",
                  "fullTitle": "ical-generator Alarm attach() setter should return this",
                  "timedOut": false,
                  "duration": 0,
                  "state": "passed",
                  "speed": "fast",
                  "pass": true,
                  "fail": false,
                  "pending": false,
                  "context": null,
                  "code": "const a = new ICalAlarm({}, new ICalEvent({ start: new Date() }, new ICalCalendar()));\nassert.deepStrictEqual(a, a.attach(null));\nassert.deepStrictEqual(a, a.attach('https://sebbo.net/beep.aud'));",
                  "err": {},
                  "uuid": "4fb74075-757a-4ded-991b-4ee8a9d8d02a",
                  "parentUUID": "99bbb697-0e60-4439-bfa5-4b8657afa65f",
                  "isHook": false,
                  "skipped": false
                },
                {
                  "title": "getter should return value",
                  "fullTitle": "ical-generator Alarm attach() getter should return value",
                  "timedOut": false,
                  "duration": 0,
                  "state": "passed",
                  "speed": "fast",
                  "pass": true,
                  "fail": false,
                  "pending": false,
                  "context": null,
                  "code": "const t = { uri: 'https://example.com/alarm.aud', mime: 'audio/basic' };\nconst a = new ICalAlarm({}, new ICalEvent({ start: new Date() }, new ICalCalendar()));\nassert.strictEqual(a.attach(), null);\na.attach(t);\nassert.deepStrictEqual(a.attach(), t);\na.attach('https://www.example.com/beep.aud');\nassert.deepStrictEqual(a.attach(), {\n    uri: 'https://www.example.com/beep.aud',\n    mime: null\n});\na.attach({\n    uri: 'https://www.example.com/beep.aud'\n});\nassert.deepStrictEqual(a.attach(), {\n    uri: 'https://www.example.com/beep.aud',\n    mime: null\n});\na.attach(null);\nassert.strictEqual(a.attach(), null);",
                  "err": {},
                  "uuid": "19e13e88-b1fd-4f5e-a478-14a279489217",
                  "parentUUID": "99bbb697-0e60-4439-bfa5-4b8657afa65f",
                  "isHook": false,
                  "skipped": false
                },
                {
                  "title": "should throw error withour uri",
                  "fullTitle": "ical-generator Alarm attach() should throw error withour uri",
                  "timedOut": false,
                  "duration": 0,
                  "state": "passed",
                  "speed": "fast",
                  "pass": true,
                  "fail": false,
                  "pending": false,
                  "context": null,
                  "code": "const a = new ICalAlarm({}, new ICalEvent({ start: new Date() }, new ICalCalendar()));\nassert.throws(function () {\n    // @ts-ignore\n    a.attach({ mime: 'audio/basic' });\n}, /`attach.uri`/);",
                  "err": {},
                  "uuid": "cde2f4bb-c26d-4319-a9f9-7ebcabdf15af",
                  "parentUUID": "99bbb697-0e60-4439-bfa5-4b8657afa65f",
                  "isHook": false,
                  "skipped": false
                },
                {
                  "title": "should throw error when unknown format",
                  "fullTitle": "ical-generator Alarm attach() should throw error when unknown format",
                  "timedOut": false,
                  "duration": 0,
                  "state": "passed",
                  "speed": "fast",
                  "pass": true,
                  "fail": false,
                  "pending": false,
                  "context": null,
                  "code": "const a = new ICalAlarm({}, new ICalEvent({ start: new Date() }, new ICalCalendar()));\nassert.throws(function () {\n    // @ts-ignore\n    a.attach(Infinity);\n}, /`attachment`/);",
                  "err": {},
                  "uuid": "77b6bed4-d8f5-40ed-bbb8-57cc22162cad",
                  "parentUUID": "99bbb697-0e60-4439-bfa5-4b8657afa65f",
                  "isHook": false,
                  "skipped": false
                },
                {
                  "title": "should change something",
                  "fullTitle": "ical-generator Alarm attach() should change something",
                  "timedOut": false,
                  "duration": 0,
                  "state": "passed",
                  "speed": "fast",
                  "pass": true,
                  "fail": false,
                  "pending": false,
                  "context": null,
                  "code": "const a = new ICalAlarm({ type: ICalAlarmType.audio }, new ICalEvent({ start: new Date() }, new ICalCalendar()));\nassert.ok(a.toString().indexOf('\\r\\nATTACH;VALUE=URI:Basso') > -1);\na.attach('https://example.com/beep.aud');\nassert.ok(a.toString().indexOf('\\r\\nATTACH;VALUE=URI:https://example.com/beep.aud') > -1);\na.attach({\n    uri: 'https://example.com/beep.aud',\n    mime: 'audio/basic'\n});\nassert.ok(a.toString().indexOf('\\r\\nATTACH;FMTTYPE=audio/basic:https://example.com/beep.aud') > -1);",
                  "err": {},
                  "uuid": "e2ff1c0d-648d-4e88-91d5-0c967fa61c0a",
                  "parentUUID": "99bbb697-0e60-4439-bfa5-4b8657afa65f",
                  "isHook": false,
                  "skipped": false
                }
              ],
              "suites": [],
              "passes": [
                "4fb74075-757a-4ded-991b-4ee8a9d8d02a",
                "19e13e88-b1fd-4f5e-a478-14a279489217",
                "cde2f4bb-c26d-4319-a9f9-7ebcabdf15af",
                "77b6bed4-d8f5-40ed-bbb8-57cc22162cad",
                "e2ff1c0d-648d-4e88-91d5-0c967fa61c0a"
              ],
              "failures": [],
              "pending": [],
              "skipped": [],
              "duration": 0,
              "root": false,
              "rootEmpty": false,
              "_timeout": 2000
            },
            {
              "uuid": "055cdb4a-98af-4beb-aad7-a55c52c977e5",
              "title": "description()",
              "fullFile": "/home/runner/work/ical-generator/ical-generator/test/alarm.ts",
              "file": "/test/alarm.ts",
              "beforeHooks": [],
              "afterHooks": [],
              "tests": [
                {
                  "title": "setter should return this",
                  "fullTitle": "ical-generator Alarm description() setter should return this",
                  "timedOut": false,
                  "duration": 0,
                  "state": "passed",
                  "speed": "fast",
                  "pass": true,
                  "fail": false,
                  "pending": false,
                  "context": null,
                  "code": "const a = new ICalAlarm({}, new ICalEvent({ start: new Date() }, new ICalCalendar()));\nassert.deepStrictEqual(a, a.description(null));\nassert.deepStrictEqual(a, a.description('Hey Ho!'));",
                  "err": {},
                  "uuid": "4978d179-175b-4eed-b0f1-315f4a9272f1",
                  "parentUUID": "055cdb4a-98af-4beb-aad7-a55c52c977e5",
                  "isHook": false,
                  "skipped": false
                },
                {
                  "title": "getter should return value",
                  "fullTitle": "ical-generator Alarm description() getter should return value",
                  "timedOut": false,
                  "duration": 0,
                  "state": "passed",
                  "speed": "fast",
                  "pass": true,
                  "fail": false,
                  "pending": false,
                  "context": null,
                  "code": "const a = new ICalAlarm({}, new ICalEvent({ start: new Date() }, new ICalCalendar()));\nassert.deepStrictEqual(a.description(), null);\na.description('blablabla');\nassert.deepStrictEqual(a.description(), 'blablabla');\na.description(null);\nassert.deepStrictEqual(a.description(), null);",
                  "err": {},
                  "uuid": "d90412a2-15cc-43d8-9928-f513b01f4b0f",
                  "parentUUID": "055cdb4a-98af-4beb-aad7-a55c52c977e5",
                  "isHook": false,
                  "skipped": false
                },
                {
                  "title": "should change something",
                  "fullTitle": "ical-generator Alarm description() should change something",
                  "timedOut": false,
                  "duration": 0,
                  "state": "passed",
                  "speed": "fast",
                  "pass": true,
                  "fail": false,
                  "pending": false,
                  "context": null,
                  "code": "const a = new ICalAlarm({\n    description: 'Huibuh!'\n}, new ICalEvent({ start: new Date() }, new ICalCalendar()));\nassert.ok(a.toString().indexOf('\\r\\nDESCRIPTION:Huibuh') > -1);",
                  "err": {},
                  "uuid": "87b8f01c-ae0a-485b-a2fa-2d3c91f1c580",
                  "parentUUID": "055cdb4a-98af-4beb-aad7-a55c52c977e5",
                  "isHook": false,
                  "skipped": false
                },
                {
                  "title": "should fallback to event summary",
                  "fullTitle": "ical-generator Alarm description() should fallback to event summary",
                  "timedOut": false,
                  "duration": 0,
                  "state": "passed",
                  "speed": "fast",
                  "pass": true,
                  "fail": false,
                  "pending": false,
                  "context": null,
                  "code": "const a = new ICalAlarm({ description: 'Example Event' }, new ICalEvent({ start: new Date() }, new ICalCalendar()));\nassert.ok(a.toString().indexOf('\\r\\nDESCRIPTION:Example Event') > -1);",
                  "err": {},
                  "uuid": "894b4dec-e749-46d1-bec4-1554d1c48e9a",
                  "parentUUID": "055cdb4a-98af-4beb-aad7-a55c52c977e5",
                  "isHook": false,
                  "skipped": false
                }
              ],
              "suites": [],
              "passes": [
                "4978d179-175b-4eed-b0f1-315f4a9272f1",
                "d90412a2-15cc-43d8-9928-f513b01f4b0f",
                "87b8f01c-ae0a-485b-a2fa-2d3c91f1c580",
                "894b4dec-e749-46d1-bec4-1554d1c48e9a"
              ],
              "failures": [],
              "pending": [],
              "skipped": [],
              "duration": 0,
              "root": false,
              "rootEmpty": false,
              "_timeout": 2000
            },
            {
              "uuid": "3a32d109-3687-41df-a4b6-4919cb988def",
              "title": "summary()",
              "fullFile": "/home/runner/work/ical-generator/ical-generator/test/alarm.ts",
              "file": "/test/alarm.ts",
              "beforeHooks": [],
              "afterHooks": [],
              "tests": [
                {
                  "title": "setter should return this",
                  "fullTitle": "ical-generator Alarm summary() setter should return this",
                  "timedOut": false,
                  "duration": 0,
                  "state": "passed",
                  "speed": "fast",
                  "pass": true,
                  "fail": false,
                  "pending": false,
                  "context": null,
                  "code": "const a = new ICalAlarm({}, new ICalEvent({ start: new Date() }, new ICalCalendar()));\nassert.deepStrictEqual(a, a.summary(null));\nassert.deepStrictEqual(a, a.summary('Hey Ho!'));",
                  "err": {},
                  "uuid": "703ae9eb-c82c-4d70-aa8b-eb765bfc4d4b",
                  "parentUUID": "3a32d109-3687-41df-a4b6-4919cb988def",
                  "isHook": false,
                  "skipped": false
                },
                {
                  "title": "getter should return value",
                  "fullTitle": "ical-generator Alarm summary() getter should return value",
                  "timedOut": false,
                  "duration": 0,
                  "state": "passed",
                  "speed": "fast",
                  "pass": true,
                  "fail": false,
                  "pending": false,
                  "context": null,
                  "code": "const a = new ICalAlarm({}, new ICalEvent({ start: new Date() }, new ICalCalendar()));\nassert.deepStrictEqual(a.summary(), null);\na.summary('blablabla');\nassert.deepStrictEqual(a.summary(), 'blablabla');\na.summary(null);\nassert.deepStrictEqual(a.summary(), null);",
                  "err": {},
                  "uuid": "3674ae1c-aa0d-41a5-8504-f1b72bf39e74",
                  "parentUUID": "3a32d109-3687-41df-a4b6-4919cb988def",
                  "isHook": false,
                  "skipped": false
                },
                {
                  "title": "should change something",
                  "fullTitle": "ical-generator Alarm summary() should change something",
                  "timedOut": false,
                  "duration": 0,
                  "state": "passed",
                  "speed": "fast",
                  "pass": true,
                  "fail": false,
                  "pending": false,
                  "context": null,
                  "code": "const a = new ICalAlarm({\n    type: ICalAlarmType.email,\n    summary: 'Huibuh!'\n}, new ICalEvent({ start: new Date() }, new ICalCalendar()));\nassert.ok(a.toString().indexOf('\\r\\nSUMMARY:Huibuh') > -1);",
                  "err": {},
                  "uuid": "695d2364-3ac2-4685-a01f-8a74155b4d78",
                  "parentUUID": "3a32d109-3687-41df-a4b6-4919cb988def",
                  "isHook": false,
                  "skipped": false
                },
                {
                  "title": "should fallback to event summary",
                  "fullTitle": "ical-generator Alarm summary() should fallback to event summary",
                  "timedOut": false,
                  "duration": 0,
                  "state": "passed",
                  "speed": "fast",
                  "pass": true,
                  "fail": false,
                  "pending": false,
                  "context": null,
                  "code": "const a = new ICalAlarm({ type: ICalAlarmType.email }, new ICalEvent({ start: new Date(), summary: 'Example Event' }, new ICalCalendar()));\nassert.ok(a.toString().indexOf('\\r\\nSUMMARY:Example Event') > -1);",
                  "err": {},
                  "uuid": "57aa5365-edbb-46d2-9161-1b72bbd80536",
                  "parentUUID": "3a32d109-3687-41df-a4b6-4919cb988def",
                  "isHook": false,
                  "skipped": false
                }
              ],
              "suites": [],
              "passes": [
                "703ae9eb-c82c-4d70-aa8b-eb765bfc4d4b",
                "3674ae1c-aa0d-41a5-8504-f1b72bf39e74",
                "695d2364-3ac2-4685-a01f-8a74155b4d78",
                "57aa5365-edbb-46d2-9161-1b72bbd80536"
              ],
              "failures": [],
              "pending": [],
              "skipped": [],
              "duration": 0,
              "root": false,
              "rootEmpty": false,
              "_timeout": 2000
            },
            {
              "uuid": "618d8ac2-60ba-40fc-9a32-9f07287bf84d",
              "title": "createAttendee()",
              "fullFile": "/home/runner/work/ical-generator/ical-generator/test/alarm.ts",
              "file": "/test/alarm.ts",
              "beforeHooks": [],
              "afterHooks": [],
              "tests": [
                {
                  "title": "if Attendee passed, it should add and return it",
                  "fullTitle": "ical-generator Alarm createAttendee() if Attendee passed, it should add and return it",
                  "timedOut": false,
                  "duration": 0,
                  "state": "passed",
                  "speed": "fast",
                  "pass": true,
                  "fail": false,
                  "pending": false,
                  "context": null,
                  "code": "const alarm = new ICalEvent({ start: new Date() }, new ICalCalendar()).createAlarm({\n    type: ICalAlarmType.email\n});\nconst attendee = new ICalAttendee({ email: 'mail@example.com' }, alarm);\nassert.strictEqual(alarm.createAttendee(attendee), attendee, 'createAttendee returns attendee');\nassert.deepStrictEqual(alarm.attendees()[0], attendee, 'attendee pushed');",
                  "err": {},
                  "uuid": "389dfab4-4720-4355-8551-248121c8edbf",
                  "parentUUID": "618d8ac2-60ba-40fc-9a32-9f07287bf84d",
                  "isHook": false,
                  "skipped": false
                },
                {
                  "title": "should return a ICalAttendee instance",
                  "fullTitle": "ical-generator Alarm createAttendee() should return a ICalAttendee instance",
                  "timedOut": false,
                  "duration": 0,
                  "state": "passed",
                  "speed": "fast",
                  "pass": true,
                  "fail": false,
                  "pending": false,
                  "context": null,
                  "code": "const alarm = new ICalEvent({ start: new Date() }, new ICalCalendar()).createAlarm({\n    type: ICalAlarmType.email\n});\n;\nassert.ok(alarm.createAttendee({ email: 'mail@example.com' }) instanceof ICalAttendee);\nassert.strictEqual(alarm.attendees.length, 1, 'attendee pushed');",
                  "err": {},
                  "uuid": "fdce0dc9-b075-4add-a719-1651d3ed5caf",
                  "parentUUID": "618d8ac2-60ba-40fc-9a32-9f07287bf84d",
                  "isHook": false,
                  "skipped": false
                },
                {
                  "title": "should accept string",
                  "fullTitle": "ical-generator Alarm createAttendee() should accept string",
                  "timedOut": false,
                  "duration": 0,
                  "state": "passed",
                  "speed": "fast",
                  "pass": true,
                  "fail": false,
                  "pending": false,
                  "context": null,
                  "code": "const alarm = new ICalEvent({ start: new Date() }, new ICalCalendar()).createAlarm({\n    type: ICalAlarmType.email\n});\n;\nconst attendee = alarm.createAttendee('Zac <zac@example.com>');\nassert.strictEqual(attendee.name(), 'Zac');\nassert.strictEqual(attendee.email(), 'zac@example.com');\nassert.strictEqual(alarm.attendees().length, 1, 'attendee pushed');",
                  "err": {},
                  "uuid": "1904e2dc-95c4-4a93-b748-89022e9aa9d9",
                  "parentUUID": "618d8ac2-60ba-40fc-9a32-9f07287bf84d",
                  "isHook": false,
                  "skipped": false
                },
                {
                  "title": "should throw error when string misformated",
                  "fullTitle": "ical-generator Alarm createAttendee() should throw error when string misformated",
                  "timedOut": false,
                  "duration": 0,
                  "state": "passed",
                  "speed": "fast",
                  "pass": true,
                  "fail": false,
                  "pending": false,
                  "context": null,
                  "code": "const alarm = new ICalEvent({ start: new Date() }, new ICalCalendar()).createAlarm({\n    type: ICalAlarmType.email\n});\n;\nassert.throws(function () {\n    alarm.createAttendee('foo bar');\n}, /isn't formated correctly/);",
                  "err": {},
                  "uuid": "9d124208-eb11-4914-bc61-ba13fd87fc4a",
                  "parentUUID": "618d8ac2-60ba-40fc-9a32-9f07287bf84d",
                  "isHook": false,
                  "skipped": false
                },
                {
                  "title": "should accept object",
                  "fullTitle": "ical-generator Alarm createAttendee() should accept object",
                  "timedOut": false,
                  "duration": 0,
                  "state": "passed",
                  "speed": "fast",
                  "pass": true,
                  "fail": false,
                  "pending": false,
                  "context": null,
                  "code": "const alarm = new ICalEvent({ start: new Date() }, new ICalCalendar()).createAlarm({\n    type: ICalAlarmType.email\n});\nconst attendee = alarm.createAttendee({ name: 'Zac', email: 'zac@example.com' });\nassert.strictEqual(attendee.name(), 'Zac');\nassert.strictEqual(attendee.email(), 'zac@example.com');\nassert.strictEqual(alarm.attendees().length, 1, 'attendee pushed');\nassert.ok(alarm.toString().includes('ATTENDEE;ROLE=REQ-PARTICIPANT;CN=\"Zac\":MAILTO:zac@example.com'));",
                  "err": {},
                  "uuid": "7681d1b7-3030-4919-b12e-f8e93d6c6506",
                  "parentUUID": "618d8ac2-60ba-40fc-9a32-9f07287bf84d",
                  "isHook": false,
                  "skipped": false
                }
              ],
              "suites": [],
              "passes": [
                "389dfab4-4720-4355-8551-248121c8edbf",
                "fdce0dc9-b075-4add-a719-1651d3ed5caf",
                "1904e2dc-95c4-4a93-b748-89022e9aa9d9",
                "9d124208-eb11-4914-bc61-ba13fd87fc4a",
                "7681d1b7-3030-4919-b12e-f8e93d6c6506"
              ],
              "failures": [],
              "pending": [],
              "skipped": [],
              "duration": 0,
              "root": false,
              "rootEmpty": false,
              "_timeout": 2000
            },
            {
              "uuid": "3a117983-e0fc-4dd5-a4ea-9b524de224a7",
              "title": "attendees()",
              "fullFile": "/home/runner/work/ical-generator/ical-generator/test/alarm.ts",
              "file": "/test/alarm.ts",
              "beforeHooks": [],
              "afterHooks": [],
              "tests": [
                {
                  "title": "getter should return an array of attendees…",
                  "fullTitle": "ical-generator Alarm attendees() getter should return an array of attendees…",
                  "timedOut": false,
                  "duration": 1,
                  "state": "passed",
                  "speed": "fast",
                  "pass": true,
                  "fail": false,
                  "pending": false,
                  "context": null,
                  "code": "const alarm = new ICalEvent({ start: new Date() }, new ICalCalendar()).createAlarm({\n    type: ICalAlarmType.email\n});\nassert.strictEqual(alarm.attendees().length, 0);\nconst attendee = alarm.createAttendee({ email: 'mail@example.com' });\nassert.strictEqual(alarm.attendees().length, 1);\nassert.deepStrictEqual(alarm.attendees()[0], attendee);",
                  "err": {},
                  "uuid": "f7ab7cc0-b212-4b3e-a766-6b8c88269587",
                  "parentUUID": "3a117983-e0fc-4dd5-a4ea-9b524de224a7",
                  "isHook": false,
                  "skipped": false
                },
                {
                  "title": "setter should add attendees and return this",
                  "fullTitle": "ical-generator Alarm attendees() setter should add attendees and return this",
                  "timedOut": false,
                  "duration": 0,
                  "state": "passed",
                  "speed": "fast",
                  "pass": true,
                  "fail": false,
                  "pending": false,
                  "context": null,
                  "code": "const alarm = new ICalEvent({ start: new Date() }, new ICalCalendar()).createAlarm({\n    type: ICalAlarmType.email\n});\nconst foo = alarm.attendees([\n    { name: 'Person A', email: 'a@example.com' },\n    { name: 'Person B', email: 'b@example.com' }\n]);\nassert.strictEqual(alarm.attendees().length, 2);\nassert.deepStrictEqual(foo, alarm);",
                  "err": {},
                  "uuid": "fff07906-3b4a-446f-8377-aa2aed155e3c",
                  "parentUUID": "3a117983-e0fc-4dd5-a4ea-9b524de224a7",
                  "isHook": false,
                  "skipped": false
                }
              ],
              "suites": [],
              "passes": [
                "f7ab7cc0-b212-4b3e-a766-6b8c88269587",
                "fff07906-3b4a-446f-8377-aa2aed155e3c"
              ],
              "failures": [],
              "pending": [],
              "skipped": [],
              "duration": 1,
              "root": false,
              "rootEmpty": false,
              "_timeout": 2000
            },
            {
              "uuid": "1822881f-3973-4371-9ebb-443c006cb79a",
              "title": "x()",
              "fullFile": "/home/runner/work/ical-generator/ical-generator/test/alarm.ts",
              "file": "/test/alarm.ts",
              "beforeHooks": [],
              "afterHooks": [],
              "tests": [
                {
                  "title": "is there",
                  "fullTitle": "ical-generator Alarm x() is there",
                  "timedOut": false,
                  "duration": 0,
                  "state": "passed",
                  "speed": "fast",
                  "pass": true,
                  "fail": false,
                  "pending": false,
                  "context": null,
                  "code": "const a = new ICalAlarm({}, new ICalEvent({ start: new Date() }, new ICalCalendar()));\nassert.deepStrictEqual(a, a.x('X-FOO', 'bar'));",
                  "err": {},
                  "uuid": "9b7a87ec-1872-4204-81cc-389b48981e16",
                  "parentUUID": "1822881f-3973-4371-9ebb-443c006cb79a",
                  "isHook": false,
                  "skipped": false
                }
              ],
              "suites": [],
              "passes": [
                "9b7a87ec-1872-4204-81cc-389b48981e16"
              ],
              "failures": [],
              "pending": [],
              "skipped": [],
              "duration": 0,
              "root": false,
              "rootEmpty": false,
              "_timeout": 2000
            },
            {
              "uuid": "68f95b48-2cd7-4647-977c-547303d978ce",
              "title": "toJSON()",
              "fullFile": "/home/runner/work/ical-generator/ical-generator/test/alarm.ts",
              "file": "/test/alarm.ts",
              "beforeHooks": [],
              "afterHooks": [],
              "tests": [
                {
                  "title": "should work",
                  "fullTitle": "ical-generator Alarm toJSON() should work",
                  "timedOut": false,
                  "duration": 1,
                  "state": "passed",
                  "speed": "fast",
                  "pass": true,
                  "fail": false,
                  "pending": false,
                  "context": null,
                  "code": "const a = new ICalAlarm({}, new ICalEvent({ start: new Date() }, new ICalCalendar()));\na.type(ICalAlarmType.display);\na.trigger(120);\nassert.deepStrictEqual(a.toJSON(), {\n    attach: null,\n    attendees: [],\n    description: null,\n    relatesTo: null,\n    interval: null,\n    repeat: null,\n    summary: null,\n    trigger: 120,\n    type: 'display',\n    x: []\n});",
                  "err": {},
                  "uuid": "d8fc9979-68f7-4274-afd5-a90a8b2d60a3",
                  "parentUUID": "68f95b48-2cd7-4647-977c-547303d978ce",
                  "isHook": false,
                  "skipped": false
                },
                {
                  "title": "should be compatible with constructor (type check)",
                  "fullTitle": "ical-generator Alarm toJSON() should be compatible with constructor (type check)",
                  "timedOut": false,
                  "duration": 0,
                  "state": "passed",
                  "speed": "fast",
                  "pass": true,
                  "fail": false,
                  "pending": false,
                  "context": null,
                  "code": "const a = new ICalAlarm({}, new ICalEvent({ start: new Date() }, new ICalCalendar()));\nnew ICalAlarm(a.toJSON(), new ICalEvent({ start: new Date() }, new ICalCalendar()));",
                  "err": {},
                  "uuid": "cc5d748e-620e-4de6-9c75-bce1a7c47ca5",
                  "parentUUID": "68f95b48-2cd7-4647-977c-547303d978ce",
                  "isHook": false,
                  "skipped": false
                }
              ],
              "suites": [],
              "passes": [
                "d8fc9979-68f7-4274-afd5-a90a8b2d60a3",
                "cc5d748e-620e-4de6-9c75-bce1a7c47ca5"
              ],
              "failures": [],
              "pending": [],
              "skipped": [],
              "duration": 1,
              "root": false,
              "rootEmpty": false,
              "_timeout": 2000
            }
          ],
          "passes": [],
          "failures": [],
          "pending": [],
          "skipped": [],
          "duration": 0,
          "root": false,
          "rootEmpty": false,
          "_timeout": 2000
        },
        {
          "uuid": "2de42122-956a-4d45-a05e-8be8fa108272",
          "title": "ical-generator Attendee",
          "fullFile": "/home/runner/work/ical-generator/ical-generator/test/attendee.ts",
          "file": "/test/attendee.ts",
          "beforeHooks": [],
          "afterHooks": [],
          "tests": [],
          "suites": [
            {
              "uuid": "f5b7c4cd-0979-4b56-a332-c43210cb04f4",
              "title": "constructor()",
              "fullFile": "/home/runner/work/ical-generator/ical-generator/test/attendee.ts",
              "file": "/test/attendee.ts",
              "beforeHooks": [],
              "afterHooks": [],
              "tests": [
                {
                  "title": "shoud set data from constructor",
                  "fullTitle": "ical-generator Attendee constructor() shoud set data from constructor",
                  "timedOut": false,
                  "duration": 1,
                  "state": "passed",
                  "speed": "fast",
                  "pass": true,
                  "fail": false,
                  "pending": false,
                  "context": null,
                  "code": "const data = {\n    name: 'John Doe',\n    email: 'john@example.org',\n    mailto: 'john+calendar@example.org',\n    sentBy: null,\n    status: ICalAttendeeStatus.ACCEPTED,\n    role: ICalAttendeeRole.REQ,\n    rsvp: false,\n    type: ICalAttendeeType.INDIVIDUAL,\n    delegatedTo: null,\n    delegatedFrom: null,\n    x: []\n};\nconst event = new ICalAttendee(data, new ICalEvent({ start: new Date() }, new ICalCalendar()));\nassert.deepStrictEqual(event.toJSON(), data);",
                  "err": {},
                  "uuid": "96370f25-cb5a-48b6-b20e-1aed1e1c541a",
                  "parentUUID": "f5b7c4cd-0979-4b56-a332-c43210cb04f4",
                  "isHook": false,
                  "skipped": false
                },
                {
                  "title": "shouldn't work without event reference",
                  "fullTitle": "ical-generator Attendee constructor() shouldn't work without event reference",
                  "timedOut": false,
                  "duration": 0,
                  "state": "passed",
                  "speed": "fast",
                  "pass": true,
                  "fail": false,
                  "pending": false,
                  "context": null,
                  "code": "assert.throws(function () {\n    // @ts-ignore\n    new ICalAttendee({ email: 'foo@bar.com' });\n}, /`event`/);",
                  "err": {},
                  "uuid": "d98eda60-403b-4985-8b73-791225ad6cd6",
                  "parentUUID": "f5b7c4cd-0979-4b56-a332-c43210cb04f4",
                  "isHook": false,
                  "skipped": false
                },
                {
                  "title": "should throw an error without email",
                  "fullTitle": "ical-generator Attendee constructor() should throw an error without email",
                  "timedOut": false,
                  "duration": 0,
                  "state": "passed",
                  "speed": "fast",
                  "pass": true,
                  "fail": false,
                  "pending": false,
                  "context": null,
                  "code": "assert.throws(function () {\n    new ICalAttendee(\n    // @ts-ignore\n    { name: 'Testuser' }, new ICalEvent({ start: new Date() }, new ICalCalendar()));\n}, /`email`/);",
                  "err": {},
                  "uuid": "019704e5-1296-453e-ad58-110c1eea6b0e",
                  "parentUUID": "f5b7c4cd-0979-4b56-a332-c43210cb04f4",
                  "isHook": false,
                  "skipped": false
                }
              ],
              "suites": [],
              "passes": [
                "96370f25-cb5a-48b6-b20e-1aed1e1c541a",
                "d98eda60-403b-4985-8b73-791225ad6cd6",
                "019704e5-1296-453e-ad58-110c1eea6b0e"
              ],
              "failures": [],
              "pending": [],
              "skipped": [],
              "duration": 1,
              "root": false,
              "rootEmpty": false,
              "_timeout": 2000
            },
            {
              "uuid": "38d93790-9f46-4b16-965f-63074f8d89da",
              "title": "name()",
              "fullFile": "/home/runner/work/ical-generator/ical-generator/test/attendee.ts",
              "file": "/test/attendee.ts",
              "beforeHooks": [],
              "afterHooks": [],
              "tests": [
                {
                  "title": "getter should return value",
                  "fullTitle": "ical-generator Attendee name() getter should return value",
                  "timedOut": false,
                  "duration": 0,
                  "state": "passed",
                  "speed": "fast",
                  "pass": true,
                  "fail": false,
                  "pending": false,
                  "context": null,
                  "code": "const a = new ICalAttendee({ email: 'foo@example.com' }, new ICalEvent({ start: new Date() }, new ICalCalendar()));\nassert.strictEqual(a.name(), null);\na.name('Sebastian');\nassert.strictEqual(a.name(), 'Sebastian');",
                  "err": {},
                  "uuid": "eed3bccd-961f-4191-a990-dd21b929b105",
                  "parentUUID": "38d93790-9f46-4b16-965f-63074f8d89da",
                  "isHook": false,
                  "skipped": false
                },
                {
                  "title": "setter should return this",
                  "fullTitle": "ical-generator Attendee name() setter should return this",
                  "timedOut": false,
                  "duration": 0,
                  "state": "passed",
                  "speed": "fast",
                  "pass": true,
                  "fail": false,
                  "pending": false,
                  "context": null,
                  "code": "const a = new ICalAttendee({ email: 'foo@example.com' }, new ICalEvent({ start: new Date() }, new ICalCalendar()));\nassert.deepStrictEqual(a, a.name(null));\nassert.deepStrictEqual(a, a.name('Sebastian'));",
                  "err": {},
                  "uuid": "55dcffcc-7d18-4bd4-96ef-fd9563fbd9f1",
                  "parentUUID": "38d93790-9f46-4b16-965f-63074f8d89da",
                  "isHook": false,
                  "skipped": false
                },
                {
                  "title": "setter should change something",
                  "fullTitle": "ical-generator Attendee name() setter should change something",
                  "timedOut": false,
                  "duration": 0,
                  "state": "passed",
                  "speed": "fast",
                  "pass": true,
                  "fail": false,
                  "pending": false,
                  "context": null,
[...]
                      "parentUUID": "59122a23-39a4-41c7-bb45-22e44b410c68",
                      "isHook": false,
                      "skipped": false
                    }
                  ],
                  "suites": [],
                  "passes": [
                    "a72d7e32-aaf9-437f-afc0-382a35d458d5",
                    "03f8340f-933f-4d68-9efd-36eee8bf1611"
                  ],
                  "failures": [],
                  "pending": [],
                  "skipped": [],
                  "duration": 0,
                  "root": false,
                  "rootEmpty": false,
                  "_timeout": 2000
                },
                {
                  "uuid": "50a0ae08-ab02-407e-bd92-97cf14adca17",
                  "title": "Luxon",
                  "fullFile": "/home/runner/work/ical-generator/ical-generator/test/tools.ts",
                  "file": "/test/tools.ts",
                  "beforeHooks": [],
                  "afterHooks": [],
                  "tests": [
                    {
                      "title": "should work with valid Luxon",
                      "fullTitle": "ICalTools checkDate() Luxon should work with valid Luxon",
                      "timedOut": false,
                      "duration": 1,
                      "state": "passed",
                      "speed": "fast",
                      "pass": true,
                      "fail": false,
                      "pending": false,
                      "context": null,
                      "code": "const date = DateTime.now();\nassert.equal(checkDate(date, 'foo'), date);",
                      "err": {},
                      "uuid": "dcb71680-4b31-4a8b-85a0-351217a95d76",
                      "parentUUID": "50a0ae08-ab02-407e-bd92-97cf14adca17",
                      "isHook": false,
                      "skipped": false
                    },
                    {
                      "title": "should throw error for invalid Luxon",
                      "fullTitle": "ICalTools checkDate() Luxon should throw error for invalid Luxon",
                      "timedOut": false,
                      "duration": 0,
                      "state": "passed",
                      "speed": "fast",
                      "pass": true,
                      "fail": false,
                      "pending": false,
                      "context": null,
                      "code": "const date = DateTime.fromISO('foo');\nassert.throws(() => {\n    checkDate(date, 'foo');\n}, /`foo` has to be a valid date!/);",
                      "err": {},
                      "uuid": "e87b8268-4e66-49d9-841d-3de68ff5ad1a",
                      "parentUUID": "50a0ae08-ab02-407e-bd92-97cf14adca17",
                      "isHook": false,
                      "skipped": false
                    }
                  ],
                  "suites": [],
                  "passes": [
                    "dcb71680-4b31-4a8b-85a0-351217a95d76",
                    "e87b8268-4e66-49d9-841d-3de68ff5ad1a"
                  ],
                  "failures": [],
                  "pending": [],
                  "skipped": [],
                  "duration": 1,
                  "root": false,
                  "rootEmpty": false,
                  "_timeout": 2000
                },
                {
                  "uuid": "23d71f98-cb45-4d78-9243-fe43294cc2d7",
                  "title": "Moment",
                  "fullFile": "/home/runner/work/ical-generator/ical-generator/test/tools.ts",
                  "file": "/test/tools.ts",
                  "beforeHooks": [],
                  "afterHooks": [],
                  "tests": [
                    {
                      "title": "should work with valid Moment",
                      "fullTitle": "ICalTools checkDate() Moment should work with valid Moment",
                      "timedOut": false,
                      "duration": 0,
                      "state": "passed",
                      "speed": "fast",
                      "pass": true,
                      "fail": false,
                      "pending": false,
                      "context": null,
                      "code": "const date = moment();\nassert.equal(checkDate(date, 'foo'), date);",
                      "err": {},
                      "uuid": "d14551be-490e-4c60-8305-18fd998b9ae6",
                      "parentUUID": "23d71f98-cb45-4d78-9243-fe43294cc2d7",
                      "isHook": false,
                      "skipped": false
                    },
                    {
                      "title": "should throw error for invalid Moment",
                      "fullTitle": "ICalTools checkDate() Moment should throw error for invalid Moment",
                      "timedOut": false,
                      "duration": 0,
                      "state": "passed",
                      "speed": "fast",
                      "pass": true,
                      "fail": false,
                      "pending": false,
                      "context": null,
                      "code": "const date = moment('foo', 'MM/DD/YYYY', true);\nassert.throws(() => {\n    checkDate(date, 'foo');\n}, /`foo` has to be a valid date!/);",
                      "err": {},
                      "uuid": "0ed5d854-035f-4c36-ba38-cd6aff2316f1",
                      "parentUUID": "23d71f98-cb45-4d78-9243-fe43294cc2d7",
                      "isHook": false,
                      "skipped": false
                    }
                  ],
                  "suites": [],
                  "passes": [
                    "d14551be-490e-4c60-8305-18fd998b9ae6",
                    "0ed5d854-035f-4c36-ba38-cd6aff2316f1"
                  ],
                  "failures": [],
                  "pending": [],
                  "skipped": [],
                  "duration": 0,
                  "root": false,
                  "rootEmpty": false,
                  "_timeout": 2000
                },
                {
                  "uuid": "f7ad9acb-fd11-4fdd-b1c7-1ff190f3360f",
                  "title": "Day.js",
                  "fullFile": "/home/runner/work/ical-generator/ical-generator/test/tools.ts",
                  "file": "/test/tools.ts",
                  "beforeHooks": [],
                  "afterHooks": [],
                  "tests": [
                    {
                      "title": "should work with valid Day.js",
                      "fullTitle": "ICalTools checkDate() Day.js should work with valid Day.js",
                      "timedOut": false,
                      "duration": 0,
                      "state": "passed",
                      "speed": "fast",
                      "pass": true,
                      "fail": false,
                      "pending": false,
                      "context": null,
                      "code": "const date = dayjs();\nassert.equal(checkDate(date, 'foo'), date);",
                      "err": {},
                      "uuid": "2fd625fa-9ccb-4107-8926-59179dc1c790",
                      "parentUUID": "f7ad9acb-fd11-4fdd-b1c7-1ff190f3360f",
                      "isHook": false,
                      "skipped": false
                    },
                    {
                      "title": "should throw error for invalid Day.js",
                      "fullTitle": "ICalTools checkDate() Day.js should throw error for invalid Day.js",
                      "timedOut": false,
                      "duration": 0,
                      "state": "passed",
                      "speed": "fast",
                      "pass": true,
                      "fail": false,
                      "pending": false,
                      "context": null,
                      "code": "const date = dayjs('foo');\nassert.throws(() => {\n    checkDate(date, 'foo');\n}, /`foo` has to be a valid date!/);",
                      "err": {},
                      "uuid": "f94e7a3d-3161-4a55-a31a-fb9a97e42166",
                      "parentUUID": "f7ad9acb-fd11-4fdd-b1c7-1ff190f3360f",
                      "isHook": false,
                      "skipped": false
                    }
                  ],
                  "suites": [],
                  "passes": [
                    "2fd625fa-9ccb-4107-8926-59179dc1c790",
                    "f94e7a3d-3161-4a55-a31a-fb9a97e42166"
                  ],
                  "failures": [],
                  "pending": [],
                  "skipped": [],
                  "duration": 0,
                  "root": false,
                  "rootEmpty": false,
                  "_timeout": 2000
                }
              ],
              "passes": [],
              "failures": [],
              "pending": [],
              "skipped": [],
              "duration": 0,
              "root": false,
              "rootEmpty": false,
              "_timeout": 2000
            },
            {
              "uuid": "f8077b6b-6313-4d04-820e-31b624535e76",
              "title": "toDate()",
              "fullFile": "/home/runner/work/ical-generator/ical-generator/test/tools.ts",
              "file": "/test/tools.ts",
              "beforeHooks": [],
              "afterHooks": [],
              "tests": [
                {
                  "title": "should work with strings",
                  "fullTitle": "ICalTools toDate() should work with strings",
                  "timedOut": false,
                  "duration": 0,
                  "state": "passed",
                  "speed": "fast",
                  "pass": true,
                  "fail": false,
                  "pending": false,
                  "context": null,
                  "code": "const date = new Date();\nassert.deepStrictEqual(toDate(date.toJSON()), date);",
                  "err": {},
                  "uuid": "a327c3ed-0fed-4993-9824-c3071ac383e7",
                  "parentUUID": "f8077b6b-6313-4d04-820e-31b624535e76",
                  "isHook": false,
                  "skipped": false
                },
                {
                  "title": "should work with native Date",
                  "fullTitle": "ICalTools toDate() should work with native Date",
                  "timedOut": false,
                  "duration": 0,
                  "state": "passed",
                  "speed": "fast",
                  "pass": true,
                  "fail": false,
                  "pending": false,
                  "context": null,
                  "code": "const date = new Date();\nassert.deepStrictEqual(toDate(date), date);",
                  "err": {},
                  "uuid": "98a111b0-b920-44a9-a03e-071db6d3c472",
                  "parentUUID": "f8077b6b-6313-4d04-820e-31b624535e76",
                  "isHook": false,
                  "skipped": false
                },
                {
                  "title": "should work with moment object",
                  "fullTitle": "ICalTools toDate() should work with moment object",
                  "timedOut": false,
                  "duration": 0,
                  "state": "passed",
                  "speed": "fast",
                  "pass": true,
                  "fail": false,
                  "pending": false,
                  "context": null,
                  "code": "const date = new Date();\nassert.deepStrictEqual(toDate(moment(date)), date);",
                  "err": {},
                  "uuid": "3e09801c-1661-497c-82c6-24afa8cdaf4e",
                  "parentUUID": "f8077b6b-6313-4d04-820e-31b624535e76",
                  "isHook": false,
                  "skipped": false
                },
                {
                  "title": "should work with moment-timezone object",
                  "fullTitle": "ICalTools toDate() should work with moment-timezone object",
                  "timedOut": false,
                  "duration": 0,
                  "state": "passed",
                  "speed": "fast",
                  "pass": true,
                  "fail": false,
                  "pending": false,
                  "context": null,
                  "code": "const date = new Date();\nassert.deepStrictEqual(toDate(momentTz(date)), date);",
                  "err": {},
                  "uuid": "a11cf397-316c-4dc0-ba5a-4c8e05f48d13",
                  "parentUUID": "f8077b6b-6313-4d04-820e-31b624535e76",
                  "isHook": false,
                  "skipped": false
                },
                {
                  "title": "should work with Day.js object",
                  "fullTitle": "ICalTools toDate() should work with Day.js object",
                  "timedOut": false,
                  "duration": 0,
                  "state": "passed",
                  "speed": "fast",
                  "pass": true,
                  "fail": false,
                  "pending": false,
                  "context": null,
                  "code": "const date = new Date();\nassert.deepStrictEqual(toDate(dayjs(date)), date);",
                  "err": {},
                  "uuid": "479e2ec4-5604-406d-a307-b713cb8916e8",
                  "parentUUID": "f8077b6b-6313-4d04-820e-31b624535e76",
                  "isHook": false,
                  "skipped": false
                },
                {
                  "title": "should work with luxon DateTime object",
                  "fullTitle": "ICalTools toDate() should work with luxon DateTime object",
                  "timedOut": false,
                  "duration": 1,
                  "state": "passed",
                  "speed": "fast",
                  "pass": true,
                  "fail": false,
                  "pending": false,
                  "context": null,
                  "code": "const date = new Date();\nassert.deepStrictEqual(toDate(DateTime.fromJSDate(date)), date);",
                  "err": {},
                  "uuid": "c870cc4d-4f01-4504-ac05-d678abaa4e73",
                  "parentUUID": "f8077b6b-6313-4d04-820e-31b624535e76",
                  "isHook": false,
                  "skipped": false
                }
              ],
              "suites": [],
              "passes": [
                "a327c3ed-0fed-4993-9824-c3071ac383e7",
                "98a111b0-b920-44a9-a03e-071db6d3c472",
                "3e09801c-1661-497c-82c6-24afa8cdaf4e",
                "a11cf397-316c-4dc0-ba5a-4c8e05f48d13",
                "479e2ec4-5604-406d-a307-b713cb8916e8",
                "c870cc4d-4f01-4504-ac05-d678abaa4e73"
              ],
              "failures": [],
              "pending": [],
              "skipped": [],
              "duration": 1,
              "root": false,
              "rootEmpty": false,
              "_timeout": 2000
            },
            {
              "uuid": "d72847df-7e8d-4e05-a6cb-0a23cb9e8fe0",
              "title": "toDurationString()",
              "fullFile": "/home/runner/work/ical-generator/ical-generator/test/tools.ts",
              "file": "/test/tools.ts",
              "beforeHooks": [],
              "afterHooks": [],
              "tests": [
                {
                  "title": "should work",
                  "fullTitle": "ICalTools toDurationString() should work",
                  "timedOut": false,
                  "duration": 0,
                  "state": "passed",
                  "speed": "fast",
                  "pass": true,
                  "fail": false,
                  "pending": false,
                  "context": null,
                  "code": "assert.strictEqual(toDurationString(0), 'PT0S');\nassert.strictEqual(toDurationString(1), 'PT1S');\nassert.strictEqual(toDurationString(60), 'PT1M');\nassert.strictEqual(toDurationString(3600), 'PT1H');\nassert.strictEqual(toDurationString(86400), 'P1D');\nassert.strictEqual(toDurationString(-3600), '-PT1H');",
                  "err": {},
                  "uuid": "bb4dba3f-5676-4a2c-80b0-566338526aef",
                  "parentUUID": "d72847df-7e8d-4e05-a6cb-0a23cb9e8fe0",
                  "isHook": false,
                  "skipped": false
                }
              ],
              "suites": [],
              "passes": [
                "bb4dba3f-5676-4a2c-80b0-566338526aef"
              ],
              "failures": [],
              "pending": [],
              "skipped": [],
              "duration": 0,
              "root": false,
              "rootEmpty": false,
              "_timeout": 2000
            }
          ],
          "passes": [],
          "failures": [],
          "pending": [],
          "skipped": [],
          "duration": 0,
          "root": false,
          "rootEmpty": false,
          "_timeout": 2000
        },
        {
          "uuid": "35d556e8-e5f2-4053-89a5-308510356371",
          "title": "ical-generator Types",
          "fullFile": "/home/runner/work/ical-generator/ical-generator/test/types.ts",
          "file": "/test/types.ts",
          "beforeHooks": [],
          "afterHooks": [],
          "tests": [
            {
              "title": "stubs should be compatible with third party libraries",
              "fullTitle": "ical-generator Types stubs should be compatible with third party libraries",
              "timedOut": false,
              "duration": 0,
              "state": "passed",
              "speed": "fast",
              "pass": true,
              "fail": false,
              "pending": false,
              "context": null,
              "code": "assert.ok(dayJsTest, 'day.js stub should be compatible');\nassert.ok(luxonTest, 'luxon stub should be compatible');\nassert.ok(momentTest, 'moment stub should be compatible');\nassert.ok(momentTimezoneTest, 'moment-timezone stub should be compatible');\nassert.ok(rruleTest, 'rrule stub should be compatible');",
              "err": {},
              "uuid": "589acdfb-cda5-4f7f-a9c7-1400b87a2c6a",
              "parentUUID": "35d556e8-e5f2-4053-89a5-308510356371",
              "isHook": false,
              "skipped": false
            },
            {
              "title": "calendar data should be compatible with calendar json data",
              "fullTitle": "ical-generator Types calendar data should be compatible with calendar json data",
              "timedOut": false,
              "duration": 0,
              "state": "passed",
              "speed": "fast",
              "pass": true,
              "fail": false,
              "pending": false,
              "context": null,
              "code": "assert.ok(attendeeJson, 'attendee json data should be compatible');\nassert.ok(calendarJson, 'calendar json data should be compatible');\nassert.ok(categoryJson, 'category json data should be compatible');\nassert.ok(eventJson, 'event json data should be compatible');",
              "err": {},
              "uuid": "8996ffaa-ec9b-45d9-b632-09c846f3656c",
              "parentUUID": "35d556e8-e5f2-4053-89a5-308510356371",
              "isHook": false,
              "skipped": false
            }
          ],
          "suites": [],
          "passes": [
            "589acdfb-cda5-4f7f-a9c7-1400b87a2c6a",
            "8996ffaa-ec9b-45d9-b632-09c846f3656c"
          ],
          "failures": [],
          "pending": [],
          "skipped": [],
          "duration": 0,
          "root": false,
          "rootEmpty": false,
          "_timeout": 2000
        }
      ],
      "passes": [],
      "failures": [],
      "pending": [],
      "skipped": [],
      "duration": 0,
      "root": true,
      "rootEmpty": true,
      "_timeout": 2000
    }
  ],
  "meta": {
    "mocha": {
      "version": "10.7.0"
    },
    "mochawesome": {
      "options": {
        "quiet": false,
        "reportFilename": "mochawesome",
        "saveHtml": true,
        "saveJson": true,
        "consoleReporter": "spec",
        "useInlineDiffs": false,
        "code": true
      },
      "version": "7.1.3"
    },
    "marge": {
      "options": null,
      "version": "6.2.0"
    }
  }
}