<?xml version="1.0" ?>
<!DOCTYPE coverage SYSTEM "http://cobertura.sourceforge.net/xml/coverage-04.dtd">
<coverage lines-valid="967" lines-covered="940" line-rate="0.9721" branches-valid="921" branches-covered="869" branch-rate="0.9434999999999999" timestamp="1616613540916" complexity="0" version="0.1">
  <sources>
    <source>/home/runner/work/ical-generator/ical-generator</source>
  </sources>
  <packages>
    <class name="alarm.ts" filename="src/alarm.ts" line-rate="0.9922" branch-rate="0.9852">
      <methods>
        <method name="(anonymous_0)" hits="1" signature="()V">
          <lines>
            <line number="16" hits="1"/>
          </lines>
        </method>
        <method name="(anonymous_1)" hits="59" signature="()V">
          <lines>
            <line number="66" hits="59"/>
          </lines>
        </method>
        <method name="(anonymous_2)" hits="29" signature="()V">
          <lines>
            <line number="100" hits="29"/>
          </lines>
        </method>
        <method name="(anonymous_3)" hits="70" signature="()V">
          <lines>
            <line number="130" hits="70"/>
          </lines>
        </method>
        <method name="(anonymous_4)" hits="12" signature="()V">
          <lines>
            <line number="167" hits="12"/>
          </lines>
        </method>
        <method name="(anonymous_5)" hits="16" signature="()V">
          <lines>
            <line number="182" hits="16"/>
          </lines>
        </method>
        <method name="(anonymous_6)" hits="14" signature="()V">
          <lines>
            <line number="197" hits="14"/>
          </lines>
        </method>
        <method name="(anonymous_7)" hits="14" signature="()V">
          <lines>
            <line number="221" hits="14"/>
          </lines>
        </method>
        <method name="(anonymous_8)" hits="15" signature="()V">
          <lines>
            <line number="245" hits="15"/>
          </lines>
        </method>
        <method name="(anonymous_9)" hits="9" signature="()V">
          <lines>
            <line number="292" hits="9"/>
          </lines>
        </method>
        <method name="(anonymous_10)" hits="4" signature="()V">
          <lines>
            <line number="316" hits="4"/>
          </lines>
        </method>
        <method name="(anonymous_11)" hits="2" signature="()V">
          <lines>
            <line number="339" hits="2"/>
          </lines>
        </method>
        <method name="(anonymous_12)" hits="22" signature="()V">
          <lines>
            <line number="352" hits="22"/>
          </lines>
        </method>
      </methods>
      <lines>
        <line number="4" hits="1" branch="false"/>
        <line number="16" hits="1" branch="true" condition-coverage="100% (2/2)"/>
        <line number="17" hits="1" branch="false"/>
        <line number="18" hits="1" branch="false"/>
        <line number="62" hits="1" branch="false"/>
        <line number="67" hits="59" branch="false"/>
        <line number="77" hits="59" branch="false"/>
        <line number="78" hits="59" branch="true" condition-coverage="100% (2/2)"/>
        <line number="79" hits="1" branch="false"/>
        <line number="82" hits="58" branch="true" condition-coverage="100% (2/2)"/>
        <line number="83" hits="58" branch="true" condition-coverage="100% (2/2)"/>
        <line number="84" hits="58" branch="true" condition-coverage="100% (2/2)"/>
        <line number="85" hits="58" branch="true" condition-coverage="100% (2/2)"/>
        <line number="86" hits="58" branch="true" condition-coverage="100% (2/2)"/>
        <line number="87" hits="58" branch="true" condition-coverage="100% (2/2)"/>
        <line number="88" hits="58" branch="true" condition-coverage="50% (1/2)"/>
        <line number="89" hits="58" branch="true" condition-coverage="100% (2/2)"/>
        <line number="90" hits="58" branch="true" condition-coverage="100% (2/2)"/>
        <line number="101" hits="29" branch="true" condition-coverage="100% (2/2)"/>
        <line number="102" hits="5" branch="false"/>
        <line number="104" hits="24" branch="true" condition-coverage="100% (2/2)"/>
        <line number="105" hits="2" branch="false"/>
        <line number="106" hits="2" branch="false"/>
        <line number="109" hits="22" branch="true" condition-coverage="100% (2/2)"/>
        <line number="110" hits="1" branch="false"/>
        <line number="113" hits="21" branch="false"/>
        <line number="114" hits="21" branch="false"/>
        <line number="133" hits="70" branch="true" condition-coverage="100% (4/4)"/>
        <line number="134" hits="7" branch="false"/>
        <line number="136" hits="63" branch="true" condition-coverage="100% (4/4)"/>
        <line number="137" hits="6" branch="false"/>
        <line number="139" hits="57" branch="true" condition-coverage="100% (2/2)"/>
        <line number="140" hits="7" branch="false"/>
        <line number="144" hits="50" branch="true" condition-coverage="100% (2/2)"/>
        <line number="145" hits="6" branch="false"/>
        <line number="147" hits="44" branch="true" condition-coverage="100% (4/4)"/>
        <line number="148" hits="26" branch="false"/>
        <line number="150" hits="18" branch="true" condition-coverage="100% (2/2)"/>
        <line number="151" hits="3" branch="false"/>
        <line number="154" hits="15" branch="false"/>
        <line number="157" hits="41" branch="false"/>
        <line number="168" hits="12" branch="true" condition-coverage="100% (2/2)"/>
        <line number="169" hits="4" branch="false"/>
        <line number="172" hits="8" branch="true" condition-coverage="100% (2/2)"/>
        <line number="183" hits="16" branch="true" condition-coverage="100% (2/2)"/>
        <line number="184" hits="4" branch="false"/>
        <line number="187" hits="12" branch="false"/>
        <line number="198" hits="14" branch="true" condition-coverage="100% (2/2)"/>
        <line number="199" hits="3" branch="false"/>
        <line number="201" hits="11" branch="true" condition-coverage="100% (2/2)"/>
        <line number="202" hits="2" branch="false"/>
        <line number="203" hits="2" branch="false"/>
        <line number="206" hits="9" branch="true" condition-coverage="100% (4/4)"/>
        <line number="207" hits="3" branch="false"/>
        <line number="210" hits="6" branch="false"/>
        <line number="211" hits="6" branch="false"/>
        <line number="222" hits="14" branch="true" condition-coverage="100% (2/2)"/>
        <line number="223" hits="3" branch="true" condition-coverage="100% (2/2)"/>
        <line number="225" hits="11" branch="true" condition-coverage="100% (2/2)"/>
        <line number="226" hits="2" branch="false"/>
        <line number="227" hits="2" branch="false"/>
        <line number="230" hits="9" branch="true" condition-coverage="100% (4/4)"/>
        <line number="231" hits="3" branch="false"/>
        <line number="234" hits="6" branch="false"/>
        <line number="235" hits="6" branch="false"/>
        <line number="246" hits="15" branch="true" condition-coverage="100% (2/2)"/>
        <line number="247" hits="5" branch="false"/>
        <line number="249" hits="10" branch="true" condition-coverage="100% (2/2)"/>
        <line number="250" hits="2" branch="false"/>
        <line number="251" hits="2" branch="false"/>
        <line number="254" hits="8" branch="false"/>
        <line number="255" hits="8" branch="true" condition-coverage="100% (2/2)"/>
        <line number="256" hits="3" branch="false"/>
        <line number="261" hits="5" branch="true" condition-coverage="100% (2/2)"/>
        <line number="262" hits="4" branch="false"/>
        <line number="268" hits="1" branch="false"/>
        <line number="274" hits="7" branch="true" condition-coverage="100% (2/2)"/>
        <line number="275" hits="1" branch="false"/>
        <line number="278" hits="6" branch="false"/>
        <line number="282" hits="6" branch="false"/>
        <line number="293" hits="9" branch="true" condition-coverage="100% (2/2)"/>
        <line number="294" hits="3" branch="false"/>
        <line number="296" hits="6" branch="true" condition-coverage="100% (2/2)"/>
        <line number="297" hits="2" branch="false"/>
        <line number="298" hits="2" branch="false"/>
        <line number="301" hits="4" branch="false"/>
        <line number="302" hits="4" branch="false"/>
        <line number="317" hits="4" branch="true" condition-coverage="100% (2/2)"/>
        <line number="318" hits="2" branch="false"/>
        <line number="321" hits="2" branch="true" condition-coverage="100% (4/4)"/>
        <line number="322" hits="1" branch="false"/>
        <line number="324" hits="1" branch="true" condition-coverage="50% (1/2)"/>
        <line number="325" hits="1" branch="false"/>
        <line number="328" hits="0" branch="false"/>
        <line number="331" hits="2" branch="false"/>
        <line number="340" hits="2" branch="false"/>
        <line number="341" hits="2" branch="false"/>
        <line number="353" hits="22" branch="false"/>
        <line number="355" hits="22" branch="true" condition-coverage="100% (2/2)"/>
        <line number="356" hits="1" branch="false"/>
        <line number="358" hits="21" branch="true" condition-coverage="100% (2/2)"/>
        <line number="359" hits="1" branch="false"/>
        <line number="363" hits="20" branch="false"/>
        <line number="365" hits="20" branch="true" condition-coverage="100% (4/4)"/>
        <line number="366" hits="1" branch="false"/>
        <line number="368" hits="19" branch="true" condition-coverage="100% (2/2)"/>
        <line number="369" hits="16" branch="false"/>
        <line number="372" hits="3" branch="false"/>
        <line number="376" hits="20" branch="true" condition-coverage="100% (4/4)"/>
        <line number="377" hits="1" branch="false"/>
        <line number="379" hits="19" branch="true" condition-coverage="100% (2/2)"/>
        <line number="380" hits="4" branch="false"/>
        <line number="384" hits="19" branch="true" condition-coverage="100% (4/4)"/>
        <line number="385" hits="1" branch="false"/>
        <line number="387" hits="18" branch="true" condition-coverage="100% (2/2)"/>
        <line number="388" hits="4" branch="false"/>
        <line number="392" hits="18" branch="true" condition-coverage="100% (5/5)"/>
        <line number="393" hits="1" branch="false"/>
        <line number="395" hits="17" branch="true" condition-coverage="100% (4/4)"/>
        <line number="396" hits="1" branch="false"/>
        <line number="398" hits="16" branch="true" condition-coverage="100% (2/2)"/>
        <line number="399" hits="1" branch="false"/>
        <line number="403" hits="18" branch="true" condition-coverage="100% (4/4)"/>
        <line number="404" hits="3" branch="false"/>
        <line number="406" hits="15" branch="true" condition-coverage="100% (2/2)"/>
        <line number="407" hits="12" branch="false"/>
        <line number="411" hits="18" branch="false"/>
        <line number="413" hits="18" branch="false"/>
        <line number="414" hits="18" branch="false"/>
      </lines>
    </class>
    <class name="attendee.ts" filename="src/attendee.ts" line-rate="0.9779000000000001" branch-rate="0.9417">
      <methods>
        <method name="(anonymous_0)" hits="1" signature="()V">
          <lines>
            <line number="49" hits="1"/>
          </lines>
        </method>
        <method name="(anonymous_1)" hits="1" signature="()V">
          <lines>
            <line number="56" hits="1"/>
          </lines>
        </method>
        <method name="(anonymous_2)" hits="1" signature="()V">
          <lines>
            <line number="65" hits="1"/>
          </lines>
        </method>
        <method name="(anonymous_3)" hits="69" signature="()V">
          <lines>
            <line number="78" hits="69"/>
          </lines>
        </method>
        <method name="(anonymous_4)" hits="34" signature="()V">
          <lines>
            <line number="117" hits="34"/>
          </lines>
        </method>
        <method name="(anonymous_5)" hits="37" signature="()V">
          <lines>
            <line number="133" hits="37"/>
          </lines>
        </method>
        <method name="(anonymous_6)" hits="6" signature="()V">
          <lines>
            <line number="148" hits="6"/>
          </lines>
        </method>
        <method name="(anonymous_7)" hits="9" signature="()V">
          <lines>
            <line number="164" hits="9"/>
          </lines>
        </method>
        <method name="(anonymous_8)" hits="14" signature="()V">
          <lines>
            <line number="180" hits="14"/>
          </lines>
        </method>
        <method name="(anonymous_9)" hits="13" signature="()V">
          <lines>
            <line number="203" hits="13"/>
          </lines>
        </method>
        <method name="(anonymous_10)" hits="11" signature="()V">
          <lines>
            <line number="223" hits="11"/>
          </lines>
        </method>
        <method name="(anonymous_11)" hits="16" signature="()V">
          <lines>
            <line number="243" hits="16"/>
          </lines>
        </method>
        <method name="(anonymous_12)" hits="16" signature="()V">
          <lines>
            <line number="279" hits="16"/>
          </lines>
        </method>
        <method name="(anonymous_13)" hits="5" signature="()V">
          <lines>
            <line number="310" hits="5"/>
          </lines>
        </method>
        <method name="(anonymous_14)" hits="3" signature="()V">
          <lines>
            <line number="324" hits="3"/>
          </lines>
        </method>
        <method name="(anonymous_15)" hits="4" signature="()V">
          <lines>
            <line number="341" hits="4"/>
          </lines>
        </method>
        <method name="(anonymous_16)" hits="2" signature="()V">
          <lines>
            <line number="364" hits="2"/>
          </lines>
        </method>
        <method name="(anonymous_17)" hits="20" signature="()V">
          <lines>
            <line number="378" hits="20"/>
          </lines>
        </method>
        <method name="(anonymous_18)" hits="1" signature="()V">
          <lines>
            <line number="426" hits="1"/>
          </lines>
        </method>
      </methods>
      <lines>
        <line number="4" hits="1" branch="false"/>
        <line number="49" hits="1" branch="true" condition-coverage="100% (2/2)"/>
        <line number="50" hits="1" branch="false"/>
        <line number="51" hits="1" branch="false"/>
        <line number="52" hits="1" branch="false"/>
        <line number="53" hits="1" branch="false"/>
        <line number="56" hits="1" branch="true" condition-coverage="100% (2/2)"/>
        <line number="57" hits="1" branch="false"/>
        <line number="58" hits="1" branch="false"/>
        <line number="59" hits="1" branch="false"/>
        <line number="60" hits="1" branch="false"/>
        <line number="61" hits="1" branch="false"/>
        <line number="65" hits="1" branch="true" condition-coverage="100% (2/2)"/>
        <line number="66" hits="1" branch="false"/>
        <line number="67" hits="1" branch="false"/>
        <line number="68" hits="1" branch="false"/>
        <line number="69" hits="1" branch="false"/>
        <line number="70" hits="1" branch="false"/>
        <line number="74" hits="1" branch="false"/>
        <line number="79" hits="69" branch="false"/>
        <line number="91" hits="69" branch="false"/>
        <line number="92" hits="69" branch="true" condition-coverage="100% (2/2)"/>
        <line number="93" hits="1" branch="false"/>
        <line number="96" hits="68" branch="true" condition-coverage="100% (2/2)"/>
        <line number="97" hits="68" branch="true" condition-coverage="100% (2/2)"/>
        <line number="98" hits="68" branch="true" condition-coverage="50% (1/2)"/>
        <line number="99" hits="68" branch="true" condition-coverage="100% (2/2)"/>
        <line number="100" hits="68" branch="true" condition-coverage="100% (2/2)"/>
        <line number="101" hits="68" branch="true" condition-coverage="100% (2/2)"/>
        <line number="102" hits="68" branch="true" condition-coverage="100% (2/2)"/>
        <line number="103" hits="68" branch="true" condition-coverage="100% (2/2)"/>
        <line number="104" hits="68" branch="true" condition-coverage="100% (2/2)"/>
        <line number="105" hits="68" branch="true" condition-coverage="100% (2/2)"/>
        <line number="106" hits="68" branch="true" condition-coverage="50% (1/2)"/>
        <line number="107" hits="68" branch="true" condition-coverage="100% (2/2)"/>
        <line number="118" hits="34" branch="true" condition-coverage="100% (2/2)"/>
        <line number="119" hits="8" branch="false"/>
        <line number="122" hits="26" branch="true" condition-coverage="100% (2/2)"/>
        <line number="123" hits="26" branch="false"/>
        <line number="134" hits="37" branch="true" condition-coverage="100% (2/2)"/>
        <line number="135" hits="12" branch="false"/>
        <line number="138" hits="25" branch="false"/>
        <line number="139" hits="25" branch="false"/>
        <line number="149" hits="6" branch="true" condition-coverage="100% (2/2)"/>
        <line number="150" hits="2" branch="false"/>
        <line number="153" hits="4" branch="true" condition-coverage="100% (2/2)"/>
        <line number="154" hits="4" branch="false"/>
        <line number="165" hits="9" branch="true" condition-coverage="100% (2/2)"/>
        <line number="166" hits="1" branch="false"/>
        <line number="169" hits="8" branch="false"/>
        <line number="170" hits="6" branch="false"/>
        <line number="181" hits="14" branch="true" condition-coverage="100% (2/2)"/>
        <line number="182" hits="5" branch="false"/>
        <line number="184" hits="9" branch="true" condition-coverage="100% (2/2)"/>
        <line number="185" hits="2" branch="false"/>
        <line number="186" hits="2" branch="false"/>
        <line number="189" hits="7" branch="false"/>
        <line number="190" hits="7" branch="false"/>
        <line number="204" hits="13" branch="true" condition-coverage="100% (2/2)"/>
        <line number="205" hits="3" branch="false"/>
        <line number="207" hits="10" branch="true" condition-coverage="100% (2/2)"/>
        <line number="208" hits="2" branch="false"/>
        <line number="209" hits="2" branch="false"/>
        <line number="212" hits="8" branch="false"/>
        <line number="213" hits="7" branch="false"/>
        <line number="224" hits="11" branch="true" condition-coverage="100% (2/2)"/>
        <line number="225" hits="3" branch="false"/>
        <line number="227" hits="8" branch="true" condition-coverage="100% (2/2)"/>
        <line number="228" hits="2" branch="false"/>
        <line number="229" hits="2" branch="false"/>
        <line number="232" hits="6" branch="false"/>
        <line number="233" hits="5" branch="false"/>
        <line number="244" hits="16" branch="true" condition-coverage="100% (2/2)"/>
        <line number="245" hits="3" branch="false"/>
        <line number="247" hits="13" branch="true" condition-coverage="100% (2/2)"/>
        <line number="248" hits="2" branch="false"/>
        <line number="249" hits="2" branch="true" condition-coverage="100% (2/2)"/>
        <line number="250" hits="1" branch="false"/>
        <line number="252" hits="2" branch="false"/>
        <line number="255" hits="11" branch="true" condition-coverage="100% (2/2)"/>
        <line number="256" hits="3" branch="false"/>
        <line number="261" hits="8" branch="true" condition-coverage="50% (1/2)"/>
        <line number="262" hits="8" branch="false"/>
        <line number="265" hits="0" branch="false"/>
        <line number="268" hits="11" branch="false"/>
        <line number="269" hits="11" branch="false"/>
        <line number="280" hits="16" branch="true" condition-coverage="100% (2/2)"/>
        <line number="281" hits="3" branch="false"/>
        <line number="284" hits="13" branch="true" condition-coverage="100% (2/2)"/>
        <line number="285" hits="2" branch="false"/>
        <line number="287" hits="11" branch="true" condition-coverage="100% (2/2)"/>
        <line number="288" hits="3" branch="false"/>
        <line number="293" hits="8" branch="true" condition-coverage="50% (1/2)"/>
        <line number="294" hits="8" branch="false"/>
        <line number="297" hits="0" branch="false"/>
        <line number="300" hits="13" branch="false"/>
        <line number="311" hits="5" branch="true" condition-coverage="100% (2/2)"/>
        <line number="312" hits="5" branch="false"/>
        <line number="313" hits="5" branch="false"/>
        <line number="314" hits="5" branch="false"/>
        <line number="325" hits="3" branch="true" condition-coverage="100% (2/2)"/>
        <line number="326" hits="3" branch="false"/>
        <line number="327" hits="3" branch="false"/>
        <line number="328" hits="3" branch="false"/>
        <line number="342" hits="4" branch="true" condition-coverage="100% (2/2)"/>
        <line number="343" hits="2" branch="false"/>
        <line number="346" hits="2" branch="true" condition-coverage="100% (4/4)"/>
        <line number="347" hits="1" branch="false"/>
        <line number="349" hits="1" branch="true" condition-coverage="50% (1/2)"/>
        <line number="350" hits="1" branch="false"/>
        <line number="353" hits="0" branch="false"/>
        <line number="356" hits="2" branch="false"/>
        <line number="365" hits="2" branch="false"/>
        <line number="379" hits="20" branch="false"/>
        <line number="381" hits="20" branch="true" condition-coverage="100% (2/2)"/>
        <line number="382" hits="1" branch="false"/>
        <line number="386" hits="19" branch="false"/>
        <line number="389" hits="19" branch="true" condition-coverage="100% (2/2)"/>
        <line number="390" hits="5" branch="false"/>
        <line number="394" hits="19" branch="true" condition-coverage="100% (2/2)"/>
        <line number="395" hits="11" branch="false"/>
        <line number="399" hits="19" branch="true" condition-coverage="100% (2/2)"/>
        <line number="400" hits="5" branch="false"/>
        <line number="404" hits="19" branch="true" condition-coverage="100% (2/2)"/>
        <line number="405" hits="3" branch="false"/>
        <line number="409" hits="19" branch="true" condition-coverage="100% (2/2)"/>
        <line number="410" hits="3" branch="false"/>
        <line number="414" hits="19" branch="true" condition-coverage="100% (2/2)"/>
        <line number="415" hits="4" branch="false"/>
        <line number="419" hits="19" branch="true" condition-coverage="100% (4/4)"/>
        <line number="420" hits="2" branch="false"/>
        <line number="424" hits="19" branch="true" condition-coverage="100% (2/2)"/>
        <line number="425" hits="1" branch="false"/>
        <line number="426" hits="1" branch="false"/>
        <line number="430" hits="19" branch="true" condition-coverage="100% (2/2)"/>
        <line number="432" hits="19" branch="false"/>
      </lines>
    </class>
    <class name="calendar.ts" filename="src/calendar.ts" line-rate="0.9776" branch-rate="0.94">
      <methods>
        <method name="(anonymous_1)" hits="1" signature="()V">
          <lines>
            <line number="63" hits="1"/>
          </lines>
        </method>
        <method name="(anonymous_2)" hits="351" signature="()V">
          <lines>
            <line number="110" hits="351"/>
          </lines>
        </method>
        <method name="(anonymous_3)" hits="36" signature="()V">
          <lines>
            <line number="160" hits="36"/>
          </lines>
        </method>
        <method name="(anonymous_4)" hits="21" signature="()V">
          <lines>
            <line number="216" hits="21"/>
          </lines>
        </method>
        <method name="(anonymous_5)" hits="12" signature="()V">
          <lines>
            <line number="243" hits="12"/>
          </lines>
        </method>
        <method name="(anonymous_6)" hits="10" signature="()V">
          <lines>
            <line number="264" hits="10"/>
          </lines>
        </method>
        <method name="(anonymous_7)" hits="178" signature="()V">
          <lines>
            <line number="293" hits="178"/>
          </lines>
        </method>
        <method name="(anonymous_8)" hits="9" signature="()V">
          <lines>
            <line number="319" hits="9"/>
          </lines>
        </method>
        <method name="(anonymous_9)" hits="8" signature="()V">
          <lines>
            <line number="351" hits="8"/>
          </lines>
        </method>
        <method name="(anonymous_10)" hits="9" signature="()V">
          <lines>
            <line number="388" hits="9"/>
          </lines>
        </method>
        <method name="(anonymous_11)" hits="53" signature="()V">
          <lines>
            <line number="422" hits="53"/>
          </lines>
        </method>
        <method name="(anonymous_12)" hits="27" signature="()V">
          <lines>
            <line number="474" hits="27"/>
          </lines>
        </method>
        <method name="(anonymous_13)" hits="30" signature="()V">
          <lines>
            <line number="479" hits="30"/>
          </lines>
        </method>
        <method name="(anonymous_14)" hits="1" signature="()V">
          <lines>
            <line number="490" hits="1"/>
          </lines>
        </method>
        <method name="(anonymous_15)" hits="4" signature="()V">
          <lines>
            <line number="517" hits="4"/>
          </lines>
        </method>
        <method name="(anonymous_16)" hits="3" signature="()V">
          <lines>
            <line number="536" hits="3"/>
          </lines>
        </method>
        <method name="(anonymous_17)" hits="2" signature="()V">
          <lines>
            <line number="549" hits="2"/>
          </lines>
        </method>
        <method name="(anonymous_18)" hits="0" signature="()V">
          <lines>
            <line number="569" hits="0"/>
          </lines>
        </method>
        <method name="(anonymous_19)" hits="0" signature="()V">
          <lines>
            <line number="583" hits="0"/>
          </lines>
        </method>
        <method name="(anonymous_20)" hits="52" signature="()V">
          <lines>
            <line number="632" hits="52"/>
          </lines>
        </method>
        <method name="(anonymous_21)" hits="14" signature="()V">
          <lines>
            <line number="666" hits="14"/>
          </lines>
        </method>
        <method name="(anonymous_22)" hits="15" signature="()V">
          <lines>
            <line number="668" hits="15"/>
          </lines>
        </method>
        <method name="(anonymous_23)" hits="4" signature="()V">
          <lines>
            <line number="677" hits="4"/>
          </lines>
        </method>
        <method name="(anonymous_24)" hits="48" signature="()V">
          <lines>
            <line number="690" hits="48"/>
          </lines>
        </method>
        <method name="(anonymous_25)" hits="42" signature="()V">
          <lines>
            <line number="738" hits="42"/>
          </lines>
        </method>
      </methods>
      <lines>
        <line number="4" hits="1" branch="false"/>
        <line number="12" hits="1" branch="false"/>
        <line number="13" hits="1" branch="false"/>
        <line number="14" hits="1" branch="false"/>
        <line number="63" hits="1" branch="true" condition-coverage="100% (2/2)"/>
        <line number="64" hits="1" branch="false"/>
        <line number="65" hits="1" branch="false"/>
        <line number="66" hits="1" branch="false"/>
        <line number="67" hits="1" branch="false"/>
        <line number="68" hits="1" branch="false"/>
        <line number="69" hits="1" branch="false"/>
        <line number="70" hits="1" branch="false"/>
        <line number="71" hits="1" branch="false"/>
        <line number="88" hits="1" branch="false"/>
        <line number="111" hits="351" branch="false"/>
        <line number="124" hits="351" branch="true" condition-coverage="100% (2/2)"/>
        <line number="125" hits="351" branch="true" condition-coverage="100% (2/2)"/>
        <line number="126" hits="351" branch="true" condition-coverage="100% (2/2)"/>
        <line number="127" hits="351" branch="true" condition-coverage="50% (1/2)"/>
        <line number="128" hits="351" branch="true" condition-coverage="100% (2/2)"/>
        <line number="129" hits="351" branch="true" condition-coverage="50% (1/2)"/>
        <line number="130" hits="351" branch="true" condition-coverage="50% (1/2)"/>
        <line number="131" hits="351" branch="true" condition-coverage="50% (1/2)"/>
        <line number="132" hits="351" branch="true" condition-coverage="100% (2/2)"/>
        <line number="133" hits="351" branch="true" condition-coverage="100% (2/2)"/>
        <line number="161" hits="36" branch="true" condition-coverage="100% (2/2)"/>
        <line number="162" hits="3" branch="false"/>
        <line number="165" hits="33" branch="false"/>
        <line number="167" hits="33" branch="true" condition-coverage="100% (4/4)"/>
        <line number="168" hits="27" branch="false"/>
        <line number="169" hits="27" branch="false"/>
        <line number="171" hits="6" branch="true" condition-coverage="100% (2/2)"/>
        <line number="172" hits="1" branch="false"/>
        <line number="178" hits="5" branch="true" condition-coverage="100% (2/2)"/>
        <line number="179" hits="1" branch="false"/>
        <line number="182" hits="4" branch="true" condition-coverage="100% (2/2)"/>
        <line number="183" hits="1" branch="false"/>
        <line number="185" hits="3" branch="true" condition-coverage="100% (2/2)"/>
        <line number="186" hits="1" branch="false"/>
        <line number="189" hits="2" branch="true" condition-coverage="100% (2/2)"/>
        <line number="190" hits="2" branch="false"/>
        <line number="191" hits="2" branch="false"/>
        <line number="217" hits="21" branch="true" condition-coverage="100% (2/2)"/>
        <line number="218" hits="6" branch="false"/>
        <line number="220" hits="15" branch="true" condition-coverage="100% (2/2)"/>
        <line number="221" hits="3" branch="false"/>
        <line number="222" hits="3" branch="false"/>
        <line number="225" hits="12" branch="false"/>
        <line number="226" hits="11" branch="false"/>
        <line number="244" hits="12" branch="true" condition-coverage="100% (2/2)"/>
        <line number="245" hits="5" branch="false"/>
        <line number="248" hits="7" branch="true" condition-coverage="100% (2/2)"/>
        <line number="249" hits="7" branch="false"/>
        <line number="265" hits="10" branch="true" condition-coverage="100% (2/2)"/>
        <line number="266" hits="4" branch="false"/>
        <line number="269" hits="6" branch="true" condition-coverage="100% (2/2)"/>
        <line number="270" hits="6" branch="false"/>
        <line number="294" hits="178" branch="true" condition-coverage="100% (2/2)"/>
        <line number="295" hits="164" branch="false"/>
        <line number="298" hits="14" branch="true" condition-coverage="100% (2/2)"/>
        <line number="299" hits="14" branch="false"/>
        <line number="320" hits="9" branch="true" condition-coverage="100% (2/2)"/>
        <line number="321" hits="4" branch="false"/>
        <line number="324" hits="5" branch="true" condition-coverage="100% (2/2)"/>
        <line number="325" hits="5" branch="false"/>
        <line number="352" hits="8" branch="true" condition-coverage="100% (2/2)"/>
        <line number="353" hits="4" branch="false"/>
        <line number="356" hits="4" branch="true" condition-coverage="100% (2/2)"/>
        <line number="357" hits="1" branch="false"/>
        <line number="360" hits="3" branch="false"/>
        <line number="363" hits="4" branch="false"/>
        <line number="389" hits="9" branch="true" condition-coverage="100% (2/2)"/>
        <line number="390" hits="3" branch="false"/>
        <line number="393" hits="6" branch="true" condition-coverage="100% (2/2)"/>
        <line number="394" hits="2" branch="false"/>
        <line number="396" hits="4" branch="true" condition-coverage="100% (4/4)"/>
        <line number="397" hits="3" branch="false"/>
        <line number="400" hits="1" branch="false"/>
        <line number="403" hits="6" branch="false"/>
        <line number="423" hits="53" branch="true" condition-coverage="50% (1/2)"/>
        <line number="424" hits="53" branch="false"/>
        <line number="425" hits="53" branch="false"/>
        <line number="475" hits="27" branch="true" condition-coverage="100% (2/2)"/>
        <line number="476" hits="5" branch="false"/>
        <line number="479" hits="30" branch="false"/>
        <line number="480" hits="22" branch="false"/>
        <line number="491" hits="1" branch="false"/>
        <line number="492" hits="1" branch="false"/>
        <line number="518" hits="4" branch="true" condition-coverage="100% (2/2)"/>
        <line number="519" hits="2" branch="false"/>
        <line number="520" hits="2" branch="false"/>
        <line number="523" hits="2" branch="false"/>
        <line number="537" hits="3" branch="false"/>
        <line number="538" hits="2" branch="false"/>
        <line number="550" hits="2" branch="false"/>
        <line number="555" hits="2" branch="false"/>
        <line number="556" hits="2" branch="false"/>
        <line number="570" hits="0" branch="false"/>
        <line number="584" hits="0" branch="false"/>
        <line number="633" hits="52" branch="true" condition-coverage="100% (2/2)"/>
        <line number="634" hits="23" branch="false"/>
        <line number="637" hits="29" branch="true" condition-coverage="100% (4/4)"/>
        <line number="638" hits="6" branch="false"/>
        <line number="640" hits="23" branch="true" condition-coverage="100% (2/2)"/>
        <line number="641" hits="21" branch="false"/>
        <line number="644" hits="2" branch="false"/>
        <line number="647" hits="20" branch="false"/>
        <line number="667" hits="14" branch="false"/>
        <line number="668" hits="15" branch="false"/>
        <line number="678" hits="4" branch="false"/>
        <line number="691" hits="48" branch="false"/>
        <line number="694" hits="48" branch="false"/>
        <line number="697" hits="48" branch="false"/>
        <line number="700" hits="48" branch="true" condition-coverage="100% (2/2)"/>
        <line number="701" hits="1" branch="false"/>
        <line number="705" hits="48" branch="true" condition-coverage="50% (1/2)"/>
        <line number="706" hits="0" branch="false"/>
        <line number="710" hits="48" branch="true" condition-coverage="100% (2/2)"/>
        <line number="711" hits="7" branch="false"/>
        <line number="715" hits="48" branch="true" condition-coverage="100% (2/2)"/>
        <line number="716" hits="2" branch="false"/>
        <line number="717" hits="2" branch="false"/>
        <line number="721" hits="48" branch="true" condition-coverage="100% (2/2)"/>
        <line number="722" hits="1" branch="false"/>
        <line number="726" hits="48" branch="true" condition-coverage="100% (2/2)"/>
        <line number="727" hits="9" branch="false"/>
        <line number="728" hits="9" branch="false"/>
        <line number="732" hits="48" branch="true" condition-coverage="100% (2/2)"/>
        <line number="733" hits="2" branch="false"/>
        <line number="734" hits="2" branch="false"/>
        <line number="738" hits="48" branch="false"/>
        <line number="741" hits="46" branch="false"/>
        <line number="743" hits="46" branch="false"/>
        <line number="745" hits="46" branch="false"/>
      </lines>
    </class>
    <class name="category.ts" filename="src/category.ts" line-rate="1" branch-rate="0.875">
      <methods>
        <method name="(anonymous_0)" hits="12" signature="()V">
          <lines>
            <line number="18" hits="12"/>
          </lines>
        </method>
        <method name="(anonymous_1)" hits="13" signature="()V">
          <lines>
            <line number="33" hits="13"/>
          </lines>
        </method>
        <method name="(anonymous_2)" hits="1" signature="()V">
          <lines>
            <line number="47" hits="1"/>
          </lines>
        </method>
        <method name="(anonymous_3)" hits="4" signature="()V">
          <lines>
            <line number="56" hits="4"/>
          </lines>
        </method>
      </methods>
      <lines>
        <line number="4" hits="1" branch="false"/>
        <line number="15" hits="1" branch="false"/>
        <line number="19" hits="12" branch="false"/>
        <line number="23" hits="12" branch="true" condition-coverage="100% (2/2)"/>
        <line number="34" hits="13" branch="true" condition-coverage="100% (2/2)"/>
        <line number="35" hits="4" branch="false"/>
        <line number="38" hits="9" branch="true" condition-coverage="50% (1/2)"/>
        <line number="39" hits="9" branch="false"/>
        <line number="48" hits="1" branch="false"/>
        <line number="59" hits="4" branch="true" condition-coverage="100% (2/2)"/>
        <line number="60" hits="1" branch="false"/>
        <line number="63" hits="3" branch="false"/>
      </lines>
    </class>
    <class name="event.ts" filename="src/event.ts" line-rate="0.9648" branch-rate="0.9486">
      <methods>
        <method name="(anonymous_1)" hits="1" signature="()V">
          <lines>
            <line number="32" hits="1"/>
          </lines>
        </method>
        <method name="(anonymous_2)" hits="1" signature="()V">
          <lines>
            <line number="38" hits="1"/>
          </lines>
        </method>
        <method name="(anonymous_3)" hits="1" signature="()V">
          <lines>
            <line number="45" hits="1"/>
          </lines>
        </method>
        <method name="(anonymous_4)" hits="318" signature="()V">
          <lines>
            <line number="156" hits="318"/>
          </lines>
        </method>
        <method name="(anonymous_5)" hits="40" signature="()V">
          <lines>
            <line number="223" hits="40"/>
          </lines>
        </method>
        <method name="(anonymous_6)" hits="4" signature="()V">
          <lines>
            <line number="240" hits="4"/>
          </lines>
        </method>
        <method name="(anonymous_7)" hits="8" signature="()V">
          <lines>
            <line number="253" hits="8"/>
          </lines>
        </method>
        <method name="(anonymous_8)" hits="108" signature="()V">
          <lines>
            <line number="274" hits="108"/>
          </lines>
        </method>
        <method name="(anonymous_9)" hits="61" signature="()V">
          <lines>
            <line number="296" hits="61"/>
          </lines>
        </method>
        <method name="(anonymous_10)" hits="14" signature="()V">
          <lines>
            <line number="321" hits="14"/>
          </lines>
        </method>
        <method name="(anonymous_11)" hits="110" signature="()V">
          <lines>
            <line number="343" hits="110"/>
          </lines>
        </method>
        <method name="(anonymous_12)" hits="51" signature="()V">
          <lines>
            <line number="365" hits="51"/>
          </lines>
        </method>
        <method name="(anonymous_13)" hits="9" signature="()V">
          <lines>
            <line number="382" hits="9"/>
          </lines>
        </method>
        <method name="(anonymous_14)" hits="13" signature="()V">
          <lines>
            <line number="396" hits="13"/>
          </lines>
        </method>
        <method name="(anonymous_15)" hits="14" signature="()V">
          <lines>
            <line number="413" hits="14"/>
          </lines>
        </method>
        <method name="(anonymous_16)" hits="82" signature="()V">
          <lines>
            <line number="432" hits="82"/>
          </lines>
        </method>
        <method name="(anonymous_17)" hits="23" signature="()V">
          <lines>
            <line number="471" hits="23"/>
          </lines>
        </method>
        <method name="(anonymous_18)" hits="14" signature="()V">
          <lines>
            <line number="476" hits="14"/>
          </lines>
        </method>
        <method name="(anonymous_19)" hits="9" signature="()V">
          <lines>
            <line number="489" hits="9"/>
          </lines>
        </method>
        <method name="(anonymous_20)" hits="12" signature="()V">
          <lines>
            <line number="512" hits="12"/>
          </lines>
        </method>
        <method name="(anonymous_21)" hits="91" signature="()V">
          <lines>
            <line number="530" hits="91"/>
          </lines>
        </method>
        <method name="(anonymous_22)" hits="21" signature="()V">
          <lines>
            <line number="546" hits="21"/>
          </lines>
        </method>
        <method name="(anonymous_23)" hits="14" signature="()V">
          <lines>
            <line number="574" hits="14"/>
          </lines>
        </method>
        <method name="(anonymous_24)" hits="30" signature="()V">
          <lines>
            <line number="599" hits="30"/>
          </lines>
        </method>
        <method name="(anonymous_25)" hits="21" signature="()V">
          <lines>
            <line number="617" hits="21"/>
          </lines>
        </method>
        <method name="(anonymous_26)" hits="26" signature="()V">
          <lines>
            <line number="638" hits="26"/>
          </lines>
        </method>
        <method name="(anonymous_27)" hits="9" signature="()V">
          <lines>
            <line number="643" hits="9"/>
          </lines>
        </method>
        <method name="(anonymous_28)" hits="9" signature="()V">
          <lines>
            <line number="652" hits="9"/>
          </lines>
        </method>
        <method name="(anonymous_29)" hits="21" signature="()V">
          <lines>
            <line number="668" hits="21"/>
          </lines>
        </method>
        <method name="(anonymous_30)" hits="6" signature="()V">
          <lines>
            <line number="673" hits="6"/>
          </lines>
        </method>
        <method name="(anonymous_31)" hits="7" signature="()V">
          <lines>
            <line number="682" hits="7"/>
          </lines>
        </method>
        <method name="(anonymous_32)" hits="21" signature="()V">
          <lines>
            <line number="695" hits="21"/>
          </lines>
        </method>
        <method name="(anonymous_33)" hits="4" signature="()V">
          <lines>
            <line number="700" hits="4"/>
          </lines>
        </method>
        <method name="(anonymous_34)" hits="21" signature="()V">
          <lines>
            <line number="711" hits="21"/>
          </lines>
        </method>
        <method name="(anonymous_35)" hits="16" signature="()V">
          <lines>
            <line number="731" hits="16"/>
          </lines>
        </method>
        <method name="(anonymous_36)" hits="7" signature="()V">
          <lines>
            <line number="755" hits="7"/>
          </lines>
        </method>
        <method name="(anonymous_37)" hits="11" signature="()V">
          <lines>
            <line number="779" hits="11"/>
          </lines>
        </method>
        <method name="(anonymous_38)" hits="15" signature="()V">
          <lines>
            <line number="794" hits="15"/>
          </lines>
        </method>
        <method name="(anonymous_39)" hits="16" signature="()V">
          <lines>
            <line number="814" hits="16"/>
          </lines>
        </method>
        <method name="(anonymous_40)" hits="16" signature="()V">
          <lines>
            <line number="834" hits="16"/>
          </lines>
        </method>
        <method name="(anonymous_41)" hits="38" signature="()V">
          <lines>
            <line number="861" hits="38"/>
          </lines>
        </method>
        <method name="(anonymous_42)" hits="21" signature="()V">
          <lines>
            <line number="881" hits="21"/>
          </lines>
        </method>
        <method name="(anonymous_43)" hits="1" signature="()V">
          <lines>
            <line number="889" hits="1"/>
          </lines>
        </method>
        <method name="(anonymous_44)" hits="53" signature="()V">
          <lines>
            <line number="910" hits="53"/>
          </lines>
        </method>
        <method name="(anonymous_45)" hits="7" signature="()V">
          <lines>
            <line number="947" hits="7"/>
          </lines>
        </method>
        <method name="(anonymous_46)" hits="0" signature="()V">
          <lines>
            <line number="990" hits="0"/>
          </lines>
        </method>
        <method name="(anonymous_47)" hits="2" signature="()V">
          <lines>
            <line number="997" hits="2"/>
          </lines>
        </method>
        <method name="(anonymous_48)" hits="2" signature="()V">
          <lines>
            <line number="1004" hits="2"/>
          </lines>
        </method>
        <method name="(anonymous_49)" hits="8" signature="()V">
          <lines>
            <line number="1068" hits="8"/>
          </lines>
        </method>
        <method name="(anonymous_50)" hits="4" signature="()V">
          <lines>
            <line number="1073" hits="4"/>
          </lines>
        </method>
        <method name="(anonymous_51)" hits="2" signature="()V">
          <lines>
            <line number="1079" hits="2"/>
          </lines>
        </method>
      </methods>
      <lines>
        <line number="4" hits="1" branch="false"/>
        <line number="5" hits="1" branch="false"/>
        <line number="17" hits="1" branch="false"/>
        <line number="18" hits="1" branch="false"/>
        <line number="19" hits="1" branch="false"/>
        <line number="21" hits="1" branch="false"/>
        <line number="32" hits="1" branch="true" condition-coverage="100% (2/2)"/>
        <line number="33" hits="1" branch="false"/>
        <line number="34" hits="1" branch="false"/>
        <line number="35" hits="1" branch="false"/>
        <line number="38" hits="1" branch="true" condition-coverage="100% (2/2)"/>
        <line number="39" hits="1" branch="false"/>
        <line number="40" hits="1" branch="false"/>
        <line number="41" hits="1" branch="false"/>
        <line number="42" hits="1" branch="false"/>
        <line number="45" hits="1" branch="true" condition-coverage="100% (2/2)"/>
        <line number="46" hits="1" branch="false"/>
        <line number="47" hits="1" branch="false"/>
        <line number="152" hits="1" branch="false"/>
        <line number="157" hits="318" branch="false"/>
        <line number="185" hits="318" branch="false"/>
        <line number="186" hits="318" branch="true" condition-coverage="100% (2/2)"/>
        <line number="187" hits="1" branch="false"/>
        <line number="190" hits="317" branch="true" condition-coverage="100% (2/2)"/>
        <line number="191" hits="317" branch="true" condition-coverage="50% (1/2)"/>
        <line number="192" hits="317" branch="true" condition-coverage="100% (2/2)"/>
        <line number="193" hits="317" branch="true" condition-coverage="100% (2/2)"/>
        <line number="194" hits="317" branch="true" condition-coverage="100% (2/2)"/>
        <line number="195" hits="317" branch="true" condition-coverage="100% (2/2)"/>
        <line number="196" hits="317" branch="true" condition-coverage="100% (2/2)"/>
        <line number="197" hits="317" branch="true" condition-coverage="100% (2/2)"/>
        <line number="198" hits="317" branch="true" condition-coverage="100% (2/2)"/>
        <line number="199" hits="317" branch="true" condition-coverage="100% (2/2)"/>
        <line number="200" hits="296" branch="true" condition-coverage="100% (2/2)"/>
        <line number="201" hits="296" branch="true" condition-coverage="100% (2/2)"/>
        <line number="202" hits="296" branch="true" condition-coverage="100% (2/2)"/>
        <line number="203" hits="296" branch="true" condition-coverage="100% (2/2)"/>
        <line number="204" hits="296" branch="true" condition-coverage="100% (2/2)"/>
        <line number="205" hits="296" branch="true" condition-coverage="100% (2/2)"/>
        <line number="206" hits="296" branch="true" condition-coverage="100% (2/2)"/>
        <line number="207" hits="296" branch="true" condition-coverage="100% (2/2)"/>
        <line number="208" hits="296" branch="true" condition-coverage="50% (1/2)"/>
        <line number="209" hits="296" branch="true" condition-coverage="50% (1/2)"/>
        <line number="210" hits="296" branch="true" condition-coverage="100% (2/2)"/>
        <line number="211" hits="296" branch="true" condition-coverage="50% (1/2)"/>
        <line number="212" hits="296" branch="true" condition-coverage="100% (2/2)"/>
        <line number="213" hits="296" branch="true" condition-coverage="100% (2/2)"/>
        <line number="214" hits="296" branch="true" condition-coverage="100% (2/2)"/>
        <line number="224" hits="40" branch="true" condition-coverage="100% (2/2)"/>
        <line number="225" hits="5" branch="false"/>
        <line number="228" hits="35" branch="false"/>
        <line number="229" hits="35" branch="false"/>
        <line number="241" hits="4" branch="true" condition-coverage="100% (2/2)"/>
        <line number="254" hits="8" branch="true" condition-coverage="100% (2/2)"/>
        <line number="255" hits="3" branch="false"/>
        <line number="258" hits="5" branch="false"/>
        <line number="259" hits="5" branch="true" condition-coverage="100% (2/2)"/>
        <line number="260" hits="1" branch="false"/>
        <line number="263" hits="4" branch="false"/>
        <line number="264" hits="4" branch="false"/>
        <line number="275" hits="108" branch="true" condition-coverage="100% (2/2)"/>
        <line number="276" hits="5" branch="false"/>
        <line number="279" hits="103" branch="false"/>
        <line number="280" hits="99" branch="true" condition-coverage="100% (5/5)"/>
        <line number="281" hits="1" branch="false"/>
        <line number="282" hits="1" branch="false"/>
        <line number="283" hits="1" branch="false"/>
        <line number="286" hits="99" branch="false"/>
        <line number="297" hits="61" branch="true" condition-coverage="100% (2/2)"/>
        <line number="298" hits="5" branch="false"/>
        <line number="300" hits="56" branch="true" condition-coverage="50% (1/2)"/>
        <line number="301" hits="0" branch="false"/>
        <line number="302" hits="0" branch="false"/>
        <line number="305" hits="56" branch="false"/>
        <line number="306" hits="53" branch="true" condition-coverage="100% (5/5)"/>
        <line number="307" hits="1" branch="false"/>
        <line number="308" hits="1" branch="false"/>
        <line number="309" hits="1" branch="false"/>
        <line number="312" hits="53" branch="false"/>
        <line number="322" hits="14" branch="true" condition-coverage="100% (2/2)"/>
        <line number="323" hits="3" branch="false"/>
        <line number="325" hits="11" branch="true" condition-coverage="50% (1/2)"/>
        <line number="326" hits="0" branch="false"/>
        <line number="327" hits="0" branch="false"/>
        <line number="330" hits="11" branch="false"/>
        <line number="331" hits="8" branch="false"/>
        <line number="344" hits="110" branch="true" condition-coverage="100% (4/4)"/>
        <line number="345" hits="14" branch="false"/>
        <line number="347" hits="96" branch="true" condition-coverage="100% (2/2)"/>
        <line number="348" hits="84" branch="false"/>
        <line number="351" hits="12" branch="true" condition-coverage="100% (2/2)"/>
        <line number="352" hits="12" branch="true" condition-coverage="100% (2/2)"/>
        <line number="353" hits="10" branch="false"/>
        <line number="356" hits="12" branch="false"/>
        <line number="366" hits="51" branch="true" condition-coverage="100% (2/2)"/>
        <line number="367" hits="7" branch="false"/>
        <line number="370" hits="44" branch="false"/>
        <line number="371" hits="36" branch="false"/>
        <line number="383" hits="9" branch="true" condition-coverage="100% (2/2)"/>
        <line number="384" hits="1" branch="false"/>
        <line number="387" hits="8" branch="false"/>
        <line number="397" hits="13" branch="true" condition-coverage="100% (2/2)"/>
        <line number="398" hits="2" branch="false"/>
        <line number="401" hits="11" branch="false"/>
        <line number="402" hits="11" branch="false"/>
        <line number="414" hits="14" branch="true" condition-coverage="100% (2/2)"/>
        <line number="415" hits="4" branch="false"/>
        <line number="418" hits="10" branch="false"/>
        <line number="419" hits="10" branch="true" condition-coverage="100% (2/2)"/>
        <line number="420" hits="8" branch="false"/>
        <line number="423" hits="10" branch="false"/>
        <line number="433" hits="82" branch="true" condition-coverage="100% (2/2)"/>
        <line number="434" hits="18" branch="false"/>
        <line number="436" hits="64" branch="true" condition-coverage="100% (2/2)"/>
        <line number="437" hits="3" branch="false"/>
        <line number="438" hits="3" branch="false"/>
        <line number="440" hits="61" branch="true" condition-coverage="100% (4/4)"/>
        <line number="441" hits="4" branch="false"/>
        <line number="442" hits="4" branch="false"/>
        <line number="445" hits="57" branch="false"/>
        <line number="449" hits="55" branch="true" condition-coverage="100% (2/2)"/>
        <line number="450" hits="12" branch="true" condition-coverage="100% (2/2)"/>
        <line number="451" hits="2" branch="false"/>
        <line number="454" hits="10" branch="false"/>
        <line number="457" hits="53" branch="true" condition-coverage="100% (2/2)"/>
        <line number="458" hits="24" branch="true" condition-coverage="100% (2/2)"/>
        <line number="459" hits="2" branch="false"/>
        <line number="462" hits="22" branch="false"/>
        <line number="465" hits="51" branch="true" condition-coverage="100% (2/2)"/>
        <line number="466" hits="11" branch="false"/>
        <line number="469" hits="46" branch="true" condition-coverage="100% (2/2)"/>
        <line number="470" hits="14" branch="true" condition-coverage="100% (2/2)"/>
        <line number="471" hits="23" branch="false"/>
        <line number="474" hits="43" branch="true" condition-coverage="100% (2/2)"/>
        <line number="475" hits="5" branch="true" condition-coverage="100% (2/2)"/>
        <line number="476" hits="5" branch="false"/>
        <line number="477" hits="14" branch="true" condition-coverage="100% (5/5)"/>
        <line number="478" hits="2" branch="false"/>
        <line number="481" hits="12" branch="false"/>
        <line number="485" hits="41" branch="true" condition-coverage="100% (2/2)"/>
        <line number="486" hits="5" branch="true" condition-coverage="100% (2/2)"/>
        <line number="489" hits="5" branch="false"/>
        <line number="490" hits="9" branch="true" condition-coverage="100% (5/5)"/>
        <line number="491" hits="2" branch="false"/>
        <line number="494" hits="7" branch="false"/>
        <line number="498" hits="39" branch="true" condition-coverage="100% (2/2)"/>
        <line number="499" hits="6" branch="true" condition-coverage="100% (2/2)"/>
        <line number="500" hits="1" branch="false"/>
        <line number="502" hits="5" branch="true" condition-coverage="100% (5/5)"/>
        <line number="503" hits="2" branch="false"/>
        <line number="506" hits="3" branch="false"/>
        <line number="507" hits="3" branch="false"/>
        <line number="510" hits="36" branch="true" condition-coverage="100% (2/2)"/>
        <line number="511" hits="9" branch="true" condition-coverage="100% (2/2)"/>
        <line number="512" hits="9" branch="false"/>
        <line number="513" hits="12" branch="false"/>
        <line number="517" hits="33" branch="true" condition-coverage="100% (2/2)"/>
        <line number="518" hits="3" branch="false"/>
        <line number="521" hits="32" branch="false"/>
        <line number="531" hits="91" branch="true" condition-coverage="100% (2/2)"/>
        <line number="532" hits="17" branch="false"/>
        <line number="535" hits="74" branch="true" condition-coverage="100% (2/2)"/>
        <line number="536" hits="74" branch="false"/>
        <line number="547" hits="21" branch="true" condition-coverage="100% (2/2)"/>
        <line number="548" hits="8" branch="false"/>
        <line number="550" hits="13" branch="true" condition-coverage="100% (2/2)"/>
        <line number="551" hits="4" branch="false"/>
        <line number="554" hits="4" branch="false"/>
        <line number="556" hits="9" branch="true" condition-coverage="100% (2/2)"/>
        <line number="560" hits="2" branch="false"/>
        <line number="563" hits="7" branch="true" condition-coverage="100% (2/2)"/>
        <line number="564" hits="7" branch="false"/>
        <line number="575" hits="14" branch="true" condition-coverage="100% (2/2)"/>
        <line number="576" hits="5" branch="false"/>
        <line number="578" hits="9" branch="true" condition-coverage="100% (2/2)"/>
        <line number="579" hits="2" branch="false"/>
        <line number="580" hits="2" branch="false"/>
        <line number="583" hits="7" branch="true" condition-coverage="100% (2/2)"/>
        <line number="584" hits="3" branch="false"/>
        <line number="587" hits="4" branch="false"/>
        <line number="589" hits="7" branch="false"/>
        <line number="600" hits="30" branch="true" condition-coverage="100% (2/2)"/>
        <line number="601" hits="11" branch="false"/>
        <line number="603" hits="19" branch="true" condition-coverage="100% (2/2)"/>
        <line number="604" hits="2" branch="false"/>
        <line number="605" hits="2" branch="false"/>
        <line number="608" hits="17" branch="false"/>
        <line number="609" hits="13" branch="false"/>
        <line number="618" hits="21" branch="true" condition-coverage="100% (2/2)"/>
        <line number="619" hits="5" branch="false"/>
        <line number="620" hits="5" branch="false"/>
        <line number="622" hits="16" branch="true" condition-coverage="100% (2/2)"/>
        <line number="623" hits="3" branch="false"/>
        <line number="626" hits="15" branch="false"/>
        <line number="627" hits="15" branch="false"/>
        <line number="628" hits="15" branch="false"/>
        <line number="639" hits="26" branch="true" condition-coverage="100% (2/2)"/>
        <line number="640" hits="7" branch="false"/>
        <line number="643" hits="19" branch="false"/>
        <line number="644" hits="19" branch="false"/>
        <line number="653" hits="9" branch="true" condition-coverage="100% (2/2)"/>
        <line number="654" hits="9" branch="false"/>
        <line number="655" hits="9" branch="false"/>
        <line number="669" hits="21" branch="true" condition-coverage="100% (2/2)"/>
        <line number="670" hits="4" branch="false"/>
        <line number="673" hits="17" branch="false"/>
        <line number="674" hits="17" branch="false"/>
        <line number="683" hits="7" branch="true" condition-coverage="100% (2/2)"/>
        <line number="684" hits="7" branch="false"/>
        <line number="685" hits="7" branch="false"/>
        <line number="696" hits="21" branch="true" condition-coverage="100% (2/2)"/>
        <line number="697" hits="4" branch="false"/>
        <line number="700" hits="17" branch="false"/>
        <line number="701" hits="17" branch="false"/>
        <line number="712" hits="21" branch="true" condition-coverage="100% (2/2)"/>
        <line number="713" hits="6" branch="false"/>
        <line number="715" hits="15" branch="true" condition-coverage="100% (2/2)"/>
        <line number="716" hits="3" branch="false"/>
        <line number="717" hits="3" branch="false"/>
        <line number="720" hits="12" branch="false"/>
        <line number="721" hits="8" branch="false"/>
        <line number="732" hits="16" branch="true" condition-coverage="100% (2/2)"/>
        <line number="733" hits="5" branch="false"/>
        <line number="735" hits="11" branch="true" condition-coverage="100% (2/2)"/>
        <line number="736" hits="3" branch="false"/>
        <line number="737" hits="3" branch="false"/>
        <line number="740" hits="8" branch="false"/>
        <line number="741" hits="4" branch="false"/>
        <line number="756" hits="7" branch="true" condition-coverage="100% (2/2)"/>
        <line number="757" hits="3" branch="false"/>
        <line number="759" hits="4" branch="true" condition-coverage="100% (2/2)"/>
        <line number="760" hits="1" branch="false"/>
        <line number="761" hits="1" branch="false"/>
        <line number="764" hits="3" branch="true" condition-coverage="75% (3/4)"/>
        <line number="765" hits="0" branch="false"/>
        <line number="768" hits="3" branch="false"/>
        <line number="769" hits="3" branch="false"/>
        <line number="780" hits="11" branch="true" condition-coverage="100% (2/2)"/>
        <line number="781" hits="3" branch="false"/>
        <line number="784" hits="8" branch="true" condition-coverage="100% (2/2)"/>
        <line number="785" hits="8" branch="false"/>
        <line number="795" hits="15" branch="true" condition-coverage="100% (2/2)"/>
        <line number="796" hits="5" branch="false"/>
        <line number="798" hits="10" branch="true" condition-coverage="100% (2/2)"/>
        <line number="799" hits="3" branch="false"/>
        <line number="800" hits="3" branch="false"/>
        <line number="803" hits="7" branch="false"/>
        <line number="804" hits="4" branch="false"/>
        <line number="815" hits="16" branch="true" condition-coverage="100% (2/2)"/>
        <line number="816" hits="5" branch="false"/>
        <line number="818" hits="11" branch="true" condition-coverage="50% (1/2)"/>
        <line number="819" hits="0" branch="false"/>
        <line number="820" hits="0" branch="false"/>
        <line number="823" hits="11" branch="false"/>
        <line number="824" hits="10" branch="false"/>
        <line number="835" hits="16" branch="true" condition-coverage="100% (2/2)"/>
        <line number="836" hits="5" branch="false"/>
        <line number="838" hits="11" branch="true" condition-coverage="50% (1/2)"/>
        <line number="839" hits="0" branch="false"/>
        <line number="840" hits="0" branch="false"/>
        <line number="843" hits="11" branch="false"/>
        <line number="844" hits="10" branch="false"/>
        <line number="862" hits="38" branch="true" condition-coverage="100% (2/2)"/>
        <line number="863" hits="21" branch="false"/>
        <line number="866" hits="17" branch="true" condition-coverage="100% (4/4)"/>
        <line number="867" hits="1" branch="false"/>
        <line number="869" hits="17" branch="true" condition-coverage="100% (2/2)"/>
        <line number="870" hits="16" branch="false"/>
        <line number="873" hits="17" branch="false"/>
        <line number="882" hits="21" branch="false"/>
        <line number="883" hits="21" branch="true" condition-coverage="100% (4/4)"/>
        <line number="884" hits="2" branch="false"/>
        <line number="886" hits="19" branch="true" condition-coverage="100% (2/2)"/>
        <line number="887" hits="6" branch="false"/>
        <line number="889" hits="1" branch="true" condition-coverage="100% (4/4)"/>
        <line number="893" hits="21" branch="false"/>
        <line number="911" hits="53" branch="false"/>
        <line number="913" hits="53" branch="true" condition-coverage="100% (2/2)"/>
        <line number="914" hits="3" branch="false"/>
        <line number="918" hits="50" branch="false"/>
        <line number="919" hits="50" branch="false"/>
        <line number="922" hits="50" branch="false"/>
        <line number="924" hits="50" branch="false"/>
        <line number="925" hits="50" branch="true" condition-coverage="100% (2/2)"/>
        <line number="926" hits="8" branch="false"/>
        <line number="927" hits="8" branch="true" condition-coverage="100% (2/2)"/>
        <line number="928" hits="4" branch="false"/>
        <line number="931" hits="8" branch="false"/>
        <line number="932" hits="8" branch="false"/>
        <line number="935" hits="42" branch="false"/>
        <line number="936" hits="42" branch="true" condition-coverage="100% (2/2)"/>
        <line number="937" hits="31" branch="false"/>
        <line number="942" hits="50" branch="true" condition-coverage="100% (4/4)"/>
        <line number="943" hits="4" branch="false"/>
        <line number="947" hits="7" branch="true" condition-coverage="100% (2/2)"/>
        <line number="950" hits="46" branch="true" condition-coverage="100% (2/2)"/>
        <line number="951" hits="18" branch="false"/>
        <line number="953" hits="18" branch="true" condition-coverage="100% (2/2)"/>
        <line number="954" hits="8" branch="false"/>
        <line number="957" hits="18" branch="true" condition-coverage="100% (2/2)"/>
        <line number="958" hits="6" branch="false"/>
        <line number="961" hits="18" branch="true" condition-coverage="100% (2/2)"/>
        <line number="962" hits="2" branch="false"/>
        <line number="965" hits="18" branch="true" condition-coverage="100% (2/2)"/>
        <line number="966" hits="4" branch="false"/>
        <line number="969" hits="18" branch="true" condition-coverage="100% (2/2)"/>
        <line number="970" hits="2" branch="false"/>
        <line number="973" hits="18" branch="true" condition-coverage="100% (2/2)"/>
        <line number="974" hits="2" branch="false"/>
        <line number="977" hits="18" branch="true" condition-coverage="100% (2/2)"/>
        <line number="978" hits="2" branch="false"/>
        <line number="981" hits="18" branch="true" condition-coverage="100% (2/2)"/>
        <line number="982" hits="1" branch="false"/>
        <line number="985" hits="18" branch="false"/>
        <line number="988" hits="18" branch="true" condition-coverage="100% (2/2)"/>
        <line number="989" hits="4" branch="true" condition-coverage="50% (1/2)"/>
        <line number="990" hits="0" branch="false"/>
        <line number="991" hits="0" branch="false"/>
        <line number="995" hits="4" branch="false"/>
        <line number="996" hits="4" branch="true" condition-coverage="100% (2/2)"/>
        <line number="997" hits="2" branch="false"/>
        <line number="1000" hits="2" branch="false"/>
        <line number="1004" hits="2" branch="false"/>
        <line number="1005" hits="2" branch="false"/>
        <line number="1013" hits="50" branch="true" condition-coverage="100% (2/2)"/>
        <line number="1014" hits="3" branch="false"/>
        <line number="1018" hits="50" branch="false"/>
        <line number="1021" hits="50" branch="true" condition-coverage="50% (1/2)"/>
        <line number="1022" hits="0" branch="false"/>
        <line number="1026" hits="50" branch="true" condition-coverage="100% (6/6)"/>
        <line number="1027" hits="4" branch="true" condition-coverage="100% (5/5)"/>
        <line number="1028" hits="2" branch="false"/>
        <line number="1030" hits="2" branch="false"/>
        <line number="1036" hits="2" branch="false"/>
        <line number="1039" hits="4" branch="true" condition-coverage="100% (2/2)"/>
        <line number="1040" hits="2" branch="true" condition-coverage="75% (6/8)"/>
        <line number="1045" hits="50" branch="true" condition-coverage="100% (2/2)"/>
        <line number="1046" hits="3" branch="false"/>
        <line number="1049" hits="3" branch="true" condition-coverage="50% (1/2)"/>
        <line number="1050" hits="3" branch="false"/>
        <line number="1055" hits="50" branch="true" condition-coverage="100% (2/2)"/>
        <line number="1056" hits="6" branch="false"/>
        <line number="1058" hits="6" branch="true" condition-coverage="100% (4/4)"/>
        <line number="1059" hits="2" branch="false"/>
        <line number="1061" hits="6" branch="true" condition-coverage="50% (1/2)"/>
        <line number="1062" hits="6" branch="true" condition-coverage="100% (2/2)"/>
        <line number="1064" hits="6" branch="false"/>
        <line number="1068" hits="50" branch="false"/>
        <line number="1069" hits="8" branch="false"/>
        <line number="1073" hits="50" branch="false"/>
        <line number="1074" hits="4" branch="false"/>
        <line number="1078" hits="50" branch="true" condition-coverage="100% (2/2)"/>
        <line number="1079" hits="2" branch="false"/>
        <line number="1080" hits="2" branch="false"/>
        <line number="1085" hits="50" branch="true" condition-coverage="100% (2/2)"/>
        <line number="1086" hits="4" branch="false"/>
        <line number="1090" hits="50" branch="true" condition-coverage="100% (2/2)"/>
        <line number="1091" hits="4" branch="false"/>
        <line number="1095" hits="50" branch="true" condition-coverage="50% (1/2)"/>
        <line number="1096" hits="0" branch="false"/>
        <line number="1100" hits="50" branch="true" condition-coverage="100% (2/2)"/>
        <line number="1101" hits="1" branch="false"/>
        <line number="1105" hits="50" branch="false"/>
        <line number="1108" hits="50" branch="true" condition-coverage="100% (2/2)"/>
        <line number="1109" hits="4" branch="false"/>
        <line number="1113" hits="50" branch="true" condition-coverage="100% (2/2)"/>
        <line number="1114" hits="4" branch="false"/>
        <line number="1117" hits="50" branch="false"/>
        <line number="1118" hits="50" branch="false"/>
      </lines>
    </class>
    <class name="index.ts" filename="src/index.ts" line-rate="1" branch-rate="1">
      <methods>
        <method name="default_1" hits="28" signature="()V">
          <lines>
            <line number="36" hits="28"/>
          </lines>
        </method>
        <method name="(anonymous_2)" hits="2" signature="()V">
          <lines>
            <line number="41" hits="2"/>
          </lines>
        </method>
        <method name="(anonymous_3)" hits="1" signature="()V">
          <lines>
            <line number="44" hits="1"/>
          </lines>
        </method>
        <method name="(anonymous_4)" hits="1" signature="()V">
          <lines>
            <line number="48" hits="1"/>
          </lines>
        </method>
        <method name="(anonymous_5)" hits="1" signature="()V">
          <lines>
            <line number="53" hits="1"/>
          </lines>
        </method>
        <method name="(anonymous_6)" hits="1" signature="()V">
          <lines>
            <line number="54" hits="1"/>
          </lines>
        </method>
      </methods>
      <lines>
        <line number="7" hits="1" branch="false"/>
        <line number="36" hits="1" branch="false"/>
        <line number="37" hits="28" branch="false"/>
        <line number="40" hits="1" branch="false"/>
        <line number="41" hits="3" branch="false"/>
        <line number="44" hits="2" branch="false"/>
        <line number="47" hits="1" branch="false"/>
        <line number="48" hits="2" branch="false"/>
        <line number="52" hits="1" branch="false"/>
        <line number="53" hits="2" branch="false"/>
        <line number="54" hits="2" branch="false"/>
      </lines>
    </class>
    <class name="tools.ts" filename="src/tools.ts" line-rate="0.9562999999999999" branch-rate="0.9076000000000001">
      <methods>
        <method name="formatDate" hits="174" signature="()V">
          <lines>
            <line number="11" hits="174"/>
          </lines>
        </method>
        <method name="formatDateTZ" hits="78" signature="()V">
          <lines>
            <line number="93" hits="78"/>
          </lines>
        </method>
        <method name="escape" hits="143" signature="()V">
          <lines>
            <line number="108" hits="143"/>
          </lines>
        </method>
        <method name="(anonymous_3)" hits="33" signature="()V">
          <lines>
            <line number="109" hits="33"/>
          </lines>
        </method>
        <method name="foldLines" hits="48" signature="()V">
          <lines>
            <line number="114" hits="48"/>
          </lines>
        </method>
        <method name="(anonymous_5)" hits="641" signature="()V">
          <lines>
            <line number="115" hits="641"/>
          </lines>
        </method>
        <method name="addOrGetCustomAttributes" hits="96" signature="()V">
          <lines>
            <line number="142" hits="96"/>
          </lines>
        </method>
        <method name="(anonymous_7)" hits="7" signature="()V">
          <lines>
            <line number="144" hits="7"/>
          </lines>
        </method>
        <method name="(anonymous_8)" hits="5" signature="()V">
          <lines>
            <line number="159" hits="5"/>
          </lines>
        </method>
        <method name="(anonymous_9)" hits="12" signature="()V">
          <lines>
            <line number="178" hits="12"/>
          </lines>
        </method>
        <method name="generateCustomAttributes" hits="114" signature="()V">
          <lines>
            <line number="185" hits="114"/>
          </lines>
        </method>
        <method name="(anonymous_11)" hits="1" signature="()V">
          <lines>
            <line number="187" hits="1"/>
          </lines>
        </method>
        <method name="checkNameAndMail" hits="26" signature="()V">
          <lines>
            <line number="199" hits="26"/>
          </lines>
        </method>
        <method name="checkEnum" hits="144" signature="()V">
          <lines>
            <line number="249" hits="144"/>
          </lines>
        </method>
        <method name="checkDate" hits="274" signature="()V">
          <lines>
            <line number="264" hits="274"/>
          </lines>
        </method>
        <method name="toDate" hits="96" signature="()V">
          <lines>
            <line number="290" hits="96"/>
          </lines>
        </method>
        <method name="isMoment" hits="172" signature="()V">
          <lines>
            <line number="303" hits="172"/>
          </lines>
        </method>
        <method name="isMomentTZ" hits="17" signature="()V">
          <lines>
            <line number="308" hits="17"/>
          </lines>
        </method>
        <method name="isDayjs" hits="21" signature="()V">
          <lines>
            <line number="311" hits="21"/>
          </lines>
        </method>
        <method name="isLuxonDate" hits="157" signature="()V">
          <lines>
            <line number="318" hits="157"/>
          </lines>
        </method>
        <method name="isMomentDuration" hits="6" signature="()V">
          <lines>
            <line number="322" hits="6"/>
          </lines>
        </method>
        <method name="isRRule" hits="145" signature="()V">
          <lines>
            <line number="328" hits="145"/>
          </lines>
        </method>
        <method name="toJSON" hits="134" signature="()V">
          <lines>
            <line number="334" hits="134"/>
          </lines>
        </method>
        <method name="toDurationString" hits="25" signature="()V">
          <lines>
            <line number="345" hits="25"/>
          </lines>
        </method>
      </methods>
      <lines>
        <line number="11" hits="1" branch="false"/>
        <line number="12" hits="174" branch="true" condition-coverage="100% (4/4)"/>
        <line number="13" hits="135" branch="false"/>
        <line number="16" hits="135" branch="false"/>
        <line number="21" hits="135" branch="true" condition-coverage="100% (2/2)"/>
        <line number="22" hits="11" branch="false"/>
        <line number="27" hits="135" branch="true" condition-coverage="100% (2/2)"/>
        <line number="28" hits="10" branch="false"/>
        <line number="31" hits="125" branch="true" condition-coverage="100% (2/2)"/>
        <line number="32" hits="9" branch="false"/>
        <line number="36" hits="9" branch="false"/>
        <line number="39" hits="116" branch="false"/>
        <line number="44" hits="116" branch="false"/>
        <line number="46" hits="39" branch="true" condition-coverage="100% (2/2)"/>
        <line number="48" hits="33" branch="true" condition-coverage="87.5% (7/8)"/>
        <line number="49" hits="33" branch="false"/>
        <line number="53" hits="6" branch="true" condition-coverage="100% (2/2)"/>
        <line number="54" hits="3" branch="true" condition-coverage="100% (4/4)"/>
        <line number="55" hits="3" branch="true" condition-coverage="50% (1/2)"/>
        <line number="56" hits="0" branch="false"/>
        <line number="59" hits="3" branch="false"/>
        <line number="66" hits="3" branch="false"/>
        <line number="67" hits="3" branch="true" condition-coverage="100% (2/2)"/>
        <line number="70" hits="1" branch="true" condition-coverage="50% (1/2)"/>
        <line number="72" hits="2" branch="true" condition-coverage="100% (2/2)"/>
        <line number="77" hits="1" branch="true" condition-coverage="50% (1/2)"/>
        <line number="79" hits="1" branch="false"/>
        <line number="82" hits="0" branch="false"/>
        <line number="85" hits="3" branch="false"/>
        <line number="93" hits="1" branch="false"/>
        <line number="94" hits="78" branch="false"/>
        <line number="95" hits="78" branch="true" condition-coverage="83.33333333333334% (5/6)"/>
        <line number="97" hits="78" branch="true" condition-coverage="83.33333333333334% (5/6)"/>
        <line number="98" hits="10" branch="false"/>
        <line number="102" hits="10" branch="false"/>
        <line number="105" hits="78" branch="false"/>
        <line number="108" hits="1" branch="false"/>
        <line number="109" hits="143" branch="false"/>
        <line number="110" hits="33" branch="false"/>
        <line number="114" hits="1" branch="false"/>
        <line number="115" hits="48" branch="false"/>
        <line number="116" hits="641" branch="false"/>
        <line number="117" hits="641" branch="false"/>
        <line number="118" hits="641" branch="false"/>
        <line number="119" hits="15302" branch="false"/>
        <line number="122" hits="15302" branch="true" condition-coverage="100% (4/4)"/>
        <line number="123" hits="2" branch="false"/>
        <line number="126" hits="15302" branch="false"/>
        <line number="127" hits="15302" branch="false"/>
        <line number="128" hits="15302" branch="true" condition-coverage="100% (2/2)"/>
        <line number="129" hits="26" branch="false"/>
        <line number="130" hits="26" branch="false"/>
        <line number="133" hits="15302" branch="false"/>
        <line number="135" hits="641" branch="false"/>
        <line number="142" hits="1" branch="false"/>
        <line number="143" hits="96" branch="true" condition-coverage="100% (2/2)"/>
        <line number="144" hits="33" branch="false"/>
        <line number="145" hits="7" branch="true" condition-coverage="50% (1/2)"/>
        <line number="146" hits="0" branch="false"/>
        <line number="148" hits="7" branch="true" condition-coverage="100% (4/4)"/>
        <line number="149" hits="2" branch="false"/>
        <line number="151" hits="5" branch="true" condition-coverage="100% (2/2)"/>
        <line number="152" hits="1" branch="false"/>
        <line number="155" hits="4" branch="false"/>
        <line number="158" hits="63" branch="true" condition-coverage="100% (2/2)"/>
        <line number="159" hits="6" branch="false"/>
        <line number="160" hits="5" branch="true" condition-coverage="100% (4/4)"/>
        <line number="161" hits="1" branch="false"/>
        <line number="163" hits="4" branch="true" condition-coverage="100% (2/2)"/>
        <line number="164" hits="2" branch="false"/>
        <line number="167" hits="2" branch="false"/>
        <line number="170" hits="57" branch="true" condition-coverage="100% (4/4)"/>
        <line number="171" hits="9" branch="true" condition-coverage="100% (2/2)"/>
        <line number="172" hits="1" branch="false"/>
        <line number="175" hits="8" branch="false"/>
        <line number="178" hits="48" branch="false"/>
        <line number="185" hits="1" branch="false"/>
        <line number="186" hits="114" branch="false"/>
        <line number="187" hits="1" branch="false"/>
        <line number="189" hits="114" branch="true" condition-coverage="100% (2/2)"/>
        <line number="199" hits="1" branch="false"/>
        <line number="200" hits="26" branch="false"/>
        <line number="202" hits="26" branch="true" condition-coverage="100% (2/2)"/>
        <line number="203" hits="14" branch="false"/>
        <line number="204" hits="14" branch="true" condition-coverage="100% (2/2)"/>
        <line number="205" hits="6" branch="false"/>
        <line number="210" hits="8" branch="true" condition-coverage="100% (2/2)"/>
        <line number="211" hits="6" branch="false"/>
        <line number="217" hits="12" branch="true" condition-coverage="100% (2/2)"/>
        <line number="218" hits="10" branch="false"/>
        <line number="225" hits="26" branch="true" condition-coverage="100% (4/4)"/>
        <line number="226" hits="2" branch="false"/>
        <line number="231" hits="24" branch="true" condition-coverage="100% (2/2)"/>
        <line number="232" hits="2" branch="false"/>
        <line number="238" hits="22" branch="true" condition-coverage="100% (2/2)"/>
        <line number="239" hits="1" branch="false"/>
        <line number="242" hits="21" branch="false"/>
        <line number="249" hits="1" branch="false"/>
        <line number="250" hits="144" branch="false"/>
        <line number="251" hits="144" branch="false"/>
        <line number="253" hits="144" branch="true" condition-coverage="100% (4/4)"/>
        <line number="254" hits="22" branch="false"/>
        <line number="257" hits="122" branch="false"/>
        <line number="264" hits="1" branch="false"/>
        <line number="267" hits="274" branch="true" condition-coverage="100% (2/2)"/>
        <line number="271" hits="13" branch="false"/>
        <line number="273" hits="261" branch="true" condition-coverage="100% (4/4)"/>
        <line number="274" hits="145" branch="false"/>
        <line number="278" hits="116" branch="true" condition-coverage="50% (2/4)"/>
        <line number="279" hits="0" branch="false"/>
        <line number="283" hits="116" branch="true" condition-coverage="100% (5/5)"/>
        <line number="284" hits="95" branch="false"/>
        <line number="287" hits="21" branch="false"/>
        <line number="290" hits="1" branch="false"/>
        <line number="291" hits="96" branch="true" condition-coverage="100% (4/4)"/>
        <line number="292" hits="61" branch="false"/>
        <line number="296" hits="35" branch="true" condition-coverage="50% (1/2)"/>
        <line number="297" hits="0" branch="false"/>
        <line number="300" hits="35" branch="false"/>
        <line number="303" hits="1" branch="false"/>
        <line number="306" hits="172" branch="true" condition-coverage="100% (2/2)"/>
        <line number="308" hits="1" branch="false"/>
        <line number="309" hits="17" branch="true" condition-coverage="100% (2/2)"/>
        <line number="311" hits="1" branch="false"/>
        <line number="312" hits="21" branch="true" condition-coverage="40% (2/5)"/>
        <line number="318" hits="1" branch="false"/>
        <line number="319" hits="157" branch="true" condition-coverage="100% (3/3)"/>
        <line number="322" hits="1" branch="false"/>
        <line number="325" hits="6" branch="true" condition-coverage="100% (3/3)"/>
        <line number="328" hits="1" branch="false"/>
        <line number="331" hits="145" branch="true" condition-coverage="100% (4/4)"/>
        <line number="334" hits="1" branch="false"/>
        <line number="335" hits="134" branch="true" condition-coverage="100% (2/2)"/>
        <line number="336" hits="74" branch="false"/>
        <line number="338" hits="60" branch="true" condition-coverage="50% (1/2)"/>
        <line number="339" hits="0" branch="false"/>
        <line number="342" hits="60" branch="false"/>
        <line number="345" hits="1" branch="false"/>
        <line number="346" hits="25" branch="false"/>
        <line number="349" hits="25" branch="true" condition-coverage="100% (2/2)"/>
        <line number="350" hits="16" branch="false"/>
        <line number="351" hits="16" branch="false"/>
        <line number="354" hits="25" branch="false"/>
        <line number="357" hits="25" branch="true" condition-coverage="100% (2/2)"/>
        <line number="358" hits="4" branch="false"/>
        <line number="359" hits="4" branch="false"/>
        <line number="361" hits="25" branch="true" condition-coverage="100% (4/4)"/>
        <line number="362" hits="4" branch="false"/>
        <line number="365" hits="21" branch="false"/>
        <line number="368" hits="21" branch="true" condition-coverage="100% (2/2)"/>
        <line number="369" hits="2" branch="false"/>
        <line number="370" hits="2" branch="false"/>
        <line number="374" hits="21" branch="true" condition-coverage="100% (2/2)"/>
        <line number="375" hits="19" branch="false"/>
        <line number="376" hits="19" branch="false"/>
        <line number="380" hits="21" branch="true" condition-coverage="100% (2/2)"/>
        <line number="381" hits="1" branch="false"/>
        <line number="383" hits="20" branch="true" condition-coverage="50% (1/2)"/>
        <line number="384" hits="0" branch="false"/>
        <line number="387" hits="21" branch="false"/>
      </lines>
    </class>
    <class name="types.ts" filename="src/types.ts" line-rate="1" branch-rate="1">
      <methods>
        <method name="(anonymous_0)" hits="1" signature="()V">
          <lines>
            <line number="45" hits="1"/>
          </lines>
        </method>
        <method name="(anonymous_1)" hits="1" signature="()V">
          <lines>
            <line number="55" hits="1"/>
          </lines>
        </method>
      </methods>
      <lines>
        <line number="45" hits="1" branch="true" condition-coverage="100% (2/2)"/>
        <line number="46" hits="1" branch="false"/>
        <line number="47" hits="1" branch="false"/>
        <line number="48" hits="1" branch="false"/>
        <line number="49" hits="1" branch="false"/>
        <line number="50" hits="1" branch="false"/>
        <line number="51" hits="1" branch="false"/>
        <line number="52" hits="1" branch="false"/>
        <line number="55" hits="1" branch="true" condition-coverage="100% (2/2)"/>
        <line number="56" hits="1" branch="false"/>
        <line number="57" hits="1" branch="false"/>
        <line number="58" hits="1" branch="false"/>
        <line number="59" hits="1" branch="false"/>
        <line number="60" hits="1" branch="false"/>
        <line number="61" hits="1" branch="false"/>
        <line number="62" hits="1" branch="false"/>
      </lines>
    </class>
  </packages>
</coverage>
