<?xml version="1.0" ?>
<!DOCTYPE coverage SYSTEM "http://cobertura.sourceforge.net/xml/coverage-04.dtd">
<coverage lines-valid="1047" lines-covered="1029" line-rate="0.9828" branches-valid="1005" branches-covered="976" branch-rate="0.9711" timestamp="1675618280507" complexity="0" version="0.1">
  <sources>
    <source>/home/runner/work/ical-generator/ical-generator</source>
  </sources>
  <packages>
    <class name="alarm.ts" filename="src/alarm.ts" line-rate="0.9922" branch-rate="0.9926">
      <methods>
        <method name="(anonymous_0)" hits="1" signature="()V">
          <lines>
            <line number="16" hits="1"/>
          </lines>
        </method>
        <method name="(anonymous_1)" hits="59" signature="()V">
          <lines>
            <line number="90" hits="59"/>
          </lines>
        </method>
        <method name="(anonymous_2)" hits="30" signature="()V">
          <lines>
            <line number="130" hits="30"/>
          </lines>
        </method>
        <method name="(anonymous_3)" hits="71" signature="()V">
          <lines>
            <line number="178" hits="71"/>
          </lines>
        </method>
        <method name="(anonymous_4)" hits="12" signature="()V">
          <lines>
            <line number="239" hits="12"/>
          </lines>
        </method>
        <method name="(anonymous_5)" hits="16" signature="()V">
          <lines>
            <line number="280" hits="16"/>
          </lines>
        </method>
        <method name="(anonymous_6)" hits="15" signature="()V">
          <lines>
            <line number="312" hits="15"/>
          </lines>
        </method>
        <method name="(anonymous_7)" hits="15" signature="()V">
          <lines>
            <line number="353" hits="15"/>
          </lines>
        </method>
        <method name="(anonymous_8)" hits="16" signature="()V">
          <lines>
            <line number="402" hits="16"/>
          </lines>
        </method>
        <method name="(anonymous_9)" hits="10" signature="()V">
          <lines>
            <line number="458" hits="10"/>
          </lines>
        </method>
        <method name="(anonymous_10)" hits="4" signature="()V">
          <lines>
            <line number="516" hits="4"/>
          </lines>
        </method>
        <method name="(anonymous_11)" hits="2" signature="()V">
          <lines>
            <line number="542" hits="2"/>
          </lines>
        </method>
        <method name="(anonymous_12)" hits="22" signature="()V">
          <lines>
            <line number="559" hits="22"/>
          </lines>
        </method>
      </methods>
      <lines>
        <line number="4" hits="1" branch="false"/>
        <line number="16" hits="1" branch="true" condition-coverage="100% (2/2)"/>
        <line number="17" hits="1" branch="false"/>
        <line number="18" hits="1" branch="false"/>
        <line number="79" hits="1" branch="false"/>
        <line number="91" hits="59" branch="false"/>
        <line number="101" hits="59" branch="false"/>
        <line number="102" hits="59" branch="true" condition-coverage="100% (2/2)"/>
        <line number="103" hits="1" branch="false"/>
        <line number="106" hits="58" branch="true" condition-coverage="100% (2/2)"/>
        <line number="107" hits="58" branch="true" condition-coverage="100% (2/2)"/>
        <line number="108" hits="58" branch="true" condition-coverage="100% (2/2)"/>
        <line number="109" hits="58" branch="true" condition-coverage="100% (2/2)"/>
        <line number="110" hits="58" branch="true" condition-coverage="100% (2/2)"/>
        <line number="111" hits="58" branch="true" condition-coverage="100% (2/2)"/>
        <line number="112" hits="58" branch="true" condition-coverage="100% (2/2)"/>
        <line number="113" hits="58" branch="true" condition-coverage="100% (2/2)"/>
        <line number="114" hits="58" branch="true" condition-coverage="100% (2/2)"/>
        <line number="131" hits="30" branch="true" condition-coverage="100% (2/2)"/>
        <line number="132" hits="5" branch="false"/>
        <line number="134" hits="25" branch="true" condition-coverage="100% (2/2)"/>
        <line number="135" hits="3" branch="false"/>
        <line number="136" hits="3" branch="false"/>
        <line number="139" hits="22" branch="true" condition-coverage="100% (2/2)"/>
        <line number="140" hits="1" branch="false"/>
        <line number="143" hits="21" branch="false"/>
        <line number="144" hits="21" branch="false"/>
        <line number="181" hits="71" branch="true" condition-coverage="100% (4/4)"/>
        <line number="182" hits="7" branch="false"/>
        <line number="184" hits="64" branch="true" condition-coverage="100% (4/4)"/>
        <line number="185" hits="6" branch="false"/>
        <line number="187" hits="58" branch="true" condition-coverage="100% (2/2)"/>
        <line number="188" hits="7" branch="false"/>
        <line number="192" hits="51" branch="true" condition-coverage="100% (2/2)"/>
        <line number="193" hits="7" branch="false"/>
        <line number="195" hits="44" branch="true" condition-coverage="100% (4/4)"/>
        <line number="196" hits="26" branch="false"/>
        <line number="198" hits="18" branch="true" condition-coverage="100% (2/2)"/>
        <line number="199" hits="3" branch="false"/>
        <line number="202" hits="15" branch="false"/>
        <line number="205" hits="42" branch="false"/>
        <line number="240" hits="12" branch="true" condition-coverage="100% (2/2)"/>
        <line number="241" hits="4" branch="false"/>
        <line number="244" hits="8" branch="true" condition-coverage="100% (2/2)"/>
        <line number="281" hits="16" branch="true" condition-coverage="100% (2/2)"/>
        <line number="282" hits="4" branch="false"/>
        <line number="285" hits="12" branch="false"/>
        <line number="313" hits="15" branch="true" condition-coverage="100% (2/2)"/>
        <line number="314" hits="3" branch="false"/>
        <line number="316" hits="12" branch="true" condition-coverage="100% (2/2)"/>
        <line number="317" hits="3" branch="false"/>
        <line number="318" hits="3" branch="false"/>
        <line number="321" hits="9" branch="true" condition-coverage="100% (4/4)"/>
        <line number="322" hits="3" branch="false"/>
        <line number="325" hits="6" branch="false"/>
        <line number="326" hits="6" branch="false"/>
        <line number="354" hits="15" branch="true" condition-coverage="100% (2/2)"/>
        <line number="355" hits="3" branch="true" condition-coverage="100% (2/2)"/>
        <line number="357" hits="12" branch="true" condition-coverage="100% (2/2)"/>
        <line number="358" hits="3" branch="false"/>
        <line number="359" hits="3" branch="false"/>
        <line number="362" hits="9" branch="true" condition-coverage="100% (4/4)"/>
        <line number="363" hits="3" branch="false"/>
        <line number="366" hits="6" branch="false"/>
        <line number="367" hits="6" branch="false"/>
        <line number="403" hits="16" branch="true" condition-coverage="100% (2/2)"/>
        <line number="404" hits="5" branch="false"/>
        <line number="406" hits="11" branch="true" condition-coverage="100% (2/2)"/>
        <line number="407" hits="3" branch="false"/>
        <line number="408" hits="3" branch="false"/>
        <line number="411" hits="8" branch="false"/>
        <line number="412" hits="8" branch="true" condition-coverage="100% (2/2)"/>
        <line number="413" hits="3" branch="false"/>
        <line number="418" hits="5" branch="true" condition-coverage="100% (2/2)"/>
        <line number="419" hits="4" branch="false"/>
        <line number="425" hits="1" branch="false"/>
        <line number="431" hits="7" branch="true" condition-coverage="100% (2/2)"/>
        <line number="432" hits="1" branch="false"/>
        <line number="435" hits="6" branch="false"/>
        <line number="439" hits="6" branch="false"/>
        <line number="459" hits="10" branch="true" condition-coverage="100% (2/2)"/>
        <line number="460" hits="3" branch="false"/>
        <line number="462" hits="7" branch="true" condition-coverage="100% (2/2)"/>
        <line number="463" hits="3" branch="false"/>
        <line number="464" hits="3" branch="false"/>
        <line number="467" hits="4" branch="false"/>
        <line number="468" hits="4" branch="false"/>
        <line number="517" hits="4" branch="true" condition-coverage="100% (2/2)"/>
        <line number="518" hits="2" branch="false"/>
        <line number="521" hits="2" branch="true" condition-coverage="100% (4/4)"/>
        <line number="522" hits="1" branch="false"/>
        <line number="524" hits="1" branch="true" condition-coverage="50% (1/2)"/>
        <line number="525" hits="1" branch="false"/>
        <line number="528" hits="0" branch="false"/>
        <line number="531" hits="2" branch="false"/>
        <line number="543" hits="2" branch="false"/>
        <line number="544" hits="2" branch="false"/>
        <line number="560" hits="22" branch="false"/>
        <line number="562" hits="22" branch="true" condition-coverage="100% (2/2)"/>
        <line number="563" hits="1" branch="false"/>
        <line number="565" hits="21" branch="true" condition-coverage="100% (2/2)"/>
        <line number="566" hits="1" branch="false"/>
        <line number="570" hits="20" branch="false"/>
        <line number="572" hits="20" branch="true" condition-coverage="100% (4/4)"/>
        <line number="573" hits="1" branch="false"/>
        <line number="575" hits="19" branch="true" condition-coverage="100% (2/2)"/>
        <line number="576" hits="16" branch="false"/>
        <line number="579" hits="3" branch="false"/>
        <line number="583" hits="20" branch="true" condition-coverage="100% (4/4)"/>
        <line number="584" hits="1" branch="false"/>
        <line number="586" hits="19" branch="true" condition-coverage="100% (2/2)"/>
        <line number="587" hits="4" branch="false"/>
        <line number="591" hits="19" branch="true" condition-coverage="100% (4/4)"/>
        <line number="592" hits="1" branch="false"/>
        <line number="594" hits="18" branch="true" condition-coverage="100% (2/2)"/>
        <line number="595" hits="4" branch="false"/>
        <line number="599" hits="18" branch="true" condition-coverage="100% (5/5)"/>
        <line number="600" hits="1" branch="false"/>
        <line number="602" hits="17" branch="true" condition-coverage="100% (4/4)"/>
        <line number="603" hits="1" branch="false"/>
        <line number="605" hits="16" branch="true" condition-coverage="100% (2/2)"/>
        <line number="606" hits="1" branch="false"/>
        <line number="610" hits="18" branch="true" condition-coverage="100% (4/4)"/>
        <line number="611" hits="3" branch="false"/>
        <line number="613" hits="15" branch="true" condition-coverage="100% (2/2)"/>
        <line number="614" hits="12" branch="false"/>
        <line number="618" hits="18" branch="false"/>
        <line number="620" hits="18" branch="false"/>
        <line number="621" hits="18" branch="false"/>
      </lines>
    </class>
    <class name="attendee.ts" filename="src/attendee.ts" line-rate="0.9790000000000001" branch-rate="0.9523999999999999">
      <methods>
        <method name="(anonymous_0)" hits="1" signature="()V">
          <lines>
            <line number="52" hits="1"/>
          </lines>
        </method>
        <method name="(anonymous_1)" hits="1" signature="()V">
          <lines>
            <line number="59" hits="1"/>
          </lines>
        </method>
        <method name="(anonymous_2)" hits="1" signature="()V">
          <lines>
            <line number="68" hits="1"/>
          </lines>
        </method>
        <method name="(anonymous_3)" hits="73" signature="()V">
          <lines>
            <line number="106" hits="73"/>
          </lines>
        </method>
        <method name="(anonymous_4)" hits="36" signature="()V">
          <lines>
            <line number="152" hits="36"/>
          </lines>
        </method>
        <method name="(anonymous_5)" hits="40" signature="()V">
          <lines>
            <line number="173" hits="40"/>
          </lines>
        </method>
        <method name="(anonymous_6)" hits="8" signature="()V">
          <lines>
            <line number="193" hits="8"/>
          </lines>
        </method>
        <method name="(anonymous_7)" hits="6" signature="()V">
          <lines>
            <line number="214" hits="6"/>
          </lines>
        </method>
        <method name="(anonymous_8)" hits="10" signature="()V">
          <lines>
            <line number="237" hits="10"/>
          </lines>
        </method>
        <method name="(anonymous_9)" hits="16" signature="()V">
          <lines>
            <line number="258" hits="16"/>
          </lines>
        </method>
        <method name="(anonymous_10)" hits="15" signature="()V">
          <lines>
            <line number="285" hits="15"/>
          </lines>
        </method>
        <method name="(anonymous_11)" hits="13" signature="()V">
          <lines>
            <line number="312" hits="13"/>
          </lines>
        </method>
        <method name="(anonymous_12)" hits="18" signature="()V">
          <lines>
            <line number="352" hits="18"/>
          </lines>
        </method>
        <method name="(anonymous_13)" hits="18" signature="()V">
          <lines>
            <line number="398" hits="18"/>
          </lines>
        </method>
        <method name="(anonymous_14)" hits="5" signature="()V">
          <lines>
            <line number="438" hits="5"/>
          </lines>
        </method>
        <method name="(anonymous_15)" hits="3" signature="()V">
          <lines>
            <line number="461" hits="3"/>
          </lines>
        </method>
        <method name="(anonymous_16)" hits="6" signature="()V">
          <lines>
            <line number="512" hits="6"/>
          </lines>
        </method>
        <method name="(anonymous_17)" hits="3" signature="()V">
          <lines>
            <line number="537" hits="3"/>
          </lines>
        </method>
        <method name="(anonymous_18)" hits="21" signature="()V">
          <lines>
            <line number="553" hits="21"/>
          </lines>
        </method>
        <method name="(anonymous_19)" hits="1" signature="()V">
          <lines>
            <line number="606" hits="1"/>
          </lines>
        </method>
      </methods>
      <lines>
        <line number="4" hits="1" branch="false"/>
        <line number="52" hits="1" branch="true" condition-coverage="100% (2/2)"/>
        <line number="53" hits="1" branch="false"/>
        <line number="54" hits="1" branch="false"/>
        <line number="55" hits="1" branch="false"/>
        <line number="56" hits="1" branch="false"/>
        <line number="59" hits="1" branch="true" condition-coverage="100% (2/2)"/>
        <line number="60" hits="1" branch="false"/>
        <line number="61" hits="1" branch="false"/>
        <line number="62" hits="1" branch="false"/>
        <line number="63" hits="1" branch="false"/>
        <line number="64" hits="1" branch="false"/>
        <line number="68" hits="1" branch="true" condition-coverage="100% (2/2)"/>
        <line number="69" hits="1" branch="false"/>
        <line number="70" hits="1" branch="false"/>
        <line number="71" hits="1" branch="false"/>
        <line number="72" hits="1" branch="false"/>
        <line number="73" hits="1" branch="false"/>
        <line number="95" hits="1" branch="false"/>
        <line number="107" hits="73" branch="false"/>
        <line number="120" hits="73" branch="false"/>
        <line number="121" hits="73" branch="true" condition-coverage="100% (2/2)"/>
        <line number="122" hits="1" branch="false"/>
        <line number="125" hits="72" branch="true" condition-coverage="100% (2/2)"/>
        <line number="126" hits="72" branch="true" condition-coverage="100% (2/2)"/>
        <line number="127" hits="72" branch="true" condition-coverage="100% (2/2)"/>
        <line number="128" hits="72" branch="true" condition-coverage="100% (2/2)"/>
        <line number="129" hits="72" branch="true" condition-coverage="100% (2/2)"/>
        <line number="130" hits="72" branch="true" condition-coverage="100% (2/2)"/>
        <line number="131" hits="72" branch="true" condition-coverage="100% (2/2)"/>
        <line number="132" hits="72" branch="true" condition-coverage="100% (2/2)"/>
        <line number="133" hits="72" branch="true" condition-coverage="100% (2/2)"/>
        <line number="134" hits="72" branch="true" condition-coverage="100% (2/2)"/>
        <line number="135" hits="72" branch="true" condition-coverage="100% (2/2)"/>
        <line number="136" hits="72" branch="true" condition-coverage="50% (1/2)"/>
        <line number="137" hits="72" branch="true" condition-coverage="100% (2/2)"/>
        <line number="153" hits="36" branch="true" condition-coverage="100% (2/2)"/>
        <line number="154" hits="8" branch="false"/>
        <line number="157" hits="28" branch="true" condition-coverage="100% (2/2)"/>
        <line number="158" hits="28" branch="false"/>
        <line number="174" hits="40" branch="true" condition-coverage="100% (2/2)"/>
        <line number="175" hits="13" branch="false"/>
        <line number="178" hits="27" branch="false"/>
        <line number="179" hits="27" branch="false"/>
        <line number="194" hits="8" branch="true" condition-coverage="100% (2/2)"/>
        <line number="195" hits="2" branch="false"/>
        <line number="198" hits="6" branch="true" condition-coverage="100% (2/2)"/>
        <line number="199" hits="6" branch="false"/>
        <line number="215" hits="6" branch="true" condition-coverage="100% (2/2)"/>
        <line number="216" hits="3" branch="false"/>
        <line number="219" hits="3" branch="false"/>
        <line number="220" hits="3" branch="false"/>
        <line number="238" hits="10" branch="true" condition-coverage="100% (2/2)"/>
        <line number="239" hits="1" branch="false"/>
        <line number="242" hits="9" branch="false"/>
        <line number="243" hits="7" branch="false"/>
        <line number="259" hits="16" branch="true" condition-coverage="100% (2/2)"/>
        <line number="260" hits="5" branch="false"/>
        <line number="262" hits="11" branch="true" condition-coverage="100% (2/2)"/>
        <line number="263" hits="3" branch="false"/>
        <line number="264" hits="3" branch="false"/>
        <line number="267" hits="8" branch="false"/>
        <line number="268" hits="8" branch="false"/>
        <line number="286" hits="15" branch="true" condition-coverage="100% (2/2)"/>
        <line number="287" hits="3" branch="false"/>
        <line number="289" hits="12" branch="true" condition-coverage="100% (2/2)"/>
        <line number="290" hits="3" branch="false"/>
        <line number="291" hits="3" branch="false"/>
        <line number="294" hits="9" branch="false"/>
        <line number="295" hits="8" branch="false"/>
        <line number="313" hits="13" branch="true" condition-coverage="100% (2/2)"/>
        <line number="314" hits="3" branch="false"/>
        <line number="316" hits="10" branch="true" condition-coverage="100% (2/2)"/>
        <line number="317" hits="3" branch="false"/>
        <line number="318" hits="3" branch="false"/>
        <line number="321" hits="7" branch="false"/>
        <line number="322" hits="6" branch="false"/>
        <line number="353" hits="18" branch="true" condition-coverage="100% (2/2)"/>
        <line number="354" hits="3" branch="false"/>
        <line number="356" hits="15" branch="true" condition-coverage="100% (2/2)"/>
        <line number="357" hits="4" branch="false"/>
        <line number="358" hits="4" branch="true" condition-coverage="100% (2/2)"/>
        <line number="359" hits="1" branch="false"/>
        <line number="361" hits="4" branch="false"/>
        <line number="364" hits="11" branch="true" condition-coverage="100% (2/2)"/>
        <line number="365" hits="3" branch="false"/>
        <line number="370" hits="8" branch="true" condition-coverage="50% (1/2)"/>
        <line number="371" hits="8" branch="false"/>
        <line number="374" hits="0" branch="false"/>
        <line number="377" hits="11" branch="false"/>
        <line number="378" hits="11" branch="false"/>
        <line number="399" hits="18" branch="true" condition-coverage="100% (2/2)"/>
        <line number="400" hits="3" branch="false"/>
        <line number="403" hits="15" branch="true" condition-coverage="100% (2/2)"/>
        <line number="404" hits="4" branch="false"/>
        <line number="406" hits="11" branch="true" condition-coverage="100% (2/2)"/>
        <line number="407" hits="3" branch="false"/>
        <line number="412" hits="8" branch="true" condition-coverage="50% (1/2)"/>
        <line number="413" hits="8" branch="false"/>
        <line number="416" hits="0" branch="false"/>
        <line number="419" hits="15" branch="false"/>
        <line number="439" hits="5" branch="true" condition-coverage="100% (2/2)"/>
        <line number="440" hits="5" branch="false"/>
        <line number="441" hits="5" branch="false"/>
        <line number="442" hits="5" branch="false"/>
        <line number="462" hits="3" branch="true" condition-coverage="100% (2/2)"/>
        <line number="463" hits="3" branch="false"/>
        <line number="464" hits="3" branch="false"/>
        <line number="465" hits="3" branch="false"/>
        <line number="513" hits="6" branch="true" condition-coverage="100% (2/2)"/>
        <line number="514" hits="3" branch="false"/>
        <line number="517" hits="3" branch="true" condition-coverage="100% (4/4)"/>
        <line number="518" hits="1" branch="false"/>
        <line number="520" hits="2" branch="true" condition-coverage="50% (1/2)"/>
        <line number="521" hits="2" branch="false"/>
        <line number="524" hits="0" branch="false"/>
        <line number="527" hits="3" branch="false"/>
        <line number="538" hits="3" branch="false"/>
        <line number="554" hits="21" branch="false"/>
        <line number="556" hits="21" branch="true" condition-coverage="100% (2/2)"/>
        <line number="557" hits="1" branch="false"/>
        <line number="561" hits="20" branch="false"/>
        <line number="564" hits="20" branch="true" condition-coverage="100% (2/2)"/>
        <line number="565" hits="5" branch="false"/>
        <line number="569" hits="20" branch="true" condition-coverage="100% (2/2)"/>
        <line number="570" hits="11" branch="false"/>
        <line number="574" hits="20" branch="true" condition-coverage="100% (2/2)"/>
        <line number="575" hits="5" branch="false"/>
        <line number="579" hits="20" branch="true" condition-coverage="100% (2/2)"/>
        <line number="580" hits="1" branch="false"/>
        <line number="584" hits="20" branch="true" condition-coverage="100% (2/2)"/>
        <line number="585" hits="3" branch="false"/>
        <line number="589" hits="20" branch="true" condition-coverage="100% (2/2)"/>
        <line number="590" hits="3" branch="false"/>
        <line number="594" hits="20" branch="true" condition-coverage="100% (2/2)"/>
        <line number="595" hits="4" branch="false"/>
        <line number="599" hits="20" branch="true" condition-coverage="100% (4/4)"/>
        <line number="600" hits="2" branch="false"/>
        <line number="604" hits="20" branch="true" condition-coverage="100% (2/2)"/>
        <line number="605" hits="1" branch="false"/>
        <line number="606" hits="1" branch="false"/>
        <line number="610" hits="20" branch="true" condition-coverage="100% (2/2)"/>
        <line number="612" hits="20" branch="false"/>
      </lines>
    </class>
    <class name="calendar.ts" filename="src/calendar.ts" line-rate="0.9745" branch-rate="0.971">
      <methods>
        <method name="(anonymous_1)" hits="1" signature="()V">
          <lines>
            <line number="65" hits="1"/>
          </lines>
        </method>
        <method name="(anonymous_2)" hits="380" signature="()V">
          <lines>
            <line number="117" hits="380"/>
          </lines>
        </method>
        <method name="(anonymous_3)" hits="37" signature="()V">
          <lines>
            <line number="169" hits="37"/>
          </lines>
        </method>
        <method name="(anonymous_4)" hits="29" signature="()V">
          <lines>
            <line number="225" hits="29"/>
          </lines>
        </method>
        <method name="(anonymous_5)" hits="21" signature="()V">
          <lines>
            <line number="252" hits="21"/>
          </lines>
        </method>
        <method name="(anonymous_6)" hits="21" signature="()V">
          <lines>
            <line number="273" hits="21"/>
          </lines>
        </method>
        <method name="(anonymous_7)" hits="243" signature="()V">
          <lines>
            <line number="340" hits="243"/>
          </lines>
        </method>
        <method name="(anonymous_8)" hits="16" signature="()V">
          <lines>
            <line number="379" hits="16"/>
          </lines>
        </method>
        <method name="(anonymous_9)" hits="22" signature="()V">
          <lines>
            <line number="405" hits="22"/>
          </lines>
        </method>
        <method name="(anonymous_10)" hits="19" signature="()V">
          <lines>
            <line number="437" hits="19"/>
          </lines>
        </method>
        <method name="(anonymous_11)" hits="20" signature="()V">
          <lines>
            <line number="474" hits="20"/>
          </lines>
        </method>
        <method name="(anonymous_12)" hits="57" signature="()V">
          <lines>
            <line number="512" hits="57"/>
          </lines>
        </method>
        <method name="(anonymous_13)" hits="32" signature="()V">
          <lines>
            <line number="564" hits="32"/>
          </lines>
        </method>
        <method name="(anonymous_14)" hits="34" signature="()V">
          <lines>
            <line number="569" hits="34"/>
          </lines>
        </method>
        <method name="(anonymous_15)" hits="1" signature="()V">
          <lines>
            <line number="580" hits="1"/>
          </lines>
        </method>
        <method name="(anonymous_16)" hits="4" signature="()V">
          <lines>
            <line number="607" hits="4"/>
          </lines>
        </method>
        <method name="(anonymous_17)" hits="3" signature="()V">
          <lines>
            <line number="626" hits="3"/>
          </lines>
        </method>
        <method name="(anonymous_18)" hits="2" signature="()V">
          <lines>
            <line number="639" hits="2"/>
          </lines>
        </method>
        <method name="(anonymous_19)" hits="0" signature="()V">
          <lines>
            <line number="659" hits="0"/>
          </lines>
        </method>
        <method name="(anonymous_20)" hits="0" signature="()V">
          <lines>
            <line number="673" hits="0"/>
          </lines>
        </method>
        <method name="(anonymous_21)" hits="54" signature="()V">
          <lines>
            <line number="722" hits="54"/>
          </lines>
        </method>
        <method name="(anonymous_22)" hits="15" signature="()V">
          <lines>
            <line number="756" hits="15"/>
          </lines>
        </method>
        <method name="(anonymous_23)" hits="15" signature="()V">
          <lines>
            <line number="759" hits="15"/>
          </lines>
        </method>
        <method name="(anonymous_24)" hits="4" signature="()V">
          <lines>
            <line number="768" hits="4"/>
          </lines>
        </method>
        <method name="(anonymous_25)" hits="59" signature="()V">
          <lines>
            <line number="781" hits="59"/>
          </lines>
        </method>
        <method name="(anonymous_26)" hits="6" signature="()V">
          <lines>
            <line number="825" hits="6"/>
          </lines>
        </method>
        <method name="(anonymous_27)" hits="10" signature="()V">
          <lines>
            <line number="826" hits="10"/>
          </lines>
        </method>
        <method name="(anonymous_28)" hits="8" signature="()V">
          <lines>
            <line number="828" hits="8"/>
          </lines>
        </method>
        <method name="(anonymous_29)" hits="52" signature="()V">
          <lines>
            <line number="855" hits="52"/>
          </lines>
        </method>
      </methods>
      <lines>
        <line number="3" hits="1" branch="false"/>
        <line number="11" hits="1" branch="false"/>
        <line number="12" hits="1" branch="false"/>
        <line number="65" hits="1" branch="true" condition-coverage="100% (2/2)"/>
        <line number="66" hits="1" branch="false"/>
        <line number="67" hits="1" branch="false"/>
        <line number="68" hits="1" branch="false"/>
        <line number="69" hits="1" branch="false"/>
        <line number="70" hits="1" branch="false"/>
        <line number="71" hits="1" branch="false"/>
        <line number="72" hits="1" branch="false"/>
        <line number="73" hits="1" branch="false"/>
        <line number="90" hits="1" branch="false"/>
        <line number="118" hits="380" branch="false"/>
        <line number="132" hits="380" branch="true" condition-coverage="100% (2/2)"/>
        <line number="133" hits="380" branch="true" condition-coverage="100% (2/2)"/>
        <line number="134" hits="380" branch="true" condition-coverage="100% (2/2)"/>
        <line number="135" hits="380" branch="true" condition-coverage="100% (2/2)"/>
        <line number="136" hits="380" branch="true" condition-coverage="100% (2/2)"/>
        <line number="137" hits="380" branch="true" condition-coverage="100% (2/2)"/>
        <line number="138" hits="380" branch="true" condition-coverage="100% (2/2)"/>
        <line number="139" hits="380" branch="true" condition-coverage="100% (2/2)"/>
        <line number="140" hits="380" branch="true" condition-coverage="100% (2/2)"/>
        <line number="141" hits="380" branch="true" condition-coverage="100% (2/2)"/>
        <line number="142" hits="380" branch="true" condition-coverage="100% (2/2)"/>
        <line number="170" hits="37" branch="true" condition-coverage="100% (2/2)"/>
        <line number="171" hits="3" branch="false"/>
        <line number="174" hits="34" branch="false"/>
        <line number="176" hits="34" branch="true" condition-coverage="100% (4/4)"/>
        <line number="177" hits="28" branch="false"/>
        <line number="178" hits="28" branch="false"/>
        <line number="180" hits="6" branch="true" condition-coverage="100% (2/2)"/>
        <line number="181" hits="1" branch="false"/>
        <line number="187" hits="5" branch="true" condition-coverage="100% (2/2)"/>
        <line number="188" hits="1" branch="false"/>
        <line number="191" hits="4" branch="true" condition-coverage="100% (2/2)"/>
        <line number="192" hits="1" branch="false"/>
        <line number="194" hits="3" branch="true" condition-coverage="100% (2/2)"/>
        <line number="195" hits="1" branch="false"/>
        <line number="198" hits="2" branch="true" condition-coverage="100% (2/2)"/>
        <line number="199" hits="2" branch="false"/>
        <line number="200" hits="2" branch="false"/>
        <line number="226" hits="29" branch="true" condition-coverage="100% (2/2)"/>
        <line number="227" hits="6" branch="false"/>
        <line number="229" hits="23" branch="true" condition-coverage="100% (2/2)"/>
        <line number="230" hits="10" branch="false"/>
        <line number="231" hits="10" branch="false"/>
        <line number="234" hits="13" branch="false"/>
        <line number="235" hits="12" branch="false"/>
        <line number="253" hits="21" branch="true" condition-coverage="100% (2/2)"/>
        <line number="254" hits="4" branch="false"/>
        <line number="257" hits="17" branch="true" condition-coverage="100% (2/2)"/>
        <line number="258" hits="17" branch="false"/>
        <line number="274" hits="21" branch="true" condition-coverage="100% (2/2)"/>
        <line number="275" hits="4" branch="false"/>
        <line number="278" hits="17" branch="true" condition-coverage="100% (2/2)"/>
        <line number="279" hits="17" branch="false"/>
        <line number="341" hits="243" branch="true" condition-coverage="100% (2/2)"/>
        <line number="342" hits="209" branch="true" condition-coverage="100% (6/6)"/>
        <line number="345" hits="34" branch="true" condition-coverage="100% (2/2)"/>
        <line number="346" hits="1" branch="false"/>
        <line number="348" hits="33" branch="true" condition-coverage="100% (2/2)"/>
        <line number="349" hits="12" branch="false"/>
        <line number="351" hits="21" branch="true" condition-coverage="100% (2/2)"/>
        <line number="352" hits="15" branch="false"/>
        <line number="355" hits="6" branch="false"/>
        <line number="358" hits="34" branch="false"/>
        <line number="380" hits="16" branch="true" condition-coverage="100% (2/2)"/>
        <line number="381" hits="2" branch="false"/>
        <line number="384" hits="14" branch="true" condition-coverage="100% (2/2)"/>
        <line number="385" hits="14" branch="false"/>
        <line number="406" hits="22" branch="true" condition-coverage="100% (2/2)"/>
        <line number="407" hits="5" branch="false"/>
        <line number="410" hits="17" branch="true" condition-coverage="100% (2/2)"/>
        <line number="411" hits="17" branch="false"/>
        <line number="438" hits="19" branch="true" condition-coverage="100% (2/2)"/>
        <line number="439" hits="4" branch="false"/>
        <line number="442" hits="15" branch="true" condition-coverage="100% (2/2)"/>
        <line number="443" hits="12" branch="false"/>
        <line number="446" hits="3" branch="false"/>
        <line number="449" hits="15" branch="false"/>
        <line number="475" hits="20" branch="true" condition-coverage="100% (2/2)"/>
        <line number="476" hits="3" branch="false"/>
        <line number="479" hits="17" branch="true" condition-coverage="100% (2/2)"/>
        <line number="480" hits="2" branch="false"/>
        <line number="482" hits="15" branch="true" condition-coverage="100% (4/4)"/>
        <line number="483" hits="3" branch="false"/>
        <line number="486" hits="12" branch="false"/>
        <line number="489" hits="17" branch="false"/>
        <line number="513" hits="57" branch="true" condition-coverage="50% (1/2)"/>
        <line number="514" hits="57" branch="false"/>
        <line number="515" hits="57" branch="false"/>
        <line number="565" hits="32" branch="true" condition-coverage="100% (2/2)"/>
        <line number="566" hits="5" branch="false"/>
        <line number="569" hits="34" branch="false"/>
        <line number="570" hits="27" branch="false"/>
        <line number="581" hits="1" branch="false"/>
        <line number="582" hits="1" branch="false"/>
        <line number="608" hits="4" branch="true" condition-coverage="100% (2/2)"/>
        <line number="609" hits="2" branch="false"/>
        <line number="610" hits="2" branch="false"/>
        <line number="613" hits="2" branch="false"/>
        <line number="627" hits="3" branch="false"/>
        <line number="628" hits="2" branch="false"/>
        <line number="640" hits="2" branch="false"/>
        <line number="645" hits="2" branch="false"/>
        <line number="646" hits="2" branch="false"/>
        <line number="660" hits="0" branch="false"/>
        <line number="674" hits="0" branch="false"/>
        <line number="723" hits="54" branch="true" condition-coverage="100% (2/2)"/>
        <line number="724" hits="24" branch="false"/>
        <line number="727" hits="30" branch="true" condition-coverage="100% (4/4)"/>
        <line number="728" hits="6" branch="false"/>
        <line number="730" hits="24" branch="true" condition-coverage="100% (2/2)"/>
        <line number="731" hits="22" branch="false"/>
        <line number="734" hits="2" branch="false"/>
        <line number="737" hits="21" branch="false"/>
        <line number="757" hits="15" branch="false"/>
        <line number="759" hits="15" branch="false"/>
        <line number="769" hits="4" branch="false"/>
        <line number="782" hits="59" branch="false"/>
        <line number="785" hits="59" branch="false"/>
        <line number="788" hits="59" branch="false"/>
        <line number="791" hits="59" branch="true" condition-coverage="100% (2/2)"/>
        <line number="792" hits="1" branch="false"/>
        <line number="796" hits="59" branch="true" condition-coverage="100% (2/2)"/>
        <line number="797" hits="1" branch="false"/>
        <line number="801" hits="59" branch="true" condition-coverage="50% (1/2)"/>
        <line number="802" hits="0" branch="false"/>
        <line number="806" hits="59" branch="true" condition-coverage="100% (2/2)"/>
        <line number="807" hits="7" branch="false"/>
        <line number="811" hits="59" branch="true" condition-coverage="100% (2/2)"/>
        <line number="812" hits="2" branch="false"/>
        <line number="813" hits="2" branch="false"/>
        <line number="817" hits="59" branch="true" condition-coverage="100% (2/2)"/>
        <line number="818" hits="1" branch="false"/>
        <line number="822" hits="59" branch="true" condition-coverage="100% (6/6)"/>
        <line number="823" hits="6" branch="false"/>
        <line number="825" hits="6" branch="false"/>
        <line number="826" hits="10" branch="true" condition-coverage="100% (2/2)"/>
        <line number="828" hits="6" branch="false"/>
        <line number="829" hits="8" branch="true" condition-coverage="66.66666666666666% (4/6)"/>
        <line number="830" hits="0" branch="false"/>
        <line number="833" hits="8" branch="false"/>
        <line number="834" hits="8" branch="true" condition-coverage="100% (2/2)"/>
        <line number="835" hits="1" branch="false"/>
        <line number="838" hits="7" branch="false"/>
        <line number="843" hits="59" branch="true" condition-coverage="100% (6/6)"/>
        <line number="844" hits="14" branch="false"/>
        <line number="845" hits="14" branch="false"/>
        <line number="849" hits="59" branch="true" condition-coverage="100% (2/2)"/>
        <line number="850" hits="2" branch="false"/>
        <line number="851" hits="2" branch="false"/>
        <line number="855" hits="59" branch="false"/>
        <line number="858" hits="57" branch="false"/>
        <line number="860" hits="57" branch="false"/>
        <line number="862" hits="57" branch="false"/>
      </lines>
    </class>
    <class name="category.ts" filename="src/category.ts" line-rate="1" branch-rate="1">
      <methods>
        <method name="(anonymous_0)" hits="12" signature="()V">
          <lines>
            <line number="41" hits="12"/>
          </lines>
        </method>
        <method name="(anonymous_1)" hits="14" signature="()V">
          <lines>
            <line number="61" hits="14"/>
          </lines>
        </method>
        <method name="(anonymous_2)" hits="1" signature="()V">
          <lines>
            <line number="77" hits="1"/>
          </lines>
        </method>
        <method name="(anonymous_3)" hits="4" signature="()V">
          <lines>
            <line number="89" hits="4"/>
          </lines>
        </method>
      </methods>
      <lines>
        <line number="4" hits="1" branch="false"/>
        <line number="34" hits="1" branch="false"/>
        <line number="42" hits="12" branch="false"/>
        <line number="46" hits="12" branch="true" condition-coverage="100% (2/2)"/>
        <line number="62" hits="14" branch="true" condition-coverage="100% (2/2)"/>
        <line number="63" hits="4" branch="false"/>
        <line number="66" hits="10" branch="true" condition-coverage="100% (2/2)"/>
        <line number="67" hits="10" branch="false"/>
        <line number="78" hits="1" branch="false"/>
        <line number="92" hits="4" branch="true" condition-coverage="100% (2/2)"/>
        <line number="93" hits="1" branch="false"/>
        <line number="96" hits="3" branch="false"/>
      </lines>
    </class>
    <class name="event.ts" filename="src/event.ts" line-rate="0.9849" branch-rate="0.9701000000000001">
      <methods>
        <method name="(anonymous_1)" hits="1" signature="()V">
          <lines>
            <line number="33" hits="1"/>
          </lines>
        </method>
        <method name="(anonymous_2)" hits="1" signature="()V">
          <lines>
            <line number="39" hits="1"/>
          </lines>
        </method>
        <method name="(anonymous_3)" hits="1" signature="()V">
          <lines>
            <line number="46" hits="1"/>
          </lines>
        </method>
        <method name="(anonymous_4)" hits="1" signature="()V">
          <lines>
            <line number="51" hits="1"/>
          </lines>
        </method>
        <method name="(anonymous_5)" hits="341" signature="()V">
          <lines>
            <line number="179" hits="341"/>
          </lines>
        </method>
        <method name="(anonymous_6)" hits="44" signature="()V">
          <lines>
            <line number="257" hits="44"/>
          </lines>
        </method>
        <method name="(anonymous_7)" hits="4" signature="()V">
          <lines>
            <line number="281" hits="4"/>
          </lines>
        </method>
        <method name="(anonymous_8)" hits="24" signature="()V">
          <lines>
            <line number="301" hits="24"/>
          </lines>
        </method>
        <method name="(anonymous_9)" hits="120" signature="()V">
          <lines>
            <line number="332" hits="120"/>
          </lines>
        </method>
        <method name="(anonymous_10)" hits="69" signature="()V">
          <lines>
            <line number="363" hits="69"/>
          </lines>
        </method>
        <method name="(anonymous_11)" hits="30" signature="()V">
          <lines>
            <line number="396" hits="30"/>
          </lines>
        </method>
        <method name="(anonymous_12)" hits="154" signature="()V">
          <lines>
            <line number="440" hits="154"/>
          </lines>
        </method>
        <method name="(anonymous_13)" hits="55" signature="()V">
          <lines>
            <line number="470" hits="55"/>
          </lines>
        </method>
        <method name="(anonymous_14)" hits="9" signature="()V">
          <lines>
            <line number="495" hits="9"/>
          </lines>
        </method>
        <method name="(anonymous_15)" hits="27" signature="()V">
          <lines>
            <line number="519" hits="27"/>
          </lines>
        </method>
        <method name="(anonymous_16)" hits="35" signature="()V">
          <lines>
            <line number="542" hits="35"/>
          </lines>
        </method>
        <method name="(anonymous_17)" hits="99" signature="()V">
          <lines>
            <line number="600" hits="99"/>
          </lines>
        </method>
        <method name="(anonymous_18)" hits="25" signature="()V">
          <lines>
            <line number="639" hits="25"/>
          </lines>
        </method>
        <method name="(anonymous_19)" hits="14" signature="()V">
          <lines>
            <line number="644" hits="14"/>
          </lines>
        </method>
        <method name="(anonymous_20)" hits="13" signature="()V">
          <lines>
            <line number="657" hits="13"/>
          </lines>
        </method>
        <method name="(anonymous_21)" hits="7" signature="()V">
          <lines>
            <line number="671" hits="7"/>
          </lines>
        </method>
        <method name="(anonymous_22)" hits="12" signature="()V">
          <lines>
            <line number="681" hits="12"/>
          </lines>
        </method>
        <method name="(anonymous_23)" hits="98" signature="()V">
          <lines>
            <line number="706" hits="98"/>
          </lines>
        </method>
        <method name="(anonymous_24)" hits="36" signature="()V">
          <lines>
            <line number="742" hits="36"/>
          </lines>
        </method>
        <method name="(anonymous_25)" hits="29" signature="()V">
          <lines>
            <line number="789" hits="29"/>
          </lines>
        </method>
        <method name="(anonymous_26)" hits="45" signature="()V">
          <lines>
            <line number="842" hits="45"/>
          </lines>
        </method>
        <method name="(anonymous_27)" hits="21" signature="()V">
          <lines>
            <line number="881" hits="21"/>
          </lines>
        </method>
        <method name="(anonymous_28)" hits="27" signature="()V">
          <lines>
            <line number="919" hits="27"/>
          </lines>
        </method>
        <method name="(anonymous_29)" hits="9" signature="()V">
          <lines>
            <line number="924" hits="9"/>
          </lines>
        </method>
        <method name="(anonymous_30)" hits="9" signature="()V">
          <lines>
            <line number="948" hits="9"/>
          </lines>
        </method>
        <method name="(anonymous_31)" hits="22" signature="()V">
          <lines>
            <line number="978" hits="22"/>
          </lines>
        </method>
        <method name="(anonymous_32)" hits="6" signature="()V">
          <lines>
            <line number="983" hits="6"/>
          </lines>
        </method>
        <method name="(anonymous_33)" hits="7" signature="()V">
          <lines>
            <line number="1005" hits="7"/>
          </lines>
        </method>
        <method name="(anonymous_34)" hits="22" signature="()V">
          <lines>
            <line number="1035" hits="22"/>
          </lines>
        </method>
        <method name="(anonymous_35)" hits="4" signature="()V">
          <lines>
            <line number="1040" hits="4"/>
          </lines>
        </method>
        <method name="(anonymous_36)" hits="35" signature="()V">
          <lines>
            <line number="1062" hits="35"/>
          </lines>
        </method>
        <method name="(anonymous_37)" hits="32" signature="()V">
          <lines>
            <line number="1095" hits="32"/>
          </lines>
        </method>
        <method name="(anonymous_38)" hits="23" signature="()V">
          <lines>
            <line number="1126" hits="23"/>
          </lines>
        </method>
        <method name="(anonymous_39)" hits="25" signature="()V">
          <lines>
            <line number="1155" hits="25"/>
          </lines>
        </method>
        <method name="(anonymous_40)" hits="7" signature="()V">
          <lines>
            <line number="1179" hits="7"/>
          </lines>
        </method>
        <method name="(anonymous_41)" hits="22" signature="()V">
          <lines>
            <line number="1208" hits="22"/>
          </lines>
        </method>
        <method name="(anonymous_42)" hits="5" signature="()V">
          <lines>
            <line number="1213" hits="5"/>
          </lines>
        </method>
        <method name="(anonymous_43)" hits="32" signature="()V">
          <lines>
            <line number="1240" hits="32"/>
          </lines>
        </method>
        <method name="(anonymous_44)" hits="30" signature="()V">
          <lines>
            <line number="1265" hits="30"/>
          </lines>
        </method>
        <method name="(anonymous_45)" hits="30" signature="()V">
          <lines>
            <line number="1290" hits="30"/>
          </lines>
        </method>
        <method name="(anonymous_46)" hits="33" signature="()V">
          <lines>
            <line number="1320" hits="33"/>
          </lines>
        </method>
        <method name="(anonymous_47)" hits="40" signature="()V">
          <lines>
            <line number="1378" hits="40"/>
          </lines>
        </method>
        <method name="(anonymous_48)" hits="22" signature="()V">
          <lines>
            <line number="1409" hits="22"/>
          </lines>
        </method>
        <method name="(anonymous_49)" hits="1" signature="()V">
          <lines>
            <line number="1417" hits="1"/>
          </lines>
        </method>
        <method name="(anonymous_50)" hits="64" signature="()V">
          <lines>
            <line number="1442" hits="64"/>
          </lines>
        </method>
        <method name="(anonymous_51)" hits="10" signature="()V">
          <lines>
            <line number="1479" hits="10"/>
          </lines>
        </method>
        <method name="(anonymous_52)" hits="0" signature="()V">
          <lines>
            <line number="1528" hits="0"/>
          </lines>
        </method>
        <method name="(anonymous_53)" hits="2" signature="()V">
          <lines>
            <line number="1535" hits="2"/>
          </lines>
        </method>
        <method name="(anonymous_54)" hits="3" signature="()V">
          <lines>
            <line number="1542" hits="3"/>
          </lines>
        </method>
        <method name="(anonymous_55)" hits="8" signature="()V">
          <lines>
            <line number="1613" hits="8"/>
          </lines>
        </method>
        <method name="(anonymous_56)" hits="4" signature="()V">
          <lines>
            <line number="1618" hits="4"/>
          </lines>
        </method>
        <method name="(anonymous_57)" hits="2" signature="()V">
          <lines>
            <line number="1624" hits="2"/>
          </lines>
        </method>
        <method name="(anonymous_58)" hits="2" signature="()V">
          <lines>
            <line number="1636" hits="2"/>
          </lines>
        </method>
      </methods>
      <lines>
        <line number="3" hits="1" branch="false"/>
        <line number="4" hits="1" branch="false"/>
        <line number="17" hits="1" branch="false"/>
        <line number="18" hits="1" branch="false"/>
        <line number="19" hits="1" branch="false"/>
        <line number="21" hits="1" branch="false"/>
        <line number="33" hits="1" branch="true" condition-coverage="100% (2/2)"/>
        <line number="34" hits="1" branch="false"/>
        <line number="35" hits="1" branch="false"/>
        <line number="36" hits="1" branch="false"/>
        <line number="39" hits="1" branch="true" condition-coverage="100% (2/2)"/>
        <line number="40" hits="1" branch="false"/>
        <line number="41" hits="1" branch="false"/>
        <line number="42" hits="1" branch="false"/>
        <line number="43" hits="1" branch="false"/>
        <line number="46" hits="1" branch="true" condition-coverage="100% (2/2)"/>
        <line number="47" hits="1" branch="false"/>
        <line number="48" hits="1" branch="false"/>
        <line number="51" hits="1" branch="true" condition-coverage="100% (2/2)"/>
        <line number="52" hits="1" branch="false"/>
        <line number="53" hits="1" branch="false"/>
        <line number="54" hits="1" branch="false"/>
        <line number="168" hits="1" branch="false"/>
        <line number="180" hits="341" branch="false"/>
        <line number="210" hits="341" branch="false"/>
        <line number="211" hits="341" branch="true" condition-coverage="100% (2/2)"/>
        <line number="212" hits="1" branch="false"/>
        <line number="215" hits="340" branch="true" condition-coverage="100% (2/2)"/>
        <line number="216" hits="340" branch="true" condition-coverage="100% (2/2)"/>
        <line number="217" hits="340" branch="true" condition-coverage="100% (2/2)"/>
        <line number="218" hits="340" branch="true" condition-coverage="100% (2/2)"/>
        <line number="219" hits="340" branch="true" condition-coverage="100% (2/2)"/>
        <line number="220" hits="340" branch="true" condition-coverage="100% (2/2)"/>
        <line number="221" hits="340" branch="true" condition-coverage="100% (2/2)"/>
        <line number="222" hits="340" branch="true" condition-coverage="100% (2/2)"/>
        <line number="223" hits="340" branch="true" condition-coverage="100% (2/2)"/>
        <line number="224" hits="340" branch="true" condition-coverage="100% (2/2)"/>
        <line number="225" hits="315" branch="true" condition-coverage="100% (2/2)"/>
        <line number="226" hits="315" branch="true" condition-coverage="100% (2/2)"/>
        <line number="227" hits="315" branch="true" condition-coverage="100% (2/2)"/>
        <line number="228" hits="315" branch="true" condition-coverage="100% (2/2)"/>
        <line number="229" hits="315" branch="true" condition-coverage="100% (2/2)"/>
        <line number="230" hits="315" branch="true" condition-coverage="100% (2/2)"/>
        <line number="231" hits="315" branch="true" condition-coverage="100% (2/2)"/>
        <line number="232" hits="315" branch="true" condition-coverage="100% (2/2)"/>
        <line number="233" hits="315" branch="true" condition-coverage="100% (2/2)"/>
        <line number="234" hits="315" branch="true" condition-coverage="100% (2/2)"/>
        <line number="235" hits="315" branch="true" condition-coverage="100% (2/2)"/>
        <line number="236" hits="315" branch="true" condition-coverage="100% (2/2)"/>
        <line number="237" hits="315" branch="true" condition-coverage="100% (2/2)"/>
        <line number="238" hits="315" branch="true" condition-coverage="100% (2/2)"/>
        <line number="239" hits="315" branch="true" condition-coverage="100% (2/2)"/>
        <line number="240" hits="315" branch="true" condition-coverage="100% (2/2)"/>
        <line number="241" hits="315" branch="true" condition-coverage="100% (2/2)"/>
        <line number="258" hits="44" branch="true" condition-coverage="100% (2/2)"/>
        <line number="259" hits="4" branch="false"/>
        <line number="262" hits="40" branch="false"/>
        <line number="263" hits="40" branch="false"/>
        <line number="282" hits="4" branch="true" condition-coverage="100% (2/2)"/>
        <line number="302" hits="24" branch="true" condition-coverage="100% (2/2)"/>
        <line number="303" hits="3" branch="false"/>
        <line number="306" hits="21" branch="false"/>
        <line number="307" hits="21" branch="true" condition-coverage="100% (2/2)"/>
        <line number="308" hits="1" branch="false"/>
        <line number="311" hits="20" branch="false"/>
        <line number="312" hits="20" branch="false"/>
        <line number="333" hits="120" branch="true" condition-coverage="100% (2/2)"/>
        <line number="334" hits="5" branch="false"/>
        <line number="337" hits="115" branch="false"/>
        <line number="338" hits="111" branch="true" condition-coverage="100% (5/5)"/>
        <line number="339" hits="1" branch="false"/>
        <line number="340" hits="1" branch="false"/>
        <line number="341" hits="1" branch="false"/>
        <line number="344" hits="111" branch="false"/>
        <line number="364" hits="69" branch="true" condition-coverage="100% (2/2)"/>
        <line number="365" hits="5" branch="false"/>
        <line number="367" hits="64" branch="true" condition-coverage="100% (2/2)"/>
        <line number="368" hits="4" branch="false"/>
        <line number="369" hits="4" branch="false"/>
        <line number="372" hits="60" branch="false"/>
        <line number="373" hits="57" branch="true" condition-coverage="100% (5/5)"/>
        <line number="374" hits="1" branch="false"/>
        <line number="375" hits="1" branch="false"/>
        <line number="376" hits="1" branch="false"/>
        <line number="379" hits="57" branch="false"/>
        <line number="397" hits="30" branch="true" condition-coverage="100% (2/2)"/>
        <line number="398" hits="3" branch="false"/>
        <line number="400" hits="27" branch="true" condition-coverage="100% (2/2)"/>
        <line number="401" hits="15" branch="false"/>
        <line number="402" hits="15" branch="false"/>
        <line number="405" hits="12" branch="false"/>
        <line number="406" hits="9" branch="false"/>
        <line number="441" hits="154" branch="true" condition-coverage="100% (4/4)"/>
        <line number="442" hits="28" branch="false"/>
        <line number="444" hits="126" branch="true" condition-coverage="100% (2/2)"/>
        <line number="445" hits="94" branch="false"/>
        <line number="448" hits="32" branch="true" condition-coverage="100% (4/4)"/>
        <line number="449" hits="32" branch="true" condition-coverage="100% (2/2)"/>
        <line number="450" hits="15" branch="false"/>
        <line number="453" hits="32" branch="false"/>
        <line number="471" hits="55" branch="true" condition-coverage="100% (2/2)"/>
        <line number="472" hits="6" branch="false"/>
        <line number="475" hits="49" branch="false"/>
        <line number="476" hits="41" branch="false"/>
        <line number="496" hits="9" branch="true" condition-coverage="100% (2/2)"/>
        <line number="497" hits="1" branch="false"/>
        <line number="500" hits="8" branch="false"/>
        <line number="520" hits="27" branch="true" condition-coverage="100% (2/2)"/>
        <line number="521" hits="2" branch="false"/>
        <line number="524" hits="25" branch="false"/>
        <line number="525" hits="25" branch="false"/>
        <line number="543" hits="35" branch="true" condition-coverage="100% (2/2)"/>
        <line number="544" hits="10" branch="false"/>
        <line number="547" hits="25" branch="false"/>
        <line number="548" hits="25" branch="true" condition-coverage="100% (2/2)"/>
        <line number="549" hits="8" branch="false"/>
        <line number="552" hits="25" branch="false"/>
        <line number="601" hits="99" branch="true" condition-coverage="100% (2/2)"/>
        <line number="602" hits="19" branch="false"/>
        <line number="604" hits="80" branch="true" condition-coverage="100% (2/2)"/>
        <line number="605" hits="12" branch="false"/>
        <line number="606" hits="12" branch="false"/>
        <line number="608" hits="68" branch="true" condition-coverage="100% (4/4)"/>
        <line number="609" hits="7" branch="false"/>
        <line number="610" hits="7" branch="false"/>
        <line number="613" hits="61" branch="false"/>
        <line number="617" hits="59" branch="true" condition-coverage="100% (2/2)"/>
        <line number="618" hits="12" branch="true" condition-coverage="100% (2/2)"/>
        <line number="619" hits="2" branch="false"/>
        <line number="622" hits="10" branch="false"/>
        <line number="625" hits="57" branch="true" condition-coverage="100% (2/2)"/>
        <line number="626" hits="28" branch="true" condition-coverage="100% (2/2)"/>
        <line number="627" hits="2" branch="false"/>
        <line number="630" hits="26" branch="false"/>
        <line number="633" hits="55" branch="true" condition-coverage="100% (2/2)"/>
        <line number="634" hits="11" branch="false"/>
        <line number="637" hits="50" branch="true" condition-coverage="100% (2/2)"/>
        <line number="638" hits="16" branch="true" condition-coverage="100% (2/2)"/>
        <line number="639" hits="25" branch="false"/>
        <line number="642" hits="47" branch="true" condition-coverage="100% (2/2)"/>
        <line number="643" hits="5" branch="true" condition-coverage="100% (2/2)"/>
        <line number="644" hits="5" branch="false"/>
        <line number="645" hits="14" branch="true" condition-coverage="100% (5/5)"/>
        <line number="646" hits="2" branch="false"/>
        <line number="649" hits="12" branch="false"/>
        <line number="653" hits="45" branch="true" condition-coverage="100% (2/2)"/>
        <line number="654" hits="7" branch="true" condition-coverage="100% (2/2)"/>
        <line number="657" hits="7" branch="false"/>
        <line number="658" hits="13" branch="true" condition-coverage="100% (6/6)"/>
        <line number="659" hits="4" branch="false"/>
        <line number="662" hits="9" branch="false"/>
        <line number="666" hits="41" branch="true" condition-coverage="100% (2/2)"/>
        <line number="667" hits="8" branch="true" condition-coverage="100% (2/2)"/>
        <line number="668" hits="1" branch="false"/>
        <line number="670" hits="7" branch="true" condition-coverage="100% (2/2)"/>
        <line number="671" hits="7" branch="false"/>
        <line number="672" hits="7" branch="true" condition-coverage="100% (6/6)"/>
        <line number="673" hits="4" branch="false"/>
        <line number="675" hits="3" branch="false"/>
        <line number="679" hits="36" branch="true" condition-coverage="100% (2/2)"/>
        <line number="680" hits="9" branch="true" condition-coverage="100% (2/2)"/>
        <line number="681" hits="9" branch="false"/>
        <line number="682" hits="12" branch="false"/>
        <line number="686" hits="33" branch="true" condition-coverage="100% (2/2)"/>
        <line number="687" hits="3" branch="false"/>
        <line number="690" hits="32" branch="false"/>
        <line number="707" hits="98" branch="true" condition-coverage="100% (2/2)"/>
        <line number="708" hits="17" branch="false"/>
        <line number="711" hits="81" branch="true" condition-coverage="100% (2/2)"/>
        <line number="712" hits="81" branch="false"/>
        <line number="743" hits="36" branch="true" condition-coverage="100% (2/2)"/>
        <line number="744" hits="8" branch="false"/>
        <line number="746" hits="28" branch="true" condition-coverage="100% (2/2)"/>
        <line number="747" hits="4" branch="false"/>
        <line number="750" hits="4" branch="false"/>
        <line number="752" hits="24" branch="true" condition-coverage="100% (2/2)"/>
        <line number="756" hits="2" branch="false"/>
        <line number="762" hits="22" branch="true" condition-coverage="100% (2/2)"/>
        <line number="763" hits="22" branch="false"/>
        <line number="790" hits="29" branch="true" condition-coverage="100% (2/2)"/>
        <line number="791" hits="5" branch="false"/>
        <line number="793" hits="24" branch="true" condition-coverage="100% (2/2)"/>
        <line number="794" hits="17" branch="false"/>
        <line number="795" hits="17" branch="false"/>
        <line number="798" hits="7" branch="true" condition-coverage="100% (2/2)"/>
        <line number="799" hits="3" branch="false"/>
        <line number="802" hits="4" branch="false"/>
        <line number="804" hits="7" branch="false"/>
        <line number="843" hits="45" branch="true" condition-coverage="100% (2/2)"/>
        <line number="844" hits="12" branch="false"/>
        <line number="846" hits="33" branch="true" condition-coverage="100% (2/2)"/>
        <line number="847" hits="15" branch="false"/>
        <line number="848" hits="15" branch="false"/>
        <line number="851" hits="18" branch="false"/>
        <line number="852" hits="14" branch="false"/>
        <line number="882" hits="21" branch="true" condition-coverage="100% (2/2)"/>
        <line number="883" hits="5" branch="false"/>
        <line number="884" hits="5" branch="false"/>
        <line number="886" hits="16" branch="true" condition-coverage="100% (2/2)"/>
        <line number="887" hits="3" branch="false"/>
        <line number="890" hits="15" branch="false"/>
        <line number="891" hits="15" branch="false"/>
        <line number="892" hits="15" branch="false"/>
        <line number="920" hits="27" branch="true" condition-coverage="100% (2/2)"/>
        <line number="921" hits="7" branch="false"/>
        <line number="924" hits="20" branch="false"/>
        <line number="925" hits="20" branch="false"/>
        <line number="949" hits="9" branch="true" condition-coverage="100% (2/2)"/>
        <line number="950" hits="9" branch="false"/>
        <line number="951" hits="9" branch="false"/>
        <line number="979" hits="22" branch="true" condition-coverage="100% (2/2)"/>
        <line number="980" hits="4" branch="false"/>
        <line number="983" hits="18" branch="false"/>
        <line number="984" hits="18" branch="false"/>
        <line number="1006" hits="7" branch="true" condition-coverage="100% (2/2)"/>
        <line number="1007" hits="7" branch="false"/>
        <line number="1008" hits="7" branch="false"/>
        <line number="1036" hits="22" branch="true" condition-coverage="100% (2/2)"/>
        <line number="1037" hits="4" branch="false"/>
        <line number="1040" hits="18" branch="false"/>
        <line number="1041" hits="18" branch="false"/>
        <line number="1063" hits="35" branch="true" condition-coverage="100% (2/2)"/>
        <line number="1064" hits="6" branch="false"/>
        <line number="1066" hits="29" branch="true" condition-coverage="100% (2/2)"/>
        <line number="1067" hits="17" branch="false"/>
        <line number="1068" hits="17" branch="false"/>
        <line number="1071" hits="12" branch="false"/>
        <line number="1072" hits="8" branch="false"/>
        <line number="1096" hits="32" branch="true" condition-coverage="100% (2/2)"/>
        <line number="1097" hits="5" branch="false"/>
        <line number="1099" hits="27" branch="true" condition-coverage="100% (2/2)"/>
        <line number="1100" hits="18" branch="false"/>
        <line number="1101" hits="18" branch="false"/>
        <line number="1104" hits="9" branch="false"/>
        <line number="1105" hits="5" branch="false"/>
        <line number="1127" hits="23" branch="true" condition-coverage="100% (2/2)"/>
        <line number="1128" hits="3" branch="false"/>
        <line number="1130" hits="20" branch="true" condition-coverage="100% (2/2)"/>
        <line number="1131" hits="16" branch="false"/>
        <line number="1132" hits="16" branch="false"/>
        <line number="1135" hits="4" branch="true" condition-coverage="75% (3/4)"/>
        <line number="1136" hits="0" branch="false"/>
        <line number="1139" hits="4" branch="false"/>
        <line number="1140" hits="4" branch="false"/>
        <line number="1156" hits="25" branch="true" condition-coverage="100% (2/2)"/>
        <line number="1157" hits="3" branch="false"/>
        <line number="1160" hits="22" branch="true" condition-coverage="100% (2/2)"/>
        <line number="1161" hits="22" branch="false"/>
        <line number="1180" hits="7" branch="false"/>
        <line number="1181" hits="7" branch="false"/>
        <line number="1209" hits="22" branch="true" condition-coverage="100% (2/2)"/>
        <line number="1210" hits="4" branch="false"/>
        <line number="1213" hits="18" branch="false"/>
        <line number="1214" hits="18" branch="false"/>
        <line number="1241" hits="32" branch="true" condition-coverage="100% (2/2)"/>
        <line number="1242" hits="5" branch="false"/>
        <line number="1244" hits="27" branch="true" condition-coverage="100% (2/2)"/>
        <line number="1245" hits="17" branch="false"/>
        <line number="1246" hits="17" branch="false"/>
        <line number="1249" hits="10" branch="false"/>
        <line number="1250" hits="7" branch="false"/>
        <line number="1266" hits="30" branch="true" condition-coverage="100% (2/2)"/>
        <line number="1267" hits="5" branch="false"/>
        <line number="1269" hits="25" branch="true" condition-coverage="100% (2/2)"/>
        <line number="1270" hits="13" branch="false"/>
        <line number="1271" hits="13" branch="false"/>
        <line number="1274" hits="12" branch="false"/>
        <line number="1275" hits="11" branch="false"/>
        <line number="1291" hits="30" branch="true" condition-coverage="100% (2/2)"/>
        <line number="1292" hits="5" branch="false"/>
        <line number="1294" hits="25" branch="true" condition-coverage="100% (2/2)"/>
        <line number="1295" hits="13" branch="false"/>
        <line number="1296" hits="13" branch="false"/>
        <line number="1299" hits="12" branch="false"/>
        <line number="1300" hits="11" branch="false"/>
        <line number="1321" hits="33" branch="true" condition-coverage="100% (2/2)"/>
        <line number="1322" hits="6" branch="false"/>
        <line number="1324" hits="27" branch="true" condition-coverage="100% (2/2)"/>
        <line number="1325" hits="19" branch="false"/>
        <line number="1326" hits="19" branch="false"/>
        <line number="1329" hits="8" branch="false"/>
        <line number="1330" hits="4" branch="false"/>
        <line number="1379" hits="40" branch="true" condition-coverage="100% (2/2)"/>
        <line number="1380" hits="22" branch="false"/>
        <line number="1383" hits="18" branch="true" condition-coverage="100% (4/4)"/>
        <line number="1384" hits="1" branch="false"/>
        <line number="1386" hits="18" branch="true" condition-coverage="100% (2/2)"/>
        <line number="1387" hits="17" branch="false"/>
        <line number="1390" hits="18" branch="false"/>
        <line number="1410" hits="22" branch="false"/>
        <line number="1411" hits="22" branch="true" condition-coverage="100% (4/4)"/>
        <line number="1412" hits="2" branch="false"/>
        <line number="1414" hits="20" branch="true" condition-coverage="100% (2/2)"/>
        <line number="1415" hits="6" branch="false"/>
        <line number="1417" hits="1" branch="true" condition-coverage="100% (4/4)"/>
        <line number="1421" hits="22" branch="false"/>
        <line number="1443" hits="64" branch="false"/>
        <line number="1445" hits="64" branch="true" condition-coverage="100% (2/2)"/>
        <line number="1446" hits="3" branch="false"/>
        <line number="1450" hits="61" branch="false"/>
        <line number="1451" hits="61" branch="false"/>
        <line number="1454" hits="61" branch="false"/>
        <line number="1456" hits="61" branch="false"/>
        <line number="1457" hits="61" branch="true" condition-coverage="100% (2/2)"/>
        <line number="1458" hits="8" branch="false"/>
        <line number="1459" hits="8" branch="true" condition-coverage="100% (2/2)"/>
        <line number="1460" hits="4" branch="false"/>
        <line number="1463" hits="8" branch="false"/>
        <line number="1464" hits="8" branch="false"/>
        <line number="1467" hits="53" branch="false"/>
        <line number="1468" hits="53" branch="true" condition-coverage="100% (2/2)"/>
        <line number="1469" hits="34" branch="false"/>
        <line number="1474" hits="61" branch="true" condition-coverage="100% (4/4)"/>
        <line number="1475" hits="7" branch="false"/>
        <line number="1479" hits="10" branch="true" condition-coverage="100% (2/2)"/>
        <line number="1482" hits="7" branch="true" condition-coverage="100% (4/4)"/>
        <line number="1483" hits="2" branch="false"/>
        <line number="1486" hits="7" branch="false"/>
        <line number="1488" hits="54" branch="true" condition-coverage="100% (2/2)"/>
        <line number="1489" hits="21" branch="false"/>
        <line number="1491" hits="21" branch="true" condition-coverage="100% (2/2)"/>
        <line number="1492" hits="9" branch="false"/>
        <line number="1495" hits="21" branch="true" condition-coverage="100% (2/2)"/>
        <line number="1496" hits="7" branch="false"/>
        <line number="1499" hits="21" branch="true" condition-coverage="100% (2/2)"/>
        <line number="1500" hits="3" branch="false"/>
        <line number="1503" hits="21" branch="true" condition-coverage="100% (2/2)"/>
        <line number="1504" hits="4" branch="false"/>
        <line number="1507" hits="21" branch="true" condition-coverage="100% (2/2)"/>
        <line number="1508" hits="2" branch="false"/>
        <line number="1511" hits="21" branch="true" condition-coverage="100% (2/2)"/>
        <line number="1512" hits="2" branch="false"/>
        <line number="1515" hits="21" branch="true" condition-coverage="100% (2/2)"/>
        <line number="1516" hits="2" branch="false"/>
        <line number="1519" hits="21" branch="true" condition-coverage="100% (2/2)"/>
        <line number="1520" hits="1" branch="false"/>
        <line number="1523" hits="21" branch="false"/>
        <line number="1526" hits="21" branch="true" condition-coverage="100% (2/2)"/>
        <line number="1527" hits="5" branch="true" condition-coverage="50% (1/2)"/>
        <line number="1528" hits="0" branch="false"/>
        <line number="1529" hits="0" branch="false"/>
        <line number="1533" hits="5" branch="false"/>
        <line number="1534" hits="5" branch="true" condition-coverage="100% (2/2)"/>
        <line number="1535" hits="2" branch="false"/>
        <line number="1538" hits="2" branch="false"/>
        <line number="1542" hits="3" branch="false"/>
        <line number="1543" hits="3" branch="false"/>
        <line number="1551" hits="61" branch="true" condition-coverage="100% (2/2)"/>
        <line number="1552" hits="3" branch="false"/>
        <line number="1556" hits="61" branch="false"/>
        <line number="1559" hits="61" branch="true" condition-coverage="100% (2/2)"/>
        <line number="1560" hits="2" branch="false"/>
        <line number="1564" hits="61" branch="true" condition-coverage="100% (6/6)"/>
        <line number="1565" hits="5" branch="false"/>
        <line number="1571" hits="5" branch="true" condition-coverage="100% (4/4)"/>
        <line number="1572" hits="3" branch="false"/>
        <line number="1580" hits="5" branch="true" condition-coverage="100% (2/2)"/>
        <line number="1581" hits="3" branch="true" condition-coverage="75% (3/4)"/>
        <line number="1587" hits="61" branch="true" condition-coverage="100% (2/2)"/>
        <line number="1588" hits="3" branch="false"/>
        <line number="1591" hits="3" branch="true" condition-coverage="50% (1/2)"/>
        <line number="1592" hits="3" branch="false"/>
        <line number="1597" hits="61" branch="true" condition-coverage="100% (2/2)"/>
        <line number="1598" hits="6" branch="false"/>
        <line number="1600" hits="6" branch="true" condition-coverage="50% (1/2)"/>
        <line number="1601" hits="0" branch="false"/>
        <line number="1603" hits="6" branch="true" condition-coverage="100% (4/4)"/>
        <line number="1604" hits="2" branch="false"/>
        <line number="1606" hits="6" branch="true" condition-coverage="50% (1/2)"/>
        <line number="1607" hits="6" branch="true" condition-coverage="100% (2/2)"/>
        <line number="1609" hits="6" branch="false"/>
        <line number="1613" hits="61" branch="false"/>
        <line number="1614" hits="8" branch="false"/>
        <line number="1618" hits="61" branch="false"/>
        <line number="1619" hits="4" branch="false"/>
        <line number="1623" hits="61" branch="true" condition-coverage="100% (2/2)"/>
        <line number="1624" hits="2" branch="false"/>
        <line number="1625" hits="2" branch="false"/>
        <line number="1630" hits="61" branch="true" condition-coverage="100% (2/2)"/>
        <line number="1631" hits="4" branch="false"/>
        <line number="1635" hits="61" branch="true" condition-coverage="100% (2/2)"/>
        <line number="1636" hits="2" branch="false"/>
        <line number="1637" hits="2" branch="false"/>
        <line number="1642" hits="61" branch="true" condition-coverage="100% (2/2)"/>
        <line number="1643" hits="4" branch="false"/>
        <line number="1647" hits="61" branch="true" condition-coverage="50% (1/2)"/>
        <line number="1648" hits="0" branch="false"/>
        <line number="1652" hits="61" branch="true" condition-coverage="100% (2/2)"/>
        <line number="1653" hits="1" branch="false"/>
        <line number="1657" hits="61" branch="false"/>
        <line number="1660" hits="61" branch="true" condition-coverage="100% (2/2)"/>
        <line number="1661" hits="4" branch="false"/>
        <line number="1665" hits="61" branch="true" condition-coverage="100% (2/2)"/>
        <line number="1666" hits="4" branch="false"/>
        <line number="1669" hits="61" branch="true" condition-coverage="50% (1/2)"/>
        <line number="1670" hits="0" branch="false"/>
        <line number="1673" hits="61" branch="false"/>
        <line number="1674" hits="61" branch="false"/>
      </lines>
    </class>
    <class name="index.ts" filename="src/index.ts" line-rate="1" branch-rate="1">
      <methods>
        <method name="ical" hits="32" signature="()V">
          <lines>
            <line number="43" hits="32"/>
          </lines>
        </method>
        <method name="(anonymous_2)" hits="1" signature="()V">
          <lines>
            <line number="50" hits="1"/>
          </lines>
        </method>
        <method name="(anonymous_3)" hits="1" signature="()V">
          <lines>
            <line number="52" hits="1"/>
          </lines>
        </method>
        <method name="(anonymous_4)" hits="1" signature="()V">
          <lines>
            <line number="59" hits="1"/>
          </lines>
        </method>
        <method name="(anonymous_5)" hits="1" signature="()V">
          <lines>
            <line number="61" hits="1"/>
          </lines>
        </method>
        <method name="(anonymous_6)" hits="1" signature="()V">
          <lines>
            <line number="62" hits="1"/>
          </lines>
        </method>
        <method name="(anonymous_7)" hits="1" signature="()V">
          <lines>
            <line number="63" hits="1"/>
          </lines>
        </method>
        <method name="(anonymous_8)" hits="1" signature="()V">
          <lines>
            <line number="68" hits="1"/>
          </lines>
        </method>
        <method name="(anonymous_9)" hits="1" signature="()V">
          <lines>
            <line number="71" hits="1"/>
          </lines>
        </method>
        <method name="(anonymous_10)" hits="1" signature="()V">
          <lines>
            <line number="76" hits="1"/>
          </lines>
        </method>
        <method name="(anonymous_11)" hits="1" signature="()V">
          <lines>
            <line number="81" hits="1"/>
          </lines>
        </method>
        <method name="(anonymous_12)" hits="1" signature="()V">
          <lines>
            <line number="82" hits="1"/>
          </lines>
        </method>
        <method name="(anonymous_13)" hits="1" signature="()V">
          <lines>
            <line number="83" hits="1"/>
          </lines>
        </method>
        <method name="(anonymous_14)" hits="1" signature="()V">
          <lines>
            <line number="84" hits="1"/>
          </lines>
        </method>
        <method name="(anonymous_15)" hits="1" signature="()V">
          <lines>
            <line number="87" hits="1"/>
          </lines>
        </method>
        <method name="(anonymous_16)" hits="1" signature="()V">
          <lines>
            <line number="97" hits="1"/>
          </lines>
        </method>
        <method name="(anonymous_17)" hits="1" signature="()V">
          <lines>
            <line number="98" hits="1"/>
          </lines>
        </method>
        <method name="(anonymous_18)" hits="1" signature="()V">
          <lines>
            <line number="109" hits="1"/>
          </lines>
        </method>
        <method name="(anonymous_19)" hits="1" signature="()V">
          <lines>
            <line number="110" hits="1"/>
          </lines>
        </method>
        <method name="(anonymous_20)" hits="1" signature="()V">
          <lines>
            <line number="111" hits="1"/>
          </lines>
        </method>
        <method name="(anonymous_21)" hits="1" signature="()V">
          <lines>
            <line number="112" hits="1"/>
          </lines>
        </method>
      </methods>
      <lines>
        <line number="7" hits="1" branch="false"/>
        <line number="44" hits="32" branch="false"/>
        <line number="47" hits="1" branch="false"/>
        <line number="49" hits="1" branch="false"/>
        <line number="50" hits="2" branch="false"/>
        <line number="52" hits="2" branch="false"/>
        <line number="58" hits="1" branch="false"/>
        <line number="59" hits="2" branch="false"/>
        <line number="61" hits="2" branch="false"/>
        <line number="62" hits="2" branch="false"/>
        <line number="63" hits="2" branch="false"/>
        <line number="67" hits="1" branch="false"/>
        <line number="68" hits="2" branch="false"/>
        <line number="71" hits="2" branch="false"/>
        <line number="75" hits="1" branch="false"/>
        <line number="76" hits="2" branch="false"/>
        <line number="80" hits="1" branch="false"/>
        <line number="81" hits="2" branch="false"/>
        <line number="82" hits="2" branch="false"/>
        <line number="83" hits="2" branch="false"/>
        <line number="84" hits="2" branch="false"/>
        <line number="87" hits="2" branch="false"/>
        <line number="90" hits="1" branch="false"/>
        <line number="97" hits="2" branch="false"/>
        <line number="98" hits="2" branch="false"/>
        <line number="108" hits="1" branch="false"/>
        <line number="109" hits="2" branch="false"/>
        <line number="110" hits="2" branch="false"/>
        <line number="111" hits="2" branch="false"/>
        <line number="112" hits="2" branch="false"/>
        <line number="116" hits="1" branch="true" condition-coverage="100% (1/1)"/>
        <line number="117" hits="1" branch="false"/>
      </lines>
    </class>
    <class name="tools.ts" filename="src/tools.ts" line-rate="0.975" branch-rate="0.9688">
      <methods>
        <method name="formatDate" hits="207" signature="()V">
          <lines>
            <line number="14" hits="207"/>
          </lines>
        </method>
        <method name="formatDateTZ" hits="93" signature="()V">
          <lines>
            <line number="99" hits="93"/>
          </lines>
        </method>
        <method name="escape" hits="171" signature="()V">
          <lines>
            <line number="117" hits="171"/>
          </lines>
        </method>
        <method name="(anonymous_3)" hits="40" signature="()V">
          <lines>
            <line number="118" hits="40"/>
          </lines>
        </method>
        <method name="foldLines" hits="59" signature="()V">
          <lines>
            <line number="126" hits="59"/>
          </lines>
        </method>
        <method name="(anonymous_5)" hits="915" signature="()V">
          <lines>
            <line number="127" hits="915"/>
          </lines>
        </method>
        <method name="addOrGetCustomAttributes" hits="102" signature="()V">
          <lines>
            <line number="155" hits="102"/>
          </lines>
        </method>
        <method name="(anonymous_7)" hits="7" signature="()V">
          <lines>
            <line number="157" hits="7"/>
          </lines>
        </method>
        <method name="(anonymous_8)" hits="5" signature="()V">
          <lines>
            <line number="172" hits="5"/>
          </lines>
        </method>
        <method name="(anonymous_9)" hits="12" signature="()V">
          <lines>
            <line number="191" hits="12"/>
          </lines>
        </method>
        <method name="generateCustomAttributes" hits="136" signature="()V">
          <lines>
            <line number="198" hits="136"/>
          </lines>
        </method>
        <method name="(anonymous_11)" hits="1" signature="()V">
          <lines>
            <line number="200" hits="1"/>
          </lines>
        </method>
        <method name="checkNameAndMail" hits="27" signature="()V">
          <lines>
            <line number="212" hits="27"/>
          </lines>
        </method>
        <method name="checkEnum" hits="166" signature="()V">
          <lines>
            <line number="263" hits="166"/>
          </lines>
        </method>
        <method name="checkDate" hits="308" signature="()V">
          <lines>
            <line number="278" hits="308"/>
          </lines>
        </method>
        <method name="toDate" hits="110" signature="()V">
          <lines>
            <line number="304" hits="110"/>
          </lines>
        </method>
        <method name="isMoment" hits="196" signature="()V">
          <lines>
            <line number="317" hits="196"/>
          </lines>
        </method>
        <method name="isMomentTZ" hits="18" signature="()V">
          <lines>
            <line number="322" hits="18"/>
          </lines>
        </method>
        <method name="isDayjs" hits="24" signature="()V">
          <lines>
            <line number="325" hits="24"/>
          </lines>
        </method>
        <method name="isLuxonDate" hits="190" signature="()V">
          <lines>
            <line number="332" hits="190"/>
          </lines>
        </method>
        <method name="isMomentDuration" hits="17" signature="()V">
          <lines>
            <line number="336" hits="17"/>
          </lines>
        </method>
        <method name="isRRule" hits="164" signature="()V">
          <lines>
            <line number="342" hits="164"/>
          </lines>
        </method>
        <method name="toJSON" hits="140" signature="()V">
          <lines>
            <line number="348" hits="140"/>
          </lines>
        </method>
        <method name="toDurationString" hits="25" signature="()V">
          <lines>
            <line number="359" hits="25"/>
          </lines>
        </method>
      </methods>
      <lines>
        <line number="14" hits="1" branch="false"/>
        <line number="15" hits="207" branch="true" condition-coverage="83.33333333333334% (5/6)"/>
        <line number="16" hits="0" branch="false"/>
        <line number="19" hits="207" branch="true" condition-coverage="100% (4/4)"/>
        <line number="20" hits="163" branch="false"/>
        <line number="23" hits="163" branch="false"/>
        <line number="28" hits="163" branch="true" condition-coverage="100% (2/2)"/>
        <line number="29" hits="23" branch="false"/>
        <line number="34" hits="163" branch="true" condition-coverage="100% (2/2)"/>
        <line number="35" hits="10" branch="false"/>
        <line number="38" hits="153" branch="true" condition-coverage="100% (2/2)"/>
        <line number="39" hits="21" branch="false"/>
        <line number="43" hits="21" branch="false"/>
        <line number="46" hits="132" branch="false"/>
        <line number="51" hits="132" branch="false"/>
        <line number="53" hits="44" branch="true" condition-coverage="100% (2/2)"/>
        <line number="55" hits="36" branch="true" condition-coverage="87.5% (7/8)"/>
        <line number="56" hits="36" branch="false"/>
        <line number="60" hits="8" branch="true" condition-coverage="100% (2/2)"/>
        <line number="61" hits="4" branch="true" condition-coverage="100% (4/4)"/>
        <line number="62" hits="4" branch="false"/>
        <line number="69" hits="4" branch="false"/>
        <line number="70" hits="4" branch="true" condition-coverage="100% (2/2)"/>
        <line number="73" hits="1" branch="true" condition-coverage="50% (1/2)"/>
        <line number="75" hits="3" branch="true" condition-coverage="100% (2/2)"/>
        <line number="80" hits="2" branch="true" condition-coverage="50% (1/2)"/>
        <line number="82" hits="2" branch="false"/>
        <line number="85" hits="0" branch="false"/>
        <line number="88" hits="4" branch="false"/>
        <line number="99" hits="1" branch="false"/>
        <line number="100" hits="93" branch="false"/>
        <line number="101" hits="93" branch="true" condition-coverage="100% (6/6)"/>
        <line number="103" hits="93" branch="true" condition-coverage="100% (6/6)"/>
        <line number="104" hits="19" branch="false"/>
        <line number="108" hits="19" branch="false"/>
        <line number="111" hits="93" branch="false"/>
        <line number="117" hits="1" branch="false"/>
        <line number="118" hits="171" branch="true" condition-coverage="100% (2/2)"/>
        <line number="119" hits="40" branch="false"/>
        <line number="126" hits="1" branch="false"/>
        <line number="127" hits="59" branch="false"/>
        <line number="128" hits="915" branch="false"/>
        <line number="129" hits="915" branch="false"/>
        <line number="130" hits="915" branch="false"/>
        <line number="131" hits="21124" branch="false"/>
        <line number="134" hits="21124" branch="true" condition-coverage="100% (4/4)"/>
        <line number="135" hits="2" branch="false"/>
        <line number="139" hits="21124" branch="false"/>
        <line number="140" hits="21124" branch="false"/>
        <line number="141" hits="21124" branch="true" condition-coverage="100% (2/2)"/>
        <line number="142" hits="27" branch="false"/>
        <line number="143" hits="27" branch="false"/>
        <line number="146" hits="21124" branch="false"/>
        <line number="148" hits="915" branch="false"/>
        <line number="155" hits="1" branch="false"/>
        <line number="156" hits="102" branch="true" condition-coverage="100% (2/2)"/>
        <line number="157" hits="36" branch="false"/>
        <line number="158" hits="7" branch="true" condition-coverage="50% (1/2)"/>
        <line number="159" hits="0" branch="false"/>
        <line number="161" hits="7" branch="true" condition-coverage="100% (4/4)"/>
        <line number="162" hits="2" branch="false"/>
        <line number="164" hits="5" branch="true" condition-coverage="100% (2/2)"/>
        <line number="165" hits="1" branch="false"/>
        <line number="168" hits="4" branch="false"/>
        <line number="171" hits="66" branch="true" condition-coverage="100% (2/2)"/>
        <line number="172" hits="6" branch="false"/>
        <line number="173" hits="5" branch="true" condition-coverage="100% (4/4)"/>
        <line number="174" hits="1" branch="false"/>
        <line number="176" hits="4" branch="true" condition-coverage="100% (2/2)"/>
        <line number="177" hits="2" branch="false"/>
        <line number="180" hits="2" branch="false"/>
        <line number="183" hits="60" branch="true" condition-coverage="100% (4/4)"/>
        <line number="184" hits="9" branch="true" condition-coverage="100% (2/2)"/>
        <line number="185" hits="1" branch="false"/>
        <line number="188" hits="8" branch="false"/>
        <line number="191" hits="51" branch="false"/>
        <line number="198" hits="1" branch="false"/>
        <line number="199" hits="136" branch="false"/>
        <line number="200" hits="1" branch="false"/>
        <line number="202" hits="136" branch="true" condition-coverage="100% (2/2)"/>
        <line number="212" hits="1" branch="false"/>
        <line number="213" hits="27" branch="false"/>
        <line number="215" hits="27" branch="true" condition-coverage="100% (2/2)"/>
        <line number="216" hits="14" branch="false"/>
        <line number="217" hits="14" branch="true" condition-coverage="100% (2/2)"/>
        <line number="218" hits="6" branch="false"/>
        <line number="223" hits="8" branch="true" condition-coverage="100% (2/2)"/>
        <line number="224" hits="6" branch="false"/>
        <line number="230" hits="13" branch="true" condition-coverage="100% (2/2)"/>
        <line number="231" hits="11" branch="false"/>
        <line number="239" hits="27" branch="true" condition-coverage="100% (4/4)"/>
        <line number="240" hits="2" branch="false"/>
        <line number="245" hits="25" branch="true" condition-coverage="100% (2/2)"/>
        <line number="246" hits="2" branch="false"/>
        <line number="252" hits="23" branch="true" condition-coverage="100% (2/2)"/>
        <line number="253" hits="1" branch="false"/>
        <line number="256" hits="22" branch="false"/>
        <line number="263" hits="1" branch="false"/>
        <line number="264" hits="166" branch="false"/>
        <line number="265" hits="166" branch="false"/>
        <line number="267" hits="166" branch="true" condition-coverage="100% (4/4)"/>
        <line number="268" hits="26" branch="false"/>
        <line number="271" hits="140" branch="false"/>
        <line number="278" hits="1" branch="false"/>
        <line number="281" hits="308" branch="true" condition-coverage="100% (2/2)"/>
        <line number="285" hits="15" branch="false"/>
        <line number="287" hits="293" branch="true" condition-coverage="100% (4/4)"/>
        <line number="288" hits="161" branch="false"/>
        <line number="292" hits="132" branch="true" condition-coverage="100% (4/4)"/>
        <line number="293" hits="1" branch="false"/>
        <line number="297" hits="131" branch="true" condition-coverage="100% (5/5)"/>
        <line number="298" hits="107" branch="false"/>
        <line number="301" hits="24" branch="false"/>
        <line number="304" hits="1" branch="false"/>
        <line number="305" hits="110" branch="true" condition-coverage="100% (4/4)"/>
        <line number="306" hits="63" branch="false"/>
        <line number="310" hits="47" branch="true" condition-coverage="100% (2/2)"/>
        <line number="311" hits="1" branch="false"/>
        <line number="314" hits="46" branch="false"/>
        <line number="317" hits="1" branch="false"/>
        <line number="320" hits="196" branch="true" condition-coverage="100% (2/2)"/>
        <line number="322" hits="1" branch="false"/>
        <line number="323" hits="18" branch="true" condition-coverage="100% (3/3)"/>
        <line number="325" hits="1" branch="false"/>
        <line number="326" hits="24" branch="true" condition-coverage="100% (5/5)"/>
        <line number="332" hits="1" branch="false"/>
        <line number="333" hits="190" branch="true" condition-coverage="100% (4/4)"/>
        <line number="336" hits="1" branch="false"/>
        <line number="339" hits="17" branch="true" condition-coverage="100% (3/3)"/>
        <line number="342" hits="1" branch="false"/>
        <line number="345" hits="164" branch="true" condition-coverage="100% (4/4)"/>
        <line number="348" hits="1" branch="false"/>
        <line number="349" hits="140" branch="true" condition-coverage="100% (2/2)"/>
        <line number="350" hits="74" branch="false"/>
        <line number="352" hits="66" branch="true" condition-coverage="100% (2/2)"/>
        <line number="353" hits="6" branch="false"/>
        <line number="356" hits="60" branch="false"/>
        <line number="359" hits="1" branch="false"/>
        <line number="360" hits="25" branch="false"/>
        <line number="363" hits="25" branch="true" condition-coverage="100% (2/2)"/>
        <line number="364" hits="16" branch="false"/>
        <line number="365" hits="16" branch="false"/>
        <line number="368" hits="25" branch="false"/>
        <line number="371" hits="25" branch="true" condition-coverage="100% (2/2)"/>
        <line number="372" hits="4" branch="false"/>
        <line number="373" hits="4" branch="false"/>
        <line number="375" hits="25" branch="true" condition-coverage="100% (4/4)"/>
        <line number="376" hits="4" branch="false"/>
        <line number="379" hits="21" branch="false"/>
        <line number="382" hits="21" branch="true" condition-coverage="100% (2/2)"/>
        <line number="383" hits="2" branch="false"/>
        <line number="384" hits="2" branch="false"/>
        <line number="388" hits="21" branch="true" condition-coverage="100% (2/2)"/>
        <line number="389" hits="19" branch="false"/>
        <line number="390" hits="19" branch="false"/>
        <line number="394" hits="21" branch="true" condition-coverage="100% (2/2)"/>
        <line number="395" hits="1" branch="false"/>
        <line number="397" hits="20" branch="true" condition-coverage="50% (1/2)"/>
        <line number="398" hits="0" branch="false"/>
        <line number="401" hits="21" branch="false"/>
      </lines>
    </class>
    <class name="types.ts" filename="src/types.ts" line-rate="1" branch-rate="1">
      <methods>
        <method name="(anonymous_0)" hits="1" signature="()V">
          <lines>
            <line number="93" hits="1"/>
          </lines>
        </method>
        <method name="(anonymous_1)" hits="1" signature="()V">
          <lines>
            <line number="103" hits="1"/>
          </lines>
        </method>
      </methods>
      <lines>
        <line number="93" hits="1" branch="true" condition-coverage="100% (2/2)"/>
        <line number="94" hits="1" branch="false"/>
        <line number="95" hits="1" branch="false"/>
        <line number="96" hits="1" branch="false"/>
        <line number="97" hits="1" branch="false"/>
        <line number="98" hits="1" branch="false"/>
        <line number="99" hits="1" branch="false"/>
        <line number="100" hits="1" branch="false"/>
        <line number="103" hits="1" branch="true" condition-coverage="100% (2/2)"/>
        <line number="104" hits="1" branch="false"/>
        <line number="105" hits="1" branch="false"/>
        <line number="106" hits="1" branch="false"/>
        <line number="107" hits="1" branch="false"/>
        <line number="108" hits="1" branch="false"/>
        <line number="109" hits="1" branch="false"/>
        <line number="110" hits="1" branch="false"/>
      </lines>
    </class>
  </packages>
</coverage>
